[2024-09-29T03:37:51.642+0000] {local_task_job_runner.py:123} INFO - ::group::Pre task execution logs
[2024-09-29T03:37:51.672+0000] {taskinstance.py:2612} INFO - Dependencies all met for dep_context=non-requeueable deps ti=<TaskInstance: dag_with_postgres_operator_v04.create_postgres_table scheduled__2024-09-25T00:00:00+00:00 [queued]>
[2024-09-29T03:37:51.683+0000] {taskinstance.py:2612} INFO - Dependencies all met for dep_context=requeueable deps ti=<TaskInstance: dag_with_postgres_operator_v04.create_postgres_table scheduled__2024-09-25T00:00:00+00:00 [queued]>
[2024-09-29T03:37:51.687+0000] {taskinstance.py:2865} INFO - Starting attempt 1 of 6
[2024-09-29T03:37:51.704+0000] {taskinstance.py:2888} INFO - Executing <Task(PostgresOperator): create_postgres_table> on 2024-09-25 00:00:00+00:00
[2024-09-29T03:37:51.725+0000] {logging_mixin.py:190} WARNING - /home/***/.local/lib/python3.12/site-packages/***/task/task_runner/standard_task_runner.py:70 DeprecationWarning: This process (pid=20279) is multi-threaded, use of fork() may lead to deadlocks in the child.
[2024-09-29T03:37:51.730+0000] {standard_task_runner.py:72} INFO - Started process 20293 to run task
[2024-09-29T03:37:51.741+0000] {standard_task_runner.py:104} INFO - Running: ['***', 'tasks', 'run', 'dag_with_postgres_operator_v04', 'create_postgres_table', 'scheduled__2024-09-25T00:00:00+00:00', '--job-id', '533', '--raw', '--subdir', 'DAGS_FOLDER/dag_with_postgres_operator.py', '--cfg-path', '/tmp/tmpvz1gcz3y']
[2024-09-29T03:37:51.759+0000] {standard_task_runner.py:105} INFO - Job 533: Subtask create_postgres_table
[2024-09-29T03:37:51.885+0000] {task_command.py:467} INFO - Running <TaskInstance: dag_with_postgres_operator_v04.create_postgres_table scheduled__2024-09-25T00:00:00+00:00 [running]> on host f9a59cccd6d1
[2024-09-29T03:37:52.139+0000] {taskinstance.py:3131} INFO - Exporting env vars: AIRFLOW_CTX_DAG_OWNER='admin' AIRFLOW_CTX_DAG_ID='dag_with_postgres_operator_v04' AIRFLOW_CTX_TASK_ID='create_postgres_table' AIRFLOW_CTX_EXECUTION_DATE='2024-09-25T00:00:00+00:00' AIRFLOW_CTX_TRY_NUMBER='1' AIRFLOW_CTX_DAG_RUN_ID='scheduled__2024-09-25T00:00:00+00:00'
[2024-09-29T03:37:52.141+0000] {taskinstance.py:731} INFO - ::endgroup::
[2024-09-29T03:37:52.180+0000] {sql.py:266} INFO - Executing: 
            create table if not exists dag_runs (
                ds date,
                dag_id character varying,
                primary key (ds,dag_id)
                )
            
[2024-09-29T03:37:52.198+0000] {base.py:84} INFO - Retrieving connection 'postgres_localhost'
[2024-09-29T03:37:52.213+0000] {base.py:84} INFO - Retrieving connection 'postgres_localhost'
[2024-09-29T03:37:52.227+0000] {sql.py:509} INFO - Running statement: 
            create table if not exists dag_runs (
                ds date,
                dag_id character varying,
                primary key (ds,dag_id)
                )
            , parameters: None
[2024-09-29T03:37:52.247+0000] {taskinstance.py:340} INFO - ::group::Post task execution logs
[2024-09-29T03:37:52.249+0000] {taskinstance.py:352} INFO - Marking task as SUCCESS. dag_id=dag_with_postgres_operator_v04, task_id=create_postgres_table, run_id=scheduled__2024-09-25T00:00:00+00:00, execution_date=20240925T000000, start_date=20240929T033751, end_date=20240929T033752
[2024-09-29T03:37:52.292+0000] {local_task_job_runner.py:266} INFO - Task exited with return code 0
[2024-09-29T03:37:52.322+0000] {logging_mixin.py:190} WARNING - /home/***/.local/lib/python3.12/site-packages/***/models/baseoperator.py:1378 AirflowProviderDeprecationWarning: Call to deprecated class PostgresOperator. (Please use `***.providers.common.sql.operators.sql.SQLExecuteQueryOperator`.Also, you can provide `hook_params={'schema': <database>}`.)
[2024-09-29T03:37:52.376+0000] {taskinstance.py:3900} INFO - 1 downstream tasks scheduled from follow-on schedule check
[2024-09-29T03:37:52.382+0000] {local_task_job_runner.py:245} INFO - ::endgroup::
