[2024-10-03T05:55:15.807+0000] {local_task_job_runner.py:123} INFO - ::group::Pre task execution logs
[2024-10-03T05:55:37.398+0000] {taskinstance.py:2612} INFO - Dependencies all met for dep_context=non-requeueable deps ti=<TaskInstance: dag_with_catchup_backflip_v01.task1 scheduled__2024-09-30T00:00:00+00:00 [queued]>
[2024-10-03T05:55:43.391+0000] {taskinstance.py:2612} INFO - Dependencies all met for dep_context=requeueable deps ti=<TaskInstance: dag_with_catchup_backflip_v01.task1 scheduled__2024-09-30T00:00:00+00:00 [queued]>
[2024-10-03T05:55:43.709+0000] {taskinstance.py:2865} INFO - Starting attempt 1 of 6
[2024-10-03T05:55:44.132+0000] {taskinstance.py:2888} INFO - Executing <Task(BashOperator): task1> on 2024-09-30 00:00:00+00:00
[2024-10-03T05:55:44.188+0000] {standard_task_runner.py:104} INFO - Running: ['***', 'tasks', 'run', 'dag_with_catchup_backflip_v01', 'task1', 'scheduled__2024-09-30T00:00:00+00:00', '--job-id', '1275', '--raw', '--subdir', 'DAGS_FOLDER/dag_with_catchup_and_backflip.py', '--cfg-path', '/tmp/tmp96r342wd']
[2024-10-03T05:55:44.232+0000] {standard_task_runner.py:105} INFO - Job 1275: Subtask task1
[2024-10-03T05:55:44.226+0000] {logging_mixin.py:190} WARNING - /home/***/.local/lib/python3.12/site-packages/***/task/task_runner/standard_task_runner.py:70 DeprecationWarning: This process (pid=270) is multi-threaded, use of fork() may lead to deadlocks in the child.
[2024-10-03T05:55:44.235+0000] {standard_task_runner.py:72} INFO - Started process 318 to run task
[2024-10-03T05:55:44.572+0000] {logging_mixin.py:190} WARNING - /home/***/.local/lib/python3.12/site-packages/***/settings.py:209 DeprecationWarning: The sql_alchemy_conn option in [core] has been moved to the sql_alchemy_conn option in [database] - the old setting has been used, but please update your config.
[2024-10-03T05:55:44.999+0000] {task_command.py:467} INFO - Running <TaskInstance: dag_with_catchup_backflip_v01.task1 scheduled__2024-09-30T00:00:00+00:00 [running]> on host 6851fee35b72
[2024-10-03T05:55:45.021+0000] {logging_mixin.py:190} WARNING - /home/***/.local/lib/python3.12/site-packages/***/settings.py:470 DeprecationWarning: The sql_alchemy_conn option in [core] has been moved to the sql_alchemy_conn option in [database] - the old setting has been used, but please update your config.
[2024-10-03T05:56:06.250+0000] {job.py:229} INFO - Heartbeat recovered after 52.58 seconds
[2024-10-03T05:56:07.090+0000] {taskinstance.py:3131} INFO - Exporting env vars: AIRFLOW_CTX_DAG_OWNER='admin' AIRFLOW_CTX_DAG_ID='dag_with_catchup_backflip_v01' AIRFLOW_CTX_TASK_ID='task1' AIRFLOW_CTX_EXECUTION_DATE='2024-09-30T00:00:00+00:00' AIRFLOW_CTX_TRY_NUMBER='1' AIRFLOW_CTX_DAG_RUN_ID='scheduled__2024-09-30T00:00:00+00:00'
[2024-10-03T05:56:07.108+0000] {taskinstance.py:731} INFO - ::endgroup::
[2024-10-03T05:56:07.296+0000] {subprocess.py:63} INFO - Tmp dir root location: /tmp
[2024-10-03T05:56:07.303+0000] {subprocess.py:75} INFO - Running command: ['/usr/bin/bash', '-c', 'echo This is a simple bash command']
[2024-10-03T05:56:07.687+0000] {subprocess.py:86} INFO - Output:
[2024-10-03T05:56:07.807+0000] {subprocess.py:93} INFO - This is a simple bash command
[2024-10-03T05:56:07.858+0000] {subprocess.py:97} INFO - Command exited with return code 0
[2024-10-03T05:56:08.574+0000] {taskinstance.py:340} INFO - ::group::Post task execution logs
[2024-10-03T05:56:08.590+0000] {taskinstance.py:352} INFO - Marking task as SUCCESS. dag_id=dag_with_catchup_backflip_v01, task_id=task1, run_id=scheduled__2024-09-30T00:00:00+00:00, execution_date=20240930T000000, start_date=20241003T055538, end_date=20241003T055608
[2024-10-03T05:56:09.004+0000] {local_task_job_runner.py:266} INFO - Task exited with return code 0
[2024-10-03T05:56:09.834+0000] {taskinstance.py:3900} INFO - 0 downstream tasks scheduled from follow-on schedule check
[2024-10-03T05:56:09.862+0000] {local_task_job_runner.py:245} INFO - ::endgroup::
[2024-10-03T05:56:09.907+0000] {standard_task_runner.py:217} INFO - Process not found (most likely exited), stop collecting metrics
