[2024-09-29T11:06:21.787+0000] {local_task_job_runner.py:123} INFO - ::group::Pre task execution logs
[2024-09-29T11:06:21.849+0000] {taskinstance.py:2612} INFO - Dependencies all met for dep_context=non-requeueable deps ti=<TaskInstance: dag_with_minio_s3_v01.sensor_minio_s3 scheduled__2024-09-28T00:00:00+00:00 [queued]>
[2024-09-29T11:06:21.881+0000] {taskinstance.py:2612} INFO - Dependencies all met for dep_context=requeueable deps ti=<TaskInstance: dag_with_minio_s3_v01.sensor_minio_s3 scheduled__2024-09-28T00:00:00+00:00 [queued]>
[2024-09-29T11:06:21.888+0000] {taskinstance.py:2865} INFO - Starting attempt 1 of 6
[2024-09-29T11:06:21.937+0000] {taskinstance.py:2888} INFO - Executing <Task(S3KeySensor): sensor_minio_s3> on 2024-09-28 00:00:00+00:00
[2024-09-29T11:06:21.958+0000] {logging_mixin.py:190} WARNING - /home/***/.local/lib/python3.12/site-packages/***/task/task_runner/standard_task_runner.py:70 DeprecationWarning: This process (pid=26721) is multi-threaded, use of fork() may lead to deadlocks in the child.
[2024-09-29T11:06:21.961+0000] {standard_task_runner.py:72} INFO - Started process 26746 to run task
[2024-09-29T11:06:21.966+0000] {standard_task_runner.py:104} INFO - Running: ['***', 'tasks', 'run', 'dag_with_minio_s3_v01', 'sensor_minio_s3', 'scheduled__2024-09-28T00:00:00+00:00', '--job-id', '739', '--raw', '--subdir', 'DAGS_FOLDER/dag_with_minio_s3.py', '--cfg-path', '/tmp/tmplwijytla']
[2024-09-29T11:06:21.974+0000] {standard_task_runner.py:105} INFO - Job 739: Subtask sensor_minio_s3
[2024-09-29T11:06:22.010+0000] {logging_mixin.py:190} WARNING - /home/***/.local/lib/python3.12/site-packages/***/settings.py:209 DeprecationWarning: The sql_alchemy_conn option in [core] has been moved to the sql_alchemy_conn option in [database] - the old setting has been used, but please update your config.
[2024-09-29T11:06:22.150+0000] {task_command.py:467} INFO - Running <TaskInstance: dag_with_minio_s3_v01.sensor_minio_s3 scheduled__2024-09-28T00:00:00+00:00 [running]> on host 6851fee35b72
[2024-09-29T11:06:22.153+0000] {logging_mixin.py:190} WARNING - /home/***/.local/lib/python3.12/site-packages/***/settings.py:470 DeprecationWarning: The sql_alchemy_conn option in [core] has been moved to the sql_alchemy_conn option in [database] - the old setting has been used, but please update your config.
[2024-09-29T11:06:23.025+0000] {taskinstance.py:3131} INFO - Exporting env vars: AIRFLOW_CTX_DAG_OWNER='admin' AIRFLOW_CTX_DAG_ID='dag_with_minio_s3_v01' AIRFLOW_CTX_TASK_ID='sensor_minio_s3' AIRFLOW_CTX_EXECUTION_DATE='2024-09-28T00:00:00+00:00' AIRFLOW_CTX_TRY_NUMBER='1' AIRFLOW_CTX_DAG_RUN_ID='scheduled__2024-09-28T00:00:00+00:00'
[2024-09-29T11:06:23.030+0000] {taskinstance.py:731} INFO - ::endgroup::
[2024-09-29T11:06:23.061+0000] {baseoperator.py:405} WARNING - S3KeySensor.execute cannot be called outside TaskInstance!
[2024-09-29T11:06:23.062+0000] {s3.py:118} INFO - Poking for key : s3://***/data.csv
[2024-09-29T11:06:23.109+0000] {base.py:84} INFO - Retrieving connection 'minio_conn'
[2024-09-29T11:06:23.115+0000] {connection_wrapper.py:391} INFO - AWS Connection (conn_id='minio_conn', conn_type='aws') credentials retrieved from extra.
[2024-09-29T11:06:23.118+0000] {logging_mixin.py:190} WARNING - <string>:9 AirflowProviderDeprecationWarning: extra['host'] is deprecated and will be removed in a future release. Please set extra['endpoint_url'] instead
[2024-09-29T11:06:23.454+0000] {base.py:336} INFO - Success criteria met. Exiting.
[2024-09-29T11:06:23.460+0000] {taskinstance.py:340} INFO - ::group::Post task execution logs
[2024-09-29T11:06:23.460+0000] {taskinstance.py:352} INFO - Marking task as SUCCESS. dag_id=dag_with_minio_s3_v01, task_id=sensor_minio_s3, run_id=scheduled__2024-09-28T00:00:00+00:00, execution_date=20240928T000000, start_date=20240929T110621, end_date=20240929T110623
[2024-09-29T11:06:23.480+0000] {local_task_job_runner.py:266} INFO - Task exited with return code 0
[2024-09-29T11:06:23.510+0000] {taskinstance.py:3900} INFO - 0 downstream tasks scheduled from follow-on schedule check
[2024-09-29T11:06:23.511+0000] {local_task_job_runner.py:245} INFO - ::endgroup::
