[2024-10-03T05:55:44.699+0000] {local_task_job_runner.py:123} INFO - ::group::Pre task execution logs
[2024-10-03T05:55:45.331+0000] {taskinstance.py:2612} INFO - Dependencies all met for dep_context=non-requeueable deps ti=<TaskInstance: dag_with_postgres_operator_v04.create_postgres_table scheduled__2024-10-02T00:00:00+00:00 [queued]>
[2024-10-03T05:55:51.060+0000] {taskinstance.py:2612} INFO - Dependencies all met for dep_context=requeueable deps ti=<TaskInstance: dag_with_postgres_operator_v04.create_postgres_table scheduled__2024-10-02T00:00:00+00:00 [queued]>
[2024-10-03T05:55:51.370+0000] {taskinstance.py:2865} INFO - Starting attempt 1 of 6
[2024-10-03T05:56:08.224+0000] {taskinstance.py:2888} INFO - Executing <Task(PostgresOperator): create_postgres_table> on 2024-10-02 00:00:00+00:00
[2024-10-03T05:56:08.454+0000] {logging_mixin.py:190} WARNING - /home/***/.local/lib/python3.12/site-packages/***/task/task_runner/standard_task_runner.py:70 DeprecationWarning: This process (pid=273) is multi-threaded, use of fork() may lead to deadlocks in the child.
[2024-10-03T05:56:08.458+0000] {standard_task_runner.py:72} INFO - Started process 339 to run task
[2024-10-03T05:56:08.432+0000] {standard_task_runner.py:104} INFO - Running: ['***', 'tasks', 'run', 'dag_with_postgres_operator_v04', 'create_postgres_table', 'scheduled__2024-10-02T00:00:00+00:00', '--job-id', '1279', '--raw', '--subdir', 'DAGS_FOLDER/dag_with_postgres_operator.py', '--cfg-path', '/tmp/tmpr8zz3cwl']
[2024-10-03T05:56:08.469+0000] {standard_task_runner.py:105} INFO - Job 1279: Subtask create_postgres_table
[2024-10-03T05:56:08.910+0000] {logging_mixin.py:190} WARNING - /home/***/.local/lib/python3.12/site-packages/***/settings.py:209 DeprecationWarning: The sql_alchemy_conn option in [core] has been moved to the sql_alchemy_conn option in [database] - the old setting has been used, but please update your config.
[2024-10-03T05:56:09.664+0000] {task_command.py:467} INFO - Running <TaskInstance: dag_with_postgres_operator_v04.create_postgres_table scheduled__2024-10-02T00:00:00+00:00 [running]> on host 6851fee35b72
[2024-10-03T05:56:09.749+0000] {logging_mixin.py:190} WARNING - /home/***/.local/lib/python3.12/site-packages/***/settings.py:470 DeprecationWarning: The sql_alchemy_conn option in [core] has been moved to the sql_alchemy_conn option in [database] - the old setting has been used, but please update your config.
[2024-10-03T05:56:11.271+0000] {taskinstance.py:3131} INFO - Exporting env vars: AIRFLOW_CTX_DAG_OWNER='admin' AIRFLOW_CTX_DAG_ID='dag_with_postgres_operator_v04' AIRFLOW_CTX_TASK_ID='create_postgres_table' AIRFLOW_CTX_EXECUTION_DATE='2024-10-02T00:00:00+00:00' AIRFLOW_CTX_TRY_NUMBER='1' AIRFLOW_CTX_DAG_RUN_ID='scheduled__2024-10-02T00:00:00+00:00'
[2024-10-03T05:56:11.297+0000] {taskinstance.py:731} INFO - ::endgroup::
[2024-10-03T05:56:11.582+0000] {sql.py:266} INFO - Executing: 
            create table if not exists dag_runs (
                ds date,
                dag_id character varying,
                primary key (ds,dag_id)
                )
            
[2024-10-03T05:56:11.724+0000] {base.py:84} INFO - Retrieving connection 'postgres_localhost'
[2024-10-03T05:56:11.948+0000] {base.py:84} INFO - Retrieving connection 'postgres_localhost'
[2024-10-03T05:56:12.002+0000] {sql.py:509} INFO - Running statement: 
            create table if not exists dag_runs (
                ds date,
                dag_id character varying,
                primary key (ds,dag_id)
                )
            , parameters: None
[2024-10-03T05:56:12.125+0000] {taskinstance.py:340} INFO - ::group::Post task execution logs
[2024-10-03T05:56:12.128+0000] {taskinstance.py:352} INFO - Marking task as SUCCESS. dag_id=dag_with_postgres_operator_v04, task_id=create_postgres_table, run_id=scheduled__2024-10-02T00:00:00+00:00, execution_date=20241002T000000, start_date=20241003T055545, end_date=20241003T055612
[2024-10-03T05:56:12.287+0000] {local_task_job_runner.py:266} INFO - Task exited with return code 0
[2024-10-03T05:56:12.782+0000] {logging_mixin.py:190} WARNING - /home/***/.local/lib/python3.12/site-packages/***/models/baseoperator.py:1378 AirflowProviderDeprecationWarning: Call to deprecated class PostgresOperator. (Please use `***.providers.common.sql.operators.sql.SQLExecuteQueryOperator`.Also, you can provide `hook_params={'schema': <database>}`.)
[2024-10-03T05:56:13.206+0000] {taskinstance.py:3900} INFO - 1 downstream tasks scheduled from follow-on schedule check
[2024-10-03T05:56:13.215+0000] {local_task_job_runner.py:245} INFO - ::endgroup::
