[2024-09-29T08:09:58.816+0000] {local_task_job_runner.py:123} INFO - ::group::Pre task execution logs
[2024-09-29T08:09:58.835+0000] {taskinstance.py:2612} INFO - Dependencies all met for dep_context=non-requeueable deps ti=<TaskInstance: dag_with_python_dependencies_v02.get_scikit_learn scheduled__2024-09-04T00:00:00+00:00 [queued]>
[2024-09-29T08:09:58.840+0000] {taskinstance.py:2612} INFO - Dependencies all met for dep_context=requeueable deps ti=<TaskInstance: dag_with_python_dependencies_v02.get_scikit_learn scheduled__2024-09-04T00:00:00+00:00 [queued]>
[2024-09-29T08:09:58.841+0000] {taskinstance.py:2865} INFO - Starting attempt 1 of 6
[2024-09-29T08:09:58.936+0000] {taskinstance.py:2888} INFO - Executing <Task(PythonOperator): get_scikit_learn> on 2024-09-04 00:00:00+00:00
[2024-09-29T08:09:58.950+0000] {logging_mixin.py:190} WARNING - /home/***/.local/lib/python3.12/site-packages/***/task/task_runner/standard_task_runner.py:70 DeprecationWarning: This process (pid=3639) is multi-threaded, use of fork() may lead to deadlocks in the child.
[2024-09-29T08:09:58.954+0000] {standard_task_runner.py:72} INFO - Started process 3649 to run task
[2024-09-29T08:09:58.950+0000] {standard_task_runner.py:104} INFO - Running: ['***', 'tasks', 'run', 'dag_with_python_dependencies_v02', 'get_scikit_learn', 'scheduled__2024-09-04T00:00:00+00:00', '--job-id', '611', '--raw', '--subdir', 'DAGS_FOLDER/dag_with_python_dependencies.py', '--cfg-path', '/tmp/tmpv9ngg5o6']
[2024-09-29T08:09:58.961+0000] {standard_task_runner.py:105} INFO - Job 611: Subtask get_scikit_learn
[2024-09-29T08:09:59.013+0000] {logging_mixin.py:190} WARNING - /home/***/.local/lib/python3.12/site-packages/***/settings.py:209 DeprecationWarning: The sql_alchemy_conn option in [core] has been moved to the sql_alchemy_conn option in [database] - the old setting has been used, but please update your config.
[2024-09-29T08:09:59.075+0000] {task_command.py:467} INFO - Running <TaskInstance: dag_with_python_dependencies_v02.get_scikit_learn scheduled__2024-09-04T00:00:00+00:00 [running]> on host 6851fee35b72
[2024-09-29T08:09:59.079+0000] {logging_mixin.py:190} WARNING - /home/***/.local/lib/python3.12/site-packages/***/settings.py:470 DeprecationWarning: The sql_alchemy_conn option in [core] has been moved to the sql_alchemy_conn option in [database] - the old setting has been used, but please update your config.
[2024-09-29T08:09:59.288+0000] {taskinstance.py:3131} INFO - Exporting env vars: AIRFLOW_CTX_DAG_OWNER='admin' AIRFLOW_CTX_DAG_ID='dag_with_python_dependencies_v02' AIRFLOW_CTX_TASK_ID='get_scikit_learn' AIRFLOW_CTX_EXECUTION_DATE='2024-09-04T00:00:00+00:00' AIRFLOW_CTX_TRY_NUMBER='1' AIRFLOW_CTX_DAG_RUN_ID='scheduled__2024-09-04T00:00:00+00:00'
[2024-09-29T08:09:59.290+0000] {taskinstance.py:731} INFO - ::endgroup::
[2024-09-29T08:10:09.767+0000] {logging_mixin.py:190} INFO - scikit-learn version:1.5.2
[2024-09-29T08:10:09.785+0000] {python.py:240} INFO - Done. Returned value was: None
[2024-09-29T08:10:10.001+0000] {taskinstance.py:340} INFO - ::group::Post task execution logs
[2024-09-29T08:10:10.016+0000] {taskinstance.py:352} INFO - Marking task as SUCCESS. dag_id=dag_with_python_dependencies_v02, task_id=get_scikit_learn, run_id=scheduled__2024-09-04T00:00:00+00:00, execution_date=20240904T000000, start_date=20240929T080958, end_date=20240929T081010
[2024-09-29T08:10:10.260+0000] {local_task_job_runner.py:266} INFO - Task exited with return code 0
[2024-09-29T08:10:10.516+0000] {taskinstance.py:3900} INFO - 1 downstream tasks scheduled from follow-on schedule check
[2024-09-29T08:10:10.531+0000] {local_task_job_runner.py:245} INFO - ::endgroup::
[2024-09-29T08:12:01.483+0000] {local_task_job_runner.py:123} INFO - ::group::Pre task execution logs
[2024-09-29T08:12:01.509+0000] {taskinstance.py:2612} INFO - Dependencies all met for dep_context=non-requeueable deps ti=<TaskInstance: dag_with_python_dependencies_v02.get_scikit_learn scheduled__2024-09-04T00:00:00+00:00 [queued]>
[2024-09-29T08:12:01.522+0000] {taskinstance.py:2612} INFO - Dependencies all met for dep_context=requeueable deps ti=<TaskInstance: dag_with_python_dependencies_v02.get_scikit_learn scheduled__2024-09-04T00:00:00+00:00 [queued]>
[2024-09-29T08:12:01.524+0000] {taskinstance.py:2865} INFO - Starting attempt 1 of 6
[2024-09-29T08:12:01.554+0000] {taskinstance.py:2888} INFO - Executing <Task(PythonOperator): get_scikit_learn> on 2024-09-04 00:00:00+00:00
[2024-09-29T08:12:01.559+0000] {logging_mixin.py:190} WARNING - /home/***/.local/lib/python3.12/site-packages/***/task/task_runner/standard_task_runner.py:70 DeprecationWarning: This process (pid=4184) is multi-threaded, use of fork() may lead to deadlocks in the child.
[2024-09-29T08:12:01.560+0000] {standard_task_runner.py:72} INFO - Started process 4197 to run task
[2024-09-29T08:12:01.566+0000] {standard_task_runner.py:104} INFO - Running: ['***', 'tasks', 'run', 'dag_with_python_dependencies_v02', 'get_scikit_learn', 'scheduled__2024-09-04T00:00:00+00:00', '--job-id', '644', '--raw', '--subdir', 'DAGS_FOLDER/dag_with_python_dependencies.py', '--cfg-path', '/tmp/tmpho6lh532']
[2024-09-29T08:12:01.570+0000] {standard_task_runner.py:105} INFO - Job 644: Subtask get_scikit_learn
[2024-09-29T08:12:01.596+0000] {logging_mixin.py:190} WARNING - /home/***/.local/lib/python3.12/site-packages/***/settings.py:209 DeprecationWarning: The sql_alchemy_conn option in [core] has been moved to the sql_alchemy_conn option in [database] - the old setting has been used, but please update your config.
[2024-09-29T08:12:01.634+0000] {task_command.py:467} INFO - Running <TaskInstance: dag_with_python_dependencies_v02.get_scikit_learn scheduled__2024-09-04T00:00:00+00:00 [running]> on host 6851fee35b72
[2024-09-29T08:12:01.635+0000] {logging_mixin.py:190} WARNING - /home/***/.local/lib/python3.12/site-packages/***/settings.py:470 DeprecationWarning: The sql_alchemy_conn option in [core] has been moved to the sql_alchemy_conn option in [database] - the old setting has been used, but please update your config.
[2024-09-29T08:12:01.733+0000] {taskinstance.py:3131} INFO - Exporting env vars: AIRFLOW_CTX_DAG_OWNER='admin' AIRFLOW_CTX_DAG_ID='dag_with_python_dependencies_v02' AIRFLOW_CTX_TASK_ID='get_scikit_learn' AIRFLOW_CTX_EXECUTION_DATE='2024-09-04T00:00:00+00:00' AIRFLOW_CTX_TRY_NUMBER='1' AIRFLOW_CTX_DAG_RUN_ID='scheduled__2024-09-04T00:00:00+00:00'
[2024-09-29T08:12:01.734+0000] {taskinstance.py:731} INFO - ::endgroup::
[2024-09-29T08:12:08.864+0000] {logging_mixin.py:190} INFO - scikit-learn version:1.5.2
[2024-09-29T08:12:08.871+0000] {python.py:240} INFO - Done. Returned value was: None
[2024-09-29T08:12:08.987+0000] {taskinstance.py:340} INFO - ::group::Post task execution logs
[2024-09-29T08:12:08.993+0000] {taskinstance.py:352} INFO - Marking task as SUCCESS. dag_id=dag_with_python_dependencies_v02, task_id=get_scikit_learn, run_id=scheduled__2024-09-04T00:00:00+00:00, execution_date=20240904T000000, start_date=20240929T081201, end_date=20240929T081208
[2024-09-29T08:12:09.667+0000] {local_task_job_runner.py:266} INFO - Task exited with return code 0
[2024-09-29T08:12:10.091+0000] {taskinstance.py:3900} INFO - 1 downstream tasks scheduled from follow-on schedule check
[2024-09-29T08:12:10.127+0000] {local_task_job_runner.py:245} INFO - ::endgroup::
