[2024-09-29T03:37:50.782+0000] {local_task_job_runner.py:123} INFO - ::group::Pre task execution logs
[2024-09-29T03:37:50.808+0000] {taskinstance.py:2612} INFO - Dependencies all met for dep_context=non-requeueable deps ti=<TaskInstance: dag_with_postgres_operator_v04.create_postgres_table scheduled__2024-09-21T00:00:00+00:00 [queued]>
[2024-09-29T03:37:50.858+0000] {taskinstance.py:2612} INFO - Dependencies all met for dep_context=requeueable deps ti=<TaskInstance: dag_with_postgres_operator_v04.create_postgres_table scheduled__2024-09-21T00:00:00+00:00 [queued]>
[2024-09-29T03:37:50.862+0000] {taskinstance.py:2865} INFO - Starting attempt 1 of 6
[2024-09-29T03:37:50.906+0000] {taskinstance.py:2888} INFO - Executing <Task(PostgresOperator): create_postgres_table> on 2024-09-21 00:00:00+00:00
[2024-09-29T03:37:50.923+0000] {logging_mixin.py:190} WARNING - /home/***/.local/lib/python3.12/site-packages/***/task/task_runner/standard_task_runner.py:70 DeprecationWarning: This process (pid=20263) is multi-threaded, use of fork() may lead to deadlocks in the child.
[2024-09-29T03:37:50.928+0000] {standard_task_runner.py:72} INFO - Started process 20270 to run task
[2024-09-29T03:37:50.927+0000] {standard_task_runner.py:104} INFO - Running: ['***', 'tasks', 'run', 'dag_with_postgres_operator_v04', 'create_postgres_table', 'scheduled__2024-09-21T00:00:00+00:00', '--job-id', '526', '--raw', '--subdir', 'DAGS_FOLDER/dag_with_postgres_operator.py', '--cfg-path', '/tmp/tmpjopf6463']
[2024-09-29T03:37:50.938+0000] {standard_task_runner.py:105} INFO - Job 526: Subtask create_postgres_table
[2024-09-29T03:37:51.049+0000] {task_command.py:467} INFO - Running <TaskInstance: dag_with_postgres_operator_v04.create_postgres_table scheduled__2024-09-21T00:00:00+00:00 [running]> on host f9a59cccd6d1
[2024-09-29T03:37:51.226+0000] {taskinstance.py:3131} INFO - Exporting env vars: AIRFLOW_CTX_DAG_OWNER='admin' AIRFLOW_CTX_DAG_ID='dag_with_postgres_operator_v04' AIRFLOW_CTX_TASK_ID='create_postgres_table' AIRFLOW_CTX_EXECUTION_DATE='2024-09-21T00:00:00+00:00' AIRFLOW_CTX_TRY_NUMBER='1' AIRFLOW_CTX_DAG_RUN_ID='scheduled__2024-09-21T00:00:00+00:00'
[2024-09-29T03:37:51.227+0000] {taskinstance.py:731} INFO - ::endgroup::
[2024-09-29T03:37:51.267+0000] {sql.py:266} INFO - Executing: 
            create table if not exists dag_runs (
                ds date,
                dag_id character varying,
                primary key (ds,dag_id)
                )
            
[2024-09-29T03:37:51.288+0000] {base.py:84} INFO - Retrieving connection 'postgres_localhost'
[2024-09-29T03:37:51.316+0000] {base.py:84} INFO - Retrieving connection 'postgres_localhost'
[2024-09-29T03:37:51.332+0000] {sql.py:509} INFO - Running statement: 
            create table if not exists dag_runs (
                ds date,
                dag_id character varying,
                primary key (ds,dag_id)
                )
            , parameters: None
[2024-09-29T03:37:51.349+0000] {taskinstance.py:340} INFO - ::group::Post task execution logs
[2024-09-29T03:37:51.351+0000] {taskinstance.py:352} INFO - Marking task as SUCCESS. dag_id=dag_with_postgres_operator_v04, task_id=create_postgres_table, run_id=scheduled__2024-09-21T00:00:00+00:00, execution_date=20240921T000000, start_date=20240929T033750, end_date=20240929T033751
[2024-09-29T03:37:51.410+0000] {local_task_job_runner.py:266} INFO - Task exited with return code 0
[2024-09-29T03:37:51.431+0000] {local_task_job_runner.py:245} INFO - ::endgroup::
