[2024-09-29T03:16:35.677+0000] {local_task_job_runner.py:123} INFO - ::group::Pre task execution logs
[2024-09-29T03:16:35.796+0000] {taskinstance.py:2612} INFO - Dependencies all met for dep_context=non-requeueable deps ti=<TaskInstance: dag_with_postgres_operator_v03.insert_into_table manual__2024-09-29T03:16:32.203245+00:00 [queued]>
[2024-09-29T03:16:35.840+0000] {taskinstance.py:2612} INFO - Dependencies all met for dep_context=requeueable deps ti=<TaskInstance: dag_with_postgres_operator_v03.insert_into_table manual__2024-09-29T03:16:32.203245+00:00 [queued]>
[2024-09-29T03:16:35.848+0000] {taskinstance.py:2865} INFO - Starting attempt 1 of 6
[2024-09-29T03:16:35.931+0000] {taskinstance.py:2888} INFO - Executing <Task(PostgresOperator): insert_into_table> on 2024-09-29 03:16:32.203245+00:00
[2024-09-29T03:16:35.982+0000] {logging_mixin.py:190} WARNING - /home/***/.local/lib/python3.12/site-packages/***/task/task_runner/standard_task_runner.py:70 DeprecationWarning: This process (pid=18052) is multi-threaded, use of fork() may lead to deadlocks in the child.
[2024-09-29T03:16:36.015+0000] {standard_task_runner.py:72} INFO - Started process 18070 to run task
[2024-09-29T03:16:35.991+0000] {standard_task_runner.py:104} INFO - Running: ['***', 'tasks', 'run', 'dag_with_postgres_operator_v03', 'insert_into_table', 'manual__2024-09-29T03:16:32.203245+00:00', '--job-id', '289', '--raw', '--subdir', 'DAGS_FOLDER/dag_with_postgres_operator.py', '--cfg-path', '/tmp/tmpfp613sb2']
[2024-09-29T03:16:36.026+0000] {standard_task_runner.py:105} INFO - Job 289: Subtask insert_into_table
[2024-09-29T03:16:36.130+0000] {task_command.py:467} INFO - Running <TaskInstance: dag_with_postgres_operator_v03.insert_into_table manual__2024-09-29T03:16:32.203245+00:00 [running]> on host f9a59cccd6d1
[2024-09-29T03:16:36.306+0000] {taskinstance.py:3131} INFO - Exporting env vars: AIRFLOW_CTX_DAG_OWNER='admin' AIRFLOW_CTX_DAG_ID='dag_with_postgres_operator_v03' AIRFLOW_CTX_TASK_ID='insert_into_table' AIRFLOW_CTX_EXECUTION_DATE='2024-09-29T03:16:32.203245+00:00' AIRFLOW_CTX_TRY_NUMBER='1' AIRFLOW_CTX_DAG_RUN_ID='manual__2024-09-29T03:16:32.203245+00:00'
[2024-09-29T03:16:36.309+0000] {taskinstance.py:731} INFO - ::endgroup::
[2024-09-29T03:16:36.343+0000] {sql.py:266} INFO - Executing: 
            insert into dag_runs (dt, dag_id) values ('2024-09-29', 'dag_with_postgres_operator_v03')
            
[2024-09-29T03:16:36.384+0000] {base.py:84} INFO - Retrieving connection 'postgres_localhost'
[2024-09-29T03:16:36.429+0000] {base.py:84} INFO - Retrieving connection 'postgres_localhost'
[2024-09-29T03:16:36.464+0000] {sql.py:509} INFO - Running statement: 
            insert into dag_runs (dt, dag_id) values ('2024-09-29', 'dag_with_postgres_operator_v03')
            , parameters: None
[2024-09-29T03:16:36.475+0000] {sql.py:518} INFO - Rows affected: 1
[2024-09-29T03:16:36.501+0000] {taskinstance.py:340} INFO - ::group::Post task execution logs
[2024-09-29T03:16:36.508+0000] {taskinstance.py:352} INFO - Marking task as SUCCESS. dag_id=dag_with_postgres_operator_v03, task_id=insert_into_table, run_id=manual__2024-09-29T03:16:32.203245+00:00, execution_date=20240929T031632, start_date=20240929T031635, end_date=20240929T031636
[2024-09-29T03:16:36.587+0000] {local_task_job_runner.py:266} INFO - Task exited with return code 0
[2024-09-29T03:16:36.700+0000] {taskinstance.py:3900} INFO - 0 downstream tasks scheduled from follow-on schedule check
[2024-09-29T03:16:36.710+0000] {local_task_job_runner.py:245} INFO - ::endgroup::
