[2024-09-29T03:37:43.659+0000] {local_task_job_runner.py:123} INFO - ::group::Pre task execution logs
[2024-09-29T03:37:43.696+0000] {taskinstance.py:2612} INFO - Dependencies all met for dep_context=non-requeueable deps ti=<TaskInstance: dag_with_postgres_operator_v04.insert_into_table manual__2024-09-29T03:37:41.246117+00:00 [queued]>
[2024-09-29T03:37:43.709+0000] {taskinstance.py:2612} INFO - Dependencies all met for dep_context=requeueable deps ti=<TaskInstance: dag_with_postgres_operator_v04.insert_into_table manual__2024-09-29T03:37:41.246117+00:00 [queued]>
[2024-09-29T03:37:43.711+0000] {taskinstance.py:2865} INFO - Starting attempt 1 of 6
[2024-09-29T03:37:43.777+0000] {taskinstance.py:2888} INFO - Executing <Task(PostgresOperator): insert_into_table> on 2024-09-29 03:37:41.246117+00:00
[2024-09-29T03:37:43.791+0000] {logging_mixin.py:190} WARNING - /home/***/.local/lib/python3.12/site-packages/***/task/task_runner/standard_task_runner.py:70 DeprecationWarning: This process (pid=20138) is multi-threaded, use of fork() may lead to deadlocks in the child.
[2024-09-29T03:37:43.796+0000] {standard_task_runner.py:72} INFO - Started process 20149 to run task
[2024-09-29T03:37:43.788+0000] {standard_task_runner.py:104} INFO - Running: ['***', 'tasks', 'run', 'dag_with_postgres_operator_v04', 'insert_into_table', 'manual__2024-09-29T03:37:41.246117+00:00', '--job-id', '485', '--raw', '--subdir', 'DAGS_FOLDER/dag_with_postgres_operator.py', '--cfg-path', '/tmp/tmpfyb5du2s']
[2024-09-29T03:37:43.797+0000] {standard_task_runner.py:105} INFO - Job 485: Subtask insert_into_table
[2024-09-29T03:37:43.899+0000] {task_command.py:467} INFO - Running <TaskInstance: dag_with_postgres_operator_v04.insert_into_table manual__2024-09-29T03:37:41.246117+00:00 [running]> on host f9a59cccd6d1
[2024-09-29T03:37:44.076+0000] {taskinstance.py:3131} INFO - Exporting env vars: AIRFLOW_CTX_DAG_OWNER='admin' AIRFLOW_CTX_DAG_ID='dag_with_postgres_operator_v04' AIRFLOW_CTX_TASK_ID='insert_into_table' AIRFLOW_CTX_EXECUTION_DATE='2024-09-29T03:37:41.246117+00:00' AIRFLOW_CTX_TRY_NUMBER='1' AIRFLOW_CTX_DAG_RUN_ID='manual__2024-09-29T03:37:41.246117+00:00'
[2024-09-29T03:37:44.077+0000] {taskinstance.py:731} INFO - ::endgroup::
[2024-09-29T03:37:44.106+0000] {sql.py:266} INFO - Executing: 
            insert into dag_runs (dt, dag_id) values ('2024-09-29', 'dag_with_postgres_operator_v04')
            
[2024-09-29T03:37:44.123+0000] {base.py:84} INFO - Retrieving connection 'postgres_localhost'
[2024-09-29T03:37:44.165+0000] {base.py:84} INFO - Retrieving connection 'postgres_localhost'
[2024-09-29T03:37:44.180+0000] {sql.py:509} INFO - Running statement: 
            insert into dag_runs (dt, dag_id) values ('2024-09-29', 'dag_with_postgres_operator_v04')
            , parameters: None
[2024-09-29T03:37:44.185+0000] {sql.py:518} INFO - Rows affected: 1
[2024-09-29T03:37:44.212+0000] {taskinstance.py:340} INFO - ::group::Post task execution logs
[2024-09-29T03:37:44.213+0000] {taskinstance.py:352} INFO - Marking task as SUCCESS. dag_id=dag_with_postgres_operator_v04, task_id=insert_into_table, run_id=manual__2024-09-29T03:37:41.246117+00:00, execution_date=20240929T033741, start_date=20240929T033743, end_date=20240929T033744
[2024-09-29T03:37:44.399+0000] {local_task_job_runner.py:266} INFO - Task exited with return code 0
[2024-09-29T03:37:44.428+0000] {logging_mixin.py:190} WARNING - /home/***/.local/lib/python3.12/site-packages/***/models/baseoperator.py:1378 AirflowProviderDeprecationWarning: Call to deprecated class PostgresOperator. (Please use `***.providers.common.sql.operators.sql.SQLExecuteQueryOperator`.Also, you can provide `hook_params={'schema': <database>}`.)
[2024-09-29T03:37:44.560+0000] {taskinstance.py:3900} INFO - 1 downstream tasks scheduled from follow-on schedule check
[2024-09-29T03:37:44.565+0000] {local_task_job_runner.py:245} INFO - ::endgroup::
