[2024-09-29T12:49:45.516+0000] {local_task_job_runner.py:123} INFO - ::group::Pre task execution logs
[2024-09-29T12:49:45.542+0000] {taskinstance.py:2612} INFO - Dependencies all met for dep_context=non-requeueable deps ti=<TaskInstance: dag_with_postgres_hooks_v04.postgres_to_s3 scheduled__2023-02-10T00:00:00+00:00 [queued]>
[2024-09-29T12:49:45.559+0000] {taskinstance.py:2612} INFO - Dependencies all met for dep_context=requeueable deps ti=<TaskInstance: dag_with_postgres_hooks_v04.postgres_to_s3 scheduled__2023-02-10T00:00:00+00:00 [queued]>
[2024-09-29T12:49:45.562+0000] {taskinstance.py:2865} INFO - Starting attempt 1 of 6
[2024-09-29T12:49:45.651+0000] {taskinstance.py:2888} INFO - Executing <Task(PythonOperator): postgres_to_s3> on 2023-02-10 00:00:00+00:00
[2024-09-29T12:49:45.677+0000] {logging_mixin.py:190} WARNING - /home/***/.local/lib/python3.12/site-packages/***/task/task_runner/standard_task_runner.py:70 DeprecationWarning: This process (pid=569) is multi-threaded, use of fork() may lead to deadlocks in the child.
[2024-09-29T12:49:45.683+0000] {standard_task_runner.py:72} INFO - Started process 586 to run task
[2024-09-29T12:49:45.680+0000] {standard_task_runner.py:104} INFO - Running: ['***', 'tasks', 'run', 'dag_with_postgres_hooks_v04', 'postgres_to_s3', 'scheduled__2023-02-10T00:00:00+00:00', '--job-id', '1189', '--raw', '--subdir', 'DAGS_FOLDER/dag_with_postgres_hooks.py', '--cfg-path', '/tmp/tmppu7d_ths']
[2024-09-29T12:49:45.688+0000] {standard_task_runner.py:105} INFO - Job 1189: Subtask postgres_to_s3
[2024-09-29T12:49:45.745+0000] {logging_mixin.py:190} WARNING - /home/***/.local/lib/python3.12/site-packages/***/settings.py:209 DeprecationWarning: The sql_alchemy_conn option in [core] has been moved to the sql_alchemy_conn option in [database] - the old setting has been used, but please update your config.
[2024-09-29T12:49:46.069+0000] {task_command.py:467} INFO - Running <TaskInstance: dag_with_postgres_hooks_v04.postgres_to_s3 scheduled__2023-02-10T00:00:00+00:00 [running]> on host 6851fee35b72
[2024-09-29T12:49:46.074+0000] {logging_mixin.py:190} WARNING - /home/***/.local/lib/python3.12/site-packages/***/settings.py:470 DeprecationWarning: The sql_alchemy_conn option in [core] has been moved to the sql_alchemy_conn option in [database] - the old setting has been used, but please update your config.
[2024-09-29T12:49:46.488+0000] {taskinstance.py:3131} INFO - Exporting env vars: AIRFLOW_CTX_DAG_OWNER='coder2j' AIRFLOW_CTX_DAG_ID='dag_with_postgres_hooks_v04' AIRFLOW_CTX_TASK_ID='postgres_to_s3' AIRFLOW_CTX_EXECUTION_DATE='2023-02-10T00:00:00+00:00' AIRFLOW_CTX_TRY_NUMBER='1' AIRFLOW_CTX_DAG_RUN_ID='scheduled__2023-02-10T00:00:00+00:00'
[2024-09-29T12:49:46.498+0000] {taskinstance.py:731} INFO - ::endgroup::
[2024-09-29T12:49:46.616+0000] {logging_mixin.py:190} WARNING - /home/***/.local/lib/python3.12/site-packages/***/utils/operator_helpers.py:175 AirflowContextDeprecationWarning: Accessing 'next_ds_nodash' from the template is deprecated and will be removed in a future version. Please use '{{ data_interval_end | ds_nodash }}' instead.
[2024-09-29T12:49:46.646+0000] {base.py:84} INFO - Retrieving connection 'postgres_localhost'
[2024-09-29T12:49:46.697+0000] {dag_with_postgres_hooks.py:34} INFO - Saved orders data in text file: dags/get_orders_20230210.txt
[2024-09-29T12:49:46.723+0000] {base.py:84} INFO - Retrieving connection 'minio_conn'
[2024-09-29T12:49:46.729+0000] {connection_wrapper.py:391} INFO - AWS Connection (conn_id='minio_conn', conn_type='aws') credentials retrieved from extra.
[2024-09-29T12:49:46.760+0000] {logging_mixin.py:190} WARNING - <string>:9 AirflowProviderDeprecationWarning: extra['host'] is deprecated and will be removed in a future release. Please set extra['endpoint_url'] instead
[2024-09-29T12:49:58.435+0000] {dag_with_postgres_hooks.py:43} INFO - Orders file /tmp/tmpaoj9c_1020230210 has been pushed to S3!
[2024-09-29T12:49:58.439+0000] {python.py:240} INFO - Done. Returned value was: None
[2024-09-29T12:49:58.468+0000] {taskinstance.py:340} INFO - ::group::Post task execution logs
[2024-09-29T12:49:58.471+0000] {taskinstance.py:352} INFO - Marking task as SUCCESS. dag_id=dag_with_postgres_hooks_v04, task_id=postgres_to_s3, run_id=scheduled__2023-02-10T00:00:00+00:00, execution_date=20230210T000000, start_date=20240929T124945, end_date=20240929T124958
[2024-09-29T12:49:58.500+0000] {local_task_job_runner.py:266} INFO - Task exited with return code 0
[2024-09-29T12:49:58.514+0000] {local_task_job_runner.py:245} INFO - ::endgroup::
