[2024-10-03T05:55:15.506+0000] {local_task_job_runner.py:123} INFO - ::group::Pre task execution logs
[2024-10-03T05:55:16.286+0000] {taskinstance.py:2612} INFO - Dependencies all met for dep_context=non-requeueable deps ti=<TaskInstance: dag_with_taskflow_api_v01.greet scheduled__2024-09-30T00:00:00+00:00 [queued]>
[2024-10-03T05:55:36.036+0000] {taskinstance.py:2612} INFO - Dependencies all met for dep_context=requeueable deps ti=<TaskInstance: dag_with_taskflow_api_v01.greet scheduled__2024-09-30T00:00:00+00:00 [queued]>
[2024-10-03T05:55:36.111+0000] {taskinstance.py:2865} INFO - Starting attempt 1 of 6
[2024-10-03T05:55:44.127+0000] {taskinstance.py:2888} INFO - Executing <Task(_PythonDecoratedOperator): greet> on 2024-09-30 00:00:00+00:00
[2024-10-03T05:55:44.244+0000] {standard_task_runner.py:104} INFO - Running: ['***', 'tasks', 'run', 'dag_with_taskflow_api_v01', 'greet', 'scheduled__2024-09-30T00:00:00+00:00', '--job-id', '1274', '--raw', '--subdir', 'DAGS_FOLDER/dag_with_taskflow_api.py', '--cfg-path', '/tmp/tmpnnqy3yh6']
[2024-10-03T05:55:44.247+0000] {standard_task_runner.py:105} INFO - Job 1274: Subtask greet
[2024-10-03T05:55:44.245+0000] {logging_mixin.py:190} WARNING - /home/***/.local/lib/python3.12/site-packages/***/task/task_runner/standard_task_runner.py:70 DeprecationWarning: This process (pid=279) is multi-threaded, use of fork() may lead to deadlocks in the child.
[2024-10-03T05:55:44.271+0000] {standard_task_runner.py:72} INFO - Started process 319 to run task
[2024-10-03T05:55:44.586+0000] {logging_mixin.py:190} WARNING - /home/***/.local/lib/python3.12/site-packages/***/settings.py:209 DeprecationWarning: The sql_alchemy_conn option in [core] has been moved to the sql_alchemy_conn option in [database] - the old setting has been used, but please update your config.
[2024-10-03T05:55:45.378+0000] {task_command.py:467} INFO - Running <TaskInstance: dag_with_taskflow_api_v01.greet scheduled__2024-09-30T00:00:00+00:00 [running]> on host 6851fee35b72
[2024-10-03T05:55:45.470+0000] {logging_mixin.py:190} WARNING - /home/***/.local/lib/python3.12/site-packages/***/settings.py:470 DeprecationWarning: The sql_alchemy_conn option in [core] has been moved to the sql_alchemy_conn option in [database] - the old setting has been used, but please update your config.
[2024-10-03T05:56:06.430+0000] {job.py:229} INFO - Heartbeat recovered after 52.20 seconds
[2024-10-03T05:56:08.906+0000] {taskinstance.py:3131} INFO - Exporting env vars: AIRFLOW_CTX_DAG_OWNER='admin' AIRFLOW_CTX_DAG_ID='dag_with_taskflow_api_v01' AIRFLOW_CTX_TASK_ID='greet' AIRFLOW_CTX_EXECUTION_DATE='2024-09-30T00:00:00+00:00' AIRFLOW_CTX_TRY_NUMBER='1' AIRFLOW_CTX_DAG_RUN_ID='scheduled__2024-09-30T00:00:00+00:00'
[2024-10-03T05:56:08.955+0000] {taskinstance.py:731} INFO - ::endgroup::
[2024-10-03T05:56:09.065+0000] {logging_mixin.py:190} INFO - hello world! my name is Jerry Dyllan. and i am 19 years old
[2024-10-03T05:56:09.074+0000] {python.py:240} INFO - Done. Returned value was: None
[2024-10-03T05:56:09.216+0000] {taskinstance.py:340} INFO - ::group::Post task execution logs
[2024-10-03T05:56:09.290+0000] {taskinstance.py:352} INFO - Marking task as SUCCESS. dag_id=dag_with_taskflow_api_v01, task_id=greet, run_id=scheduled__2024-09-30T00:00:00+00:00, execution_date=20240930T000000, start_date=20241003T055516, end_date=20241003T055609
[2024-10-03T05:56:09.491+0000] {local_task_job_runner.py:266} INFO - Task exited with return code 0
[2024-10-03T05:56:09.522+0000] {standard_task_runner.py:217} INFO - Process not found (most likely exited), stop collecting metrics
[2024-10-03T05:56:10.257+0000] {taskinstance.py:3900} INFO - 0 downstream tasks scheduled from follow-on schedule check
[2024-10-03T05:56:10.300+0000] {local_task_job_runner.py:245} INFO - ::endgroup::
