[2024-10-03T05:54:57.485+0000] {local_task_job_runner.py:123} INFO - ::group::Pre task execution logs
[2024-10-03T05:54:57.568+0000] {taskinstance.py:2612} INFO - Dependencies all met for dep_context=non-requeueable deps ti=<TaskInstance: dag_with_python_dependencies_v02.get_scikit_learn scheduled__2024-10-01T00:00:00+00:00 [queued]>
[2024-10-03T05:54:57.651+0000] {taskinstance.py:2612} INFO - Dependencies all met for dep_context=requeueable deps ti=<TaskInstance: dag_with_python_dependencies_v02.get_scikit_learn scheduled__2024-10-01T00:00:00+00:00 [queued]>
[2024-10-03T05:54:57.683+0000] {taskinstance.py:2865} INFO - Starting attempt 1 of 6
[2024-10-03T05:54:58.330+0000] {taskinstance.py:2888} INFO - Executing <Task(PythonOperator): get_scikit_learn> on 2024-10-01 00:00:00+00:00
[2024-10-03T05:54:58.520+0000] {standard_task_runner.py:104} INFO - Running: ['***', 'tasks', 'run', 'dag_with_python_dependencies_v02', 'get_scikit_learn', 'scheduled__2024-10-01T00:00:00+00:00', '--job-id', '1245', '--raw', '--subdir', 'DAGS_FOLDER/dag_with_python_dependencies.py', '--cfg-path', '/tmp/tmplwzmriq9']
[2024-10-03T05:54:58.558+0000] {standard_task_runner.py:105} INFO - Job 1245: Subtask get_scikit_learn
[2024-10-03T05:54:58.549+0000] {logging_mixin.py:190} WARNING - /home/***/.local/lib/python3.12/site-packages/***/task/task_runner/standard_task_runner.py:70 DeprecationWarning: This process (pid=192) is multi-threaded, use of fork() may lead to deadlocks in the child.
[2024-10-03T05:54:58.587+0000] {standard_task_runner.py:72} INFO - Started process 222 to run task
[2024-10-03T05:54:59.073+0000] {logging_mixin.py:190} WARNING - /home/***/.local/lib/python3.12/site-packages/***/settings.py:209 DeprecationWarning: The sql_alchemy_conn option in [core] has been moved to the sql_alchemy_conn option in [database] - the old setting has been used, but please update your config.
[2024-10-03T05:54:59.937+0000] {task_command.py:467} INFO - Running <TaskInstance: dag_with_python_dependencies_v02.get_scikit_learn scheduled__2024-10-01T00:00:00+00:00 [running]> on host 6851fee35b72
[2024-10-03T05:55:00.208+0000] {logging_mixin.py:190} WARNING - /home/***/.local/lib/python3.12/site-packages/***/settings.py:470 DeprecationWarning: The sql_alchemy_conn option in [core] has been moved to the sql_alchemy_conn option in [database] - the old setting has been used, but please update your config.
[2024-10-03T05:55:03.058+0000] {taskinstance.py:3131} INFO - Exporting env vars: AIRFLOW_CTX_DAG_OWNER='admin' AIRFLOW_CTX_DAG_ID='dag_with_python_dependencies_v02' AIRFLOW_CTX_TASK_ID='get_scikit_learn' AIRFLOW_CTX_EXECUTION_DATE='2024-10-01T00:00:00+00:00' AIRFLOW_CTX_TRY_NUMBER='1' AIRFLOW_CTX_DAG_RUN_ID='scheduled__2024-10-01T00:00:00+00:00'
[2024-10-03T05:55:03.127+0000] {taskinstance.py:731} INFO - ::endgroup::
[2024-10-03T05:55:43.035+0000] {job.py:229} INFO - Heartbeat recovered after 28.14 seconds
[2024-10-03T05:56:05.496+0000] {job.py:229} INFO - Heartbeat recovered after 22.66 seconds
[2024-10-03T05:56:11.225+0000] {job.py:229} INFO - Heartbeat recovered after 17.01 seconds
[2024-10-03T05:56:19.663+0000] {logging_mixin.py:190} INFO - scikit-learn version:1.5.2
[2024-10-03T05:56:19.763+0000] {python.py:240} INFO - Done. Returned value was: None
[2024-10-03T05:56:20.264+0000] {taskinstance.py:340} INFO - ::group::Post task execution logs
[2024-10-03T05:56:20.290+0000] {taskinstance.py:352} INFO - Marking task as SUCCESS. dag_id=dag_with_python_dependencies_v02, task_id=get_scikit_learn, run_id=scheduled__2024-10-01T00:00:00+00:00, execution_date=20241001T000000, start_date=20241003T055457, end_date=20241003T055620
[2024-10-03T05:56:20.819+0000] {local_task_job_runner.py:266} INFO - Task exited with return code 0
[2024-10-03T05:56:21.401+0000] {taskinstance.py:3900} INFO - 1 downstream tasks scheduled from follow-on schedule check
[2024-10-03T05:56:21.408+0000] {local_task_job_runner.py:245} INFO - ::endgroup::
