[2024-09-28T11:27:11.996+0000] {local_task_job_runner.py:123} INFO - ::group::Pre task execution logs
[2024-09-28T11:27:12.003+0000] {taskinstance.py:2612} INFO - Dependencies all met for dep_context=non-requeueable deps ti=<TaskInstance: first_dag_v3.task_one manual__2024-09-28T11:27:11.475361+00:00 [queued]>
[2024-09-28T11:27:12.006+0000] {taskinstance.py:2612} INFO - Dependencies all met for dep_context=requeueable deps ti=<TaskInstance: first_dag_v3.task_one manual__2024-09-28T11:27:11.475361+00:00 [queued]>
[2024-09-28T11:27:12.006+0000] {taskinstance.py:2865} INFO - Starting attempt 1 of 6
[2024-09-28T11:27:12.012+0000] {taskinstance.py:2888} INFO - Executing <Task(BashOperator): task_one> on 2024-09-28 11:27:11.475361+00:00
[2024-09-28T11:27:12.016+0000] {standard_task_runner.py:104} INFO - Running: ['***', 'tasks', 'run', 'first_dag_v3', 'task_one', 'manual__2024-09-28T11:27:11.475361+00:00', '--job-id', '17', '--raw', '--subdir', 'DAGS_FOLDER/first_dag.py', '--cfg-path', '/tmp/tmp3_kw835k']
[2024-09-28T11:27:12.018+0000] {standard_task_runner.py:105} INFO - Job 17: Subtask task_one
[2024-09-28T11:27:12.017+0000] {logging_mixin.py:190} WARNING - /home/***/.local/lib/python3.12/site-packages/***/task/task_runner/standard_task_runner.py:70 DeprecationWarning: This process (pid=1395) is multi-threaded, use of fork() may lead to deadlocks in the child.
[2024-09-28T11:27:12.019+0000] {standard_task_runner.py:72} INFO - Started process 1396 to run task
[2024-09-28T11:27:12.037+0000] {task_command.py:467} INFO - Running <TaskInstance: first_dag_v3.task_one manual__2024-09-28T11:27:11.475361+00:00 [running]> on host f9a59cccd6d1
[2024-09-28T11:27:12.107+0000] {taskinstance.py:3131} INFO - Exporting env vars: AIRFLOW_CTX_DAG_OWNER='admin' AIRFLOW_CTX_DAG_ID='first_dag_v3' AIRFLOW_CTX_TASK_ID='task_one' AIRFLOW_CTX_EXECUTION_DATE='2024-09-28T11:27:11.475361+00:00' AIRFLOW_CTX_TRY_NUMBER='1' AIRFLOW_CTX_DAG_RUN_ID='manual__2024-09-28T11:27:11.475361+00:00'
[2024-09-28T11:27:12.108+0000] {taskinstance.py:731} INFO - ::endgroup::
[2024-09-28T11:27:12.120+0000] {subprocess.py:63} INFO - Tmp dir root location: /tmp
[2024-09-28T11:27:12.121+0000] {subprocess.py:75} INFO - Running command: ['/usr/bin/bash', '-c', 'echo hello world, this is task one.']
[2024-09-28T11:27:12.125+0000] {subprocess.py:86} INFO - Output:
[2024-09-28T11:27:12.126+0000] {subprocess.py:93} INFO - hello world, this is task one.
[2024-09-28T11:27:12.127+0000] {subprocess.py:97} INFO - Command exited with return code 0
[2024-09-28T11:27:12.139+0000] {taskinstance.py:340} INFO - ::group::Post task execution logs
[2024-09-28T11:27:12.140+0000] {taskinstance.py:352} INFO - Marking task as SUCCESS. dag_id=first_dag_v3, task_id=task_one, run_id=manual__2024-09-28T11:27:11.475361+00:00, execution_date=20240928T112711, start_date=20240928T112712, end_date=20240928T112712
[2024-09-28T11:27:12.159+0000] {local_task_job_runner.py:266} INFO - Task exited with return code 0
[2024-09-28T11:27:12.171+0000] {taskinstance.py:3900} INFO - 2 downstream tasks scheduled from follow-on schedule check
[2024-09-28T11:27:12.172+0000] {local_task_job_runner.py:245} INFO - ::endgroup::
