[2024-09-30T10:31:39.171+0000] {local_task_job_runner.py:123} INFO - ::group::Pre task execution logs
[2024-09-30T10:31:39.458+0000] {taskinstance.py:2612} INFO - Dependencies all met for dep_context=non-requeueable deps ti=<TaskInstance: dag_with_taskflow_api_v01.greet scheduled__2024-09-29T00:00:00+00:00 [queued]>
[2024-09-30T10:31:39.540+0000] {taskinstance.py:2612} INFO - Dependencies all met for dep_context=requeueable deps ti=<TaskInstance: dag_with_taskflow_api_v01.greet scheduled__2024-09-29T00:00:00+00:00 [queued]>
[2024-09-30T10:31:39.549+0000] {taskinstance.py:2865} INFO - Starting attempt 1 of 6
[2024-09-30T10:31:39.745+0000] {taskinstance.py:2888} INFO - Executing <Task(_PythonDecoratedOperator): greet> on 2024-09-29 00:00:00+00:00
[2024-09-30T10:31:39.828+0000] {logging_mixin.py:190} WARNING - /home/***/.local/lib/python3.12/site-packages/***/task/task_runner/standard_task_runner.py:70 DeprecationWarning: This process (pid=245) is multi-threaded, use of fork() may lead to deadlocks in the child.
[2024-09-30T10:31:39.858+0000] {standard_task_runner.py:72} INFO - Started process 266 to run task
[2024-09-30T10:31:39.837+0000] {standard_task_runner.py:104} INFO - Running: ['***', 'tasks', 'run', 'dag_with_taskflow_api_v01', 'greet', 'scheduled__2024-09-29T00:00:00+00:00', '--job-id', '1225', '--raw', '--subdir', 'DAGS_FOLDER/dag_with_taskflow_api.py', '--cfg-path', '/tmp/tmpwsjf8h85']
[2024-09-30T10:31:39.878+0000] {standard_task_runner.py:105} INFO - Job 1225: Subtask greet
[2024-09-30T10:31:40.004+0000] {logging_mixin.py:190} WARNING - /home/***/.local/lib/python3.12/site-packages/***/settings.py:209 DeprecationWarning: The sql_alchemy_conn option in [core] has been moved to the sql_alchemy_conn option in [database] - the old setting has been used, but please update your config.
[2024-09-30T10:31:40.521+0000] {task_command.py:467} INFO - Running <TaskInstance: dag_with_taskflow_api_v01.greet scheduled__2024-09-29T00:00:00+00:00 [running]> on host 6851fee35b72
[2024-09-30T10:31:40.554+0000] {logging_mixin.py:190} WARNING - /home/***/.local/lib/python3.12/site-packages/***/settings.py:470 DeprecationWarning: The sql_alchemy_conn option in [core] has been moved to the sql_alchemy_conn option in [database] - the old setting has been used, but please update your config.
[2024-09-30T10:31:41.355+0000] {taskinstance.py:3131} INFO - Exporting env vars: AIRFLOW_CTX_DAG_OWNER='admin' AIRFLOW_CTX_DAG_ID='dag_with_taskflow_api_v01' AIRFLOW_CTX_TASK_ID='greet' AIRFLOW_CTX_EXECUTION_DATE='2024-09-29T00:00:00+00:00' AIRFLOW_CTX_TRY_NUMBER='1' AIRFLOW_CTX_DAG_RUN_ID='scheduled__2024-09-29T00:00:00+00:00'
[2024-09-30T10:31:41.358+0000] {taskinstance.py:731} INFO - ::endgroup::
[2024-09-30T10:31:41.387+0000] {logging_mixin.py:190} INFO - hello world! my name is Jerry Dyllan. and i am 19 years old
[2024-09-30T10:31:41.394+0000] {python.py:240} INFO - Done. Returned value was: None
[2024-09-30T10:31:41.435+0000] {taskinstance.py:340} INFO - ::group::Post task execution logs
[2024-09-30T10:31:41.439+0000] {taskinstance.py:352} INFO - Marking task as SUCCESS. dag_id=dag_with_taskflow_api_v01, task_id=greet, run_id=scheduled__2024-09-29T00:00:00+00:00, execution_date=20240929T000000, start_date=20240930T103139, end_date=20240930T103141
[2024-09-30T10:31:41.571+0000] {local_task_job_runner.py:266} INFO - Task exited with return code 0
[2024-09-30T10:31:41.714+0000] {local_task_job_runner.py:245} INFO - ::endgroup::
