[2024-10-03T05:55:04.956+0000] {local_task_job_runner.py:123} INFO - ::group::Pre task execution logs
[2024-10-03T05:55:05.052+0000] {taskinstance.py:2612} INFO - Dependencies all met for dep_context=non-requeueable deps ti=<TaskInstance: dag_with_postgres_hooks_v04.postgres_to_s3 scheduled__2023-02-01T00:00:00+00:00 [queued]>
[2024-10-03T05:55:05.119+0000] {taskinstance.py:2612} INFO - Dependencies all met for dep_context=requeueable deps ti=<TaskInstance: dag_with_postgres_hooks_v04.postgres_to_s3 scheduled__2023-02-01T00:00:00+00:00 [queued]>
[2024-10-03T05:55:05.130+0000] {taskinstance.py:2865} INFO - Starting attempt 3 of 6
[2024-10-03T05:55:05.264+0000] {taskinstance.py:2888} INFO - Executing <Task(PythonOperator): postgres_to_s3> on 2023-02-01 00:00:00+00:00
[2024-10-03T05:55:05.341+0000] {logging_mixin.py:190} WARNING - /home/***/.local/lib/python3.12/site-packages/***/task/task_runner/standard_task_runner.py:70 DeprecationWarning: This process (pid=189) is multi-threaded, use of fork() may lead to deadlocks in the child.
[2024-10-03T05:55:05.362+0000] {standard_task_runner.py:72} INFO - Started process 251 to run task
[2024-10-03T05:55:05.346+0000] {standard_task_runner.py:104} INFO - Running: ['***', 'tasks', 'run', 'dag_with_postgres_hooks_v04', 'postgres_to_s3', 'scheduled__2023-02-01T00:00:00+00:00', '--job-id', '1252', '--raw', '--subdir', 'DAGS_FOLDER/dag_with_postgres_hooks.py', '--cfg-path', '/tmp/tmpgo0p3uld']
[2024-10-03T05:55:05.370+0000] {standard_task_runner.py:105} INFO - Job 1252: Subtask postgres_to_s3
[2024-10-03T05:55:05.490+0000] {logging_mixin.py:190} WARNING - /home/***/.local/lib/python3.12/site-packages/***/settings.py:209 DeprecationWarning: The sql_alchemy_conn option in [core] has been moved to the sql_alchemy_conn option in [database] - the old setting has been used, but please update your config.
[2024-10-03T05:55:05.900+0000] {task_command.py:467} INFO - Running <TaskInstance: dag_with_postgres_hooks_v04.postgres_to_s3 scheduled__2023-02-01T00:00:00+00:00 [running]> on host 6851fee35b72
[2024-10-03T05:55:05.986+0000] {logging_mixin.py:190} WARNING - /home/***/.local/lib/python3.12/site-packages/***/settings.py:470 DeprecationWarning: The sql_alchemy_conn option in [core] has been moved to the sql_alchemy_conn option in [database] - the old setting has been used, but please update your config.
[2024-10-03T05:55:07.424+0000] {taskinstance.py:3131} INFO - Exporting env vars: AIRFLOW_CTX_DAG_OWNER='coder2j' AIRFLOW_CTX_DAG_ID='dag_with_postgres_hooks_v04' AIRFLOW_CTX_TASK_ID='postgres_to_s3' AIRFLOW_CTX_EXECUTION_DATE='2023-02-01T00:00:00+00:00' AIRFLOW_CTX_TRY_NUMBER='3' AIRFLOW_CTX_DAG_RUN_ID='scheduled__2023-02-01T00:00:00+00:00'
[2024-10-03T05:55:07.451+0000] {taskinstance.py:731} INFO - ::endgroup::
[2024-10-03T05:55:07.698+0000] {logging_mixin.py:190} WARNING - /home/***/.local/lib/python3.12/site-packages/***/utils/operator_helpers.py:175 AirflowContextDeprecationWarning: Accessing 'next_ds_nodash' from the template is deprecated and will be removed in a future version. Please use '{{ data_interval_end | ds_nodash }}' instead.
[2024-10-03T05:55:07.809+0000] {base.py:84} INFO - Retrieving connection 'postgres_localhost'
[2024-10-03T05:55:07.946+0000] {dag_with_postgres_hooks.py:34} INFO - Saved orders data in text file: dags/get_orders_20230201.txt
[2024-10-03T05:55:08.207+0000] {base.py:84} INFO - Retrieving connection 'minio_conn'
[2024-10-03T05:55:08.231+0000] {connection_wrapper.py:391} INFO - AWS Connection (conn_id='minio_conn', conn_type='aws') credentials retrieved from extra.
[2024-10-03T05:55:08.266+0000] {logging_mixin.py:190} WARNING - <string>:9 AirflowProviderDeprecationWarning: extra['host'] is deprecated and will be removed in a future release. Please set extra['endpoint_url'] instead
[2024-10-03T05:55:10.683+0000] {job.py:229} INFO - Heartbeat recovered after 14.08 seconds
[2024-10-03T05:55:43.126+0000] {job.py:229} INFO - Heartbeat recovered after 32.44 seconds
[2024-10-03T05:56:06.692+0000] {job.py:229} INFO - Heartbeat recovered after 29.87 seconds
[2024-10-03T05:56:07.144+0000] {local_task_job_runner.py:266} INFO - Task exited with return code -9For more information, see https://***.apache.org/docs/apache-***/stable/troubleshooting.html#LocalTaskJob-killed
[2024-10-03T05:56:07.296+0000] {local_task_job_runner.py:245} INFO - ::endgroup::
