[2024-09-29T03:16:39.954+0000] {local_task_job_runner.py:123} INFO - ::group::Pre task execution logs
[2024-09-29T03:16:39.979+0000] {taskinstance.py:2612} INFO - Dependencies all met for dep_context=non-requeueable deps ti=<TaskInstance: dag_with_postgres_operator_v03.create_postgres_table scheduled__2024-09-17T00:00:00+00:00 [queued]>
[2024-09-29T03:16:39.984+0000] {taskinstance.py:2612} INFO - Dependencies all met for dep_context=requeueable deps ti=<TaskInstance: dag_with_postgres_operator_v03.create_postgres_table scheduled__2024-09-17T00:00:00+00:00 [queued]>
[2024-09-29T03:16:39.985+0000] {taskinstance.py:2865} INFO - Starting attempt 1 of 6
[2024-09-29T03:16:39.997+0000] {taskinstance.py:2888} INFO - Executing <Task(PostgresOperator): create_postgres_table> on 2024-09-17 00:00:00+00:00
[2024-09-29T03:16:40.003+0000] {logging_mixin.py:190} WARNING - /home/***/.local/lib/python3.12/site-packages/***/task/task_runner/standard_task_runner.py:70 DeprecationWarning: This process (pid=18118) is multi-threaded, use of fork() may lead to deadlocks in the child.
[2024-09-29T03:16:40.005+0000] {standard_task_runner.py:72} INFO - Started process 18122 to run task
[2024-09-29T03:16:40.006+0000] {standard_task_runner.py:104} INFO - Running: ['***', 'tasks', 'run', 'dag_with_postgres_operator_v03', 'create_postgres_table', 'scheduled__2024-09-17T00:00:00+00:00', '--job-id', '306', '--raw', '--subdir', 'DAGS_FOLDER/dag_with_postgres_operator.py', '--cfg-path', '/tmp/tmpvi322vdh']
[2024-09-29T03:16:40.008+0000] {standard_task_runner.py:105} INFO - Job 306: Subtask create_postgres_table
[2024-09-29T03:16:40.066+0000] {task_command.py:467} INFO - Running <TaskInstance: dag_with_postgres_operator_v03.create_postgres_table scheduled__2024-09-17T00:00:00+00:00 [running]> on host f9a59cccd6d1
[2024-09-29T03:16:40.156+0000] {taskinstance.py:3131} INFO - Exporting env vars: AIRFLOW_CTX_DAG_OWNER='admin' AIRFLOW_CTX_DAG_ID='dag_with_postgres_operator_v03' AIRFLOW_CTX_TASK_ID='create_postgres_table' AIRFLOW_CTX_EXECUTION_DATE='2024-09-17T00:00:00+00:00' AIRFLOW_CTX_TRY_NUMBER='1' AIRFLOW_CTX_DAG_RUN_ID='scheduled__2024-09-17T00:00:00+00:00'
[2024-09-29T03:16:40.162+0000] {taskinstance.py:731} INFO - ::endgroup::
[2024-09-29T03:16:40.187+0000] {sql.py:266} INFO - Executing: 
            create table if not exists dag_runs (
                ds date,
                dag_id character varying,
                primary key (ds,dag_id)
                )
            
[2024-09-29T03:16:40.202+0000] {base.py:84} INFO - Retrieving connection 'postgres_localhost'
[2024-09-29T03:16:40.222+0000] {base.py:84} INFO - Retrieving connection 'postgres_localhost'
[2024-09-29T03:16:40.260+0000] {sql.py:509} INFO - Running statement: 
            create table if not exists dag_runs (
                ds date,
                dag_id character varying,
                primary key (ds,dag_id)
                )
            , parameters: None
[2024-09-29T03:16:40.289+0000] {taskinstance.py:340} INFO - ::group::Post task execution logs
[2024-09-29T03:16:40.292+0000] {taskinstance.py:352} INFO - Marking task as SUCCESS. dag_id=dag_with_postgres_operator_v03, task_id=create_postgres_table, run_id=scheduled__2024-09-17T00:00:00+00:00, execution_date=20240917T000000, start_date=20240929T031639, end_date=20240929T031640
[2024-09-29T03:16:40.360+0000] {local_task_job_runner.py:266} INFO - Task exited with return code 0
[2024-09-29T03:16:40.381+0000] {local_task_job_runner.py:245} INFO - ::endgroup::
