[2024-09-29T03:21:38.188+0000] {local_task_job_runner.py:123} INFO - ::group::Pre task execution logs
[2024-09-29T03:21:38.230+0000] {taskinstance.py:2612} INFO - Dependencies all met for dep_context=non-requeueable deps ti=<TaskInstance: dag_with_postgres_operator_v04.create_postgres_table scheduled__2024-09-13T00:00:00+00:00 [queued]>
[2024-09-29T03:21:38.273+0000] {taskinstance.py:2612} INFO - Dependencies all met for dep_context=requeueable deps ti=<TaskInstance: dag_with_postgres_operator_v04.create_postgres_table scheduled__2024-09-13T00:00:00+00:00 [queued]>
[2024-09-29T03:21:38.274+0000] {taskinstance.py:2865} INFO - Starting attempt 1 of 6
[2024-09-29T03:21:38.338+0000] {taskinstance.py:2888} INFO - Executing <Task(PostgresOperator): create_postgres_table> on 2024-09-13 00:00:00+00:00
[2024-09-29T03:21:38.374+0000] {logging_mixin.py:190} WARNING - /home/***/.local/lib/python3.12/site-packages/***/task/task_runner/standard_task_runner.py:70 DeprecationWarning: This process (pid=18573) is multi-threaded, use of fork() may lead to deadlocks in the child.
[2024-09-29T03:21:38.385+0000] {standard_task_runner.py:72} INFO - Started process 18586 to run task
[2024-09-29T03:21:38.370+0000] {standard_task_runner.py:104} INFO - Running: ['***', 'tasks', 'run', 'dag_with_postgres_operator_v04', 'create_postgres_table', 'scheduled__2024-09-13T00:00:00+00:00', '--job-id', '347', '--raw', '--subdir', 'DAGS_FOLDER/dag_with_postgres_operator.py', '--cfg-path', '/tmp/tmp78ouuays']
[2024-09-29T03:21:38.395+0000] {standard_task_runner.py:105} INFO - Job 347: Subtask create_postgres_table
[2024-09-29T03:21:38.495+0000] {task_command.py:467} INFO - Running <TaskInstance: dag_with_postgres_operator_v04.create_postgres_table scheduled__2024-09-13T00:00:00+00:00 [running]> on host f9a59cccd6d1
[2024-09-29T03:21:38.599+0000] {taskinstance.py:3131} INFO - Exporting env vars: AIRFLOW_CTX_DAG_OWNER='admin' AIRFLOW_CTX_DAG_ID='dag_with_postgres_operator_v04' AIRFLOW_CTX_TASK_ID='create_postgres_table' AIRFLOW_CTX_EXECUTION_DATE='2024-09-13T00:00:00+00:00' AIRFLOW_CTX_TRY_NUMBER='1' AIRFLOW_CTX_DAG_RUN_ID='scheduled__2024-09-13T00:00:00+00:00'
[2024-09-29T03:21:38.599+0000] {taskinstance.py:731} INFO - ::endgroup::
[2024-09-29T03:21:38.625+0000] {sql.py:266} INFO - Executing: 
            create table if not exists dag_runs (
                ds date,
                dag_id character varying,
                primary key (ds,dag_id)
                )
            
[2024-09-29T03:21:38.660+0000] {base.py:84} INFO - Retrieving connection 'postgres_localhost'
[2024-09-29T03:21:38.701+0000] {base.py:84} INFO - Retrieving connection 'postgres_localhost'
[2024-09-29T03:21:38.780+0000] {sql.py:509} INFO - Running statement: 
            create table if not exists dag_runs (
                ds date,
                dag_id character varying,
                primary key (ds,dag_id)
                )
            , parameters: None
[2024-09-29T03:21:38.957+0000] {taskinstance.py:340} INFO - ::group::Post task execution logs
[2024-09-29T03:21:38.981+0000] {taskinstance.py:352} INFO - Marking task as SUCCESS. dag_id=dag_with_postgres_operator_v04, task_id=create_postgres_table, run_id=scheduled__2024-09-13T00:00:00+00:00, execution_date=20240913T000000, start_date=20240929T032138, end_date=20240929T032138
[2024-09-29T03:21:39.121+0000] {local_task_job_runner.py:266} INFO - Task exited with return code 0
[2024-09-29T03:21:39.171+0000] {local_task_job_runner.py:245} INFO - ::endgroup::
[2024-09-29T03:24:12.075+0000] {local_task_job_runner.py:123} INFO - ::group::Pre task execution logs
[2024-09-29T03:24:12.122+0000] {taskinstance.py:2612} INFO - Dependencies all met for dep_context=non-requeueable deps ti=<TaskInstance: dag_with_postgres_operator_v04.create_postgres_table scheduled__2024-09-13T00:00:00+00:00 [queued]>
[2024-09-29T03:24:12.150+0000] {taskinstance.py:2612} INFO - Dependencies all met for dep_context=requeueable deps ti=<TaskInstance: dag_with_postgres_operator_v04.create_postgres_table scheduled__2024-09-13T00:00:00+00:00 [queued]>
[2024-09-29T03:24:12.154+0000] {taskinstance.py:2865} INFO - Starting attempt 1 of 6
[2024-09-29T03:24:12.312+0000] {taskinstance.py:2888} INFO - Executing <Task(PostgresOperator): create_postgres_table> on 2024-09-13 00:00:00+00:00
[2024-09-29T03:24:12.330+0000] {standard_task_runner.py:104} INFO - Running: ['***', 'tasks', 'run', 'dag_with_postgres_operator_v04', 'create_postgres_table', 'scheduled__2024-09-13T00:00:00+00:00', '--job-id', '397', '--raw', '--subdir', 'DAGS_FOLDER/dag_with_postgres_operator.py', '--cfg-path', '/tmp/tmpu1wmfyjm']
[2024-09-29T03:24:12.334+0000] {standard_task_runner.py:105} INFO - Job 397: Subtask create_postgres_table
[2024-09-29T03:24:12.341+0000] {logging_mixin.py:190} WARNING - /home/***/.local/lib/python3.12/site-packages/***/task/task_runner/standard_task_runner.py:70 DeprecationWarning: This process (pid=18904) is multi-threaded, use of fork() may lead to deadlocks in the child.
[2024-09-29T03:24:12.347+0000] {standard_task_runner.py:72} INFO - Started process 18918 to run task
[2024-09-29T03:24:12.426+0000] {task_command.py:467} INFO - Running <TaskInstance: dag_with_postgres_operator_v04.create_postgres_table scheduled__2024-09-13T00:00:00+00:00 [running]> on host f9a59cccd6d1
[2024-09-29T03:24:12.501+0000] {taskinstance.py:3131} INFO - Exporting env vars: AIRFLOW_CTX_DAG_OWNER='admin' AIRFLOW_CTX_DAG_ID='dag_with_postgres_operator_v04' AIRFLOW_CTX_TASK_ID='create_postgres_table' AIRFLOW_CTX_EXECUTION_DATE='2024-09-13T00:00:00+00:00' AIRFLOW_CTX_TRY_NUMBER='1' AIRFLOW_CTX_DAG_RUN_ID='scheduled__2024-09-13T00:00:00+00:00'
[2024-09-29T03:24:12.501+0000] {taskinstance.py:731} INFO - ::endgroup::
[2024-09-29T03:24:12.555+0000] {sql.py:266} INFO - Executing: 
            create table if not exists dag_runs (
                ds date,
                dag_id character varying,
                primary key (ds,dag_id)
                )
            
[2024-09-29T03:24:12.580+0000] {base.py:84} INFO - Retrieving connection 'postgres_localhost'
[2024-09-29T03:24:12.603+0000] {base.py:84} INFO - Retrieving connection 'postgres_localhost'
[2024-09-29T03:24:12.613+0000] {sql.py:509} INFO - Running statement: 
            create table if not exists dag_runs (
                ds date,
                dag_id character varying,
                primary key (ds,dag_id)
                )
            , parameters: None
[2024-09-29T03:24:12.638+0000] {taskinstance.py:340} INFO - ::group::Post task execution logs
[2024-09-29T03:24:12.643+0000] {taskinstance.py:352} INFO - Marking task as SUCCESS. dag_id=dag_with_postgres_operator_v04, task_id=create_postgres_table, run_id=scheduled__2024-09-13T00:00:00+00:00, execution_date=20240913T000000, start_date=20240929T032412, end_date=20240929T032412
[2024-09-29T03:24:12.744+0000] {local_task_job_runner.py:266} INFO - Task exited with return code 0
[2024-09-29T03:24:12.777+0000] {logging_mixin.py:190} WARNING - /home/***/.local/lib/python3.12/site-packages/***/models/baseoperator.py:1378 AirflowProviderDeprecationWarning: Call to deprecated class PostgresOperator. (Please use `***.providers.common.sql.operators.sql.SQLExecuteQueryOperator`.Also, you can provide `hook_params={'schema': <database>}`.)
[2024-09-29T03:24:12.855+0000] {taskinstance.py:3900} INFO - 1 downstream tasks scheduled from follow-on schedule check
[2024-09-29T03:24:12.863+0000] {local_task_job_runner.py:245} INFO - ::endgroup::
[2024-09-29T03:26:52.244+0000] {local_task_job_runner.py:123} INFO - ::group::Pre task execution logs
[2024-09-29T03:26:52.281+0000] {taskinstance.py:2612} INFO - Dependencies all met for dep_context=non-requeueable deps ti=<TaskInstance: dag_with_postgres_operator_v04.create_postgres_table scheduled__2024-09-13T00:00:00+00:00 [queued]>
[2024-09-29T03:26:52.317+0000] {taskinstance.py:2612} INFO - Dependencies all met for dep_context=requeueable deps ti=<TaskInstance: dag_with_postgres_operator_v04.create_postgres_table scheduled__2024-09-13T00:00:00+00:00 [queued]>
[2024-09-29T03:26:52.317+0000] {taskinstance.py:2865} INFO - Starting attempt 1 of 6
[2024-09-29T03:26:52.395+0000] {taskinstance.py:2888} INFO - Executing <Task(PostgresOperator): create_postgres_table> on 2024-09-13 00:00:00+00:00
[2024-09-29T03:26:52.419+0000] {logging_mixin.py:190} WARNING - /home/***/.local/lib/python3.12/site-packages/***/task/task_runner/standard_task_runner.py:70 DeprecationWarning: This process (pid=19211) is multi-threaded, use of fork() may lead to deadlocks in the child.
[2024-09-29T03:26:52.423+0000] {standard_task_runner.py:72} INFO - Started process 19225 to run task
[2024-09-29T03:26:52.417+0000] {standard_task_runner.py:104} INFO - Running: ['***', 'tasks', 'run', 'dag_with_postgres_operator_v04', 'create_postgres_table', 'scheduled__2024-09-13T00:00:00+00:00', '--job-id', '430', '--raw', '--subdir', 'DAGS_FOLDER/dag_with_postgres_operator.py', '--cfg-path', '/tmp/tmp4853ob38']
[2024-09-29T03:26:52.426+0000] {standard_task_runner.py:105} INFO - Job 430: Subtask create_postgres_table
[2024-09-29T03:26:52.497+0000] {task_command.py:467} INFO - Running <TaskInstance: dag_with_postgres_operator_v04.create_postgres_table scheduled__2024-09-13T00:00:00+00:00 [running]> on host f9a59cccd6d1
[2024-09-29T03:26:52.588+0000] {taskinstance.py:3131} INFO - Exporting env vars: AIRFLOW_CTX_DAG_OWNER='admin' AIRFLOW_CTX_DAG_ID='dag_with_postgres_operator_v04' AIRFLOW_CTX_TASK_ID='create_postgres_table' AIRFLOW_CTX_EXECUTION_DATE='2024-09-13T00:00:00+00:00' AIRFLOW_CTX_TRY_NUMBER='1' AIRFLOW_CTX_DAG_RUN_ID='scheduled__2024-09-13T00:00:00+00:00'
[2024-09-29T03:26:52.589+0000] {taskinstance.py:731} INFO - ::endgroup::
[2024-09-29T03:26:52.607+0000] {sql.py:266} INFO - Executing: 
            create table if not exists dag_runs (
                ds date,
                dag_id character varying,
                primary key (ds,dag_id)
                )
            
[2024-09-29T03:26:52.619+0000] {base.py:84} INFO - Retrieving connection 'postgres_localhost'
[2024-09-29T03:26:52.634+0000] {base.py:84} INFO - Retrieving connection 'postgres_localhost'
[2024-09-29T03:26:52.651+0000] {sql.py:509} INFO - Running statement: 
            create table if not exists dag_runs (
                ds date,
                dag_id character varying,
                primary key (ds,dag_id)
                )
            , parameters: None
[2024-09-29T03:26:52.677+0000] {taskinstance.py:340} INFO - ::group::Post task execution logs
[2024-09-29T03:26:52.680+0000] {taskinstance.py:352} INFO - Marking task as SUCCESS. dag_id=dag_with_postgres_operator_v04, task_id=create_postgres_table, run_id=scheduled__2024-09-13T00:00:00+00:00, execution_date=20240913T000000, start_date=20240929T032652, end_date=20240929T032652
[2024-09-29T03:26:52.780+0000] {local_task_job_runner.py:266} INFO - Task exited with return code 0
[2024-09-29T03:26:52.842+0000] {local_task_job_runner.py:245} INFO - ::endgroup::
[2024-09-29T03:34:36.720+0000] {local_task_job_runner.py:123} INFO - ::group::Pre task execution logs
[2024-09-29T03:34:36.761+0000] {taskinstance.py:2612} INFO - Dependencies all met for dep_context=non-requeueable deps ti=<TaskInstance: dag_with_postgres_operator_v04.create_postgres_table scheduled__2024-09-13T00:00:00+00:00 [queued]>
[2024-09-29T03:34:36.777+0000] {taskinstance.py:2612} INFO - Dependencies all met for dep_context=requeueable deps ti=<TaskInstance: dag_with_postgres_operator_v04.create_postgres_table scheduled__2024-09-13T00:00:00+00:00 [queued]>
[2024-09-29T03:34:36.777+0000] {taskinstance.py:2865} INFO - Starting attempt 1 of 6
[2024-09-29T03:34:36.811+0000] {taskinstance.py:2888} INFO - Executing <Task(PostgresOperator): create_postgres_table> on 2024-09-13 00:00:00+00:00
[2024-09-29T03:34:36.852+0000] {logging_mixin.py:190} WARNING - /home/***/.local/lib/python3.12/site-packages/***/task/task_runner/standard_task_runner.py:70 DeprecationWarning: This process (pid=19846) is multi-threaded, use of fork() may lead to deadlocks in the child.
[2024-09-29T03:34:36.861+0000] {standard_task_runner.py:72} INFO - Started process 19858 to run task
[2024-09-29T03:34:36.852+0000] {standard_task_runner.py:104} INFO - Running: ['***', 'tasks', 'run', 'dag_with_postgres_operator_v04', 'create_postgres_table', 'scheduled__2024-09-13T00:00:00+00:00', '--job-id', '461', '--raw', '--subdir', 'DAGS_FOLDER/dag_with_postgres_operator.py', '--cfg-path', '/tmp/tmpiyw77nr2']
[2024-09-29T03:34:36.863+0000] {standard_task_runner.py:105} INFO - Job 461: Subtask create_postgres_table
[2024-09-29T03:34:36.978+0000] {task_command.py:467} INFO - Running <TaskInstance: dag_with_postgres_operator_v04.create_postgres_table scheduled__2024-09-13T00:00:00+00:00 [running]> on host f9a59cccd6d1
[2024-09-29T03:34:37.234+0000] {taskinstance.py:3131} INFO - Exporting env vars: AIRFLOW_CTX_DAG_OWNER='admin' AIRFLOW_CTX_DAG_ID='dag_with_postgres_operator_v04' AIRFLOW_CTX_TASK_ID='create_postgres_table' AIRFLOW_CTX_EXECUTION_DATE='2024-09-13T00:00:00+00:00' AIRFLOW_CTX_TRY_NUMBER='1' AIRFLOW_CTX_DAG_RUN_ID='scheduled__2024-09-13T00:00:00+00:00'
[2024-09-29T03:34:37.236+0000] {taskinstance.py:731} INFO - ::endgroup::
[2024-09-29T03:34:37.282+0000] {sql.py:266} INFO - Executing: 
            create table if not exists dag_runs (
                ds date,
                dag_id character varying,
                primary key (ds,dag_id)
                )
            
[2024-09-29T03:34:37.298+0000] {base.py:84} INFO - Retrieving connection 'postgres_localhost'
[2024-09-29T03:34:37.341+0000] {base.py:84} INFO - Retrieving connection 'postgres_localhost'
[2024-09-29T03:34:37.368+0000] {sql.py:509} INFO - Running statement: 
            create table if not exists dag_runs (
                ds date,
                dag_id character varying,
                primary key (ds,dag_id)
                )
            , parameters: None
[2024-09-29T03:34:37.397+0000] {taskinstance.py:340} INFO - ::group::Post task execution logs
[2024-09-29T03:34:37.407+0000] {taskinstance.py:352} INFO - Marking task as SUCCESS. dag_id=dag_with_postgres_operator_v04, task_id=create_postgres_table, run_id=scheduled__2024-09-13T00:00:00+00:00, execution_date=20240913T000000, start_date=20240929T033436, end_date=20240929T033437
[2024-09-29T03:34:37.434+0000] {local_task_job_runner.py:266} INFO - Task exited with return code 0
[2024-09-29T03:34:37.474+0000] {logging_mixin.py:190} WARNING - /home/***/.local/lib/python3.12/site-packages/***/models/baseoperator.py:1378 AirflowProviderDeprecationWarning: Call to deprecated class PostgresOperator. (Please use `***.providers.common.sql.operators.sql.SQLExecuteQueryOperator`.Also, you can provide `hook_params={'schema': <database>}`.)
[2024-09-29T03:34:37.563+0000] {taskinstance.py:3900} INFO - 0 downstream tasks scheduled from follow-on schedule check
[2024-09-29T03:34:37.572+0000] {local_task_job_runner.py:245} INFO - ::endgroup::
[2024-09-29T03:37:44.657+0000] {local_task_job_runner.py:123} INFO - ::group::Pre task execution logs
[2024-09-29T03:37:44.739+0000] {taskinstance.py:2612} INFO - Dependencies all met for dep_context=non-requeueable deps ti=<TaskInstance: dag_with_postgres_operator_v04.create_postgres_table scheduled__2024-09-13T00:00:00+00:00 [queued]>
[2024-09-29T03:37:44.762+0000] {taskinstance.py:2612} INFO - Dependencies all met for dep_context=requeueable deps ti=<TaskInstance: dag_with_postgres_operator_v04.create_postgres_table scheduled__2024-09-13T00:00:00+00:00 [queued]>
[2024-09-29T03:37:44.763+0000] {taskinstance.py:2865} INFO - Starting attempt 1 of 6
[2024-09-29T03:37:44.807+0000] {taskinstance.py:2888} INFO - Executing <Task(PostgresOperator): create_postgres_table> on 2024-09-13 00:00:00+00:00
[2024-09-29T03:37:44.819+0000] {standard_task_runner.py:104} INFO - Running: ['***', 'tasks', 'run', 'dag_with_postgres_operator_v04', 'create_postgres_table', 'scheduled__2024-09-13T00:00:00+00:00', '--job-id', '494', '--raw', '--subdir', 'DAGS_FOLDER/dag_with_postgres_operator.py', '--cfg-path', '/tmp/tmpb8_qpnrg']
[2024-09-29T03:37:44.826+0000] {standard_task_runner.py:105} INFO - Job 494: Subtask create_postgres_table
[2024-09-29T03:37:44.822+0000] {logging_mixin.py:190} WARNING - /home/***/.local/lib/python3.12/site-packages/***/task/task_runner/standard_task_runner.py:70 DeprecationWarning: This process (pid=20163) is multi-threaded, use of fork() may lead to deadlocks in the child.
[2024-09-29T03:37:44.828+0000] {standard_task_runner.py:72} INFO - Started process 20176 to run task
[2024-09-29T03:37:44.986+0000] {task_command.py:467} INFO - Running <TaskInstance: dag_with_postgres_operator_v04.create_postgres_table scheduled__2024-09-13T00:00:00+00:00 [running]> on host f9a59cccd6d1
[2024-09-29T03:37:45.145+0000] {taskinstance.py:3131} INFO - Exporting env vars: AIRFLOW_CTX_DAG_OWNER='admin' AIRFLOW_CTX_DAG_ID='dag_with_postgres_operator_v04' AIRFLOW_CTX_TASK_ID='create_postgres_table' AIRFLOW_CTX_EXECUTION_DATE='2024-09-13T00:00:00+00:00' AIRFLOW_CTX_TRY_NUMBER='1' AIRFLOW_CTX_DAG_RUN_ID='scheduled__2024-09-13T00:00:00+00:00'
[2024-09-29T03:37:45.147+0000] {taskinstance.py:731} INFO - ::endgroup::
[2024-09-29T03:37:45.167+0000] {sql.py:266} INFO - Executing: 
            create table if not exists dag_runs (
                ds date,
                dag_id character varying,
                primary key (ds,dag_id)
                )
            
[2024-09-29T03:37:45.180+0000] {base.py:84} INFO - Retrieving connection 'postgres_localhost'
[2024-09-29T03:37:45.205+0000] {base.py:84} INFO - Retrieving connection 'postgres_localhost'
[2024-09-29T03:37:45.221+0000] {sql.py:509} INFO - Running statement: 
            create table if not exists dag_runs (
                ds date,
                dag_id character varying,
                primary key (ds,dag_id)
                )
            , parameters: None
[2024-09-29T03:37:45.246+0000] {taskinstance.py:340} INFO - ::group::Post task execution logs
[2024-09-29T03:37:45.263+0000] {taskinstance.py:352} INFO - Marking task as SUCCESS. dag_id=dag_with_postgres_operator_v04, task_id=create_postgres_table, run_id=scheduled__2024-09-13T00:00:00+00:00, execution_date=20240913T000000, start_date=20240929T033744, end_date=20240929T033745
[2024-09-29T03:37:45.350+0000] {local_task_job_runner.py:266} INFO - Task exited with return code 0
[2024-09-29T03:37:45.379+0000] {local_task_job_runner.py:245} INFO - ::endgroup::
