[2024-09-29T12:36:13.975+0000] {local_task_job_runner.py:123} INFO - ::group::Pre task execution logs
[2024-09-29T12:36:13.983+0000] {taskinstance.py:2612} INFO - Dependencies all met for dep_context=non-requeueable deps ti=<TaskInstance: dag_with_postgres_hooks_v01.postgres_to_s3 scheduled__2024-09-26T00:00:00+00:00 [queued]>
[2024-09-29T12:36:13.991+0000] {taskinstance.py:2612} INFO - Dependencies all met for dep_context=requeueable deps ti=<TaskInstance: dag_with_postgres_hooks_v01.postgres_to_s3 scheduled__2024-09-26T00:00:00+00:00 [queued]>
[2024-09-29T12:36:13.995+0000] {taskinstance.py:2865} INFO - Starting attempt 1 of 6
[2024-09-29T12:36:14.005+0000] {taskinstance.py:2888} INFO - Executing <Task(PythonOperator): postgres_to_s3> on 2024-09-26 00:00:00+00:00
[2024-09-29T12:36:14.012+0000] {logging_mixin.py:190} WARNING - /home/***/.local/lib/python3.12/site-packages/***/task/task_runner/standard_task_runner.py:70 DeprecationWarning: This process (pid=19811) is multi-threaded, use of fork() may lead to deadlocks in the child.
[2024-09-29T12:36:14.012+0000] {standard_task_runner.py:104} INFO - Running: ['***', 'tasks', 'run', 'dag_with_postgres_hooks_v01', 'postgres_to_s3', 'scheduled__2024-09-26T00:00:00+00:00', '--job-id', '862', '--raw', '--subdir', 'DAGS_FOLDER/dag_with_postgres_hooks.py', '--cfg-path', '/tmp/tmpd4c5p5az']
[2024-09-29T12:36:14.014+0000] {standard_task_runner.py:105} INFO - Job 862: Subtask postgres_to_s3
[2024-09-29T12:36:14.014+0000] {standard_task_runner.py:72} INFO - Started process 19818 to run task
[2024-09-29T12:36:14.032+0000] {logging_mixin.py:190} WARNING - /home/***/.local/lib/python3.12/site-packages/***/settings.py:209 DeprecationWarning: The sql_alchemy_conn option in [core] has been moved to the sql_alchemy_conn option in [database] - the old setting has been used, but please update your config.
[2024-09-29T12:36:14.063+0000] {task_command.py:467} INFO - Running <TaskInstance: dag_with_postgres_hooks_v01.postgres_to_s3 scheduled__2024-09-26T00:00:00+00:00 [running]> on host 6851fee35b72
[2024-09-29T12:36:14.064+0000] {logging_mixin.py:190} WARNING - /home/***/.local/lib/python3.12/site-packages/***/settings.py:470 DeprecationWarning: The sql_alchemy_conn option in [core] has been moved to the sql_alchemy_conn option in [database] - the old setting has been used, but please update your config.
[2024-09-29T12:36:14.188+0000] {taskinstance.py:3131} INFO - Exporting env vars: AIRFLOW_CTX_DAG_OWNER='admin' AIRFLOW_CTX_DAG_ID='dag_with_postgres_hooks_v01' AIRFLOW_CTX_TASK_ID='postgres_to_s3' AIRFLOW_CTX_EXECUTION_DATE='2024-09-26T00:00:00+00:00' AIRFLOW_CTX_TRY_NUMBER='1' AIRFLOW_CTX_DAG_RUN_ID='scheduled__2024-09-26T00:00:00+00:00'
[2024-09-29T12:36:14.191+0000] {taskinstance.py:731} INFO - ::endgroup::
[2024-09-29T12:36:14.238+0000] {base.py:84} INFO - Retrieving connection 'postgres_localhost'
[2024-09-29T12:36:14.255+0000] {dag_with_postgres_hooks.py:29} INFO - Saved orders dat in text file get_rders.txt
[2024-09-29T12:36:14.256+0000] {python.py:240} INFO - Done. Returned value was: None
[2024-09-29T12:36:14.268+0000] {taskinstance.py:340} INFO - ::group::Post task execution logs
[2024-09-29T12:36:14.269+0000] {taskinstance.py:352} INFO - Marking task as SUCCESS. dag_id=dag_with_postgres_hooks_v01, task_id=postgres_to_s3, run_id=scheduled__2024-09-26T00:00:00+00:00, execution_date=20240926T000000, start_date=20240929T123613, end_date=20240929T123614
[2024-09-29T12:36:14.283+0000] {local_task_job_runner.py:266} INFO - Task exited with return code 0
[2024-09-29T12:36:14.310+0000] {taskinstance.py:3900} INFO - 0 downstream tasks scheduled from follow-on schedule check
[2024-09-29T12:36:14.312+0000] {local_task_job_runner.py:245} INFO - ::endgroup::
[2024-09-29T12:41:20.894+0000] {local_task_job_runner.py:123} INFO - ::group::Pre task execution logs
[2024-09-29T12:41:20.914+0000] {taskinstance.py:2612} INFO - Dependencies all met for dep_context=non-requeueable deps ti=<TaskInstance: dag_with_postgres_hooks_v01.postgres_to_s3 scheduled__2024-09-26T00:00:00+00:00 [queued]>
[2024-09-29T12:41:20.921+0000] {taskinstance.py:2612} INFO - Dependencies all met for dep_context=requeueable deps ti=<TaskInstance: dag_with_postgres_hooks_v01.postgres_to_s3 scheduled__2024-09-26T00:00:00+00:00 [queued]>
[2024-09-29T12:41:20.921+0000] {taskinstance.py:2865} INFO - Starting attempt 1 of 6
[2024-09-29T12:41:20.957+0000] {taskinstance.py:2888} INFO - Executing <Task(PythonOperator): postgres_to_s3> on 2024-09-26 00:00:00+00:00
[2024-09-29T12:41:20.967+0000] {standard_task_runner.py:104} INFO - Running: ['***', 'tasks', 'run', 'dag_with_postgres_hooks_v01', 'postgres_to_s3', 'scheduled__2024-09-26T00:00:00+00:00', '--job-id', '891', '--raw', '--subdir', 'DAGS_FOLDER/dag_with_postgres_hooks.py', '--cfg-path', '/tmp/tmplok0w7j_']
[2024-09-29T12:41:20.969+0000] {standard_task_runner.py:105} INFO - Job 891: Subtask postgres_to_s3
[2024-09-29T12:41:20.971+0000] {logging_mixin.py:190} WARNING - /home/***/.local/lib/python3.12/site-packages/***/task/task_runner/standard_task_runner.py:70 DeprecationWarning: This process (pid=21235) is multi-threaded, use of fork() may lead to deadlocks in the child.
[2024-09-29T12:41:20.973+0000] {standard_task_runner.py:72} INFO - Started process 21246 to run task
[2024-09-29T12:41:20.983+0000] {logging_mixin.py:190} WARNING - /home/***/.local/lib/python3.12/site-packages/***/settings.py:209 DeprecationWarning: The sql_alchemy_conn option in [core] has been moved to the sql_alchemy_conn option in [database] - the old setting has been used, but please update your config.
[2024-09-29T12:41:21.032+0000] {task_command.py:467} INFO - Running <TaskInstance: dag_with_postgres_hooks_v01.postgres_to_s3 scheduled__2024-09-26T00:00:00+00:00 [running]> on host 6851fee35b72
[2024-09-29T12:41:21.034+0000] {logging_mixin.py:190} WARNING - /home/***/.local/lib/python3.12/site-packages/***/settings.py:470 DeprecationWarning: The sql_alchemy_conn option in [core] has been moved to the sql_alchemy_conn option in [database] - the old setting has been used, but please update your config.
[2024-09-29T12:41:21.112+0000] {taskinstance.py:3131} INFO - Exporting env vars: AIRFLOW_CTX_DAG_OWNER='admin' AIRFLOW_CTX_DAG_ID='dag_with_postgres_hooks_v01' AIRFLOW_CTX_TASK_ID='postgres_to_s3' AIRFLOW_CTX_EXECUTION_DATE='2024-09-26T00:00:00+00:00' AIRFLOW_CTX_TRY_NUMBER='1' AIRFLOW_CTX_DAG_RUN_ID='scheduled__2024-09-26T00:00:00+00:00'
[2024-09-29T12:41:21.113+0000] {taskinstance.py:731} INFO - ::endgroup::
[2024-09-29T12:41:21.145+0000] {base.py:84} INFO - Retrieving connection 'postgres_localhost'
[2024-09-29T12:41:21.155+0000] {dag_with_postgres_hooks.py:29} INFO - Saved orders dat in text file get_rders.txt
[2024-09-29T12:41:21.156+0000] {python.py:240} INFO - Done. Returned value was: None
[2024-09-29T12:41:21.168+0000] {taskinstance.py:340} INFO - ::group::Post task execution logs
[2024-09-29T12:41:21.169+0000] {taskinstance.py:352} INFO - Marking task as SUCCESS. dag_id=dag_with_postgres_hooks_v01, task_id=postgres_to_s3, run_id=scheduled__2024-09-26T00:00:00+00:00, execution_date=20240926T000000, start_date=20240929T124120, end_date=20240929T124121
[2024-09-29T12:41:21.207+0000] {local_task_job_runner.py:266} INFO - Task exited with return code 0
[2024-09-29T12:41:21.218+0000] {taskinstance.py:3900} INFO - 0 downstream tasks scheduled from follow-on schedule check
[2024-09-29T12:41:21.218+0000] {local_task_job_runner.py:245} INFO - ::endgroup::
