[2024-09-29T03:16:41.254+0000] {local_task_job_runner.py:123} INFO - ::group::Pre task execution logs
[2024-09-29T03:16:41.282+0000] {taskinstance.py:2612} INFO - Dependencies all met for dep_context=non-requeueable deps ti=<TaskInstance: dag_with_postgres_operator_v03.insert_into_table scheduled__2024-09-20T00:00:00+00:00 [queued]>
[2024-09-29T03:16:41.292+0000] {taskinstance.py:2612} INFO - Dependencies all met for dep_context=requeueable deps ti=<TaskInstance: dag_with_postgres_operator_v03.insert_into_table scheduled__2024-09-20T00:00:00+00:00 [queued]>
[2024-09-29T03:16:41.292+0000] {taskinstance.py:2865} INFO - Starting attempt 1 of 6
[2024-09-29T03:16:41.318+0000] {taskinstance.py:2888} INFO - Executing <Task(PostgresOperator): insert_into_table> on 2024-09-20 00:00:00+00:00
[2024-09-29T03:16:41.330+0000] {logging_mixin.py:190} WARNING - /home/***/.local/lib/python3.12/site-packages/***/task/task_runner/standard_task_runner.py:70 DeprecationWarning: This process (pid=18152) is multi-threaded, use of fork() may lead to deadlocks in the child.
[2024-09-29T03:16:41.336+0000] {standard_task_runner.py:72} INFO - Started process 18160 to run task
[2024-09-29T03:16:41.335+0000] {standard_task_runner.py:104} INFO - Running: ['***', 'tasks', 'run', 'dag_with_postgres_operator_v03', 'insert_into_table', 'scheduled__2024-09-20T00:00:00+00:00', '--job-id', '320', '--raw', '--subdir', 'DAGS_FOLDER/dag_with_postgres_operator.py', '--cfg-path', '/tmp/tmpm1c_ufoj']
[2024-09-29T03:16:41.345+0000] {standard_task_runner.py:105} INFO - Job 320: Subtask insert_into_table
[2024-09-29T03:16:41.474+0000] {task_command.py:467} INFO - Running <TaskInstance: dag_with_postgres_operator_v03.insert_into_table scheduled__2024-09-20T00:00:00+00:00 [running]> on host f9a59cccd6d1
[2024-09-29T03:16:41.627+0000] {taskinstance.py:3131} INFO - Exporting env vars: AIRFLOW_CTX_DAG_OWNER='admin' AIRFLOW_CTX_DAG_ID='dag_with_postgres_operator_v03' AIRFLOW_CTX_TASK_ID='insert_into_table' AIRFLOW_CTX_EXECUTION_DATE='2024-09-20T00:00:00+00:00' AIRFLOW_CTX_TRY_NUMBER='1' AIRFLOW_CTX_DAG_RUN_ID='scheduled__2024-09-20T00:00:00+00:00'
[2024-09-29T03:16:41.628+0000] {taskinstance.py:731} INFO - ::endgroup::
[2024-09-29T03:16:41.652+0000] {sql.py:266} INFO - Executing: 
            insert into dag_runs (dt, dag_id) values ('2024-09-20', 'dag_with_postgres_operator_v03')
            
[2024-09-29T03:16:41.670+0000] {base.py:84} INFO - Retrieving connection 'postgres_localhost'
[2024-09-29T03:16:41.687+0000] {base.py:84} INFO - Retrieving connection 'postgres_localhost'
[2024-09-29T03:16:41.700+0000] {sql.py:509} INFO - Running statement: 
            insert into dag_runs (dt, dag_id) values ('2024-09-20', 'dag_with_postgres_operator_v03')
            , parameters: None
[2024-09-29T03:16:41.704+0000] {sql.py:518} INFO - Rows affected: 1
[2024-09-29T03:16:41.718+0000] {taskinstance.py:340} INFO - ::group::Post task execution logs
[2024-09-29T03:16:41.719+0000] {taskinstance.py:352} INFO - Marking task as SUCCESS. dag_id=dag_with_postgres_operator_v03, task_id=insert_into_table, run_id=scheduled__2024-09-20T00:00:00+00:00, execution_date=20240920T000000, start_date=20240929T031641, end_date=20240929T031641
[2024-09-29T03:16:41.785+0000] {local_task_job_runner.py:266} INFO - Task exited with return code 0
[2024-09-29T03:16:41.807+0000] {taskinstance.py:3900} INFO - 0 downstream tasks scheduled from follow-on schedule check
[2024-09-29T03:16:41.819+0000] {local_task_job_runner.py:245} INFO - ::endgroup::
