[2024-09-28T11:21:52.006+0000] {local_task_job_runner.py:123} INFO - ::group::Pre task execution logs
[2024-09-28T11:21:52.016+0000] {taskinstance.py:2612} INFO - Dependencies all met for dep_context=non-requeueable deps ti=<TaskInstance: first_dag_v2.task_one manual__2024-09-28T11:21:51.793372+00:00 [queued]>
[2024-09-28T11:21:52.021+0000] {taskinstance.py:2612} INFO - Dependencies all met for dep_context=requeueable deps ti=<TaskInstance: first_dag_v2.task_one manual__2024-09-28T11:21:51.793372+00:00 [queued]>
[2024-09-28T11:21:52.021+0000] {taskinstance.py:2865} INFO - Starting attempt 1 of 6
[2024-09-28T11:21:52.028+0000] {taskinstance.py:2888} INFO - Executing <Task(BashOperator): task_one> on 2024-09-28 11:21:51.793372+00:00
[2024-09-28T11:21:52.034+0000] {standard_task_runner.py:104} INFO - Running: ['***', 'tasks', 'run', 'first_dag_v2', 'task_one', 'manual__2024-09-28T11:21:51.793372+00:00', '--job-id', '3', '--raw', '--subdir', 'DAGS_FOLDER/first_dag.py', '--cfg-path', '/tmp/tmp_wauv05o']
[2024-09-28T11:21:52.040+0000] {standard_task_runner.py:105} INFO - Job 3: Subtask task_one
[2024-09-28T11:21:52.039+0000] {logging_mixin.py:190} WARNING - /home/***/.local/lib/python3.12/site-packages/***/task/task_runner/standard_task_runner.py:70 DeprecationWarning: This process (pid=1225) is multi-threaded, use of fork() may lead to deadlocks in the child.
[2024-09-28T11:21:52.043+0000] {standard_task_runner.py:72} INFO - Started process 1226 to run task
[2024-09-28T11:21:52.069+0000] {task_command.py:467} INFO - Running <TaskInstance: first_dag_v2.task_one manual__2024-09-28T11:21:51.793372+00:00 [running]> on host f9a59cccd6d1
[2024-09-28T11:21:52.120+0000] {taskinstance.py:3131} INFO - Exporting env vars: AIRFLOW_CTX_DAG_OWNER='admin' AIRFLOW_CTX_DAG_ID='first_dag_v2' AIRFLOW_CTX_TASK_ID='task_one' AIRFLOW_CTX_EXECUTION_DATE='2024-09-28T11:21:51.793372+00:00' AIRFLOW_CTX_TRY_NUMBER='1' AIRFLOW_CTX_DAG_RUN_ID='manual__2024-09-28T11:21:51.793372+00:00'
[2024-09-28T11:21:52.121+0000] {taskinstance.py:731} INFO - ::endgroup::
[2024-09-28T11:21:52.146+0000] {subprocess.py:63} INFO - Tmp dir root location: /tmp
[2024-09-28T11:21:52.146+0000] {subprocess.py:75} INFO - Running command: ['/usr/bin/bash', '-c', 'echo hello world, this is task one.']
[2024-09-28T11:21:52.150+0000] {subprocess.py:86} INFO - Output:
[2024-09-28T11:21:52.152+0000] {subprocess.py:93} INFO - hello world, this is task one.
[2024-09-28T11:21:52.152+0000] {subprocess.py:97} INFO - Command exited with return code 0
[2024-09-28T11:21:52.167+0000] {taskinstance.py:340} INFO - ::group::Post task execution logs
[2024-09-28T11:21:52.167+0000] {taskinstance.py:352} INFO - Marking task as SUCCESS. dag_id=first_dag_v2, task_id=task_one, run_id=manual__2024-09-28T11:21:51.793372+00:00, execution_date=20240928T112151, start_date=20240928T112152, end_date=20240928T112152
[2024-09-28T11:21:52.192+0000] {local_task_job_runner.py:266} INFO - Task exited with return code 0
[2024-09-28T11:21:52.203+0000] {taskinstance.py:3900} INFO - 1 downstream tasks scheduled from follow-on schedule check
[2024-09-28T11:21:52.203+0000] {local_task_job_runner.py:245} INFO - ::endgroup::
