[2024-09-30T10:31:39.955+0000] {local_task_job_runner.py:123} INFO - ::group::Pre task execution logs
[2024-09-30T10:31:40.047+0000] {taskinstance.py:2612} INFO - Dependencies all met for dep_context=non-requeueable deps ti=<TaskInstance: dag_with_postgres_operator_v04.delete_from_table scheduled__2024-09-29T00:00:00+00:00 [queued]>
[2024-09-30T10:31:40.152+0000] {taskinstance.py:2612} INFO - Dependencies all met for dep_context=requeueable deps ti=<TaskInstance: dag_with_postgres_operator_v04.delete_from_table scheduled__2024-09-29T00:00:00+00:00 [queued]>
[2024-09-30T10:31:40.186+0000] {taskinstance.py:2865} INFO - Starting attempt 1 of 6
[2024-09-30T10:31:40.347+0000] {taskinstance.py:2888} INFO - Executing <Task(PostgresOperator): delete_from_table> on 2024-09-29 00:00:00+00:00
[2024-09-30T10:31:40.375+0000] {standard_task_runner.py:104} INFO - Running: ['***', 'tasks', 'run', 'dag_with_postgres_operator_v04', 'delete_from_table', 'scheduled__2024-09-29T00:00:00+00:00', '--job-id', '1226', '--raw', '--subdir', 'DAGS_FOLDER/dag_with_postgres_operator.py', '--cfg-path', '/tmp/tmp1533wf_p']
[2024-09-30T10:31:40.377+0000] {standard_task_runner.py:105} INFO - Job 1226: Subtask delete_from_table
[2024-09-30T10:31:40.387+0000] {logging_mixin.py:190} WARNING - /home/***/.local/lib/python3.12/site-packages/***/task/task_runner/standard_task_runner.py:70 DeprecationWarning: This process (pid=258) is multi-threaded, use of fork() may lead to deadlocks in the child.
[2024-09-30T10:31:40.400+0000] {standard_task_runner.py:72} INFO - Started process 269 to run task
[2024-09-30T10:31:40.462+0000] {logging_mixin.py:190} WARNING - /home/***/.local/lib/python3.12/site-packages/***/settings.py:209 DeprecationWarning: The sql_alchemy_conn option in [core] has been moved to the sql_alchemy_conn option in [database] - the old setting has been used, but please update your config.
[2024-09-30T10:31:40.834+0000] {task_command.py:467} INFO - Running <TaskInstance: dag_with_postgres_operator_v04.delete_from_table scheduled__2024-09-29T00:00:00+00:00 [running]> on host 6851fee35b72
[2024-09-30T10:31:40.840+0000] {logging_mixin.py:190} WARNING - /home/***/.local/lib/python3.12/site-packages/***/settings.py:470 DeprecationWarning: The sql_alchemy_conn option in [core] has been moved to the sql_alchemy_conn option in [database] - the old setting has been used, but please update your config.
[2024-09-30T10:31:41.570+0000] {taskinstance.py:3131} INFO - Exporting env vars: AIRFLOW_CTX_DAG_OWNER='admin' AIRFLOW_CTX_DAG_ID='dag_with_postgres_operator_v04' AIRFLOW_CTX_TASK_ID='delete_from_table' AIRFLOW_CTX_EXECUTION_DATE='2024-09-29T00:00:00+00:00' AIRFLOW_CTX_TRY_NUMBER='1' AIRFLOW_CTX_DAG_RUN_ID='scheduled__2024-09-29T00:00:00+00:00'
[2024-09-30T10:31:41.587+0000] {taskinstance.py:731} INFO - ::endgroup::
[2024-09-30T10:31:41.780+0000] {sql.py:266} INFO - Executing: 
            delete from dag_runs where dt = '2024-09-29' and dag_id = 'dag_with_postgres_operator_v04';
            
[2024-09-30T10:31:41.834+0000] {base.py:84} INFO - Retrieving connection 'postgres_localhost'
[2024-09-30T10:31:41.908+0000] {base.py:84} INFO - Retrieving connection 'postgres_localhost'
[2024-09-30T10:31:41.944+0000] {sql.py:509} INFO - Running statement: 
            delete from dag_runs where dt = '2024-09-29' and dag_id = 'dag_with_postgres_operator_v04';
            , parameters: None
[2024-09-30T10:31:41.958+0000] {sql.py:518} INFO - Rows affected: 1
[2024-09-30T10:31:42.001+0000] {taskinstance.py:340} INFO - ::group::Post task execution logs
[2024-09-30T10:31:42.013+0000] {taskinstance.py:352} INFO - Marking task as SUCCESS. dag_id=dag_with_postgres_operator_v04, task_id=delete_from_table, run_id=scheduled__2024-09-29T00:00:00+00:00, execution_date=20240929T000000, start_date=20240930T103140, end_date=20240930T103142
[2024-09-30T10:31:42.152+0000] {local_task_job_runner.py:266} INFO - Task exited with return code 0
[2024-09-30T10:31:42.323+0000] {logging_mixin.py:190} WARNING - /home/***/.local/lib/python3.12/site-packages/***/models/baseoperator.py:1378 AirflowProviderDeprecationWarning: Call to deprecated class PostgresOperator. (Please use `***.providers.common.sql.operators.sql.SQLExecuteQueryOperator`.Also, you can provide `hook_params={'schema': <database>}`.)
[2024-09-30T10:31:42.448+0000] {taskinstance.py:3900} INFO - 1 downstream tasks scheduled from follow-on schedule check
[2024-09-30T10:31:42.462+0000] {local_task_job_runner.py:245} INFO - ::endgroup::
