[2024-10-03T05:56:15.858+0000] {local_task_job_runner.py:123} INFO - ::group::Pre task execution logs
[2024-10-03T05:56:16.122+0000] {taskinstance.py:2612} INFO - Dependencies all met for dep_context=non-requeueable deps ti=<TaskInstance: first_dag_with_python_v6.greet scheduled__2024-10-01T00:00:00+00:00 [queued]>
[2024-10-03T05:56:16.211+0000] {taskinstance.py:2612} INFO - Dependencies all met for dep_context=requeueable deps ti=<TaskInstance: first_dag_with_python_v6.greet scheduled__2024-10-01T00:00:00+00:00 [queued]>
[2024-10-03T05:56:16.216+0000] {taskinstance.py:2865} INFO - Starting attempt 1 of 6
[2024-10-03T05:56:16.697+0000] {taskinstance.py:2888} INFO - Executing <Task(PythonOperator): greet> on 2024-10-01 00:00:00+00:00
[2024-10-03T05:56:16.845+0000] {standard_task_runner.py:104} INFO - Running: ['***', 'tasks', 'run', 'first_dag_with_python_v6', 'greet', 'scheduled__2024-10-01T00:00:00+00:00', '--job-id', '1287', '--raw', '--subdir', 'DAGS_FOLDER/create_dag_with_python_operator.py', '--cfg-path', '/tmp/tmpctydmj6j']
[2024-10-03T05:56:16.893+0000] {standard_task_runner.py:105} INFO - Job 1287: Subtask greet
[2024-10-03T05:56:16.886+0000] {logging_mixin.py:190} WARNING - /home/***/.local/lib/python3.12/site-packages/***/task/task_runner/standard_task_runner.py:70 DeprecationWarning: This process (pid=376) is multi-threaded, use of fork() may lead to deadlocks in the child.
[2024-10-03T05:56:16.904+0000] {standard_task_runner.py:72} INFO - Started process 419 to run task
[2024-10-03T05:56:17.011+0000] {logging_mixin.py:190} WARNING - /home/***/.local/lib/python3.12/site-packages/***/settings.py:209 DeprecationWarning: The sql_alchemy_conn option in [core] has been moved to the sql_alchemy_conn option in [database] - the old setting has been used, but please update your config.
[2024-10-03T05:56:17.338+0000] {task_command.py:467} INFO - Running <TaskInstance: first_dag_with_python_v6.greet scheduled__2024-10-01T00:00:00+00:00 [running]> on host 6851fee35b72
[2024-10-03T05:56:17.376+0000] {logging_mixin.py:190} WARNING - /home/***/.local/lib/python3.12/site-packages/***/settings.py:470 DeprecationWarning: The sql_alchemy_conn option in [core] has been moved to the sql_alchemy_conn option in [database] - the old setting has been used, but please update your config.
[2024-10-03T05:56:18.609+0000] {taskinstance.py:3131} INFO - Exporting env vars: AIRFLOW_CTX_DAG_OWNER='admin' AIRFLOW_CTX_DAG_ID='first_dag_with_python_v6' AIRFLOW_CTX_TASK_ID='greet' AIRFLOW_CTX_EXECUTION_DATE='2024-10-01T00:00:00+00:00' AIRFLOW_CTX_TRY_NUMBER='1' AIRFLOW_CTX_DAG_RUN_ID='scheduled__2024-10-01T00:00:00+00:00'
[2024-10-03T05:56:18.656+0000] {taskinstance.py:731} INFO - ::endgroup::
[2024-10-03T05:56:19.232+0000] {logging_mixin.py:190} INFO - hello world, my name is Jerry and i am 20 years old
[2024-10-03T05:56:19.284+0000] {python.py:240} INFO - Done. Returned value was: None
[2024-10-03T05:56:19.400+0000] {taskinstance.py:340} INFO - ::group::Post task execution logs
[2024-10-03T05:56:19.409+0000] {taskinstance.py:352} INFO - Marking task as SUCCESS. dag_id=first_dag_with_python_v6, task_id=greet, run_id=scheduled__2024-10-01T00:00:00+00:00, execution_date=20241001T000000, start_date=20241003T055616, end_date=20241003T055619
[2024-10-03T05:56:19.935+0000] {local_task_job_runner.py:266} INFO - Task exited with return code 0
[2024-10-03T05:56:20.315+0000] {taskinstance.py:3900} INFO - 0 downstream tasks scheduled from follow-on schedule check
[2024-10-03T05:56:20.333+0000] {local_task_job_runner.py:245} INFO - ::endgroup::
