[2024-09-29T03:21:37.689+0000] {local_task_job_runner.py:123} INFO - ::group::Pre task execution logs
[2024-09-29T03:21:37.717+0000] {taskinstance.py:2612} INFO - Dependencies all met for dep_context=non-requeueable deps ti=<TaskInstance: dag_with_postgres_operator_v04.insert_into_table scheduled__2024-09-03T00:00:00+00:00 [queued]>
[2024-09-29T03:21:37.739+0000] {taskinstance.py:2612} INFO - Dependencies all met for dep_context=requeueable deps ti=<TaskInstance: dag_with_postgres_operator_v04.insert_into_table scheduled__2024-09-03T00:00:00+00:00 [queued]>
[2024-09-29T03:21:37.741+0000] {taskinstance.py:2865} INFO - Starting attempt 1 of 6
[2024-09-29T03:21:37.788+0000] {taskinstance.py:2888} INFO - Executing <Task(PostgresOperator): insert_into_table> on 2024-09-03 00:00:00+00:00
[2024-09-29T03:21:37.797+0000] {standard_task_runner.py:104} INFO - Running: ['***', 'tasks', 'run', 'dag_with_postgres_operator_v04', 'insert_into_table', 'scheduled__2024-09-03T00:00:00+00:00', '--job-id', '341', '--raw', '--subdir', 'DAGS_FOLDER/dag_with_postgres_operator.py', '--cfg-path', '/tmp/tmpo5dlpvps']
[2024-09-29T03:21:37.823+0000] {standard_task_runner.py:105} INFO - Job 341: Subtask insert_into_table
[2024-09-29T03:21:37.819+0000] {logging_mixin.py:190} WARNING - /home/***/.local/lib/python3.12/site-packages/***/task/task_runner/standard_task_runner.py:70 DeprecationWarning: This process (pid=18558) is multi-threaded, use of fork() may lead to deadlocks in the child.
[2024-09-29T03:21:37.826+0000] {standard_task_runner.py:72} INFO - Started process 18567 to run task
[2024-09-29T03:21:38.048+0000] {task_command.py:467} INFO - Running <TaskInstance: dag_with_postgres_operator_v04.insert_into_table scheduled__2024-09-03T00:00:00+00:00 [running]> on host f9a59cccd6d1
[2024-09-29T03:21:38.220+0000] {taskinstance.py:3131} INFO - Exporting env vars: AIRFLOW_CTX_DAG_OWNER='admin' AIRFLOW_CTX_DAG_ID='dag_with_postgres_operator_v04' AIRFLOW_CTX_TASK_ID='insert_into_table' AIRFLOW_CTX_EXECUTION_DATE='2024-09-03T00:00:00+00:00' AIRFLOW_CTX_TRY_NUMBER='1' AIRFLOW_CTX_DAG_RUN_ID='scheduled__2024-09-03T00:00:00+00:00'
[2024-09-29T03:21:38.222+0000] {taskinstance.py:731} INFO - ::endgroup::
[2024-09-29T03:21:38.265+0000] {sql.py:266} INFO - Executing: 
            insert into dag_runs (dt, dag_id) values ('2024-09-03', 'dag_with_postgres_operator_v04')
            
[2024-09-29T03:21:38.293+0000] {base.py:84} INFO - Retrieving connection 'postgres_localhost'
[2024-09-29T03:21:38.315+0000] {base.py:84} INFO - Retrieving connection 'postgres_localhost'
[2024-09-29T03:21:38.332+0000] {sql.py:509} INFO - Running statement: 
            insert into dag_runs (dt, dag_id) values ('2024-09-03', 'dag_with_postgres_operator_v04')
            , parameters: None
[2024-09-29T03:21:38.347+0000] {sql.py:518} INFO - Rows affected: 1
[2024-09-29T03:21:38.380+0000] {taskinstance.py:340} INFO - ::group::Post task execution logs
[2024-09-29T03:21:38.382+0000] {taskinstance.py:352} INFO - Marking task as SUCCESS. dag_id=dag_with_postgres_operator_v04, task_id=insert_into_table, run_id=scheduled__2024-09-03T00:00:00+00:00, execution_date=20240903T000000, start_date=20240929T032137, end_date=20240929T032138
[2024-09-29T03:21:38.653+0000] {local_task_job_runner.py:266} INFO - Task exited with return code 0
[2024-09-29T03:21:38.844+0000] {logging_mixin.py:190} WARNING - /home/***/.local/lib/python3.12/site-packages/***/models/baseoperator.py:1378 AirflowProviderDeprecationWarning: Call to deprecated class PostgresOperator. (Please use `***.providers.common.sql.operators.sql.SQLExecuteQueryOperator`.Also, you can provide `hook_params={'schema': <database>}`.)
[2024-09-29T03:21:38.912+0000] {taskinstance.py:3900} INFO - 1 downstream tasks scheduled from follow-on schedule check
[2024-09-29T03:21:38.924+0000] {local_task_job_runner.py:245} INFO - ::endgroup::
[2024-09-29T03:24:11.427+0000] {local_task_job_runner.py:123} INFO - ::group::Pre task execution logs
[2024-09-29T03:24:11.452+0000] {taskinstance.py:2612} INFO - Dependencies all met for dep_context=non-requeueable deps ti=<TaskInstance: dag_with_postgres_operator_v04.insert_into_table scheduled__2024-09-03T00:00:00+00:00 [queued]>
[2024-09-29T03:24:11.487+0000] {taskinstance.py:2612} INFO - Dependencies all met for dep_context=requeueable deps ti=<TaskInstance: dag_with_postgres_operator_v04.insert_into_table scheduled__2024-09-03T00:00:00+00:00 [queued]>
[2024-09-29T03:24:11.493+0000] {taskinstance.py:2865} INFO - Starting attempt 1 of 6
[2024-09-29T03:24:11.520+0000] {taskinstance.py:2888} INFO - Executing <Task(PostgresOperator): insert_into_table> on 2024-09-03 00:00:00+00:00
[2024-09-29T03:24:11.530+0000] {logging_mixin.py:190} WARNING - /home/***/.local/lib/python3.12/site-packages/***/task/task_runner/standard_task_runner.py:70 DeprecationWarning: This process (pid=18884) is multi-threaded, use of fork() may lead to deadlocks in the child.
[2024-09-29T03:24:11.533+0000] {standard_task_runner.py:72} INFO - Started process 18899 to run task
[2024-09-29T03:24:11.531+0000] {standard_task_runner.py:104} INFO - Running: ['***', 'tasks', 'run', 'dag_with_postgres_operator_v04', 'insert_into_table', 'scheduled__2024-09-03T00:00:00+00:00', '--job-id', '390', '--raw', '--subdir', 'DAGS_FOLDER/dag_with_postgres_operator.py', '--cfg-path', '/tmp/tmp3bthxy27']
[2024-09-29T03:24:11.535+0000] {standard_task_runner.py:105} INFO - Job 390: Subtask insert_into_table
[2024-09-29T03:24:11.638+0000] {task_command.py:467} INFO - Running <TaskInstance: dag_with_postgres_operator_v04.insert_into_table scheduled__2024-09-03T00:00:00+00:00 [running]> on host f9a59cccd6d1
[2024-09-29T03:24:11.761+0000] {taskinstance.py:3131} INFO - Exporting env vars: AIRFLOW_CTX_DAG_OWNER='admin' AIRFLOW_CTX_DAG_ID='dag_with_postgres_operator_v04' AIRFLOW_CTX_TASK_ID='insert_into_table' AIRFLOW_CTX_EXECUTION_DATE='2024-09-03T00:00:00+00:00' AIRFLOW_CTX_TRY_NUMBER='1' AIRFLOW_CTX_DAG_RUN_ID='scheduled__2024-09-03T00:00:00+00:00'
[2024-09-29T03:24:11.765+0000] {taskinstance.py:731} INFO - ::endgroup::
[2024-09-29T03:24:11.798+0000] {sql.py:266} INFO - Executing: 
            insert into dag_runs (dt, dag_id) values ('2024-09-03', 'dag_with_postgres_operator_v04')
            
[2024-09-29T03:24:11.815+0000] {base.py:84} INFO - Retrieving connection 'postgres_localhost'
[2024-09-29T03:24:11.841+0000] {base.py:84} INFO - Retrieving connection 'postgres_localhost'
[2024-09-29T03:24:11.854+0000] {sql.py:509} INFO - Running statement: 
            insert into dag_runs (dt, dag_id) values ('2024-09-03', 'dag_with_postgres_operator_v04')
            , parameters: None
[2024-09-29T03:24:11.856+0000] {taskinstance.py:3310} ERROR - Task failed with exception
Traceback (most recent call last):
  File "/home/airflow/.local/lib/python3.12/site-packages/airflow/models/taskinstance.py", line 767, in _execute_task
    result = _execute_callable(context=context, **execute_callable_kwargs)
             ^^^^^^^^^^^^^^^^^^^^^^^^^^^^^^^^^^^^^^^^^^^^^^^^^^^^^^^^^^^^^
  File "/home/airflow/.local/lib/python3.12/site-packages/airflow/models/taskinstance.py", line 733, in _execute_callable
    return ExecutionCallableRunner(
           ^^^^^^^^^^^^^^^^^^^^^^^^
  File "/home/airflow/.local/lib/python3.12/site-packages/airflow/utils/operator_helpers.py", line 252, in run
    return self.func(*args, **kwargs)
           ^^^^^^^^^^^^^^^^^^^^^^^^^^
  File "/home/airflow/.local/lib/python3.12/site-packages/airflow/models/baseoperator.py", line 406, in wrapper
    return func(self, *args, **kwargs)
           ^^^^^^^^^^^^^^^^^^^^^^^^^^^
  File "/home/airflow/.local/lib/python3.12/site-packages/airflow/providers/common/sql/operators/sql.py", line 272, in execute
    output = hook.run(
             ^^^^^^^^^
  File "/home/airflow/.local/lib/python3.12/site-packages/airflow/providers/common/sql/hooks/sql.py", line 456, in run
    self._run_command(cur, sql_statement, parameters)
  File "/home/airflow/.local/lib/python3.12/site-packages/airflow/providers/common/sql/hooks/sql.py", line 514, in _run_command
    cur.execute(sql_statement)
psycopg2.errors.UniqueViolation: duplicate key value violates unique constraint "dag_runs_pkey"
DETAIL:  Key (dt, dag_id)=(2024-09-03, dag_with_postgres_operator_v04) already exists.

[2024-09-29T03:24:11.883+0000] {taskinstance.py:1225} INFO - Marking task as UP_FOR_RETRY. dag_id=dag_with_postgres_operator_v04, task_id=insert_into_table, run_id=scheduled__2024-09-03T00:00:00+00:00, execution_date=20240903T000000, start_date=20240929T032411, end_date=20240929T032411
[2024-09-29T03:24:11.918+0000] {taskinstance.py:340} INFO - ::group::Post task execution logs
[2024-09-29T03:24:11.922+0000] {standard_task_runner.py:124} ERROR - Failed to execute job 390 for task insert_into_table (duplicate key value violates unique constraint "dag_runs_pkey"
DETAIL:  Key (dt, dag_id)=(2024-09-03, dag_with_postgres_operator_v04) already exists.
; 18899)
Traceback (most recent call last):
  File "/home/airflow/.local/lib/python3.12/site-packages/airflow/task/task_runner/standard_task_runner.py", line 117, in _start_by_fork
    ret = args.func(args, dag=self.dag)
          ^^^^^^^^^^^^^^^^^^^^^^^^^^^^^
  File "/home/airflow/.local/lib/python3.12/site-packages/airflow/cli/cli_config.py", line 49, in command
    return func(*args, **kwargs)
           ^^^^^^^^^^^^^^^^^^^^^
  File "/home/airflow/.local/lib/python3.12/site-packages/airflow/utils/cli.py", line 115, in wrapper
    return f(*args, **kwargs)
           ^^^^^^^^^^^^^^^^^^
  File "/home/airflow/.local/lib/python3.12/site-packages/airflow/cli/commands/task_command.py", line 483, in task_run
    task_return_code = _run_task_by_selected_method(args, _dag, ti)
                       ^^^^^^^^^^^^^^^^^^^^^^^^^^^^^^^^^^^^^^^^^^^^
  File "/home/airflow/.local/lib/python3.12/site-packages/airflow/cli/commands/task_command.py", line 256, in _run_task_by_selected_method
    return _run_raw_task(args, ti)
           ^^^^^^^^^^^^^^^^^^^^^^^
  File "/home/airflow/.local/lib/python3.12/site-packages/airflow/cli/commands/task_command.py", line 341, in _run_raw_task
    return ti._run_raw_task(
           ^^^^^^^^^^^^^^^^^
  File "/home/airflow/.local/lib/python3.12/site-packages/airflow/utils/session.py", line 97, in wrapper
    return func(*args, session=session, **kwargs)
           ^^^^^^^^^^^^^^^^^^^^^^^^^^^^^^^^^^^^^^
  File "/home/airflow/.local/lib/python3.12/site-packages/airflow/models/taskinstance.py", line 3004, in _run_raw_task
    return _run_raw_task(
           ^^^^^^^^^^^^^^
  File "/home/airflow/.local/lib/python3.12/site-packages/airflow/models/taskinstance.py", line 273, in _run_raw_task
    TaskInstance._execute_task_with_callbacks(
  File "/home/airflow/.local/lib/python3.12/site-packages/airflow/models/taskinstance.py", line 3158, in _execute_task_with_callbacks
    result = self._execute_task(context, task_orig)
             ^^^^^^^^^^^^^^^^^^^^^^^^^^^^^^^^^^^^^^
  File "/home/airflow/.local/lib/python3.12/site-packages/airflow/models/taskinstance.py", line 3182, in _execute_task
    return _execute_task(self, context, task_orig)
           ^^^^^^^^^^^^^^^^^^^^^^^^^^^^^^^^^^^^^^^
  File "/home/airflow/.local/lib/python3.12/site-packages/airflow/models/taskinstance.py", line 767, in _execute_task
    result = _execute_callable(context=context, **execute_callable_kwargs)
             ^^^^^^^^^^^^^^^^^^^^^^^^^^^^^^^^^^^^^^^^^^^^^^^^^^^^^^^^^^^^^
  File "/home/airflow/.local/lib/python3.12/site-packages/airflow/models/taskinstance.py", line 733, in _execute_callable
    return ExecutionCallableRunner(
           ^^^^^^^^^^^^^^^^^^^^^^^^
  File "/home/airflow/.local/lib/python3.12/site-packages/airflow/utils/operator_helpers.py", line 252, in run
    return self.func(*args, **kwargs)
           ^^^^^^^^^^^^^^^^^^^^^^^^^^
  File "/home/airflow/.local/lib/python3.12/site-packages/airflow/models/baseoperator.py", line 406, in wrapper
    return func(self, *args, **kwargs)
           ^^^^^^^^^^^^^^^^^^^^^^^^^^^
  File "/home/airflow/.local/lib/python3.12/site-packages/airflow/providers/common/sql/operators/sql.py", line 272, in execute
    output = hook.run(
             ^^^^^^^^^
  File "/home/airflow/.local/lib/python3.12/site-packages/airflow/providers/common/sql/hooks/sql.py", line 456, in run
    self._run_command(cur, sql_statement, parameters)
  File "/home/airflow/.local/lib/python3.12/site-packages/airflow/providers/common/sql/hooks/sql.py", line 514, in _run_command
    cur.execute(sql_statement)
psycopg2.errors.UniqueViolation: duplicate key value violates unique constraint "dag_runs_pkey"
DETAIL:  Key (dt, dag_id)=(2024-09-03, dag_with_postgres_operator_v04) already exists.

[2024-09-29T03:24:11.973+0000] {local_task_job_runner.py:266} INFO - Task exited with return code 1
[2024-09-29T03:24:11.989+0000] {local_task_job_runner.py:245} INFO - ::endgroup::
[2024-09-29T03:26:51.270+0000] {local_task_job_runner.py:123} INFO - ::group::Pre task execution logs
[2024-09-29T03:26:51.310+0000] {taskinstance.py:2612} INFO - Dependencies all met for dep_context=non-requeueable deps ti=<TaskInstance: dag_with_postgres_operator_v04.insert_into_table scheduled__2024-09-03T00:00:00+00:00 [queued]>
[2024-09-29T03:26:51.335+0000] {taskinstance.py:2612} INFO - Dependencies all met for dep_context=requeueable deps ti=<TaskInstance: dag_with_postgres_operator_v04.insert_into_table scheduled__2024-09-03T00:00:00+00:00 [queued]>
[2024-09-29T03:26:51.336+0000] {taskinstance.py:2865} INFO - Starting attempt 1 of 6
[2024-09-29T03:26:51.383+0000] {taskinstance.py:2888} INFO - Executing <Task(PostgresOperator): insert_into_table> on 2024-09-03 00:00:00+00:00
[2024-09-29T03:26:51.415+0000] {logging_mixin.py:190} WARNING - /home/***/.local/lib/python3.12/site-packages/***/task/task_runner/standard_task_runner.py:70 DeprecationWarning: This process (pid=19186) is multi-threaded, use of fork() may lead to deadlocks in the child.
[2024-09-29T03:26:51.421+0000] {standard_task_runner.py:72} INFO - Started process 19199 to run task
[2024-09-29T03:26:51.413+0000] {standard_task_runner.py:104} INFO - Running: ['***', 'tasks', 'run', 'dag_with_postgres_operator_v04', 'insert_into_table', 'scheduled__2024-09-03T00:00:00+00:00', '--job-id', '421', '--raw', '--subdir', 'DAGS_FOLDER/dag_with_postgres_operator.py', '--cfg-path', '/tmp/tmp7687jtl4']
[2024-09-29T03:26:51.426+0000] {standard_task_runner.py:105} INFO - Job 421: Subtask insert_into_table
[2024-09-29T03:26:51.491+0000] {task_command.py:467} INFO - Running <TaskInstance: dag_with_postgres_operator_v04.insert_into_table scheduled__2024-09-03T00:00:00+00:00 [running]> on host f9a59cccd6d1
[2024-09-29T03:26:51.594+0000] {taskinstance.py:3131} INFO - Exporting env vars: AIRFLOW_CTX_DAG_OWNER='admin' AIRFLOW_CTX_DAG_ID='dag_with_postgres_operator_v04' AIRFLOW_CTX_TASK_ID='insert_into_table' AIRFLOW_CTX_EXECUTION_DATE='2024-09-03T00:00:00+00:00' AIRFLOW_CTX_TRY_NUMBER='1' AIRFLOW_CTX_DAG_RUN_ID='scheduled__2024-09-03T00:00:00+00:00'
[2024-09-29T03:26:51.604+0000] {taskinstance.py:731} INFO - ::endgroup::
[2024-09-29T03:26:51.648+0000] {sql.py:266} INFO - Executing: 
            insert into dag_runs (dt, dag_id) values ('2024-09-03', 'dag_with_postgres_operator_v04')
            
[2024-09-29T03:26:51.667+0000] {base.py:84} INFO - Retrieving connection 'postgres_localhost'
[2024-09-29T03:26:51.688+0000] {base.py:84} INFO - Retrieving connection 'postgres_localhost'
[2024-09-29T03:26:51.723+0000] {sql.py:509} INFO - Running statement: 
            insert into dag_runs (dt, dag_id) values ('2024-09-03', 'dag_with_postgres_operator_v04')
            , parameters: None
[2024-09-29T03:26:51.736+0000] {taskinstance.py:3310} ERROR - Task failed with exception
Traceback (most recent call last):
  File "/home/airflow/.local/lib/python3.12/site-packages/airflow/models/taskinstance.py", line 767, in _execute_task
    result = _execute_callable(context=context, **execute_callable_kwargs)
             ^^^^^^^^^^^^^^^^^^^^^^^^^^^^^^^^^^^^^^^^^^^^^^^^^^^^^^^^^^^^^
  File "/home/airflow/.local/lib/python3.12/site-packages/airflow/models/taskinstance.py", line 733, in _execute_callable
    return ExecutionCallableRunner(
           ^^^^^^^^^^^^^^^^^^^^^^^^
  File "/home/airflow/.local/lib/python3.12/site-packages/airflow/utils/operator_helpers.py", line 252, in run
    return self.func(*args, **kwargs)
           ^^^^^^^^^^^^^^^^^^^^^^^^^^
  File "/home/airflow/.local/lib/python3.12/site-packages/airflow/models/baseoperator.py", line 406, in wrapper
    return func(self, *args, **kwargs)
           ^^^^^^^^^^^^^^^^^^^^^^^^^^^
  File "/home/airflow/.local/lib/python3.12/site-packages/airflow/providers/common/sql/operators/sql.py", line 272, in execute
    output = hook.run(
             ^^^^^^^^^
  File "/home/airflow/.local/lib/python3.12/site-packages/airflow/providers/common/sql/hooks/sql.py", line 456, in run
    self._run_command(cur, sql_statement, parameters)
  File "/home/airflow/.local/lib/python3.12/site-packages/airflow/providers/common/sql/hooks/sql.py", line 514, in _run_command
    cur.execute(sql_statement)
psycopg2.errors.UniqueViolation: duplicate key value violates unique constraint "dag_runs_pkey"
DETAIL:  Key (dt, dag_id)=(2024-09-03, dag_with_postgres_operator_v04) already exists.

[2024-09-29T03:26:51.777+0000] {taskinstance.py:1225} INFO - Marking task as UP_FOR_RETRY. dag_id=dag_with_postgres_operator_v04, task_id=insert_into_table, run_id=scheduled__2024-09-03T00:00:00+00:00, execution_date=20240903T000000, start_date=20240929T032651, end_date=20240929T032651
[2024-09-29T03:26:51.916+0000] {taskinstance.py:340} INFO - ::group::Post task execution logs
[2024-09-29T03:26:51.921+0000] {standard_task_runner.py:124} ERROR - Failed to execute job 421 for task insert_into_table (duplicate key value violates unique constraint "dag_runs_pkey"
DETAIL:  Key (dt, dag_id)=(2024-09-03, dag_with_postgres_operator_v04) already exists.
; 19199)
Traceback (most recent call last):
  File "/home/airflow/.local/lib/python3.12/site-packages/airflow/task/task_runner/standard_task_runner.py", line 117, in _start_by_fork
    ret = args.func(args, dag=self.dag)
          ^^^^^^^^^^^^^^^^^^^^^^^^^^^^^
  File "/home/airflow/.local/lib/python3.12/site-packages/airflow/cli/cli_config.py", line 49, in command
    return func(*args, **kwargs)
           ^^^^^^^^^^^^^^^^^^^^^
  File "/home/airflow/.local/lib/python3.12/site-packages/airflow/utils/cli.py", line 115, in wrapper
    return f(*args, **kwargs)
           ^^^^^^^^^^^^^^^^^^
  File "/home/airflow/.local/lib/python3.12/site-packages/airflow/cli/commands/task_command.py", line 483, in task_run
    task_return_code = _run_task_by_selected_method(args, _dag, ti)
                       ^^^^^^^^^^^^^^^^^^^^^^^^^^^^^^^^^^^^^^^^^^^^
  File "/home/airflow/.local/lib/python3.12/site-packages/airflow/cli/commands/task_command.py", line 256, in _run_task_by_selected_method
    return _run_raw_task(args, ti)
           ^^^^^^^^^^^^^^^^^^^^^^^
  File "/home/airflow/.local/lib/python3.12/site-packages/airflow/cli/commands/task_command.py", line 341, in _run_raw_task
    return ti._run_raw_task(
           ^^^^^^^^^^^^^^^^^
  File "/home/airflow/.local/lib/python3.12/site-packages/airflow/utils/session.py", line 97, in wrapper
    return func(*args, session=session, **kwargs)
           ^^^^^^^^^^^^^^^^^^^^^^^^^^^^^^^^^^^^^^
  File "/home/airflow/.local/lib/python3.12/site-packages/airflow/models/taskinstance.py", line 3004, in _run_raw_task
    return _run_raw_task(
           ^^^^^^^^^^^^^^
  File "/home/airflow/.local/lib/python3.12/site-packages/airflow/models/taskinstance.py", line 273, in _run_raw_task
    TaskInstance._execute_task_with_callbacks(
  File "/home/airflow/.local/lib/python3.12/site-packages/airflow/models/taskinstance.py", line 3158, in _execute_task_with_callbacks
    result = self._execute_task(context, task_orig)
             ^^^^^^^^^^^^^^^^^^^^^^^^^^^^^^^^^^^^^^
  File "/home/airflow/.local/lib/python3.12/site-packages/airflow/models/taskinstance.py", line 3182, in _execute_task
    return _execute_task(self, context, task_orig)
           ^^^^^^^^^^^^^^^^^^^^^^^^^^^^^^^^^^^^^^^
  File "/home/airflow/.local/lib/python3.12/site-packages/airflow/models/taskinstance.py", line 767, in _execute_task
    result = _execute_callable(context=context, **execute_callable_kwargs)
             ^^^^^^^^^^^^^^^^^^^^^^^^^^^^^^^^^^^^^^^^^^^^^^^^^^^^^^^^^^^^^
  File "/home/airflow/.local/lib/python3.12/site-packages/airflow/models/taskinstance.py", line 733, in _execute_callable
    return ExecutionCallableRunner(
           ^^^^^^^^^^^^^^^^^^^^^^^^
  File "/home/airflow/.local/lib/python3.12/site-packages/airflow/utils/operator_helpers.py", line 252, in run
    return self.func(*args, **kwargs)
           ^^^^^^^^^^^^^^^^^^^^^^^^^^
  File "/home/airflow/.local/lib/python3.12/site-packages/airflow/models/baseoperator.py", line 406, in wrapper
    return func(self, *args, **kwargs)
           ^^^^^^^^^^^^^^^^^^^^^^^^^^^
  File "/home/airflow/.local/lib/python3.12/site-packages/airflow/providers/common/sql/operators/sql.py", line 272, in execute
    output = hook.run(
             ^^^^^^^^^
  File "/home/airflow/.local/lib/python3.12/site-packages/airflow/providers/common/sql/hooks/sql.py", line 456, in run
    self._run_command(cur, sql_statement, parameters)
  File "/home/airflow/.local/lib/python3.12/site-packages/airflow/providers/common/sql/hooks/sql.py", line 514, in _run_command
    cur.execute(sql_statement)
psycopg2.errors.UniqueViolation: duplicate key value violates unique constraint "dag_runs_pkey"
DETAIL:  Key (dt, dag_id)=(2024-09-03, dag_with_postgres_operator_v04) already exists.

[2024-09-29T03:26:51.939+0000] {local_task_job_runner.py:266} INFO - Task exited with return code 1
[2024-09-29T03:26:51.984+0000] {logging_mixin.py:190} WARNING - /home/***/.local/lib/python3.12/site-packages/***/models/baseoperator.py:1378 AirflowProviderDeprecationWarning: Call to deprecated class PostgresOperator. (Please use `***.providers.common.sql.operators.sql.SQLExecuteQueryOperator`.Also, you can provide `hook_params={'schema': <database>}`.)
[2024-09-29T03:26:52.028+0000] {taskinstance.py:3900} INFO - 0 downstream tasks scheduled from follow-on schedule check
[2024-09-29T03:26:52.036+0000] {local_task_job_runner.py:245} INFO - ::endgroup::
[2024-09-29T03:34:34.542+0000] {local_task_job_runner.py:123} INFO - ::group::Pre task execution logs
[2024-09-29T03:34:34.602+0000] {taskinstance.py:2612} INFO - Dependencies all met for dep_context=non-requeueable deps ti=<TaskInstance: dag_with_postgres_operator_v04.insert_into_table scheduled__2024-09-03T00:00:00+00:00 [queued]>
[2024-09-29T03:34:34.629+0000] {taskinstance.py:2612} INFO - Dependencies all met for dep_context=requeueable deps ti=<TaskInstance: dag_with_postgres_operator_v04.insert_into_table scheduled__2024-09-03T00:00:00+00:00 [queued]>
[2024-09-29T03:34:34.631+0000] {taskinstance.py:2865} INFO - Starting attempt 1 of 6
[2024-09-29T03:34:34.680+0000] {taskinstance.py:2888} INFO - Executing <Task(PostgresOperator): insert_into_table> on 2024-09-03 00:00:00+00:00
[2024-09-29T03:34:34.709+0000] {logging_mixin.py:190} WARNING - /home/***/.local/lib/python3.12/site-packages/***/task/task_runner/standard_task_runner.py:70 DeprecationWarning: This process (pid=19826) is multi-threaded, use of fork() may lead to deadlocks in the child.
[2024-09-29T03:34:34.719+0000] {standard_task_runner.py:72} INFO - Started process 19835 to run task
[2024-09-29T03:34:34.711+0000] {standard_task_runner.py:104} INFO - Running: ['***', 'tasks', 'run', 'dag_with_postgres_operator_v04', 'insert_into_table', 'scheduled__2024-09-03T00:00:00+00:00', '--job-id', '452', '--raw', '--subdir', 'DAGS_FOLDER/dag_with_postgres_operator.py', '--cfg-path', '/tmp/tmpajs49gmw']
[2024-09-29T03:34:34.725+0000] {standard_task_runner.py:105} INFO - Job 452: Subtask insert_into_table
[2024-09-29T03:34:34.942+0000] {task_command.py:467} INFO - Running <TaskInstance: dag_with_postgres_operator_v04.insert_into_table scheduled__2024-09-03T00:00:00+00:00 [running]> on host f9a59cccd6d1
[2024-09-29T03:34:35.419+0000] {taskinstance.py:3131} INFO - Exporting env vars: AIRFLOW_CTX_DAG_OWNER='admin' AIRFLOW_CTX_DAG_ID='dag_with_postgres_operator_v04' AIRFLOW_CTX_TASK_ID='insert_into_table' AIRFLOW_CTX_EXECUTION_DATE='2024-09-03T00:00:00+00:00' AIRFLOW_CTX_TRY_NUMBER='1' AIRFLOW_CTX_DAG_RUN_ID='scheduled__2024-09-03T00:00:00+00:00'
[2024-09-29T03:34:35.429+0000] {taskinstance.py:731} INFO - ::endgroup::
[2024-09-29T03:34:35.543+0000] {sql.py:266} INFO - Executing: 
            insert into dag_runs (dt, dag_id) values ('2024-09-03', 'dag_with_postgres_operator_v04')
            
[2024-09-29T03:34:35.651+0000] {base.py:84} INFO - Retrieving connection 'postgres_localhost'
[2024-09-29T03:34:35.708+0000] {base.py:84} INFO - Retrieving connection 'postgres_localhost'
[2024-09-29T03:34:35.803+0000] {sql.py:509} INFO - Running statement: 
            insert into dag_runs (dt, dag_id) values ('2024-09-03', 'dag_with_postgres_operator_v04')
            , parameters: None
[2024-09-29T03:34:35.833+0000] {taskinstance.py:3310} ERROR - Task failed with exception
Traceback (most recent call last):
  File "/home/airflow/.local/lib/python3.12/site-packages/airflow/models/taskinstance.py", line 767, in _execute_task
    result = _execute_callable(context=context, **execute_callable_kwargs)
             ^^^^^^^^^^^^^^^^^^^^^^^^^^^^^^^^^^^^^^^^^^^^^^^^^^^^^^^^^^^^^
  File "/home/airflow/.local/lib/python3.12/site-packages/airflow/models/taskinstance.py", line 733, in _execute_callable
    return ExecutionCallableRunner(
           ^^^^^^^^^^^^^^^^^^^^^^^^
  File "/home/airflow/.local/lib/python3.12/site-packages/airflow/utils/operator_helpers.py", line 252, in run
    return self.func(*args, **kwargs)
           ^^^^^^^^^^^^^^^^^^^^^^^^^^
  File "/home/airflow/.local/lib/python3.12/site-packages/airflow/models/baseoperator.py", line 406, in wrapper
    return func(self, *args, **kwargs)
           ^^^^^^^^^^^^^^^^^^^^^^^^^^^
  File "/home/airflow/.local/lib/python3.12/site-packages/airflow/providers/common/sql/operators/sql.py", line 272, in execute
    output = hook.run(
             ^^^^^^^^^
  File "/home/airflow/.local/lib/python3.12/site-packages/airflow/providers/common/sql/hooks/sql.py", line 456, in run
    self._run_command(cur, sql_statement, parameters)
  File "/home/airflow/.local/lib/python3.12/site-packages/airflow/providers/common/sql/hooks/sql.py", line 514, in _run_command
    cur.execute(sql_statement)
psycopg2.errors.UniqueViolation: duplicate key value violates unique constraint "dag_runs_pkey"
DETAIL:  Key (dt, dag_id)=(2024-09-03, dag_with_postgres_operator_v04) already exists.

[2024-09-29T03:34:35.971+0000] {taskinstance.py:1225} INFO - Marking task as UP_FOR_RETRY. dag_id=dag_with_postgres_operator_v04, task_id=insert_into_table, run_id=scheduled__2024-09-03T00:00:00+00:00, execution_date=20240903T000000, start_date=20240929T033434, end_date=20240929T033435
[2024-09-29T03:34:36.071+0000] {taskinstance.py:340} INFO - ::group::Post task execution logs
[2024-09-29T03:34:36.088+0000] {standard_task_runner.py:124} ERROR - Failed to execute job 452 for task insert_into_table (duplicate key value violates unique constraint "dag_runs_pkey"
DETAIL:  Key (dt, dag_id)=(2024-09-03, dag_with_postgres_operator_v04) already exists.
; 19835)
Traceback (most recent call last):
  File "/home/airflow/.local/lib/python3.12/site-packages/airflow/task/task_runner/standard_task_runner.py", line 117, in _start_by_fork
    ret = args.func(args, dag=self.dag)
          ^^^^^^^^^^^^^^^^^^^^^^^^^^^^^
  File "/home/airflow/.local/lib/python3.12/site-packages/airflow/cli/cli_config.py", line 49, in command
    return func(*args, **kwargs)
           ^^^^^^^^^^^^^^^^^^^^^
  File "/home/airflow/.local/lib/python3.12/site-packages/airflow/utils/cli.py", line 115, in wrapper
    return f(*args, **kwargs)
           ^^^^^^^^^^^^^^^^^^
  File "/home/airflow/.local/lib/python3.12/site-packages/airflow/cli/commands/task_command.py", line 483, in task_run
    task_return_code = _run_task_by_selected_method(args, _dag, ti)
                       ^^^^^^^^^^^^^^^^^^^^^^^^^^^^^^^^^^^^^^^^^^^^
  File "/home/airflow/.local/lib/python3.12/site-packages/airflow/cli/commands/task_command.py", line 256, in _run_task_by_selected_method
    return _run_raw_task(args, ti)
           ^^^^^^^^^^^^^^^^^^^^^^^
  File "/home/airflow/.local/lib/python3.12/site-packages/airflow/cli/commands/task_command.py", line 341, in _run_raw_task
    return ti._run_raw_task(
           ^^^^^^^^^^^^^^^^^
  File "/home/airflow/.local/lib/python3.12/site-packages/airflow/utils/session.py", line 97, in wrapper
    return func(*args, session=session, **kwargs)
           ^^^^^^^^^^^^^^^^^^^^^^^^^^^^^^^^^^^^^^
  File "/home/airflow/.local/lib/python3.12/site-packages/airflow/models/taskinstance.py", line 3004, in _run_raw_task
    return _run_raw_task(
           ^^^^^^^^^^^^^^
  File "/home/airflow/.local/lib/python3.12/site-packages/airflow/models/taskinstance.py", line 273, in _run_raw_task
    TaskInstance._execute_task_with_callbacks(
  File "/home/airflow/.local/lib/python3.12/site-packages/airflow/models/taskinstance.py", line 3158, in _execute_task_with_callbacks
    result = self._execute_task(context, task_orig)
             ^^^^^^^^^^^^^^^^^^^^^^^^^^^^^^^^^^^^^^
  File "/home/airflow/.local/lib/python3.12/site-packages/airflow/models/taskinstance.py", line 3182, in _execute_task
    return _execute_task(self, context, task_orig)
           ^^^^^^^^^^^^^^^^^^^^^^^^^^^^^^^^^^^^^^^
  File "/home/airflow/.local/lib/python3.12/site-packages/airflow/models/taskinstance.py", line 767, in _execute_task
    result = _execute_callable(context=context, **execute_callable_kwargs)
             ^^^^^^^^^^^^^^^^^^^^^^^^^^^^^^^^^^^^^^^^^^^^^^^^^^^^^^^^^^^^^
  File "/home/airflow/.local/lib/python3.12/site-packages/airflow/models/taskinstance.py", line 733, in _execute_callable
    return ExecutionCallableRunner(
           ^^^^^^^^^^^^^^^^^^^^^^^^
  File "/home/airflow/.local/lib/python3.12/site-packages/airflow/utils/operator_helpers.py", line 252, in run
    return self.func(*args, **kwargs)
           ^^^^^^^^^^^^^^^^^^^^^^^^^^
  File "/home/airflow/.local/lib/python3.12/site-packages/airflow/models/baseoperator.py", line 406, in wrapper
    return func(self, *args, **kwargs)
           ^^^^^^^^^^^^^^^^^^^^^^^^^^^
  File "/home/airflow/.local/lib/python3.12/site-packages/airflow/providers/common/sql/operators/sql.py", line 272, in execute
    output = hook.run(
             ^^^^^^^^^
  File "/home/airflow/.local/lib/python3.12/site-packages/airflow/providers/common/sql/hooks/sql.py", line 456, in run
    self._run_command(cur, sql_statement, parameters)
  File "/home/airflow/.local/lib/python3.12/site-packages/airflow/providers/common/sql/hooks/sql.py", line 514, in _run_command
    cur.execute(sql_statement)
psycopg2.errors.UniqueViolation: duplicate key value violates unique constraint "dag_runs_pkey"
DETAIL:  Key (dt, dag_id)=(2024-09-03, dag_with_postgres_operator_v04) already exists.

[2024-09-29T03:34:36.165+0000] {local_task_job_runner.py:266} INFO - Task exited with return code 1
[2024-09-29T03:34:36.293+0000] {logging_mixin.py:190} WARNING - /home/***/.local/lib/python3.12/site-packages/***/models/baseoperator.py:1378 AirflowProviderDeprecationWarning: Call to deprecated class PostgresOperator. (Please use `***.providers.common.sql.operators.sql.SQLExecuteQueryOperator`.Also, you can provide `hook_params={'schema': <database>}`.)
[2024-09-29T03:34:36.456+0000] {taskinstance.py:3900} INFO - 0 downstream tasks scheduled from follow-on schedule check
[2024-09-29T03:34:36.479+0000] {local_task_job_runner.py:245} INFO - ::endgroup::
[2024-09-29T03:37:43.628+0000] {local_task_job_runner.py:123} INFO - ::group::Pre task execution logs
[2024-09-29T03:37:43.658+0000] {taskinstance.py:2612} INFO - Dependencies all met for dep_context=non-requeueable deps ti=<TaskInstance: dag_with_postgres_operator_v04.insert_into_table scheduled__2024-09-03T00:00:00+00:00 [queued]>
[2024-09-29T03:37:43.673+0000] {taskinstance.py:2612} INFO - Dependencies all met for dep_context=requeueable deps ti=<TaskInstance: dag_with_postgres_operator_v04.insert_into_table scheduled__2024-09-03T00:00:00+00:00 [queued]>
[2024-09-29T03:37:43.673+0000] {taskinstance.py:2865} INFO - Starting attempt 1 of 6
[2024-09-29T03:37:43.694+0000] {taskinstance.py:2888} INFO - Executing <Task(PostgresOperator): insert_into_table> on 2024-09-03 00:00:00+00:00
[2024-09-29T03:37:43.705+0000] {standard_task_runner.py:104} INFO - Running: ['***', 'tasks', 'run', 'dag_with_postgres_operator_v04', 'insert_into_table', 'scheduled__2024-09-03T00:00:00+00:00', '--job-id', '483', '--raw', '--subdir', 'DAGS_FOLDER/dag_with_postgres_operator.py', '--cfg-path', '/tmp/tmp7xe49ylm']
[2024-09-29T03:37:43.711+0000] {standard_task_runner.py:105} INFO - Job 483: Subtask insert_into_table
[2024-09-29T03:37:43.713+0000] {logging_mixin.py:190} WARNING - /home/***/.local/lib/python3.12/site-packages/***/task/task_runner/standard_task_runner.py:70 DeprecationWarning: This process (pid=20135) is multi-threaded, use of fork() may lead to deadlocks in the child.
[2024-09-29T03:37:43.717+0000] {standard_task_runner.py:72} INFO - Started process 20146 to run task
[2024-09-29T03:37:43.791+0000] {task_command.py:467} INFO - Running <TaskInstance: dag_with_postgres_operator_v04.insert_into_table scheduled__2024-09-03T00:00:00+00:00 [running]> on host f9a59cccd6d1
[2024-09-29T03:37:43.995+0000] {taskinstance.py:3131} INFO - Exporting env vars: AIRFLOW_CTX_DAG_OWNER='admin' AIRFLOW_CTX_DAG_ID='dag_with_postgres_operator_v04' AIRFLOW_CTX_TASK_ID='insert_into_table' AIRFLOW_CTX_EXECUTION_DATE='2024-09-03T00:00:00+00:00' AIRFLOW_CTX_TRY_NUMBER='1' AIRFLOW_CTX_DAG_RUN_ID='scheduled__2024-09-03T00:00:00+00:00'
[2024-09-29T03:37:43.996+0000] {taskinstance.py:731} INFO - ::endgroup::
[2024-09-29T03:37:44.029+0000] {sql.py:266} INFO - Executing: 
            insert into dag_runs (dt, dag_id) values ('2024-09-03', 'dag_with_postgres_operator_v04')
            
[2024-09-29T03:37:44.056+0000] {base.py:84} INFO - Retrieving connection 'postgres_localhost'
[2024-09-29T03:37:44.075+0000] {base.py:84} INFO - Retrieving connection 'postgres_localhost'
[2024-09-29T03:37:44.084+0000] {sql.py:509} INFO - Running statement: 
            insert into dag_runs (dt, dag_id) values ('2024-09-03', 'dag_with_postgres_operator_v04')
            , parameters: None
[2024-09-29T03:37:44.087+0000] {sql.py:518} INFO - Rows affected: 1
[2024-09-29T03:37:44.108+0000] {taskinstance.py:340} INFO - ::group::Post task execution logs
[2024-09-29T03:37:44.112+0000] {taskinstance.py:352} INFO - Marking task as SUCCESS. dag_id=dag_with_postgres_operator_v04, task_id=insert_into_table, run_id=scheduled__2024-09-03T00:00:00+00:00, execution_date=20240903T000000, start_date=20240929T033743, end_date=20240929T033744
[2024-09-29T03:37:44.165+0000] {local_task_job_runner.py:266} INFO - Task exited with return code 0
[2024-09-29T03:37:44.197+0000] {logging_mixin.py:190} WARNING - /home/***/.local/lib/python3.12/site-packages/***/models/baseoperator.py:1378 AirflowProviderDeprecationWarning: Call to deprecated class PostgresOperator. (Please use `***.providers.common.sql.operators.sql.SQLExecuteQueryOperator`.Also, you can provide `hook_params={'schema': <database>}`.)
[2024-09-29T03:37:44.272+0000] {taskinstance.py:3900} INFO - 1 downstream tasks scheduled from follow-on schedule check
[2024-09-29T03:37:44.278+0000] {local_task_job_runner.py:245} INFO - ::endgroup::
