[2024-09-29T08:10:00.175+0000] {local_task_job_runner.py:123} INFO - ::group::Pre task execution logs
[2024-09-29T08:10:00.214+0000] {taskinstance.py:2612} INFO - Dependencies all met for dep_context=non-requeueable deps ti=<TaskInstance: dag_with_python_dependencies_v02.get_scikit_learn scheduled__2024-09-10T00:00:00+00:00 [queued]>
[2024-09-29T08:10:00.224+0000] {taskinstance.py:2612} INFO - Dependencies all met for dep_context=requeueable deps ti=<TaskInstance: dag_with_python_dependencies_v02.get_scikit_learn scheduled__2024-09-10T00:00:00+00:00 [queued]>
[2024-09-29T08:10:00.225+0000] {taskinstance.py:2865} INFO - Starting attempt 1 of 6
[2024-09-29T08:10:00.312+0000] {taskinstance.py:2888} INFO - Executing <Task(PythonOperator): get_scikit_learn> on 2024-09-10 00:00:00+00:00
[2024-09-29T08:10:00.361+0000] {logging_mixin.py:190} WARNING - /home/***/.local/lib/python3.12/site-packages/***/task/task_runner/standard_task_runner.py:70 DeprecationWarning: This process (pid=3668) is multi-threaded, use of fork() may lead to deadlocks in the child.
[2024-09-29T08:10:00.362+0000] {standard_task_runner.py:104} INFO - Running: ['***', 'tasks', 'run', 'dag_with_python_dependencies_v02', 'get_scikit_learn', 'scheduled__2024-09-10T00:00:00+00:00', '--job-id', '617', '--raw', '--subdir', 'DAGS_FOLDER/dag_with_python_dependencies.py', '--cfg-path', '/tmp/tmpxgsnrf40']
[2024-09-29T08:10:00.374+0000] {standard_task_runner.py:105} INFO - Job 617: Subtask get_scikit_learn
[2024-09-29T08:10:00.374+0000] {standard_task_runner.py:72} INFO - Started process 3683 to run task
[2024-09-29T08:10:00.453+0000] {logging_mixin.py:190} WARNING - /home/***/.local/lib/python3.12/site-packages/***/settings.py:209 DeprecationWarning: The sql_alchemy_conn option in [core] has been moved to the sql_alchemy_conn option in [database] - the old setting has been used, but please update your config.
[2024-09-29T08:10:00.843+0000] {task_command.py:467} INFO - Running <TaskInstance: dag_with_python_dependencies_v02.get_scikit_learn scheduled__2024-09-10T00:00:00+00:00 [running]> on host 6851fee35b72
[2024-09-29T08:10:00.862+0000] {logging_mixin.py:190} WARNING - /home/***/.local/lib/python3.12/site-packages/***/settings.py:470 DeprecationWarning: The sql_alchemy_conn option in [core] has been moved to the sql_alchemy_conn option in [database] - the old setting has been used, but please update your config.
[2024-09-29T08:10:01.369+0000] {taskinstance.py:3131} INFO - Exporting env vars: AIRFLOW_CTX_DAG_OWNER='admin' AIRFLOW_CTX_DAG_ID='dag_with_python_dependencies_v02' AIRFLOW_CTX_TASK_ID='get_scikit_learn' AIRFLOW_CTX_EXECUTION_DATE='2024-09-10T00:00:00+00:00' AIRFLOW_CTX_TRY_NUMBER='1' AIRFLOW_CTX_DAG_RUN_ID='scheduled__2024-09-10T00:00:00+00:00'
[2024-09-29T08:10:01.378+0000] {taskinstance.py:731} INFO - ::endgroup::
[2024-09-29T08:10:12.182+0000] {logging_mixin.py:190} INFO - scikit-learn version:1.5.2
[2024-09-29T08:10:12.191+0000] {python.py:240} INFO - Done. Returned value was: None
[2024-09-29T08:10:12.317+0000] {taskinstance.py:340} INFO - ::group::Post task execution logs
[2024-09-29T08:10:12.320+0000] {taskinstance.py:352} INFO - Marking task as SUCCESS. dag_id=dag_with_python_dependencies_v02, task_id=get_scikit_learn, run_id=scheduled__2024-09-10T00:00:00+00:00, execution_date=20240910T000000, start_date=20240929T081000, end_date=20240929T081012
[2024-09-29T08:10:12.513+0000] {local_task_job_runner.py:266} INFO - Task exited with return code 0
[2024-09-29T08:10:12.783+0000] {taskinstance.py:3900} INFO - 1 downstream tasks scheduled from follow-on schedule check
[2024-09-29T08:10:12.795+0000] {local_task_job_runner.py:245} INFO - ::endgroup::
[2024-09-29T08:12:02.234+0000] {local_task_job_runner.py:123} INFO - ::group::Pre task execution logs
[2024-09-29T08:12:02.280+0000] {taskinstance.py:2612} INFO - Dependencies all met for dep_context=non-requeueable deps ti=<TaskInstance: dag_with_python_dependencies_v02.get_scikit_learn scheduled__2024-09-10T00:00:00+00:00 [queued]>
[2024-09-29T08:12:02.316+0000] {taskinstance.py:2612} INFO - Dependencies all met for dep_context=requeueable deps ti=<TaskInstance: dag_with_python_dependencies_v02.get_scikit_learn scheduled__2024-09-10T00:00:00+00:00 [queued]>
[2024-09-29T08:12:02.324+0000] {taskinstance.py:2865} INFO - Starting attempt 1 of 6
[2024-09-29T08:12:02.395+0000] {taskinstance.py:2888} INFO - Executing <Task(PythonOperator): get_scikit_learn> on 2024-09-10 00:00:00+00:00
[2024-09-29T08:12:02.419+0000] {logging_mixin.py:190} WARNING - /home/***/.local/lib/python3.12/site-packages/***/task/task_runner/standard_task_runner.py:70 DeprecationWarning: This process (pid=4203) is multi-threaded, use of fork() may lead to deadlocks in the child.
[2024-09-29T08:12:02.429+0000] {standard_task_runner.py:72} INFO - Started process 4226 to run task
[2024-09-29T08:12:02.434+0000] {standard_task_runner.py:104} INFO - Running: ['***', 'tasks', 'run', 'dag_with_python_dependencies_v02', 'get_scikit_learn', 'scheduled__2024-09-10T00:00:00+00:00', '--job-id', '649', '--raw', '--subdir', 'DAGS_FOLDER/dag_with_python_dependencies.py', '--cfg-path', '/tmp/tmp3i5proyi']
[2024-09-29T08:12:02.449+0000] {standard_task_runner.py:105} INFO - Job 649: Subtask get_scikit_learn
[2024-09-29T08:12:02.542+0000] {logging_mixin.py:190} WARNING - /home/***/.local/lib/python3.12/site-packages/***/settings.py:209 DeprecationWarning: The sql_alchemy_conn option in [core] has been moved to the sql_alchemy_conn option in [database] - the old setting has been used, but please update your config.
[2024-09-29T08:12:02.641+0000] {task_command.py:467} INFO - Running <TaskInstance: dag_with_python_dependencies_v02.get_scikit_learn scheduled__2024-09-10T00:00:00+00:00 [running]> on host 6851fee35b72
[2024-09-29T08:12:02.642+0000] {logging_mixin.py:190} WARNING - /home/***/.local/lib/python3.12/site-packages/***/settings.py:470 DeprecationWarning: The sql_alchemy_conn option in [core] has been moved to the sql_alchemy_conn option in [database] - the old setting has been used, but please update your config.
[2024-09-29T08:12:03.127+0000] {taskinstance.py:3131} INFO - Exporting env vars: AIRFLOW_CTX_DAG_OWNER='admin' AIRFLOW_CTX_DAG_ID='dag_with_python_dependencies_v02' AIRFLOW_CTX_TASK_ID='get_scikit_learn' AIRFLOW_CTX_EXECUTION_DATE='2024-09-10T00:00:00+00:00' AIRFLOW_CTX_TRY_NUMBER='1' AIRFLOW_CTX_DAG_RUN_ID='scheduled__2024-09-10T00:00:00+00:00'
[2024-09-29T08:12:03.162+0000] {taskinstance.py:731} INFO - ::endgroup::
[2024-09-29T08:12:14.879+0000] {logging_mixin.py:190} INFO - scikit-learn version:1.5.2
[2024-09-29T08:12:14.889+0000] {python.py:240} INFO - Done. Returned value was: None
[2024-09-29T08:12:15.097+0000] {taskinstance.py:340} INFO - ::group::Post task execution logs
[2024-09-29T08:12:15.101+0000] {taskinstance.py:352} INFO - Marking task as SUCCESS. dag_id=dag_with_python_dependencies_v02, task_id=get_scikit_learn, run_id=scheduled__2024-09-10T00:00:00+00:00, execution_date=20240910T000000, start_date=20240929T081202, end_date=20240929T081215
[2024-09-29T08:12:15.445+0000] {local_task_job_runner.py:266} INFO - Task exited with return code 0
[2024-09-29T08:12:15.640+0000] {taskinstance.py:3900} INFO - 1 downstream tasks scheduled from follow-on schedule check
[2024-09-29T08:12:15.646+0000] {local_task_job_runner.py:245} INFO - ::endgroup::
