[2024-09-29T08:17:32.828+0000] {local_task_job_runner.py:123} INFO - ::group::Pre task execution logs
[2024-09-29T08:17:32.846+0000] {taskinstance.py:2612} INFO - Dependencies all met for dep_context=non-requeueable deps ti=<TaskInstance: dag_with_python_dependencies_v02.get_matplotlib scheduled__2024-09-17T00:00:00+00:00 [queued]>
[2024-09-29T08:17:32.856+0000] {taskinstance.py:2612} INFO - Dependencies all met for dep_context=requeueable deps ti=<TaskInstance: dag_with_python_dependencies_v02.get_matplotlib scheduled__2024-09-17T00:00:00+00:00 [queued]>
[2024-09-29T08:17:32.857+0000] {taskinstance.py:2865} INFO - Starting attempt 1 of 6
[2024-09-29T08:17:32.900+0000] {taskinstance.py:2888} INFO - Executing <Task(PythonOperator): get_matplotlib> on 2024-09-17 00:00:00+00:00
[2024-09-29T08:17:32.915+0000] {logging_mixin.py:190} WARNING - /home/***/.local/lib/python3.12/site-packages/***/task/task_runner/standard_task_runner.py:70 DeprecationWarning: This process (pid=5550) is multi-threaded, use of fork() may lead to deadlocks in the child.
[2024-09-29T08:17:32.921+0000] {standard_task_runner.py:72} INFO - Started process 5555 to run task
[2024-09-29T08:17:32.919+0000] {standard_task_runner.py:104} INFO - Running: ['***', 'tasks', 'run', 'dag_with_python_dependencies_v02', 'get_matplotlib', 'scheduled__2024-09-17T00:00:00+00:00', '--job-id', '694', '--raw', '--subdir', 'DAGS_FOLDER/dag_with_python_dependencies.py', '--cfg-path', '/tmp/tmprsr5d3e7']
[2024-09-29T08:17:32.922+0000] {standard_task_runner.py:105} INFO - Job 694: Subtask get_matplotlib
[2024-09-29T08:17:32.954+0000] {logging_mixin.py:190} WARNING - /home/***/.local/lib/python3.12/site-packages/***/settings.py:209 DeprecationWarning: The sql_alchemy_conn option in [core] has been moved to the sql_alchemy_conn option in [database] - the old setting has been used, but please update your config.
[2024-09-29T08:17:32.987+0000] {task_command.py:467} INFO - Running <TaskInstance: dag_with_python_dependencies_v02.get_matplotlib scheduled__2024-09-17T00:00:00+00:00 [running]> on host 6851fee35b72
[2024-09-29T08:17:32.988+0000] {logging_mixin.py:190} WARNING - /home/***/.local/lib/python3.12/site-packages/***/settings.py:470 DeprecationWarning: The sql_alchemy_conn option in [core] has been moved to the sql_alchemy_conn option in [database] - the old setting has been used, but please update your config.
[2024-09-29T08:17:33.093+0000] {taskinstance.py:3131} INFO - Exporting env vars: AIRFLOW_CTX_DAG_OWNER='admin' AIRFLOW_CTX_DAG_ID='dag_with_python_dependencies_v02' AIRFLOW_CTX_TASK_ID='get_matplotlib' AIRFLOW_CTX_EXECUTION_DATE='2024-09-17T00:00:00+00:00' AIRFLOW_CTX_TRY_NUMBER='1' AIRFLOW_CTX_DAG_RUN_ID='scheduled__2024-09-17T00:00:00+00:00'
[2024-09-29T08:17:33.096+0000] {taskinstance.py:731} INFO - ::endgroup::
[2024-09-29T08:17:34.502+0000] {logging_mixin.py:190} INFO - matplotlib version:3.9.2
[2024-09-29T08:17:34.507+0000] {python.py:240} INFO - Done. Returned value was: None
[2024-09-29T08:17:34.540+0000] {taskinstance.py:340} INFO - ::group::Post task execution logs
[2024-09-29T08:17:34.540+0000] {taskinstance.py:352} INFO - Marking task as SUCCESS. dag_id=dag_with_python_dependencies_v02, task_id=get_matplotlib, run_id=scheduled__2024-09-17T00:00:00+00:00, execution_date=20240917T000000, start_date=20240929T081732, end_date=20240929T081734
[2024-09-29T08:17:34.689+0000] {local_task_job_runner.py:266} INFO - Task exited with return code 0
[2024-09-29T08:17:34.777+0000] {taskinstance.py:3900} INFO - 0 downstream tasks scheduled from follow-on schedule check
[2024-09-29T08:17:34.781+0000] {local_task_job_runner.py:245} INFO - ::endgroup::
