[2024-09-28T11:27:09.854+0000] {local_task_job_runner.py:123} INFO - ::group::Pre task execution logs
[2024-09-28T11:27:09.861+0000] {taskinstance.py:2612} INFO - Dependencies all met for dep_context=non-requeueable deps ti=<TaskInstance: first_dag_v3.task_three manual__2024-09-28T11:27:08.031273+00:00 [queued]>
[2024-09-28T11:27:09.866+0000] {taskinstance.py:2612} INFO - Dependencies all met for dep_context=requeueable deps ti=<TaskInstance: first_dag_v3.task_three manual__2024-09-28T11:27:08.031273+00:00 [queued]>
[2024-09-28T11:27:09.868+0000] {taskinstance.py:2865} INFO - Starting attempt 1 of 6
[2024-09-28T11:27:09.875+0000] {taskinstance.py:2888} INFO - Executing <Task(BashOperator): task_three> on 2024-09-28 11:27:08.031273+00:00
[2024-09-28T11:27:09.882+0000] {standard_task_runner.py:104} INFO - Running: ['***', 'tasks', 'run', 'first_dag_v3', 'task_three', 'manual__2024-09-28T11:27:08.031273+00:00', '--job-id', '16', '--raw', '--subdir', 'DAGS_FOLDER/first_dag.py', '--cfg-path', '/tmp/tmphizbk6im']
[2024-09-28T11:27:09.884+0000] {logging_mixin.py:190} WARNING - /home/***/.local/lib/python3.12/site-packages/***/task/task_runner/standard_task_runner.py:70 DeprecationWarning: This process (pid=1387) is multi-threaded, use of fork() may lead to deadlocks in the child.
[2024-09-28T11:27:09.885+0000] {standard_task_runner.py:72} INFO - Started process 1390 to run task
[2024-09-28T11:27:09.884+0000] {standard_task_runner.py:105} INFO - Job 16: Subtask task_three
[2024-09-28T11:27:09.914+0000] {task_command.py:467} INFO - Running <TaskInstance: first_dag_v3.task_three manual__2024-09-28T11:27:08.031273+00:00 [running]> on host f9a59cccd6d1
[2024-09-28T11:27:09.954+0000] {taskinstance.py:3131} INFO - Exporting env vars: AIRFLOW_CTX_DAG_OWNER='admin' AIRFLOW_CTX_DAG_ID='first_dag_v3' AIRFLOW_CTX_TASK_ID='task_three' AIRFLOW_CTX_EXECUTION_DATE='2024-09-28T11:27:08.031273+00:00' AIRFLOW_CTX_TRY_NUMBER='1' AIRFLOW_CTX_DAG_RUN_ID='manual__2024-09-28T11:27:08.031273+00:00'
[2024-09-28T11:27:09.955+0000] {taskinstance.py:731} INFO - ::endgroup::
[2024-09-28T11:27:09.964+0000] {subprocess.py:63} INFO - Tmp dir root location: /tmp
[2024-09-28T11:27:09.965+0000] {subprocess.py:75} INFO - Running command: ['/usr/bin/bash', '-c', 'echo hello earth, this will be run after task one.']
[2024-09-28T11:27:09.968+0000] {subprocess.py:86} INFO - Output:
[2024-09-28T11:27:09.969+0000] {subprocess.py:93} INFO - hello earth, this will be run after task one.
[2024-09-28T11:27:09.969+0000] {subprocess.py:97} INFO - Command exited with return code 0
[2024-09-28T11:27:09.982+0000] {taskinstance.py:340} INFO - ::group::Post task execution logs
[2024-09-28T11:27:09.982+0000] {taskinstance.py:352} INFO - Marking task as SUCCESS. dag_id=first_dag_v3, task_id=task_three, run_id=manual__2024-09-28T11:27:08.031273+00:00, execution_date=20240928T112708, start_date=20240928T112709, end_date=20240928T112709
[2024-09-28T11:27:10.023+0000] {local_task_job_runner.py:266} INFO - Task exited with return code 0
[2024-09-28T11:27:10.029+0000] {local_task_job_runner.py:245} INFO - ::endgroup::
