[2024-10-03T05:56:15.923+0000] {local_task_job_runner.py:123} INFO - ::group::Pre task execution logs
[2024-10-03T05:56:16.219+0000] {taskinstance.py:2612} INFO - Dependencies all met for dep_context=non-requeueable deps ti=<TaskInstance: first_dag_v6.task_three scheduled__2024-09-30T00:00:00+00:00 [queued]>
[2024-10-03T05:56:16.507+0000] {taskinstance.py:2612} INFO - Dependencies all met for dep_context=requeueable deps ti=<TaskInstance: first_dag_v6.task_three scheduled__2024-09-30T00:00:00+00:00 [queued]>
[2024-10-03T05:56:16.556+0000] {taskinstance.py:2865} INFO - Starting attempt 1 of 6
[2024-10-03T05:56:17.680+0000] {taskinstance.py:2888} INFO - Executing <Task(BashOperator): task_three> on 2024-09-30 00:00:00+00:00
[2024-10-03T05:56:17.778+0000] {standard_task_runner.py:104} INFO - Running: ['***', 'tasks', 'run', 'first_dag_v6', 'task_three', 'scheduled__2024-09-30T00:00:00+00:00', '--job-id', '1286', '--raw', '--subdir', 'DAGS_FOLDER/first_dag.py', '--cfg-path', '/tmp/tmp6zhi3num']
[2024-10-03T05:56:17.802+0000] {standard_task_runner.py:105} INFO - Job 1286: Subtask task_three
[2024-10-03T05:56:17.807+0000] {logging_mixin.py:190} WARNING - /home/***/.local/lib/python3.12/site-packages/***/task/task_runner/standard_task_runner.py:70 DeprecationWarning: This process (pid=379) is multi-threaded, use of fork() may lead to deadlocks in the child.
[2024-10-03T05:56:17.811+0000] {standard_task_runner.py:72} INFO - Started process 432 to run task
[2024-10-03T05:56:17.928+0000] {logging_mixin.py:190} WARNING - /home/***/.local/lib/python3.12/site-packages/***/settings.py:209 DeprecationWarning: The sql_alchemy_conn option in [core] has been moved to the sql_alchemy_conn option in [database] - the old setting has been used, but please update your config.
[2024-10-03T05:56:18.510+0000] {task_command.py:467} INFO - Running <TaskInstance: first_dag_v6.task_three scheduled__2024-09-30T00:00:00+00:00 [running]> on host 6851fee35b72
[2024-10-03T05:56:18.536+0000] {logging_mixin.py:190} WARNING - /home/***/.local/lib/python3.12/site-packages/***/settings.py:470 DeprecationWarning: The sql_alchemy_conn option in [core] has been moved to the sql_alchemy_conn option in [database] - the old setting has been used, but please update your config.
[2024-10-03T05:56:19.807+0000] {taskinstance.py:3131} INFO - Exporting env vars: AIRFLOW_CTX_DAG_OWNER='admin' AIRFLOW_CTX_DAG_ID='first_dag_v6' AIRFLOW_CTX_TASK_ID='task_three' AIRFLOW_CTX_EXECUTION_DATE='2024-09-30T00:00:00+00:00' AIRFLOW_CTX_TRY_NUMBER='1' AIRFLOW_CTX_DAG_RUN_ID='scheduled__2024-09-30T00:00:00+00:00'
[2024-10-03T05:56:19.836+0000] {taskinstance.py:731} INFO - ::endgroup::
[2024-10-03T05:56:20.245+0000] {subprocess.py:63} INFO - Tmp dir root location: /tmp
[2024-10-03T05:56:20.271+0000] {subprocess.py:75} INFO - Running command: ['/usr/bin/bash', '-c', 'echo hello earth, this will be run after task one.']
[2024-10-03T05:56:20.385+0000] {subprocess.py:86} INFO - Output:
[2024-10-03T05:56:20.400+0000] {subprocess.py:93} INFO - hello earth, this will be run after task one.
[2024-10-03T05:56:20.411+0000] {subprocess.py:97} INFO - Command exited with return code 0
[2024-10-03T05:56:20.763+0000] {taskinstance.py:340} INFO - ::group::Post task execution logs
[2024-10-03T05:56:20.785+0000] {taskinstance.py:352} INFO - Marking task as SUCCESS. dag_id=first_dag_v6, task_id=task_three, run_id=scheduled__2024-09-30T00:00:00+00:00, execution_date=20240930T000000, start_date=20241003T055616, end_date=20241003T055620
[2024-10-03T05:56:20.880+0000] {local_task_job_runner.py:266} INFO - Task exited with return code 0
[2024-10-03T05:56:21.078+0000] {taskinstance.py:3900} INFO - 0 downstream tasks scheduled from follow-on schedule check
[2024-10-03T05:56:21.091+0000] {local_task_job_runner.py:245} INFO - ::endgroup::
