[2024-09-28T07:47:28.235+0000] {processor.py:186} INFO - Started process (PID=324) to work on /home/airflow/.local/lib/python3.12/site-packages/airflow/example_dags/example_branch_labels.py
[2024-09-28T07:47:28.236+0000] {processor.py:914} INFO - Processing file /home/airflow/.local/lib/python3.12/site-packages/airflow/example_dags/example_branch_labels.py for tasks to queue
[2024-09-28T07:47:28.237+0000] {logging_mixin.py:190} INFO - [2024-09-28T07:47:28.237+0000] {dagbag.py:588} INFO - Filling up the DagBag from /home/airflow/.local/lib/python3.12/site-packages/airflow/example_dags/example_branch_labels.py
[2024-09-28T07:47:28.247+0000] {processor.py:925} INFO - DAG(s) 'example_branch_labels' retrieved from /home/airflow/.local/lib/python3.12/site-packages/airflow/example_dags/example_branch_labels.py
[2024-09-28T07:47:28.311+0000] {logging_mixin.py:190} INFO - [2024-09-28T07:47:28.310+0000] {override.py:1900} INFO - Created Permission View: can delete on DAG:example_branch_labels
[2024-09-28T07:47:28.316+0000] {logging_mixin.py:190} INFO - [2024-09-28T07:47:28.316+0000] {override.py:1900} INFO - Created Permission View: can edit on DAG:example_branch_labels
[2024-09-28T07:47:28.319+0000] {logging_mixin.py:190} INFO - [2024-09-28T07:47:28.319+0000] {override.py:1900} INFO - Created Permission View: can read on DAG:example_branch_labels
[2024-09-28T07:47:28.322+0000] {logging_mixin.py:190} INFO - [2024-09-28T07:47:28.322+0000] {override.py:1900} INFO - Created Permission View: menu access on DAG Run:example_branch_labels
[2024-09-28T07:47:28.325+0000] {logging_mixin.py:190} INFO - [2024-09-28T07:47:28.325+0000] {override.py:1900} INFO - Created Permission View: can delete on DAG Run:example_branch_labels
[2024-09-28T07:47:28.328+0000] {logging_mixin.py:190} INFO - [2024-09-28T07:47:28.328+0000] {override.py:1900} INFO - Created Permission View: can create on DAG Run:example_branch_labels
[2024-09-28T07:47:28.331+0000] {logging_mixin.py:190} INFO - [2024-09-28T07:47:28.331+0000] {override.py:1900} INFO - Created Permission View: can read on DAG Run:example_branch_labels
[2024-09-28T07:47:28.332+0000] {logging_mixin.py:190} INFO - [2024-09-28T07:47:28.331+0000] {dag.py:3239} INFO - Sync 1 DAGs
[2024-09-28T07:47:28.339+0000] {logging_mixin.py:190} INFO - [2024-09-28T07:47:28.339+0000] {dag.py:3262} INFO - Creating ORM DAG for example_branch_labels
[2024-09-28T07:47:28.345+0000] {logging_mixin.py:190} INFO - [2024-09-28T07:47:28.345+0000] {dag.py:4180} INFO - Setting next_dagrun for example_branch_labels to 2024-09-27 00:00:00+00:00, run_after=2024-09-28 00:00:00+00:00
[2024-09-28T07:47:28.353+0000] {processor.py:208} INFO - Processing /home/airflow/.local/lib/python3.12/site-packages/airflow/example_dags/example_branch_labels.py took 0.124 seconds
[2024-09-28T07:47:58.867+0000] {processor.py:186} INFO - Started process (PID=609) to work on /home/airflow/.local/lib/python3.12/site-packages/airflow/example_dags/example_branch_labels.py
[2024-09-28T07:47:58.869+0000] {processor.py:914} INFO - Processing file /home/airflow/.local/lib/python3.12/site-packages/airflow/example_dags/example_branch_labels.py for tasks to queue
[2024-09-28T07:47:58.871+0000] {logging_mixin.py:190} INFO - [2024-09-28T07:47:58.871+0000] {dagbag.py:588} INFO - Filling up the DagBag from /home/airflow/.local/lib/python3.12/site-packages/airflow/example_dags/example_branch_labels.py
[2024-09-28T07:47:58.879+0000] {processor.py:925} INFO - DAG(s) 'example_branch_labels' retrieved from /home/airflow/.local/lib/python3.12/site-packages/airflow/example_dags/example_branch_labels.py
[2024-09-28T07:47:58.903+0000] {logging_mixin.py:190} INFO - [2024-09-28T07:47:58.903+0000] {dag.py:3239} INFO - Sync 1 DAGs
[2024-09-28T07:47:58.933+0000] {logging_mixin.py:190} INFO - [2024-09-28T07:47:58.932+0000] {dag.py:4180} INFO - Setting next_dagrun for example_branch_labels to 2024-09-27 00:00:00+00:00, run_after=2024-09-28 00:00:00+00:00
[2024-09-28T07:47:58.952+0000] {processor.py:208} INFO - Processing /home/airflow/.local/lib/python3.12/site-packages/airflow/example_dags/example_branch_labels.py took 0.089 seconds
[2024-09-28T07:48:29.193+0000] {processor.py:186} INFO - Started process (PID=895) to work on /home/airflow/.local/lib/python3.12/site-packages/airflow/example_dags/example_branch_labels.py
[2024-09-28T07:48:29.194+0000] {processor.py:914} INFO - Processing file /home/airflow/.local/lib/python3.12/site-packages/airflow/example_dags/example_branch_labels.py for tasks to queue
[2024-09-28T07:48:29.196+0000] {logging_mixin.py:190} INFO - [2024-09-28T07:48:29.195+0000] {dagbag.py:588} INFO - Filling up the DagBag from /home/airflow/.local/lib/python3.12/site-packages/airflow/example_dags/example_branch_labels.py
[2024-09-28T07:48:29.201+0000] {processor.py:925} INFO - DAG(s) 'example_branch_labels' retrieved from /home/airflow/.local/lib/python3.12/site-packages/airflow/example_dags/example_branch_labels.py
[2024-09-28T07:48:29.214+0000] {logging_mixin.py:190} INFO - [2024-09-28T07:48:29.213+0000] {dag.py:3239} INFO - Sync 1 DAGs
[2024-09-28T07:48:29.228+0000] {logging_mixin.py:190} INFO - [2024-09-28T07:48:29.228+0000] {dag.py:4180} INFO - Setting next_dagrun for example_branch_labels to 2024-09-27 00:00:00+00:00, run_after=2024-09-28 00:00:00+00:00
[2024-09-28T07:48:29.238+0000] {processor.py:208} INFO - Processing /home/airflow/.local/lib/python3.12/site-packages/airflow/example_dags/example_branch_labels.py took 0.049 seconds
[2024-09-28T07:48:59.453+0000] {processor.py:186} INFO - Started process (PID=1180) to work on /home/airflow/.local/lib/python3.12/site-packages/airflow/example_dags/example_branch_labels.py
[2024-09-28T07:48:59.454+0000] {processor.py:914} INFO - Processing file /home/airflow/.local/lib/python3.12/site-packages/airflow/example_dags/example_branch_labels.py for tasks to queue
[2024-09-28T07:48:59.455+0000] {logging_mixin.py:190} INFO - [2024-09-28T07:48:59.454+0000] {dagbag.py:588} INFO - Filling up the DagBag from /home/airflow/.local/lib/python3.12/site-packages/airflow/example_dags/example_branch_labels.py
[2024-09-28T07:48:59.459+0000] {processor.py:925} INFO - DAG(s) 'example_branch_labels' retrieved from /home/airflow/.local/lib/python3.12/site-packages/airflow/example_dags/example_branch_labels.py
[2024-09-28T07:48:59.469+0000] {logging_mixin.py:190} INFO - [2024-09-28T07:48:59.469+0000] {dag.py:3239} INFO - Sync 1 DAGs
[2024-09-28T07:48:59.479+0000] {logging_mixin.py:190} INFO - [2024-09-28T07:48:59.479+0000] {dag.py:4180} INFO - Setting next_dagrun for example_branch_labels to 2024-09-27 00:00:00+00:00, run_after=2024-09-28 00:00:00+00:00
[2024-09-28T07:48:59.486+0000] {processor.py:208} INFO - Processing /home/airflow/.local/lib/python3.12/site-packages/airflow/example_dags/example_branch_labels.py took 0.037 seconds
[2024-09-28T07:49:29.617+0000] {processor.py:186} INFO - Started process (PID=1489) to work on /home/airflow/.local/lib/python3.12/site-packages/airflow/example_dags/example_branch_labels.py
[2024-09-28T07:49:29.617+0000] {processor.py:914} INFO - Processing file /home/airflow/.local/lib/python3.12/site-packages/airflow/example_dags/example_branch_labels.py for tasks to queue
[2024-09-28T07:49:29.618+0000] {logging_mixin.py:190} INFO - [2024-09-28T07:49:29.618+0000] {dagbag.py:588} INFO - Filling up the DagBag from /home/airflow/.local/lib/python3.12/site-packages/airflow/example_dags/example_branch_labels.py
[2024-09-28T07:49:29.623+0000] {processor.py:925} INFO - DAG(s) 'example_branch_labels' retrieved from /home/airflow/.local/lib/python3.12/site-packages/airflow/example_dags/example_branch_labels.py
[2024-09-28T07:49:29.633+0000] {logging_mixin.py:190} INFO - [2024-09-28T07:49:29.633+0000] {dag.py:3239} INFO - Sync 1 DAGs
[2024-09-28T07:49:29.643+0000] {logging_mixin.py:190} INFO - [2024-09-28T07:49:29.643+0000] {dag.py:4180} INFO - Setting next_dagrun for example_branch_labels to 2024-09-27 00:00:00+00:00, run_after=2024-09-28 00:00:00+00:00
[2024-09-28T07:49:29.651+0000] {processor.py:208} INFO - Processing /home/airflow/.local/lib/python3.12/site-packages/airflow/example_dags/example_branch_labels.py took 0.038 seconds
[2024-09-28T07:49:59.906+0000] {processor.py:186} INFO - Started process (PID=1783) to work on /home/airflow/.local/lib/python3.12/site-packages/airflow/example_dags/example_branch_labels.py
[2024-09-28T07:49:59.907+0000] {processor.py:914} INFO - Processing file /home/airflow/.local/lib/python3.12/site-packages/airflow/example_dags/example_branch_labels.py for tasks to queue
[2024-09-28T07:49:59.908+0000] {logging_mixin.py:190} INFO - [2024-09-28T07:49:59.908+0000] {dagbag.py:588} INFO - Filling up the DagBag from /home/airflow/.local/lib/python3.12/site-packages/airflow/example_dags/example_branch_labels.py
[2024-09-28T07:49:59.913+0000] {processor.py:925} INFO - DAG(s) 'example_branch_labels' retrieved from /home/airflow/.local/lib/python3.12/site-packages/airflow/example_dags/example_branch_labels.py
[2024-09-28T07:49:59.923+0000] {logging_mixin.py:190} INFO - [2024-09-28T07:49:59.923+0000] {dag.py:3239} INFO - Sync 1 DAGs
[2024-09-28T07:49:59.934+0000] {logging_mixin.py:190} INFO - [2024-09-28T07:49:59.934+0000] {dag.py:4180} INFO - Setting next_dagrun for example_branch_labels to 2024-09-27 00:00:00+00:00, run_after=2024-09-28 00:00:00+00:00
[2024-09-28T07:49:59.941+0000] {processor.py:208} INFO - Processing /home/airflow/.local/lib/python3.12/site-packages/airflow/example_dags/example_branch_labels.py took 0.038 seconds
[2024-09-28T07:50:30.192+0000] {processor.py:186} INFO - Started process (PID=2067) to work on /home/airflow/.local/lib/python3.12/site-packages/airflow/example_dags/example_branch_labels.py
[2024-09-28T07:50:30.193+0000] {processor.py:914} INFO - Processing file /home/airflow/.local/lib/python3.12/site-packages/airflow/example_dags/example_branch_labels.py for tasks to queue
[2024-09-28T07:50:30.194+0000] {logging_mixin.py:190} INFO - [2024-09-28T07:50:30.194+0000] {dagbag.py:588} INFO - Filling up the DagBag from /home/airflow/.local/lib/python3.12/site-packages/airflow/example_dags/example_branch_labels.py
[2024-09-28T07:50:30.199+0000] {processor.py:925} INFO - DAG(s) 'example_branch_labels' retrieved from /home/airflow/.local/lib/python3.12/site-packages/airflow/example_dags/example_branch_labels.py
[2024-09-28T07:50:30.209+0000] {logging_mixin.py:190} INFO - [2024-09-28T07:50:30.209+0000] {dag.py:3239} INFO - Sync 1 DAGs
[2024-09-28T07:50:30.220+0000] {logging_mixin.py:190} INFO - [2024-09-28T07:50:30.220+0000] {dag.py:4180} INFO - Setting next_dagrun for example_branch_labels to 2024-09-27 00:00:00+00:00, run_after=2024-09-28 00:00:00+00:00
[2024-09-28T07:50:30.227+0000] {processor.py:208} INFO - Processing /home/airflow/.local/lib/python3.12/site-packages/airflow/example_dags/example_branch_labels.py took 0.038 seconds
[2024-09-28T07:51:00.492+0000] {processor.py:186} INFO - Started process (PID=2352) to work on /home/airflow/.local/lib/python3.12/site-packages/airflow/example_dags/example_branch_labels.py
[2024-09-28T07:51:00.493+0000] {processor.py:914} INFO - Processing file /home/airflow/.local/lib/python3.12/site-packages/airflow/example_dags/example_branch_labels.py for tasks to queue
[2024-09-28T07:51:00.494+0000] {logging_mixin.py:190} INFO - [2024-09-28T07:51:00.494+0000] {dagbag.py:588} INFO - Filling up the DagBag from /home/airflow/.local/lib/python3.12/site-packages/airflow/example_dags/example_branch_labels.py
[2024-09-28T07:51:00.501+0000] {processor.py:925} INFO - DAG(s) 'example_branch_labels' retrieved from /home/airflow/.local/lib/python3.12/site-packages/airflow/example_dags/example_branch_labels.py
[2024-09-28T07:51:00.511+0000] {logging_mixin.py:190} INFO - [2024-09-28T07:51:00.511+0000] {dag.py:3239} INFO - Sync 1 DAGs
[2024-09-28T07:51:00.522+0000] {logging_mixin.py:190} INFO - [2024-09-28T07:51:00.522+0000] {dag.py:4180} INFO - Setting next_dagrun for example_branch_labels to 2024-09-27 00:00:00+00:00, run_after=2024-09-28 00:00:00+00:00
[2024-09-28T07:51:00.529+0000] {processor.py:208} INFO - Processing /home/airflow/.local/lib/python3.12/site-packages/airflow/example_dags/example_branch_labels.py took 0.040 seconds
[2024-09-28T07:51:30.727+0000] {processor.py:186} INFO - Started process (PID=2637) to work on /home/airflow/.local/lib/python3.12/site-packages/airflow/example_dags/example_branch_labels.py
[2024-09-28T07:51:30.728+0000] {processor.py:914} INFO - Processing file /home/airflow/.local/lib/python3.12/site-packages/airflow/example_dags/example_branch_labels.py for tasks to queue
[2024-09-28T07:51:30.729+0000] {logging_mixin.py:190} INFO - [2024-09-28T07:51:30.729+0000] {dagbag.py:588} INFO - Filling up the DagBag from /home/airflow/.local/lib/python3.12/site-packages/airflow/example_dags/example_branch_labels.py
[2024-09-28T07:51:30.734+0000] {processor.py:925} INFO - DAG(s) 'example_branch_labels' retrieved from /home/airflow/.local/lib/python3.12/site-packages/airflow/example_dags/example_branch_labels.py
[2024-09-28T07:51:30.749+0000] {logging_mixin.py:190} INFO - [2024-09-28T07:51:30.749+0000] {dag.py:3239} INFO - Sync 1 DAGs
[2024-09-28T07:51:30.760+0000] {logging_mixin.py:190} INFO - [2024-09-28T07:51:30.760+0000] {dag.py:4180} INFO - Setting next_dagrun for example_branch_labels to 2024-09-27 00:00:00+00:00, run_after=2024-09-28 00:00:00+00:00
[2024-09-28T07:51:30.769+0000] {processor.py:208} INFO - Processing /home/airflow/.local/lib/python3.12/site-packages/airflow/example_dags/example_branch_labels.py took 0.045 seconds
[2024-09-28T07:52:00.827+0000] {processor.py:186} INFO - Started process (PID=2918) to work on /home/airflow/.local/lib/python3.12/site-packages/airflow/example_dags/example_branch_labels.py
[2024-09-28T07:52:00.829+0000] {processor.py:914} INFO - Processing file /home/airflow/.local/lib/python3.12/site-packages/airflow/example_dags/example_branch_labels.py for tasks to queue
[2024-09-28T07:52:00.830+0000] {logging_mixin.py:190} INFO - [2024-09-28T07:52:00.830+0000] {dagbag.py:588} INFO - Filling up the DagBag from /home/airflow/.local/lib/python3.12/site-packages/airflow/example_dags/example_branch_labels.py
[2024-09-28T07:52:00.835+0000] {processor.py:925} INFO - DAG(s) 'example_branch_labels' retrieved from /home/airflow/.local/lib/python3.12/site-packages/airflow/example_dags/example_branch_labels.py
[2024-09-28T07:52:00.848+0000] {logging_mixin.py:190} INFO - [2024-09-28T07:52:00.848+0000] {dag.py:3239} INFO - Sync 1 DAGs
[2024-09-28T07:52:00.864+0000] {logging_mixin.py:190} INFO - [2024-09-28T07:52:00.864+0000] {dag.py:4180} INFO - Setting next_dagrun for example_branch_labels to 2024-09-27 00:00:00+00:00, run_after=2024-09-28 00:00:00+00:00
[2024-09-28T07:52:00.873+0000] {processor.py:208} INFO - Processing /home/airflow/.local/lib/python3.12/site-packages/airflow/example_dags/example_branch_labels.py took 0.049 seconds
[2024-09-28T07:52:32.039+0000] {processor.py:186} INFO - Started process (PID=3206) to work on /home/airflow/.local/lib/python3.12/site-packages/airflow/example_dags/example_branch_labels.py
[2024-09-28T07:52:32.040+0000] {processor.py:914} INFO - Processing file /home/airflow/.local/lib/python3.12/site-packages/airflow/example_dags/example_branch_labels.py for tasks to queue
[2024-09-28T07:52:32.041+0000] {logging_mixin.py:190} INFO - [2024-09-28T07:52:32.041+0000] {dagbag.py:588} INFO - Filling up the DagBag from /home/airflow/.local/lib/python3.12/site-packages/airflow/example_dags/example_branch_labels.py
[2024-09-28T07:52:32.046+0000] {processor.py:925} INFO - DAG(s) 'example_branch_labels' retrieved from /home/airflow/.local/lib/python3.12/site-packages/airflow/example_dags/example_branch_labels.py
[2024-09-28T07:52:32.055+0000] {logging_mixin.py:190} INFO - [2024-09-28T07:52:32.055+0000] {dag.py:3239} INFO - Sync 1 DAGs
[2024-09-28T07:52:32.066+0000] {logging_mixin.py:190} INFO - [2024-09-28T07:52:32.066+0000] {dag.py:4180} INFO - Setting next_dagrun for example_branch_labels to 2024-09-27 00:00:00+00:00, run_after=2024-09-28 00:00:00+00:00
[2024-09-28T07:52:32.073+0000] {processor.py:208} INFO - Processing /home/airflow/.local/lib/python3.12/site-packages/airflow/example_dags/example_branch_labels.py took 0.037 seconds
[2024-09-28T07:53:02.326+0000] {processor.py:186} INFO - Started process (PID=3490) to work on /home/airflow/.local/lib/python3.12/site-packages/airflow/example_dags/example_branch_labels.py
[2024-09-28T07:53:02.328+0000] {processor.py:914} INFO - Processing file /home/airflow/.local/lib/python3.12/site-packages/airflow/example_dags/example_branch_labels.py for tasks to queue
[2024-09-28T07:53:02.329+0000] {logging_mixin.py:190} INFO - [2024-09-28T07:53:02.329+0000] {dagbag.py:588} INFO - Filling up the DagBag from /home/airflow/.local/lib/python3.12/site-packages/airflow/example_dags/example_branch_labels.py
[2024-09-28T07:53:02.334+0000] {processor.py:925} INFO - DAG(s) 'example_branch_labels' retrieved from /home/airflow/.local/lib/python3.12/site-packages/airflow/example_dags/example_branch_labels.py
[2024-09-28T07:53:02.347+0000] {logging_mixin.py:190} INFO - [2024-09-28T07:53:02.347+0000] {dag.py:3239} INFO - Sync 1 DAGs
[2024-09-28T07:53:02.359+0000] {logging_mixin.py:190} INFO - [2024-09-28T07:53:02.359+0000] {dag.py:4180} INFO - Setting next_dagrun for example_branch_labels to 2024-09-27 00:00:00+00:00, run_after=2024-09-28 00:00:00+00:00
[2024-09-28T07:53:02.374+0000] {processor.py:208} INFO - Processing /home/airflow/.local/lib/python3.12/site-packages/airflow/example_dags/example_branch_labels.py took 0.051 seconds
[2024-09-28T07:53:32.675+0000] {processor.py:186} INFO - Started process (PID=3778) to work on /home/airflow/.local/lib/python3.12/site-packages/airflow/example_dags/example_branch_labels.py
[2024-09-28T07:53:32.676+0000] {processor.py:914} INFO - Processing file /home/airflow/.local/lib/python3.12/site-packages/airflow/example_dags/example_branch_labels.py for tasks to queue
[2024-09-28T07:53:32.678+0000] {logging_mixin.py:190} INFO - [2024-09-28T07:53:32.677+0000] {dagbag.py:588} INFO - Filling up the DagBag from /home/airflow/.local/lib/python3.12/site-packages/airflow/example_dags/example_branch_labels.py
[2024-09-28T07:53:32.682+0000] {processor.py:925} INFO - DAG(s) 'example_branch_labels' retrieved from /home/airflow/.local/lib/python3.12/site-packages/airflow/example_dags/example_branch_labels.py
[2024-09-28T07:53:32.695+0000] {logging_mixin.py:190} INFO - [2024-09-28T07:53:32.694+0000] {dag.py:3239} INFO - Sync 1 DAGs
[2024-09-28T07:53:32.709+0000] {logging_mixin.py:190} INFO - [2024-09-28T07:53:32.708+0000] {dag.py:4180} INFO - Setting next_dagrun for example_branch_labels to 2024-09-27 00:00:00+00:00, run_after=2024-09-28 00:00:00+00:00
[2024-09-28T07:53:32.717+0000] {processor.py:208} INFO - Processing /home/airflow/.local/lib/python3.12/site-packages/airflow/example_dags/example_branch_labels.py took 0.045 seconds
[2024-09-28T07:54:02.933+0000] {processor.py:186} INFO - Started process (PID=4062) to work on /home/airflow/.local/lib/python3.12/site-packages/airflow/example_dags/example_branch_labels.py
[2024-09-28T07:54:02.936+0000] {processor.py:914} INFO - Processing file /home/airflow/.local/lib/python3.12/site-packages/airflow/example_dags/example_branch_labels.py for tasks to queue
[2024-09-28T07:54:02.937+0000] {logging_mixin.py:190} INFO - [2024-09-28T07:54:02.937+0000] {dagbag.py:588} INFO - Filling up the DagBag from /home/airflow/.local/lib/python3.12/site-packages/airflow/example_dags/example_branch_labels.py
[2024-09-28T07:54:02.942+0000] {processor.py:925} INFO - DAG(s) 'example_branch_labels' retrieved from /home/airflow/.local/lib/python3.12/site-packages/airflow/example_dags/example_branch_labels.py
[2024-09-28T07:54:02.952+0000] {logging_mixin.py:190} INFO - [2024-09-28T07:54:02.952+0000] {dag.py:3239} INFO - Sync 1 DAGs
[2024-09-28T07:54:02.964+0000] {logging_mixin.py:190} INFO - [2024-09-28T07:54:02.964+0000] {dag.py:4180} INFO - Setting next_dagrun for example_branch_labels to 2024-09-27 00:00:00+00:00, run_after=2024-09-28 00:00:00+00:00
[2024-09-28T07:54:02.972+0000] {processor.py:208} INFO - Processing /home/airflow/.local/lib/python3.12/site-packages/airflow/example_dags/example_branch_labels.py took 0.042 seconds
[2024-09-28T07:54:33.451+0000] {processor.py:186} INFO - Started process (PID=4355) to work on /home/airflow/.local/lib/python3.12/site-packages/airflow/example_dags/example_branch_labels.py
[2024-09-28T07:54:33.454+0000] {processor.py:914} INFO - Processing file /home/airflow/.local/lib/python3.12/site-packages/airflow/example_dags/example_branch_labels.py for tasks to queue
[2024-09-28T07:54:33.455+0000] {logging_mixin.py:190} INFO - [2024-09-28T07:54:33.455+0000] {dagbag.py:588} INFO - Filling up the DagBag from /home/airflow/.local/lib/python3.12/site-packages/airflow/example_dags/example_branch_labels.py
[2024-09-28T07:54:33.460+0000] {processor.py:925} INFO - DAG(s) 'example_branch_labels' retrieved from /home/airflow/.local/lib/python3.12/site-packages/airflow/example_dags/example_branch_labels.py
[2024-09-28T07:54:33.473+0000] {logging_mixin.py:190} INFO - [2024-09-28T07:54:33.473+0000] {dag.py:3239} INFO - Sync 1 DAGs
[2024-09-28T07:54:33.484+0000] {logging_mixin.py:190} INFO - [2024-09-28T07:54:33.484+0000] {dag.py:4180} INFO - Setting next_dagrun for example_branch_labels to 2024-09-27 00:00:00+00:00, run_after=2024-09-28 00:00:00+00:00
[2024-09-28T07:54:33.497+0000] {processor.py:208} INFO - Processing /home/airflow/.local/lib/python3.12/site-packages/airflow/example_dags/example_branch_labels.py took 0.050 seconds
[2024-09-28T07:55:03.863+0000] {processor.py:186} INFO - Started process (PID=4641) to work on /home/airflow/.local/lib/python3.12/site-packages/airflow/example_dags/example_branch_labels.py
[2024-09-28T07:55:03.864+0000] {processor.py:914} INFO - Processing file /home/airflow/.local/lib/python3.12/site-packages/airflow/example_dags/example_branch_labels.py for tasks to queue
[2024-09-28T07:55:03.866+0000] {logging_mixin.py:190} INFO - [2024-09-28T07:55:03.865+0000] {dagbag.py:588} INFO - Filling up the DagBag from /home/airflow/.local/lib/python3.12/site-packages/airflow/example_dags/example_branch_labels.py
[2024-09-28T07:55:03.871+0000] {processor.py:925} INFO - DAG(s) 'example_branch_labels' retrieved from /home/airflow/.local/lib/python3.12/site-packages/airflow/example_dags/example_branch_labels.py
[2024-09-28T07:55:03.888+0000] {logging_mixin.py:190} INFO - [2024-09-28T07:55:03.888+0000] {dag.py:3239} INFO - Sync 1 DAGs
[2024-09-28T07:55:03.900+0000] {logging_mixin.py:190} INFO - [2024-09-28T07:55:03.899+0000] {dag.py:4180} INFO - Setting next_dagrun for example_branch_labels to 2024-09-27 00:00:00+00:00, run_after=2024-09-28 00:00:00+00:00
[2024-09-28T07:55:03.911+0000] {processor.py:208} INFO - Processing /home/airflow/.local/lib/python3.12/site-packages/airflow/example_dags/example_branch_labels.py took 0.051 seconds
[2024-09-28T07:55:34.140+0000] {processor.py:186} INFO - Started process (PID=4925) to work on /home/airflow/.local/lib/python3.12/site-packages/airflow/example_dags/example_branch_labels.py
[2024-09-28T07:55:34.141+0000] {processor.py:914} INFO - Processing file /home/airflow/.local/lib/python3.12/site-packages/airflow/example_dags/example_branch_labels.py for tasks to queue
[2024-09-28T07:55:34.143+0000] {logging_mixin.py:190} INFO - [2024-09-28T07:55:34.143+0000] {dagbag.py:588} INFO - Filling up the DagBag from /home/airflow/.local/lib/python3.12/site-packages/airflow/example_dags/example_branch_labels.py
[2024-09-28T07:55:34.150+0000] {processor.py:925} INFO - DAG(s) 'example_branch_labels' retrieved from /home/airflow/.local/lib/python3.12/site-packages/airflow/example_dags/example_branch_labels.py
[2024-09-28T07:55:34.162+0000] {logging_mixin.py:190} INFO - [2024-09-28T07:55:34.162+0000] {dag.py:3239} INFO - Sync 1 DAGs
[2024-09-28T07:55:34.176+0000] {logging_mixin.py:190} INFO - [2024-09-28T07:55:34.175+0000] {dag.py:4180} INFO - Setting next_dagrun for example_branch_labels to 2024-09-27 00:00:00+00:00, run_after=2024-09-28 00:00:00+00:00
[2024-09-28T07:55:34.183+0000] {processor.py:208} INFO - Processing /home/airflow/.local/lib/python3.12/site-packages/airflow/example_dags/example_branch_labels.py took 0.046 seconds
[2024-09-28T07:56:04.478+0000] {processor.py:186} INFO - Started process (PID=5211) to work on /home/airflow/.local/lib/python3.12/site-packages/airflow/example_dags/example_branch_labels.py
[2024-09-28T07:56:04.479+0000] {processor.py:914} INFO - Processing file /home/airflow/.local/lib/python3.12/site-packages/airflow/example_dags/example_branch_labels.py for tasks to queue
[2024-09-28T07:56:04.482+0000] {logging_mixin.py:190} INFO - [2024-09-28T07:56:04.481+0000] {dagbag.py:588} INFO - Filling up the DagBag from /home/airflow/.local/lib/python3.12/site-packages/airflow/example_dags/example_branch_labels.py
[2024-09-28T07:56:04.489+0000] {processor.py:925} INFO - DAG(s) 'example_branch_labels' retrieved from /home/airflow/.local/lib/python3.12/site-packages/airflow/example_dags/example_branch_labels.py
[2024-09-28T07:56:04.503+0000] {logging_mixin.py:190} INFO - [2024-09-28T07:56:04.503+0000] {dag.py:3239} INFO - Sync 1 DAGs
[2024-09-28T07:56:04.516+0000] {logging_mixin.py:190} INFO - [2024-09-28T07:56:04.516+0000] {dag.py:4180} INFO - Setting next_dagrun for example_branch_labels to 2024-09-27 00:00:00+00:00, run_after=2024-09-28 00:00:00+00:00
[2024-09-28T07:56:04.524+0000] {processor.py:208} INFO - Processing /home/airflow/.local/lib/python3.12/site-packages/airflow/example_dags/example_branch_labels.py took 0.050 seconds
[2024-09-28T07:56:34.985+0000] {processor.py:186} INFO - Started process (PID=5497) to work on /home/airflow/.local/lib/python3.12/site-packages/airflow/example_dags/example_branch_labels.py
[2024-09-28T07:56:34.988+0000] {processor.py:914} INFO - Processing file /home/airflow/.local/lib/python3.12/site-packages/airflow/example_dags/example_branch_labels.py for tasks to queue
[2024-09-28T07:56:34.990+0000] {logging_mixin.py:190} INFO - [2024-09-28T07:56:34.990+0000] {dagbag.py:588} INFO - Filling up the DagBag from /home/airflow/.local/lib/python3.12/site-packages/airflow/example_dags/example_branch_labels.py
[2024-09-28T07:56:34.996+0000] {processor.py:925} INFO - DAG(s) 'example_branch_labels' retrieved from /home/airflow/.local/lib/python3.12/site-packages/airflow/example_dags/example_branch_labels.py
[2024-09-28T07:56:35.009+0000] {logging_mixin.py:190} INFO - [2024-09-28T07:56:35.009+0000] {dag.py:3239} INFO - Sync 1 DAGs
[2024-09-28T07:56:35.022+0000] {logging_mixin.py:190} INFO - [2024-09-28T07:56:35.022+0000] {dag.py:4180} INFO - Setting next_dagrun for example_branch_labels to 2024-09-27 00:00:00+00:00, run_after=2024-09-28 00:00:00+00:00
[2024-09-28T07:56:35.032+0000] {processor.py:208} INFO - Processing /home/airflow/.local/lib/python3.12/site-packages/airflow/example_dags/example_branch_labels.py took 0.051 seconds
[2024-09-28T07:57:05.230+0000] {processor.py:186} INFO - Started process (PID=5778) to work on /home/airflow/.local/lib/python3.12/site-packages/airflow/example_dags/example_branch_labels.py
[2024-09-28T07:57:05.231+0000] {processor.py:914} INFO - Processing file /home/airflow/.local/lib/python3.12/site-packages/airflow/example_dags/example_branch_labels.py for tasks to queue
[2024-09-28T07:57:05.233+0000] {logging_mixin.py:190} INFO - [2024-09-28T07:57:05.232+0000] {dagbag.py:588} INFO - Filling up the DagBag from /home/airflow/.local/lib/python3.12/site-packages/airflow/example_dags/example_branch_labels.py
[2024-09-28T07:57:05.238+0000] {processor.py:925} INFO - DAG(s) 'example_branch_labels' retrieved from /home/airflow/.local/lib/python3.12/site-packages/airflow/example_dags/example_branch_labels.py
[2024-09-28T07:57:05.251+0000] {logging_mixin.py:190} INFO - [2024-09-28T07:57:05.250+0000] {dag.py:3239} INFO - Sync 1 DAGs
[2024-09-28T07:57:05.264+0000] {logging_mixin.py:190} INFO - [2024-09-28T07:57:05.264+0000] {dag.py:4180} INFO - Setting next_dagrun for example_branch_labels to 2024-09-27 00:00:00+00:00, run_after=2024-09-28 00:00:00+00:00
[2024-09-28T07:57:05.277+0000] {processor.py:208} INFO - Processing /home/airflow/.local/lib/python3.12/site-packages/airflow/example_dags/example_branch_labels.py took 0.050 seconds
[2024-09-28T07:57:35.543+0000] {processor.py:186} INFO - Started process (PID=6064) to work on /home/airflow/.local/lib/python3.12/site-packages/airflow/example_dags/example_branch_labels.py
[2024-09-28T07:57:35.543+0000] {processor.py:914} INFO - Processing file /home/airflow/.local/lib/python3.12/site-packages/airflow/example_dags/example_branch_labels.py for tasks to queue
[2024-09-28T07:57:35.545+0000] {logging_mixin.py:190} INFO - [2024-09-28T07:57:35.545+0000] {dagbag.py:588} INFO - Filling up the DagBag from /home/airflow/.local/lib/python3.12/site-packages/airflow/example_dags/example_branch_labels.py
[2024-09-28T07:57:35.551+0000] {processor.py:925} INFO - DAG(s) 'example_branch_labels' retrieved from /home/airflow/.local/lib/python3.12/site-packages/airflow/example_dags/example_branch_labels.py
[2024-09-28T07:57:35.563+0000] {logging_mixin.py:190} INFO - [2024-09-28T07:57:35.563+0000] {dag.py:3239} INFO - Sync 1 DAGs
[2024-09-28T07:57:35.579+0000] {logging_mixin.py:190} INFO - [2024-09-28T07:57:35.579+0000] {dag.py:4180} INFO - Setting next_dagrun for example_branch_labels to 2024-09-27 00:00:00+00:00, run_after=2024-09-28 00:00:00+00:00
[2024-09-28T07:57:35.593+0000] {processor.py:208} INFO - Processing /home/airflow/.local/lib/python3.12/site-packages/airflow/example_dags/example_branch_labels.py took 0.055 seconds
[2024-09-28T07:58:05.843+0000] {processor.py:186} INFO - Started process (PID=6351) to work on /home/airflow/.local/lib/python3.12/site-packages/airflow/example_dags/example_branch_labels.py
[2024-09-28T07:58:05.844+0000] {processor.py:914} INFO - Processing file /home/airflow/.local/lib/python3.12/site-packages/airflow/example_dags/example_branch_labels.py for tasks to queue
[2024-09-28T07:58:05.845+0000] {logging_mixin.py:190} INFO - [2024-09-28T07:58:05.845+0000] {dagbag.py:588} INFO - Filling up the DagBag from /home/airflow/.local/lib/python3.12/site-packages/airflow/example_dags/example_branch_labels.py
[2024-09-28T07:58:05.849+0000] {processor.py:925} INFO - DAG(s) 'example_branch_labels' retrieved from /home/airflow/.local/lib/python3.12/site-packages/airflow/example_dags/example_branch_labels.py
[2024-09-28T07:58:05.859+0000] {logging_mixin.py:190} INFO - [2024-09-28T07:58:05.859+0000] {dag.py:3239} INFO - Sync 1 DAGs
[2024-09-28T07:58:05.870+0000] {logging_mixin.py:190} INFO - [2024-09-28T07:58:05.869+0000] {dag.py:4180} INFO - Setting next_dagrun for example_branch_labels to 2024-09-27 00:00:00+00:00, run_after=2024-09-28 00:00:00+00:00
[2024-09-28T07:58:05.877+0000] {processor.py:208} INFO - Processing /home/airflow/.local/lib/python3.12/site-packages/airflow/example_dags/example_branch_labels.py took 0.036 seconds
[2024-09-28T07:58:36.184+0000] {processor.py:186} INFO - Started process (PID=6637) to work on /home/airflow/.local/lib/python3.12/site-packages/airflow/example_dags/example_branch_labels.py
[2024-09-28T07:58:36.184+0000] {processor.py:914} INFO - Processing file /home/airflow/.local/lib/python3.12/site-packages/airflow/example_dags/example_branch_labels.py for tasks to queue
[2024-09-28T07:58:36.186+0000] {logging_mixin.py:190} INFO - [2024-09-28T07:58:36.185+0000] {dagbag.py:588} INFO - Filling up the DagBag from /home/airflow/.local/lib/python3.12/site-packages/airflow/example_dags/example_branch_labels.py
[2024-09-28T07:58:36.191+0000] {processor.py:925} INFO - DAG(s) 'example_branch_labels' retrieved from /home/airflow/.local/lib/python3.12/site-packages/airflow/example_dags/example_branch_labels.py
[2024-09-28T07:58:36.202+0000] {logging_mixin.py:190} INFO - [2024-09-28T07:58:36.202+0000] {dag.py:3239} INFO - Sync 1 DAGs
[2024-09-28T07:58:36.218+0000] {logging_mixin.py:190} INFO - [2024-09-28T07:58:36.218+0000] {dag.py:4180} INFO - Setting next_dagrun for example_branch_labels to 2024-09-27 00:00:00+00:00, run_after=2024-09-28 00:00:00+00:00
[2024-09-28T07:58:36.225+0000] {processor.py:208} INFO - Processing /home/airflow/.local/lib/python3.12/site-packages/airflow/example_dags/example_branch_labels.py took 0.045 seconds
[2024-09-28T07:59:06.692+0000] {processor.py:186} INFO - Started process (PID=6926) to work on /home/airflow/.local/lib/python3.12/site-packages/airflow/example_dags/example_branch_labels.py
[2024-09-28T07:59:06.693+0000] {processor.py:914} INFO - Processing file /home/airflow/.local/lib/python3.12/site-packages/airflow/example_dags/example_branch_labels.py for tasks to queue
[2024-09-28T07:59:06.694+0000] {logging_mixin.py:190} INFO - [2024-09-28T07:59:06.694+0000] {dagbag.py:588} INFO - Filling up the DagBag from /home/airflow/.local/lib/python3.12/site-packages/airflow/example_dags/example_branch_labels.py
[2024-09-28T07:59:06.700+0000] {processor.py:925} INFO - DAG(s) 'example_branch_labels' retrieved from /home/airflow/.local/lib/python3.12/site-packages/airflow/example_dags/example_branch_labels.py
[2024-09-28T07:59:06.714+0000] {logging_mixin.py:190} INFO - [2024-09-28T07:59:06.714+0000] {dag.py:3239} INFO - Sync 1 DAGs
[2024-09-28T07:59:06.734+0000] {logging_mixin.py:190} INFO - [2024-09-28T07:59:06.734+0000] {dag.py:4180} INFO - Setting next_dagrun for example_branch_labels to 2024-09-27 00:00:00+00:00, run_after=2024-09-28 00:00:00+00:00
[2024-09-28T07:59:06.746+0000] {processor.py:208} INFO - Processing /home/airflow/.local/lib/python3.12/site-packages/airflow/example_dags/example_branch_labels.py took 0.058 seconds
[2024-09-28T07:59:37.185+0000] {processor.py:186} INFO - Started process (PID=7212) to work on /home/airflow/.local/lib/python3.12/site-packages/airflow/example_dags/example_branch_labels.py
[2024-09-28T07:59:37.186+0000] {processor.py:914} INFO - Processing file /home/airflow/.local/lib/python3.12/site-packages/airflow/example_dags/example_branch_labels.py for tasks to queue
[2024-09-28T07:59:37.188+0000] {logging_mixin.py:190} INFO - [2024-09-28T07:59:37.187+0000] {dagbag.py:588} INFO - Filling up the DagBag from /home/airflow/.local/lib/python3.12/site-packages/airflow/example_dags/example_branch_labels.py
[2024-09-28T07:59:37.192+0000] {processor.py:925} INFO - DAG(s) 'example_branch_labels' retrieved from /home/airflow/.local/lib/python3.12/site-packages/airflow/example_dags/example_branch_labels.py
[2024-09-28T07:59:37.205+0000] {logging_mixin.py:190} INFO - [2024-09-28T07:59:37.205+0000] {dag.py:3239} INFO - Sync 1 DAGs
[2024-09-28T07:59:37.218+0000] {logging_mixin.py:190} INFO - [2024-09-28T07:59:37.217+0000] {dag.py:4180} INFO - Setting next_dagrun for example_branch_labels to 2024-09-27 00:00:00+00:00, run_after=2024-09-28 00:00:00+00:00
[2024-09-28T07:59:37.229+0000] {processor.py:208} INFO - Processing /home/airflow/.local/lib/python3.12/site-packages/airflow/example_dags/example_branch_labels.py took 0.047 seconds
[2024-09-28T08:00:07.535+0000] {processor.py:186} INFO - Started process (PID=7498) to work on /home/airflow/.local/lib/python3.12/site-packages/airflow/example_dags/example_branch_labels.py
[2024-09-28T08:00:07.536+0000] {processor.py:914} INFO - Processing file /home/airflow/.local/lib/python3.12/site-packages/airflow/example_dags/example_branch_labels.py for tasks to queue
[2024-09-28T08:00:07.537+0000] {logging_mixin.py:190} INFO - [2024-09-28T08:00:07.537+0000] {dagbag.py:588} INFO - Filling up the DagBag from /home/airflow/.local/lib/python3.12/site-packages/airflow/example_dags/example_branch_labels.py
[2024-09-28T08:00:07.542+0000] {processor.py:925} INFO - DAG(s) 'example_branch_labels' retrieved from /home/airflow/.local/lib/python3.12/site-packages/airflow/example_dags/example_branch_labels.py
[2024-09-28T08:00:07.552+0000] {logging_mixin.py:190} INFO - [2024-09-28T08:00:07.552+0000] {dag.py:3239} INFO - Sync 1 DAGs
[2024-09-28T08:00:07.563+0000] {logging_mixin.py:190} INFO - [2024-09-28T08:00:07.563+0000] {dag.py:4180} INFO - Setting next_dagrun for example_branch_labels to 2024-09-27 00:00:00+00:00, run_after=2024-09-28 00:00:00+00:00
[2024-09-28T08:00:07.570+0000] {processor.py:208} INFO - Processing /home/airflow/.local/lib/python3.12/site-packages/airflow/example_dags/example_branch_labels.py took 0.038 seconds
[2024-09-28T08:00:38.050+0000] {processor.py:186} INFO - Started process (PID=7786) to work on /home/airflow/.local/lib/python3.12/site-packages/airflow/example_dags/example_branch_labels.py
[2024-09-28T08:00:38.050+0000] {processor.py:914} INFO - Processing file /home/airflow/.local/lib/python3.12/site-packages/airflow/example_dags/example_branch_labels.py for tasks to queue
[2024-09-28T08:00:38.052+0000] {logging_mixin.py:190} INFO - [2024-09-28T08:00:38.052+0000] {dagbag.py:588} INFO - Filling up the DagBag from /home/airflow/.local/lib/python3.12/site-packages/airflow/example_dags/example_branch_labels.py
[2024-09-28T08:00:38.058+0000] {processor.py:925} INFO - DAG(s) 'example_branch_labels' retrieved from /home/airflow/.local/lib/python3.12/site-packages/airflow/example_dags/example_branch_labels.py
[2024-09-28T08:00:38.074+0000] {logging_mixin.py:190} INFO - [2024-09-28T08:00:38.073+0000] {dag.py:3239} INFO - Sync 1 DAGs
[2024-09-28T08:00:38.087+0000] {logging_mixin.py:190} INFO - [2024-09-28T08:00:38.087+0000] {dag.py:4180} INFO - Setting next_dagrun for example_branch_labels to 2024-09-27 00:00:00+00:00, run_after=2024-09-28 00:00:00+00:00
[2024-09-28T08:00:38.097+0000] {processor.py:208} INFO - Processing /home/airflow/.local/lib/python3.12/site-packages/airflow/example_dags/example_branch_labels.py took 0.051 seconds
[2024-09-28T08:01:08.603+0000] {processor.py:186} INFO - Started process (PID=8070) to work on /home/airflow/.local/lib/python3.12/site-packages/airflow/example_dags/example_branch_labels.py
[2024-09-28T08:01:08.604+0000] {processor.py:914} INFO - Processing file /home/airflow/.local/lib/python3.12/site-packages/airflow/example_dags/example_branch_labels.py for tasks to queue
[2024-09-28T08:01:08.605+0000] {logging_mixin.py:190} INFO - [2024-09-28T08:01:08.605+0000] {dagbag.py:588} INFO - Filling up the DagBag from /home/airflow/.local/lib/python3.12/site-packages/airflow/example_dags/example_branch_labels.py
[2024-09-28T08:01:08.610+0000] {processor.py:925} INFO - DAG(s) 'example_branch_labels' retrieved from /home/airflow/.local/lib/python3.12/site-packages/airflow/example_dags/example_branch_labels.py
[2024-09-28T08:01:08.619+0000] {logging_mixin.py:190} INFO - [2024-09-28T08:01:08.619+0000] {dag.py:3239} INFO - Sync 1 DAGs
[2024-09-28T08:01:08.630+0000] {logging_mixin.py:190} INFO - [2024-09-28T08:01:08.630+0000] {dag.py:4180} INFO - Setting next_dagrun for example_branch_labels to 2024-09-27 00:00:00+00:00, run_after=2024-09-28 00:00:00+00:00
[2024-09-28T08:01:08.637+0000] {processor.py:208} INFO - Processing /home/airflow/.local/lib/python3.12/site-packages/airflow/example_dags/example_branch_labels.py took 0.036 seconds
[2024-09-28T08:01:39.213+0000] {processor.py:186} INFO - Started process (PID=8356) to work on /home/airflow/.local/lib/python3.12/site-packages/airflow/example_dags/example_branch_labels.py
[2024-09-28T08:01:39.214+0000] {processor.py:914} INFO - Processing file /home/airflow/.local/lib/python3.12/site-packages/airflow/example_dags/example_branch_labels.py for tasks to queue
[2024-09-28T08:01:39.215+0000] {logging_mixin.py:190} INFO - [2024-09-28T08:01:39.215+0000] {dagbag.py:588} INFO - Filling up the DagBag from /home/airflow/.local/lib/python3.12/site-packages/airflow/example_dags/example_branch_labels.py
[2024-09-28T08:01:39.220+0000] {processor.py:925} INFO - DAG(s) 'example_branch_labels' retrieved from /home/airflow/.local/lib/python3.12/site-packages/airflow/example_dags/example_branch_labels.py
[2024-09-28T08:01:39.230+0000] {logging_mixin.py:190} INFO - [2024-09-28T08:01:39.230+0000] {dag.py:3239} INFO - Sync 1 DAGs
[2024-09-28T08:01:39.241+0000] {logging_mixin.py:190} INFO - [2024-09-28T08:01:39.240+0000] {dag.py:4180} INFO - Setting next_dagrun for example_branch_labels to 2024-09-27 00:00:00+00:00, run_after=2024-09-28 00:00:00+00:00
[2024-09-28T08:01:39.248+0000] {processor.py:208} INFO - Processing /home/airflow/.local/lib/python3.12/site-packages/airflow/example_dags/example_branch_labels.py took 0.037 seconds
[2024-09-28T08:02:10.017+0000] {processor.py:186} INFO - Started process (PID=8644) to work on /home/airflow/.local/lib/python3.12/site-packages/airflow/example_dags/example_branch_labels.py
[2024-09-28T08:02:10.017+0000] {processor.py:914} INFO - Processing file /home/airflow/.local/lib/python3.12/site-packages/airflow/example_dags/example_branch_labels.py for tasks to queue
[2024-09-28T08:02:10.020+0000] {logging_mixin.py:190} INFO - [2024-09-28T08:02:10.019+0000] {dagbag.py:588} INFO - Filling up the DagBag from /home/airflow/.local/lib/python3.12/site-packages/airflow/example_dags/example_branch_labels.py
[2024-09-28T08:02:10.025+0000] {processor.py:925} INFO - DAG(s) 'example_branch_labels' retrieved from /home/airflow/.local/lib/python3.12/site-packages/airflow/example_dags/example_branch_labels.py
[2024-09-28T08:02:10.036+0000] {logging_mixin.py:190} INFO - [2024-09-28T08:02:10.036+0000] {dag.py:3239} INFO - Sync 1 DAGs
[2024-09-28T08:02:10.053+0000] {logging_mixin.py:190} INFO - [2024-09-28T08:02:10.052+0000] {dag.py:4180} INFO - Setting next_dagrun for example_branch_labels to 2024-09-27 00:00:00+00:00, run_after=2024-09-28 00:00:00+00:00
[2024-09-28T08:02:10.063+0000] {processor.py:208} INFO - Processing /home/airflow/.local/lib/python3.12/site-packages/airflow/example_dags/example_branch_labels.py took 0.049 seconds
[2024-09-28T08:02:40.593+0000] {processor.py:186} INFO - Started process (PID=8928) to work on /home/airflow/.local/lib/python3.12/site-packages/airflow/example_dags/example_branch_labels.py
[2024-09-28T08:02:40.594+0000] {processor.py:914} INFO - Processing file /home/airflow/.local/lib/python3.12/site-packages/airflow/example_dags/example_branch_labels.py for tasks to queue
[2024-09-28T08:02:40.595+0000] {logging_mixin.py:190} INFO - [2024-09-28T08:02:40.595+0000] {dagbag.py:588} INFO - Filling up the DagBag from /home/airflow/.local/lib/python3.12/site-packages/airflow/example_dags/example_branch_labels.py
[2024-09-28T08:02:40.600+0000] {processor.py:925} INFO - DAG(s) 'example_branch_labels' retrieved from /home/airflow/.local/lib/python3.12/site-packages/airflow/example_dags/example_branch_labels.py
[2024-09-28T08:02:40.609+0000] {logging_mixin.py:190} INFO - [2024-09-28T08:02:40.609+0000] {dag.py:3239} INFO - Sync 1 DAGs
[2024-09-28T08:02:40.620+0000] {logging_mixin.py:190} INFO - [2024-09-28T08:02:40.620+0000] {dag.py:4180} INFO - Setting next_dagrun for example_branch_labels to 2024-09-27 00:00:00+00:00, run_after=2024-09-28 00:00:00+00:00
[2024-09-28T08:02:40.628+0000] {processor.py:208} INFO - Processing /home/airflow/.local/lib/python3.12/site-packages/airflow/example_dags/example_branch_labels.py took 0.038 seconds
[2024-09-28T08:03:11.150+0000] {processor.py:186} INFO - Started process (PID=9214) to work on /home/airflow/.local/lib/python3.12/site-packages/airflow/example_dags/example_branch_labels.py
[2024-09-28T08:03:11.151+0000] {processor.py:914} INFO - Processing file /home/airflow/.local/lib/python3.12/site-packages/airflow/example_dags/example_branch_labels.py for tasks to queue
[2024-09-28T08:03:11.152+0000] {logging_mixin.py:190} INFO - [2024-09-28T08:03:11.152+0000] {dagbag.py:588} INFO - Filling up the DagBag from /home/airflow/.local/lib/python3.12/site-packages/airflow/example_dags/example_branch_labels.py
[2024-09-28T08:03:11.158+0000] {processor.py:925} INFO - DAG(s) 'example_branch_labels' retrieved from /home/airflow/.local/lib/python3.12/site-packages/airflow/example_dags/example_branch_labels.py
[2024-09-28T08:03:11.170+0000] {logging_mixin.py:190} INFO - [2024-09-28T08:03:11.170+0000] {dag.py:3239} INFO - Sync 1 DAGs
[2024-09-28T08:03:11.183+0000] {logging_mixin.py:190} INFO - [2024-09-28T08:03:11.183+0000] {dag.py:4180} INFO - Setting next_dagrun for example_branch_labels to 2024-09-27 00:00:00+00:00, run_after=2024-09-28 00:00:00+00:00
[2024-09-28T08:03:11.192+0000] {processor.py:208} INFO - Processing /home/airflow/.local/lib/python3.12/site-packages/airflow/example_dags/example_branch_labels.py took 0.046 seconds
[2024-09-28T08:03:41.533+0000] {processor.py:186} INFO - Started process (PID=9500) to work on /home/airflow/.local/lib/python3.12/site-packages/airflow/example_dags/example_branch_labels.py
[2024-09-28T08:03:41.534+0000] {processor.py:914} INFO - Processing file /home/airflow/.local/lib/python3.12/site-packages/airflow/example_dags/example_branch_labels.py for tasks to queue
[2024-09-28T08:03:41.535+0000] {logging_mixin.py:190} INFO - [2024-09-28T08:03:41.535+0000] {dagbag.py:588} INFO - Filling up the DagBag from /home/airflow/.local/lib/python3.12/site-packages/airflow/example_dags/example_branch_labels.py
[2024-09-28T08:03:41.541+0000] {processor.py:925} INFO - DAG(s) 'example_branch_labels' retrieved from /home/airflow/.local/lib/python3.12/site-packages/airflow/example_dags/example_branch_labels.py
[2024-09-28T08:03:41.557+0000] {logging_mixin.py:190} INFO - [2024-09-28T08:03:41.556+0000] {dag.py:3239} INFO - Sync 1 DAGs
[2024-09-28T08:03:41.571+0000] {logging_mixin.py:190} INFO - [2024-09-28T08:03:41.571+0000] {dag.py:4180} INFO - Setting next_dagrun for example_branch_labels to 2024-09-27 00:00:00+00:00, run_after=2024-09-28 00:00:00+00:00
[2024-09-28T08:03:41.583+0000] {processor.py:208} INFO - Processing /home/airflow/.local/lib/python3.12/site-packages/airflow/example_dags/example_branch_labels.py took 0.053 seconds
[2024-09-28T08:04:12.158+0000] {processor.py:186} INFO - Started process (PID=9786) to work on /home/airflow/.local/lib/python3.12/site-packages/airflow/example_dags/example_branch_labels.py
[2024-09-28T08:04:12.158+0000] {processor.py:914} INFO - Processing file /home/airflow/.local/lib/python3.12/site-packages/airflow/example_dags/example_branch_labels.py for tasks to queue
[2024-09-28T08:04:12.160+0000] {logging_mixin.py:190} INFO - [2024-09-28T08:04:12.160+0000] {dagbag.py:588} INFO - Filling up the DagBag from /home/airflow/.local/lib/python3.12/site-packages/airflow/example_dags/example_branch_labels.py
[2024-09-28T08:04:12.165+0000] {processor.py:925} INFO - DAG(s) 'example_branch_labels' retrieved from /home/airflow/.local/lib/python3.12/site-packages/airflow/example_dags/example_branch_labels.py
[2024-09-28T08:04:12.175+0000] {logging_mixin.py:190} INFO - [2024-09-28T08:04:12.174+0000] {dag.py:3239} INFO - Sync 1 DAGs
[2024-09-28T08:04:12.185+0000] {logging_mixin.py:190} INFO - [2024-09-28T08:04:12.185+0000] {dag.py:4180} INFO - Setting next_dagrun for example_branch_labels to 2024-09-27 00:00:00+00:00, run_after=2024-09-28 00:00:00+00:00
[2024-09-28T08:04:12.193+0000] {processor.py:208} INFO - Processing /home/airflow/.local/lib/python3.12/site-packages/airflow/example_dags/example_branch_labels.py took 0.038 seconds
[2024-09-28T08:04:42.807+0000] {processor.py:186} INFO - Started process (PID=10072) to work on /home/airflow/.local/lib/python3.12/site-packages/airflow/example_dags/example_branch_labels.py
[2024-09-28T08:04:42.808+0000] {processor.py:914} INFO - Processing file /home/airflow/.local/lib/python3.12/site-packages/airflow/example_dags/example_branch_labels.py for tasks to queue
[2024-09-28T08:04:42.809+0000] {logging_mixin.py:190} INFO - [2024-09-28T08:04:42.809+0000] {dagbag.py:588} INFO - Filling up the DagBag from /home/airflow/.local/lib/python3.12/site-packages/airflow/example_dags/example_branch_labels.py
[2024-09-28T08:04:42.814+0000] {processor.py:925} INFO - DAG(s) 'example_branch_labels' retrieved from /home/airflow/.local/lib/python3.12/site-packages/airflow/example_dags/example_branch_labels.py
[2024-09-28T08:04:42.825+0000] {logging_mixin.py:190} INFO - [2024-09-28T08:04:42.825+0000] {dag.py:3239} INFO - Sync 1 DAGs
[2024-09-28T08:04:42.836+0000] {logging_mixin.py:190} INFO - [2024-09-28T08:04:42.836+0000] {dag.py:4180} INFO - Setting next_dagrun for example_branch_labels to 2024-09-27 00:00:00+00:00, run_after=2024-09-28 00:00:00+00:00
[2024-09-28T08:04:42.844+0000] {processor.py:208} INFO - Processing /home/airflow/.local/lib/python3.12/site-packages/airflow/example_dags/example_branch_labels.py took 0.040 seconds
[2024-09-28T08:05:13.241+0000] {processor.py:186} INFO - Started process (PID=10358) to work on /home/airflow/.local/lib/python3.12/site-packages/airflow/example_dags/example_branch_labels.py
[2024-09-28T08:05:13.242+0000] {processor.py:914} INFO - Processing file /home/airflow/.local/lib/python3.12/site-packages/airflow/example_dags/example_branch_labels.py for tasks to queue
[2024-09-28T08:05:13.243+0000] {logging_mixin.py:190} INFO - [2024-09-28T08:05:13.243+0000] {dagbag.py:588} INFO - Filling up the DagBag from /home/airflow/.local/lib/python3.12/site-packages/airflow/example_dags/example_branch_labels.py
[2024-09-28T08:05:13.248+0000] {processor.py:925} INFO - DAG(s) 'example_branch_labels' retrieved from /home/airflow/.local/lib/python3.12/site-packages/airflow/example_dags/example_branch_labels.py
[2024-09-28T08:05:13.258+0000] {logging_mixin.py:190} INFO - [2024-09-28T08:05:13.258+0000] {dag.py:3239} INFO - Sync 1 DAGs
[2024-09-28T08:05:13.269+0000] {logging_mixin.py:190} INFO - [2024-09-28T08:05:13.269+0000] {dag.py:4180} INFO - Setting next_dagrun for example_branch_labels to 2024-09-27 00:00:00+00:00, run_after=2024-09-28 00:00:00+00:00
[2024-09-28T08:05:13.277+0000] {processor.py:208} INFO - Processing /home/airflow/.local/lib/python3.12/site-packages/airflow/example_dags/example_branch_labels.py took 0.038 seconds
[2024-09-28T08:05:43.733+0000] {processor.py:186} INFO - Started process (PID=10644) to work on /home/airflow/.local/lib/python3.12/site-packages/airflow/example_dags/example_branch_labels.py
[2024-09-28T08:05:43.734+0000] {processor.py:914} INFO - Processing file /home/airflow/.local/lib/python3.12/site-packages/airflow/example_dags/example_branch_labels.py for tasks to queue
[2024-09-28T08:05:43.735+0000] {logging_mixin.py:190} INFO - [2024-09-28T08:05:43.735+0000] {dagbag.py:588} INFO - Filling up the DagBag from /home/airflow/.local/lib/python3.12/site-packages/airflow/example_dags/example_branch_labels.py
[2024-09-28T08:05:43.740+0000] {processor.py:925} INFO - DAG(s) 'example_branch_labels' retrieved from /home/airflow/.local/lib/python3.12/site-packages/airflow/example_dags/example_branch_labels.py
[2024-09-28T08:05:43.750+0000] {logging_mixin.py:190} INFO - [2024-09-28T08:05:43.750+0000] {dag.py:3239} INFO - Sync 1 DAGs
[2024-09-28T08:05:43.761+0000] {logging_mixin.py:190} INFO - [2024-09-28T08:05:43.761+0000] {dag.py:4180} INFO - Setting next_dagrun for example_branch_labels to 2024-09-27 00:00:00+00:00, run_after=2024-09-28 00:00:00+00:00
[2024-09-28T08:05:43.769+0000] {processor.py:208} INFO - Processing /home/airflow/.local/lib/python3.12/site-packages/airflow/example_dags/example_branch_labels.py took 0.039 seconds
[2024-09-28T08:06:14.464+0000] {processor.py:186} INFO - Started process (PID=10930) to work on /home/airflow/.local/lib/python3.12/site-packages/airflow/example_dags/example_branch_labels.py
[2024-09-28T08:06:14.465+0000] {processor.py:914} INFO - Processing file /home/airflow/.local/lib/python3.12/site-packages/airflow/example_dags/example_branch_labels.py for tasks to queue
[2024-09-28T08:06:14.467+0000] {logging_mixin.py:190} INFO - [2024-09-28T08:06:14.467+0000] {dagbag.py:588} INFO - Filling up the DagBag from /home/airflow/.local/lib/python3.12/site-packages/airflow/example_dags/example_branch_labels.py
[2024-09-28T08:06:14.475+0000] {processor.py:925} INFO - DAG(s) 'example_branch_labels' retrieved from /home/airflow/.local/lib/python3.12/site-packages/airflow/example_dags/example_branch_labels.py
[2024-09-28T08:06:14.490+0000] {logging_mixin.py:190} INFO - [2024-09-28T08:06:14.489+0000] {dag.py:3239} INFO - Sync 1 DAGs
[2024-09-28T08:06:14.539+0000] {logging_mixin.py:190} INFO - [2024-09-28T08:06:14.539+0000] {dag.py:4180} INFO - Setting next_dagrun for example_branch_labels to 2024-09-27 00:00:00+00:00, run_after=2024-09-28 00:00:00+00:00
[2024-09-28T08:06:14.566+0000] {processor.py:208} INFO - Processing /home/airflow/.local/lib/python3.12/site-packages/airflow/example_dags/example_branch_labels.py took 0.108 seconds
[2024-09-28T08:06:45.586+0000] {processor.py:186} INFO - Started process (PID=11216) to work on /home/airflow/.local/lib/python3.12/site-packages/airflow/example_dags/example_branch_labels.py
[2024-09-28T08:06:45.587+0000] {processor.py:914} INFO - Processing file /home/airflow/.local/lib/python3.12/site-packages/airflow/example_dags/example_branch_labels.py for tasks to queue
[2024-09-28T08:06:45.588+0000] {logging_mixin.py:190} INFO - [2024-09-28T08:06:45.588+0000] {dagbag.py:588} INFO - Filling up the DagBag from /home/airflow/.local/lib/python3.12/site-packages/airflow/example_dags/example_branch_labels.py
[2024-09-28T08:06:45.594+0000] {processor.py:925} INFO - DAG(s) 'example_branch_labels' retrieved from /home/airflow/.local/lib/python3.12/site-packages/airflow/example_dags/example_branch_labels.py
[2024-09-28T08:06:45.604+0000] {logging_mixin.py:190} INFO - [2024-09-28T08:06:45.604+0000] {dag.py:3239} INFO - Sync 1 DAGs
[2024-09-28T08:06:45.618+0000] {logging_mixin.py:190} INFO - [2024-09-28T08:06:45.617+0000] {dag.py:4180} INFO - Setting next_dagrun for example_branch_labels to 2024-09-27 00:00:00+00:00, run_after=2024-09-28 00:00:00+00:00
[2024-09-28T08:06:45.629+0000] {processor.py:208} INFO - Processing /home/airflow/.local/lib/python3.12/site-packages/airflow/example_dags/example_branch_labels.py took 0.045 seconds
[2024-09-28T08:07:16.323+0000] {processor.py:186} INFO - Started process (PID=11497) to work on /home/airflow/.local/lib/python3.12/site-packages/airflow/example_dags/example_branch_labels.py
[2024-09-28T08:07:16.324+0000] {processor.py:914} INFO - Processing file /home/airflow/.local/lib/python3.12/site-packages/airflow/example_dags/example_branch_labels.py for tasks to queue
[2024-09-28T08:07:16.326+0000] {logging_mixin.py:190} INFO - [2024-09-28T08:07:16.326+0000] {dagbag.py:588} INFO - Filling up the DagBag from /home/airflow/.local/lib/python3.12/site-packages/airflow/example_dags/example_branch_labels.py
[2024-09-28T08:07:16.334+0000] {processor.py:925} INFO - DAG(s) 'example_branch_labels' retrieved from /home/airflow/.local/lib/python3.12/site-packages/airflow/example_dags/example_branch_labels.py
[2024-09-28T08:07:16.346+0000] {logging_mixin.py:190} INFO - [2024-09-28T08:07:16.346+0000] {dag.py:3239} INFO - Sync 1 DAGs
[2024-09-28T08:07:16.358+0000] {logging_mixin.py:190} INFO - [2024-09-28T08:07:16.358+0000] {dag.py:4180} INFO - Setting next_dagrun for example_branch_labels to 2024-09-27 00:00:00+00:00, run_after=2024-09-28 00:00:00+00:00
[2024-09-28T08:07:16.365+0000] {processor.py:208} INFO - Processing /home/airflow/.local/lib/python3.12/site-packages/airflow/example_dags/example_branch_labels.py took 0.045 seconds
[2024-09-28T08:07:46.972+0000] {processor.py:186} INFO - Started process (PID=11788) to work on /home/airflow/.local/lib/python3.12/site-packages/airflow/example_dags/example_branch_labels.py
[2024-09-28T08:07:46.973+0000] {processor.py:914} INFO - Processing file /home/airflow/.local/lib/python3.12/site-packages/airflow/example_dags/example_branch_labels.py for tasks to queue
[2024-09-28T08:07:46.974+0000] {logging_mixin.py:190} INFO - [2024-09-28T08:07:46.974+0000] {dagbag.py:588} INFO - Filling up the DagBag from /home/airflow/.local/lib/python3.12/site-packages/airflow/example_dags/example_branch_labels.py
[2024-09-28T08:07:46.979+0000] {processor.py:925} INFO - DAG(s) 'example_branch_labels' retrieved from /home/airflow/.local/lib/python3.12/site-packages/airflow/example_dags/example_branch_labels.py
[2024-09-28T08:07:46.989+0000] {logging_mixin.py:190} INFO - [2024-09-28T08:07:46.989+0000] {dag.py:3239} INFO - Sync 1 DAGs
[2024-09-28T08:07:46.999+0000] {logging_mixin.py:190} INFO - [2024-09-28T08:07:46.999+0000] {dag.py:4180} INFO - Setting next_dagrun for example_branch_labels to 2024-09-27 00:00:00+00:00, run_after=2024-09-28 00:00:00+00:00
[2024-09-28T08:07:47.008+0000] {processor.py:208} INFO - Processing /home/airflow/.local/lib/python3.12/site-packages/airflow/example_dags/example_branch_labels.py took 0.039 seconds
