[2024-09-28T07:47:25.486+0000] {processor.py:186} INFO - Started process (PID=179) to work on /home/airflow/.local/lib/python3.12/site-packages/airflow/example_dags/example_dataset_alias.py
[2024-09-28T07:47:25.488+0000] {processor.py:914} INFO - Processing file /home/airflow/.local/lib/python3.12/site-packages/airflow/example_dags/example_dataset_alias.py for tasks to queue
[2024-09-28T07:47:25.490+0000] {logging_mixin.py:190} INFO - [2024-09-28T07:47:25.490+0000] {dagbag.py:588} INFO - Filling up the DagBag from /home/airflow/.local/lib/python3.12/site-packages/airflow/example_dags/example_dataset_alias.py
[2024-09-28T07:47:25.799+0000] {processor.py:925} INFO - DAG(s) 'dataset_alias_example_alias_producer', 'dataset_s3_bucket_consumer', 'dataset_alias_example_alias_consumer', 'dataset_s3_bucket_producer' retrieved from /home/airflow/.local/lib/python3.12/site-packages/airflow/example_dags/example_dataset_alias.py
[2024-09-28T07:47:25.839+0000] {logging_mixin.py:190} INFO - [2024-09-28T07:47:25.839+0000] {override.py:1900} INFO - Created Permission View: can delete on DAG:dataset_alias_example_alias_producer
[2024-09-28T07:47:25.843+0000] {logging_mixin.py:190} INFO - [2024-09-28T07:47:25.843+0000] {override.py:1900} INFO - Created Permission View: can edit on DAG:dataset_alias_example_alias_producer
[2024-09-28T07:47:25.845+0000] {logging_mixin.py:190} INFO - [2024-09-28T07:47:25.845+0000] {override.py:1900} INFO - Created Permission View: can read on DAG:dataset_alias_example_alias_producer
[2024-09-28T07:47:25.848+0000] {logging_mixin.py:190} INFO - [2024-09-28T07:47:25.847+0000] {override.py:1900} INFO - Created Permission View: menu access on DAG Run:dataset_alias_example_alias_producer
[2024-09-28T07:47:25.850+0000] {logging_mixin.py:190} INFO - [2024-09-28T07:47:25.850+0000] {override.py:1900} INFO - Created Permission View: can delete on DAG Run:dataset_alias_example_alias_producer
[2024-09-28T07:47:25.852+0000] {logging_mixin.py:190} INFO - [2024-09-28T07:47:25.852+0000] {override.py:1900} INFO - Created Permission View: can create on DAG Run:dataset_alias_example_alias_producer
[2024-09-28T07:47:25.854+0000] {logging_mixin.py:190} INFO - [2024-09-28T07:47:25.854+0000] {override.py:1900} INFO - Created Permission View: can read on DAG Run:dataset_alias_example_alias_producer
[2024-09-28T07:47:25.858+0000] {logging_mixin.py:190} INFO - [2024-09-28T07:47:25.858+0000] {override.py:1900} INFO - Created Permission View: can delete on DAG:dataset_s3_bucket_consumer
[2024-09-28T07:47:25.860+0000] {logging_mixin.py:190} INFO - [2024-09-28T07:47:25.860+0000] {override.py:1900} INFO - Created Permission View: can edit on DAG:dataset_s3_bucket_consumer
[2024-09-28T07:47:25.863+0000] {logging_mixin.py:190} INFO - [2024-09-28T07:47:25.862+0000] {override.py:1900} INFO - Created Permission View: can read on DAG:dataset_s3_bucket_consumer
[2024-09-28T07:47:25.865+0000] {logging_mixin.py:190} INFO - [2024-09-28T07:47:25.864+0000] {override.py:1900} INFO - Created Permission View: menu access on DAG Run:dataset_s3_bucket_consumer
[2024-09-28T07:47:25.867+0000] {logging_mixin.py:190} INFO - [2024-09-28T07:47:25.867+0000] {override.py:1900} INFO - Created Permission View: can delete on DAG Run:dataset_s3_bucket_consumer
[2024-09-28T07:47:25.869+0000] {logging_mixin.py:190} INFO - [2024-09-28T07:47:25.868+0000] {override.py:1900} INFO - Created Permission View: can create on DAG Run:dataset_s3_bucket_consumer
[2024-09-28T07:47:25.870+0000] {logging_mixin.py:190} INFO - [2024-09-28T07:47:25.870+0000] {override.py:1900} INFO - Created Permission View: can read on DAG Run:dataset_s3_bucket_consumer
[2024-09-28T07:47:25.874+0000] {logging_mixin.py:190} INFO - [2024-09-28T07:47:25.874+0000] {override.py:1900} INFO - Created Permission View: can delete on DAG:dataset_alias_example_alias_consumer
[2024-09-28T07:47:25.876+0000] {logging_mixin.py:190} INFO - [2024-09-28T07:47:25.876+0000] {override.py:1900} INFO - Created Permission View: can edit on DAG:dataset_alias_example_alias_consumer
[2024-09-28T07:47:25.878+0000] {logging_mixin.py:190} INFO - [2024-09-28T07:47:25.878+0000] {override.py:1900} INFO - Created Permission View: can read on DAG:dataset_alias_example_alias_consumer
[2024-09-28T07:47:25.880+0000] {logging_mixin.py:190} INFO - [2024-09-28T07:47:25.880+0000] {override.py:1900} INFO - Created Permission View: menu access on DAG Run:dataset_alias_example_alias_consumer
[2024-09-28T07:47:25.882+0000] {logging_mixin.py:190} INFO - [2024-09-28T07:47:25.882+0000] {override.py:1900} INFO - Created Permission View: can delete on DAG Run:dataset_alias_example_alias_consumer
[2024-09-28T07:47:25.884+0000] {logging_mixin.py:190} INFO - [2024-09-28T07:47:25.884+0000] {override.py:1900} INFO - Created Permission View: can create on DAG Run:dataset_alias_example_alias_consumer
[2024-09-28T07:47:25.886+0000] {logging_mixin.py:190} INFO - [2024-09-28T07:47:25.886+0000] {override.py:1900} INFO - Created Permission View: can read on DAG Run:dataset_alias_example_alias_consumer
[2024-09-28T07:47:25.891+0000] {logging_mixin.py:190} INFO - [2024-09-28T07:47:25.890+0000] {override.py:1900} INFO - Created Permission View: can delete on DAG:dataset_s3_bucket_producer
[2024-09-28T07:47:25.895+0000] {logging_mixin.py:190} INFO - [2024-09-28T07:47:25.895+0000] {override.py:1900} INFO - Created Permission View: can edit on DAG:dataset_s3_bucket_producer
[2024-09-28T07:47:25.900+0000] {logging_mixin.py:190} INFO - [2024-09-28T07:47:25.900+0000] {override.py:1900} INFO - Created Permission View: can read on DAG:dataset_s3_bucket_producer
[2024-09-28T07:47:25.905+0000] {logging_mixin.py:190} INFO - [2024-09-28T07:47:25.905+0000] {override.py:1900} INFO - Created Permission View: menu access on DAG Run:dataset_s3_bucket_producer
[2024-09-28T07:47:25.908+0000] {logging_mixin.py:190} INFO - [2024-09-28T07:47:25.908+0000] {override.py:1900} INFO - Created Permission View: can delete on DAG Run:dataset_s3_bucket_producer
[2024-09-28T07:47:25.910+0000] {logging_mixin.py:190} INFO - [2024-09-28T07:47:25.910+0000] {override.py:1900} INFO - Created Permission View: can create on DAG Run:dataset_s3_bucket_producer
[2024-09-28T07:47:25.913+0000] {logging_mixin.py:190} INFO - [2024-09-28T07:47:25.913+0000] {override.py:1900} INFO - Created Permission View: can read on DAG Run:dataset_s3_bucket_producer
[2024-09-28T07:47:25.914+0000] {logging_mixin.py:190} INFO - [2024-09-28T07:47:25.914+0000] {dag.py:3239} INFO - Sync 4 DAGs
[2024-09-28T07:47:25.920+0000] {logging_mixin.py:190} INFO - [2024-09-28T07:47:25.920+0000] {dag.py:3262} INFO - Creating ORM DAG for dataset_alias_example_alias_producer
[2024-09-28T07:47:25.921+0000] {logging_mixin.py:190} INFO - [2024-09-28T07:47:25.921+0000] {dag.py:3262} INFO - Creating ORM DAG for dataset_alias_example_alias_consumer
[2024-09-28T07:47:25.921+0000] {logging_mixin.py:190} INFO - [2024-09-28T07:47:25.921+0000] {dag.py:3262} INFO - Creating ORM DAG for dataset_s3_bucket_producer
[2024-09-28T07:47:25.921+0000] {logging_mixin.py:190} INFO - [2024-09-28T07:47:25.921+0000] {dag.py:3262} INFO - Creating ORM DAG for dataset_s3_bucket_consumer
[2024-09-28T07:47:25.926+0000] {logging_mixin.py:190} INFO - [2024-09-28T07:47:25.926+0000] {dag.py:4180} INFO - Setting next_dagrun for dataset_alias_example_alias_consumer to None, run_after=None
[2024-09-28T07:47:25.928+0000] {logging_mixin.py:190} INFO - [2024-09-28T07:47:25.928+0000] {dag.py:4180} INFO - Setting next_dagrun for dataset_alias_example_alias_producer to None, run_after=None
[2024-09-28T07:47:25.928+0000] {logging_mixin.py:190} INFO - [2024-09-28T07:47:25.928+0000] {dag.py:4180} INFO - Setting next_dagrun for dataset_s3_bucket_consumer to None, run_after=None
[2024-09-28T07:47:25.928+0000] {logging_mixin.py:190} INFO - [2024-09-28T07:47:25.928+0000] {dag.py:4180} INFO - Setting next_dagrun for dataset_s3_bucket_producer to None, run_after=None
[2024-09-28T07:47:25.943+0000] {processor.py:208} INFO - Processing /home/airflow/.local/lib/python3.12/site-packages/airflow/example_dags/example_dataset_alias.py took 0.461 seconds
[2024-09-28T07:47:56.656+0000] {processor.py:186} INFO - Started process (PID=471) to work on /home/airflow/.local/lib/python3.12/site-packages/airflow/example_dags/example_dataset_alias.py
[2024-09-28T07:47:56.657+0000] {processor.py:914} INFO - Processing file /home/airflow/.local/lib/python3.12/site-packages/airflow/example_dags/example_dataset_alias.py for tasks to queue
[2024-09-28T07:47:56.658+0000] {logging_mixin.py:190} INFO - [2024-09-28T07:47:56.658+0000] {dagbag.py:588} INFO - Filling up the DagBag from /home/airflow/.local/lib/python3.12/site-packages/airflow/example_dags/example_dataset_alias.py
[2024-09-28T07:47:56.759+0000] {processor.py:925} INFO - DAG(s) 'dataset_alias_example_alias_consumer', 'dataset_s3_bucket_consumer', 'dataset_s3_bucket_producer', 'dataset_alias_example_alias_producer' retrieved from /home/airflow/.local/lib/python3.12/site-packages/airflow/example_dags/example_dataset_alias.py
[2024-09-28T07:47:56.771+0000] {logging_mixin.py:190} INFO - [2024-09-28T07:47:56.771+0000] {dag.py:3239} INFO - Sync 4 DAGs
[2024-09-28T07:47:56.806+0000] {logging_mixin.py:190} INFO - [2024-09-28T07:47:56.805+0000] {dag.py:4180} INFO - Setting next_dagrun for dataset_alias_example_alias_consumer to None, run_after=None
[2024-09-28T07:47:56.808+0000] {logging_mixin.py:190} INFO - [2024-09-28T07:47:56.808+0000] {dag.py:4180} INFO - Setting next_dagrun for dataset_alias_example_alias_producer to None, run_after=None
[2024-09-28T07:47:56.810+0000] {logging_mixin.py:190} INFO - [2024-09-28T07:47:56.809+0000] {dag.py:4180} INFO - Setting next_dagrun for dataset_s3_bucket_consumer to None, run_after=None
[2024-09-28T07:47:56.811+0000] {logging_mixin.py:190} INFO - [2024-09-28T07:47:56.811+0000] {dag.py:4180} INFO - Setting next_dagrun for dataset_s3_bucket_producer to None, run_after=None
[2024-09-28T07:47:56.824+0000] {processor.py:208} INFO - Processing /home/airflow/.local/lib/python3.12/site-packages/airflow/example_dags/example_dataset_alias.py took 0.172 seconds
[2024-09-28T07:48:27.077+0000] {processor.py:186} INFO - Started process (PID=757) to work on /home/airflow/.local/lib/python3.12/site-packages/airflow/example_dags/example_dataset_alias.py
[2024-09-28T07:48:27.080+0000] {processor.py:914} INFO - Processing file /home/airflow/.local/lib/python3.12/site-packages/airflow/example_dags/example_dataset_alias.py for tasks to queue
[2024-09-28T07:48:27.082+0000] {logging_mixin.py:190} INFO - [2024-09-28T07:48:27.082+0000] {dagbag.py:588} INFO - Filling up the DagBag from /home/airflow/.local/lib/python3.12/site-packages/airflow/example_dags/example_dataset_alias.py
[2024-09-28T07:48:27.204+0000] {processor.py:925} INFO - DAG(s) 'dataset_s3_bucket_producer', 'dataset_s3_bucket_consumer', 'dataset_alias_example_alias_producer', 'dataset_alias_example_alias_consumer' retrieved from /home/airflow/.local/lib/python3.12/site-packages/airflow/example_dags/example_dataset_alias.py
[2024-09-28T07:48:27.216+0000] {logging_mixin.py:190} INFO - [2024-09-28T07:48:27.216+0000] {dag.py:3239} INFO - Sync 4 DAGs
[2024-09-28T07:48:27.230+0000] {logging_mixin.py:190} INFO - [2024-09-28T07:48:27.230+0000] {dag.py:4180} INFO - Setting next_dagrun for dataset_alias_example_alias_consumer to None, run_after=None
[2024-09-28T07:48:27.232+0000] {logging_mixin.py:190} INFO - [2024-09-28T07:48:27.232+0000] {dag.py:4180} INFO - Setting next_dagrun for dataset_alias_example_alias_producer to None, run_after=None
[2024-09-28T07:48:27.233+0000] {logging_mixin.py:190} INFO - [2024-09-28T07:48:27.233+0000] {dag.py:4180} INFO - Setting next_dagrun for dataset_s3_bucket_consumer to None, run_after=None
[2024-09-28T07:48:27.234+0000] {logging_mixin.py:190} INFO - [2024-09-28T07:48:27.234+0000] {dag.py:4180} INFO - Setting next_dagrun for dataset_s3_bucket_producer to None, run_after=None
[2024-09-28T07:48:27.249+0000] {processor.py:208} INFO - Processing /home/airflow/.local/lib/python3.12/site-packages/airflow/example_dags/example_dataset_alias.py took 0.180 seconds
[2024-09-28T07:48:57.463+0000] {processor.py:186} INFO - Started process (PID=1042) to work on /home/airflow/.local/lib/python3.12/site-packages/airflow/example_dags/example_dataset_alias.py
[2024-09-28T07:48:57.466+0000] {processor.py:914} INFO - Processing file /home/airflow/.local/lib/python3.12/site-packages/airflow/example_dags/example_dataset_alias.py for tasks to queue
[2024-09-28T07:48:57.468+0000] {logging_mixin.py:190} INFO - [2024-09-28T07:48:57.468+0000] {dagbag.py:588} INFO - Filling up the DagBag from /home/airflow/.local/lib/python3.12/site-packages/airflow/example_dags/example_dataset_alias.py
[2024-09-28T07:48:57.570+0000] {processor.py:925} INFO - DAG(s) 'dataset_alias_example_alias_producer', 'dataset_s3_bucket_consumer', 'dataset_alias_example_alias_consumer', 'dataset_s3_bucket_producer' retrieved from /home/airflow/.local/lib/python3.12/site-packages/airflow/example_dags/example_dataset_alias.py
[2024-09-28T07:48:57.580+0000] {logging_mixin.py:190} INFO - [2024-09-28T07:48:57.580+0000] {dag.py:3239} INFO - Sync 4 DAGs
[2024-09-28T07:48:57.592+0000] {logging_mixin.py:190} INFO - [2024-09-28T07:48:57.592+0000] {dag.py:4180} INFO - Setting next_dagrun for dataset_alias_example_alias_consumer to None, run_after=None
[2024-09-28T07:48:57.594+0000] {logging_mixin.py:190} INFO - [2024-09-28T07:48:57.594+0000] {dag.py:4180} INFO - Setting next_dagrun for dataset_alias_example_alias_producer to None, run_after=None
[2024-09-28T07:48:57.594+0000] {logging_mixin.py:190} INFO - [2024-09-28T07:48:57.594+0000] {dag.py:4180} INFO - Setting next_dagrun for dataset_s3_bucket_consumer to None, run_after=None
[2024-09-28T07:48:57.595+0000] {logging_mixin.py:190} INFO - [2024-09-28T07:48:57.595+0000] {dag.py:4180} INFO - Setting next_dagrun for dataset_s3_bucket_producer to None, run_after=None
[2024-09-28T07:48:57.605+0000] {processor.py:208} INFO - Processing /home/airflow/.local/lib/python3.12/site-packages/airflow/example_dags/example_dataset_alias.py took 0.149 seconds
[2024-09-28T07:49:28.597+0000] {processor.py:186} INFO - Started process (PID=1356) to work on /home/airflow/.local/lib/python3.12/site-packages/airflow/example_dags/example_dataset_alias.py
[2024-09-28T07:49:28.598+0000] {processor.py:914} INFO - Processing file /home/airflow/.local/lib/python3.12/site-packages/airflow/example_dags/example_dataset_alias.py for tasks to queue
[2024-09-28T07:49:28.601+0000] {logging_mixin.py:190} INFO - [2024-09-28T07:49:28.600+0000] {dagbag.py:588} INFO - Filling up the DagBag from /home/airflow/.local/lib/python3.12/site-packages/airflow/example_dags/example_dataset_alias.py
[2024-09-28T07:49:28.689+0000] {processor.py:925} INFO - DAG(s) 'dataset_s3_bucket_producer', 'dataset_alias_example_alias_consumer', 'dataset_alias_example_alias_producer', 'dataset_s3_bucket_consumer' retrieved from /home/airflow/.local/lib/python3.12/site-packages/airflow/example_dags/example_dataset_alias.py
[2024-09-28T07:49:28.700+0000] {logging_mixin.py:190} INFO - [2024-09-28T07:49:28.700+0000] {dag.py:3239} INFO - Sync 4 DAGs
[2024-09-28T07:49:28.716+0000] {logging_mixin.py:190} INFO - [2024-09-28T07:49:28.715+0000] {dag.py:4180} INFO - Setting next_dagrun for dataset_alias_example_alias_consumer to None, run_after=None
[2024-09-28T07:49:28.718+0000] {logging_mixin.py:190} INFO - [2024-09-28T07:49:28.718+0000] {dag.py:4180} INFO - Setting next_dagrun for dataset_alias_example_alias_producer to None, run_after=None
[2024-09-28T07:49:28.720+0000] {logging_mixin.py:190} INFO - [2024-09-28T07:49:28.720+0000] {dag.py:4180} INFO - Setting next_dagrun for dataset_s3_bucket_consumer to None, run_after=None
[2024-09-28T07:49:28.721+0000] {logging_mixin.py:190} INFO - [2024-09-28T07:49:28.721+0000] {dag.py:4180} INFO - Setting next_dagrun for dataset_s3_bucket_producer to None, run_after=None
[2024-09-28T07:49:28.739+0000] {processor.py:208} INFO - Processing /home/airflow/.local/lib/python3.12/site-packages/airflow/example_dags/example_dataset_alias.py took 0.148 seconds
[2024-09-28T07:49:58.772+0000] {processor.py:186} INFO - Started process (PID=1642) to work on /home/airflow/.local/lib/python3.12/site-packages/airflow/example_dags/example_dataset_alias.py
[2024-09-28T07:49:58.773+0000] {processor.py:914} INFO - Processing file /home/airflow/.local/lib/python3.12/site-packages/airflow/example_dags/example_dataset_alias.py for tasks to queue
[2024-09-28T07:49:58.774+0000] {logging_mixin.py:190} INFO - [2024-09-28T07:49:58.774+0000] {dagbag.py:588} INFO - Filling up the DagBag from /home/airflow/.local/lib/python3.12/site-packages/airflow/example_dags/example_dataset_alias.py
[2024-09-28T07:49:58.870+0000] {processor.py:925} INFO - DAG(s) 'dataset_s3_bucket_producer', 'dataset_alias_example_alias_producer', 'dataset_alias_example_alias_consumer', 'dataset_s3_bucket_consumer' retrieved from /home/airflow/.local/lib/python3.12/site-packages/airflow/example_dags/example_dataset_alias.py
[2024-09-28T07:49:58.881+0000] {logging_mixin.py:190} INFO - [2024-09-28T07:49:58.881+0000] {dag.py:3239} INFO - Sync 4 DAGs
[2024-09-28T07:49:58.895+0000] {logging_mixin.py:190} INFO - [2024-09-28T07:49:58.895+0000] {dag.py:4180} INFO - Setting next_dagrun for dataset_alias_example_alias_consumer to None, run_after=None
[2024-09-28T07:49:58.896+0000] {logging_mixin.py:190} INFO - [2024-09-28T07:49:58.896+0000] {dag.py:4180} INFO - Setting next_dagrun for dataset_alias_example_alias_producer to None, run_after=None
[2024-09-28T07:49:58.897+0000] {logging_mixin.py:190} INFO - [2024-09-28T07:49:58.897+0000] {dag.py:4180} INFO - Setting next_dagrun for dataset_s3_bucket_consumer to None, run_after=None
[2024-09-28T07:49:58.897+0000] {logging_mixin.py:190} INFO - [2024-09-28T07:49:58.897+0000] {dag.py:4180} INFO - Setting next_dagrun for dataset_s3_bucket_producer to None, run_after=None
[2024-09-28T07:49:58.907+0000] {processor.py:208} INFO - Processing /home/airflow/.local/lib/python3.12/site-packages/airflow/example_dags/example_dataset_alias.py took 0.138 seconds
[2024-09-28T07:50:28.988+0000] {processor.py:186} INFO - Started process (PID=1928) to work on /home/airflow/.local/lib/python3.12/site-packages/airflow/example_dags/example_dataset_alias.py
[2024-09-28T07:50:28.989+0000] {processor.py:914} INFO - Processing file /home/airflow/.local/lib/python3.12/site-packages/airflow/example_dags/example_dataset_alias.py for tasks to queue
[2024-09-28T07:50:28.991+0000] {logging_mixin.py:190} INFO - [2024-09-28T07:50:28.991+0000] {dagbag.py:588} INFO - Filling up the DagBag from /home/airflow/.local/lib/python3.12/site-packages/airflow/example_dags/example_dataset_alias.py
[2024-09-28T07:50:29.105+0000] {processor.py:925} INFO - DAG(s) 'dataset_s3_bucket_consumer', 'dataset_alias_example_alias_consumer', 'dataset_s3_bucket_producer', 'dataset_alias_example_alias_producer' retrieved from /home/airflow/.local/lib/python3.12/site-packages/airflow/example_dags/example_dataset_alias.py
[2024-09-28T07:50:29.116+0000] {logging_mixin.py:190} INFO - [2024-09-28T07:50:29.116+0000] {dag.py:3239} INFO - Sync 4 DAGs
[2024-09-28T07:50:29.130+0000] {logging_mixin.py:190} INFO - [2024-09-28T07:50:29.130+0000] {dag.py:4180} INFO - Setting next_dagrun for dataset_alias_example_alias_consumer to None, run_after=None
[2024-09-28T07:50:29.131+0000] {logging_mixin.py:190} INFO - [2024-09-28T07:50:29.131+0000] {dag.py:4180} INFO - Setting next_dagrun for dataset_alias_example_alias_producer to None, run_after=None
[2024-09-28T07:50:29.132+0000] {logging_mixin.py:190} INFO - [2024-09-28T07:50:29.132+0000] {dag.py:4180} INFO - Setting next_dagrun for dataset_s3_bucket_consumer to None, run_after=None
[2024-09-28T07:50:29.132+0000] {logging_mixin.py:190} INFO - [2024-09-28T07:50:29.132+0000] {dag.py:4180} INFO - Setting next_dagrun for dataset_s3_bucket_producer to None, run_after=None
[2024-09-28T07:50:29.143+0000] {processor.py:208} INFO - Processing /home/airflow/.local/lib/python3.12/site-packages/airflow/example_dags/example_dataset_alias.py took 0.161 seconds
[2024-09-28T07:50:59.352+0000] {processor.py:186} INFO - Started process (PID=2214) to work on /home/airflow/.local/lib/python3.12/site-packages/airflow/example_dags/example_dataset_alias.py
[2024-09-28T07:50:59.354+0000] {processor.py:914} INFO - Processing file /home/airflow/.local/lib/python3.12/site-packages/airflow/example_dags/example_dataset_alias.py for tasks to queue
[2024-09-28T07:50:59.356+0000] {logging_mixin.py:190} INFO - [2024-09-28T07:50:59.356+0000] {dagbag.py:588} INFO - Filling up the DagBag from /home/airflow/.local/lib/python3.12/site-packages/airflow/example_dags/example_dataset_alias.py
[2024-09-28T07:50:59.476+0000] {processor.py:925} INFO - DAG(s) 'dataset_alias_example_alias_consumer', 'dataset_s3_bucket_producer', 'dataset_s3_bucket_consumer', 'dataset_alias_example_alias_producer' retrieved from /home/airflow/.local/lib/python3.12/site-packages/airflow/example_dags/example_dataset_alias.py
[2024-09-28T07:50:59.487+0000] {logging_mixin.py:190} INFO - [2024-09-28T07:50:59.487+0000] {dag.py:3239} INFO - Sync 4 DAGs
[2024-09-28T07:50:59.507+0000] {logging_mixin.py:190} INFO - [2024-09-28T07:50:59.507+0000] {dag.py:4180} INFO - Setting next_dagrun for dataset_alias_example_alias_consumer to None, run_after=None
[2024-09-28T07:50:59.510+0000] {logging_mixin.py:190} INFO - [2024-09-28T07:50:59.510+0000] {dag.py:4180} INFO - Setting next_dagrun for dataset_alias_example_alias_producer to None, run_after=None
[2024-09-28T07:50:59.511+0000] {logging_mixin.py:190} INFO - [2024-09-28T07:50:59.511+0000] {dag.py:4180} INFO - Setting next_dagrun for dataset_s3_bucket_consumer to None, run_after=None
[2024-09-28T07:50:59.512+0000] {logging_mixin.py:190} INFO - [2024-09-28T07:50:59.512+0000] {dag.py:4180} INFO - Setting next_dagrun for dataset_s3_bucket_producer to None, run_after=None
[2024-09-28T07:50:59.523+0000] {processor.py:208} INFO - Processing /home/airflow/.local/lib/python3.12/site-packages/airflow/example_dags/example_dataset_alias.py took 0.179 seconds
[2024-09-28T07:51:29.672+0000] {processor.py:186} INFO - Started process (PID=2499) to work on /home/airflow/.local/lib/python3.12/site-packages/airflow/example_dags/example_dataset_alias.py
[2024-09-28T07:51:29.674+0000] {processor.py:914} INFO - Processing file /home/airflow/.local/lib/python3.12/site-packages/airflow/example_dags/example_dataset_alias.py for tasks to queue
[2024-09-28T07:51:29.677+0000] {logging_mixin.py:190} INFO - [2024-09-28T07:51:29.677+0000] {dagbag.py:588} INFO - Filling up the DagBag from /home/airflow/.local/lib/python3.12/site-packages/airflow/example_dags/example_dataset_alias.py
[2024-09-28T07:51:29.786+0000] {processor.py:925} INFO - DAG(s) 'dataset_s3_bucket_consumer', 'dataset_alias_example_alias_consumer', 'dataset_alias_example_alias_producer', 'dataset_s3_bucket_producer' retrieved from /home/airflow/.local/lib/python3.12/site-packages/airflow/example_dags/example_dataset_alias.py
[2024-09-28T07:51:29.801+0000] {logging_mixin.py:190} INFO - [2024-09-28T07:51:29.800+0000] {dag.py:3239} INFO - Sync 4 DAGs
[2024-09-28T07:51:29.812+0000] {logging_mixin.py:190} INFO - [2024-09-28T07:51:29.811+0000] {dag.py:4180} INFO - Setting next_dagrun for dataset_alias_example_alias_consumer to None, run_after=None
[2024-09-28T07:51:29.813+0000] {logging_mixin.py:190} INFO - [2024-09-28T07:51:29.813+0000] {dag.py:4180} INFO - Setting next_dagrun for dataset_alias_example_alias_producer to None, run_after=None
[2024-09-28T07:51:29.813+0000] {logging_mixin.py:190} INFO - [2024-09-28T07:51:29.813+0000] {dag.py:4180} INFO - Setting next_dagrun for dataset_s3_bucket_consumer to None, run_after=None
[2024-09-28T07:51:29.814+0000] {logging_mixin.py:190} INFO - [2024-09-28T07:51:29.814+0000] {dag.py:4180} INFO - Setting next_dagrun for dataset_s3_bucket_producer to None, run_after=None
[2024-09-28T07:51:29.829+0000] {processor.py:208} INFO - Processing /home/airflow/.local/lib/python3.12/site-packages/airflow/example_dags/example_dataset_alias.py took 0.164 seconds
[2024-09-28T07:51:59.890+0000] {processor.py:186} INFO - Started process (PID=2793) to work on /home/airflow/.local/lib/python3.12/site-packages/airflow/example_dags/example_dataset_alias.py
[2024-09-28T07:51:59.893+0000] {processor.py:914} INFO - Processing file /home/airflow/.local/lib/python3.12/site-packages/airflow/example_dags/example_dataset_alias.py for tasks to queue
[2024-09-28T07:51:59.895+0000] {logging_mixin.py:190} INFO - [2024-09-28T07:51:59.894+0000] {dagbag.py:588} INFO - Filling up the DagBag from /home/airflow/.local/lib/python3.12/site-packages/airflow/example_dags/example_dataset_alias.py
[2024-09-28T07:51:59.976+0000] {processor.py:925} INFO - DAG(s) 'dataset_alias_example_alias_consumer', 'dataset_s3_bucket_producer', 'dataset_s3_bucket_consumer', 'dataset_alias_example_alias_producer' retrieved from /home/airflow/.local/lib/python3.12/site-packages/airflow/example_dags/example_dataset_alias.py
[2024-09-28T07:51:59.987+0000] {logging_mixin.py:190} INFO - [2024-09-28T07:51:59.987+0000] {dag.py:3239} INFO - Sync 4 DAGs
[2024-09-28T07:51:59.998+0000] {logging_mixin.py:190} INFO - [2024-09-28T07:51:59.998+0000] {dag.py:4180} INFO - Setting next_dagrun for dataset_alias_example_alias_consumer to None, run_after=None
[2024-09-28T07:52:00.001+0000] {logging_mixin.py:190} INFO - [2024-09-28T07:52:00.001+0000] {dag.py:4180} INFO - Setting next_dagrun for dataset_alias_example_alias_producer to None, run_after=None
[2024-09-28T07:52:00.004+0000] {logging_mixin.py:190} INFO - [2024-09-28T07:52:00.004+0000] {dag.py:4180} INFO - Setting next_dagrun for dataset_s3_bucket_consumer to None, run_after=None
[2024-09-28T07:52:00.005+0000] {logging_mixin.py:190} INFO - [2024-09-28T07:52:00.005+0000] {dag.py:4180} INFO - Setting next_dagrun for dataset_s3_bucket_producer to None, run_after=None
[2024-09-28T07:52:00.014+0000] {processor.py:208} INFO - Processing /home/airflow/.local/lib/python3.12/site-packages/airflow/example_dags/example_dataset_alias.py took 0.130 seconds
[2024-09-28T07:52:30.980+0000] {processor.py:186} INFO - Started process (PID=3076) to work on /home/airflow/.local/lib/python3.12/site-packages/airflow/example_dags/example_dataset_alias.py
[2024-09-28T07:52:30.981+0000] {processor.py:914} INFO - Processing file /home/airflow/.local/lib/python3.12/site-packages/airflow/example_dags/example_dataset_alias.py for tasks to queue
[2024-09-28T07:52:30.983+0000] {logging_mixin.py:190} INFO - [2024-09-28T07:52:30.983+0000] {dagbag.py:588} INFO - Filling up the DagBag from /home/airflow/.local/lib/python3.12/site-packages/airflow/example_dags/example_dataset_alias.py
[2024-09-28T07:52:31.093+0000] {processor.py:925} INFO - DAG(s) 'dataset_s3_bucket_consumer', 'dataset_alias_example_alias_producer', 'dataset_s3_bucket_producer', 'dataset_alias_example_alias_consumer' retrieved from /home/airflow/.local/lib/python3.12/site-packages/airflow/example_dags/example_dataset_alias.py
[2024-09-28T07:52:31.104+0000] {logging_mixin.py:190} INFO - [2024-09-28T07:52:31.103+0000] {dag.py:3239} INFO - Sync 4 DAGs
[2024-09-28T07:52:31.116+0000] {logging_mixin.py:190} INFO - [2024-09-28T07:52:31.116+0000] {dag.py:4180} INFO - Setting next_dagrun for dataset_alias_example_alias_consumer to None, run_after=None
[2024-09-28T07:52:31.117+0000] {logging_mixin.py:190} INFO - [2024-09-28T07:52:31.117+0000] {dag.py:4180} INFO - Setting next_dagrun for dataset_alias_example_alias_producer to None, run_after=None
[2024-09-28T07:52:31.118+0000] {logging_mixin.py:190} INFO - [2024-09-28T07:52:31.118+0000] {dag.py:4180} INFO - Setting next_dagrun for dataset_s3_bucket_consumer to None, run_after=None
[2024-09-28T07:52:31.118+0000] {logging_mixin.py:190} INFO - [2024-09-28T07:52:31.118+0000] {dag.py:4180} INFO - Setting next_dagrun for dataset_s3_bucket_producer to None, run_after=None
[2024-09-28T07:52:31.127+0000] {processor.py:208} INFO - Processing /home/airflow/.local/lib/python3.12/site-packages/airflow/example_dags/example_dataset_alias.py took 0.152 seconds
[2024-09-28T07:53:01.257+0000] {processor.py:186} INFO - Started process (PID=3362) to work on /home/airflow/.local/lib/python3.12/site-packages/airflow/example_dags/example_dataset_alias.py
[2024-09-28T07:53:01.259+0000] {processor.py:914} INFO - Processing file /home/airflow/.local/lib/python3.12/site-packages/airflow/example_dags/example_dataset_alias.py for tasks to queue
[2024-09-28T07:53:01.263+0000] {logging_mixin.py:190} INFO - [2024-09-28T07:53:01.262+0000] {dagbag.py:588} INFO - Filling up the DagBag from /home/airflow/.local/lib/python3.12/site-packages/airflow/example_dags/example_dataset_alias.py
[2024-09-28T07:53:01.394+0000] {processor.py:925} INFO - DAG(s) 'dataset_alias_example_alias_producer', 'dataset_s3_bucket_producer', 'dataset_alias_example_alias_consumer', 'dataset_s3_bucket_consumer' retrieved from /home/airflow/.local/lib/python3.12/site-packages/airflow/example_dags/example_dataset_alias.py
[2024-09-28T07:53:01.409+0000] {logging_mixin.py:190} INFO - [2024-09-28T07:53:01.409+0000] {dag.py:3239} INFO - Sync 4 DAGs
[2024-09-28T07:53:01.420+0000] {logging_mixin.py:190} INFO - [2024-09-28T07:53:01.420+0000] {dag.py:4180} INFO - Setting next_dagrun for dataset_alias_example_alias_consumer to None, run_after=None
[2024-09-28T07:53:01.422+0000] {logging_mixin.py:190} INFO - [2024-09-28T07:53:01.422+0000] {dag.py:4180} INFO - Setting next_dagrun for dataset_alias_example_alias_producer to None, run_after=None
[2024-09-28T07:53:01.423+0000] {logging_mixin.py:190} INFO - [2024-09-28T07:53:01.423+0000] {dag.py:4180} INFO - Setting next_dagrun for dataset_s3_bucket_consumer to None, run_after=None
[2024-09-28T07:53:01.423+0000] {logging_mixin.py:190} INFO - [2024-09-28T07:53:01.423+0000] {dag.py:4180} INFO - Setting next_dagrun for dataset_s3_bucket_producer to None, run_after=None
[2024-09-28T07:53:01.434+0000] {processor.py:208} INFO - Processing /home/airflow/.local/lib/python3.12/site-packages/airflow/example_dags/example_dataset_alias.py took 0.186 seconds
[2024-09-28T07:53:31.582+0000] {processor.py:186} INFO - Started process (PID=3648) to work on /home/airflow/.local/lib/python3.12/site-packages/airflow/example_dags/example_dataset_alias.py
[2024-09-28T07:53:31.583+0000] {processor.py:914} INFO - Processing file /home/airflow/.local/lib/python3.12/site-packages/airflow/example_dags/example_dataset_alias.py for tasks to queue
[2024-09-28T07:53:31.584+0000] {logging_mixin.py:190} INFO - [2024-09-28T07:53:31.584+0000] {dagbag.py:588} INFO - Filling up the DagBag from /home/airflow/.local/lib/python3.12/site-packages/airflow/example_dags/example_dataset_alias.py
[2024-09-28T07:53:31.692+0000] {processor.py:925} INFO - DAG(s) 'dataset_s3_bucket_producer', 'dataset_alias_example_alias_consumer', 'dataset_s3_bucket_consumer', 'dataset_alias_example_alias_producer' retrieved from /home/airflow/.local/lib/python3.12/site-packages/airflow/example_dags/example_dataset_alias.py
[2024-09-28T07:53:31.706+0000] {logging_mixin.py:190} INFO - [2024-09-28T07:53:31.706+0000] {dag.py:3239} INFO - Sync 4 DAGs
[2024-09-28T07:53:31.719+0000] {logging_mixin.py:190} INFO - [2024-09-28T07:53:31.718+0000] {dag.py:4180} INFO - Setting next_dagrun for dataset_alias_example_alias_consumer to None, run_after=None
[2024-09-28T07:53:31.721+0000] {logging_mixin.py:190} INFO - [2024-09-28T07:53:31.721+0000] {dag.py:4180} INFO - Setting next_dagrun for dataset_alias_example_alias_producer to None, run_after=None
[2024-09-28T07:53:31.722+0000] {logging_mixin.py:190} INFO - [2024-09-28T07:53:31.722+0000] {dag.py:4180} INFO - Setting next_dagrun for dataset_s3_bucket_consumer to None, run_after=None
[2024-09-28T07:53:31.722+0000] {logging_mixin.py:190} INFO - [2024-09-28T07:53:31.722+0000] {dag.py:4180} INFO - Setting next_dagrun for dataset_s3_bucket_producer to None, run_after=None
[2024-09-28T07:53:31.737+0000] {processor.py:208} INFO - Processing /home/airflow/.local/lib/python3.12/site-packages/airflow/example_dags/example_dataset_alias.py took 0.159 seconds
[2024-09-28T07:54:01.819+0000] {processor.py:186} INFO - Started process (PID=3934) to work on /home/airflow/.local/lib/python3.12/site-packages/airflow/example_dags/example_dataset_alias.py
[2024-09-28T07:54:01.822+0000] {processor.py:914} INFO - Processing file /home/airflow/.local/lib/python3.12/site-packages/airflow/example_dags/example_dataset_alias.py for tasks to queue
[2024-09-28T07:54:01.824+0000] {logging_mixin.py:190} INFO - [2024-09-28T07:54:01.824+0000] {dagbag.py:588} INFO - Filling up the DagBag from /home/airflow/.local/lib/python3.12/site-packages/airflow/example_dags/example_dataset_alias.py
[2024-09-28T07:54:01.931+0000] {processor.py:925} INFO - DAG(s) 'dataset_s3_bucket_producer', 'dataset_alias_example_alias_producer', 'dataset_alias_example_alias_consumer', 'dataset_s3_bucket_consumer' retrieved from /home/airflow/.local/lib/python3.12/site-packages/airflow/example_dags/example_dataset_alias.py
[2024-09-28T07:54:01.944+0000] {logging_mixin.py:190} INFO - [2024-09-28T07:54:01.944+0000] {dag.py:3239} INFO - Sync 4 DAGs
[2024-09-28T07:54:01.956+0000] {logging_mixin.py:190} INFO - [2024-09-28T07:54:01.955+0000] {dag.py:4180} INFO - Setting next_dagrun for dataset_alias_example_alias_consumer to None, run_after=None
[2024-09-28T07:54:01.958+0000] {logging_mixin.py:190} INFO - [2024-09-28T07:54:01.958+0000] {dag.py:4180} INFO - Setting next_dagrun for dataset_alias_example_alias_producer to None, run_after=None
[2024-09-28T07:54:01.960+0000] {logging_mixin.py:190} INFO - [2024-09-28T07:54:01.960+0000] {dag.py:4180} INFO - Setting next_dagrun for dataset_s3_bucket_consumer to None, run_after=None
[2024-09-28T07:54:01.961+0000] {logging_mixin.py:190} INFO - [2024-09-28T07:54:01.961+0000] {dag.py:4180} INFO - Setting next_dagrun for dataset_s3_bucket_producer to None, run_after=None
[2024-09-28T07:54:01.975+0000] {processor.py:208} INFO - Processing /home/airflow/.local/lib/python3.12/site-packages/airflow/example_dags/example_dataset_alias.py took 0.166 seconds
[2024-09-28T07:54:32.076+0000] {processor.py:186} INFO - Started process (PID=4220) to work on /home/airflow/.local/lib/python3.12/site-packages/airflow/example_dags/example_dataset_alias.py
[2024-09-28T07:54:32.078+0000] {processor.py:914} INFO - Processing file /home/airflow/.local/lib/python3.12/site-packages/airflow/example_dags/example_dataset_alias.py for tasks to queue
[2024-09-28T07:54:32.081+0000] {logging_mixin.py:190} INFO - [2024-09-28T07:54:32.081+0000] {dagbag.py:588} INFO - Filling up the DagBag from /home/airflow/.local/lib/python3.12/site-packages/airflow/example_dags/example_dataset_alias.py
[2024-09-28T07:54:32.185+0000] {processor.py:925} INFO - DAG(s) 'dataset_alias_example_alias_producer', 'dataset_s3_bucket_consumer', 'dataset_s3_bucket_producer', 'dataset_alias_example_alias_consumer' retrieved from /home/airflow/.local/lib/python3.12/site-packages/airflow/example_dags/example_dataset_alias.py
[2024-09-28T07:54:32.197+0000] {logging_mixin.py:190} INFO - [2024-09-28T07:54:32.197+0000] {dag.py:3239} INFO - Sync 4 DAGs
[2024-09-28T07:54:32.208+0000] {logging_mixin.py:190} INFO - [2024-09-28T07:54:32.208+0000] {dag.py:4180} INFO - Setting next_dagrun for dataset_alias_example_alias_consumer to None, run_after=None
[2024-09-28T07:54:32.211+0000] {logging_mixin.py:190} INFO - [2024-09-28T07:54:32.211+0000] {dag.py:4180} INFO - Setting next_dagrun for dataset_alias_example_alias_producer to None, run_after=None
[2024-09-28T07:54:32.214+0000] {logging_mixin.py:190} INFO - [2024-09-28T07:54:32.213+0000] {dag.py:4180} INFO - Setting next_dagrun for dataset_s3_bucket_consumer to None, run_after=None
[2024-09-28T07:54:32.214+0000] {logging_mixin.py:190} INFO - [2024-09-28T07:54:32.214+0000] {dag.py:4180} INFO - Setting next_dagrun for dataset_s3_bucket_producer to None, run_after=None
[2024-09-28T07:54:32.227+0000] {processor.py:208} INFO - Processing /home/airflow/.local/lib/python3.12/site-packages/airflow/example_dags/example_dataset_alias.py took 0.161 seconds
[2024-09-28T07:55:02.714+0000] {processor.py:186} INFO - Started process (PID=4506) to work on /home/airflow/.local/lib/python3.12/site-packages/airflow/example_dags/example_dataset_alias.py
[2024-09-28T07:55:02.718+0000] {processor.py:914} INFO - Processing file /home/airflow/.local/lib/python3.12/site-packages/airflow/example_dags/example_dataset_alias.py for tasks to queue
[2024-09-28T07:55:02.722+0000] {logging_mixin.py:190} INFO - [2024-09-28T07:55:02.721+0000] {dagbag.py:588} INFO - Filling up the DagBag from /home/airflow/.local/lib/python3.12/site-packages/airflow/example_dags/example_dataset_alias.py
[2024-09-28T07:55:02.831+0000] {processor.py:925} INFO - DAG(s) 'dataset_alias_example_alias_consumer', 'dataset_s3_bucket_consumer', 'dataset_s3_bucket_producer', 'dataset_alias_example_alias_producer' retrieved from /home/airflow/.local/lib/python3.12/site-packages/airflow/example_dags/example_dataset_alias.py
[2024-09-28T07:55:02.846+0000] {logging_mixin.py:190} INFO - [2024-09-28T07:55:02.845+0000] {dag.py:3239} INFO - Sync 4 DAGs
[2024-09-28T07:55:02.857+0000] {logging_mixin.py:190} INFO - [2024-09-28T07:55:02.857+0000] {dag.py:4180} INFO - Setting next_dagrun for dataset_alias_example_alias_consumer to None, run_after=None
[2024-09-28T07:55:02.860+0000] {logging_mixin.py:190} INFO - [2024-09-28T07:55:02.860+0000] {dag.py:4180} INFO - Setting next_dagrun for dataset_alias_example_alias_producer to None, run_after=None
[2024-09-28T07:55:02.862+0000] {logging_mixin.py:190} INFO - [2024-09-28T07:55:02.862+0000] {dag.py:4180} INFO - Setting next_dagrun for dataset_s3_bucket_consumer to None, run_after=None
[2024-09-28T07:55:02.863+0000] {logging_mixin.py:190} INFO - [2024-09-28T07:55:02.863+0000] {dag.py:4180} INFO - Setting next_dagrun for dataset_s3_bucket_producer to None, run_after=None
[2024-09-28T07:55:02.876+0000] {processor.py:208} INFO - Processing /home/airflow/.local/lib/python3.12/site-packages/airflow/example_dags/example_dataset_alias.py took 0.170 seconds
[2024-09-28T07:55:33.027+0000] {processor.py:186} INFO - Started process (PID=4792) to work on /home/airflow/.local/lib/python3.12/site-packages/airflow/example_dags/example_dataset_alias.py
[2024-09-28T07:55:33.029+0000] {processor.py:914} INFO - Processing file /home/airflow/.local/lib/python3.12/site-packages/airflow/example_dags/example_dataset_alias.py for tasks to queue
[2024-09-28T07:55:33.032+0000] {logging_mixin.py:190} INFO - [2024-09-28T07:55:33.032+0000] {dagbag.py:588} INFO - Filling up the DagBag from /home/airflow/.local/lib/python3.12/site-packages/airflow/example_dags/example_dataset_alias.py
[2024-09-28T07:55:33.131+0000] {processor.py:925} INFO - DAG(s) 'dataset_s3_bucket_producer', 'dataset_alias_example_alias_producer', 'dataset_alias_example_alias_consumer', 'dataset_s3_bucket_consumer' retrieved from /home/airflow/.local/lib/python3.12/site-packages/airflow/example_dags/example_dataset_alias.py
[2024-09-28T07:55:33.142+0000] {logging_mixin.py:190} INFO - [2024-09-28T07:55:33.142+0000] {dag.py:3239} INFO - Sync 4 DAGs
[2024-09-28T07:55:33.152+0000] {logging_mixin.py:190} INFO - [2024-09-28T07:55:33.152+0000] {dag.py:4180} INFO - Setting next_dagrun for dataset_alias_example_alias_consumer to None, run_after=None
[2024-09-28T07:55:33.154+0000] {logging_mixin.py:190} INFO - [2024-09-28T07:55:33.154+0000] {dag.py:4180} INFO - Setting next_dagrun for dataset_alias_example_alias_producer to None, run_after=None
[2024-09-28T07:55:33.154+0000] {logging_mixin.py:190} INFO - [2024-09-28T07:55:33.154+0000] {dag.py:4180} INFO - Setting next_dagrun for dataset_s3_bucket_consumer to None, run_after=None
[2024-09-28T07:55:33.155+0000] {logging_mixin.py:190} INFO - [2024-09-28T07:55:33.155+0000] {dag.py:4180} INFO - Setting next_dagrun for dataset_s3_bucket_producer to None, run_after=None
[2024-09-28T07:55:33.168+0000] {processor.py:208} INFO - Processing /home/airflow/.local/lib/python3.12/site-packages/airflow/example_dags/example_dataset_alias.py took 0.149 seconds
[2024-09-28T07:56:03.419+0000] {processor.py:186} INFO - Started process (PID=5078) to work on /home/airflow/.local/lib/python3.12/site-packages/airflow/example_dags/example_dataset_alias.py
[2024-09-28T07:56:03.422+0000] {processor.py:914} INFO - Processing file /home/airflow/.local/lib/python3.12/site-packages/airflow/example_dags/example_dataset_alias.py for tasks to queue
[2024-09-28T07:56:03.424+0000] {logging_mixin.py:190} INFO - [2024-09-28T07:56:03.424+0000] {dagbag.py:588} INFO - Filling up the DagBag from /home/airflow/.local/lib/python3.12/site-packages/airflow/example_dags/example_dataset_alias.py
[2024-09-28T07:56:03.528+0000] {processor.py:925} INFO - DAG(s) 'dataset_s3_bucket_producer', 'dataset_alias_example_alias_consumer', 'dataset_s3_bucket_consumer', 'dataset_alias_example_alias_producer' retrieved from /home/airflow/.local/lib/python3.12/site-packages/airflow/example_dags/example_dataset_alias.py
[2024-09-28T07:56:03.544+0000] {logging_mixin.py:190} INFO - [2024-09-28T07:56:03.544+0000] {dag.py:3239} INFO - Sync 4 DAGs
[2024-09-28T07:56:03.557+0000] {logging_mixin.py:190} INFO - [2024-09-28T07:56:03.556+0000] {dag.py:4180} INFO - Setting next_dagrun for dataset_alias_example_alias_consumer to None, run_after=None
[2024-09-28T07:56:03.559+0000] {logging_mixin.py:190} INFO - [2024-09-28T07:56:03.559+0000] {dag.py:4180} INFO - Setting next_dagrun for dataset_alias_example_alias_producer to None, run_after=None
[2024-09-28T07:56:03.560+0000] {logging_mixin.py:190} INFO - [2024-09-28T07:56:03.560+0000] {dag.py:4180} INFO - Setting next_dagrun for dataset_s3_bucket_consumer to None, run_after=None
[2024-09-28T07:56:03.561+0000] {logging_mixin.py:190} INFO - [2024-09-28T07:56:03.561+0000] {dag.py:4180} INFO - Setting next_dagrun for dataset_s3_bucket_producer to None, run_after=None
[2024-09-28T07:56:03.574+0000] {processor.py:208} INFO - Processing /home/airflow/.local/lib/python3.12/site-packages/airflow/example_dags/example_dataset_alias.py took 0.164 seconds
[2024-09-28T07:56:33.775+0000] {processor.py:186} INFO - Started process (PID=5364) to work on /home/airflow/.local/lib/python3.12/site-packages/airflow/example_dags/example_dataset_alias.py
[2024-09-28T07:56:33.777+0000] {processor.py:914} INFO - Processing file /home/airflow/.local/lib/python3.12/site-packages/airflow/example_dags/example_dataset_alias.py for tasks to queue
[2024-09-28T07:56:33.779+0000] {logging_mixin.py:190} INFO - [2024-09-28T07:56:33.779+0000] {dagbag.py:588} INFO - Filling up the DagBag from /home/airflow/.local/lib/python3.12/site-packages/airflow/example_dags/example_dataset_alias.py
[2024-09-28T07:56:33.903+0000] {processor.py:925} INFO - DAG(s) 'dataset_alias_example_alias_producer', 'dataset_s3_bucket_producer', 'dataset_s3_bucket_consumer', 'dataset_alias_example_alias_consumer' retrieved from /home/airflow/.local/lib/python3.12/site-packages/airflow/example_dags/example_dataset_alias.py
[2024-09-28T07:56:33.916+0000] {logging_mixin.py:190} INFO - [2024-09-28T07:56:33.916+0000] {dag.py:3239} INFO - Sync 4 DAGs
[2024-09-28T07:56:33.929+0000] {logging_mixin.py:190} INFO - [2024-09-28T07:56:33.928+0000] {dag.py:4180} INFO - Setting next_dagrun for dataset_alias_example_alias_consumer to None, run_after=None
[2024-09-28T07:56:33.932+0000] {logging_mixin.py:190} INFO - [2024-09-28T07:56:33.931+0000] {dag.py:4180} INFO - Setting next_dagrun for dataset_alias_example_alias_producer to None, run_after=None
[2024-09-28T07:56:33.933+0000] {logging_mixin.py:190} INFO - [2024-09-28T07:56:33.933+0000] {dag.py:4180} INFO - Setting next_dagrun for dataset_s3_bucket_consumer to None, run_after=None
[2024-09-28T07:56:33.935+0000] {logging_mixin.py:190} INFO - [2024-09-28T07:56:33.935+0000] {dag.py:4180} INFO - Setting next_dagrun for dataset_s3_bucket_producer to None, run_after=None
[2024-09-28T07:56:33.948+0000] {processor.py:208} INFO - Processing /home/airflow/.local/lib/python3.12/site-packages/airflow/example_dags/example_dataset_alias.py took 0.180 seconds
[2024-09-28T07:57:04.124+0000] {processor.py:186} INFO - Started process (PID=5650) to work on /home/airflow/.local/lib/python3.12/site-packages/airflow/example_dags/example_dataset_alias.py
[2024-09-28T07:57:04.126+0000] {processor.py:914} INFO - Processing file /home/airflow/.local/lib/python3.12/site-packages/airflow/example_dags/example_dataset_alias.py for tasks to queue
[2024-09-28T07:57:04.127+0000] {logging_mixin.py:190} INFO - [2024-09-28T07:57:04.127+0000] {dagbag.py:588} INFO - Filling up the DagBag from /home/airflow/.local/lib/python3.12/site-packages/airflow/example_dags/example_dataset_alias.py
[2024-09-28T07:57:04.220+0000] {processor.py:925} INFO - DAG(s) 'dataset_s3_bucket_consumer', 'dataset_alias_example_alias_producer', 'dataset_s3_bucket_producer', 'dataset_alias_example_alias_consumer' retrieved from /home/airflow/.local/lib/python3.12/site-packages/airflow/example_dags/example_dataset_alias.py
[2024-09-28T07:57:04.233+0000] {logging_mixin.py:190} INFO - [2024-09-28T07:57:04.233+0000] {dag.py:3239} INFO - Sync 4 DAGs
[2024-09-28T07:57:04.248+0000] {logging_mixin.py:190} INFO - [2024-09-28T07:57:04.248+0000] {dag.py:4180} INFO - Setting next_dagrun for dataset_alias_example_alias_consumer to None, run_after=None
[2024-09-28T07:57:04.250+0000] {logging_mixin.py:190} INFO - [2024-09-28T07:57:04.250+0000] {dag.py:4180} INFO - Setting next_dagrun for dataset_alias_example_alias_producer to None, run_after=None
[2024-09-28T07:57:04.251+0000] {logging_mixin.py:190} INFO - [2024-09-28T07:57:04.251+0000] {dag.py:4180} INFO - Setting next_dagrun for dataset_s3_bucket_consumer to None, run_after=None
[2024-09-28T07:57:04.252+0000] {logging_mixin.py:190} INFO - [2024-09-28T07:57:04.252+0000] {dag.py:4180} INFO - Setting next_dagrun for dataset_s3_bucket_producer to None, run_after=None
[2024-09-28T07:57:04.265+0000] {processor.py:208} INFO - Processing /home/airflow/.local/lib/python3.12/site-packages/airflow/example_dags/example_dataset_alias.py took 0.144 seconds
[2024-09-28T07:57:34.491+0000] {processor.py:186} INFO - Started process (PID=5936) to work on /home/airflow/.local/lib/python3.12/site-packages/airflow/example_dags/example_dataset_alias.py
[2024-09-28T07:57:34.492+0000] {processor.py:914} INFO - Processing file /home/airflow/.local/lib/python3.12/site-packages/airflow/example_dags/example_dataset_alias.py for tasks to queue
[2024-09-28T07:57:34.494+0000] {logging_mixin.py:190} INFO - [2024-09-28T07:57:34.493+0000] {dagbag.py:588} INFO - Filling up the DagBag from /home/airflow/.local/lib/python3.12/site-packages/airflow/example_dags/example_dataset_alias.py
[2024-09-28T07:57:34.584+0000] {processor.py:925} INFO - DAG(s) 'dataset_s3_bucket_producer', 'dataset_s3_bucket_consumer', 'dataset_alias_example_alias_consumer', 'dataset_alias_example_alias_producer' retrieved from /home/airflow/.local/lib/python3.12/site-packages/airflow/example_dags/example_dataset_alias.py
[2024-09-28T07:57:34.597+0000] {logging_mixin.py:190} INFO - [2024-09-28T07:57:34.597+0000] {dag.py:3239} INFO - Sync 4 DAGs
[2024-09-28T07:57:34.607+0000] {logging_mixin.py:190} INFO - [2024-09-28T07:57:34.607+0000] {dag.py:4180} INFO - Setting next_dagrun for dataset_alias_example_alias_consumer to None, run_after=None
[2024-09-28T07:57:34.610+0000] {logging_mixin.py:190} INFO - [2024-09-28T07:57:34.610+0000] {dag.py:4180} INFO - Setting next_dagrun for dataset_alias_example_alias_producer to None, run_after=None
[2024-09-28T07:57:34.611+0000] {logging_mixin.py:190} INFO - [2024-09-28T07:57:34.611+0000] {dag.py:4180} INFO - Setting next_dagrun for dataset_s3_bucket_consumer to None, run_after=None
[2024-09-28T07:57:34.613+0000] {logging_mixin.py:190} INFO - [2024-09-28T07:57:34.613+0000] {dag.py:4180} INFO - Setting next_dagrun for dataset_s3_bucket_producer to None, run_after=None
[2024-09-28T07:57:34.624+0000] {processor.py:208} INFO - Processing /home/airflow/.local/lib/python3.12/site-packages/airflow/example_dags/example_dataset_alias.py took 0.140 seconds
[2024-09-28T07:58:04.692+0000] {processor.py:186} INFO - Started process (PID=6221) to work on /home/airflow/.local/lib/python3.12/site-packages/airflow/example_dags/example_dataset_alias.py
[2024-09-28T07:58:04.694+0000] {processor.py:914} INFO - Processing file /home/airflow/.local/lib/python3.12/site-packages/airflow/example_dags/example_dataset_alias.py for tasks to queue
[2024-09-28T07:58:04.697+0000] {logging_mixin.py:190} INFO - [2024-09-28T07:58:04.696+0000] {dagbag.py:588} INFO - Filling up the DagBag from /home/airflow/.local/lib/python3.12/site-packages/airflow/example_dags/example_dataset_alias.py
[2024-09-28T07:58:04.804+0000] {processor.py:925} INFO - DAG(s) 'dataset_alias_example_alias_producer', 'dataset_s3_bucket_consumer', 'dataset_alias_example_alias_consumer', 'dataset_s3_bucket_producer' retrieved from /home/airflow/.local/lib/python3.12/site-packages/airflow/example_dags/example_dataset_alias.py
[2024-09-28T07:58:04.814+0000] {logging_mixin.py:190} INFO - [2024-09-28T07:58:04.814+0000] {dag.py:3239} INFO - Sync 4 DAGs
[2024-09-28T07:58:04.827+0000] {logging_mixin.py:190} INFO - [2024-09-28T07:58:04.827+0000] {dag.py:4180} INFO - Setting next_dagrun for dataset_alias_example_alias_consumer to None, run_after=None
[2024-09-28T07:58:04.830+0000] {logging_mixin.py:190} INFO - [2024-09-28T07:58:04.830+0000] {dag.py:4180} INFO - Setting next_dagrun for dataset_alias_example_alias_producer to None, run_after=None
[2024-09-28T07:58:04.831+0000] {logging_mixin.py:190} INFO - [2024-09-28T07:58:04.831+0000] {dag.py:4180} INFO - Setting next_dagrun for dataset_s3_bucket_consumer to None, run_after=None
[2024-09-28T07:58:04.831+0000] {logging_mixin.py:190} INFO - [2024-09-28T07:58:04.831+0000] {dag.py:4180} INFO - Setting next_dagrun for dataset_s3_bucket_producer to None, run_after=None
[2024-09-28T07:58:04.842+0000] {processor.py:208} INFO - Processing /home/airflow/.local/lib/python3.12/site-packages/airflow/example_dags/example_dataset_alias.py took 0.158 seconds
[2024-09-28T07:58:35.031+0000] {processor.py:186} INFO - Started process (PID=6507) to work on /home/airflow/.local/lib/python3.12/site-packages/airflow/example_dags/example_dataset_alias.py
[2024-09-28T07:58:35.034+0000] {processor.py:914} INFO - Processing file /home/airflow/.local/lib/python3.12/site-packages/airflow/example_dags/example_dataset_alias.py for tasks to queue
[2024-09-28T07:58:35.038+0000] {logging_mixin.py:190} INFO - [2024-09-28T07:58:35.038+0000] {dagbag.py:588} INFO - Filling up the DagBag from /home/airflow/.local/lib/python3.12/site-packages/airflow/example_dags/example_dataset_alias.py
[2024-09-28T07:58:35.182+0000] {processor.py:925} INFO - DAG(s) 'dataset_s3_bucket_producer', 'dataset_s3_bucket_consumer', 'dataset_alias_example_alias_producer', 'dataset_alias_example_alias_consumer' retrieved from /home/airflow/.local/lib/python3.12/site-packages/airflow/example_dags/example_dataset_alias.py
[2024-09-28T07:58:35.196+0000] {logging_mixin.py:190} INFO - [2024-09-28T07:58:35.196+0000] {dag.py:3239} INFO - Sync 4 DAGs
[2024-09-28T07:58:35.207+0000] {logging_mixin.py:190} INFO - [2024-09-28T07:58:35.207+0000] {dag.py:4180} INFO - Setting next_dagrun for dataset_alias_example_alias_consumer to None, run_after=None
[2024-09-28T07:58:35.211+0000] {logging_mixin.py:190} INFO - [2024-09-28T07:58:35.211+0000] {dag.py:4180} INFO - Setting next_dagrun for dataset_alias_example_alias_producer to None, run_after=None
[2024-09-28T07:58:35.213+0000] {logging_mixin.py:190} INFO - [2024-09-28T07:58:35.213+0000] {dag.py:4180} INFO - Setting next_dagrun for dataset_s3_bucket_consumer to None, run_after=None
[2024-09-28T07:58:35.214+0000] {logging_mixin.py:190} INFO - [2024-09-28T07:58:35.214+0000] {dag.py:4180} INFO - Setting next_dagrun for dataset_s3_bucket_producer to None, run_after=None
[2024-09-28T07:58:35.230+0000] {processor.py:208} INFO - Processing /home/airflow/.local/lib/python3.12/site-packages/airflow/example_dags/example_dataset_alias.py took 0.204 seconds
[2024-09-28T07:59:05.369+0000] {processor.py:186} INFO - Started process (PID=6793) to work on /home/airflow/.local/lib/python3.12/site-packages/airflow/example_dags/example_dataset_alias.py
[2024-09-28T07:59:05.370+0000] {processor.py:914} INFO - Processing file /home/airflow/.local/lib/python3.12/site-packages/airflow/example_dags/example_dataset_alias.py for tasks to queue
[2024-09-28T07:59:05.371+0000] {logging_mixin.py:190} INFO - [2024-09-28T07:59:05.371+0000] {dagbag.py:588} INFO - Filling up the DagBag from /home/airflow/.local/lib/python3.12/site-packages/airflow/example_dags/example_dataset_alias.py
[2024-09-28T07:59:05.496+0000] {processor.py:925} INFO - DAG(s) 'dataset_s3_bucket_consumer', 'dataset_s3_bucket_producer', 'dataset_alias_example_alias_consumer', 'dataset_alias_example_alias_producer' retrieved from /home/airflow/.local/lib/python3.12/site-packages/airflow/example_dags/example_dataset_alias.py
[2024-09-28T07:59:05.518+0000] {logging_mixin.py:190} INFO - [2024-09-28T07:59:05.517+0000] {dag.py:3239} INFO - Sync 4 DAGs
[2024-09-28T07:59:05.532+0000] {logging_mixin.py:190} INFO - [2024-09-28T07:59:05.532+0000] {dag.py:4180} INFO - Setting next_dagrun for dataset_alias_example_alias_consumer to None, run_after=None
[2024-09-28T07:59:05.534+0000] {logging_mixin.py:190} INFO - [2024-09-28T07:59:05.534+0000] {dag.py:4180} INFO - Setting next_dagrun for dataset_alias_example_alias_producer to None, run_after=None
[2024-09-28T07:59:05.536+0000] {logging_mixin.py:190} INFO - [2024-09-28T07:59:05.536+0000] {dag.py:4180} INFO - Setting next_dagrun for dataset_s3_bucket_consumer to None, run_after=None
[2024-09-28T07:59:05.538+0000] {logging_mixin.py:190} INFO - [2024-09-28T07:59:05.538+0000] {dag.py:4180} INFO - Setting next_dagrun for dataset_s3_bucket_producer to None, run_after=None
[2024-09-28T07:59:05.554+0000] {processor.py:208} INFO - Processing /home/airflow/.local/lib/python3.12/site-packages/airflow/example_dags/example_dataset_alias.py took 0.189 seconds
[2024-09-28T07:59:36.002+0000] {processor.py:186} INFO - Started process (PID=7079) to work on /home/airflow/.local/lib/python3.12/site-packages/airflow/example_dags/example_dataset_alias.py
[2024-09-28T07:59:36.003+0000] {processor.py:914} INFO - Processing file /home/airflow/.local/lib/python3.12/site-packages/airflow/example_dags/example_dataset_alias.py for tasks to queue
[2024-09-28T07:59:36.005+0000] {logging_mixin.py:190} INFO - [2024-09-28T07:59:36.005+0000] {dagbag.py:588} INFO - Filling up the DagBag from /home/airflow/.local/lib/python3.12/site-packages/airflow/example_dags/example_dataset_alias.py
[2024-09-28T07:59:36.132+0000] {processor.py:925} INFO - DAG(s) 'dataset_s3_bucket_producer', 'dataset_alias_example_alias_producer', 'dataset_s3_bucket_consumer', 'dataset_alias_example_alias_consumer' retrieved from /home/airflow/.local/lib/python3.12/site-packages/airflow/example_dags/example_dataset_alias.py
[2024-09-28T07:59:36.146+0000] {logging_mixin.py:190} INFO - [2024-09-28T07:59:36.146+0000] {dag.py:3239} INFO - Sync 4 DAGs
[2024-09-28T07:59:36.161+0000] {logging_mixin.py:190} INFO - [2024-09-28T07:59:36.161+0000] {dag.py:4180} INFO - Setting next_dagrun for dataset_alias_example_alias_consumer to None, run_after=None
[2024-09-28T07:59:36.168+0000] {logging_mixin.py:190} INFO - [2024-09-28T07:59:36.168+0000] {dag.py:4180} INFO - Setting next_dagrun for dataset_alias_example_alias_producer to None, run_after=None
[2024-09-28T07:59:36.171+0000] {logging_mixin.py:190} INFO - [2024-09-28T07:59:36.171+0000] {dag.py:4180} INFO - Setting next_dagrun for dataset_s3_bucket_consumer to None, run_after=None
[2024-09-28T07:59:36.172+0000] {logging_mixin.py:190} INFO - [2024-09-28T07:59:36.172+0000] {dag.py:4180} INFO - Setting next_dagrun for dataset_s3_bucket_producer to None, run_after=None
[2024-09-28T07:59:36.190+0000] {processor.py:208} INFO - Processing /home/airflow/.local/lib/python3.12/site-packages/airflow/example_dags/example_dataset_alias.py took 0.195 seconds
[2024-09-28T08:00:06.391+0000] {processor.py:186} INFO - Started process (PID=7365) to work on /home/airflow/.local/lib/python3.12/site-packages/airflow/example_dags/example_dataset_alias.py
[2024-09-28T08:00:06.392+0000] {processor.py:914} INFO - Processing file /home/airflow/.local/lib/python3.12/site-packages/airflow/example_dags/example_dataset_alias.py for tasks to queue
[2024-09-28T08:00:06.395+0000] {logging_mixin.py:190} INFO - [2024-09-28T08:00:06.395+0000] {dagbag.py:588} INFO - Filling up the DagBag from /home/airflow/.local/lib/python3.12/site-packages/airflow/example_dags/example_dataset_alias.py
[2024-09-28T08:00:06.503+0000] {processor.py:925} INFO - DAG(s) 'dataset_s3_bucket_producer', 'dataset_s3_bucket_consumer', 'dataset_alias_example_alias_consumer', 'dataset_alias_example_alias_producer' retrieved from /home/airflow/.local/lib/python3.12/site-packages/airflow/example_dags/example_dataset_alias.py
[2024-09-28T08:00:06.514+0000] {logging_mixin.py:190} INFO - [2024-09-28T08:00:06.514+0000] {dag.py:3239} INFO - Sync 4 DAGs
[2024-09-28T08:00:06.528+0000] {logging_mixin.py:190} INFO - [2024-09-28T08:00:06.528+0000] {dag.py:4180} INFO - Setting next_dagrun for dataset_alias_example_alias_consumer to None, run_after=None
[2024-09-28T08:00:06.530+0000] {logging_mixin.py:190} INFO - [2024-09-28T08:00:06.530+0000] {dag.py:4180} INFO - Setting next_dagrun for dataset_alias_example_alias_producer to None, run_after=None
[2024-09-28T08:00:06.531+0000] {logging_mixin.py:190} INFO - [2024-09-28T08:00:06.531+0000] {dag.py:4180} INFO - Setting next_dagrun for dataset_s3_bucket_consumer to None, run_after=None
[2024-09-28T08:00:06.535+0000] {logging_mixin.py:190} INFO - [2024-09-28T08:00:06.535+0000] {dag.py:4180} INFO - Setting next_dagrun for dataset_s3_bucket_producer to None, run_after=None
[2024-09-28T08:00:06.546+0000] {processor.py:208} INFO - Processing /home/airflow/.local/lib/python3.12/site-packages/airflow/example_dags/example_dataset_alias.py took 0.163 seconds
[2024-09-28T08:00:36.683+0000] {processor.py:186} INFO - Started process (PID=7651) to work on /home/airflow/.local/lib/python3.12/site-packages/airflow/example_dags/example_dataset_alias.py
[2024-09-28T08:00:36.684+0000] {processor.py:914} INFO - Processing file /home/airflow/.local/lib/python3.12/site-packages/airflow/example_dags/example_dataset_alias.py for tasks to queue
[2024-09-28T08:00:36.685+0000] {logging_mixin.py:190} INFO - [2024-09-28T08:00:36.685+0000] {dagbag.py:588} INFO - Filling up the DagBag from /home/airflow/.local/lib/python3.12/site-packages/airflow/example_dags/example_dataset_alias.py
[2024-09-28T08:00:36.814+0000] {processor.py:925} INFO - DAG(s) 'dataset_alias_example_alias_producer', 'dataset_s3_bucket_consumer', 'dataset_s3_bucket_producer', 'dataset_alias_example_alias_consumer' retrieved from /home/airflow/.local/lib/python3.12/site-packages/airflow/example_dags/example_dataset_alias.py
[2024-09-28T08:00:36.827+0000] {logging_mixin.py:190} INFO - [2024-09-28T08:00:36.826+0000] {dag.py:3239} INFO - Sync 4 DAGs
[2024-09-28T08:00:36.839+0000] {logging_mixin.py:190} INFO - [2024-09-28T08:00:36.839+0000] {dag.py:4180} INFO - Setting next_dagrun for dataset_alias_example_alias_consumer to None, run_after=None
[2024-09-28T08:00:36.842+0000] {logging_mixin.py:190} INFO - [2024-09-28T08:00:36.842+0000] {dag.py:4180} INFO - Setting next_dagrun for dataset_alias_example_alias_producer to None, run_after=None
[2024-09-28T08:00:36.842+0000] {logging_mixin.py:190} INFO - [2024-09-28T08:00:36.842+0000] {dag.py:4180} INFO - Setting next_dagrun for dataset_s3_bucket_consumer to None, run_after=None
[2024-09-28T08:00:36.843+0000] {logging_mixin.py:190} INFO - [2024-09-28T08:00:36.843+0000] {dag.py:4180} INFO - Setting next_dagrun for dataset_s3_bucket_producer to None, run_after=None
[2024-09-28T08:00:36.855+0000] {processor.py:208} INFO - Processing /home/airflow/.local/lib/python3.12/site-packages/airflow/example_dags/example_dataset_alias.py took 0.177 seconds
[2024-09-28T08:01:07.184+0000] {processor.py:186} INFO - Started process (PID=7937) to work on /home/airflow/.local/lib/python3.12/site-packages/airflow/example_dags/example_dataset_alias.py
[2024-09-28T08:01:07.186+0000] {processor.py:914} INFO - Processing file /home/airflow/.local/lib/python3.12/site-packages/airflow/example_dags/example_dataset_alias.py for tasks to queue
[2024-09-28T08:01:07.189+0000] {logging_mixin.py:190} INFO - [2024-09-28T08:01:07.189+0000] {dagbag.py:588} INFO - Filling up the DagBag from /home/airflow/.local/lib/python3.12/site-packages/airflow/example_dags/example_dataset_alias.py
[2024-09-28T08:01:07.295+0000] {processor.py:925} INFO - DAG(s) 'dataset_s3_bucket_consumer', 'dataset_alias_example_alias_consumer', 'dataset_alias_example_alias_producer', 'dataset_s3_bucket_producer' retrieved from /home/airflow/.local/lib/python3.12/site-packages/airflow/example_dags/example_dataset_alias.py
[2024-09-28T08:01:07.306+0000] {logging_mixin.py:190} INFO - [2024-09-28T08:01:07.306+0000] {dag.py:3239} INFO - Sync 4 DAGs
[2024-09-28T08:01:07.320+0000] {logging_mixin.py:190} INFO - [2024-09-28T08:01:07.320+0000] {dag.py:4180} INFO - Setting next_dagrun for dataset_alias_example_alias_consumer to None, run_after=None
[2024-09-28T08:01:07.323+0000] {logging_mixin.py:190} INFO - [2024-09-28T08:01:07.323+0000] {dag.py:4180} INFO - Setting next_dagrun for dataset_alias_example_alias_producer to None, run_after=None
[2024-09-28T08:01:07.325+0000] {logging_mixin.py:190} INFO - [2024-09-28T08:01:07.325+0000] {dag.py:4180} INFO - Setting next_dagrun for dataset_s3_bucket_consumer to None, run_after=None
[2024-09-28T08:01:07.326+0000] {logging_mixin.py:190} INFO - [2024-09-28T08:01:07.326+0000] {dag.py:4180} INFO - Setting next_dagrun for dataset_s3_bucket_producer to None, run_after=None
[2024-09-28T08:01:07.509+0000] {processor.py:208} INFO - Processing /home/airflow/.local/lib/python3.12/site-packages/airflow/example_dags/example_dataset_alias.py took 0.335 seconds
[2024-09-28T08:01:37.723+0000] {processor.py:186} INFO - Started process (PID=8223) to work on /home/airflow/.local/lib/python3.12/site-packages/airflow/example_dags/example_dataset_alias.py
[2024-09-28T08:01:37.725+0000] {processor.py:914} INFO - Processing file /home/airflow/.local/lib/python3.12/site-packages/airflow/example_dags/example_dataset_alias.py for tasks to queue
[2024-09-28T08:01:37.727+0000] {logging_mixin.py:190} INFO - [2024-09-28T08:01:37.727+0000] {dagbag.py:588} INFO - Filling up the DagBag from /home/airflow/.local/lib/python3.12/site-packages/airflow/example_dags/example_dataset_alias.py
[2024-09-28T08:01:37.839+0000] {processor.py:925} INFO - DAG(s) 'dataset_alias_example_alias_consumer', 'dataset_s3_bucket_consumer', 'dataset_s3_bucket_producer', 'dataset_alias_example_alias_producer' retrieved from /home/airflow/.local/lib/python3.12/site-packages/airflow/example_dags/example_dataset_alias.py
[2024-09-28T08:01:37.852+0000] {logging_mixin.py:190} INFO - [2024-09-28T08:01:37.851+0000] {dag.py:3239} INFO - Sync 4 DAGs
[2024-09-28T08:01:37.862+0000] {logging_mixin.py:190} INFO - [2024-09-28T08:01:37.862+0000] {dag.py:4180} INFO - Setting next_dagrun for dataset_alias_example_alias_consumer to None, run_after=None
[2024-09-28T08:01:37.867+0000] {logging_mixin.py:190} INFO - [2024-09-28T08:01:37.867+0000] {dag.py:4180} INFO - Setting next_dagrun for dataset_alias_example_alias_producer to None, run_after=None
[2024-09-28T08:01:37.868+0000] {logging_mixin.py:190} INFO - [2024-09-28T08:01:37.868+0000] {dag.py:4180} INFO - Setting next_dagrun for dataset_s3_bucket_consumer to None, run_after=None
[2024-09-28T08:01:37.869+0000] {logging_mixin.py:190} INFO - [2024-09-28T08:01:37.868+0000] {dag.py:4180} INFO - Setting next_dagrun for dataset_s3_bucket_producer to None, run_after=None
[2024-09-28T08:01:38.081+0000] {processor.py:208} INFO - Processing /home/airflow/.local/lib/python3.12/site-packages/airflow/example_dags/example_dataset_alias.py took 0.368 seconds
[2024-09-28T08:02:08.471+0000] {processor.py:186} INFO - Started process (PID=8509) to work on /home/airflow/.local/lib/python3.12/site-packages/airflow/example_dags/example_dataset_alias.py
[2024-09-28T08:02:08.476+0000] {processor.py:914} INFO - Processing file /home/airflow/.local/lib/python3.12/site-packages/airflow/example_dags/example_dataset_alias.py for tasks to queue
[2024-09-28T08:02:08.478+0000] {logging_mixin.py:190} INFO - [2024-09-28T08:02:08.478+0000] {dagbag.py:588} INFO - Filling up the DagBag from /home/airflow/.local/lib/python3.12/site-packages/airflow/example_dags/example_dataset_alias.py
[2024-09-28T08:02:08.588+0000] {processor.py:925} INFO - DAG(s) 'dataset_s3_bucket_producer', 'dataset_alias_example_alias_producer', 'dataset_s3_bucket_consumer', 'dataset_alias_example_alias_consumer' retrieved from /home/airflow/.local/lib/python3.12/site-packages/airflow/example_dags/example_dataset_alias.py
[2024-09-28T08:02:08.602+0000] {logging_mixin.py:190} INFO - [2024-09-28T08:02:08.602+0000] {dag.py:3239} INFO - Sync 4 DAGs
[2024-09-28T08:02:08.614+0000] {logging_mixin.py:190} INFO - [2024-09-28T08:02:08.614+0000] {dag.py:4180} INFO - Setting next_dagrun for dataset_alias_example_alias_consumer to None, run_after=None
[2024-09-28T08:02:08.616+0000] {logging_mixin.py:190} INFO - [2024-09-28T08:02:08.616+0000] {dag.py:4180} INFO - Setting next_dagrun for dataset_alias_example_alias_producer to None, run_after=None
[2024-09-28T08:02:08.618+0000] {logging_mixin.py:190} INFO - [2024-09-28T08:02:08.618+0000] {dag.py:4180} INFO - Setting next_dagrun for dataset_s3_bucket_consumer to None, run_after=None
[2024-09-28T08:02:08.620+0000] {logging_mixin.py:190} INFO - [2024-09-28T08:02:08.620+0000] {dag.py:4180} INFO - Setting next_dagrun for dataset_s3_bucket_producer to None, run_after=None
[2024-09-28T08:02:08.795+0000] {processor.py:208} INFO - Processing /home/airflow/.local/lib/python3.12/site-packages/airflow/example_dags/example_dataset_alias.py took 0.331 seconds
[2024-09-28T08:02:39.196+0000] {processor.py:186} INFO - Started process (PID=8795) to work on /home/airflow/.local/lib/python3.12/site-packages/airflow/example_dags/example_dataset_alias.py
[2024-09-28T08:02:39.200+0000] {processor.py:914} INFO - Processing file /home/airflow/.local/lib/python3.12/site-packages/airflow/example_dags/example_dataset_alias.py for tasks to queue
[2024-09-28T08:02:39.203+0000] {logging_mixin.py:190} INFO - [2024-09-28T08:02:39.202+0000] {dagbag.py:588} INFO - Filling up the DagBag from /home/airflow/.local/lib/python3.12/site-packages/airflow/example_dags/example_dataset_alias.py
[2024-09-28T08:02:39.302+0000] {processor.py:925} INFO - DAG(s) 'dataset_s3_bucket_producer', 'dataset_alias_example_alias_producer', 'dataset_s3_bucket_consumer', 'dataset_alias_example_alias_consumer' retrieved from /home/airflow/.local/lib/python3.12/site-packages/airflow/example_dags/example_dataset_alias.py
[2024-09-28T08:02:39.311+0000] {logging_mixin.py:190} INFO - [2024-09-28T08:02:39.311+0000] {dag.py:3239} INFO - Sync 4 DAGs
[2024-09-28T08:02:39.510+0000] {logging_mixin.py:190} INFO - [2024-09-28T08:02:39.510+0000] {dag.py:4180} INFO - Setting next_dagrun for dataset_alias_example_alias_consumer to None, run_after=None
[2024-09-28T08:02:39.512+0000] {logging_mixin.py:190} INFO - [2024-09-28T08:02:39.512+0000] {dag.py:4180} INFO - Setting next_dagrun for dataset_alias_example_alias_producer to None, run_after=None
[2024-09-28T08:02:39.512+0000] {logging_mixin.py:190} INFO - [2024-09-28T08:02:39.512+0000] {dag.py:4180} INFO - Setting next_dagrun for dataset_s3_bucket_consumer to None, run_after=None
[2024-09-28T08:02:39.513+0000] {logging_mixin.py:190} INFO - [2024-09-28T08:02:39.513+0000] {dag.py:4180} INFO - Setting next_dagrun for dataset_s3_bucket_producer to None, run_after=None
[2024-09-28T08:02:39.522+0000] {processor.py:208} INFO - Processing /home/airflow/.local/lib/python3.12/site-packages/airflow/example_dags/example_dataset_alias.py took 0.333 seconds
[2024-09-28T08:03:09.766+0000] {processor.py:186} INFO - Started process (PID=9081) to work on /home/airflow/.local/lib/python3.12/site-packages/airflow/example_dags/example_dataset_alias.py
[2024-09-28T08:03:09.769+0000] {processor.py:914} INFO - Processing file /home/airflow/.local/lib/python3.12/site-packages/airflow/example_dags/example_dataset_alias.py for tasks to queue
[2024-09-28T08:03:09.771+0000] {logging_mixin.py:190} INFO - [2024-09-28T08:03:09.771+0000] {dagbag.py:588} INFO - Filling up the DagBag from /home/airflow/.local/lib/python3.12/site-packages/airflow/example_dags/example_dataset_alias.py
[2024-09-28T08:03:09.872+0000] {processor.py:925} INFO - DAG(s) 'dataset_alias_example_alias_consumer', 'dataset_s3_bucket_consumer', 'dataset_s3_bucket_producer', 'dataset_alias_example_alias_producer' retrieved from /home/airflow/.local/lib/python3.12/site-packages/airflow/example_dags/example_dataset_alias.py
[2024-09-28T08:03:09.884+0000] {logging_mixin.py:190} INFO - [2024-09-28T08:03:09.884+0000] {dag.py:3239} INFO - Sync 4 DAGs
[2024-09-28T08:03:09.896+0000] {logging_mixin.py:190} INFO - [2024-09-28T08:03:09.896+0000] {dag.py:4180} INFO - Setting next_dagrun for dataset_alias_example_alias_consumer to None, run_after=None
[2024-09-28T08:03:10.089+0000] {logging_mixin.py:190} INFO - [2024-09-28T08:03:10.089+0000] {dag.py:4180} INFO - Setting next_dagrun for dataset_alias_example_alias_producer to None, run_after=None
[2024-09-28T08:03:10.090+0000] {logging_mixin.py:190} INFO - [2024-09-28T08:03:10.090+0000] {dag.py:4180} INFO - Setting next_dagrun for dataset_s3_bucket_consumer to None, run_after=None
[2024-09-28T08:03:10.090+0000] {logging_mixin.py:190} INFO - [2024-09-28T08:03:10.090+0000] {dag.py:4180} INFO - Setting next_dagrun for dataset_s3_bucket_producer to None, run_after=None
[2024-09-28T08:03:10.100+0000] {processor.py:208} INFO - Processing /home/airflow/.local/lib/python3.12/site-packages/airflow/example_dags/example_dataset_alias.py took 0.344 seconds
[2024-09-28T08:03:40.228+0000] {processor.py:186} INFO - Started process (PID=9367) to work on /home/airflow/.local/lib/python3.12/site-packages/airflow/example_dags/example_dataset_alias.py
[2024-09-28T08:03:40.230+0000] {processor.py:914} INFO - Processing file /home/airflow/.local/lib/python3.12/site-packages/airflow/example_dags/example_dataset_alias.py for tasks to queue
[2024-09-28T08:03:40.232+0000] {logging_mixin.py:190} INFO - [2024-09-28T08:03:40.232+0000] {dagbag.py:588} INFO - Filling up the DagBag from /home/airflow/.local/lib/python3.12/site-packages/airflow/example_dags/example_dataset_alias.py
[2024-09-28T08:03:40.362+0000] {processor.py:925} INFO - DAG(s) 'dataset_alias_example_alias_consumer', 'dataset_s3_bucket_producer', 'dataset_alias_example_alias_producer', 'dataset_s3_bucket_consumer' retrieved from /home/airflow/.local/lib/python3.12/site-packages/airflow/example_dags/example_dataset_alias.py
[2024-09-28T08:03:40.375+0000] {logging_mixin.py:190} INFO - [2024-09-28T08:03:40.375+0000] {dag.py:3239} INFO - Sync 4 DAGs
[2024-09-28T08:03:40.393+0000] {logging_mixin.py:190} INFO - [2024-09-28T08:03:40.393+0000] {dag.py:4180} INFO - Setting next_dagrun for dataset_alias_example_alias_consumer to None, run_after=None
[2024-09-28T08:03:40.396+0000] {logging_mixin.py:190} INFO - [2024-09-28T08:03:40.396+0000] {dag.py:4180} INFO - Setting next_dagrun for dataset_alias_example_alias_producer to None, run_after=None
[2024-09-28T08:03:40.397+0000] {logging_mixin.py:190} INFO - [2024-09-28T08:03:40.397+0000] {dag.py:4180} INFO - Setting next_dagrun for dataset_s3_bucket_consumer to None, run_after=None
[2024-09-28T08:03:40.398+0000] {logging_mixin.py:190} INFO - [2024-09-28T08:03:40.398+0000] {dag.py:4180} INFO - Setting next_dagrun for dataset_s3_bucket_producer to None, run_after=None
[2024-09-28T08:03:40.605+0000] {processor.py:208} INFO - Processing /home/airflow/.local/lib/python3.12/site-packages/airflow/example_dags/example_dataset_alias.py took 0.384 seconds
[2024-09-28T08:04:10.767+0000] {processor.py:186} INFO - Started process (PID=9653) to work on /home/airflow/.local/lib/python3.12/site-packages/airflow/example_dags/example_dataset_alias.py
[2024-09-28T08:04:10.768+0000] {processor.py:914} INFO - Processing file /home/airflow/.local/lib/python3.12/site-packages/airflow/example_dags/example_dataset_alias.py for tasks to queue
[2024-09-28T08:04:10.770+0000] {logging_mixin.py:190} INFO - [2024-09-28T08:04:10.769+0000] {dagbag.py:588} INFO - Filling up the DagBag from /home/airflow/.local/lib/python3.12/site-packages/airflow/example_dags/example_dataset_alias.py
[2024-09-28T08:04:10.882+0000] {processor.py:925} INFO - DAG(s) 'dataset_s3_bucket_consumer', 'dataset_s3_bucket_producer', 'dataset_alias_example_alias_consumer', 'dataset_alias_example_alias_producer' retrieved from /home/airflow/.local/lib/python3.12/site-packages/airflow/example_dags/example_dataset_alias.py
[2024-09-28T08:04:10.893+0000] {logging_mixin.py:190} INFO - [2024-09-28T08:04:10.893+0000] {dag.py:3239} INFO - Sync 4 DAGs
[2024-09-28T08:04:10.915+0000] {logging_mixin.py:190} INFO - [2024-09-28T08:04:10.915+0000] {dag.py:4180} INFO - Setting next_dagrun for dataset_alias_example_alias_consumer to None, run_after=None
[2024-09-28T08:04:10.917+0000] {logging_mixin.py:190} INFO - [2024-09-28T08:04:10.917+0000] {dag.py:4180} INFO - Setting next_dagrun for dataset_alias_example_alias_producer to None, run_after=None
[2024-09-28T08:04:10.917+0000] {logging_mixin.py:190} INFO - [2024-09-28T08:04:10.917+0000] {dag.py:4180} INFO - Setting next_dagrun for dataset_s3_bucket_consumer to None, run_after=None
[2024-09-28T08:04:10.918+0000] {logging_mixin.py:190} INFO - [2024-09-28T08:04:10.918+0000] {dag.py:4180} INFO - Setting next_dagrun for dataset_s3_bucket_producer to None, run_after=None
[2024-09-28T08:04:11.151+0000] {processor.py:208} INFO - Processing /home/airflow/.local/lib/python3.12/site-packages/airflow/example_dags/example_dataset_alias.py took 0.388 seconds
[2024-09-28T08:04:41.440+0000] {processor.py:186} INFO - Started process (PID=9939) to work on /home/airflow/.local/lib/python3.12/site-packages/airflow/example_dags/example_dataset_alias.py
[2024-09-28T08:04:41.441+0000] {processor.py:914} INFO - Processing file /home/airflow/.local/lib/python3.12/site-packages/airflow/example_dags/example_dataset_alias.py for tasks to queue
[2024-09-28T08:04:41.443+0000] {logging_mixin.py:190} INFO - [2024-09-28T08:04:41.443+0000] {dagbag.py:588} INFO - Filling up the DagBag from /home/airflow/.local/lib/python3.12/site-packages/airflow/example_dags/example_dataset_alias.py
[2024-09-28T08:04:41.561+0000] {processor.py:925} INFO - DAG(s) 'dataset_alias_example_alias_producer', 'dataset_s3_bucket_consumer', 'dataset_s3_bucket_producer', 'dataset_alias_example_alias_consumer' retrieved from /home/airflow/.local/lib/python3.12/site-packages/airflow/example_dags/example_dataset_alias.py
[2024-09-28T08:04:41.572+0000] {logging_mixin.py:190} INFO - [2024-09-28T08:04:41.572+0000] {dag.py:3239} INFO - Sync 4 DAGs
[2024-09-28T08:04:41.588+0000] {logging_mixin.py:190} INFO - [2024-09-28T08:04:41.588+0000] {dag.py:4180} INFO - Setting next_dagrun for dataset_alias_example_alias_consumer to None, run_after=None
[2024-09-28T08:04:41.591+0000] {logging_mixin.py:190} INFO - [2024-09-28T08:04:41.591+0000] {dag.py:4180} INFO - Setting next_dagrun for dataset_alias_example_alias_producer to None, run_after=None
[2024-09-28T08:04:41.592+0000] {logging_mixin.py:190} INFO - [2024-09-28T08:04:41.592+0000] {dag.py:4180} INFO - Setting next_dagrun for dataset_s3_bucket_consumer to None, run_after=None
[2024-09-28T08:04:41.592+0000] {logging_mixin.py:190} INFO - [2024-09-28T08:04:41.592+0000] {dag.py:4180} INFO - Setting next_dagrun for dataset_s3_bucket_producer to None, run_after=None
[2024-09-28T08:04:41.827+0000] {processor.py:208} INFO - Processing /home/airflow/.local/lib/python3.12/site-packages/airflow/example_dags/example_dataset_alias.py took 0.396 seconds
[2024-09-28T08:05:11.984+0000] {processor.py:186} INFO - Started process (PID=10225) to work on /home/airflow/.local/lib/python3.12/site-packages/airflow/example_dags/example_dataset_alias.py
[2024-09-28T08:05:11.987+0000] {processor.py:914} INFO - Processing file /home/airflow/.local/lib/python3.12/site-packages/airflow/example_dags/example_dataset_alias.py for tasks to queue
[2024-09-28T08:05:11.990+0000] {logging_mixin.py:190} INFO - [2024-09-28T08:05:11.989+0000] {dagbag.py:588} INFO - Filling up the DagBag from /home/airflow/.local/lib/python3.12/site-packages/airflow/example_dags/example_dataset_alias.py
[2024-09-28T08:05:12.264+0000] {processor.py:925} INFO - DAG(s) 'dataset_alias_example_alias_producer', 'dataset_s3_bucket_producer', 'dataset_alias_example_alias_consumer', 'dataset_s3_bucket_consumer' retrieved from /home/airflow/.local/lib/python3.12/site-packages/airflow/example_dags/example_dataset_alias.py
[2024-09-28T08:05:12.274+0000] {logging_mixin.py:190} INFO - [2024-09-28T08:05:12.274+0000] {dag.py:3239} INFO - Sync 4 DAGs
[2024-09-28T08:05:12.285+0000] {logging_mixin.py:190} INFO - [2024-09-28T08:05:12.285+0000] {dag.py:4180} INFO - Setting next_dagrun for dataset_alias_example_alias_consumer to None, run_after=None
[2024-09-28T08:05:12.286+0000] {logging_mixin.py:190} INFO - [2024-09-28T08:05:12.286+0000] {dag.py:4180} INFO - Setting next_dagrun for dataset_alias_example_alias_producer to None, run_after=None
[2024-09-28T08:05:12.287+0000] {logging_mixin.py:190} INFO - [2024-09-28T08:05:12.287+0000] {dag.py:4180} INFO - Setting next_dagrun for dataset_s3_bucket_consumer to None, run_after=None
[2024-09-28T08:05:12.288+0000] {logging_mixin.py:190} INFO - [2024-09-28T08:05:12.288+0000] {dag.py:4180} INFO - Setting next_dagrun for dataset_s3_bucket_producer to None, run_after=None
[2024-09-28T08:05:12.298+0000] {processor.py:208} INFO - Processing /home/airflow/.local/lib/python3.12/site-packages/airflow/example_dags/example_dataset_alias.py took 0.322 seconds
[2024-09-28T08:05:42.425+0000] {processor.py:186} INFO - Started process (PID=10511) to work on /home/airflow/.local/lib/python3.12/site-packages/airflow/example_dags/example_dataset_alias.py
[2024-09-28T08:05:42.428+0000] {processor.py:914} INFO - Processing file /home/airflow/.local/lib/python3.12/site-packages/airflow/example_dags/example_dataset_alias.py for tasks to queue
[2024-09-28T08:05:42.432+0000] {logging_mixin.py:190} INFO - [2024-09-28T08:05:42.432+0000] {dagbag.py:588} INFO - Filling up the DagBag from /home/airflow/.local/lib/python3.12/site-packages/airflow/example_dags/example_dataset_alias.py
[2024-09-28T08:05:42.723+0000] {processor.py:925} INFO - DAG(s) 'dataset_alias_example_alias_consumer', 'dataset_s3_bucket_producer', 'dataset_s3_bucket_consumer', 'dataset_alias_example_alias_producer' retrieved from /home/airflow/.local/lib/python3.12/site-packages/airflow/example_dags/example_dataset_alias.py
[2024-09-28T08:05:42.732+0000] {logging_mixin.py:190} INFO - [2024-09-28T08:05:42.732+0000] {dag.py:3239} INFO - Sync 4 DAGs
[2024-09-28T08:05:42.741+0000] {logging_mixin.py:190} INFO - [2024-09-28T08:05:42.741+0000] {dag.py:4180} INFO - Setting next_dagrun for dataset_alias_example_alias_consumer to None, run_after=None
[2024-09-28T08:05:42.743+0000] {logging_mixin.py:190} INFO - [2024-09-28T08:05:42.742+0000] {dag.py:4180} INFO - Setting next_dagrun for dataset_alias_example_alias_producer to None, run_after=None
[2024-09-28T08:05:42.743+0000] {logging_mixin.py:190} INFO - [2024-09-28T08:05:42.743+0000] {dag.py:4180} INFO - Setting next_dagrun for dataset_s3_bucket_consumer to None, run_after=None
[2024-09-28T08:05:42.744+0000] {logging_mixin.py:190} INFO - [2024-09-28T08:05:42.744+0000] {dag.py:4180} INFO - Setting next_dagrun for dataset_s3_bucket_producer to None, run_after=None
[2024-09-28T08:05:42.753+0000] {processor.py:208} INFO - Processing /home/airflow/.local/lib/python3.12/site-packages/airflow/example_dags/example_dataset_alias.py took 0.337 seconds
[2024-09-28T08:06:12.984+0000] {processor.py:186} INFO - Started process (PID=10797) to work on /home/airflow/.local/lib/python3.12/site-packages/airflow/example_dags/example_dataset_alias.py
[2024-09-28T08:06:12.989+0000] {processor.py:914} INFO - Processing file /home/airflow/.local/lib/python3.12/site-packages/airflow/example_dags/example_dataset_alias.py for tasks to queue
[2024-09-28T08:06:12.993+0000] {logging_mixin.py:190} INFO - [2024-09-28T08:06:12.993+0000] {dagbag.py:588} INFO - Filling up the DagBag from /home/airflow/.local/lib/python3.12/site-packages/airflow/example_dags/example_dataset_alias.py
[2024-09-28T08:06:13.264+0000] {processor.py:925} INFO - DAG(s) 'dataset_s3_bucket_consumer', 'dataset_s3_bucket_producer', 'dataset_alias_example_alias_consumer', 'dataset_alias_example_alias_producer' retrieved from /home/airflow/.local/lib/python3.12/site-packages/airflow/example_dags/example_dataset_alias.py
[2024-09-28T08:06:13.273+0000] {logging_mixin.py:190} INFO - [2024-09-28T08:06:13.273+0000] {dag.py:3239} INFO - Sync 4 DAGs
[2024-09-28T08:06:13.283+0000] {logging_mixin.py:190} INFO - [2024-09-28T08:06:13.283+0000] {dag.py:4180} INFO - Setting next_dagrun for dataset_alias_example_alias_consumer to None, run_after=None
[2024-09-28T08:06:13.284+0000] {logging_mixin.py:190} INFO - [2024-09-28T08:06:13.284+0000] {dag.py:4180} INFO - Setting next_dagrun for dataset_alias_example_alias_producer to None, run_after=None
[2024-09-28T08:06:13.284+0000] {logging_mixin.py:190} INFO - [2024-09-28T08:06:13.284+0000] {dag.py:4180} INFO - Setting next_dagrun for dataset_s3_bucket_consumer to None, run_after=None
[2024-09-28T08:06:13.285+0000] {logging_mixin.py:190} INFO - [2024-09-28T08:06:13.285+0000] {dag.py:4180} INFO - Setting next_dagrun for dataset_s3_bucket_producer to None, run_after=None
[2024-09-28T08:06:13.294+0000] {processor.py:208} INFO - Processing /home/airflow/.local/lib/python3.12/site-packages/airflow/example_dags/example_dataset_alias.py took 0.323 seconds
[2024-09-28T08:06:43.877+0000] {processor.py:186} INFO - Started process (PID=11083) to work on /home/airflow/.local/lib/python3.12/site-packages/airflow/example_dags/example_dataset_alias.py
[2024-09-28T08:06:43.879+0000] {processor.py:914} INFO - Processing file /home/airflow/.local/lib/python3.12/site-packages/airflow/example_dags/example_dataset_alias.py for tasks to queue
[2024-09-28T08:06:43.882+0000] {logging_mixin.py:190} INFO - [2024-09-28T08:06:43.882+0000] {dagbag.py:588} INFO - Filling up the DagBag from /home/airflow/.local/lib/python3.12/site-packages/airflow/example_dags/example_dataset_alias.py
[2024-09-28T08:06:44.311+0000] {processor.py:925} INFO - DAG(s) 'dataset_alias_example_alias_producer', 'dataset_s3_bucket_producer', 'dataset_s3_bucket_consumer', 'dataset_alias_example_alias_consumer' retrieved from /home/airflow/.local/lib/python3.12/site-packages/airflow/example_dags/example_dataset_alias.py
[2024-09-28T08:06:44.330+0000] {logging_mixin.py:190} INFO - [2024-09-28T08:06:44.330+0000] {dag.py:3239} INFO - Sync 4 DAGs
[2024-09-28T08:06:44.351+0000] {logging_mixin.py:190} INFO - [2024-09-28T08:06:44.351+0000] {dag.py:4180} INFO - Setting next_dagrun for dataset_alias_example_alias_consumer to None, run_after=None
[2024-09-28T08:06:44.353+0000] {logging_mixin.py:190} INFO - [2024-09-28T08:06:44.353+0000] {dag.py:4180} INFO - Setting next_dagrun for dataset_alias_example_alias_producer to None, run_after=None
[2024-09-28T08:06:44.354+0000] {logging_mixin.py:190} INFO - [2024-09-28T08:06:44.354+0000] {dag.py:4180} INFO - Setting next_dagrun for dataset_s3_bucket_consumer to None, run_after=None
[2024-09-28T08:06:44.354+0000] {logging_mixin.py:190} INFO - [2024-09-28T08:06:44.354+0000] {dag.py:4180} INFO - Setting next_dagrun for dataset_s3_bucket_producer to None, run_after=None
[2024-09-28T08:06:44.365+0000] {processor.py:208} INFO - Processing /home/airflow/.local/lib/python3.12/site-packages/airflow/example_dags/example_dataset_alias.py took 0.497 seconds
[2024-09-28T08:07:14.887+0000] {processor.py:186} INFO - Started process (PID=11369) to work on /home/airflow/.local/lib/python3.12/site-packages/airflow/example_dags/example_dataset_alias.py
[2024-09-28T08:07:14.889+0000] {processor.py:914} INFO - Processing file /home/airflow/.local/lib/python3.12/site-packages/airflow/example_dags/example_dataset_alias.py for tasks to queue
[2024-09-28T08:07:14.892+0000] {logging_mixin.py:190} INFO - [2024-09-28T08:07:14.892+0000] {dagbag.py:588} INFO - Filling up the DagBag from /home/airflow/.local/lib/python3.12/site-packages/airflow/example_dags/example_dataset_alias.py
[2024-09-28T08:07:15.307+0000] {processor.py:925} INFO - DAG(s) 'dataset_alias_example_alias_producer', 'dataset_alias_example_alias_consumer', 'dataset_s3_bucket_producer', 'dataset_s3_bucket_consumer' retrieved from /home/airflow/.local/lib/python3.12/site-packages/airflow/example_dags/example_dataset_alias.py
[2024-09-28T08:07:15.316+0000] {logging_mixin.py:190} INFO - [2024-09-28T08:07:15.316+0000] {dag.py:3239} INFO - Sync 4 DAGs
[2024-09-28T08:07:15.331+0000] {logging_mixin.py:190} INFO - [2024-09-28T08:07:15.331+0000] {dag.py:4180} INFO - Setting next_dagrun for dataset_alias_example_alias_consumer to None, run_after=None
[2024-09-28T08:07:15.332+0000] {logging_mixin.py:190} INFO - [2024-09-28T08:07:15.332+0000] {dag.py:4180} INFO - Setting next_dagrun for dataset_alias_example_alias_producer to None, run_after=None
[2024-09-28T08:07:15.333+0000] {logging_mixin.py:190} INFO - [2024-09-28T08:07:15.333+0000] {dag.py:4180} INFO - Setting next_dagrun for dataset_s3_bucket_consumer to None, run_after=None
[2024-09-28T08:07:15.333+0000] {logging_mixin.py:190} INFO - [2024-09-28T08:07:15.333+0000] {dag.py:4180} INFO - Setting next_dagrun for dataset_s3_bucket_producer to None, run_after=None
[2024-09-28T08:07:15.344+0000] {processor.py:208} INFO - Processing /home/airflow/.local/lib/python3.12/site-packages/airflow/example_dags/example_dataset_alias.py took 0.464 seconds
[2024-09-28T08:07:45.641+0000] {processor.py:186} INFO - Started process (PID=11655) to work on /home/airflow/.local/lib/python3.12/site-packages/airflow/example_dags/example_dataset_alias.py
[2024-09-28T08:07:45.643+0000] {processor.py:914} INFO - Processing file /home/airflow/.local/lib/python3.12/site-packages/airflow/example_dags/example_dataset_alias.py for tasks to queue
[2024-09-28T08:07:45.645+0000] {logging_mixin.py:190} INFO - [2024-09-28T08:07:45.645+0000] {dagbag.py:588} INFO - Filling up the DagBag from /home/airflow/.local/lib/python3.12/site-packages/airflow/example_dags/example_dataset_alias.py
[2024-09-28T08:07:45.930+0000] {processor.py:925} INFO - DAG(s) 'dataset_s3_bucket_consumer', 'dataset_s3_bucket_producer', 'dataset_alias_example_alias_producer', 'dataset_alias_example_alias_consumer' retrieved from /home/airflow/.local/lib/python3.12/site-packages/airflow/example_dags/example_dataset_alias.py
[2024-09-28T08:07:45.939+0000] {logging_mixin.py:190} INFO - [2024-09-28T08:07:45.938+0000] {dag.py:3239} INFO - Sync 4 DAGs
[2024-09-28T08:07:45.948+0000] {logging_mixin.py:190} INFO - [2024-09-28T08:07:45.948+0000] {dag.py:4180} INFO - Setting next_dagrun for dataset_alias_example_alias_consumer to None, run_after=None
[2024-09-28T08:07:45.949+0000] {logging_mixin.py:190} INFO - [2024-09-28T08:07:45.949+0000] {dag.py:4180} INFO - Setting next_dagrun for dataset_alias_example_alias_producer to None, run_after=None
[2024-09-28T08:07:45.950+0000] {logging_mixin.py:190} INFO - [2024-09-28T08:07:45.950+0000] {dag.py:4180} INFO - Setting next_dagrun for dataset_s3_bucket_consumer to None, run_after=None
[2024-09-28T08:07:45.950+0000] {logging_mixin.py:190} INFO - [2024-09-28T08:07:45.950+0000] {dag.py:4180} INFO - Setting next_dagrun for dataset_s3_bucket_producer to None, run_after=None
[2024-09-28T08:07:45.959+0000] {processor.py:208} INFO - Processing /home/airflow/.local/lib/python3.12/site-packages/airflow/example_dags/example_dataset_alias.py took 0.327 seconds
