[2024-09-28T07:47:26.794+0000] {processor.py:186} INFO - Started process (PID=249) to work on /home/airflow/.local/lib/python3.12/site-packages/airflow/example_dags/example_display_name.py
[2024-09-28T07:47:26.795+0000] {processor.py:914} INFO - Processing file /home/airflow/.local/lib/python3.12/site-packages/airflow/example_dags/example_display_name.py for tasks to queue
[2024-09-28T07:47:26.799+0000] {logging_mixin.py:190} INFO - [2024-09-28T07:47:26.799+0000] {dagbag.py:588} INFO - Filling up the DagBag from /home/airflow/.local/lib/python3.12/site-packages/airflow/example_dags/example_display_name.py
[2024-09-28T07:47:26.811+0000] {processor.py:925} INFO - DAG(s) 'example_display_name' retrieved from /home/airflow/.local/lib/python3.12/site-packages/airflow/example_dags/example_display_name.py
[2024-09-28T07:47:26.895+0000] {logging_mixin.py:190} INFO - [2024-09-28T07:47:26.894+0000] {override.py:1900} INFO - Created Permission View: can delete on DAG:example_display_name
[2024-09-28T07:47:26.900+0000] {logging_mixin.py:190} INFO - [2024-09-28T07:47:26.900+0000] {override.py:1900} INFO - Created Permission View: can edit on DAG:example_display_name
[2024-09-28T07:47:26.908+0000] {logging_mixin.py:190} INFO - [2024-09-28T07:47:26.908+0000] {override.py:1900} INFO - Created Permission View: can read on DAG:example_display_name
[2024-09-28T07:47:26.915+0000] {logging_mixin.py:190} INFO - [2024-09-28T07:47:26.914+0000] {override.py:1900} INFO - Created Permission View: menu access on DAG Run:example_display_name
[2024-09-28T07:47:26.919+0000] {logging_mixin.py:190} INFO - [2024-09-28T07:47:26.919+0000] {override.py:1900} INFO - Created Permission View: can delete on DAG Run:example_display_name
[2024-09-28T07:47:26.930+0000] {logging_mixin.py:190} INFO - [2024-09-28T07:47:26.930+0000] {override.py:1900} INFO - Created Permission View: can create on DAG Run:example_display_name
[2024-09-28T07:47:26.942+0000] {logging_mixin.py:190} INFO - [2024-09-28T07:47:26.942+0000] {override.py:1900} INFO - Created Permission View: can read on DAG Run:example_display_name
[2024-09-28T07:47:26.943+0000] {logging_mixin.py:190} INFO - [2024-09-28T07:47:26.943+0000] {dag.py:3239} INFO - Sync 1 DAGs
[2024-09-28T07:47:26.953+0000] {logging_mixin.py:190} INFO - [2024-09-28T07:47:26.953+0000] {dag.py:3262} INFO - Creating ORM DAG for example_display_name
[2024-09-28T07:47:26.954+0000] {logging_mixin.py:190} INFO - [2024-09-28T07:47:26.954+0000] {dag.py:4180} INFO - Setting next_dagrun for example_display_name to None, run_after=None
[2024-09-28T07:47:26.971+0000] {processor.py:208} INFO - Processing /home/airflow/.local/lib/python3.12/site-packages/airflow/example_dags/example_display_name.py took 0.184 seconds
[2024-09-28T07:47:57.233+0000] {processor.py:186} INFO - Started process (PID=534) to work on /home/airflow/.local/lib/python3.12/site-packages/airflow/example_dags/example_display_name.py
[2024-09-28T07:47:57.234+0000] {processor.py:914} INFO - Processing file /home/airflow/.local/lib/python3.12/site-packages/airflow/example_dags/example_display_name.py for tasks to queue
[2024-09-28T07:47:57.235+0000] {logging_mixin.py:190} INFO - [2024-09-28T07:47:57.235+0000] {dagbag.py:588} INFO - Filling up the DagBag from /home/airflow/.local/lib/python3.12/site-packages/airflow/example_dags/example_display_name.py
[2024-09-28T07:47:57.239+0000] {processor.py:925} INFO - DAG(s) 'example_display_name' retrieved from /home/airflow/.local/lib/python3.12/site-packages/airflow/example_dags/example_display_name.py
[2024-09-28T07:47:57.250+0000] {logging_mixin.py:190} INFO - [2024-09-28T07:47:57.250+0000] {dag.py:3239} INFO - Sync 1 DAGs
[2024-09-28T07:47:57.256+0000] {logging_mixin.py:190} INFO - [2024-09-28T07:47:57.256+0000] {dag.py:4180} INFO - Setting next_dagrun for example_display_name to None, run_after=None
[2024-09-28T07:47:57.265+0000] {processor.py:208} INFO - Processing /home/airflow/.local/lib/python3.12/site-packages/airflow/example_dags/example_display_name.py took 0.035 seconds
[2024-09-28T07:48:27.680+0000] {processor.py:186} INFO - Started process (PID=820) to work on /home/airflow/.local/lib/python3.12/site-packages/airflow/example_dags/example_display_name.py
[2024-09-28T07:48:27.683+0000] {processor.py:914} INFO - Processing file /home/airflow/.local/lib/python3.12/site-packages/airflow/example_dags/example_display_name.py for tasks to queue
[2024-09-28T07:48:27.684+0000] {logging_mixin.py:190} INFO - [2024-09-28T07:48:27.684+0000] {dagbag.py:588} INFO - Filling up the DagBag from /home/airflow/.local/lib/python3.12/site-packages/airflow/example_dags/example_display_name.py
[2024-09-28T07:48:27.688+0000] {processor.py:925} INFO - DAG(s) 'example_display_name' retrieved from /home/airflow/.local/lib/python3.12/site-packages/airflow/example_dags/example_display_name.py
[2024-09-28T07:48:27.698+0000] {logging_mixin.py:190} INFO - [2024-09-28T07:48:27.698+0000] {dag.py:3239} INFO - Sync 1 DAGs
[2024-09-28T07:48:27.705+0000] {logging_mixin.py:190} INFO - [2024-09-28T07:48:27.705+0000] {dag.py:4180} INFO - Setting next_dagrun for example_display_name to None, run_after=None
[2024-09-28T07:48:27.716+0000] {processor.py:208} INFO - Processing /home/airflow/.local/lib/python3.12/site-packages/airflow/example_dags/example_display_name.py took 0.039 seconds
[2024-09-28T07:48:57.952+0000] {processor.py:186} INFO - Started process (PID=1105) to work on /home/airflow/.local/lib/python3.12/site-packages/airflow/example_dags/example_display_name.py
[2024-09-28T07:48:57.954+0000] {processor.py:914} INFO - Processing file /home/airflow/.local/lib/python3.12/site-packages/airflow/example_dags/example_display_name.py for tasks to queue
[2024-09-28T07:48:57.956+0000] {logging_mixin.py:190} INFO - [2024-09-28T07:48:57.955+0000] {dagbag.py:588} INFO - Filling up the DagBag from /home/airflow/.local/lib/python3.12/site-packages/airflow/example_dags/example_display_name.py
[2024-09-28T07:48:57.961+0000] {processor.py:925} INFO - DAG(s) 'example_display_name' retrieved from /home/airflow/.local/lib/python3.12/site-packages/airflow/example_dags/example_display_name.py
[2024-09-28T07:48:57.972+0000] {logging_mixin.py:190} INFO - [2024-09-28T07:48:57.972+0000] {dag.py:3239} INFO - Sync 1 DAGs
[2024-09-28T07:48:57.979+0000] {logging_mixin.py:190} INFO - [2024-09-28T07:48:57.979+0000] {dag.py:4180} INFO - Setting next_dagrun for example_display_name to None, run_after=None
[2024-09-28T07:48:57.986+0000] {processor.py:208} INFO - Processing /home/airflow/.local/lib/python3.12/site-packages/airflow/example_dags/example_display_name.py took 0.037 seconds
[2024-09-28T07:49:29.132+0000] {processor.py:186} INFO - Started process (PID=1414) to work on /home/airflow/.local/lib/python3.12/site-packages/airflow/example_dags/example_display_name.py
[2024-09-28T07:49:29.132+0000] {processor.py:914} INFO - Processing file /home/airflow/.local/lib/python3.12/site-packages/airflow/example_dags/example_display_name.py for tasks to queue
[2024-09-28T07:49:29.137+0000] {logging_mixin.py:190} INFO - [2024-09-28T07:49:29.137+0000] {dagbag.py:588} INFO - Filling up the DagBag from /home/airflow/.local/lib/python3.12/site-packages/airflow/example_dags/example_display_name.py
[2024-09-28T07:49:29.142+0000] {processor.py:925} INFO - DAG(s) 'example_display_name' retrieved from /home/airflow/.local/lib/python3.12/site-packages/airflow/example_dags/example_display_name.py
[2024-09-28T07:49:29.151+0000] {logging_mixin.py:190} INFO - [2024-09-28T07:49:29.151+0000] {dag.py:3239} INFO - Sync 1 DAGs
[2024-09-28T07:49:29.158+0000] {logging_mixin.py:190} INFO - [2024-09-28T07:49:29.158+0000] {dag.py:4180} INFO - Setting next_dagrun for example_display_name to None, run_after=None
[2024-09-28T07:49:29.168+0000] {processor.py:208} INFO - Processing /home/airflow/.local/lib/python3.12/site-packages/airflow/example_dags/example_display_name.py took 0.039 seconds
[2024-09-28T07:49:59.265+0000] {processor.py:186} INFO - Started process (PID=1700) to work on /home/airflow/.local/lib/python3.12/site-packages/airflow/example_dags/example_display_name.py
[2024-09-28T07:49:59.268+0000] {processor.py:914} INFO - Processing file /home/airflow/.local/lib/python3.12/site-packages/airflow/example_dags/example_display_name.py for tasks to queue
[2024-09-28T07:49:59.270+0000] {logging_mixin.py:190} INFO - [2024-09-28T07:49:59.269+0000] {dagbag.py:588} INFO - Filling up the DagBag from /home/airflow/.local/lib/python3.12/site-packages/airflow/example_dags/example_display_name.py
[2024-09-28T07:49:59.274+0000] {processor.py:925} INFO - DAG(s) 'example_display_name' retrieved from /home/airflow/.local/lib/python3.12/site-packages/airflow/example_dags/example_display_name.py
[2024-09-28T07:49:59.285+0000] {logging_mixin.py:190} INFO - [2024-09-28T07:49:59.285+0000] {dag.py:3239} INFO - Sync 1 DAGs
[2024-09-28T07:49:59.292+0000] {logging_mixin.py:190} INFO - [2024-09-28T07:49:59.292+0000] {dag.py:4180} INFO - Setting next_dagrun for example_display_name to None, run_after=None
[2024-09-28T07:49:59.302+0000] {processor.py:208} INFO - Processing /home/airflow/.local/lib/python3.12/site-packages/airflow/example_dags/example_display_name.py took 0.040 seconds
[2024-09-28T07:50:29.537+0000] {processor.py:186} INFO - Started process (PID=1986) to work on /home/airflow/.local/lib/python3.12/site-packages/airflow/example_dags/example_display_name.py
[2024-09-28T07:50:29.541+0000] {processor.py:914} INFO - Processing file /home/airflow/.local/lib/python3.12/site-packages/airflow/example_dags/example_display_name.py for tasks to queue
[2024-09-28T07:50:29.542+0000] {logging_mixin.py:190} INFO - [2024-09-28T07:50:29.542+0000] {dagbag.py:588} INFO - Filling up the DagBag from /home/airflow/.local/lib/python3.12/site-packages/airflow/example_dags/example_display_name.py
[2024-09-28T07:50:29.546+0000] {processor.py:925} INFO - DAG(s) 'example_display_name' retrieved from /home/airflow/.local/lib/python3.12/site-packages/airflow/example_dags/example_display_name.py
[2024-09-28T07:50:29.555+0000] {logging_mixin.py:190} INFO - [2024-09-28T07:50:29.555+0000] {dag.py:3239} INFO - Sync 1 DAGs
[2024-09-28T07:50:29.564+0000] {logging_mixin.py:190} INFO - [2024-09-28T07:50:29.564+0000] {dag.py:4180} INFO - Setting next_dagrun for example_display_name to None, run_after=None
[2024-09-28T07:50:29.574+0000] {processor.py:208} INFO - Processing /home/airflow/.local/lib/python3.12/site-packages/airflow/example_dags/example_display_name.py took 0.040 seconds
[2024-09-28T07:50:59.928+0000] {processor.py:186} INFO - Started process (PID=2277) to work on /home/airflow/.local/lib/python3.12/site-packages/airflow/example_dags/example_display_name.py
[2024-09-28T07:50:59.931+0000] {processor.py:914} INFO - Processing file /home/airflow/.local/lib/python3.12/site-packages/airflow/example_dags/example_display_name.py for tasks to queue
[2024-09-28T07:50:59.933+0000] {logging_mixin.py:190} INFO - [2024-09-28T07:50:59.933+0000] {dagbag.py:588} INFO - Filling up the DagBag from /home/airflow/.local/lib/python3.12/site-packages/airflow/example_dags/example_display_name.py
[2024-09-28T07:50:59.937+0000] {processor.py:925} INFO - DAG(s) 'example_display_name' retrieved from /home/airflow/.local/lib/python3.12/site-packages/airflow/example_dags/example_display_name.py
[2024-09-28T07:50:59.947+0000] {logging_mixin.py:190} INFO - [2024-09-28T07:50:59.947+0000] {dag.py:3239} INFO - Sync 1 DAGs
[2024-09-28T07:50:59.955+0000] {logging_mixin.py:190} INFO - [2024-09-28T07:50:59.955+0000] {dag.py:4180} INFO - Setting next_dagrun for example_display_name to None, run_after=None
[2024-09-28T07:50:59.964+0000] {processor.py:208} INFO - Processing /home/airflow/.local/lib/python3.12/site-packages/airflow/example_dags/example_display_name.py took 0.039 seconds
[2024-09-28T07:51:30.184+0000] {processor.py:186} INFO - Started process (PID=2562) to work on /home/airflow/.local/lib/python3.12/site-packages/airflow/example_dags/example_display_name.py
[2024-09-28T07:51:30.185+0000] {processor.py:914} INFO - Processing file /home/airflow/.local/lib/python3.12/site-packages/airflow/example_dags/example_display_name.py for tasks to queue
[2024-09-28T07:51:30.187+0000] {logging_mixin.py:190} INFO - [2024-09-28T07:51:30.187+0000] {dagbag.py:588} INFO - Filling up the DagBag from /home/airflow/.local/lib/python3.12/site-packages/airflow/example_dags/example_display_name.py
[2024-09-28T07:51:30.191+0000] {processor.py:925} INFO - DAG(s) 'example_display_name' retrieved from /home/airflow/.local/lib/python3.12/site-packages/airflow/example_dags/example_display_name.py
[2024-09-28T07:51:30.201+0000] {logging_mixin.py:190} INFO - [2024-09-28T07:51:30.201+0000] {dag.py:3239} INFO - Sync 1 DAGs
[2024-09-28T07:51:30.209+0000] {logging_mixin.py:190} INFO - [2024-09-28T07:51:30.209+0000] {dag.py:4180} INFO - Setting next_dagrun for example_display_name to None, run_after=None
[2024-09-28T07:51:30.217+0000] {processor.py:208} INFO - Processing /home/airflow/.local/lib/python3.12/site-packages/airflow/example_dags/example_display_name.py took 0.037 seconds
[2024-09-28T07:52:00.323+0000] {processor.py:186} INFO - Started process (PID=2848) to work on /home/airflow/.local/lib/python3.12/site-packages/airflow/example_dags/example_display_name.py
[2024-09-28T07:52:00.324+0000] {processor.py:914} INFO - Processing file /home/airflow/.local/lib/python3.12/site-packages/airflow/example_dags/example_display_name.py for tasks to queue
[2024-09-28T07:52:00.326+0000] {logging_mixin.py:190} INFO - [2024-09-28T07:52:00.326+0000] {dagbag.py:588} INFO - Filling up the DagBag from /home/airflow/.local/lib/python3.12/site-packages/airflow/example_dags/example_display_name.py
[2024-09-28T07:52:00.334+0000] {processor.py:925} INFO - DAG(s) 'example_display_name' retrieved from /home/airflow/.local/lib/python3.12/site-packages/airflow/example_dags/example_display_name.py
[2024-09-28T07:52:00.347+0000] {logging_mixin.py:190} INFO - [2024-09-28T07:52:00.347+0000] {dag.py:3239} INFO - Sync 1 DAGs
[2024-09-28T07:52:00.355+0000] {logging_mixin.py:190} INFO - [2024-09-28T07:52:00.354+0000] {dag.py:4180} INFO - Setting next_dagrun for example_display_name to None, run_after=None
[2024-09-28T07:52:00.364+0000] {processor.py:208} INFO - Processing /home/airflow/.local/lib/python3.12/site-packages/airflow/example_dags/example_display_name.py took 0.045 seconds
[2024-09-28T07:52:31.535+0000] {processor.py:186} INFO - Started process (PID=3134) to work on /home/airflow/.local/lib/python3.12/site-packages/airflow/example_dags/example_display_name.py
[2024-09-28T07:52:31.536+0000] {processor.py:914} INFO - Processing file /home/airflow/.local/lib/python3.12/site-packages/airflow/example_dags/example_display_name.py for tasks to queue
[2024-09-28T07:52:31.539+0000] {logging_mixin.py:190} INFO - [2024-09-28T07:52:31.538+0000] {dagbag.py:588} INFO - Filling up the DagBag from /home/airflow/.local/lib/python3.12/site-packages/airflow/example_dags/example_display_name.py
[2024-09-28T07:52:31.545+0000] {processor.py:925} INFO - DAG(s) 'example_display_name' retrieved from /home/airflow/.local/lib/python3.12/site-packages/airflow/example_dags/example_display_name.py
[2024-09-28T07:52:31.556+0000] {logging_mixin.py:190} INFO - [2024-09-28T07:52:31.556+0000] {dag.py:3239} INFO - Sync 1 DAGs
[2024-09-28T07:52:31.565+0000] {logging_mixin.py:190} INFO - [2024-09-28T07:52:31.565+0000] {dag.py:4180} INFO - Setting next_dagrun for example_display_name to None, run_after=None
[2024-09-28T07:52:31.578+0000] {processor.py:208} INFO - Processing /home/airflow/.local/lib/python3.12/site-packages/airflow/example_dags/example_display_name.py took 0.048 seconds
[2024-09-28T07:53:01.818+0000] {processor.py:186} INFO - Started process (PID=3422) to work on /home/airflow/.local/lib/python3.12/site-packages/airflow/example_dags/example_display_name.py
[2024-09-28T07:53:01.819+0000] {processor.py:914} INFO - Processing file /home/airflow/.local/lib/python3.12/site-packages/airflow/example_dags/example_display_name.py for tasks to queue
[2024-09-28T07:53:01.820+0000] {logging_mixin.py:190} INFO - [2024-09-28T07:53:01.820+0000] {dagbag.py:588} INFO - Filling up the DagBag from /home/airflow/.local/lib/python3.12/site-packages/airflow/example_dags/example_display_name.py
[2024-09-28T07:53:01.824+0000] {processor.py:925} INFO - DAG(s) 'example_display_name' retrieved from /home/airflow/.local/lib/python3.12/site-packages/airflow/example_dags/example_display_name.py
[2024-09-28T07:53:01.835+0000] {logging_mixin.py:190} INFO - [2024-09-28T07:53:01.835+0000] {dag.py:3239} INFO - Sync 1 DAGs
[2024-09-28T07:53:01.843+0000] {logging_mixin.py:190} INFO - [2024-09-28T07:53:01.843+0000] {dag.py:4180} INFO - Setting next_dagrun for example_display_name to None, run_after=None
[2024-09-28T07:53:01.851+0000] {processor.py:208} INFO - Processing /home/airflow/.local/lib/python3.12/site-packages/airflow/example_dags/example_display_name.py took 0.037 seconds
[2024-09-28T07:53:32.126+0000] {processor.py:186} INFO - Started process (PID=3706) to work on /home/airflow/.local/lib/python3.12/site-packages/airflow/example_dags/example_display_name.py
[2024-09-28T07:53:32.130+0000] {processor.py:914} INFO - Processing file /home/airflow/.local/lib/python3.12/site-packages/airflow/example_dags/example_display_name.py for tasks to queue
[2024-09-28T07:53:32.132+0000] {logging_mixin.py:190} INFO - [2024-09-28T07:53:32.132+0000] {dagbag.py:588} INFO - Filling up the DagBag from /home/airflow/.local/lib/python3.12/site-packages/airflow/example_dags/example_display_name.py
[2024-09-28T07:53:32.137+0000] {processor.py:925} INFO - DAG(s) 'example_display_name' retrieved from /home/airflow/.local/lib/python3.12/site-packages/airflow/example_dags/example_display_name.py
[2024-09-28T07:53:32.147+0000] {logging_mixin.py:190} INFO - [2024-09-28T07:53:32.147+0000] {dag.py:3239} INFO - Sync 1 DAGs
[2024-09-28T07:53:32.154+0000] {logging_mixin.py:190} INFO - [2024-09-28T07:53:32.153+0000] {dag.py:4180} INFO - Setting next_dagrun for example_display_name to None, run_after=None
[2024-09-28T07:53:32.165+0000] {processor.py:208} INFO - Processing /home/airflow/.local/lib/python3.12/site-packages/airflow/example_dags/example_display_name.py took 0.042 seconds
[2024-09-28T07:54:02.372+0000] {processor.py:186} INFO - Started process (PID=3992) to work on /home/airflow/.local/lib/python3.12/site-packages/airflow/example_dags/example_display_name.py
[2024-09-28T07:54:02.373+0000] {processor.py:914} INFO - Processing file /home/airflow/.local/lib/python3.12/site-packages/airflow/example_dags/example_display_name.py for tasks to queue
[2024-09-28T07:54:02.375+0000] {logging_mixin.py:190} INFO - [2024-09-28T07:54:02.375+0000] {dagbag.py:588} INFO - Filling up the DagBag from /home/airflow/.local/lib/python3.12/site-packages/airflow/example_dags/example_display_name.py
[2024-09-28T07:54:02.380+0000] {processor.py:925} INFO - DAG(s) 'example_display_name' retrieved from /home/airflow/.local/lib/python3.12/site-packages/airflow/example_dags/example_display_name.py
[2024-09-28T07:54:02.393+0000] {logging_mixin.py:190} INFO - [2024-09-28T07:54:02.393+0000] {dag.py:3239} INFO - Sync 1 DAGs
[2024-09-28T07:54:02.400+0000] {logging_mixin.py:190} INFO - [2024-09-28T07:54:02.400+0000] {dag.py:4180} INFO - Setting next_dagrun for example_display_name to None, run_after=None
[2024-09-28T07:54:02.411+0000] {processor.py:208} INFO - Processing /home/airflow/.local/lib/python3.12/site-packages/airflow/example_dags/example_display_name.py took 0.042 seconds
[2024-09-28T07:54:32.649+0000] {processor.py:186} INFO - Started process (PID=4278) to work on /home/airflow/.local/lib/python3.12/site-packages/airflow/example_dags/example_display_name.py
[2024-09-28T07:54:32.651+0000] {processor.py:914} INFO - Processing file /home/airflow/.local/lib/python3.12/site-packages/airflow/example_dags/example_display_name.py for tasks to queue
[2024-09-28T07:54:32.652+0000] {logging_mixin.py:190} INFO - [2024-09-28T07:54:32.652+0000] {dagbag.py:588} INFO - Filling up the DagBag from /home/airflow/.local/lib/python3.12/site-packages/airflow/example_dags/example_display_name.py
[2024-09-28T07:54:32.656+0000] {processor.py:925} INFO - DAG(s) 'example_display_name' retrieved from /home/airflow/.local/lib/python3.12/site-packages/airflow/example_dags/example_display_name.py
[2024-09-28T07:54:32.669+0000] {logging_mixin.py:190} INFO - [2024-09-28T07:54:32.669+0000] {dag.py:3239} INFO - Sync 1 DAGs
[2024-09-28T07:54:32.677+0000] {logging_mixin.py:190} INFO - [2024-09-28T07:54:32.677+0000] {dag.py:4180} INFO - Setting next_dagrun for example_display_name to None, run_after=None
[2024-09-28T07:54:32.686+0000] {processor.py:208} INFO - Processing /home/airflow/.local/lib/python3.12/site-packages/airflow/example_dags/example_display_name.py took 0.041 seconds
[2024-09-28T07:55:03.204+0000] {processor.py:186} INFO - Started process (PID=4564) to work on /home/airflow/.local/lib/python3.12/site-packages/airflow/example_dags/example_display_name.py
[2024-09-28T07:55:03.204+0000] {processor.py:914} INFO - Processing file /home/airflow/.local/lib/python3.12/site-packages/airflow/example_dags/example_display_name.py for tasks to queue
[2024-09-28T07:55:03.206+0000] {logging_mixin.py:190} INFO - [2024-09-28T07:55:03.205+0000] {dagbag.py:588} INFO - Filling up the DagBag from /home/airflow/.local/lib/python3.12/site-packages/airflow/example_dags/example_display_name.py
[2024-09-28T07:55:03.210+0000] {processor.py:925} INFO - DAG(s) 'example_display_name' retrieved from /home/airflow/.local/lib/python3.12/site-packages/airflow/example_dags/example_display_name.py
[2024-09-28T07:55:03.219+0000] {logging_mixin.py:190} INFO - [2024-09-28T07:55:03.219+0000] {dag.py:3239} INFO - Sync 1 DAGs
[2024-09-28T07:55:03.226+0000] {logging_mixin.py:190} INFO - [2024-09-28T07:55:03.226+0000] {dag.py:4180} INFO - Setting next_dagrun for example_display_name to None, run_after=None
[2024-09-28T07:55:03.234+0000] {processor.py:208} INFO - Processing /home/airflow/.local/lib/python3.12/site-packages/airflow/example_dags/example_display_name.py took 0.033 seconds
[2024-09-28T07:55:33.562+0000] {processor.py:186} INFO - Started process (PID=4852) to work on /home/airflow/.local/lib/python3.12/site-packages/airflow/example_dags/example_display_name.py
[2024-09-28T07:55:33.563+0000] {processor.py:914} INFO - Processing file /home/airflow/.local/lib/python3.12/site-packages/airflow/example_dags/example_display_name.py for tasks to queue
[2024-09-28T07:55:33.564+0000] {logging_mixin.py:190} INFO - [2024-09-28T07:55:33.564+0000] {dagbag.py:588} INFO - Filling up the DagBag from /home/airflow/.local/lib/python3.12/site-packages/airflow/example_dags/example_display_name.py
[2024-09-28T07:55:33.568+0000] {processor.py:925} INFO - DAG(s) 'example_display_name' retrieved from /home/airflow/.local/lib/python3.12/site-packages/airflow/example_dags/example_display_name.py
[2024-09-28T07:55:33.581+0000] {logging_mixin.py:190} INFO - [2024-09-28T07:55:33.581+0000] {dag.py:3239} INFO - Sync 1 DAGs
[2024-09-28T07:55:33.590+0000] {logging_mixin.py:190} INFO - [2024-09-28T07:55:33.589+0000] {dag.py:4180} INFO - Setting next_dagrun for example_display_name to None, run_after=None
[2024-09-28T07:55:33.599+0000] {processor.py:208} INFO - Processing /home/airflow/.local/lib/python3.12/site-packages/airflow/example_dags/example_display_name.py took 0.041 seconds
[2024-09-28T07:56:03.929+0000] {processor.py:186} INFO - Started process (PID=5136) to work on /home/airflow/.local/lib/python3.12/site-packages/airflow/example_dags/example_display_name.py
[2024-09-28T07:56:03.930+0000] {processor.py:914} INFO - Processing file /home/airflow/.local/lib/python3.12/site-packages/airflow/example_dags/example_display_name.py for tasks to queue
[2024-09-28T07:56:03.932+0000] {logging_mixin.py:190} INFO - [2024-09-28T07:56:03.932+0000] {dagbag.py:588} INFO - Filling up the DagBag from /home/airflow/.local/lib/python3.12/site-packages/airflow/example_dags/example_display_name.py
[2024-09-28T07:56:03.936+0000] {processor.py:925} INFO - DAG(s) 'example_display_name' retrieved from /home/airflow/.local/lib/python3.12/site-packages/airflow/example_dags/example_display_name.py
[2024-09-28T07:56:03.946+0000] {logging_mixin.py:190} INFO - [2024-09-28T07:56:03.946+0000] {dag.py:3239} INFO - Sync 1 DAGs
[2024-09-28T07:56:03.955+0000] {logging_mixin.py:190} INFO - [2024-09-28T07:56:03.955+0000] {dag.py:4180} INFO - Setting next_dagrun for example_display_name to None, run_after=None
[2024-09-28T07:56:03.968+0000] {processor.py:208} INFO - Processing /home/airflow/.local/lib/python3.12/site-packages/airflow/example_dags/example_display_name.py took 0.042 seconds
[2024-09-28T07:56:34.378+0000] {processor.py:186} INFO - Started process (PID=5424) to work on /home/airflow/.local/lib/python3.12/site-packages/airflow/example_dags/example_display_name.py
[2024-09-28T07:56:34.379+0000] {processor.py:914} INFO - Processing file /home/airflow/.local/lib/python3.12/site-packages/airflow/example_dags/example_display_name.py for tasks to queue
[2024-09-28T07:56:34.380+0000] {logging_mixin.py:190} INFO - [2024-09-28T07:56:34.380+0000] {dagbag.py:588} INFO - Filling up the DagBag from /home/airflow/.local/lib/python3.12/site-packages/airflow/example_dags/example_display_name.py
[2024-09-28T07:56:34.385+0000] {processor.py:925} INFO - DAG(s) 'example_display_name' retrieved from /home/airflow/.local/lib/python3.12/site-packages/airflow/example_dags/example_display_name.py
[2024-09-28T07:56:34.402+0000] {logging_mixin.py:190} INFO - [2024-09-28T07:56:34.402+0000] {dag.py:3239} INFO - Sync 1 DAGs
[2024-09-28T07:56:34.412+0000] {logging_mixin.py:190} INFO - [2024-09-28T07:56:34.412+0000] {dag.py:4180} INFO - Setting next_dagrun for example_display_name to None, run_after=None
[2024-09-28T07:56:34.426+0000] {processor.py:208} INFO - Processing /home/airflow/.local/lib/python3.12/site-packages/airflow/example_dags/example_display_name.py took 0.051 seconds
[2024-09-28T07:57:04.679+0000] {processor.py:186} INFO - Started process (PID=5710) to work on /home/airflow/.local/lib/python3.12/site-packages/airflow/example_dags/example_display_name.py
[2024-09-28T07:57:04.680+0000] {processor.py:914} INFO - Processing file /home/airflow/.local/lib/python3.12/site-packages/airflow/example_dags/example_display_name.py for tasks to queue
[2024-09-28T07:57:04.681+0000] {logging_mixin.py:190} INFO - [2024-09-28T07:57:04.681+0000] {dagbag.py:588} INFO - Filling up the DagBag from /home/airflow/.local/lib/python3.12/site-packages/airflow/example_dags/example_display_name.py
[2024-09-28T07:57:04.685+0000] {processor.py:925} INFO - DAG(s) 'example_display_name' retrieved from /home/airflow/.local/lib/python3.12/site-packages/airflow/example_dags/example_display_name.py
[2024-09-28T07:57:04.696+0000] {logging_mixin.py:190} INFO - [2024-09-28T07:57:04.696+0000] {dag.py:3239} INFO - Sync 1 DAGs
[2024-09-28T07:57:04.726+0000] {logging_mixin.py:190} INFO - [2024-09-28T07:57:04.726+0000] {dag.py:4180} INFO - Setting next_dagrun for example_display_name to None, run_after=None
[2024-09-28T07:57:04.741+0000] {processor.py:208} INFO - Processing /home/airflow/.local/lib/python3.12/site-packages/airflow/example_dags/example_display_name.py took 0.065 seconds
[2024-09-28T07:57:34.992+0000] {processor.py:186} INFO - Started process (PID=5994) to work on /home/airflow/.local/lib/python3.12/site-packages/airflow/example_dags/example_display_name.py
[2024-09-28T07:57:34.994+0000] {processor.py:914} INFO - Processing file /home/airflow/.local/lib/python3.12/site-packages/airflow/example_dags/example_display_name.py for tasks to queue
[2024-09-28T07:57:34.997+0000] {logging_mixin.py:190} INFO - [2024-09-28T07:57:34.997+0000] {dagbag.py:588} INFO - Filling up the DagBag from /home/airflow/.local/lib/python3.12/site-packages/airflow/example_dags/example_display_name.py
[2024-09-28T07:57:35.001+0000] {processor.py:925} INFO - DAG(s) 'example_display_name' retrieved from /home/airflow/.local/lib/python3.12/site-packages/airflow/example_dags/example_display_name.py
[2024-09-28T07:57:35.010+0000] {logging_mixin.py:190} INFO - [2024-09-28T07:57:35.010+0000] {dag.py:3239} INFO - Sync 1 DAGs
[2024-09-28T07:57:35.018+0000] {logging_mixin.py:190} INFO - [2024-09-28T07:57:35.018+0000] {dag.py:4180} INFO - Setting next_dagrun for example_display_name to None, run_after=None
[2024-09-28T07:57:35.026+0000] {processor.py:208} INFO - Processing /home/airflow/.local/lib/python3.12/site-packages/airflow/example_dags/example_display_name.py took 0.038 seconds
[2024-09-28T07:58:05.269+0000] {processor.py:186} INFO - Started process (PID=6281) to work on /home/airflow/.local/lib/python3.12/site-packages/airflow/example_dags/example_display_name.py
[2024-09-28T07:58:05.269+0000] {processor.py:914} INFO - Processing file /home/airflow/.local/lib/python3.12/site-packages/airflow/example_dags/example_display_name.py for tasks to queue
[2024-09-28T07:58:05.271+0000] {logging_mixin.py:190} INFO - [2024-09-28T07:58:05.271+0000] {dagbag.py:588} INFO - Filling up the DagBag from /home/airflow/.local/lib/python3.12/site-packages/airflow/example_dags/example_display_name.py
[2024-09-28T07:58:05.275+0000] {processor.py:925} INFO - DAG(s) 'example_display_name' retrieved from /home/airflow/.local/lib/python3.12/site-packages/airflow/example_dags/example_display_name.py
[2024-09-28T07:58:05.286+0000] {logging_mixin.py:190} INFO - [2024-09-28T07:58:05.285+0000] {dag.py:3239} INFO - Sync 1 DAGs
[2024-09-28T07:58:05.293+0000] {logging_mixin.py:190} INFO - [2024-09-28T07:58:05.292+0000] {dag.py:4180} INFO - Setting next_dagrun for example_display_name to None, run_after=None
[2024-09-28T07:58:05.301+0000] {processor.py:208} INFO - Processing /home/airflow/.local/lib/python3.12/site-packages/airflow/example_dags/example_display_name.py took 0.036 seconds
[2024-09-28T07:58:35.622+0000] {processor.py:186} INFO - Started process (PID=6565) to work on /home/airflow/.local/lib/python3.12/site-packages/airflow/example_dags/example_display_name.py
[2024-09-28T07:58:35.624+0000] {processor.py:914} INFO - Processing file /home/airflow/.local/lib/python3.12/site-packages/airflow/example_dags/example_display_name.py for tasks to queue
[2024-09-28T07:58:35.626+0000] {logging_mixin.py:190} INFO - [2024-09-28T07:58:35.626+0000] {dagbag.py:588} INFO - Filling up the DagBag from /home/airflow/.local/lib/python3.12/site-packages/airflow/example_dags/example_display_name.py
[2024-09-28T07:58:35.630+0000] {processor.py:925} INFO - DAG(s) 'example_display_name' retrieved from /home/airflow/.local/lib/python3.12/site-packages/airflow/example_dags/example_display_name.py
[2024-09-28T07:58:35.640+0000] {logging_mixin.py:190} INFO - [2024-09-28T07:58:35.639+0000] {dag.py:3239} INFO - Sync 1 DAGs
[2024-09-28T07:58:35.646+0000] {logging_mixin.py:190} INFO - [2024-09-28T07:58:35.646+0000] {dag.py:4180} INFO - Setting next_dagrun for example_display_name to None, run_after=None
[2024-09-28T07:58:35.656+0000] {processor.py:208} INFO - Processing /home/airflow/.local/lib/python3.12/site-packages/airflow/example_dags/example_display_name.py took 0.037 seconds
[2024-09-28T07:59:06.008+0000] {processor.py:186} INFO - Started process (PID=6851) to work on /home/airflow/.local/lib/python3.12/site-packages/airflow/example_dags/example_display_name.py
[2024-09-28T07:59:06.009+0000] {processor.py:914} INFO - Processing file /home/airflow/.local/lib/python3.12/site-packages/airflow/example_dags/example_display_name.py for tasks to queue
[2024-09-28T07:59:06.011+0000] {logging_mixin.py:190} INFO - [2024-09-28T07:59:06.011+0000] {dagbag.py:588} INFO - Filling up the DagBag from /home/airflow/.local/lib/python3.12/site-packages/airflow/example_dags/example_display_name.py
[2024-09-28T07:59:06.015+0000] {processor.py:925} INFO - DAG(s) 'example_display_name' retrieved from /home/airflow/.local/lib/python3.12/site-packages/airflow/example_dags/example_display_name.py
[2024-09-28T07:59:06.028+0000] {logging_mixin.py:190} INFO - [2024-09-28T07:59:06.028+0000] {dag.py:3239} INFO - Sync 1 DAGs
[2024-09-28T07:59:06.039+0000] {logging_mixin.py:190} INFO - [2024-09-28T07:59:06.039+0000] {dag.py:4180} INFO - Setting next_dagrun for example_display_name to None, run_after=None
[2024-09-28T07:59:06.051+0000] {processor.py:208} INFO - Processing /home/airflow/.local/lib/python3.12/site-packages/airflow/example_dags/example_display_name.py took 0.047 seconds
[2024-09-28T07:59:36.550+0000] {processor.py:186} INFO - Started process (PID=7137) to work on /home/airflow/.local/lib/python3.12/site-packages/airflow/example_dags/example_display_name.py
[2024-09-28T07:59:36.551+0000] {processor.py:914} INFO - Processing file /home/airflow/.local/lib/python3.12/site-packages/airflow/example_dags/example_display_name.py for tasks to queue
[2024-09-28T07:59:36.553+0000] {logging_mixin.py:190} INFO - [2024-09-28T07:59:36.552+0000] {dagbag.py:588} INFO - Filling up the DagBag from /home/airflow/.local/lib/python3.12/site-packages/airflow/example_dags/example_display_name.py
[2024-09-28T07:59:36.557+0000] {processor.py:925} INFO - DAG(s) 'example_display_name' retrieved from /home/airflow/.local/lib/python3.12/site-packages/airflow/example_dags/example_display_name.py
[2024-09-28T07:59:36.567+0000] {logging_mixin.py:190} INFO - [2024-09-28T07:59:36.567+0000] {dag.py:3239} INFO - Sync 1 DAGs
[2024-09-28T07:59:36.574+0000] {logging_mixin.py:190} INFO - [2024-09-28T07:59:36.574+0000] {dag.py:4180} INFO - Setting next_dagrun for example_display_name to None, run_after=None
[2024-09-28T07:59:36.583+0000] {processor.py:208} INFO - Processing /home/airflow/.local/lib/python3.12/site-packages/airflow/example_dags/example_display_name.py took 0.038 seconds
[2024-09-28T08:00:06.960+0000] {processor.py:186} INFO - Started process (PID=7423) to work on /home/airflow/.local/lib/python3.12/site-packages/airflow/example_dags/example_display_name.py
[2024-09-28T08:00:06.961+0000] {processor.py:914} INFO - Processing file /home/airflow/.local/lib/python3.12/site-packages/airflow/example_dags/example_display_name.py for tasks to queue
[2024-09-28T08:00:06.963+0000] {logging_mixin.py:190} INFO - [2024-09-28T08:00:06.963+0000] {dagbag.py:588} INFO - Filling up the DagBag from /home/airflow/.local/lib/python3.12/site-packages/airflow/example_dags/example_display_name.py
[2024-09-28T08:00:06.969+0000] {processor.py:925} INFO - DAG(s) 'example_display_name' retrieved from /home/airflow/.local/lib/python3.12/site-packages/airflow/example_dags/example_display_name.py
[2024-09-28T08:00:06.981+0000] {logging_mixin.py:190} INFO - [2024-09-28T08:00:06.981+0000] {dag.py:3239} INFO - Sync 1 DAGs
[2024-09-28T08:00:06.989+0000] {logging_mixin.py:190} INFO - [2024-09-28T08:00:06.989+0000] {dag.py:4180} INFO - Setting next_dagrun for example_display_name to None, run_after=None
[2024-09-28T08:00:06.997+0000] {processor.py:208} INFO - Processing /home/airflow/.local/lib/python3.12/site-packages/airflow/example_dags/example_display_name.py took 0.041 seconds
[2024-09-28T08:00:37.265+0000] {processor.py:186} INFO - Started process (PID=7709) to work on /home/airflow/.local/lib/python3.12/site-packages/airflow/example_dags/example_display_name.py
[2024-09-28T08:00:37.266+0000] {processor.py:914} INFO - Processing file /home/airflow/.local/lib/python3.12/site-packages/airflow/example_dags/example_display_name.py for tasks to queue
[2024-09-28T08:00:37.268+0000] {logging_mixin.py:190} INFO - [2024-09-28T08:00:37.268+0000] {dagbag.py:588} INFO - Filling up the DagBag from /home/airflow/.local/lib/python3.12/site-packages/airflow/example_dags/example_display_name.py
[2024-09-28T08:00:37.273+0000] {processor.py:925} INFO - DAG(s) 'example_display_name' retrieved from /home/airflow/.local/lib/python3.12/site-packages/airflow/example_dags/example_display_name.py
[2024-09-28T08:00:37.291+0000] {logging_mixin.py:190} INFO - [2024-09-28T08:00:37.291+0000] {dag.py:3239} INFO - Sync 1 DAGs
[2024-09-28T08:00:37.302+0000] {logging_mixin.py:190} INFO - [2024-09-28T08:00:37.302+0000] {dag.py:4180} INFO - Setting next_dagrun for example_display_name to None, run_after=None
[2024-09-28T08:00:37.313+0000] {processor.py:208} INFO - Processing /home/airflow/.local/lib/python3.12/site-packages/airflow/example_dags/example_display_name.py took 0.053 seconds
[2024-09-28T08:01:07.890+0000] {processor.py:186} INFO - Started process (PID=7995) to work on /home/airflow/.local/lib/python3.12/site-packages/airflow/example_dags/example_display_name.py
[2024-09-28T08:01:07.891+0000] {processor.py:914} INFO - Processing file /home/airflow/.local/lib/python3.12/site-packages/airflow/example_dags/example_display_name.py for tasks to queue
[2024-09-28T08:01:07.893+0000] {logging_mixin.py:190} INFO - [2024-09-28T08:01:07.893+0000] {dagbag.py:588} INFO - Filling up the DagBag from /home/airflow/.local/lib/python3.12/site-packages/airflow/example_dags/example_display_name.py
[2024-09-28T08:01:07.899+0000] {processor.py:925} INFO - DAG(s) 'example_display_name' retrieved from /home/airflow/.local/lib/python3.12/site-packages/airflow/example_dags/example_display_name.py
[2024-09-28T08:01:07.910+0000] {logging_mixin.py:190} INFO - [2024-09-28T08:01:07.910+0000] {dag.py:3239} INFO - Sync 1 DAGs
[2024-09-28T08:01:07.917+0000] {logging_mixin.py:190} INFO - [2024-09-28T08:01:07.917+0000] {dag.py:4180} INFO - Setting next_dagrun for example_display_name to None, run_after=None
[2024-09-28T08:01:07.928+0000] {processor.py:208} INFO - Processing /home/airflow/.local/lib/python3.12/site-packages/airflow/example_dags/example_display_name.py took 0.041 seconds
[2024-09-28T08:01:38.462+0000] {processor.py:186} INFO - Started process (PID=8281) to work on /home/airflow/.local/lib/python3.12/site-packages/airflow/example_dags/example_display_name.py
[2024-09-28T08:01:38.467+0000] {processor.py:914} INFO - Processing file /home/airflow/.local/lib/python3.12/site-packages/airflow/example_dags/example_display_name.py for tasks to queue
[2024-09-28T08:01:38.471+0000] {logging_mixin.py:190} INFO - [2024-09-28T08:01:38.471+0000] {dagbag.py:588} INFO - Filling up the DagBag from /home/airflow/.local/lib/python3.12/site-packages/airflow/example_dags/example_display_name.py
[2024-09-28T08:01:38.476+0000] {processor.py:925} INFO - DAG(s) 'example_display_name' retrieved from /home/airflow/.local/lib/python3.12/site-packages/airflow/example_dags/example_display_name.py
[2024-09-28T08:01:38.489+0000] {logging_mixin.py:190} INFO - [2024-09-28T08:01:38.489+0000] {dag.py:3239} INFO - Sync 1 DAGs
[2024-09-28T08:01:38.501+0000] {logging_mixin.py:190} INFO - [2024-09-28T08:01:38.501+0000] {dag.py:4180} INFO - Setting next_dagrun for example_display_name to None, run_after=None
[2024-09-28T08:01:38.512+0000] {processor.py:208} INFO - Processing /home/airflow/.local/lib/python3.12/site-packages/airflow/example_dags/example_display_name.py took 0.054 seconds
[2024-09-28T08:02:09.174+0000] {processor.py:186} INFO - Started process (PID=8567) to work on /home/airflow/.local/lib/python3.12/site-packages/airflow/example_dags/example_display_name.py
[2024-09-28T08:02:09.177+0000] {processor.py:914} INFO - Processing file /home/airflow/.local/lib/python3.12/site-packages/airflow/example_dags/example_display_name.py for tasks to queue
[2024-09-28T08:02:09.179+0000] {logging_mixin.py:190} INFO - [2024-09-28T08:02:09.179+0000] {dagbag.py:588} INFO - Filling up the DagBag from /home/airflow/.local/lib/python3.12/site-packages/airflow/example_dags/example_display_name.py
[2024-09-28T08:02:09.184+0000] {processor.py:925} INFO - DAG(s) 'example_display_name' retrieved from /home/airflow/.local/lib/python3.12/site-packages/airflow/example_dags/example_display_name.py
[2024-09-28T08:02:09.196+0000] {logging_mixin.py:190} INFO - [2024-09-28T08:02:09.196+0000] {dag.py:3239} INFO - Sync 1 DAGs
[2024-09-28T08:02:09.204+0000] {logging_mixin.py:190} INFO - [2024-09-28T08:02:09.204+0000] {dag.py:4180} INFO - Setting next_dagrun for example_display_name to None, run_after=None
[2024-09-28T08:02:09.212+0000] {processor.py:208} INFO - Processing /home/airflow/.local/lib/python3.12/site-packages/airflow/example_dags/example_display_name.py took 0.041 seconds
[2024-09-28T08:02:39.870+0000] {processor.py:186} INFO - Started process (PID=8853) to work on /home/airflow/.local/lib/python3.12/site-packages/airflow/example_dags/example_display_name.py
[2024-09-28T08:02:39.871+0000] {processor.py:914} INFO - Processing file /home/airflow/.local/lib/python3.12/site-packages/airflow/example_dags/example_display_name.py for tasks to queue
[2024-09-28T08:02:39.872+0000] {logging_mixin.py:190} INFO - [2024-09-28T08:02:39.872+0000] {dagbag.py:588} INFO - Filling up the DagBag from /home/airflow/.local/lib/python3.12/site-packages/airflow/example_dags/example_display_name.py
[2024-09-28T08:02:39.877+0000] {processor.py:925} INFO - DAG(s) 'example_display_name' retrieved from /home/airflow/.local/lib/python3.12/site-packages/airflow/example_dags/example_display_name.py
[2024-09-28T08:02:39.887+0000] {logging_mixin.py:190} INFO - [2024-09-28T08:02:39.886+0000] {dag.py:3239} INFO - Sync 1 DAGs
[2024-09-28T08:02:39.894+0000] {logging_mixin.py:190} INFO - [2024-09-28T08:02:39.893+0000] {dag.py:4180} INFO - Setting next_dagrun for example_display_name to None, run_after=None
[2024-09-28T08:02:39.904+0000] {processor.py:208} INFO - Processing /home/airflow/.local/lib/python3.12/site-packages/airflow/example_dags/example_display_name.py took 0.038 seconds
[2024-09-28T08:03:10.465+0000] {processor.py:186} INFO - Started process (PID=9139) to work on /home/airflow/.local/lib/python3.12/site-packages/airflow/example_dags/example_display_name.py
[2024-09-28T08:03:10.466+0000] {processor.py:914} INFO - Processing file /home/airflow/.local/lib/python3.12/site-packages/airflow/example_dags/example_display_name.py for tasks to queue
[2024-09-28T08:03:10.467+0000] {logging_mixin.py:190} INFO - [2024-09-28T08:03:10.467+0000] {dagbag.py:588} INFO - Filling up the DagBag from /home/airflow/.local/lib/python3.12/site-packages/airflow/example_dags/example_display_name.py
[2024-09-28T08:03:10.471+0000] {processor.py:925} INFO - DAG(s) 'example_display_name' retrieved from /home/airflow/.local/lib/python3.12/site-packages/airflow/example_dags/example_display_name.py
[2024-09-28T08:03:10.483+0000] {logging_mixin.py:190} INFO - [2024-09-28T08:03:10.483+0000] {dag.py:3239} INFO - Sync 1 DAGs
[2024-09-28T08:03:10.491+0000] {logging_mixin.py:190} INFO - [2024-09-28T08:03:10.491+0000] {dag.py:4180} INFO - Setting next_dagrun for example_display_name to None, run_after=None
[2024-09-28T08:03:10.499+0000] {processor.py:208} INFO - Processing /home/airflow/.local/lib/python3.12/site-packages/airflow/example_dags/example_display_name.py took 0.038 seconds
[2024-09-28T08:03:40.929+0000] {processor.py:186} INFO - Started process (PID=9425) to work on /home/airflow/.local/lib/python3.12/site-packages/airflow/example_dags/example_display_name.py
[2024-09-28T08:03:40.931+0000] {processor.py:914} INFO - Processing file /home/airflow/.local/lib/python3.12/site-packages/airflow/example_dags/example_display_name.py for tasks to queue
[2024-09-28T08:03:40.932+0000] {logging_mixin.py:190} INFO - [2024-09-28T08:03:40.932+0000] {dagbag.py:588} INFO - Filling up the DagBag from /home/airflow/.local/lib/python3.12/site-packages/airflow/example_dags/example_display_name.py
[2024-09-28T08:03:40.936+0000] {processor.py:925} INFO - DAG(s) 'example_display_name' retrieved from /home/airflow/.local/lib/python3.12/site-packages/airflow/example_dags/example_display_name.py
[2024-09-28T08:03:40.946+0000] {logging_mixin.py:190} INFO - [2024-09-28T08:03:40.946+0000] {dag.py:3239} INFO - Sync 1 DAGs
[2024-09-28T08:03:40.953+0000] {logging_mixin.py:190} INFO - [2024-09-28T08:03:40.953+0000] {dag.py:4180} INFO - Setting next_dagrun for example_display_name to None, run_after=None
[2024-09-28T08:03:40.963+0000] {processor.py:208} INFO - Processing /home/airflow/.local/lib/python3.12/site-packages/airflow/example_dags/example_display_name.py took 0.037 seconds
[2024-09-28T08:04:11.539+0000] {processor.py:186} INFO - Started process (PID=9711) to work on /home/airflow/.local/lib/python3.12/site-packages/airflow/example_dags/example_display_name.py
[2024-09-28T08:04:11.542+0000] {processor.py:914} INFO - Processing file /home/airflow/.local/lib/python3.12/site-packages/airflow/example_dags/example_display_name.py for tasks to queue
[2024-09-28T08:04:11.543+0000] {logging_mixin.py:190} INFO - [2024-09-28T08:04:11.543+0000] {dagbag.py:588} INFO - Filling up the DagBag from /home/airflow/.local/lib/python3.12/site-packages/airflow/example_dags/example_display_name.py
[2024-09-28T08:04:11.547+0000] {processor.py:925} INFO - DAG(s) 'example_display_name' retrieved from /home/airflow/.local/lib/python3.12/site-packages/airflow/example_dags/example_display_name.py
[2024-09-28T08:04:11.559+0000] {logging_mixin.py:190} INFO - [2024-09-28T08:04:11.559+0000] {dag.py:3239} INFO - Sync 1 DAGs
[2024-09-28T08:04:11.568+0000] {logging_mixin.py:190} INFO - [2024-09-28T08:04:11.568+0000] {dag.py:4180} INFO - Setting next_dagrun for example_display_name to None, run_after=None
[2024-09-28T08:04:11.578+0000] {processor.py:208} INFO - Processing /home/airflow/.local/lib/python3.12/site-packages/airflow/example_dags/example_display_name.py took 0.043 seconds
[2024-09-28T08:04:42.188+0000] {processor.py:186} INFO - Started process (PID=9997) to work on /home/airflow/.local/lib/python3.12/site-packages/airflow/example_dags/example_display_name.py
[2024-09-28T08:04:42.189+0000] {processor.py:914} INFO - Processing file /home/airflow/.local/lib/python3.12/site-packages/airflow/example_dags/example_display_name.py for tasks to queue
[2024-09-28T08:04:42.191+0000] {logging_mixin.py:190} INFO - [2024-09-28T08:04:42.190+0000] {dagbag.py:588} INFO - Filling up the DagBag from /home/airflow/.local/lib/python3.12/site-packages/airflow/example_dags/example_display_name.py
[2024-09-28T08:04:42.195+0000] {processor.py:925} INFO - DAG(s) 'example_display_name' retrieved from /home/airflow/.local/lib/python3.12/site-packages/airflow/example_dags/example_display_name.py
[2024-09-28T08:04:42.207+0000] {logging_mixin.py:190} INFO - [2024-09-28T08:04:42.207+0000] {dag.py:3239} INFO - Sync 1 DAGs
[2024-09-28T08:04:42.214+0000] {logging_mixin.py:190} INFO - [2024-09-28T08:04:42.214+0000] {dag.py:4180} INFO - Setting next_dagrun for example_display_name to None, run_after=None
[2024-09-28T08:04:42.224+0000] {processor.py:208} INFO - Processing /home/airflow/.local/lib/python3.12/site-packages/airflow/example_dags/example_display_name.py took 0.039 seconds
[2024-09-28T08:05:12.652+0000] {processor.py:186} INFO - Started process (PID=10283) to work on /home/airflow/.local/lib/python3.12/site-packages/airflow/example_dags/example_display_name.py
[2024-09-28T08:05:12.655+0000] {processor.py:914} INFO - Processing file /home/airflow/.local/lib/python3.12/site-packages/airflow/example_dags/example_display_name.py for tasks to queue
[2024-09-28T08:05:12.656+0000] {logging_mixin.py:190} INFO - [2024-09-28T08:05:12.656+0000] {dagbag.py:588} INFO - Filling up the DagBag from /home/airflow/.local/lib/python3.12/site-packages/airflow/example_dags/example_display_name.py
[2024-09-28T08:05:12.660+0000] {processor.py:925} INFO - DAG(s) 'example_display_name' retrieved from /home/airflow/.local/lib/python3.12/site-packages/airflow/example_dags/example_display_name.py
[2024-09-28T08:05:12.670+0000] {logging_mixin.py:190} INFO - [2024-09-28T08:05:12.669+0000] {dag.py:3239} INFO - Sync 1 DAGs
[2024-09-28T08:05:12.676+0000] {logging_mixin.py:190} INFO - [2024-09-28T08:05:12.676+0000] {dag.py:4180} INFO - Setting next_dagrun for example_display_name to None, run_after=None
[2024-09-28T08:05:12.686+0000] {processor.py:208} INFO - Processing /home/airflow/.local/lib/python3.12/site-packages/airflow/example_dags/example_display_name.py took 0.038 seconds
[2024-09-28T08:05:43.126+0000] {processor.py:186} INFO - Started process (PID=10569) to work on /home/airflow/.local/lib/python3.12/site-packages/airflow/example_dags/example_display_name.py
[2024-09-28T08:05:43.127+0000] {processor.py:914} INFO - Processing file /home/airflow/.local/lib/python3.12/site-packages/airflow/example_dags/example_display_name.py for tasks to queue
[2024-09-28T08:05:43.129+0000] {logging_mixin.py:190} INFO - [2024-09-28T08:05:43.128+0000] {dagbag.py:588} INFO - Filling up the DagBag from /home/airflow/.local/lib/python3.12/site-packages/airflow/example_dags/example_display_name.py
[2024-09-28T08:05:43.133+0000] {processor.py:925} INFO - DAG(s) 'example_display_name' retrieved from /home/airflow/.local/lib/python3.12/site-packages/airflow/example_dags/example_display_name.py
[2024-09-28T08:05:43.144+0000] {logging_mixin.py:190} INFO - [2024-09-28T08:05:43.144+0000] {dag.py:3239} INFO - Sync 1 DAGs
[2024-09-28T08:05:43.152+0000] {logging_mixin.py:190} INFO - [2024-09-28T08:05:43.152+0000] {dag.py:4180} INFO - Setting next_dagrun for example_display_name to None, run_after=None
[2024-09-28T08:05:43.160+0000] {processor.py:208} INFO - Processing /home/airflow/.local/lib/python3.12/site-packages/airflow/example_dags/example_display_name.py took 0.037 seconds
[2024-09-28T08:06:13.755+0000] {processor.py:186} INFO - Started process (PID=10855) to work on /home/airflow/.local/lib/python3.12/site-packages/airflow/example_dags/example_display_name.py
[2024-09-28T08:06:13.756+0000] {processor.py:914} INFO - Processing file /home/airflow/.local/lib/python3.12/site-packages/airflow/example_dags/example_display_name.py for tasks to queue
[2024-09-28T08:06:13.759+0000] {logging_mixin.py:190} INFO - [2024-09-28T08:06:13.758+0000] {dagbag.py:588} INFO - Filling up the DagBag from /home/airflow/.local/lib/python3.12/site-packages/airflow/example_dags/example_display_name.py
[2024-09-28T08:06:13.763+0000] {processor.py:925} INFO - DAG(s) 'example_display_name' retrieved from /home/airflow/.local/lib/python3.12/site-packages/airflow/example_dags/example_display_name.py
[2024-09-28T08:06:13.773+0000] {logging_mixin.py:190} INFO - [2024-09-28T08:06:13.773+0000] {dag.py:3239} INFO - Sync 1 DAGs
[2024-09-28T08:06:13.781+0000] {logging_mixin.py:190} INFO - [2024-09-28T08:06:13.780+0000] {dag.py:4180} INFO - Setting next_dagrun for example_display_name to None, run_after=None
[2024-09-28T08:06:13.789+0000] {processor.py:208} INFO - Processing /home/airflow/.local/lib/python3.12/site-packages/airflow/example_dags/example_display_name.py took 0.037 seconds
[2024-09-28T08:06:44.842+0000] {processor.py:186} INFO - Started process (PID=11141) to work on /home/airflow/.local/lib/python3.12/site-packages/airflow/example_dags/example_display_name.py
[2024-09-28T08:06:44.844+0000] {processor.py:914} INFO - Processing file /home/airflow/.local/lib/python3.12/site-packages/airflow/example_dags/example_display_name.py for tasks to queue
[2024-09-28T08:06:44.846+0000] {logging_mixin.py:190} INFO - [2024-09-28T08:06:44.846+0000] {dagbag.py:588} INFO - Filling up the DagBag from /home/airflow/.local/lib/python3.12/site-packages/airflow/example_dags/example_display_name.py
[2024-09-28T08:06:44.856+0000] {processor.py:925} INFO - DAG(s) 'example_display_name' retrieved from /home/airflow/.local/lib/python3.12/site-packages/airflow/example_dags/example_display_name.py
[2024-09-28T08:06:44.880+0000] {logging_mixin.py:190} INFO - [2024-09-28T08:06:44.880+0000] {dag.py:3239} INFO - Sync 1 DAGs
[2024-09-28T08:06:44.907+0000] {logging_mixin.py:190} INFO - [2024-09-28T08:06:44.906+0000] {dag.py:4180} INFO - Setting next_dagrun for example_display_name to None, run_after=None
[2024-09-28T08:06:44.920+0000] {processor.py:208} INFO - Processing /home/airflow/.local/lib/python3.12/site-packages/airflow/example_dags/example_display_name.py took 0.084 seconds
[2024-09-28T08:07:15.729+0000] {processor.py:186} INFO - Started process (PID=11427) to work on /home/airflow/.local/lib/python3.12/site-packages/airflow/example_dags/example_display_name.py
[2024-09-28T08:07:15.730+0000] {processor.py:914} INFO - Processing file /home/airflow/.local/lib/python3.12/site-packages/airflow/example_dags/example_display_name.py for tasks to queue
[2024-09-28T08:07:15.731+0000] {logging_mixin.py:190} INFO - [2024-09-28T08:07:15.731+0000] {dagbag.py:588} INFO - Filling up the DagBag from /home/airflow/.local/lib/python3.12/site-packages/airflow/example_dags/example_display_name.py
[2024-09-28T08:07:15.738+0000] {processor.py:925} INFO - DAG(s) 'example_display_name' retrieved from /home/airflow/.local/lib/python3.12/site-packages/airflow/example_dags/example_display_name.py
[2024-09-28T08:07:15.749+0000] {logging_mixin.py:190} INFO - [2024-09-28T08:07:15.749+0000] {dag.py:3239} INFO - Sync 1 DAGs
[2024-09-28T08:07:15.756+0000] {logging_mixin.py:190} INFO - [2024-09-28T08:07:15.756+0000] {dag.py:4180} INFO - Setting next_dagrun for example_display_name to None, run_after=None
[2024-09-28T08:07:15.764+0000] {processor.py:208} INFO - Processing /home/airflow/.local/lib/python3.12/site-packages/airflow/example_dags/example_display_name.py took 0.038 seconds
[2024-09-28T08:07:46.355+0000] {processor.py:186} INFO - Started process (PID=11713) to work on /home/airflow/.local/lib/python3.12/site-packages/airflow/example_dags/example_display_name.py
[2024-09-28T08:07:46.356+0000] {processor.py:914} INFO - Processing file /home/airflow/.local/lib/python3.12/site-packages/airflow/example_dags/example_display_name.py for tasks to queue
[2024-09-28T08:07:46.357+0000] {logging_mixin.py:190} INFO - [2024-09-28T08:07:46.357+0000] {dagbag.py:588} INFO - Filling up the DagBag from /home/airflow/.local/lib/python3.12/site-packages/airflow/example_dags/example_display_name.py
[2024-09-28T08:07:46.361+0000] {processor.py:925} INFO - DAG(s) 'example_display_name' retrieved from /home/airflow/.local/lib/python3.12/site-packages/airflow/example_dags/example_display_name.py
[2024-09-28T08:07:46.371+0000] {logging_mixin.py:190} INFO - [2024-09-28T08:07:46.371+0000] {dag.py:3239} INFO - Sync 1 DAGs
[2024-09-28T08:07:46.378+0000] {logging_mixin.py:190} INFO - [2024-09-28T08:07:46.378+0000] {dag.py:4180} INFO - Setting next_dagrun for example_display_name to None, run_after=None
[2024-09-28T08:07:46.389+0000] {processor.py:208} INFO - Processing /home/airflow/.local/lib/python3.12/site-packages/airflow/example_dags/example_display_name.py took 0.037 seconds
