[2024-09-28T07:47:26.050+0000] {processor.py:186} INFO - Started process (PID=204) to work on /home/airflow/.local/lib/python3.12/site-packages/airflow/example_dags/example_dag_decorator.py
[2024-09-28T07:47:26.051+0000] {processor.py:914} INFO - Processing file /home/airflow/.local/lib/python3.12/site-packages/airflow/example_dags/example_dag_decorator.py for tasks to queue
[2024-09-28T07:47:26.053+0000] {logging_mixin.py:190} INFO - [2024-09-28T07:47:26.052+0000] {dagbag.py:588} INFO - Filling up the DagBag from /home/airflow/.local/lib/python3.12/site-packages/airflow/example_dags/example_dag_decorator.py
[2024-09-28T07:47:26.065+0000] {processor.py:925} INFO - DAG(s) 'example_dag_decorator' retrieved from /home/airflow/.local/lib/python3.12/site-packages/airflow/example_dags/example_dag_decorator.py
[2024-09-28T07:47:26.119+0000] {logging_mixin.py:190} INFO - [2024-09-28T07:47:26.118+0000] {override.py:1900} INFO - Created Permission View: can delete on DAG:example_dag_decorator
[2024-09-28T07:47:26.124+0000] {logging_mixin.py:190} INFO - [2024-09-28T07:47:26.123+0000] {override.py:1900} INFO - Created Permission View: can edit on DAG:example_dag_decorator
[2024-09-28T07:47:26.126+0000] {logging_mixin.py:190} INFO - [2024-09-28T07:47:26.126+0000] {override.py:1900} INFO - Created Permission View: can read on DAG:example_dag_decorator
[2024-09-28T07:47:26.128+0000] {logging_mixin.py:190} INFO - [2024-09-28T07:47:26.128+0000] {override.py:1900} INFO - Created Permission View: menu access on DAG Run:example_dag_decorator
[2024-09-28T07:47:26.130+0000] {logging_mixin.py:190} INFO - [2024-09-28T07:47:26.130+0000] {override.py:1900} INFO - Created Permission View: can delete on DAG Run:example_dag_decorator
[2024-09-28T07:47:26.133+0000] {logging_mixin.py:190} INFO - [2024-09-28T07:47:26.133+0000] {override.py:1900} INFO - Created Permission View: can create on DAG Run:example_dag_decorator
[2024-09-28T07:47:26.135+0000] {logging_mixin.py:190} INFO - [2024-09-28T07:47:26.135+0000] {override.py:1900} INFO - Created Permission View: can read on DAG Run:example_dag_decorator
[2024-09-28T07:47:26.135+0000] {logging_mixin.py:190} INFO - [2024-09-28T07:47:26.135+0000] {dag.py:3239} INFO - Sync 1 DAGs
[2024-09-28T07:47:26.142+0000] {logging_mixin.py:190} INFO - [2024-09-28T07:47:26.142+0000] {dag.py:3262} INFO - Creating ORM DAG for example_dag_decorator
[2024-09-28T07:47:26.143+0000] {logging_mixin.py:190} INFO - [2024-09-28T07:47:26.142+0000] {dag.py:4180} INFO - Setting next_dagrun for example_dag_decorator to None, run_after=None
[2024-09-28T07:47:26.150+0000] {processor.py:208} INFO - Processing /home/airflow/.local/lib/python3.12/site-packages/airflow/example_dags/example_dag_decorator.py took 0.103 seconds
[2024-09-28T07:47:56.918+0000] {processor.py:186} INFO - Started process (PID=489) to work on /home/airflow/.local/lib/python3.12/site-packages/airflow/example_dags/example_dag_decorator.py
[2024-09-28T07:47:56.918+0000] {processor.py:914} INFO - Processing file /home/airflow/.local/lib/python3.12/site-packages/airflow/example_dags/example_dag_decorator.py for tasks to queue
[2024-09-28T07:47:56.923+0000] {logging_mixin.py:190} INFO - [2024-09-28T07:47:56.922+0000] {dagbag.py:588} INFO - Filling up the DagBag from /home/airflow/.local/lib/python3.12/site-packages/airflow/example_dags/example_dag_decorator.py
[2024-09-28T07:47:56.932+0000] {processor.py:925} INFO - DAG(s) 'example_dag_decorator' retrieved from /home/airflow/.local/lib/python3.12/site-packages/airflow/example_dags/example_dag_decorator.py
[2024-09-28T07:47:57.002+0000] {logging_mixin.py:190} INFO - [2024-09-28T07:47:57.002+0000] {dag.py:3239} INFO - Sync 1 DAGs
[2024-09-28T07:47:57.012+0000] {logging_mixin.py:190} INFO - [2024-09-28T07:47:57.012+0000] {dag.py:4180} INFO - Setting next_dagrun for example_dag_decorator to None, run_after=None
[2024-09-28T07:47:57.023+0000] {processor.py:208} INFO - Processing /home/airflow/.local/lib/python3.12/site-packages/airflow/example_dags/example_dag_decorator.py took 0.110 seconds
[2024-09-28T07:48:27.348+0000] {processor.py:186} INFO - Started process (PID=777) to work on /home/airflow/.local/lib/python3.12/site-packages/airflow/example_dags/example_dag_decorator.py
[2024-09-28T07:48:27.349+0000] {processor.py:914} INFO - Processing file /home/airflow/.local/lib/python3.12/site-packages/airflow/example_dags/example_dag_decorator.py for tasks to queue
[2024-09-28T07:48:27.351+0000] {logging_mixin.py:190} INFO - [2024-09-28T07:48:27.351+0000] {dagbag.py:588} INFO - Filling up the DagBag from /home/airflow/.local/lib/python3.12/site-packages/airflow/example_dags/example_dag_decorator.py
[2024-09-28T07:48:27.359+0000] {processor.py:925} INFO - DAG(s) 'example_dag_decorator' retrieved from /home/airflow/.local/lib/python3.12/site-packages/airflow/example_dags/example_dag_decorator.py
[2024-09-28T07:48:27.418+0000] {logging_mixin.py:190} INFO - [2024-09-28T07:48:27.418+0000] {dag.py:3239} INFO - Sync 1 DAGs
[2024-09-28T07:48:27.423+0000] {logging_mixin.py:190} INFO - [2024-09-28T07:48:27.423+0000] {dag.py:4180} INFO - Setting next_dagrun for example_dag_decorator to None, run_after=None
[2024-09-28T07:48:27.431+0000] {processor.py:208} INFO - Processing /home/airflow/.local/lib/python3.12/site-packages/airflow/example_dags/example_dag_decorator.py took 0.086 seconds
[2024-09-28T07:48:57.670+0000] {processor.py:186} INFO - Started process (PID=1062) to work on /home/airflow/.local/lib/python3.12/site-packages/airflow/example_dags/example_dag_decorator.py
[2024-09-28T07:48:57.670+0000] {processor.py:914} INFO - Processing file /home/airflow/.local/lib/python3.12/site-packages/airflow/example_dags/example_dag_decorator.py for tasks to queue
[2024-09-28T07:48:57.672+0000] {logging_mixin.py:190} INFO - [2024-09-28T07:48:57.671+0000] {dagbag.py:588} INFO - Filling up the DagBag from /home/airflow/.local/lib/python3.12/site-packages/airflow/example_dags/example_dag_decorator.py
[2024-09-28T07:48:57.678+0000] {processor.py:925} INFO - DAG(s) 'example_dag_decorator' retrieved from /home/airflow/.local/lib/python3.12/site-packages/airflow/example_dags/example_dag_decorator.py
[2024-09-28T07:48:57.737+0000] {logging_mixin.py:190} INFO - [2024-09-28T07:48:57.737+0000] {dag.py:3239} INFO - Sync 1 DAGs
[2024-09-28T07:48:57.742+0000] {logging_mixin.py:190} INFO - [2024-09-28T07:48:57.742+0000] {dag.py:4180} INFO - Setting next_dagrun for example_dag_decorator to None, run_after=None
[2024-09-28T07:48:57.752+0000] {processor.py:208} INFO - Processing /home/airflow/.local/lib/python3.12/site-packages/airflow/example_dags/example_dag_decorator.py took 0.085 seconds
[2024-09-28T07:49:28.838+0000] {processor.py:186} INFO - Started process (PID=1376) to work on /home/airflow/.local/lib/python3.12/site-packages/airflow/example_dags/example_dag_decorator.py
[2024-09-28T07:49:28.840+0000] {processor.py:914} INFO - Processing file /home/airflow/.local/lib/python3.12/site-packages/airflow/example_dags/example_dag_decorator.py for tasks to queue
[2024-09-28T07:49:28.842+0000] {logging_mixin.py:190} INFO - [2024-09-28T07:49:28.842+0000] {dagbag.py:588} INFO - Filling up the DagBag from /home/airflow/.local/lib/python3.12/site-packages/airflow/example_dags/example_dag_decorator.py
[2024-09-28T07:49:28.849+0000] {processor.py:925} INFO - DAG(s) 'example_dag_decorator' retrieved from /home/airflow/.local/lib/python3.12/site-packages/airflow/example_dags/example_dag_decorator.py
[2024-09-28T07:49:28.917+0000] {logging_mixin.py:190} INFO - [2024-09-28T07:49:28.917+0000] {dag.py:3239} INFO - Sync 1 DAGs
[2024-09-28T07:49:28.923+0000] {logging_mixin.py:190} INFO - [2024-09-28T07:49:28.923+0000] {dag.py:4180} INFO - Setting next_dagrun for example_dag_decorator to None, run_after=None
[2024-09-28T07:49:28.932+0000] {processor.py:208} INFO - Processing /home/airflow/.local/lib/python3.12/site-packages/airflow/example_dags/example_dag_decorator.py took 0.098 seconds
[2024-09-28T07:49:59.033+0000] {processor.py:186} INFO - Started process (PID=1667) to work on /home/airflow/.local/lib/python3.12/site-packages/airflow/example_dags/example_dag_decorator.py
[2024-09-28T07:49:59.034+0000] {processor.py:914} INFO - Processing file /home/airflow/.local/lib/python3.12/site-packages/airflow/example_dags/example_dag_decorator.py for tasks to queue
[2024-09-28T07:49:59.037+0000] {logging_mixin.py:190} INFO - [2024-09-28T07:49:59.036+0000] {dagbag.py:588} INFO - Filling up the DagBag from /home/airflow/.local/lib/python3.12/site-packages/airflow/example_dags/example_dag_decorator.py
[2024-09-28T07:49:59.043+0000] {processor.py:925} INFO - DAG(s) 'example_dag_decorator' retrieved from /home/airflow/.local/lib/python3.12/site-packages/airflow/example_dags/example_dag_decorator.py
[2024-09-28T07:49:59.109+0000] {logging_mixin.py:190} INFO - [2024-09-28T07:49:59.109+0000] {dag.py:3239} INFO - Sync 1 DAGs
[2024-09-28T07:49:59.119+0000] {logging_mixin.py:190} INFO - [2024-09-28T07:49:59.119+0000] {dag.py:4180} INFO - Setting next_dagrun for example_dag_decorator to None, run_after=None
[2024-09-28T07:49:59.130+0000] {processor.py:208} INFO - Processing /home/airflow/.local/lib/python3.12/site-packages/airflow/example_dags/example_dag_decorator.py took 0.100 seconds
[2024-09-28T07:50:29.224+0000] {processor.py:186} INFO - Started process (PID=1946) to work on /home/airflow/.local/lib/python3.12/site-packages/airflow/example_dags/example_dag_decorator.py
[2024-09-28T07:50:29.225+0000] {processor.py:914} INFO - Processing file /home/airflow/.local/lib/python3.12/site-packages/airflow/example_dags/example_dag_decorator.py for tasks to queue
[2024-09-28T07:50:29.226+0000] {logging_mixin.py:190} INFO - [2024-09-28T07:50:29.226+0000] {dagbag.py:588} INFO - Filling up the DagBag from /home/airflow/.local/lib/python3.12/site-packages/airflow/example_dags/example_dag_decorator.py
[2024-09-28T07:50:29.233+0000] {processor.py:925} INFO - DAG(s) 'example_dag_decorator' retrieved from /home/airflow/.local/lib/python3.12/site-packages/airflow/example_dags/example_dag_decorator.py
[2024-09-28T07:50:29.294+0000] {logging_mixin.py:190} INFO - [2024-09-28T07:50:29.294+0000] {dag.py:3239} INFO - Sync 1 DAGs
[2024-09-28T07:50:29.304+0000] {logging_mixin.py:190} INFO - [2024-09-28T07:50:29.304+0000] {dag.py:4180} INFO - Setting next_dagrun for example_dag_decorator to None, run_after=None
[2024-09-28T07:50:29.314+0000] {processor.py:208} INFO - Processing /home/airflow/.local/lib/python3.12/site-packages/airflow/example_dags/example_dag_decorator.py took 0.093 seconds
[2024-09-28T07:50:59.597+0000] {processor.py:186} INFO - Started process (PID=2234) to work on /home/airflow/.local/lib/python3.12/site-packages/airflow/example_dags/example_dag_decorator.py
[2024-09-28T07:50:59.598+0000] {processor.py:914} INFO - Processing file /home/airflow/.local/lib/python3.12/site-packages/airflow/example_dags/example_dag_decorator.py for tasks to queue
[2024-09-28T07:50:59.599+0000] {logging_mixin.py:190} INFO - [2024-09-28T07:50:59.599+0000] {dagbag.py:588} INFO - Filling up the DagBag from /home/airflow/.local/lib/python3.12/site-packages/airflow/example_dags/example_dag_decorator.py
[2024-09-28T07:50:59.606+0000] {processor.py:925} INFO - DAG(s) 'example_dag_decorator' retrieved from /home/airflow/.local/lib/python3.12/site-packages/airflow/example_dags/example_dag_decorator.py
[2024-09-28T07:50:59.662+0000] {logging_mixin.py:190} INFO - [2024-09-28T07:50:59.662+0000] {dag.py:3239} INFO - Sync 1 DAGs
[2024-09-28T07:50:59.668+0000] {logging_mixin.py:190} INFO - [2024-09-28T07:50:59.668+0000] {dag.py:4180} INFO - Setting next_dagrun for example_dag_decorator to None, run_after=None
[2024-09-28T07:50:59.679+0000] {processor.py:208} INFO - Processing /home/airflow/.local/lib/python3.12/site-packages/airflow/example_dags/example_dag_decorator.py took 0.085 seconds
[2024-09-28T07:51:29.940+0000] {processor.py:186} INFO - Started process (PID=2524) to work on /home/airflow/.local/lib/python3.12/site-packages/airflow/example_dags/example_dag_decorator.py
[2024-09-28T07:51:29.943+0000] {processor.py:914} INFO - Processing file /home/airflow/.local/lib/python3.12/site-packages/airflow/example_dags/example_dag_decorator.py for tasks to queue
[2024-09-28T07:51:29.944+0000] {logging_mixin.py:190} INFO - [2024-09-28T07:51:29.944+0000] {dagbag.py:588} INFO - Filling up the DagBag from /home/airflow/.local/lib/python3.12/site-packages/airflow/example_dags/example_dag_decorator.py
[2024-09-28T07:51:29.950+0000] {processor.py:925} INFO - DAG(s) 'example_dag_decorator' retrieved from /home/airflow/.local/lib/python3.12/site-packages/airflow/example_dags/example_dag_decorator.py
[2024-09-28T07:51:30.008+0000] {logging_mixin.py:190} INFO - [2024-09-28T07:51:30.008+0000] {dag.py:3239} INFO - Sync 1 DAGs
[2024-09-28T07:51:30.014+0000] {logging_mixin.py:190} INFO - [2024-09-28T07:51:30.013+0000] {dag.py:4180} INFO - Setting next_dagrun for example_dag_decorator to None, run_after=None
[2024-09-28T07:51:30.022+0000] {processor.py:208} INFO - Processing /home/airflow/.local/lib/python3.12/site-packages/airflow/example_dags/example_dag_decorator.py took 0.085 seconds
[2024-09-28T07:52:00.087+0000] {processor.py:186} INFO - Started process (PID=2813) to work on /home/airflow/.local/lib/python3.12/site-packages/airflow/example_dags/example_dag_decorator.py
[2024-09-28T07:52:00.090+0000] {processor.py:914} INFO - Processing file /home/airflow/.local/lib/python3.12/site-packages/airflow/example_dags/example_dag_decorator.py for tasks to queue
[2024-09-28T07:52:00.091+0000] {logging_mixin.py:190} INFO - [2024-09-28T07:52:00.091+0000] {dagbag.py:588} INFO - Filling up the DagBag from /home/airflow/.local/lib/python3.12/site-packages/airflow/example_dags/example_dag_decorator.py
[2024-09-28T07:52:00.097+0000] {processor.py:925} INFO - DAG(s) 'example_dag_decorator' retrieved from /home/airflow/.local/lib/python3.12/site-packages/airflow/example_dags/example_dag_decorator.py
[2024-09-28T07:52:00.154+0000] {logging_mixin.py:190} INFO - [2024-09-28T07:52:00.154+0000] {dag.py:3239} INFO - Sync 1 DAGs
[2024-09-28T07:52:00.161+0000] {logging_mixin.py:190} INFO - [2024-09-28T07:52:00.161+0000] {dag.py:4180} INFO - Setting next_dagrun for example_dag_decorator to None, run_after=None
[2024-09-28T07:52:00.169+0000] {processor.py:208} INFO - Processing /home/airflow/.local/lib/python3.12/site-packages/airflow/example_dags/example_dag_decorator.py took 0.085 seconds
[2024-09-28T07:52:31.207+0000] {processor.py:186} INFO - Started process (PID=3096) to work on /home/airflow/.local/lib/python3.12/site-packages/airflow/example_dags/example_dag_decorator.py
[2024-09-28T07:52:31.208+0000] {processor.py:914} INFO - Processing file /home/airflow/.local/lib/python3.12/site-packages/airflow/example_dags/example_dag_decorator.py for tasks to queue
[2024-09-28T07:52:31.209+0000] {logging_mixin.py:190} INFO - [2024-09-28T07:52:31.209+0000] {dagbag.py:588} INFO - Filling up the DagBag from /home/airflow/.local/lib/python3.12/site-packages/airflow/example_dags/example_dag_decorator.py
[2024-09-28T07:52:31.215+0000] {processor.py:925} INFO - DAG(s) 'example_dag_decorator' retrieved from /home/airflow/.local/lib/python3.12/site-packages/airflow/example_dags/example_dag_decorator.py
[2024-09-28T07:52:31.270+0000] {logging_mixin.py:190} INFO - [2024-09-28T07:52:31.270+0000] {dag.py:3239} INFO - Sync 1 DAGs
[2024-09-28T07:52:31.276+0000] {logging_mixin.py:190} INFO - [2024-09-28T07:52:31.276+0000] {dag.py:4180} INFO - Setting next_dagrun for example_dag_decorator to None, run_after=None
[2024-09-28T07:52:31.284+0000] {processor.py:208} INFO - Processing /home/airflow/.local/lib/python3.12/site-packages/airflow/example_dags/example_dag_decorator.py took 0.082 seconds
[2024-09-28T07:53:01.541+0000] {processor.py:186} INFO - Started process (PID=3382) to work on /home/airflow/.local/lib/python3.12/site-packages/airflow/example_dags/example_dag_decorator.py
[2024-09-28T07:53:01.543+0000] {processor.py:914} INFO - Processing file /home/airflow/.local/lib/python3.12/site-packages/airflow/example_dags/example_dag_decorator.py for tasks to queue
[2024-09-28T07:53:01.544+0000] {logging_mixin.py:190} INFO - [2024-09-28T07:53:01.544+0000] {dagbag.py:588} INFO - Filling up the DagBag from /home/airflow/.local/lib/python3.12/site-packages/airflow/example_dags/example_dag_decorator.py
[2024-09-28T07:53:01.552+0000] {processor.py:925} INFO - DAG(s) 'example_dag_decorator' retrieved from /home/airflow/.local/lib/python3.12/site-packages/airflow/example_dags/example_dag_decorator.py
[2024-09-28T07:53:01.566+0000] {logging_mixin.py:190} INFO - [2024-09-28T07:53:01.566+0000] {dag.py:3239} INFO - Sync 1 DAGs
[2024-09-28T07:53:01.572+0000] {logging_mixin.py:190} INFO - [2024-09-28T07:53:01.572+0000] {dag.py:4180} INFO - Setting next_dagrun for example_dag_decorator to None, run_after=None
[2024-09-28T07:53:01.586+0000] {processor.py:208} INFO - Processing /home/airflow/.local/lib/python3.12/site-packages/airflow/example_dags/example_dag_decorator.py took 0.048 seconds
[2024-09-28T07:53:31.822+0000] {processor.py:186} INFO - Started process (PID=3668) to work on /home/airflow/.local/lib/python3.12/site-packages/airflow/example_dags/example_dag_decorator.py
[2024-09-28T07:53:31.822+0000] {processor.py:914} INFO - Processing file /home/airflow/.local/lib/python3.12/site-packages/airflow/example_dags/example_dag_decorator.py for tasks to queue
[2024-09-28T07:53:31.824+0000] {logging_mixin.py:190} INFO - [2024-09-28T07:53:31.823+0000] {dagbag.py:588} INFO - Filling up the DagBag from /home/airflow/.local/lib/python3.12/site-packages/airflow/example_dags/example_dag_decorator.py
[2024-09-28T07:53:31.830+0000] {processor.py:925} INFO - DAG(s) 'example_dag_decorator' retrieved from /home/airflow/.local/lib/python3.12/site-packages/airflow/example_dags/example_dag_decorator.py
[2024-09-28T07:53:31.884+0000] {logging_mixin.py:190} INFO - [2024-09-28T07:53:31.884+0000] {dag.py:3239} INFO - Sync 1 DAGs
[2024-09-28T07:53:31.890+0000] {logging_mixin.py:190} INFO - [2024-09-28T07:53:31.890+0000] {dag.py:4180} INFO - Setting next_dagrun for example_dag_decorator to None, run_after=None
[2024-09-28T07:53:31.899+0000] {processor.py:208} INFO - Processing /home/airflow/.local/lib/python3.12/site-packages/airflow/example_dags/example_dag_decorator.py took 0.080 seconds
[2024-09-28T07:54:02.044+0000] {processor.py:186} INFO - Started process (PID=3954) to work on /home/airflow/.local/lib/python3.12/site-packages/airflow/example_dags/example_dag_decorator.py
[2024-09-28T07:54:02.045+0000] {processor.py:914} INFO - Processing file /home/airflow/.local/lib/python3.12/site-packages/airflow/example_dags/example_dag_decorator.py for tasks to queue
[2024-09-28T07:54:02.046+0000] {logging_mixin.py:190} INFO - [2024-09-28T07:54:02.046+0000] {dagbag.py:588} INFO - Filling up the DagBag from /home/airflow/.local/lib/python3.12/site-packages/airflow/example_dags/example_dag_decorator.py
[2024-09-28T07:54:02.052+0000] {processor.py:925} INFO - DAG(s) 'example_dag_decorator' retrieved from /home/airflow/.local/lib/python3.12/site-packages/airflow/example_dags/example_dag_decorator.py
[2024-09-28T07:54:02.106+0000] {logging_mixin.py:190} INFO - [2024-09-28T07:54:02.105+0000] {dag.py:3239} INFO - Sync 1 DAGs
[2024-09-28T07:54:02.111+0000] {logging_mixin.py:190} INFO - [2024-09-28T07:54:02.111+0000] {dag.py:4180} INFO - Setting next_dagrun for example_dag_decorator to None, run_after=None
[2024-09-28T07:54:02.119+0000] {processor.py:208} INFO - Processing /home/airflow/.local/lib/python3.12/site-packages/airflow/example_dags/example_dag_decorator.py took 0.078 seconds
[2024-09-28T07:54:32.333+0000] {processor.py:186} INFO - Started process (PID=4240) to work on /home/airflow/.local/lib/python3.12/site-packages/airflow/example_dags/example_dag_decorator.py
[2024-09-28T07:54:32.334+0000] {processor.py:914} INFO - Processing file /home/airflow/.local/lib/python3.12/site-packages/airflow/example_dags/example_dag_decorator.py for tasks to queue
[2024-09-28T07:54:32.335+0000] {logging_mixin.py:190} INFO - [2024-09-28T07:54:32.335+0000] {dagbag.py:588} INFO - Filling up the DagBag from /home/airflow/.local/lib/python3.12/site-packages/airflow/example_dags/example_dag_decorator.py
[2024-09-28T07:54:32.342+0000] {processor.py:925} INFO - DAG(s) 'example_dag_decorator' retrieved from /home/airflow/.local/lib/python3.12/site-packages/airflow/example_dags/example_dag_decorator.py
[2024-09-28T07:54:32.416+0000] {logging_mixin.py:190} INFO - [2024-09-28T07:54:32.416+0000] {dag.py:3239} INFO - Sync 1 DAGs
[2024-09-28T07:54:32.425+0000] {logging_mixin.py:190} INFO - [2024-09-28T07:54:32.425+0000] {dag.py:4180} INFO - Setting next_dagrun for example_dag_decorator to None, run_after=None
[2024-09-28T07:54:32.438+0000] {processor.py:208} INFO - Processing /home/airflow/.local/lib/python3.12/site-packages/airflow/example_dags/example_dag_decorator.py took 0.108 seconds
[2024-09-28T07:55:02.941+0000] {processor.py:186} INFO - Started process (PID=4526) to work on /home/airflow/.local/lib/python3.12/site-packages/airflow/example_dags/example_dag_decorator.py
[2024-09-28T07:55:02.942+0000] {processor.py:914} INFO - Processing file /home/airflow/.local/lib/python3.12/site-packages/airflow/example_dags/example_dag_decorator.py for tasks to queue
[2024-09-28T07:55:02.943+0000] {logging_mixin.py:190} INFO - [2024-09-28T07:55:02.943+0000] {dagbag.py:588} INFO - Filling up the DagBag from /home/airflow/.local/lib/python3.12/site-packages/airflow/example_dags/example_dag_decorator.py
[2024-09-28T07:55:02.950+0000] {processor.py:925} INFO - DAG(s) 'example_dag_decorator' retrieved from /home/airflow/.local/lib/python3.12/site-packages/airflow/example_dags/example_dag_decorator.py
[2024-09-28T07:55:03.012+0000] {logging_mixin.py:190} INFO - [2024-09-28T07:55:03.011+0000] {dag.py:3239} INFO - Sync 1 DAGs
[2024-09-28T07:55:03.018+0000] {logging_mixin.py:190} INFO - [2024-09-28T07:55:03.018+0000] {dag.py:4180} INFO - Setting next_dagrun for example_dag_decorator to None, run_after=None
[2024-09-28T07:55:03.031+0000] {processor.py:208} INFO - Processing /home/airflow/.local/lib/python3.12/site-packages/airflow/example_dags/example_dag_decorator.py took 0.093 seconds
[2024-09-28T07:55:33.231+0000] {processor.py:186} INFO - Started process (PID=4812) to work on /home/airflow/.local/lib/python3.12/site-packages/airflow/example_dags/example_dag_decorator.py
[2024-09-28T07:55:33.232+0000] {processor.py:914} INFO - Processing file /home/airflow/.local/lib/python3.12/site-packages/airflow/example_dags/example_dag_decorator.py for tasks to queue
[2024-09-28T07:55:33.233+0000] {logging_mixin.py:190} INFO - [2024-09-28T07:55:33.233+0000] {dagbag.py:588} INFO - Filling up the DagBag from /home/airflow/.local/lib/python3.12/site-packages/airflow/example_dags/example_dag_decorator.py
[2024-09-28T07:55:33.240+0000] {processor.py:925} INFO - DAG(s) 'example_dag_decorator' retrieved from /home/airflow/.local/lib/python3.12/site-packages/airflow/example_dags/example_dag_decorator.py
[2024-09-28T07:55:33.301+0000] {logging_mixin.py:190} INFO - [2024-09-28T07:55:33.301+0000] {dag.py:3239} INFO - Sync 1 DAGs
[2024-09-28T07:55:33.307+0000] {logging_mixin.py:190} INFO - [2024-09-28T07:55:33.307+0000] {dag.py:4180} INFO - Setting next_dagrun for example_dag_decorator to None, run_after=None
[2024-09-28T07:55:33.317+0000] {processor.py:208} INFO - Processing /home/airflow/.local/lib/python3.12/site-packages/airflow/example_dags/example_dag_decorator.py took 0.089 seconds
[2024-09-28T07:56:03.642+0000] {processor.py:186} INFO - Started process (PID=5096) to work on /home/airflow/.local/lib/python3.12/site-packages/airflow/example_dags/example_dag_decorator.py
[2024-09-28T07:56:03.643+0000] {processor.py:914} INFO - Processing file /home/airflow/.local/lib/python3.12/site-packages/airflow/example_dags/example_dag_decorator.py for tasks to queue
[2024-09-28T07:56:03.645+0000] {logging_mixin.py:190} INFO - [2024-09-28T07:56:03.645+0000] {dagbag.py:588} INFO - Filling up the DagBag from /home/airflow/.local/lib/python3.12/site-packages/airflow/example_dags/example_dag_decorator.py
[2024-09-28T07:56:03.653+0000] {processor.py:925} INFO - DAG(s) 'example_dag_decorator' retrieved from /home/airflow/.local/lib/python3.12/site-packages/airflow/example_dags/example_dag_decorator.py
[2024-09-28T07:56:03.712+0000] {logging_mixin.py:190} INFO - [2024-09-28T07:56:03.712+0000] {dag.py:3239} INFO - Sync 1 DAGs
[2024-09-28T07:56:03.718+0000] {logging_mixin.py:190} INFO - [2024-09-28T07:56:03.718+0000] {dag.py:4180} INFO - Setting next_dagrun for example_dag_decorator to None, run_after=None
[2024-09-28T07:56:03.728+0000] {processor.py:208} INFO - Processing /home/airflow/.local/lib/python3.12/site-packages/airflow/example_dags/example_dag_decorator.py took 0.089 seconds
[2024-09-28T07:56:34.019+0000] {processor.py:186} INFO - Started process (PID=5382) to work on /home/airflow/.local/lib/python3.12/site-packages/airflow/example_dags/example_dag_decorator.py
[2024-09-28T07:56:34.023+0000] {processor.py:914} INFO - Processing file /home/airflow/.local/lib/python3.12/site-packages/airflow/example_dags/example_dag_decorator.py for tasks to queue
[2024-09-28T07:56:34.025+0000] {logging_mixin.py:190} INFO - [2024-09-28T07:56:34.025+0000] {dagbag.py:588} INFO - Filling up the DagBag from /home/airflow/.local/lib/python3.12/site-packages/airflow/example_dags/example_dag_decorator.py
[2024-09-28T07:56:34.031+0000] {processor.py:925} INFO - DAG(s) 'example_dag_decorator' retrieved from /home/airflow/.local/lib/python3.12/site-packages/airflow/example_dags/example_dag_decorator.py
[2024-09-28T07:56:34.097+0000] {logging_mixin.py:190} INFO - [2024-09-28T07:56:34.097+0000] {dag.py:3239} INFO - Sync 1 DAGs
[2024-09-28T07:56:34.105+0000] {logging_mixin.py:190} INFO - [2024-09-28T07:56:34.104+0000] {dag.py:4180} INFO - Setting next_dagrun for example_dag_decorator to None, run_after=None
[2024-09-28T07:56:34.115+0000] {processor.py:208} INFO - Processing /home/airflow/.local/lib/python3.12/site-packages/airflow/example_dags/example_dag_decorator.py took 0.100 seconds
[2024-09-28T07:57:04.331+0000] {processor.py:186} INFO - Started process (PID=5668) to work on /home/airflow/.local/lib/python3.12/site-packages/airflow/example_dags/example_dag_decorator.py
[2024-09-28T07:57:04.334+0000] {processor.py:914} INFO - Processing file /home/airflow/.local/lib/python3.12/site-packages/airflow/example_dags/example_dag_decorator.py for tasks to queue
[2024-09-28T07:57:04.335+0000] {logging_mixin.py:190} INFO - [2024-09-28T07:57:04.335+0000] {dagbag.py:588} INFO - Filling up the DagBag from /home/airflow/.local/lib/python3.12/site-packages/airflow/example_dags/example_dag_decorator.py
[2024-09-28T07:57:04.342+0000] {processor.py:925} INFO - DAG(s) 'example_dag_decorator' retrieved from /home/airflow/.local/lib/python3.12/site-packages/airflow/example_dags/example_dag_decorator.py
[2024-09-28T07:57:04.407+0000] {logging_mixin.py:190} INFO - [2024-09-28T07:57:04.407+0000] {dag.py:3239} INFO - Sync 1 DAGs
[2024-09-28T07:57:04.413+0000] {logging_mixin.py:190} INFO - [2024-09-28T07:57:04.413+0000] {dag.py:4180} INFO - Setting next_dagrun for example_dag_decorator to None, run_after=None
[2024-09-28T07:57:04.423+0000] {processor.py:208} INFO - Processing /home/airflow/.local/lib/python3.12/site-packages/airflow/example_dags/example_dag_decorator.py took 0.095 seconds
[2024-09-28T07:57:34.684+0000] {processor.py:186} INFO - Started process (PID=5954) to work on /home/airflow/.local/lib/python3.12/site-packages/airflow/example_dags/example_dag_decorator.py
[2024-09-28T07:57:34.687+0000] {processor.py:914} INFO - Processing file /home/airflow/.local/lib/python3.12/site-packages/airflow/example_dags/example_dag_decorator.py for tasks to queue
[2024-09-28T07:57:34.690+0000] {logging_mixin.py:190} INFO - [2024-09-28T07:57:34.690+0000] {dagbag.py:588} INFO - Filling up the DagBag from /home/airflow/.local/lib/python3.12/site-packages/airflow/example_dags/example_dag_decorator.py
[2024-09-28T07:57:34.696+0000] {processor.py:925} INFO - DAG(s) 'example_dag_decorator' retrieved from /home/airflow/.local/lib/python3.12/site-packages/airflow/example_dags/example_dag_decorator.py
[2024-09-28T07:57:34.759+0000] {logging_mixin.py:190} INFO - [2024-09-28T07:57:34.759+0000] {dag.py:3239} INFO - Sync 1 DAGs
[2024-09-28T07:57:34.767+0000] {logging_mixin.py:190} INFO - [2024-09-28T07:57:34.767+0000] {dag.py:4180} INFO - Setting next_dagrun for example_dag_decorator to None, run_after=None
[2024-09-28T07:57:34.780+0000] {processor.py:208} INFO - Processing /home/airflow/.local/lib/python3.12/site-packages/airflow/example_dags/example_dag_decorator.py took 0.099 seconds
[2024-09-28T07:58:04.911+0000] {processor.py:186} INFO - Started process (PID=6239) to work on /home/airflow/.local/lib/python3.12/site-packages/airflow/example_dags/example_dag_decorator.py
[2024-09-28T07:58:04.914+0000] {processor.py:914} INFO - Processing file /home/airflow/.local/lib/python3.12/site-packages/airflow/example_dags/example_dag_decorator.py for tasks to queue
[2024-09-28T07:58:04.915+0000] {logging_mixin.py:190} INFO - [2024-09-28T07:58:04.915+0000] {dagbag.py:588} INFO - Filling up the DagBag from /home/airflow/.local/lib/python3.12/site-packages/airflow/example_dags/example_dag_decorator.py
[2024-09-28T07:58:04.923+0000] {processor.py:925} INFO - DAG(s) 'example_dag_decorator' retrieved from /home/airflow/.local/lib/python3.12/site-packages/airflow/example_dags/example_dag_decorator.py
[2024-09-28T07:58:04.988+0000] {logging_mixin.py:190} INFO - [2024-09-28T07:58:04.987+0000] {dag.py:3239} INFO - Sync 1 DAGs
[2024-09-28T07:58:04.996+0000] {logging_mixin.py:190} INFO - [2024-09-28T07:58:04.996+0000] {dag.py:4180} INFO - Setting next_dagrun for example_dag_decorator to None, run_after=None
[2024-09-28T07:58:05.007+0000] {processor.py:208} INFO - Processing /home/airflow/.local/lib/python3.12/site-packages/airflow/example_dags/example_dag_decorator.py took 0.100 seconds
[2024-09-28T07:58:35.314+0000] {processor.py:186} INFO - Started process (PID=6527) to work on /home/airflow/.local/lib/python3.12/site-packages/airflow/example_dags/example_dag_decorator.py
[2024-09-28T07:58:35.315+0000] {processor.py:914} INFO - Processing file /home/airflow/.local/lib/python3.12/site-packages/airflow/example_dags/example_dag_decorator.py for tasks to queue
[2024-09-28T07:58:35.316+0000] {logging_mixin.py:190} INFO - [2024-09-28T07:58:35.316+0000] {dagbag.py:588} INFO - Filling up the DagBag from /home/airflow/.local/lib/python3.12/site-packages/airflow/example_dags/example_dag_decorator.py
[2024-09-28T07:58:35.328+0000] {processor.py:925} INFO - DAG(s) 'example_dag_decorator' retrieved from /home/airflow/.local/lib/python3.12/site-packages/airflow/example_dags/example_dag_decorator.py
[2024-09-28T07:58:35.391+0000] {logging_mixin.py:190} INFO - [2024-09-28T07:58:35.390+0000] {dag.py:3239} INFO - Sync 1 DAGs
[2024-09-28T07:58:35.397+0000] {logging_mixin.py:190} INFO - [2024-09-28T07:58:35.397+0000] {dag.py:4180} INFO - Setting next_dagrun for example_dag_decorator to None, run_after=None
[2024-09-28T07:58:35.407+0000] {processor.py:208} INFO - Processing /home/airflow/.local/lib/python3.12/site-packages/airflow/example_dags/example_dag_decorator.py took 0.097 seconds
[2024-09-28T07:59:05.670+0000] {processor.py:186} INFO - Started process (PID=6813) to work on /home/airflow/.local/lib/python3.12/site-packages/airflow/example_dags/example_dag_decorator.py
[2024-09-28T07:59:05.671+0000] {processor.py:914} INFO - Processing file /home/airflow/.local/lib/python3.12/site-packages/airflow/example_dags/example_dag_decorator.py for tasks to queue
[2024-09-28T07:59:05.673+0000] {logging_mixin.py:190} INFO - [2024-09-28T07:59:05.673+0000] {dagbag.py:588} INFO - Filling up the DagBag from /home/airflow/.local/lib/python3.12/site-packages/airflow/example_dags/example_dag_decorator.py
[2024-09-28T07:59:05.685+0000] {processor.py:925} INFO - DAG(s) 'example_dag_decorator' retrieved from /home/airflow/.local/lib/python3.12/site-packages/airflow/example_dags/example_dag_decorator.py
[2024-09-28T07:59:05.754+0000] {logging_mixin.py:190} INFO - [2024-09-28T07:59:05.754+0000] {dag.py:3239} INFO - Sync 1 DAGs
[2024-09-28T07:59:05.761+0000] {logging_mixin.py:190} INFO - [2024-09-28T07:59:05.760+0000] {dag.py:4180} INFO - Setting next_dagrun for example_dag_decorator to None, run_after=None
[2024-09-28T07:59:05.771+0000] {processor.py:208} INFO - Processing /home/airflow/.local/lib/python3.12/site-packages/airflow/example_dags/example_dag_decorator.py took 0.109 seconds
[2024-09-28T07:59:36.262+0000] {processor.py:186} INFO - Started process (PID=7099) to work on /home/airflow/.local/lib/python3.12/site-packages/airflow/example_dags/example_dag_decorator.py
[2024-09-28T07:59:36.263+0000] {processor.py:914} INFO - Processing file /home/airflow/.local/lib/python3.12/site-packages/airflow/example_dags/example_dag_decorator.py for tasks to queue
[2024-09-28T07:59:36.264+0000] {logging_mixin.py:190} INFO - [2024-09-28T07:59:36.264+0000] {dagbag.py:588} INFO - Filling up the DagBag from /home/airflow/.local/lib/python3.12/site-packages/airflow/example_dags/example_dag_decorator.py
[2024-09-28T07:59:36.271+0000] {processor.py:925} INFO - DAG(s) 'example_dag_decorator' retrieved from /home/airflow/.local/lib/python3.12/site-packages/airflow/example_dags/example_dag_decorator.py
[2024-09-28T07:59:36.338+0000] {logging_mixin.py:190} INFO - [2024-09-28T07:59:36.337+0000] {dag.py:3239} INFO - Sync 1 DAGs
[2024-09-28T07:59:36.344+0000] {logging_mixin.py:190} INFO - [2024-09-28T07:59:36.344+0000] {dag.py:4180} INFO - Setting next_dagrun for example_dag_decorator to None, run_after=None
[2024-09-28T07:59:36.354+0000] {processor.py:208} INFO - Processing /home/airflow/.local/lib/python3.12/site-packages/airflow/example_dags/example_dag_decorator.py took 0.095 seconds
[2024-09-28T08:00:06.609+0000] {processor.py:186} INFO - Started process (PID=7383) to work on /home/airflow/.local/lib/python3.12/site-packages/airflow/example_dags/example_dag_decorator.py
[2024-09-28T08:00:06.610+0000] {processor.py:914} INFO - Processing file /home/airflow/.local/lib/python3.12/site-packages/airflow/example_dags/example_dag_decorator.py for tasks to queue
[2024-09-28T08:00:06.613+0000] {logging_mixin.py:190} INFO - [2024-09-28T08:00:06.613+0000] {dagbag.py:588} INFO - Filling up the DagBag from /home/airflow/.local/lib/python3.12/site-packages/airflow/example_dags/example_dag_decorator.py
[2024-09-28T08:00:06.620+0000] {processor.py:925} INFO - DAG(s) 'example_dag_decorator' retrieved from /home/airflow/.local/lib/python3.12/site-packages/airflow/example_dags/example_dag_decorator.py
[2024-09-28T08:00:06.683+0000] {logging_mixin.py:190} INFO - [2024-09-28T08:00:06.683+0000] {dag.py:3239} INFO - Sync 1 DAGs
[2024-09-28T08:00:06.696+0000] {logging_mixin.py:190} INFO - [2024-09-28T08:00:06.696+0000] {dag.py:4180} INFO - Setting next_dagrun for example_dag_decorator to None, run_after=None
[2024-09-28T08:00:06.710+0000] {processor.py:208} INFO - Processing /home/airflow/.local/lib/python3.12/site-packages/airflow/example_dags/example_dag_decorator.py took 0.105 seconds
[2024-09-28T08:00:36.989+0000] {processor.py:186} INFO - Started process (PID=7671) to work on /home/airflow/.local/lib/python3.12/site-packages/airflow/example_dags/example_dag_decorator.py
[2024-09-28T08:00:36.989+0000] {processor.py:914} INFO - Processing file /home/airflow/.local/lib/python3.12/site-packages/airflow/example_dags/example_dag_decorator.py for tasks to queue
[2024-09-28T08:00:36.990+0000] {logging_mixin.py:190} INFO - [2024-09-28T08:00:36.990+0000] {dagbag.py:588} INFO - Filling up the DagBag from /home/airflow/.local/lib/python3.12/site-packages/airflow/example_dags/example_dag_decorator.py
[2024-09-28T08:00:36.998+0000] {processor.py:925} INFO - DAG(s) 'example_dag_decorator' retrieved from /home/airflow/.local/lib/python3.12/site-packages/airflow/example_dags/example_dag_decorator.py
[2024-09-28T08:00:37.072+0000] {logging_mixin.py:190} INFO - [2024-09-28T08:00:37.071+0000] {dag.py:3239} INFO - Sync 1 DAGs
[2024-09-28T08:00:37.078+0000] {logging_mixin.py:190} INFO - [2024-09-28T08:00:37.078+0000] {dag.py:4180} INFO - Setting next_dagrun for example_dag_decorator to None, run_after=None
[2024-09-28T08:00:37.091+0000] {processor.py:208} INFO - Processing /home/airflow/.local/lib/python3.12/site-packages/airflow/example_dags/example_dag_decorator.py took 0.106 seconds
[2024-09-28T08:01:07.579+0000] {processor.py:186} INFO - Started process (PID=7957) to work on /home/airflow/.local/lib/python3.12/site-packages/airflow/example_dags/example_dag_decorator.py
[2024-09-28T08:01:07.580+0000] {processor.py:914} INFO - Processing file /home/airflow/.local/lib/python3.12/site-packages/airflow/example_dags/example_dag_decorator.py for tasks to queue
[2024-09-28T08:01:07.581+0000] {logging_mixin.py:190} INFO - [2024-09-28T08:01:07.581+0000] {dagbag.py:588} INFO - Filling up the DagBag from /home/airflow/.local/lib/python3.12/site-packages/airflow/example_dags/example_dag_decorator.py
[2024-09-28T08:01:07.587+0000] {processor.py:925} INFO - DAG(s) 'example_dag_decorator' retrieved from /home/airflow/.local/lib/python3.12/site-packages/airflow/example_dags/example_dag_decorator.py
[2024-09-28T08:01:07.638+0000] {logging_mixin.py:190} INFO - [2024-09-28T08:01:07.638+0000] {dag.py:3239} INFO - Sync 1 DAGs
[2024-09-28T08:01:07.644+0000] {logging_mixin.py:190} INFO - [2024-09-28T08:01:07.643+0000] {dag.py:4180} INFO - Setting next_dagrun for example_dag_decorator to None, run_after=None
[2024-09-28T08:01:07.651+0000] {processor.py:208} INFO - Processing /home/airflow/.local/lib/python3.12/site-packages/airflow/example_dags/example_dag_decorator.py took 0.075 seconds
[2024-09-28T08:01:38.159+0000] {processor.py:186} INFO - Started process (PID=8243) to work on /home/airflow/.local/lib/python3.12/site-packages/airflow/example_dags/example_dag_decorator.py
[2024-09-28T08:01:38.159+0000] {processor.py:914} INFO - Processing file /home/airflow/.local/lib/python3.12/site-packages/airflow/example_dags/example_dag_decorator.py for tasks to queue
[2024-09-28T08:01:38.161+0000] {logging_mixin.py:190} INFO - [2024-09-28T08:01:38.161+0000] {dagbag.py:588} INFO - Filling up the DagBag from /home/airflow/.local/lib/python3.12/site-packages/airflow/example_dags/example_dag_decorator.py
[2024-09-28T08:01:38.167+0000] {processor.py:925} INFO - DAG(s) 'example_dag_decorator' retrieved from /home/airflow/.local/lib/python3.12/site-packages/airflow/example_dags/example_dag_decorator.py
[2024-09-28T08:01:38.222+0000] {logging_mixin.py:190} INFO - [2024-09-28T08:01:38.222+0000] {dag.py:3239} INFO - Sync 1 DAGs
[2024-09-28T08:01:38.228+0000] {logging_mixin.py:190} INFO - [2024-09-28T08:01:38.228+0000] {dag.py:4180} INFO - Setting next_dagrun for example_dag_decorator to None, run_after=None
[2024-09-28T08:01:38.236+0000] {processor.py:208} INFO - Processing /home/airflow/.local/lib/python3.12/site-packages/airflow/example_dags/example_dag_decorator.py took 0.080 seconds
[2024-09-28T08:02:08.868+0000] {processor.py:186} INFO - Started process (PID=8527) to work on /home/airflow/.local/lib/python3.12/site-packages/airflow/example_dags/example_dag_decorator.py
[2024-09-28T08:02:08.869+0000] {processor.py:914} INFO - Processing file /home/airflow/.local/lib/python3.12/site-packages/airflow/example_dags/example_dag_decorator.py for tasks to queue
[2024-09-28T08:02:08.870+0000] {logging_mixin.py:190} INFO - [2024-09-28T08:02:08.870+0000] {dagbag.py:588} INFO - Filling up the DagBag from /home/airflow/.local/lib/python3.12/site-packages/airflow/example_dags/example_dag_decorator.py
[2024-09-28T08:02:08.876+0000] {processor.py:925} INFO - DAG(s) 'example_dag_decorator' retrieved from /home/airflow/.local/lib/python3.12/site-packages/airflow/example_dags/example_dag_decorator.py
[2024-09-28T08:02:08.932+0000] {logging_mixin.py:190} INFO - [2024-09-28T08:02:08.932+0000] {dag.py:3239} INFO - Sync 1 DAGs
[2024-09-28T08:02:08.938+0000] {logging_mixin.py:190} INFO - [2024-09-28T08:02:08.938+0000] {dag.py:4180} INFO - Setting next_dagrun for example_dag_decorator to None, run_after=None
[2024-09-28T08:02:08.947+0000] {processor.py:208} INFO - Processing /home/airflow/.local/lib/python3.12/site-packages/airflow/example_dags/example_dag_decorator.py took 0.082 seconds
[2024-09-28T08:02:39.592+0000] {processor.py:186} INFO - Started process (PID=8813) to work on /home/airflow/.local/lib/python3.12/site-packages/airflow/example_dags/example_dag_decorator.py
[2024-09-28T08:02:39.593+0000] {processor.py:914} INFO - Processing file /home/airflow/.local/lib/python3.12/site-packages/airflow/example_dags/example_dag_decorator.py for tasks to queue
[2024-09-28T08:02:39.594+0000] {logging_mixin.py:190} INFO - [2024-09-28T08:02:39.594+0000] {dagbag.py:588} INFO - Filling up the DagBag from /home/airflow/.local/lib/python3.12/site-packages/airflow/example_dags/example_dag_decorator.py
[2024-09-28T08:02:39.603+0000] {processor.py:925} INFO - DAG(s) 'example_dag_decorator' retrieved from /home/airflow/.local/lib/python3.12/site-packages/airflow/example_dags/example_dag_decorator.py
[2024-09-28T08:02:39.667+0000] {logging_mixin.py:190} INFO - [2024-09-28T08:02:39.667+0000] {dag.py:3239} INFO - Sync 1 DAGs
[2024-09-28T08:02:39.675+0000] {logging_mixin.py:190} INFO - [2024-09-28T08:02:39.675+0000] {dag.py:4180} INFO - Setting next_dagrun for example_dag_decorator to None, run_after=None
[2024-09-28T08:02:39.686+0000] {processor.py:208} INFO - Processing /home/airflow/.local/lib/python3.12/site-packages/airflow/example_dags/example_dag_decorator.py took 0.097 seconds
[2024-09-28T08:03:10.182+0000] {processor.py:186} INFO - Started process (PID=9099) to work on /home/airflow/.local/lib/python3.12/site-packages/airflow/example_dags/example_dag_decorator.py
[2024-09-28T08:03:10.183+0000] {processor.py:914} INFO - Processing file /home/airflow/.local/lib/python3.12/site-packages/airflow/example_dags/example_dag_decorator.py for tasks to queue
[2024-09-28T08:03:10.184+0000] {logging_mixin.py:190} INFO - [2024-09-28T08:03:10.184+0000] {dagbag.py:588} INFO - Filling up the DagBag from /home/airflow/.local/lib/python3.12/site-packages/airflow/example_dags/example_dag_decorator.py
[2024-09-28T08:03:10.190+0000] {processor.py:925} INFO - DAG(s) 'example_dag_decorator' retrieved from /home/airflow/.local/lib/python3.12/site-packages/airflow/example_dags/example_dag_decorator.py
[2024-09-28T08:03:10.249+0000] {logging_mixin.py:190} INFO - [2024-09-28T08:03:10.249+0000] {dag.py:3239} INFO - Sync 1 DAGs
[2024-09-28T08:03:10.259+0000] {logging_mixin.py:190} INFO - [2024-09-28T08:03:10.258+0000] {dag.py:4180} INFO - Setting next_dagrun for example_dag_decorator to None, run_after=None
[2024-09-28T08:03:10.269+0000] {processor.py:208} INFO - Processing /home/airflow/.local/lib/python3.12/site-packages/airflow/example_dags/example_dag_decorator.py took 0.089 seconds
[2024-09-28T08:03:40.676+0000] {processor.py:186} INFO - Started process (PID=9385) to work on /home/airflow/.local/lib/python3.12/site-packages/airflow/example_dags/example_dag_decorator.py
[2024-09-28T08:03:40.679+0000] {processor.py:914} INFO - Processing file /home/airflow/.local/lib/python3.12/site-packages/airflow/example_dags/example_dag_decorator.py for tasks to queue
[2024-09-28T08:03:40.681+0000] {logging_mixin.py:190} INFO - [2024-09-28T08:03:40.681+0000] {dagbag.py:588} INFO - Filling up the DagBag from /home/airflow/.local/lib/python3.12/site-packages/airflow/example_dags/example_dag_decorator.py
[2024-09-28T08:03:40.688+0000] {processor.py:925} INFO - DAG(s) 'example_dag_decorator' retrieved from /home/airflow/.local/lib/python3.12/site-packages/airflow/example_dags/example_dag_decorator.py
[2024-09-28T08:03:40.745+0000] {logging_mixin.py:190} INFO - [2024-09-28T08:03:40.744+0000] {dag.py:3239} INFO - Sync 1 DAGs
[2024-09-28T08:03:40.751+0000] {logging_mixin.py:190} INFO - [2024-09-28T08:03:40.751+0000] {dag.py:4180} INFO - Setting next_dagrun for example_dag_decorator to None, run_after=None
[2024-09-28T08:03:40.759+0000] {processor.py:208} INFO - Processing /home/airflow/.local/lib/python3.12/site-packages/airflow/example_dags/example_dag_decorator.py took 0.086 seconds
[2024-09-28T08:04:11.297+0000] {processor.py:186} INFO - Started process (PID=9673) to work on /home/airflow/.local/lib/python3.12/site-packages/airflow/example_dags/example_dag_decorator.py
[2024-09-28T08:04:11.300+0000] {processor.py:914} INFO - Processing file /home/airflow/.local/lib/python3.12/site-packages/airflow/example_dags/example_dag_decorator.py for tasks to queue
[2024-09-28T08:04:11.301+0000] {logging_mixin.py:190} INFO - [2024-09-28T08:04:11.301+0000] {dagbag.py:588} INFO - Filling up the DagBag from /home/airflow/.local/lib/python3.12/site-packages/airflow/example_dags/example_dag_decorator.py
[2024-09-28T08:04:11.307+0000] {processor.py:925} INFO - DAG(s) 'example_dag_decorator' retrieved from /home/airflow/.local/lib/python3.12/site-packages/airflow/example_dags/example_dag_decorator.py
[2024-09-28T08:04:11.367+0000] {logging_mixin.py:190} INFO - [2024-09-28T08:04:11.366+0000] {dag.py:3239} INFO - Sync 1 DAGs
[2024-09-28T08:04:11.372+0000] {logging_mixin.py:190} INFO - [2024-09-28T08:04:11.372+0000] {dag.py:4180} INFO - Setting next_dagrun for example_dag_decorator to None, run_after=None
[2024-09-28T08:04:11.381+0000] {processor.py:208} INFO - Processing /home/airflow/.local/lib/python3.12/site-packages/airflow/example_dags/example_dag_decorator.py took 0.087 seconds
[2024-09-28T08:04:41.900+0000] {processor.py:186} INFO - Started process (PID=9957) to work on /home/airflow/.local/lib/python3.12/site-packages/airflow/example_dags/example_dag_decorator.py
[2024-09-28T08:04:41.901+0000] {processor.py:914} INFO - Processing file /home/airflow/.local/lib/python3.12/site-packages/airflow/example_dags/example_dag_decorator.py for tasks to queue
[2024-09-28T08:04:41.902+0000] {logging_mixin.py:190} INFO - [2024-09-28T08:04:41.902+0000] {dagbag.py:588} INFO - Filling up the DagBag from /home/airflow/.local/lib/python3.12/site-packages/airflow/example_dags/example_dag_decorator.py
[2024-09-28T08:04:41.911+0000] {processor.py:925} INFO - DAG(s) 'example_dag_decorator' retrieved from /home/airflow/.local/lib/python3.12/site-packages/airflow/example_dags/example_dag_decorator.py
[2024-09-28T08:04:41.968+0000] {logging_mixin.py:190} INFO - [2024-09-28T08:04:41.968+0000] {dag.py:3239} INFO - Sync 1 DAGs
[2024-09-28T08:04:41.976+0000] {logging_mixin.py:190} INFO - [2024-09-28T08:04:41.976+0000] {dag.py:4180} INFO - Setting next_dagrun for example_dag_decorator to None, run_after=None
[2024-09-28T08:04:41.986+0000] {processor.py:208} INFO - Processing /home/airflow/.local/lib/python3.12/site-packages/airflow/example_dags/example_dag_decorator.py took 0.088 seconds
[2024-09-28T08:05:12.414+0000] {processor.py:186} INFO - Started process (PID=10245) to work on /home/airflow/.local/lib/python3.12/site-packages/airflow/example_dags/example_dag_decorator.py
[2024-09-28T08:05:12.415+0000] {processor.py:914} INFO - Processing file /home/airflow/.local/lib/python3.12/site-packages/airflow/example_dags/example_dag_decorator.py for tasks to queue
[2024-09-28T08:05:12.416+0000] {logging_mixin.py:190} INFO - [2024-09-28T08:05:12.416+0000] {dagbag.py:588} INFO - Filling up the DagBag from /home/airflow/.local/lib/python3.12/site-packages/airflow/example_dags/example_dag_decorator.py
[2024-09-28T08:05:12.422+0000] {processor.py:925} INFO - DAG(s) 'example_dag_decorator' retrieved from /home/airflow/.local/lib/python3.12/site-packages/airflow/example_dags/example_dag_decorator.py
[2024-09-28T08:05:12.483+0000] {logging_mixin.py:190} INFO - [2024-09-28T08:05:12.483+0000] {dag.py:3239} INFO - Sync 1 DAGs
[2024-09-28T08:05:12.489+0000] {logging_mixin.py:190} INFO - [2024-09-28T08:05:12.489+0000] {dag.py:4180} INFO - Setting next_dagrun for example_dag_decorator to None, run_after=None
[2024-09-28T08:05:12.497+0000] {processor.py:208} INFO - Processing /home/airflow/.local/lib/python3.12/site-packages/airflow/example_dags/example_dag_decorator.py took 0.086 seconds
[2024-09-28T08:05:42.826+0000] {processor.py:186} INFO - Started process (PID=10529) to work on /home/airflow/.local/lib/python3.12/site-packages/airflow/example_dags/example_dag_decorator.py
[2024-09-28T08:05:42.827+0000] {processor.py:914} INFO - Processing file /home/airflow/.local/lib/python3.12/site-packages/airflow/example_dags/example_dag_decorator.py for tasks to queue
[2024-09-28T08:05:42.831+0000] {logging_mixin.py:190} INFO - [2024-09-28T08:05:42.830+0000] {dagbag.py:588} INFO - Filling up the DagBag from /home/airflow/.local/lib/python3.12/site-packages/airflow/example_dags/example_dag_decorator.py
[2024-09-28T08:05:42.837+0000] {processor.py:925} INFO - DAG(s) 'example_dag_decorator' retrieved from /home/airflow/.local/lib/python3.12/site-packages/airflow/example_dags/example_dag_decorator.py
[2024-09-28T08:05:42.920+0000] {logging_mixin.py:190} INFO - [2024-09-28T08:05:42.920+0000] {dag.py:3239} INFO - Sync 1 DAGs
[2024-09-28T08:05:42.927+0000] {logging_mixin.py:190} INFO - [2024-09-28T08:05:42.926+0000] {dag.py:4180} INFO - Setting next_dagrun for example_dag_decorator to None, run_after=None
[2024-09-28T08:05:42.936+0000] {processor.py:208} INFO - Processing /home/airflow/.local/lib/python3.12/site-packages/airflow/example_dags/example_dag_decorator.py took 0.113 seconds
[2024-09-28T08:06:13.375+0000] {processor.py:186} INFO - Started process (PID=10817) to work on /home/airflow/.local/lib/python3.12/site-packages/airflow/example_dags/example_dag_decorator.py
[2024-09-28T08:06:13.375+0000] {processor.py:914} INFO - Processing file /home/airflow/.local/lib/python3.12/site-packages/airflow/example_dags/example_dag_decorator.py for tasks to queue
[2024-09-28T08:06:13.376+0000] {logging_mixin.py:190} INFO - [2024-09-28T08:06:13.376+0000] {dagbag.py:588} INFO - Filling up the DagBag from /home/airflow/.local/lib/python3.12/site-packages/airflow/example_dags/example_dag_decorator.py
[2024-09-28T08:06:13.382+0000] {processor.py:925} INFO - DAG(s) 'example_dag_decorator' retrieved from /home/airflow/.local/lib/python3.12/site-packages/airflow/example_dags/example_dag_decorator.py
[2024-09-28T08:06:13.433+0000] {logging_mixin.py:190} INFO - [2024-09-28T08:06:13.433+0000] {dag.py:3239} INFO - Sync 1 DAGs
[2024-09-28T08:06:13.525+0000] {logging_mixin.py:190} INFO - [2024-09-28T08:06:13.525+0000] {dag.py:4180} INFO - Setting next_dagrun for example_dag_decorator to None, run_after=None
[2024-09-28T08:06:13.532+0000] {processor.py:208} INFO - Processing /home/airflow/.local/lib/python3.12/site-packages/airflow/example_dags/example_dag_decorator.py took 0.161 seconds
[2024-09-28T08:06:44.439+0000] {processor.py:186} INFO - Started process (PID=11101) to work on /home/airflow/.local/lib/python3.12/site-packages/airflow/example_dags/example_dag_decorator.py
[2024-09-28T08:06:44.440+0000] {processor.py:914} INFO - Processing file /home/airflow/.local/lib/python3.12/site-packages/airflow/example_dags/example_dag_decorator.py for tasks to queue
[2024-09-28T08:06:44.441+0000] {logging_mixin.py:190} INFO - [2024-09-28T08:06:44.441+0000] {dagbag.py:588} INFO - Filling up the DagBag from /home/airflow/.local/lib/python3.12/site-packages/airflow/example_dags/example_dag_decorator.py
[2024-09-28T08:06:44.450+0000] {processor.py:925} INFO - DAG(s) 'example_dag_decorator' retrieved from /home/airflow/.local/lib/python3.12/site-packages/airflow/example_dags/example_dag_decorator.py
[2024-09-28T08:06:44.513+0000] {logging_mixin.py:190} INFO - [2024-09-28T08:06:44.513+0000] {dag.py:3239} INFO - Sync 1 DAGs
[2024-09-28T08:06:44.656+0000] {logging_mixin.py:190} INFO - [2024-09-28T08:06:44.656+0000] {dag.py:4180} INFO - Setting next_dagrun for example_dag_decorator to None, run_after=None
[2024-09-28T08:06:44.666+0000] {processor.py:208} INFO - Processing /home/airflow/.local/lib/python3.12/site-packages/airflow/example_dags/example_dag_decorator.py took 0.230 seconds
[2024-09-28T08:07:15.420+0000] {processor.py:186} INFO - Started process (PID=11387) to work on /home/airflow/.local/lib/python3.12/site-packages/airflow/example_dags/example_dag_decorator.py
[2024-09-28T08:07:15.421+0000] {processor.py:914} INFO - Processing file /home/airflow/.local/lib/python3.12/site-packages/airflow/example_dags/example_dag_decorator.py for tasks to queue
[2024-09-28T08:07:15.422+0000] {logging_mixin.py:190} INFO - [2024-09-28T08:07:15.422+0000] {dagbag.py:588} INFO - Filling up the DagBag from /home/airflow/.local/lib/python3.12/site-packages/airflow/example_dags/example_dag_decorator.py
[2024-09-28T08:07:15.428+0000] {processor.py:925} INFO - DAG(s) 'example_dag_decorator' retrieved from /home/airflow/.local/lib/python3.12/site-packages/airflow/example_dags/example_dag_decorator.py
[2024-09-28T08:07:15.485+0000] {logging_mixin.py:190} INFO - [2024-09-28T08:07:15.485+0000] {dag.py:3239} INFO - Sync 1 DAGs
[2024-09-28T08:07:15.594+0000] {logging_mixin.py:190} INFO - [2024-09-28T08:07:15.594+0000] {dag.py:4180} INFO - Setting next_dagrun for example_dag_decorator to None, run_after=None
[2024-09-28T08:07:15.604+0000] {processor.py:208} INFO - Processing /home/airflow/.local/lib/python3.12/site-packages/airflow/example_dags/example_dag_decorator.py took 0.187 seconds
[2024-09-28T08:07:46.136+0000] {processor.py:186} INFO - Started process (PID=11685) to work on /home/airflow/.local/lib/python3.12/site-packages/airflow/example_dags/example_dag_decorator.py
[2024-09-28T08:07:46.137+0000] {processor.py:914} INFO - Processing file /home/airflow/.local/lib/python3.12/site-packages/airflow/example_dags/example_dag_decorator.py for tasks to queue
[2024-09-28T08:07:46.139+0000] {logging_mixin.py:190} INFO - [2024-09-28T08:07:46.139+0000] {dagbag.py:588} INFO - Filling up the DagBag from /home/airflow/.local/lib/python3.12/site-packages/airflow/example_dags/example_dag_decorator.py
[2024-09-28T08:07:46.144+0000] {processor.py:925} INFO - DAG(s) 'example_dag_decorator' retrieved from /home/airflow/.local/lib/python3.12/site-packages/airflow/example_dags/example_dag_decorator.py
[2024-09-28T08:07:46.203+0000] {logging_mixin.py:190} INFO - [2024-09-28T08:07:46.202+0000] {dag.py:3239} INFO - Sync 1 DAGs
[2024-09-28T08:07:46.307+0000] {logging_mixin.py:190} INFO - [2024-09-28T08:07:46.307+0000] {dag.py:4180} INFO - Setting next_dagrun for example_dag_decorator to None, run_after=None
[2024-09-28T08:07:46.316+0000] {processor.py:208} INFO - Processing /home/airflow/.local/lib/python3.12/site-packages/airflow/example_dags/example_dag_decorator.py took 0.183 seconds
