[2024-09-28T07:47:29.799+0000] {processor.py:186} INFO - Started process (PID=406) to work on /home/airflow/.local/lib/python3.12/site-packages/airflow/example_dags/example_branch_day_of_week_operator.py
[2024-09-28T07:47:29.800+0000] {processor.py:914} INFO - Processing file /home/airflow/.local/lib/python3.12/site-packages/airflow/example_dags/example_branch_day_of_week_operator.py for tasks to queue
[2024-09-28T07:47:29.801+0000] {logging_mixin.py:190} INFO - [2024-09-28T07:47:29.801+0000] {dagbag.py:588} INFO - Filling up the DagBag from /home/airflow/.local/lib/python3.12/site-packages/airflow/example_dags/example_branch_day_of_week_operator.py
[2024-09-28T07:47:29.807+0000] {processor.py:925} INFO - DAG(s) 'example_weekday_branch_operator' retrieved from /home/airflow/.local/lib/python3.12/site-packages/airflow/example_dags/example_branch_day_of_week_operator.py
[2024-09-28T07:47:29.859+0000] {logging_mixin.py:190} INFO - [2024-09-28T07:47:29.858+0000] {override.py:1900} INFO - Created Permission View: can delete on DAG:example_weekday_branch_operator
[2024-09-28T07:47:29.863+0000] {logging_mixin.py:190} INFO - [2024-09-28T07:47:29.863+0000] {override.py:1900} INFO - Created Permission View: can edit on DAG:example_weekday_branch_operator
[2024-09-28T07:47:29.865+0000] {logging_mixin.py:190} INFO - [2024-09-28T07:47:29.865+0000] {override.py:1900} INFO - Created Permission View: can read on DAG:example_weekday_branch_operator
[2024-09-28T07:47:29.868+0000] {logging_mixin.py:190} INFO - [2024-09-28T07:47:29.868+0000] {override.py:1900} INFO - Created Permission View: menu access on DAG Run:example_weekday_branch_operator
[2024-09-28T07:47:29.872+0000] {logging_mixin.py:190} INFO - [2024-09-28T07:47:29.872+0000] {override.py:1900} INFO - Created Permission View: can delete on DAG Run:example_weekday_branch_operator
[2024-09-28T07:47:29.877+0000] {logging_mixin.py:190} INFO - [2024-09-28T07:47:29.876+0000] {override.py:1900} INFO - Created Permission View: can create on DAG Run:example_weekday_branch_operator
[2024-09-28T07:47:29.881+0000] {logging_mixin.py:190} INFO - [2024-09-28T07:47:29.881+0000] {override.py:1900} INFO - Created Permission View: can read on DAG Run:example_weekday_branch_operator
[2024-09-28T07:47:29.882+0000] {logging_mixin.py:190} INFO - [2024-09-28T07:47:29.882+0000] {dag.py:3239} INFO - Sync 1 DAGs
[2024-09-28T07:47:29.893+0000] {logging_mixin.py:190} INFO - [2024-09-28T07:47:29.893+0000] {dag.py:3262} INFO - Creating ORM DAG for example_weekday_branch_operator
[2024-09-28T07:47:29.899+0000] {logging_mixin.py:190} INFO - [2024-09-28T07:47:29.898+0000] {dag.py:4180} INFO - Setting next_dagrun for example_weekday_branch_operator to 2024-09-27 00:00:00+00:00, run_after=2024-09-28 00:00:00+00:00
[2024-09-28T07:47:29.906+0000] {processor.py:208} INFO - Processing /home/airflow/.local/lib/python3.12/site-packages/airflow/example_dags/example_branch_day_of_week_operator.py took 0.110 seconds
[2024-09-28T07:48:00.416+0000] {processor.py:186} INFO - Started process (PID=690) to work on /home/airflow/.local/lib/python3.12/site-packages/airflow/example_dags/example_branch_day_of_week_operator.py
[2024-09-28T07:48:00.418+0000] {processor.py:914} INFO - Processing file /home/airflow/.local/lib/python3.12/site-packages/airflow/example_dags/example_branch_day_of_week_operator.py for tasks to queue
[2024-09-28T07:48:00.420+0000] {logging_mixin.py:190} INFO - [2024-09-28T07:48:00.420+0000] {dagbag.py:588} INFO - Filling up the DagBag from /home/airflow/.local/lib/python3.12/site-packages/airflow/example_dags/example_branch_day_of_week_operator.py
[2024-09-28T07:48:00.427+0000] {processor.py:925} INFO - DAG(s) 'example_weekday_branch_operator' retrieved from /home/airflow/.local/lib/python3.12/site-packages/airflow/example_dags/example_branch_day_of_week_operator.py
[2024-09-28T07:48:00.441+0000] {logging_mixin.py:190} INFO - [2024-09-28T07:48:00.441+0000] {dag.py:3239} INFO - Sync 1 DAGs
[2024-09-28T07:48:00.454+0000] {logging_mixin.py:190} INFO - [2024-09-28T07:48:00.454+0000] {dag.py:4180} INFO - Setting next_dagrun for example_weekday_branch_operator to 2024-09-27 00:00:00+00:00, run_after=2024-09-28 00:00:00+00:00
[2024-09-28T07:48:00.464+0000] {processor.py:208} INFO - Processing /home/airflow/.local/lib/python3.12/site-packages/airflow/example_dags/example_branch_day_of_week_operator.py took 0.051 seconds
[2024-09-28T07:48:30.729+0000] {processor.py:186} INFO - Started process (PID=975) to work on /home/airflow/.local/lib/python3.12/site-packages/airflow/example_dags/example_branch_day_of_week_operator.py
[2024-09-28T07:48:30.730+0000] {processor.py:914} INFO - Processing file /home/airflow/.local/lib/python3.12/site-packages/airflow/example_dags/example_branch_day_of_week_operator.py for tasks to queue
[2024-09-28T07:48:30.732+0000] {logging_mixin.py:190} INFO - [2024-09-28T07:48:30.732+0000] {dagbag.py:588} INFO - Filling up the DagBag from /home/airflow/.local/lib/python3.12/site-packages/airflow/example_dags/example_branch_day_of_week_operator.py
[2024-09-28T07:48:30.738+0000] {processor.py:925} INFO - DAG(s) 'example_weekday_branch_operator' retrieved from /home/airflow/.local/lib/python3.12/site-packages/airflow/example_dags/example_branch_day_of_week_operator.py
[2024-09-28T07:48:30.754+0000] {logging_mixin.py:190} INFO - [2024-09-28T07:48:30.754+0000] {dag.py:3239} INFO - Sync 1 DAGs
[2024-09-28T07:48:30.768+0000] {logging_mixin.py:190} INFO - [2024-09-28T07:48:30.768+0000] {dag.py:4180} INFO - Setting next_dagrun for example_weekday_branch_operator to 2024-09-27 00:00:00+00:00, run_after=2024-09-28 00:00:00+00:00
[2024-09-28T07:48:30.782+0000] {processor.py:208} INFO - Processing /home/airflow/.local/lib/python3.12/site-packages/airflow/example_dags/example_branch_day_of_week_operator.py took 0.056 seconds
[2024-09-28T07:49:00.909+0000] {processor.py:186} INFO - Started process (PID=1260) to work on /home/airflow/.local/lib/python3.12/site-packages/airflow/example_dags/example_branch_day_of_week_operator.py
[2024-09-28T07:49:00.912+0000] {processor.py:914} INFO - Processing file /home/airflow/.local/lib/python3.12/site-packages/airflow/example_dags/example_branch_day_of_week_operator.py for tasks to queue
[2024-09-28T07:49:00.913+0000] {logging_mixin.py:190} INFO - [2024-09-28T07:49:00.913+0000] {dagbag.py:588} INFO - Filling up the DagBag from /home/airflow/.local/lib/python3.12/site-packages/airflow/example_dags/example_branch_day_of_week_operator.py
[2024-09-28T07:49:00.920+0000] {processor.py:925} INFO - DAG(s) 'example_weekday_branch_operator' retrieved from /home/airflow/.local/lib/python3.12/site-packages/airflow/example_dags/example_branch_day_of_week_operator.py
[2024-09-28T07:49:00.936+0000] {logging_mixin.py:190} INFO - [2024-09-28T07:49:00.936+0000] {dag.py:3239} INFO - Sync 1 DAGs
[2024-09-28T07:49:00.954+0000] {logging_mixin.py:190} INFO - [2024-09-28T07:49:00.954+0000] {dag.py:4180} INFO - Setting next_dagrun for example_weekday_branch_operator to 2024-09-27 00:00:00+00:00, run_after=2024-09-28 00:00:00+00:00
[2024-09-28T07:49:00.965+0000] {processor.py:208} INFO - Processing /home/airflow/.local/lib/python3.12/site-packages/airflow/example_dags/example_branch_day_of_week_operator.py took 0.060 seconds
[2024-09-28T07:49:31.122+0000] {processor.py:186} INFO - Started process (PID=1570) to work on /home/airflow/.local/lib/python3.12/site-packages/airflow/example_dags/example_branch_day_of_week_operator.py
[2024-09-28T07:49:31.125+0000] {processor.py:914} INFO - Processing file /home/airflow/.local/lib/python3.12/site-packages/airflow/example_dags/example_branch_day_of_week_operator.py for tasks to queue
[2024-09-28T07:49:31.126+0000] {logging_mixin.py:190} INFO - [2024-09-28T07:49:31.126+0000] {dagbag.py:588} INFO - Filling up the DagBag from /home/airflow/.local/lib/python3.12/site-packages/airflow/example_dags/example_branch_day_of_week_operator.py
[2024-09-28T07:49:31.131+0000] {processor.py:925} INFO - DAG(s) 'example_weekday_branch_operator' retrieved from /home/airflow/.local/lib/python3.12/site-packages/airflow/example_dags/example_branch_day_of_week_operator.py
[2024-09-28T07:49:31.141+0000] {logging_mixin.py:190} INFO - [2024-09-28T07:49:31.141+0000] {dag.py:3239} INFO - Sync 1 DAGs
[2024-09-28T07:49:31.152+0000] {logging_mixin.py:190} INFO - [2024-09-28T07:49:31.152+0000] {dag.py:4180} INFO - Setting next_dagrun for example_weekday_branch_operator to 2024-09-27 00:00:00+00:00, run_after=2024-09-28 00:00:00+00:00
[2024-09-28T07:49:31.162+0000] {processor.py:208} INFO - Processing /home/airflow/.local/lib/python3.12/site-packages/airflow/example_dags/example_branch_day_of_week_operator.py took 0.043 seconds
[2024-09-28T07:50:01.321+0000] {processor.py:186} INFO - Started process (PID=1856) to work on /home/airflow/.local/lib/python3.12/site-packages/airflow/example_dags/example_branch_day_of_week_operator.py
[2024-09-28T07:50:01.324+0000] {processor.py:914} INFO - Processing file /home/airflow/.local/lib/python3.12/site-packages/airflow/example_dags/example_branch_day_of_week_operator.py for tasks to queue
[2024-09-28T07:50:01.326+0000] {logging_mixin.py:190} INFO - [2024-09-28T07:50:01.326+0000] {dagbag.py:588} INFO - Filling up the DagBag from /home/airflow/.local/lib/python3.12/site-packages/airflow/example_dags/example_branch_day_of_week_operator.py
[2024-09-28T07:50:01.335+0000] {processor.py:925} INFO - DAG(s) 'example_weekday_branch_operator' retrieved from /home/airflow/.local/lib/python3.12/site-packages/airflow/example_dags/example_branch_day_of_week_operator.py
[2024-09-28T07:50:01.351+0000] {logging_mixin.py:190} INFO - [2024-09-28T07:50:01.351+0000] {dag.py:3239} INFO - Sync 1 DAGs
[2024-09-28T07:50:01.366+0000] {logging_mixin.py:190} INFO - [2024-09-28T07:50:01.365+0000] {dag.py:4180} INFO - Setting next_dagrun for example_weekday_branch_operator to 2024-09-27 00:00:00+00:00, run_after=2024-09-28 00:00:00+00:00
[2024-09-28T07:50:01.376+0000] {processor.py:208} INFO - Processing /home/airflow/.local/lib/python3.12/site-packages/airflow/example_dags/example_branch_day_of_week_operator.py took 0.060 seconds
[2024-09-28T07:50:31.647+0000] {processor.py:186} INFO - Started process (PID=2142) to work on /home/airflow/.local/lib/python3.12/site-packages/airflow/example_dags/example_branch_day_of_week_operator.py
[2024-09-28T07:50:31.648+0000] {processor.py:914} INFO - Processing file /home/airflow/.local/lib/python3.12/site-packages/airflow/example_dags/example_branch_day_of_week_operator.py for tasks to queue
[2024-09-28T07:50:31.649+0000] {logging_mixin.py:190} INFO - [2024-09-28T07:50:31.649+0000] {dagbag.py:588} INFO - Filling up the DagBag from /home/airflow/.local/lib/python3.12/site-packages/airflow/example_dags/example_branch_day_of_week_operator.py
[2024-09-28T07:50:31.655+0000] {processor.py:925} INFO - DAG(s) 'example_weekday_branch_operator' retrieved from /home/airflow/.local/lib/python3.12/site-packages/airflow/example_dags/example_branch_day_of_week_operator.py
[2024-09-28T07:50:31.667+0000] {logging_mixin.py:190} INFO - [2024-09-28T07:50:31.667+0000] {dag.py:3239} INFO - Sync 1 DAGs
[2024-09-28T07:50:31.680+0000] {logging_mixin.py:190} INFO - [2024-09-28T07:50:31.680+0000] {dag.py:4180} INFO - Setting next_dagrun for example_weekday_branch_operator to 2024-09-27 00:00:00+00:00, run_after=2024-09-28 00:00:00+00:00
[2024-09-28T07:50:31.692+0000] {processor.py:208} INFO - Processing /home/airflow/.local/lib/python3.12/site-packages/airflow/example_dags/example_branch_day_of_week_operator.py took 0.049 seconds
[2024-09-28T07:51:01.940+0000] {processor.py:186} INFO - Started process (PID=2427) to work on /home/airflow/.local/lib/python3.12/site-packages/airflow/example_dags/example_branch_day_of_week_operator.py
[2024-09-28T07:51:01.944+0000] {processor.py:914} INFO - Processing file /home/airflow/.local/lib/python3.12/site-packages/airflow/example_dags/example_branch_day_of_week_operator.py for tasks to queue
[2024-09-28T07:51:01.945+0000] {logging_mixin.py:190} INFO - [2024-09-28T07:51:01.945+0000] {dagbag.py:588} INFO - Filling up the DagBag from /home/airflow/.local/lib/python3.12/site-packages/airflow/example_dags/example_branch_day_of_week_operator.py
[2024-09-28T07:51:01.951+0000] {processor.py:925} INFO - DAG(s) 'example_weekday_branch_operator' retrieved from /home/airflow/.local/lib/python3.12/site-packages/airflow/example_dags/example_branch_day_of_week_operator.py
[2024-09-28T07:51:01.965+0000] {logging_mixin.py:190} INFO - [2024-09-28T07:51:01.964+0000] {dag.py:3239} INFO - Sync 1 DAGs
[2024-09-28T07:51:01.979+0000] {logging_mixin.py:190} INFO - [2024-09-28T07:51:01.979+0000] {dag.py:4180} INFO - Setting next_dagrun for example_weekday_branch_operator to 2024-09-27 00:00:00+00:00, run_after=2024-09-28 00:00:00+00:00
[2024-09-28T07:51:01.989+0000] {processor.py:208} INFO - Processing /home/airflow/.local/lib/python3.12/site-packages/airflow/example_dags/example_branch_day_of_week_operator.py took 0.052 seconds
[2024-09-28T07:51:32.211+0000] {processor.py:186} INFO - Started process (PID=2712) to work on /home/airflow/.local/lib/python3.12/site-packages/airflow/example_dags/example_branch_day_of_week_operator.py
[2024-09-28T07:51:32.212+0000] {processor.py:914} INFO - Processing file /home/airflow/.local/lib/python3.12/site-packages/airflow/example_dags/example_branch_day_of_week_operator.py for tasks to queue
[2024-09-28T07:51:32.214+0000] {logging_mixin.py:190} INFO - [2024-09-28T07:51:32.213+0000] {dagbag.py:588} INFO - Filling up the DagBag from /home/airflow/.local/lib/python3.12/site-packages/airflow/example_dags/example_branch_day_of_week_operator.py
[2024-09-28T07:51:32.218+0000] {processor.py:925} INFO - DAG(s) 'example_weekday_branch_operator' retrieved from /home/airflow/.local/lib/python3.12/site-packages/airflow/example_dags/example_branch_day_of_week_operator.py
[2024-09-28T07:51:32.230+0000] {logging_mixin.py:190} INFO - [2024-09-28T07:51:32.229+0000] {dag.py:3239} INFO - Sync 1 DAGs
[2024-09-28T07:51:32.241+0000] {logging_mixin.py:190} INFO - [2024-09-28T07:51:32.241+0000] {dag.py:4180} INFO - Setting next_dagrun for example_weekday_branch_operator to 2024-09-27 00:00:00+00:00, run_after=2024-09-28 00:00:00+00:00
[2024-09-28T07:51:32.253+0000] {processor.py:208} INFO - Processing /home/airflow/.local/lib/python3.12/site-packages/airflow/example_dags/example_branch_day_of_week_operator.py took 0.046 seconds
[2024-09-28T07:52:02.372+0000] {processor.py:186} INFO - Started process (PID=2998) to work on /home/airflow/.local/lib/python3.12/site-packages/airflow/example_dags/example_branch_day_of_week_operator.py
[2024-09-28T07:52:02.374+0000] {processor.py:914} INFO - Processing file /home/airflow/.local/lib/python3.12/site-packages/airflow/example_dags/example_branch_day_of_week_operator.py for tasks to queue
[2024-09-28T07:52:02.375+0000] {logging_mixin.py:190} INFO - [2024-09-28T07:52:02.375+0000] {dagbag.py:588} INFO - Filling up the DagBag from /home/airflow/.local/lib/python3.12/site-packages/airflow/example_dags/example_branch_day_of_week_operator.py
[2024-09-28T07:52:02.380+0000] {processor.py:925} INFO - DAG(s) 'example_weekday_branch_operator' retrieved from /home/airflow/.local/lib/python3.12/site-packages/airflow/example_dags/example_branch_day_of_week_operator.py
[2024-09-28T07:52:02.391+0000] {logging_mixin.py:190} INFO - [2024-09-28T07:52:02.391+0000] {dag.py:3239} INFO - Sync 1 DAGs
[2024-09-28T07:52:02.404+0000] {logging_mixin.py:190} INFO - [2024-09-28T07:52:02.404+0000] {dag.py:4180} INFO - Setting next_dagrun for example_weekday_branch_operator to 2024-09-27 00:00:00+00:00, run_after=2024-09-28 00:00:00+00:00
[2024-09-28T07:52:02.414+0000] {processor.py:208} INFO - Processing /home/airflow/.local/lib/python3.12/site-packages/airflow/example_dags/example_branch_day_of_week_operator.py took 0.045 seconds
[2024-09-28T07:52:32.595+0000] {processor.py:186} INFO - Started process (PID=3284) to work on /home/airflow/.local/lib/python3.12/site-packages/airflow/example_dags/example_branch_day_of_week_operator.py
[2024-09-28T07:52:32.596+0000] {processor.py:914} INFO - Processing file /home/airflow/.local/lib/python3.12/site-packages/airflow/example_dags/example_branch_day_of_week_operator.py for tasks to queue
[2024-09-28T07:52:32.597+0000] {logging_mixin.py:190} INFO - [2024-09-28T07:52:32.597+0000] {dagbag.py:588} INFO - Filling up the DagBag from /home/airflow/.local/lib/python3.12/site-packages/airflow/example_dags/example_branch_day_of_week_operator.py
[2024-09-28T07:52:32.603+0000] {processor.py:925} INFO - DAG(s) 'example_weekday_branch_operator' retrieved from /home/airflow/.local/lib/python3.12/site-packages/airflow/example_dags/example_branch_day_of_week_operator.py
[2024-09-28T07:52:32.613+0000] {logging_mixin.py:190} INFO - [2024-09-28T07:52:32.613+0000] {dag.py:3239} INFO - Sync 1 DAGs
[2024-09-28T07:52:32.625+0000] {logging_mixin.py:190} INFO - [2024-09-28T07:52:32.625+0000] {dag.py:4180} INFO - Setting next_dagrun for example_weekday_branch_operator to 2024-09-27 00:00:00+00:00, run_after=2024-09-28 00:00:00+00:00
[2024-09-28T07:52:32.635+0000] {processor.py:208} INFO - Processing /home/airflow/.local/lib/python3.12/site-packages/airflow/example_dags/example_branch_day_of_week_operator.py took 0.043 seconds
[2024-09-28T07:53:02.931+0000] {processor.py:186} INFO - Started process (PID=3572) to work on /home/airflow/.local/lib/python3.12/site-packages/airflow/example_dags/example_branch_day_of_week_operator.py
[2024-09-28T07:53:02.931+0000] {processor.py:914} INFO - Processing file /home/airflow/.local/lib/python3.12/site-packages/airflow/example_dags/example_branch_day_of_week_operator.py for tasks to queue
[2024-09-28T07:53:02.933+0000] {logging_mixin.py:190} INFO - [2024-09-28T07:53:02.932+0000] {dagbag.py:588} INFO - Filling up the DagBag from /home/airflow/.local/lib/python3.12/site-packages/airflow/example_dags/example_branch_day_of_week_operator.py
[2024-09-28T07:53:02.938+0000] {processor.py:925} INFO - DAG(s) 'example_weekday_branch_operator' retrieved from /home/airflow/.local/lib/python3.12/site-packages/airflow/example_dags/example_branch_day_of_week_operator.py
[2024-09-28T07:53:02.947+0000] {logging_mixin.py:190} INFO - [2024-09-28T07:53:02.947+0000] {dag.py:3239} INFO - Sync 1 DAGs
[2024-09-28T07:53:02.958+0000] {logging_mixin.py:190} INFO - [2024-09-28T07:53:02.957+0000] {dag.py:4180} INFO - Setting next_dagrun for example_weekday_branch_operator to 2024-09-27 00:00:00+00:00, run_after=2024-09-28 00:00:00+00:00
[2024-09-28T07:53:02.965+0000] {processor.py:208} INFO - Processing /home/airflow/.local/lib/python3.12/site-packages/airflow/example_dags/example_branch_day_of_week_operator.py took 0.038 seconds
[2024-09-28T07:53:33.163+0000] {processor.py:186} INFO - Started process (PID=3858) to work on /home/airflow/.local/lib/python3.12/site-packages/airflow/example_dags/example_branch_day_of_week_operator.py
[2024-09-28T07:53:33.163+0000] {processor.py:914} INFO - Processing file /home/airflow/.local/lib/python3.12/site-packages/airflow/example_dags/example_branch_day_of_week_operator.py for tasks to queue
[2024-09-28T07:53:33.164+0000] {logging_mixin.py:190} INFO - [2024-09-28T07:53:33.164+0000] {dagbag.py:588} INFO - Filling up the DagBag from /home/airflow/.local/lib/python3.12/site-packages/airflow/example_dags/example_branch_day_of_week_operator.py
[2024-09-28T07:53:33.169+0000] {processor.py:925} INFO - DAG(s) 'example_weekday_branch_operator' retrieved from /home/airflow/.local/lib/python3.12/site-packages/airflow/example_dags/example_branch_day_of_week_operator.py
[2024-09-28T07:53:33.179+0000] {logging_mixin.py:190} INFO - [2024-09-28T07:53:33.179+0000] {dag.py:3239} INFO - Sync 1 DAGs
[2024-09-28T07:53:33.189+0000] {logging_mixin.py:190} INFO - [2024-09-28T07:53:33.189+0000] {dag.py:4180} INFO - Setting next_dagrun for example_weekday_branch_operator to 2024-09-27 00:00:00+00:00, run_after=2024-09-28 00:00:00+00:00
[2024-09-28T07:53:33.196+0000] {processor.py:208} INFO - Processing /home/airflow/.local/lib/python3.12/site-packages/airflow/example_dags/example_branch_day_of_week_operator.py took 0.036 seconds
[2024-09-28T07:54:03.429+0000] {processor.py:186} INFO - Started process (PID=4144) to work on /home/airflow/.local/lib/python3.12/site-packages/airflow/example_dags/example_branch_day_of_week_operator.py
[2024-09-28T07:54:03.429+0000] {processor.py:914} INFO - Processing file /home/airflow/.local/lib/python3.12/site-packages/airflow/example_dags/example_branch_day_of_week_operator.py for tasks to queue
[2024-09-28T07:54:03.430+0000] {logging_mixin.py:190} INFO - [2024-09-28T07:54:03.430+0000] {dagbag.py:588} INFO - Filling up the DagBag from /home/airflow/.local/lib/python3.12/site-packages/airflow/example_dags/example_branch_day_of_week_operator.py
[2024-09-28T07:54:03.435+0000] {processor.py:925} INFO - DAG(s) 'example_weekday_branch_operator' retrieved from /home/airflow/.local/lib/python3.12/site-packages/airflow/example_dags/example_branch_day_of_week_operator.py
[2024-09-28T07:54:03.445+0000] {logging_mixin.py:190} INFO - [2024-09-28T07:54:03.444+0000] {dag.py:3239} INFO - Sync 1 DAGs
[2024-09-28T07:54:03.455+0000] {logging_mixin.py:190} INFO - [2024-09-28T07:54:03.455+0000] {dag.py:4180} INFO - Setting next_dagrun for example_weekday_branch_operator to 2024-09-27 00:00:00+00:00, run_after=2024-09-28 00:00:00+00:00
[2024-09-28T07:54:03.462+0000] {processor.py:208} INFO - Processing /home/airflow/.local/lib/python3.12/site-packages/airflow/example_dags/example_branch_day_of_week_operator.py took 0.037 seconds
[2024-09-28T07:54:33.943+0000] {processor.py:186} INFO - Started process (PID=4428) to work on /home/airflow/.local/lib/python3.12/site-packages/airflow/example_dags/example_branch_day_of_week_operator.py
[2024-09-28T07:54:33.946+0000] {processor.py:914} INFO - Processing file /home/airflow/.local/lib/python3.12/site-packages/airflow/example_dags/example_branch_day_of_week_operator.py for tasks to queue
[2024-09-28T07:54:33.947+0000] {logging_mixin.py:190} INFO - [2024-09-28T07:54:33.947+0000] {dagbag.py:588} INFO - Filling up the DagBag from /home/airflow/.local/lib/python3.12/site-packages/airflow/example_dags/example_branch_day_of_week_operator.py
[2024-09-28T07:54:33.952+0000] {processor.py:925} INFO - DAG(s) 'example_weekday_branch_operator' retrieved from /home/airflow/.local/lib/python3.12/site-packages/airflow/example_dags/example_branch_day_of_week_operator.py
[2024-09-28T07:54:33.963+0000] {logging_mixin.py:190} INFO - [2024-09-28T07:54:33.963+0000] {dag.py:3239} INFO - Sync 1 DAGs
[2024-09-28T07:54:33.975+0000] {logging_mixin.py:190} INFO - [2024-09-28T07:54:33.975+0000] {dag.py:4180} INFO - Setting next_dagrun for example_weekday_branch_operator to 2024-09-27 00:00:00+00:00, run_after=2024-09-28 00:00:00+00:00
[2024-09-28T07:54:33.989+0000] {processor.py:208} INFO - Processing /home/airflow/.local/lib/python3.12/site-packages/airflow/example_dags/example_branch_day_of_week_operator.py took 0.049 seconds
[2024-09-28T07:55:04.354+0000] {processor.py:186} INFO - Started process (PID=4716) to work on /home/airflow/.local/lib/python3.12/site-packages/airflow/example_dags/example_branch_day_of_week_operator.py
[2024-09-28T07:55:04.354+0000] {processor.py:914} INFO - Processing file /home/airflow/.local/lib/python3.12/site-packages/airflow/example_dags/example_branch_day_of_week_operator.py for tasks to queue
[2024-09-28T07:55:04.355+0000] {logging_mixin.py:190} INFO - [2024-09-28T07:55:04.355+0000] {dagbag.py:588} INFO - Filling up the DagBag from /home/airflow/.local/lib/python3.12/site-packages/airflow/example_dags/example_branch_day_of_week_operator.py
[2024-09-28T07:55:04.360+0000] {processor.py:925} INFO - DAG(s) 'example_weekday_branch_operator' retrieved from /home/airflow/.local/lib/python3.12/site-packages/airflow/example_dags/example_branch_day_of_week_operator.py
[2024-09-28T07:55:04.370+0000] {logging_mixin.py:190} INFO - [2024-09-28T07:55:04.370+0000] {dag.py:3239} INFO - Sync 1 DAGs
[2024-09-28T07:55:04.381+0000] {logging_mixin.py:190} INFO - [2024-09-28T07:55:04.381+0000] {dag.py:4180} INFO - Setting next_dagrun for example_weekday_branch_operator to 2024-09-27 00:00:00+00:00, run_after=2024-09-28 00:00:00+00:00
[2024-09-28T07:55:04.388+0000] {processor.py:208} INFO - Processing /home/airflow/.local/lib/python3.12/site-packages/airflow/example_dags/example_branch_day_of_week_operator.py took 0.037 seconds
[2024-09-28T07:55:34.648+0000] {processor.py:186} INFO - Started process (PID=5000) to work on /home/airflow/.local/lib/python3.12/site-packages/airflow/example_dags/example_branch_day_of_week_operator.py
[2024-09-28T07:55:34.649+0000] {processor.py:914} INFO - Processing file /home/airflow/.local/lib/python3.12/site-packages/airflow/example_dags/example_branch_day_of_week_operator.py for tasks to queue
[2024-09-28T07:55:34.652+0000] {logging_mixin.py:190} INFO - [2024-09-28T07:55:34.652+0000] {dagbag.py:588} INFO - Filling up the DagBag from /home/airflow/.local/lib/python3.12/site-packages/airflow/example_dags/example_branch_day_of_week_operator.py
[2024-09-28T07:55:34.658+0000] {processor.py:925} INFO - DAG(s) 'example_weekday_branch_operator' retrieved from /home/airflow/.local/lib/python3.12/site-packages/airflow/example_dags/example_branch_day_of_week_operator.py
[2024-09-28T07:55:34.669+0000] {logging_mixin.py:190} INFO - [2024-09-28T07:55:34.669+0000] {dag.py:3239} INFO - Sync 1 DAGs
[2024-09-28T07:55:34.684+0000] {logging_mixin.py:190} INFO - [2024-09-28T07:55:34.684+0000] {dag.py:4180} INFO - Setting next_dagrun for example_weekday_branch_operator to 2024-09-27 00:00:00+00:00, run_after=2024-09-28 00:00:00+00:00
[2024-09-28T07:55:34.697+0000] {processor.py:208} INFO - Processing /home/airflow/.local/lib/python3.12/site-packages/airflow/example_dags/example_branch_day_of_week_operator.py took 0.052 seconds
[2024-09-28T07:56:05.036+0000] {processor.py:186} INFO - Started process (PID=5288) to work on /home/airflow/.local/lib/python3.12/site-packages/airflow/example_dags/example_branch_day_of_week_operator.py
[2024-09-28T07:56:05.037+0000] {processor.py:914} INFO - Processing file /home/airflow/.local/lib/python3.12/site-packages/airflow/example_dags/example_branch_day_of_week_operator.py for tasks to queue
[2024-09-28T07:56:05.038+0000] {logging_mixin.py:190} INFO - [2024-09-28T07:56:05.038+0000] {dagbag.py:588} INFO - Filling up the DagBag from /home/airflow/.local/lib/python3.12/site-packages/airflow/example_dags/example_branch_day_of_week_operator.py
[2024-09-28T07:56:05.043+0000] {processor.py:925} INFO - DAG(s) 'example_weekday_branch_operator' retrieved from /home/airflow/.local/lib/python3.12/site-packages/airflow/example_dags/example_branch_day_of_week_operator.py
[2024-09-28T07:56:05.052+0000] {logging_mixin.py:190} INFO - [2024-09-28T07:56:05.052+0000] {dag.py:3239} INFO - Sync 1 DAGs
[2024-09-28T07:56:05.062+0000] {logging_mixin.py:190} INFO - [2024-09-28T07:56:05.062+0000] {dag.py:4180} INFO - Setting next_dagrun for example_weekday_branch_operator to 2024-09-27 00:00:00+00:00, run_after=2024-09-28 00:00:00+00:00
[2024-09-28T07:56:05.070+0000] {processor.py:208} INFO - Processing /home/airflow/.local/lib/python3.12/site-packages/airflow/example_dags/example_branch_day_of_week_operator.py took 0.036 seconds
[2024-09-28T07:56:35.483+0000] {processor.py:186} INFO - Started process (PID=5574) to work on /home/airflow/.local/lib/python3.12/site-packages/airflow/example_dags/example_branch_day_of_week_operator.py
[2024-09-28T07:56:35.484+0000] {processor.py:914} INFO - Processing file /home/airflow/.local/lib/python3.12/site-packages/airflow/example_dags/example_branch_day_of_week_operator.py for tasks to queue
[2024-09-28T07:56:35.485+0000] {logging_mixin.py:190} INFO - [2024-09-28T07:56:35.485+0000] {dagbag.py:588} INFO - Filling up the DagBag from /home/airflow/.local/lib/python3.12/site-packages/airflow/example_dags/example_branch_day_of_week_operator.py
[2024-09-28T07:56:35.490+0000] {processor.py:925} INFO - DAG(s) 'example_weekday_branch_operator' retrieved from /home/airflow/.local/lib/python3.12/site-packages/airflow/example_dags/example_branch_day_of_week_operator.py
[2024-09-28T07:56:35.499+0000] {logging_mixin.py:190} INFO - [2024-09-28T07:56:35.499+0000] {dag.py:3239} INFO - Sync 1 DAGs
[2024-09-28T07:56:35.510+0000] {logging_mixin.py:190} INFO - [2024-09-28T07:56:35.509+0000] {dag.py:4180} INFO - Setting next_dagrun for example_weekday_branch_operator to 2024-09-27 00:00:00+00:00, run_after=2024-09-28 00:00:00+00:00
[2024-09-28T07:56:35.517+0000] {processor.py:208} INFO - Processing /home/airflow/.local/lib/python3.12/site-packages/airflow/example_dags/example_branch_day_of_week_operator.py took 0.037 seconds
[2024-09-28T07:57:05.807+0000] {processor.py:186} INFO - Started process (PID=5858) to work on /home/airflow/.local/lib/python3.12/site-packages/airflow/example_dags/example_branch_day_of_week_operator.py
[2024-09-28T07:57:05.808+0000] {processor.py:914} INFO - Processing file /home/airflow/.local/lib/python3.12/site-packages/airflow/example_dags/example_branch_day_of_week_operator.py for tasks to queue
[2024-09-28T07:57:05.810+0000] {logging_mixin.py:190} INFO - [2024-09-28T07:57:05.810+0000] {dagbag.py:588} INFO - Filling up the DagBag from /home/airflow/.local/lib/python3.12/site-packages/airflow/example_dags/example_branch_day_of_week_operator.py
[2024-09-28T07:57:05.815+0000] {processor.py:925} INFO - DAG(s) 'example_weekday_branch_operator' retrieved from /home/airflow/.local/lib/python3.12/site-packages/airflow/example_dags/example_branch_day_of_week_operator.py
[2024-09-28T07:57:05.825+0000] {logging_mixin.py:190} INFO - [2024-09-28T07:57:05.825+0000] {dag.py:3239} INFO - Sync 1 DAGs
[2024-09-28T07:57:05.837+0000] {logging_mixin.py:190} INFO - [2024-09-28T07:57:05.836+0000] {dag.py:4180} INFO - Setting next_dagrun for example_weekday_branch_operator to 2024-09-27 00:00:00+00:00, run_after=2024-09-28 00:00:00+00:00
[2024-09-28T07:57:05.850+0000] {processor.py:208} INFO - Processing /home/airflow/.local/lib/python3.12/site-packages/airflow/example_dags/example_branch_day_of_week_operator.py took 0.045 seconds
[2024-09-28T07:57:36.086+0000] {processor.py:186} INFO - Started process (PID=6144) to work on /home/airflow/.local/lib/python3.12/site-packages/airflow/example_dags/example_branch_day_of_week_operator.py
[2024-09-28T07:57:36.089+0000] {processor.py:914} INFO - Processing file /home/airflow/.local/lib/python3.12/site-packages/airflow/example_dags/example_branch_day_of_week_operator.py for tasks to queue
[2024-09-28T07:57:36.090+0000] {logging_mixin.py:190} INFO - [2024-09-28T07:57:36.090+0000] {dagbag.py:588} INFO - Filling up the DagBag from /home/airflow/.local/lib/python3.12/site-packages/airflow/example_dags/example_branch_day_of_week_operator.py
[2024-09-28T07:57:36.095+0000] {processor.py:925} INFO - DAG(s) 'example_weekday_branch_operator' retrieved from /home/airflow/.local/lib/python3.12/site-packages/airflow/example_dags/example_branch_day_of_week_operator.py
[2024-09-28T07:57:36.105+0000] {logging_mixin.py:190} INFO - [2024-09-28T07:57:36.105+0000] {dag.py:3239} INFO - Sync 1 DAGs
[2024-09-28T07:57:36.119+0000] {logging_mixin.py:190} INFO - [2024-09-28T07:57:36.119+0000] {dag.py:4180} INFO - Setting next_dagrun for example_weekday_branch_operator to 2024-09-27 00:00:00+00:00, run_after=2024-09-28 00:00:00+00:00
[2024-09-28T07:57:36.131+0000] {processor.py:208} INFO - Processing /home/airflow/.local/lib/python3.12/site-packages/airflow/example_dags/example_branch_day_of_week_operator.py took 0.048 seconds
[2024-09-28T07:58:06.378+0000] {processor.py:186} INFO - Started process (PID=6431) to work on /home/airflow/.local/lib/python3.12/site-packages/airflow/example_dags/example_branch_day_of_week_operator.py
[2024-09-28T07:58:06.378+0000] {processor.py:914} INFO - Processing file /home/airflow/.local/lib/python3.12/site-packages/airflow/example_dags/example_branch_day_of_week_operator.py for tasks to queue
[2024-09-28T07:58:06.380+0000] {logging_mixin.py:190} INFO - [2024-09-28T07:58:06.379+0000] {dagbag.py:588} INFO - Filling up the DagBag from /home/airflow/.local/lib/python3.12/site-packages/airflow/example_dags/example_branch_day_of_week_operator.py
[2024-09-28T07:58:06.386+0000] {processor.py:925} INFO - DAG(s) 'example_weekday_branch_operator' retrieved from /home/airflow/.local/lib/python3.12/site-packages/airflow/example_dags/example_branch_day_of_week_operator.py
[2024-09-28T07:58:06.396+0000] {logging_mixin.py:190} INFO - [2024-09-28T07:58:06.396+0000] {dag.py:3239} INFO - Sync 1 DAGs
[2024-09-28T07:58:06.407+0000] {logging_mixin.py:190} INFO - [2024-09-28T07:58:06.407+0000] {dag.py:4180} INFO - Setting next_dagrun for example_weekday_branch_operator to 2024-09-27 00:00:00+00:00, run_after=2024-09-28 00:00:00+00:00
[2024-09-28T07:58:06.418+0000] {processor.py:208} INFO - Processing /home/airflow/.local/lib/python3.12/site-packages/airflow/example_dags/example_branch_day_of_week_operator.py took 0.043 seconds
[2024-09-28T07:58:36.741+0000] {processor.py:186} INFO - Started process (PID=6715) to work on /home/airflow/.local/lib/python3.12/site-packages/airflow/example_dags/example_branch_day_of_week_operator.py
[2024-09-28T07:58:36.746+0000] {processor.py:914} INFO - Processing file /home/airflow/.local/lib/python3.12/site-packages/airflow/example_dags/example_branch_day_of_week_operator.py for tasks to queue
[2024-09-28T07:58:36.748+0000] {logging_mixin.py:190} INFO - [2024-09-28T07:58:36.748+0000] {dagbag.py:588} INFO - Filling up the DagBag from /home/airflow/.local/lib/python3.12/site-packages/airflow/example_dags/example_branch_day_of_week_operator.py
[2024-09-28T07:58:36.753+0000] {processor.py:925} INFO - DAG(s) 'example_weekday_branch_operator' retrieved from /home/airflow/.local/lib/python3.12/site-packages/airflow/example_dags/example_branch_day_of_week_operator.py
[2024-09-28T07:58:36.764+0000] {logging_mixin.py:190} INFO - [2024-09-28T07:58:36.764+0000] {dag.py:3239} INFO - Sync 1 DAGs
[2024-09-28T07:58:36.779+0000] {logging_mixin.py:190} INFO - [2024-09-28T07:58:36.779+0000] {dag.py:4180} INFO - Setting next_dagrun for example_weekday_branch_operator to 2024-09-27 00:00:00+00:00, run_after=2024-09-28 00:00:00+00:00
[2024-09-28T07:58:36.788+0000] {processor.py:208} INFO - Processing /home/airflow/.local/lib/python3.12/site-packages/airflow/example_dags/example_branch_day_of_week_operator.py took 0.050 seconds
[2024-09-28T07:59:07.373+0000] {processor.py:186} INFO - Started process (PID=7001) to work on /home/airflow/.local/lib/python3.12/site-packages/airflow/example_dags/example_branch_day_of_week_operator.py
[2024-09-28T07:59:07.374+0000] {processor.py:914} INFO - Processing file /home/airflow/.local/lib/python3.12/site-packages/airflow/example_dags/example_branch_day_of_week_operator.py for tasks to queue
[2024-09-28T07:59:07.376+0000] {logging_mixin.py:190} INFO - [2024-09-28T07:59:07.376+0000] {dagbag.py:588} INFO - Filling up the DagBag from /home/airflow/.local/lib/python3.12/site-packages/airflow/example_dags/example_branch_day_of_week_operator.py
[2024-09-28T07:59:07.381+0000] {processor.py:925} INFO - DAG(s) 'example_weekday_branch_operator' retrieved from /home/airflow/.local/lib/python3.12/site-packages/airflow/example_dags/example_branch_day_of_week_operator.py
[2024-09-28T07:59:07.392+0000] {logging_mixin.py:190} INFO - [2024-09-28T07:59:07.392+0000] {dag.py:3239} INFO - Sync 1 DAGs
[2024-09-28T07:59:07.403+0000] {logging_mixin.py:190} INFO - [2024-09-28T07:59:07.403+0000] {dag.py:4180} INFO - Setting next_dagrun for example_weekday_branch_operator to 2024-09-27 00:00:00+00:00, run_after=2024-09-28 00:00:00+00:00
[2024-09-28T07:59:07.415+0000] {processor.py:208} INFO - Processing /home/airflow/.local/lib/python3.12/site-packages/airflow/example_dags/example_branch_day_of_week_operator.py took 0.044 seconds
[2024-09-28T07:59:37.728+0000] {processor.py:186} INFO - Started process (PID=7287) to work on /home/airflow/.local/lib/python3.12/site-packages/airflow/example_dags/example_branch_day_of_week_operator.py
[2024-09-28T07:59:37.729+0000] {processor.py:914} INFO - Processing file /home/airflow/.local/lib/python3.12/site-packages/airflow/example_dags/example_branch_day_of_week_operator.py for tasks to queue
[2024-09-28T07:59:37.731+0000] {logging_mixin.py:190} INFO - [2024-09-28T07:59:37.731+0000] {dagbag.py:588} INFO - Filling up the DagBag from /home/airflow/.local/lib/python3.12/site-packages/airflow/example_dags/example_branch_day_of_week_operator.py
[2024-09-28T07:59:37.736+0000] {processor.py:925} INFO - DAG(s) 'example_weekday_branch_operator' retrieved from /home/airflow/.local/lib/python3.12/site-packages/airflow/example_dags/example_branch_day_of_week_operator.py
[2024-09-28T07:59:37.749+0000] {logging_mixin.py:190} INFO - [2024-09-28T07:59:37.749+0000] {dag.py:3239} INFO - Sync 1 DAGs
[2024-09-28T07:59:37.762+0000] {logging_mixin.py:190} INFO - [2024-09-28T07:59:37.761+0000] {dag.py:4180} INFO - Setting next_dagrun for example_weekday_branch_operator to 2024-09-27 00:00:00+00:00, run_after=2024-09-28 00:00:00+00:00
[2024-09-28T07:59:37.777+0000] {processor.py:208} INFO - Processing /home/airflow/.local/lib/python3.12/site-packages/airflow/example_dags/example_branch_day_of_week_operator.py took 0.052 seconds
[2024-09-28T08:00:08.012+0000] {processor.py:186} INFO - Started process (PID=7575) to work on /home/airflow/.local/lib/python3.12/site-packages/airflow/example_dags/example_branch_day_of_week_operator.py
[2024-09-28T08:00:08.012+0000] {processor.py:914} INFO - Processing file /home/airflow/.local/lib/python3.12/site-packages/airflow/example_dags/example_branch_day_of_week_operator.py for tasks to queue
[2024-09-28T08:00:08.013+0000] {logging_mixin.py:190} INFO - [2024-09-28T08:00:08.013+0000] {dagbag.py:588} INFO - Filling up the DagBag from /home/airflow/.local/lib/python3.12/site-packages/airflow/example_dags/example_branch_day_of_week_operator.py
[2024-09-28T08:00:08.018+0000] {processor.py:925} INFO - DAG(s) 'example_weekday_branch_operator' retrieved from /home/airflow/.local/lib/python3.12/site-packages/airflow/example_dags/example_branch_day_of_week_operator.py
[2024-09-28T08:00:08.027+0000] {logging_mixin.py:190} INFO - [2024-09-28T08:00:08.027+0000] {dag.py:3239} INFO - Sync 1 DAGs
[2024-09-28T08:00:08.038+0000] {logging_mixin.py:190} INFO - [2024-09-28T08:00:08.037+0000] {dag.py:4180} INFO - Setting next_dagrun for example_weekday_branch_operator to 2024-09-27 00:00:00+00:00, run_after=2024-09-28 00:00:00+00:00
[2024-09-28T08:00:08.045+0000] {processor.py:208} INFO - Processing /home/airflow/.local/lib/python3.12/site-packages/airflow/example_dags/example_branch_day_of_week_operator.py took 0.036 seconds
[2024-09-28T08:00:38.559+0000] {processor.py:186} INFO - Started process (PID=7861) to work on /home/airflow/.local/lib/python3.12/site-packages/airflow/example_dags/example_branch_day_of_week_operator.py
[2024-09-28T08:00:38.560+0000] {processor.py:914} INFO - Processing file /home/airflow/.local/lib/python3.12/site-packages/airflow/example_dags/example_branch_day_of_week_operator.py for tasks to queue
[2024-09-28T08:00:38.561+0000] {logging_mixin.py:190} INFO - [2024-09-28T08:00:38.561+0000] {dagbag.py:588} INFO - Filling up the DagBag from /home/airflow/.local/lib/python3.12/site-packages/airflow/example_dags/example_branch_day_of_week_operator.py
[2024-09-28T08:00:38.566+0000] {processor.py:925} INFO - DAG(s) 'example_weekday_branch_operator' retrieved from /home/airflow/.local/lib/python3.12/site-packages/airflow/example_dags/example_branch_day_of_week_operator.py
[2024-09-28T08:00:38.578+0000] {logging_mixin.py:190} INFO - [2024-09-28T08:00:38.578+0000] {dag.py:3239} INFO - Sync 1 DAGs
[2024-09-28T08:00:38.590+0000] {logging_mixin.py:190} INFO - [2024-09-28T08:00:38.590+0000] {dag.py:4180} INFO - Setting next_dagrun for example_weekday_branch_operator to 2024-09-27 00:00:00+00:00, run_after=2024-09-28 00:00:00+00:00
[2024-09-28T08:00:38.598+0000] {processor.py:208} INFO - Processing /home/airflow/.local/lib/python3.12/site-packages/airflow/example_dags/example_branch_day_of_week_operator.py took 0.043 seconds
[2024-09-28T08:01:09.080+0000] {processor.py:186} INFO - Started process (PID=8145) to work on /home/airflow/.local/lib/python3.12/site-packages/airflow/example_dags/example_branch_day_of_week_operator.py
[2024-09-28T08:01:09.083+0000] {processor.py:914} INFO - Processing file /home/airflow/.local/lib/python3.12/site-packages/airflow/example_dags/example_branch_day_of_week_operator.py for tasks to queue
[2024-09-28T08:01:09.084+0000] {logging_mixin.py:190} INFO - [2024-09-28T08:01:09.084+0000] {dagbag.py:588} INFO - Filling up the DagBag from /home/airflow/.local/lib/python3.12/site-packages/airflow/example_dags/example_branch_day_of_week_operator.py
[2024-09-28T08:01:09.089+0000] {processor.py:925} INFO - DAG(s) 'example_weekday_branch_operator' retrieved from /home/airflow/.local/lib/python3.12/site-packages/airflow/example_dags/example_branch_day_of_week_operator.py
[2024-09-28T08:01:09.099+0000] {logging_mixin.py:190} INFO - [2024-09-28T08:01:09.099+0000] {dag.py:3239} INFO - Sync 1 DAGs
[2024-09-28T08:01:09.111+0000] {logging_mixin.py:190} INFO - [2024-09-28T08:01:09.111+0000] {dag.py:4180} INFO - Setting next_dagrun for example_weekday_branch_operator to 2024-09-27 00:00:00+00:00, run_after=2024-09-28 00:00:00+00:00
[2024-09-28T08:01:09.121+0000] {processor.py:208} INFO - Processing /home/airflow/.local/lib/python3.12/site-packages/airflow/example_dags/example_branch_day_of_week_operator.py took 0.044 seconds
[2024-09-28T08:01:39.764+0000] {processor.py:186} INFO - Started process (PID=8433) to work on /home/airflow/.local/lib/python3.12/site-packages/airflow/example_dags/example_branch_day_of_week_operator.py
[2024-09-28T08:01:39.765+0000] {processor.py:914} INFO - Processing file /home/airflow/.local/lib/python3.12/site-packages/airflow/example_dags/example_branch_day_of_week_operator.py for tasks to queue
[2024-09-28T08:01:39.767+0000] {logging_mixin.py:190} INFO - [2024-09-28T08:01:39.766+0000] {dagbag.py:588} INFO - Filling up the DagBag from /home/airflow/.local/lib/python3.12/site-packages/airflow/example_dags/example_branch_day_of_week_operator.py
[2024-09-28T08:01:39.773+0000] {processor.py:925} INFO - DAG(s) 'example_weekday_branch_operator' retrieved from /home/airflow/.local/lib/python3.12/site-packages/airflow/example_dags/example_branch_day_of_week_operator.py
[2024-09-28T08:01:39.788+0000] {logging_mixin.py:190} INFO - [2024-09-28T08:01:39.788+0000] {dag.py:3239} INFO - Sync 1 DAGs
[2024-09-28T08:01:39.803+0000] {logging_mixin.py:190} INFO - [2024-09-28T08:01:39.803+0000] {dag.py:4180} INFO - Setting next_dagrun for example_weekday_branch_operator to 2024-09-27 00:00:00+00:00, run_after=2024-09-28 00:00:00+00:00
[2024-09-28T08:01:39.813+0000] {processor.py:208} INFO - Processing /home/airflow/.local/lib/python3.12/site-packages/airflow/example_dags/example_branch_day_of_week_operator.py took 0.052 seconds
[2024-09-28T08:02:10.456+0000] {processor.py:186} INFO - Started process (PID=8717) to work on /home/airflow/.local/lib/python3.12/site-packages/airflow/example_dags/example_branch_day_of_week_operator.py
[2024-09-28T08:02:10.457+0000] {processor.py:914} INFO - Processing file /home/airflow/.local/lib/python3.12/site-packages/airflow/example_dags/example_branch_day_of_week_operator.py for tasks to queue
[2024-09-28T08:02:10.458+0000] {logging_mixin.py:190} INFO - [2024-09-28T08:02:10.458+0000] {dagbag.py:588} INFO - Filling up the DagBag from /home/airflow/.local/lib/python3.12/site-packages/airflow/example_dags/example_branch_day_of_week_operator.py
[2024-09-28T08:02:10.462+0000] {processor.py:925} INFO - DAG(s) 'example_weekday_branch_operator' retrieved from /home/airflow/.local/lib/python3.12/site-packages/airflow/example_dags/example_branch_day_of_week_operator.py
[2024-09-28T08:02:10.475+0000] {logging_mixin.py:190} INFO - [2024-09-28T08:02:10.475+0000] {dag.py:3239} INFO - Sync 1 DAGs
[2024-09-28T08:02:10.486+0000] {logging_mixin.py:190} INFO - [2024-09-28T08:02:10.486+0000] {dag.py:4180} INFO - Setting next_dagrun for example_weekday_branch_operator to 2024-09-27 00:00:00+00:00, run_after=2024-09-28 00:00:00+00:00
[2024-09-28T08:02:10.505+0000] {processor.py:208} INFO - Processing /home/airflow/.local/lib/python3.12/site-packages/airflow/example_dags/example_branch_day_of_week_operator.py took 0.052 seconds
[2024-09-28T08:02:41.050+0000] {processor.py:186} INFO - Started process (PID=9003) to work on /home/airflow/.local/lib/python3.12/site-packages/airflow/example_dags/example_branch_day_of_week_operator.py
[2024-09-28T08:02:41.051+0000] {processor.py:914} INFO - Processing file /home/airflow/.local/lib/python3.12/site-packages/airflow/example_dags/example_branch_day_of_week_operator.py for tasks to queue
[2024-09-28T08:02:41.053+0000] {logging_mixin.py:190} INFO - [2024-09-28T08:02:41.053+0000] {dagbag.py:588} INFO - Filling up the DagBag from /home/airflow/.local/lib/python3.12/site-packages/airflow/example_dags/example_branch_day_of_week_operator.py
[2024-09-28T08:02:41.058+0000] {processor.py:925} INFO - DAG(s) 'example_weekday_branch_operator' retrieved from /home/airflow/.local/lib/python3.12/site-packages/airflow/example_dags/example_branch_day_of_week_operator.py
[2024-09-28T08:02:41.069+0000] {logging_mixin.py:190} INFO - [2024-09-28T08:02:41.069+0000] {dag.py:3239} INFO - Sync 1 DAGs
[2024-09-28T08:02:41.089+0000] {logging_mixin.py:190} INFO - [2024-09-28T08:02:41.089+0000] {dag.py:4180} INFO - Setting next_dagrun for example_weekday_branch_operator to 2024-09-27 00:00:00+00:00, run_after=2024-09-28 00:00:00+00:00
[2024-09-28T08:02:41.099+0000] {processor.py:208} INFO - Processing /home/airflow/.local/lib/python3.12/site-packages/airflow/example_dags/example_branch_day_of_week_operator.py took 0.052 seconds
[2024-09-28T08:03:11.686+0000] {processor.py:186} INFO - Started process (PID=9289) to work on /home/airflow/.local/lib/python3.12/site-packages/airflow/example_dags/example_branch_day_of_week_operator.py
[2024-09-28T08:03:11.687+0000] {processor.py:914} INFO - Processing file /home/airflow/.local/lib/python3.12/site-packages/airflow/example_dags/example_branch_day_of_week_operator.py for tasks to queue
[2024-09-28T08:03:11.690+0000] {logging_mixin.py:190} INFO - [2024-09-28T08:03:11.690+0000] {dagbag.py:588} INFO - Filling up the DagBag from /home/airflow/.local/lib/python3.12/site-packages/airflow/example_dags/example_branch_day_of_week_operator.py
[2024-09-28T08:03:11.695+0000] {processor.py:925} INFO - DAG(s) 'example_weekday_branch_operator' retrieved from /home/airflow/.local/lib/python3.12/site-packages/airflow/example_dags/example_branch_day_of_week_operator.py
[2024-09-28T08:03:11.705+0000] {logging_mixin.py:190} INFO - [2024-09-28T08:03:11.705+0000] {dag.py:3239} INFO - Sync 1 DAGs
[2024-09-28T08:03:11.716+0000] {logging_mixin.py:190} INFO - [2024-09-28T08:03:11.716+0000] {dag.py:4180} INFO - Setting next_dagrun for example_weekday_branch_operator to 2024-09-27 00:00:00+00:00, run_after=2024-09-28 00:00:00+00:00
[2024-09-28T08:03:11.724+0000] {processor.py:208} INFO - Processing /home/airflow/.local/lib/python3.12/site-packages/airflow/example_dags/example_branch_day_of_week_operator.py took 0.041 seconds
[2024-09-28T08:03:42.123+0000] {processor.py:186} INFO - Started process (PID=9575) to work on /home/airflow/.local/lib/python3.12/site-packages/airflow/example_dags/example_branch_day_of_week_operator.py
[2024-09-28T08:03:42.124+0000] {processor.py:914} INFO - Processing file /home/airflow/.local/lib/python3.12/site-packages/airflow/example_dags/example_branch_day_of_week_operator.py for tasks to queue
[2024-09-28T08:03:42.126+0000] {logging_mixin.py:190} INFO - [2024-09-28T08:03:42.126+0000] {dagbag.py:588} INFO - Filling up the DagBag from /home/airflow/.local/lib/python3.12/site-packages/airflow/example_dags/example_branch_day_of_week_operator.py
[2024-09-28T08:03:42.132+0000] {processor.py:925} INFO - DAG(s) 'example_weekday_branch_operator' retrieved from /home/airflow/.local/lib/python3.12/site-packages/airflow/example_dags/example_branch_day_of_week_operator.py
[2024-09-28T08:03:42.145+0000] {logging_mixin.py:190} INFO - [2024-09-28T08:03:42.145+0000] {dag.py:3239} INFO - Sync 1 DAGs
[2024-09-28T08:03:42.157+0000] {logging_mixin.py:190} INFO - [2024-09-28T08:03:42.157+0000] {dag.py:4180} INFO - Setting next_dagrun for example_weekday_branch_operator to 2024-09-27 00:00:00+00:00, run_after=2024-09-28 00:00:00+00:00
[2024-09-28T08:03:42.166+0000] {processor.py:208} INFO - Processing /home/airflow/.local/lib/python3.12/site-packages/airflow/example_dags/example_branch_day_of_week_operator.py took 0.047 seconds
[2024-09-28T08:04:12.696+0000] {processor.py:186} INFO - Started process (PID=9861) to work on /home/airflow/.local/lib/python3.12/site-packages/airflow/example_dags/example_branch_day_of_week_operator.py
[2024-09-28T08:04:12.697+0000] {processor.py:914} INFO - Processing file /home/airflow/.local/lib/python3.12/site-packages/airflow/example_dags/example_branch_day_of_week_operator.py for tasks to queue
[2024-09-28T08:04:12.701+0000] {logging_mixin.py:190} INFO - [2024-09-28T08:04:12.701+0000] {dagbag.py:588} INFO - Filling up the DagBag from /home/airflow/.local/lib/python3.12/site-packages/airflow/example_dags/example_branch_day_of_week_operator.py
[2024-09-28T08:04:12.707+0000] {processor.py:925} INFO - DAG(s) 'example_weekday_branch_operator' retrieved from /home/airflow/.local/lib/python3.12/site-packages/airflow/example_dags/example_branch_day_of_week_operator.py
[2024-09-28T08:04:12.718+0000] {logging_mixin.py:190} INFO - [2024-09-28T08:04:12.717+0000] {dag.py:3239} INFO - Sync 1 DAGs
[2024-09-28T08:04:12.729+0000] {logging_mixin.py:190} INFO - [2024-09-28T08:04:12.729+0000] {dag.py:4180} INFO - Setting next_dagrun for example_weekday_branch_operator to 2024-09-27 00:00:00+00:00, run_after=2024-09-28 00:00:00+00:00
[2024-09-28T08:04:12.738+0000] {processor.py:208} INFO - Processing /home/airflow/.local/lib/python3.12/site-packages/airflow/example_dags/example_branch_day_of_week_operator.py took 0.046 seconds
[2024-09-28T08:04:43.357+0000] {processor.py:186} INFO - Started process (PID=10147) to work on /home/airflow/.local/lib/python3.12/site-packages/airflow/example_dags/example_branch_day_of_week_operator.py
[2024-09-28T08:04:43.358+0000] {processor.py:914} INFO - Processing file /home/airflow/.local/lib/python3.12/site-packages/airflow/example_dags/example_branch_day_of_week_operator.py for tasks to queue
[2024-09-28T08:04:43.359+0000] {logging_mixin.py:190} INFO - [2024-09-28T08:04:43.359+0000] {dagbag.py:588} INFO - Filling up the DagBag from /home/airflow/.local/lib/python3.12/site-packages/airflow/example_dags/example_branch_day_of_week_operator.py
[2024-09-28T08:04:43.365+0000] {processor.py:925} INFO - DAG(s) 'example_weekday_branch_operator' retrieved from /home/airflow/.local/lib/python3.12/site-packages/airflow/example_dags/example_branch_day_of_week_operator.py
[2024-09-28T08:04:43.378+0000] {logging_mixin.py:190} INFO - [2024-09-28T08:04:43.378+0000] {dag.py:3239} INFO - Sync 1 DAGs
[2024-09-28T08:04:43.390+0000] {logging_mixin.py:190} INFO - [2024-09-28T08:04:43.389+0000] {dag.py:4180} INFO - Setting next_dagrun for example_weekday_branch_operator to 2024-09-27 00:00:00+00:00, run_after=2024-09-28 00:00:00+00:00
[2024-09-28T08:04:43.398+0000] {processor.py:208} INFO - Processing /home/airflow/.local/lib/python3.12/site-packages/airflow/example_dags/example_branch_day_of_week_operator.py took 0.045 seconds
[2024-09-28T08:05:13.772+0000] {processor.py:186} INFO - Started process (PID=10435) to work on /home/airflow/.local/lib/python3.12/site-packages/airflow/example_dags/example_branch_day_of_week_operator.py
[2024-09-28T08:05:13.772+0000] {processor.py:914} INFO - Processing file /home/airflow/.local/lib/python3.12/site-packages/airflow/example_dags/example_branch_day_of_week_operator.py for tasks to queue
[2024-09-28T08:05:13.773+0000] {logging_mixin.py:190} INFO - [2024-09-28T08:05:13.773+0000] {dagbag.py:588} INFO - Filling up the DagBag from /home/airflow/.local/lib/python3.12/site-packages/airflow/example_dags/example_branch_day_of_week_operator.py
[2024-09-28T08:05:13.778+0000] {processor.py:925} INFO - DAG(s) 'example_weekday_branch_operator' retrieved from /home/airflow/.local/lib/python3.12/site-packages/airflow/example_dags/example_branch_day_of_week_operator.py
[2024-09-28T08:05:13.787+0000] {logging_mixin.py:190} INFO - [2024-09-28T08:05:13.787+0000] {dag.py:3239} INFO - Sync 1 DAGs
[2024-09-28T08:05:13.797+0000] {logging_mixin.py:190} INFO - [2024-09-28T08:05:13.797+0000] {dag.py:4180} INFO - Setting next_dagrun for example_weekday_branch_operator to 2024-09-27 00:00:00+00:00, run_after=2024-09-28 00:00:00+00:00
[2024-09-28T08:05:13.805+0000] {processor.py:208} INFO - Processing /home/airflow/.local/lib/python3.12/site-packages/airflow/example_dags/example_branch_day_of_week_operator.py took 0.037 seconds
[2024-09-28T08:05:44.255+0000] {processor.py:186} INFO - Started process (PID=10721) to work on /home/airflow/.local/lib/python3.12/site-packages/airflow/example_dags/example_branch_day_of_week_operator.py
[2024-09-28T08:05:44.256+0000] {processor.py:914} INFO - Processing file /home/airflow/.local/lib/python3.12/site-packages/airflow/example_dags/example_branch_day_of_week_operator.py for tasks to queue
[2024-09-28T08:05:44.257+0000] {logging_mixin.py:190} INFO - [2024-09-28T08:05:44.257+0000] {dagbag.py:588} INFO - Filling up the DagBag from /home/airflow/.local/lib/python3.12/site-packages/airflow/example_dags/example_branch_day_of_week_operator.py
[2024-09-28T08:05:44.265+0000] {processor.py:925} INFO - DAG(s) 'example_weekday_branch_operator' retrieved from /home/airflow/.local/lib/python3.12/site-packages/airflow/example_dags/example_branch_day_of_week_operator.py
[2024-09-28T08:05:44.283+0000] {logging_mixin.py:190} INFO - [2024-09-28T08:05:44.283+0000] {dag.py:3239} INFO - Sync 1 DAGs
[2024-09-28T08:05:44.295+0000] {logging_mixin.py:190} INFO - [2024-09-28T08:05:44.295+0000] {dag.py:4180} INFO - Setting next_dagrun for example_weekday_branch_operator to 2024-09-27 00:00:00+00:00, run_after=2024-09-28 00:00:00+00:00
[2024-09-28T08:05:44.304+0000] {processor.py:208} INFO - Processing /home/airflow/.local/lib/python3.12/site-packages/airflow/example_dags/example_branch_day_of_week_operator.py took 0.052 seconds
[2024-09-28T08:06:15.126+0000] {processor.py:186} INFO - Started process (PID=11005) to work on /home/airflow/.local/lib/python3.12/site-packages/airflow/example_dags/example_branch_day_of_week_operator.py
[2024-09-28T08:06:15.128+0000] {processor.py:914} INFO - Processing file /home/airflow/.local/lib/python3.12/site-packages/airflow/example_dags/example_branch_day_of_week_operator.py for tasks to queue
[2024-09-28T08:06:15.129+0000] {logging_mixin.py:190} INFO - [2024-09-28T08:06:15.129+0000] {dagbag.py:588} INFO - Filling up the DagBag from /home/airflow/.local/lib/python3.12/site-packages/airflow/example_dags/example_branch_day_of_week_operator.py
[2024-09-28T08:06:15.134+0000] {processor.py:925} INFO - DAG(s) 'example_weekday_branch_operator' retrieved from /home/airflow/.local/lib/python3.12/site-packages/airflow/example_dags/example_branch_day_of_week_operator.py
[2024-09-28T08:06:15.145+0000] {logging_mixin.py:190} INFO - [2024-09-28T08:06:15.145+0000] {dag.py:3239} INFO - Sync 1 DAGs
[2024-09-28T08:06:15.158+0000] {logging_mixin.py:190} INFO - [2024-09-28T08:06:15.158+0000] {dag.py:4180} INFO - Setting next_dagrun for example_weekday_branch_operator to 2024-09-27 00:00:00+00:00, run_after=2024-09-28 00:00:00+00:00
[2024-09-28T08:06:15.166+0000] {processor.py:208} INFO - Processing /home/airflow/.local/lib/python3.12/site-packages/airflow/example_dags/example_branch_day_of_week_operator.py took 0.043 seconds
[2024-09-28T08:06:46.179+0000] {processor.py:186} INFO - Started process (PID=11293) to work on /home/airflow/.local/lib/python3.12/site-packages/airflow/example_dags/example_branch_day_of_week_operator.py
[2024-09-28T08:06:46.181+0000] {processor.py:914} INFO - Processing file /home/airflow/.local/lib/python3.12/site-packages/airflow/example_dags/example_branch_day_of_week_operator.py for tasks to queue
[2024-09-28T08:06:46.182+0000] {logging_mixin.py:190} INFO - [2024-09-28T08:06:46.182+0000] {dagbag.py:588} INFO - Filling up the DagBag from /home/airflow/.local/lib/python3.12/site-packages/airflow/example_dags/example_branch_day_of_week_operator.py
[2024-09-28T08:06:46.187+0000] {processor.py:925} INFO - DAG(s) 'example_weekday_branch_operator' retrieved from /home/airflow/.local/lib/python3.12/site-packages/airflow/example_dags/example_branch_day_of_week_operator.py
[2024-09-28T08:06:46.197+0000] {logging_mixin.py:190} INFO - [2024-09-28T08:06:46.197+0000] {dag.py:3239} INFO - Sync 1 DAGs
[2024-09-28T08:06:46.212+0000] {logging_mixin.py:190} INFO - [2024-09-28T08:06:46.211+0000] {dag.py:4180} INFO - Setting next_dagrun for example_weekday_branch_operator to 2024-09-27 00:00:00+00:00, run_after=2024-09-28 00:00:00+00:00
[2024-09-28T08:06:46.220+0000] {processor.py:208} INFO - Processing /home/airflow/.local/lib/python3.12/site-packages/airflow/example_dags/example_branch_day_of_week_operator.py took 0.045 seconds
[2024-09-28T08:07:16.903+0000] {processor.py:186} INFO - Started process (PID=11577) to work on /home/airflow/.local/lib/python3.12/site-packages/airflow/example_dags/example_branch_day_of_week_operator.py
[2024-09-28T08:07:16.904+0000] {processor.py:914} INFO - Processing file /home/airflow/.local/lib/python3.12/site-packages/airflow/example_dags/example_branch_day_of_week_operator.py for tasks to queue
[2024-09-28T08:07:16.905+0000] {logging_mixin.py:190} INFO - [2024-09-28T08:07:16.905+0000] {dagbag.py:588} INFO - Filling up the DagBag from /home/airflow/.local/lib/python3.12/site-packages/airflow/example_dags/example_branch_day_of_week_operator.py
[2024-09-28T08:07:16.910+0000] {processor.py:925} INFO - DAG(s) 'example_weekday_branch_operator' retrieved from /home/airflow/.local/lib/python3.12/site-packages/airflow/example_dags/example_branch_day_of_week_operator.py
[2024-09-28T08:07:16.923+0000] {logging_mixin.py:190} INFO - [2024-09-28T08:07:16.922+0000] {dag.py:3239} INFO - Sync 1 DAGs
[2024-09-28T08:07:16.934+0000] {logging_mixin.py:190} INFO - [2024-09-28T08:07:16.934+0000] {dag.py:4180} INFO - Setting next_dagrun for example_weekday_branch_operator to 2024-09-27 00:00:00+00:00, run_after=2024-09-28 00:00:00+00:00
[2024-09-28T08:07:16.942+0000] {processor.py:208} INFO - Processing /home/airflow/.local/lib/python3.12/site-packages/airflow/example_dags/example_branch_day_of_week_operator.py took 0.045 seconds
[2024-09-28T08:07:47.488+0000] {processor.py:186} INFO - Started process (PID=11863) to work on /home/airflow/.local/lib/python3.12/site-packages/airflow/example_dags/example_branch_day_of_week_operator.py
[2024-09-28T08:07:47.488+0000] {processor.py:914} INFO - Processing file /home/airflow/.local/lib/python3.12/site-packages/airflow/example_dags/example_branch_day_of_week_operator.py for tasks to queue
[2024-09-28T08:07:47.490+0000] {logging_mixin.py:190} INFO - [2024-09-28T08:07:47.490+0000] {dagbag.py:588} INFO - Filling up the DagBag from /home/airflow/.local/lib/python3.12/site-packages/airflow/example_dags/example_branch_day_of_week_operator.py
[2024-09-28T08:07:47.495+0000] {processor.py:925} INFO - DAG(s) 'example_weekday_branch_operator' retrieved from /home/airflow/.local/lib/python3.12/site-packages/airflow/example_dags/example_branch_day_of_week_operator.py
[2024-09-28T08:07:47.506+0000] {logging_mixin.py:190} INFO - [2024-09-28T08:07:47.506+0000] {dag.py:3239} INFO - Sync 1 DAGs
[2024-09-28T08:07:47.518+0000] {logging_mixin.py:190} INFO - [2024-09-28T08:07:47.518+0000] {dag.py:4180} INFO - Setting next_dagrun for example_weekday_branch_operator to 2024-09-27 00:00:00+00:00, run_after=2024-09-28 00:00:00+00:00
[2024-09-28T08:07:47.529+0000] {processor.py:208} INFO - Processing /home/airflow/.local/lib/python3.12/site-packages/airflow/example_dags/example_branch_day_of_week_operator.py took 0.045 seconds
