[2024-09-28T07:47:26.312+0000] {processor.py:186} INFO - Started process (PID=229) to work on /home/airflow/.local/lib/python3.12/site-packages/airflow/example_dags/example_sensors.py
[2024-09-28T07:47:26.313+0000] {processor.py:914} INFO - Processing file /home/airflow/.local/lib/python3.12/site-packages/airflow/example_dags/example_sensors.py for tasks to queue
[2024-09-28T07:47:26.314+0000] {logging_mixin.py:190} INFO - [2024-09-28T07:47:26.314+0000] {dagbag.py:588} INFO - Filling up the DagBag from /home/airflow/.local/lib/python3.12/site-packages/airflow/example_dags/example_sensors.py
[2024-09-28T07:47:26.322+0000] {processor.py:925} INFO - DAG(s) 'example_sensors' retrieved from /home/airflow/.local/lib/python3.12/site-packages/airflow/example_dags/example_sensors.py
[2024-09-28T07:47:26.383+0000] {logging_mixin.py:190} INFO - [2024-09-28T07:47:26.383+0000] {override.py:1900} INFO - Created Permission View: can delete on DAG:example_sensors
[2024-09-28T07:47:26.388+0000] {logging_mixin.py:190} INFO - [2024-09-28T07:47:26.388+0000] {override.py:1900} INFO - Created Permission View: can edit on DAG:example_sensors
[2024-09-28T07:47:26.392+0000] {logging_mixin.py:190} INFO - [2024-09-28T07:47:26.392+0000] {override.py:1900} INFO - Created Permission View: can read on DAG:example_sensors
[2024-09-28T07:47:26.397+0000] {logging_mixin.py:190} INFO - [2024-09-28T07:47:26.397+0000] {override.py:1900} INFO - Created Permission View: menu access on DAG Run:example_sensors
[2024-09-28T07:47:26.401+0000] {logging_mixin.py:190} INFO - [2024-09-28T07:47:26.401+0000] {override.py:1900} INFO - Created Permission View: can delete on DAG Run:example_sensors
[2024-09-28T07:47:26.407+0000] {logging_mixin.py:190} INFO - [2024-09-28T07:47:26.407+0000] {override.py:1900} INFO - Created Permission View: can create on DAG Run:example_sensors
[2024-09-28T07:47:26.412+0000] {logging_mixin.py:190} INFO - [2024-09-28T07:47:26.411+0000] {override.py:1900} INFO - Created Permission View: can read on DAG Run:example_sensors
[2024-09-28T07:47:26.412+0000] {logging_mixin.py:190} INFO - [2024-09-28T07:47:26.412+0000] {dag.py:3239} INFO - Sync 1 DAGs
[2024-09-28T07:47:26.420+0000] {logging_mixin.py:190} INFO - [2024-09-28T07:47:26.420+0000] {dag.py:3262} INFO - Creating ORM DAG for example_sensors
[2024-09-28T07:47:26.424+0000] {logging_mixin.py:190} INFO - [2024-09-28T07:47:26.424+0000] {dag.py:4180} INFO - Setting next_dagrun for example_sensors to None, run_after=None
[2024-09-28T07:47:26.454+0000] {processor.py:208} INFO - Processing /home/airflow/.local/lib/python3.12/site-packages/airflow/example_dags/example_sensors.py took 0.145 seconds
[2024-09-28T07:47:57.127+0000] {processor.py:186} INFO - Started process (PID=514) to work on /home/airflow/.local/lib/python3.12/site-packages/airflow/example_dags/example_sensors.py
[2024-09-28T07:47:57.129+0000] {processor.py:914} INFO - Processing file /home/airflow/.local/lib/python3.12/site-packages/airflow/example_dags/example_sensors.py for tasks to queue
[2024-09-28T07:47:57.130+0000] {logging_mixin.py:190} INFO - [2024-09-28T07:47:57.130+0000] {dagbag.py:588} INFO - Filling up the DagBag from /home/airflow/.local/lib/python3.12/site-packages/airflow/example_dags/example_sensors.py
[2024-09-28T07:47:57.135+0000] {processor.py:925} INFO - DAG(s) 'example_sensors' retrieved from /home/airflow/.local/lib/python3.12/site-packages/airflow/example_dags/example_sensors.py
[2024-09-28T07:47:57.150+0000] {logging_mixin.py:190} INFO - [2024-09-28T07:47:57.150+0000] {dag.py:3239} INFO - Sync 1 DAGs
[2024-09-28T07:47:57.157+0000] {logging_mixin.py:190} INFO - [2024-09-28T07:47:57.157+0000] {dag.py:4180} INFO - Setting next_dagrun for example_sensors to None, run_after=None
[2024-09-28T07:47:57.165+0000] {processor.py:208} INFO - Processing /home/airflow/.local/lib/python3.12/site-packages/airflow/example_dags/example_sensors.py took 0.041 seconds
[2024-09-28T07:48:27.571+0000] {processor.py:186} INFO - Started process (PID=800) to work on /home/airflow/.local/lib/python3.12/site-packages/airflow/example_dags/example_sensors.py
[2024-09-28T07:48:27.574+0000] {processor.py:914} INFO - Processing file /home/airflow/.local/lib/python3.12/site-packages/airflow/example_dags/example_sensors.py for tasks to queue
[2024-09-28T07:48:27.578+0000] {logging_mixin.py:190} INFO - [2024-09-28T07:48:27.577+0000] {dagbag.py:588} INFO - Filling up the DagBag from /home/airflow/.local/lib/python3.12/site-packages/airflow/example_dags/example_sensors.py
[2024-09-28T07:48:27.584+0000] {processor.py:925} INFO - DAG(s) 'example_sensors' retrieved from /home/airflow/.local/lib/python3.12/site-packages/airflow/example_dags/example_sensors.py
[2024-09-28T07:48:27.596+0000] {logging_mixin.py:190} INFO - [2024-09-28T07:48:27.596+0000] {dag.py:3239} INFO - Sync 1 DAGs
[2024-09-28T07:48:27.604+0000] {logging_mixin.py:190} INFO - [2024-09-28T07:48:27.604+0000] {dag.py:4180} INFO - Setting next_dagrun for example_sensors to None, run_after=None
[2024-09-28T07:48:27.613+0000] {processor.py:208} INFO - Processing /home/airflow/.local/lib/python3.12/site-packages/airflow/example_dags/example_sensors.py took 0.045 seconds
[2024-09-28T07:48:57.820+0000] {processor.py:186} INFO - Started process (PID=1085) to work on /home/airflow/.local/lib/python3.12/site-packages/airflow/example_dags/example_sensors.py
[2024-09-28T07:48:57.821+0000] {processor.py:914} INFO - Processing file /home/airflow/.local/lib/python3.12/site-packages/airflow/example_dags/example_sensors.py for tasks to queue
[2024-09-28T07:48:57.822+0000] {logging_mixin.py:190} INFO - [2024-09-28T07:48:57.822+0000] {dagbag.py:588} INFO - Filling up the DagBag from /home/airflow/.local/lib/python3.12/site-packages/airflow/example_dags/example_sensors.py
[2024-09-28T07:48:57.827+0000] {processor.py:925} INFO - DAG(s) 'example_sensors' retrieved from /home/airflow/.local/lib/python3.12/site-packages/airflow/example_dags/example_sensors.py
[2024-09-28T07:48:57.839+0000] {logging_mixin.py:190} INFO - [2024-09-28T07:48:57.839+0000] {dag.py:3239} INFO - Sync 1 DAGs
[2024-09-28T07:48:57.845+0000] {logging_mixin.py:190} INFO - [2024-09-28T07:48:57.845+0000] {dag.py:4180} INFO - Setting next_dagrun for example_sensors to None, run_after=None
[2024-09-28T07:48:57.853+0000] {processor.py:208} INFO - Processing /home/airflow/.local/lib/python3.12/site-packages/airflow/example_dags/example_sensors.py took 0.037 seconds
[2024-09-28T07:49:29.004+0000] {processor.py:186} INFO - Started process (PID=1394) to work on /home/airflow/.local/lib/python3.12/site-packages/airflow/example_dags/example_sensors.py
[2024-09-28T07:49:29.005+0000] {processor.py:914} INFO - Processing file /home/airflow/.local/lib/python3.12/site-packages/airflow/example_dags/example_sensors.py for tasks to queue
[2024-09-28T07:49:29.008+0000] {logging_mixin.py:190} INFO - [2024-09-28T07:49:29.008+0000] {dagbag.py:588} INFO - Filling up the DagBag from /home/airflow/.local/lib/python3.12/site-packages/airflow/example_dags/example_sensors.py
[2024-09-28T07:49:29.017+0000] {processor.py:925} INFO - DAG(s) 'example_sensors' retrieved from /home/airflow/.local/lib/python3.12/site-packages/airflow/example_dags/example_sensors.py
[2024-09-28T07:49:29.032+0000] {logging_mixin.py:190} INFO - [2024-09-28T07:49:29.032+0000] {dag.py:3239} INFO - Sync 1 DAGs
[2024-09-28T07:49:29.040+0000] {logging_mixin.py:190} INFO - [2024-09-28T07:49:29.040+0000] {dag.py:4180} INFO - Setting next_dagrun for example_sensors to None, run_after=None
[2024-09-28T07:49:29.050+0000] {processor.py:208} INFO - Processing /home/airflow/.local/lib/python3.12/site-packages/airflow/example_dags/example_sensors.py took 0.050 seconds
[2024-09-28T07:49:59.151+0000] {processor.py:186} INFO - Started process (PID=1680) to work on /home/airflow/.local/lib/python3.12/site-packages/airflow/example_dags/example_sensors.py
[2024-09-28T07:49:59.153+0000] {processor.py:914} INFO - Processing file /home/airflow/.local/lib/python3.12/site-packages/airflow/example_dags/example_sensors.py for tasks to queue
[2024-09-28T07:49:59.155+0000] {logging_mixin.py:190} INFO - [2024-09-28T07:49:59.155+0000] {dagbag.py:588} INFO - Filling up the DagBag from /home/airflow/.local/lib/python3.12/site-packages/airflow/example_dags/example_sensors.py
[2024-09-28T07:49:59.161+0000] {processor.py:925} INFO - DAG(s) 'example_sensors' retrieved from /home/airflow/.local/lib/python3.12/site-packages/airflow/example_dags/example_sensors.py
[2024-09-28T07:49:59.177+0000] {logging_mixin.py:190} INFO - [2024-09-28T07:49:59.176+0000] {dag.py:3239} INFO - Sync 1 DAGs
[2024-09-28T07:49:59.184+0000] {logging_mixin.py:190} INFO - [2024-09-28T07:49:59.183+0000] {dag.py:4180} INFO - Setting next_dagrun for example_sensors to None, run_after=None
[2024-09-28T07:49:59.193+0000] {processor.py:208} INFO - Processing /home/airflow/.local/lib/python3.12/site-packages/airflow/example_dags/example_sensors.py took 0.046 seconds
[2024-09-28T07:50:29.410+0000] {processor.py:186} INFO - Started process (PID=1966) to work on /home/airflow/.local/lib/python3.12/site-packages/airflow/example_dags/example_sensors.py
[2024-09-28T07:50:29.412+0000] {processor.py:914} INFO - Processing file /home/airflow/.local/lib/python3.12/site-packages/airflow/example_dags/example_sensors.py for tasks to queue
[2024-09-28T07:50:29.413+0000] {logging_mixin.py:190} INFO - [2024-09-28T07:50:29.413+0000] {dagbag.py:588} INFO - Filling up the DagBag from /home/airflow/.local/lib/python3.12/site-packages/airflow/example_dags/example_sensors.py
[2024-09-28T07:50:29.420+0000] {processor.py:925} INFO - DAG(s) 'example_sensors' retrieved from /home/airflow/.local/lib/python3.12/site-packages/airflow/example_dags/example_sensors.py
[2024-09-28T07:50:29.443+0000] {logging_mixin.py:190} INFO - [2024-09-28T07:50:29.443+0000] {dag.py:3239} INFO - Sync 1 DAGs
[2024-09-28T07:50:29.451+0000] {logging_mixin.py:190} INFO - [2024-09-28T07:50:29.451+0000] {dag.py:4180} INFO - Setting next_dagrun for example_sensors to None, run_after=None
[2024-09-28T07:50:29.462+0000] {processor.py:208} INFO - Processing /home/airflow/.local/lib/python3.12/site-packages/airflow/example_dags/example_sensors.py took 0.056 seconds
[2024-09-28T07:50:59.797+0000] {processor.py:186} INFO - Started process (PID=2252) to work on /home/airflow/.local/lib/python3.12/site-packages/airflow/example_dags/example_sensors.py
[2024-09-28T07:50:59.800+0000] {processor.py:914} INFO - Processing file /home/airflow/.local/lib/python3.12/site-packages/airflow/example_dags/example_sensors.py for tasks to queue
[2024-09-28T07:50:59.802+0000] {logging_mixin.py:190} INFO - [2024-09-28T07:50:59.802+0000] {dagbag.py:588} INFO - Filling up the DagBag from /home/airflow/.local/lib/python3.12/site-packages/airflow/example_dags/example_sensors.py
[2024-09-28T07:50:59.809+0000] {processor.py:925} INFO - DAG(s) 'example_sensors' retrieved from /home/airflow/.local/lib/python3.12/site-packages/airflow/example_dags/example_sensors.py
[2024-09-28T07:50:59.828+0000] {logging_mixin.py:190} INFO - [2024-09-28T07:50:59.828+0000] {dag.py:3239} INFO - Sync 1 DAGs
[2024-09-28T07:50:59.836+0000] {logging_mixin.py:190} INFO - [2024-09-28T07:50:59.836+0000] {dag.py:4180} INFO - Setting next_dagrun for example_sensors to None, run_after=None
[2024-09-28T07:50:59.845+0000] {processor.py:208} INFO - Processing /home/airflow/.local/lib/python3.12/site-packages/airflow/example_dags/example_sensors.py took 0.053 seconds
[2024-09-28T07:51:30.072+0000] {processor.py:186} INFO - Started process (PID=2542) to work on /home/airflow/.local/lib/python3.12/site-packages/airflow/example_dags/example_sensors.py
[2024-09-28T07:51:30.073+0000] {processor.py:914} INFO - Processing file /home/airflow/.local/lib/python3.12/site-packages/airflow/example_dags/example_sensors.py for tasks to queue
[2024-09-28T07:51:30.077+0000] {logging_mixin.py:190} INFO - [2024-09-28T07:51:30.076+0000] {dagbag.py:588} INFO - Filling up the DagBag from /home/airflow/.local/lib/python3.12/site-packages/airflow/example_dags/example_sensors.py
[2024-09-28T07:51:30.082+0000] {processor.py:925} INFO - DAG(s) 'example_sensors' retrieved from /home/airflow/.local/lib/python3.12/site-packages/airflow/example_dags/example_sensors.py
[2024-09-28T07:51:30.095+0000] {logging_mixin.py:190} INFO - [2024-09-28T07:51:30.095+0000] {dag.py:3239} INFO - Sync 1 DAGs
[2024-09-28T07:51:30.101+0000] {logging_mixin.py:190} INFO - [2024-09-28T07:51:30.101+0000] {dag.py:4180} INFO - Setting next_dagrun for example_sensors to None, run_after=None
[2024-09-28T07:51:30.109+0000] {processor.py:208} INFO - Processing /home/airflow/.local/lib/python3.12/site-packages/airflow/example_dags/example_sensors.py took 0.040 seconds
[2024-09-28T07:52:00.208+0000] {processor.py:186} INFO - Started process (PID=2828) to work on /home/airflow/.local/lib/python3.12/site-packages/airflow/example_dags/example_sensors.py
[2024-09-28T07:52:00.208+0000] {processor.py:914} INFO - Processing file /home/airflow/.local/lib/python3.12/site-packages/airflow/example_dags/example_sensors.py for tasks to queue
[2024-09-28T07:52:00.210+0000] {logging_mixin.py:190} INFO - [2024-09-28T07:52:00.210+0000] {dagbag.py:588} INFO - Filling up the DagBag from /home/airflow/.local/lib/python3.12/site-packages/airflow/example_dags/example_sensors.py
[2024-09-28T07:52:00.216+0000] {processor.py:925} INFO - DAG(s) 'example_sensors' retrieved from /home/airflow/.local/lib/python3.12/site-packages/airflow/example_dags/example_sensors.py
[2024-09-28T07:52:00.229+0000] {logging_mixin.py:190} INFO - [2024-09-28T07:52:00.229+0000] {dag.py:3239} INFO - Sync 1 DAGs
[2024-09-28T07:52:00.237+0000] {logging_mixin.py:190} INFO - [2024-09-28T07:52:00.237+0000] {dag.py:4180} INFO - Setting next_dagrun for example_sensors to None, run_after=None
[2024-09-28T07:52:00.247+0000] {processor.py:208} INFO - Processing /home/airflow/.local/lib/python3.12/site-packages/airflow/example_dags/example_sensors.py took 0.044 seconds
[2024-09-28T07:52:31.414+0000] {processor.py:186} INFO - Started process (PID=3114) to work on /home/airflow/.local/lib/python3.12/site-packages/airflow/example_dags/example_sensors.py
[2024-09-28T07:52:31.415+0000] {processor.py:914} INFO - Processing file /home/airflow/.local/lib/python3.12/site-packages/airflow/example_dags/example_sensors.py for tasks to queue
[2024-09-28T07:52:31.417+0000] {logging_mixin.py:190} INFO - [2024-09-28T07:52:31.417+0000] {dagbag.py:588} INFO - Filling up the DagBag from /home/airflow/.local/lib/python3.12/site-packages/airflow/example_dags/example_sensors.py
[2024-09-28T07:52:31.423+0000] {processor.py:925} INFO - DAG(s) 'example_sensors' retrieved from /home/airflow/.local/lib/python3.12/site-packages/airflow/example_dags/example_sensors.py
[2024-09-28T07:52:31.436+0000] {logging_mixin.py:190} INFO - [2024-09-28T07:52:31.435+0000] {dag.py:3239} INFO - Sync 1 DAGs
[2024-09-28T07:52:31.446+0000] {logging_mixin.py:190} INFO - [2024-09-28T07:52:31.445+0000] {dag.py:4180} INFO - Setting next_dagrun for example_sensors to None, run_after=None
[2024-09-28T07:52:31.455+0000] {processor.py:208} INFO - Processing /home/airflow/.local/lib/python3.12/site-packages/airflow/example_dags/example_sensors.py took 0.044 seconds
[2024-09-28T07:53:01.665+0000] {processor.py:186} INFO - Started process (PID=3400) to work on /home/airflow/.local/lib/python3.12/site-packages/airflow/example_dags/example_sensors.py
[2024-09-28T07:53:01.667+0000] {processor.py:914} INFO - Processing file /home/airflow/.local/lib/python3.12/site-packages/airflow/example_dags/example_sensors.py for tasks to queue
[2024-09-28T07:53:01.668+0000] {logging_mixin.py:190} INFO - [2024-09-28T07:53:01.668+0000] {dagbag.py:588} INFO - Filling up the DagBag from /home/airflow/.local/lib/python3.12/site-packages/airflow/example_dags/example_sensors.py
[2024-09-28T07:53:01.674+0000] {processor.py:925} INFO - DAG(s) 'example_sensors' retrieved from /home/airflow/.local/lib/python3.12/site-packages/airflow/example_dags/example_sensors.py
[2024-09-28T07:53:01.688+0000] {logging_mixin.py:190} INFO - [2024-09-28T07:53:01.687+0000] {dag.py:3239} INFO - Sync 1 DAGs
[2024-09-28T07:53:01.696+0000] {logging_mixin.py:190} INFO - [2024-09-28T07:53:01.696+0000] {dag.py:4180} INFO - Setting next_dagrun for example_sensors to None, run_after=None
[2024-09-28T07:53:01.707+0000] {processor.py:208} INFO - Processing /home/airflow/.local/lib/python3.12/site-packages/airflow/example_dags/example_sensors.py took 0.044 seconds
[2024-09-28T07:53:32.000+0000] {processor.py:186} INFO - Started process (PID=3686) to work on /home/airflow/.local/lib/python3.12/site-packages/airflow/example_dags/example_sensors.py
[2024-09-28T07:53:32.004+0000] {processor.py:914} INFO - Processing file /home/airflow/.local/lib/python3.12/site-packages/airflow/example_dags/example_sensors.py for tasks to queue
[2024-09-28T07:53:32.005+0000] {logging_mixin.py:190} INFO - [2024-09-28T07:53:32.005+0000] {dagbag.py:588} INFO - Filling up the DagBag from /home/airflow/.local/lib/python3.12/site-packages/airflow/example_dags/example_sensors.py
[2024-09-28T07:53:32.012+0000] {processor.py:925} INFO - DAG(s) 'example_sensors' retrieved from /home/airflow/.local/lib/python3.12/site-packages/airflow/example_dags/example_sensors.py
[2024-09-28T07:53:32.029+0000] {logging_mixin.py:190} INFO - [2024-09-28T07:53:32.028+0000] {dag.py:3239} INFO - Sync 1 DAGs
[2024-09-28T07:53:32.036+0000] {logging_mixin.py:190} INFO - [2024-09-28T07:53:32.035+0000] {dag.py:4180} INFO - Setting next_dagrun for example_sensors to None, run_after=None
[2024-09-28T07:53:32.045+0000] {processor.py:208} INFO - Processing /home/airflow/.local/lib/python3.12/site-packages/airflow/example_dags/example_sensors.py took 0.050 seconds
[2024-09-28T07:54:02.252+0000] {processor.py:186} INFO - Started process (PID=3972) to work on /home/airflow/.local/lib/python3.12/site-packages/airflow/example_dags/example_sensors.py
[2024-09-28T07:54:02.253+0000] {processor.py:914} INFO - Processing file /home/airflow/.local/lib/python3.12/site-packages/airflow/example_dags/example_sensors.py for tasks to queue
[2024-09-28T07:54:02.254+0000] {logging_mixin.py:190} INFO - [2024-09-28T07:54:02.254+0000] {dagbag.py:588} INFO - Filling up the DagBag from /home/airflow/.local/lib/python3.12/site-packages/airflow/example_dags/example_sensors.py
[2024-09-28T07:54:02.260+0000] {processor.py:925} INFO - DAG(s) 'example_sensors' retrieved from /home/airflow/.local/lib/python3.12/site-packages/airflow/example_dags/example_sensors.py
[2024-09-28T07:54:02.273+0000] {logging_mixin.py:190} INFO - [2024-09-28T07:54:02.273+0000] {dag.py:3239} INFO - Sync 1 DAGs
[2024-09-28T07:54:02.281+0000] {logging_mixin.py:190} INFO - [2024-09-28T07:54:02.281+0000] {dag.py:4180} INFO - Setting next_dagrun for example_sensors to None, run_after=None
[2024-09-28T07:54:02.293+0000] {processor.py:208} INFO - Processing /home/airflow/.local/lib/python3.12/site-packages/airflow/example_dags/example_sensors.py took 0.044 seconds
[2024-09-28T07:54:32.515+0000] {processor.py:186} INFO - Started process (PID=4258) to work on /home/airflow/.local/lib/python3.12/site-packages/airflow/example_dags/example_sensors.py
[2024-09-28T07:54:32.516+0000] {processor.py:914} INFO - Processing file /home/airflow/.local/lib/python3.12/site-packages/airflow/example_dags/example_sensors.py for tasks to queue
[2024-09-28T07:54:32.517+0000] {logging_mixin.py:190} INFO - [2024-09-28T07:54:32.517+0000] {dagbag.py:588} INFO - Filling up the DagBag from /home/airflow/.local/lib/python3.12/site-packages/airflow/example_dags/example_sensors.py
[2024-09-28T07:54:32.524+0000] {processor.py:925} INFO - DAG(s) 'example_sensors' retrieved from /home/airflow/.local/lib/python3.12/site-packages/airflow/example_dags/example_sensors.py
[2024-09-28T07:54:32.540+0000] {logging_mixin.py:190} INFO - [2024-09-28T07:54:32.540+0000] {dag.py:3239} INFO - Sync 1 DAGs
[2024-09-28T07:54:32.548+0000] {logging_mixin.py:190} INFO - [2024-09-28T07:54:32.548+0000] {dag.py:4180} INFO - Setting next_dagrun for example_sensors to None, run_after=None
[2024-09-28T07:54:32.559+0000] {processor.py:208} INFO - Processing /home/airflow/.local/lib/python3.12/site-packages/airflow/example_dags/example_sensors.py took 0.049 seconds
[2024-09-28T07:55:03.096+0000] {processor.py:186} INFO - Started process (PID=4546) to work on /home/airflow/.local/lib/python3.12/site-packages/airflow/example_dags/example_sensors.py
[2024-09-28T07:55:03.097+0000] {processor.py:914} INFO - Processing file /home/airflow/.local/lib/python3.12/site-packages/airflow/example_dags/example_sensors.py for tasks to queue
[2024-09-28T07:55:03.098+0000] {logging_mixin.py:190} INFO - [2024-09-28T07:55:03.098+0000] {dagbag.py:588} INFO - Filling up the DagBag from /home/airflow/.local/lib/python3.12/site-packages/airflow/example_dags/example_sensors.py
[2024-09-28T07:55:03.104+0000] {processor.py:925} INFO - DAG(s) 'example_sensors' retrieved from /home/airflow/.local/lib/python3.12/site-packages/airflow/example_dags/example_sensors.py
[2024-09-28T07:55:03.117+0000] {logging_mixin.py:190} INFO - [2024-09-28T07:55:03.117+0000] {dag.py:3239} INFO - Sync 1 DAGs
[2024-09-28T07:55:03.128+0000] {logging_mixin.py:190} INFO - [2024-09-28T07:55:03.128+0000] {dag.py:4180} INFO - Setting next_dagrun for example_sensors to None, run_after=None
[2024-09-28T07:55:03.139+0000] {processor.py:208} INFO - Processing /home/airflow/.local/lib/python3.12/site-packages/airflow/example_dags/example_sensors.py took 0.046 seconds
[2024-09-28T07:55:33.384+0000] {processor.py:186} INFO - Started process (PID=4832) to work on /home/airflow/.local/lib/python3.12/site-packages/airflow/example_dags/example_sensors.py
[2024-09-28T07:55:33.385+0000] {processor.py:914} INFO - Processing file /home/airflow/.local/lib/python3.12/site-packages/airflow/example_dags/example_sensors.py for tasks to queue
[2024-09-28T07:55:33.386+0000] {logging_mixin.py:190} INFO - [2024-09-28T07:55:33.386+0000] {dagbag.py:588} INFO - Filling up the DagBag from /home/airflow/.local/lib/python3.12/site-packages/airflow/example_dags/example_sensors.py
[2024-09-28T07:55:33.392+0000] {processor.py:925} INFO - DAG(s) 'example_sensors' retrieved from /home/airflow/.local/lib/python3.12/site-packages/airflow/example_dags/example_sensors.py
[2024-09-28T07:55:33.404+0000] {logging_mixin.py:190} INFO - [2024-09-28T07:55:33.404+0000] {dag.py:3239} INFO - Sync 1 DAGs
[2024-09-28T07:55:33.411+0000] {logging_mixin.py:190} INFO - [2024-09-28T07:55:33.411+0000] {dag.py:4180} INFO - Setting next_dagrun for example_sensors to None, run_after=None
[2024-09-28T07:55:33.418+0000] {processor.py:208} INFO - Processing /home/airflow/.local/lib/python3.12/site-packages/airflow/example_dags/example_sensors.py took 0.037 seconds
[2024-09-28T07:56:03.810+0000] {processor.py:186} INFO - Started process (PID=5116) to work on /home/airflow/.local/lib/python3.12/site-packages/airflow/example_dags/example_sensors.py
[2024-09-28T07:56:03.811+0000] {processor.py:914} INFO - Processing file /home/airflow/.local/lib/python3.12/site-packages/airflow/example_dags/example_sensors.py for tasks to queue
[2024-09-28T07:56:03.813+0000] {logging_mixin.py:190} INFO - [2024-09-28T07:56:03.813+0000] {dagbag.py:588} INFO - Filling up the DagBag from /home/airflow/.local/lib/python3.12/site-packages/airflow/example_dags/example_sensors.py
[2024-09-28T07:56:03.818+0000] {processor.py:925} INFO - DAG(s) 'example_sensors' retrieved from /home/airflow/.local/lib/python3.12/site-packages/airflow/example_dags/example_sensors.py
[2024-09-28T07:56:03.831+0000] {logging_mixin.py:190} INFO - [2024-09-28T07:56:03.831+0000] {dag.py:3239} INFO - Sync 1 DAGs
[2024-09-28T07:56:03.841+0000] {logging_mixin.py:190} INFO - [2024-09-28T07:56:03.841+0000] {dag.py:4180} INFO - Setting next_dagrun for example_sensors to None, run_after=None
[2024-09-28T07:56:03.856+0000] {processor.py:208} INFO - Processing /home/airflow/.local/lib/python3.12/site-packages/airflow/example_dags/example_sensors.py took 0.049 seconds
[2024-09-28T07:56:34.208+0000] {processor.py:186} INFO - Started process (PID=5404) to work on /home/airflow/.local/lib/python3.12/site-packages/airflow/example_dags/example_sensors.py
[2024-09-28T07:56:34.209+0000] {processor.py:914} INFO - Processing file /home/airflow/.local/lib/python3.12/site-packages/airflow/example_dags/example_sensors.py for tasks to queue
[2024-09-28T07:56:34.210+0000] {logging_mixin.py:190} INFO - [2024-09-28T07:56:34.210+0000] {dagbag.py:588} INFO - Filling up the DagBag from /home/airflow/.local/lib/python3.12/site-packages/airflow/example_dags/example_sensors.py
[2024-09-28T07:56:34.215+0000] {processor.py:925} INFO - DAG(s) 'example_sensors' retrieved from /home/airflow/.local/lib/python3.12/site-packages/airflow/example_dags/example_sensors.py
[2024-09-28T07:56:34.228+0000] {logging_mixin.py:190} INFO - [2024-09-28T07:56:34.228+0000] {dag.py:3239} INFO - Sync 1 DAGs
[2024-09-28T07:56:34.234+0000] {logging_mixin.py:190} INFO - [2024-09-28T07:56:34.234+0000] {dag.py:4180} INFO - Setting next_dagrun for example_sensors to None, run_after=None
[2024-09-28T07:56:34.242+0000] {processor.py:208} INFO - Processing /home/airflow/.local/lib/python3.12/site-packages/airflow/example_dags/example_sensors.py took 0.037 seconds
[2024-09-28T07:57:04.499+0000] {processor.py:186} INFO - Started process (PID=5690) to work on /home/airflow/.local/lib/python3.12/site-packages/airflow/example_dags/example_sensors.py
[2024-09-28T07:57:04.500+0000] {processor.py:914} INFO - Processing file /home/airflow/.local/lib/python3.12/site-packages/airflow/example_dags/example_sensors.py for tasks to queue
[2024-09-28T07:57:04.502+0000] {logging_mixin.py:190} INFO - [2024-09-28T07:57:04.501+0000] {dagbag.py:588} INFO - Filling up the DagBag from /home/airflow/.local/lib/python3.12/site-packages/airflow/example_dags/example_sensors.py
[2024-09-28T07:57:04.508+0000] {processor.py:925} INFO - DAG(s) 'example_sensors' retrieved from /home/airflow/.local/lib/python3.12/site-packages/airflow/example_dags/example_sensors.py
[2024-09-28T07:57:04.524+0000] {logging_mixin.py:190} INFO - [2024-09-28T07:57:04.523+0000] {dag.py:3239} INFO - Sync 1 DAGs
[2024-09-28T07:57:04.531+0000] {logging_mixin.py:190} INFO - [2024-09-28T07:57:04.531+0000] {dag.py:4180} INFO - Setting next_dagrun for example_sensors to None, run_after=None
[2024-09-28T07:57:04.541+0000] {processor.py:208} INFO - Processing /home/airflow/.local/lib/python3.12/site-packages/airflow/example_dags/example_sensors.py took 0.045 seconds
[2024-09-28T07:57:34.869+0000] {processor.py:186} INFO - Started process (PID=5974) to work on /home/airflow/.local/lib/python3.12/site-packages/airflow/example_dags/example_sensors.py
[2024-09-28T07:57:34.873+0000] {processor.py:914} INFO - Processing file /home/airflow/.local/lib/python3.12/site-packages/airflow/example_dags/example_sensors.py for tasks to queue
[2024-09-28T07:57:34.875+0000] {logging_mixin.py:190} INFO - [2024-09-28T07:57:34.874+0000] {dagbag.py:588} INFO - Filling up the DagBag from /home/airflow/.local/lib/python3.12/site-packages/airflow/example_dags/example_sensors.py
[2024-09-28T07:57:34.881+0000] {processor.py:925} INFO - DAG(s) 'example_sensors' retrieved from /home/airflow/.local/lib/python3.12/site-packages/airflow/example_dags/example_sensors.py
[2024-09-28T07:57:34.895+0000] {logging_mixin.py:190} INFO - [2024-09-28T07:57:34.895+0000] {dag.py:3239} INFO - Sync 1 DAGs
[2024-09-28T07:57:34.902+0000] {logging_mixin.py:190} INFO - [2024-09-28T07:57:34.902+0000] {dag.py:4180} INFO - Setting next_dagrun for example_sensors to None, run_after=None
[2024-09-28T07:57:34.912+0000] {processor.py:208} INFO - Processing /home/airflow/.local/lib/python3.12/site-packages/airflow/example_dags/example_sensors.py took 0.047 seconds
[2024-09-28T07:58:05.108+0000] {processor.py:186} INFO - Started process (PID=6261) to work on /home/airflow/.local/lib/python3.12/site-packages/airflow/example_dags/example_sensors.py
[2024-09-28T07:58:05.109+0000] {processor.py:914} INFO - Processing file /home/airflow/.local/lib/python3.12/site-packages/airflow/example_dags/example_sensors.py for tasks to queue
[2024-09-28T07:58:05.111+0000] {logging_mixin.py:190} INFO - [2024-09-28T07:58:05.110+0000] {dagbag.py:588} INFO - Filling up the DagBag from /home/airflow/.local/lib/python3.12/site-packages/airflow/example_dags/example_sensors.py
[2024-09-28T07:58:05.116+0000] {processor.py:925} INFO - DAG(s) 'example_sensors' retrieved from /home/airflow/.local/lib/python3.12/site-packages/airflow/example_dags/example_sensors.py
[2024-09-28T07:58:05.129+0000] {logging_mixin.py:190} INFO - [2024-09-28T07:58:05.129+0000] {dag.py:3239} INFO - Sync 1 DAGs
[2024-09-28T07:58:05.136+0000] {logging_mixin.py:190} INFO - [2024-09-28T07:58:05.136+0000] {dag.py:4180} INFO - Setting next_dagrun for example_sensors to None, run_after=None
[2024-09-28T07:58:05.144+0000] {processor.py:208} INFO - Processing /home/airflow/.local/lib/python3.12/site-packages/airflow/example_dags/example_sensors.py took 0.040 seconds
[2024-09-28T07:58:35.517+0000] {processor.py:186} INFO - Started process (PID=6545) to work on /home/airflow/.local/lib/python3.12/site-packages/airflow/example_dags/example_sensors.py
[2024-09-28T07:58:35.518+0000] {processor.py:914} INFO - Processing file /home/airflow/.local/lib/python3.12/site-packages/airflow/example_dags/example_sensors.py for tasks to queue
[2024-09-28T07:58:35.519+0000] {logging_mixin.py:190} INFO - [2024-09-28T07:58:35.519+0000] {dagbag.py:588} INFO - Filling up the DagBag from /home/airflow/.local/lib/python3.12/site-packages/airflow/example_dags/example_sensors.py
[2024-09-28T07:58:35.526+0000] {processor.py:925} INFO - DAG(s) 'example_sensors' retrieved from /home/airflow/.local/lib/python3.12/site-packages/airflow/example_dags/example_sensors.py
[2024-09-28T07:58:35.539+0000] {logging_mixin.py:190} INFO - [2024-09-28T07:58:35.539+0000] {dag.py:3239} INFO - Sync 1 DAGs
[2024-09-28T07:58:35.546+0000] {logging_mixin.py:190} INFO - [2024-09-28T07:58:35.546+0000] {dag.py:4180} INFO - Setting next_dagrun for example_sensors to None, run_after=None
[2024-09-28T07:58:35.555+0000] {processor.py:208} INFO - Processing /home/airflow/.local/lib/python3.12/site-packages/airflow/example_dags/example_sensors.py took 0.041 seconds
[2024-09-28T07:59:05.880+0000] {processor.py:186} INFO - Started process (PID=6831) to work on /home/airflow/.local/lib/python3.12/site-packages/airflow/example_dags/example_sensors.py
[2024-09-28T07:59:05.881+0000] {processor.py:914} INFO - Processing file /home/airflow/.local/lib/python3.12/site-packages/airflow/example_dags/example_sensors.py for tasks to queue
[2024-09-28T07:59:05.883+0000] {logging_mixin.py:190} INFO - [2024-09-28T07:59:05.883+0000] {dagbag.py:588} INFO - Filling up the DagBag from /home/airflow/.local/lib/python3.12/site-packages/airflow/example_dags/example_sensors.py
[2024-09-28T07:59:05.889+0000] {processor.py:925} INFO - DAG(s) 'example_sensors' retrieved from /home/airflow/.local/lib/python3.12/site-packages/airflow/example_dags/example_sensors.py
[2024-09-28T07:59:05.907+0000] {logging_mixin.py:190} INFO - [2024-09-28T07:59:05.906+0000] {dag.py:3239} INFO - Sync 1 DAGs
[2024-09-28T07:59:05.915+0000] {logging_mixin.py:190} INFO - [2024-09-28T07:59:05.915+0000] {dag.py:4180} INFO - Setting next_dagrun for example_sensors to None, run_after=None
[2024-09-28T07:59:05.930+0000] {processor.py:208} INFO - Processing /home/airflow/.local/lib/python3.12/site-packages/airflow/example_dags/example_sensors.py took 0.053 seconds
[2024-09-28T07:59:36.426+0000] {processor.py:186} INFO - Started process (PID=7117) to work on /home/airflow/.local/lib/python3.12/site-packages/airflow/example_dags/example_sensors.py
[2024-09-28T07:59:36.427+0000] {processor.py:914} INFO - Processing file /home/airflow/.local/lib/python3.12/site-packages/airflow/example_dags/example_sensors.py for tasks to queue
[2024-09-28T07:59:36.429+0000] {logging_mixin.py:190} INFO - [2024-09-28T07:59:36.428+0000] {dagbag.py:588} INFO - Filling up the DagBag from /home/airflow/.local/lib/python3.12/site-packages/airflow/example_dags/example_sensors.py
[2024-09-28T07:59:36.434+0000] {processor.py:925} INFO - DAG(s) 'example_sensors' retrieved from /home/airflow/.local/lib/python3.12/site-packages/airflow/example_dags/example_sensors.py
[2024-09-28T07:59:36.449+0000] {logging_mixin.py:190} INFO - [2024-09-28T07:59:36.449+0000] {dag.py:3239} INFO - Sync 1 DAGs
[2024-09-28T07:59:36.456+0000] {logging_mixin.py:190} INFO - [2024-09-28T07:59:36.455+0000] {dag.py:4180} INFO - Setting next_dagrun for example_sensors to None, run_after=None
[2024-09-28T07:59:36.469+0000] {processor.py:208} INFO - Processing /home/airflow/.local/lib/python3.12/site-packages/airflow/example_dags/example_sensors.py took 0.046 seconds
[2024-09-28T08:00:06.802+0000] {processor.py:186} INFO - Started process (PID=7403) to work on /home/airflow/.local/lib/python3.12/site-packages/airflow/example_dags/example_sensors.py
[2024-09-28T08:00:06.803+0000] {processor.py:914} INFO - Processing file /home/airflow/.local/lib/python3.12/site-packages/airflow/example_dags/example_sensors.py for tasks to queue
[2024-09-28T08:00:06.806+0000] {logging_mixin.py:190} INFO - [2024-09-28T08:00:06.806+0000] {dagbag.py:588} INFO - Filling up the DagBag from /home/airflow/.local/lib/python3.12/site-packages/airflow/example_dags/example_sensors.py
[2024-09-28T08:00:06.813+0000] {processor.py:925} INFO - DAG(s) 'example_sensors' retrieved from /home/airflow/.local/lib/python3.12/site-packages/airflow/example_dags/example_sensors.py
[2024-09-28T08:00:06.828+0000] {logging_mixin.py:190} INFO - [2024-09-28T08:00:06.828+0000] {dag.py:3239} INFO - Sync 1 DAGs
[2024-09-28T08:00:06.835+0000] {logging_mixin.py:190} INFO - [2024-09-28T08:00:06.835+0000] {dag.py:4180} INFO - Setting next_dagrun for example_sensors to None, run_after=None
[2024-09-28T08:00:06.845+0000] {processor.py:208} INFO - Processing /home/airflow/.local/lib/python3.12/site-packages/airflow/example_dags/example_sensors.py took 0.046 seconds
[2024-09-28T08:00:37.151+0000] {processor.py:186} INFO - Started process (PID=7689) to work on /home/airflow/.local/lib/python3.12/site-packages/airflow/example_dags/example_sensors.py
[2024-09-28T08:00:37.153+0000] {processor.py:914} INFO - Processing file /home/airflow/.local/lib/python3.12/site-packages/airflow/example_dags/example_sensors.py for tasks to queue
[2024-09-28T08:00:37.154+0000] {logging_mixin.py:190} INFO - [2024-09-28T08:00:37.154+0000] {dagbag.py:588} INFO - Filling up the DagBag from /home/airflow/.local/lib/python3.12/site-packages/airflow/example_dags/example_sensors.py
[2024-09-28T08:00:37.161+0000] {processor.py:925} INFO - DAG(s) 'example_sensors' retrieved from /home/airflow/.local/lib/python3.12/site-packages/airflow/example_dags/example_sensors.py
[2024-09-28T08:00:37.174+0000] {logging_mixin.py:190} INFO - [2024-09-28T08:00:37.173+0000] {dag.py:3239} INFO - Sync 1 DAGs
[2024-09-28T08:00:37.183+0000] {logging_mixin.py:190} INFO - [2024-09-28T08:00:37.183+0000] {dag.py:4180} INFO - Setting next_dagrun for example_sensors to None, run_after=None
[2024-09-28T08:00:37.196+0000] {processor.py:208} INFO - Processing /home/airflow/.local/lib/python3.12/site-packages/airflow/example_dags/example_sensors.py took 0.049 seconds
[2024-09-28T08:01:07.760+0000] {processor.py:186} INFO - Started process (PID=7975) to work on /home/airflow/.local/lib/python3.12/site-packages/airflow/example_dags/example_sensors.py
[2024-09-28T08:01:07.761+0000] {processor.py:914} INFO - Processing file /home/airflow/.local/lib/python3.12/site-packages/airflow/example_dags/example_sensors.py for tasks to queue
[2024-09-28T08:01:07.762+0000] {logging_mixin.py:190} INFO - [2024-09-28T08:01:07.762+0000] {dagbag.py:588} INFO - Filling up the DagBag from /home/airflow/.local/lib/python3.12/site-packages/airflow/example_dags/example_sensors.py
[2024-09-28T08:01:07.768+0000] {processor.py:925} INFO - DAG(s) 'example_sensors' retrieved from /home/airflow/.local/lib/python3.12/site-packages/airflow/example_dags/example_sensors.py
[2024-09-28T08:01:07.783+0000] {logging_mixin.py:190} INFO - [2024-09-28T08:01:07.783+0000] {dag.py:3239} INFO - Sync 1 DAGs
[2024-09-28T08:01:07.790+0000] {logging_mixin.py:190} INFO - [2024-09-28T08:01:07.790+0000] {dag.py:4180} INFO - Setting next_dagrun for example_sensors to None, run_after=None
[2024-09-28T08:01:07.800+0000] {processor.py:208} INFO - Processing /home/airflow/.local/lib/python3.12/site-packages/airflow/example_dags/example_sensors.py took 0.044 seconds
[2024-09-28T08:01:38.341+0000] {processor.py:186} INFO - Started process (PID=8261) to work on /home/airflow/.local/lib/python3.12/site-packages/airflow/example_dags/example_sensors.py
[2024-09-28T08:01:38.342+0000] {processor.py:914} INFO - Processing file /home/airflow/.local/lib/python3.12/site-packages/airflow/example_dags/example_sensors.py for tasks to queue
[2024-09-28T08:01:38.344+0000] {logging_mixin.py:190} INFO - [2024-09-28T08:01:38.343+0000] {dagbag.py:588} INFO - Filling up the DagBag from /home/airflow/.local/lib/python3.12/site-packages/airflow/example_dags/example_sensors.py
[2024-09-28T08:01:38.349+0000] {processor.py:925} INFO - DAG(s) 'example_sensors' retrieved from /home/airflow/.local/lib/python3.12/site-packages/airflow/example_dags/example_sensors.py
[2024-09-28T08:01:38.368+0000] {logging_mixin.py:190} INFO - [2024-09-28T08:01:38.368+0000] {dag.py:3239} INFO - Sync 1 DAGs
[2024-09-28T08:01:38.375+0000] {logging_mixin.py:190} INFO - [2024-09-28T08:01:38.375+0000] {dag.py:4180} INFO - Setting next_dagrun for example_sensors to None, run_after=None
[2024-09-28T08:01:38.387+0000] {processor.py:208} INFO - Processing /home/airflow/.local/lib/python3.12/site-packages/airflow/example_dags/example_sensors.py took 0.049 seconds
[2024-09-28T08:02:09.026+0000] {processor.py:186} INFO - Started process (PID=8547) to work on /home/airflow/.local/lib/python3.12/site-packages/airflow/example_dags/example_sensors.py
[2024-09-28T08:02:09.028+0000] {processor.py:914} INFO - Processing file /home/airflow/.local/lib/python3.12/site-packages/airflow/example_dags/example_sensors.py for tasks to queue
[2024-09-28T08:02:09.032+0000] {logging_mixin.py:190} INFO - [2024-09-28T08:02:09.032+0000] {dagbag.py:588} INFO - Filling up the DagBag from /home/airflow/.local/lib/python3.12/site-packages/airflow/example_dags/example_sensors.py
[2024-09-28T08:02:09.055+0000] {processor.py:925} INFO - DAG(s) 'example_sensors' retrieved from /home/airflow/.local/lib/python3.12/site-packages/airflow/example_dags/example_sensors.py
[2024-09-28T08:02:09.071+0000] {logging_mixin.py:190} INFO - [2024-09-28T08:02:09.071+0000] {dag.py:3239} INFO - Sync 1 DAGs
[2024-09-28T08:02:09.082+0000] {logging_mixin.py:190} INFO - [2024-09-28T08:02:09.082+0000] {dag.py:4180} INFO - Setting next_dagrun for example_sensors to None, run_after=None
[2024-09-28T08:02:09.094+0000] {processor.py:208} INFO - Processing /home/airflow/.local/lib/python3.12/site-packages/airflow/example_dags/example_sensors.py took 0.074 seconds
[2024-09-28T08:02:39.762+0000] {processor.py:186} INFO - Started process (PID=8833) to work on /home/airflow/.local/lib/python3.12/site-packages/airflow/example_dags/example_sensors.py
[2024-09-28T08:02:39.763+0000] {processor.py:914} INFO - Processing file /home/airflow/.local/lib/python3.12/site-packages/airflow/example_dags/example_sensors.py for tasks to queue
[2024-09-28T08:02:39.765+0000] {logging_mixin.py:190} INFO - [2024-09-28T08:02:39.764+0000] {dagbag.py:588} INFO - Filling up the DagBag from /home/airflow/.local/lib/python3.12/site-packages/airflow/example_dags/example_sensors.py
[2024-09-28T08:02:39.770+0000] {processor.py:925} INFO - DAG(s) 'example_sensors' retrieved from /home/airflow/.local/lib/python3.12/site-packages/airflow/example_dags/example_sensors.py
[2024-09-28T08:02:39.785+0000] {logging_mixin.py:190} INFO - [2024-09-28T08:02:39.785+0000] {dag.py:3239} INFO - Sync 1 DAGs
[2024-09-28T08:02:39.793+0000] {logging_mixin.py:190} INFO - [2024-09-28T08:02:39.793+0000] {dag.py:4180} INFO - Setting next_dagrun for example_sensors to None, run_after=None
[2024-09-28T08:02:39.802+0000] {processor.py:208} INFO - Processing /home/airflow/.local/lib/python3.12/site-packages/airflow/example_dags/example_sensors.py took 0.043 seconds
[2024-09-28T08:03:10.362+0000] {processor.py:186} INFO - Started process (PID=9121) to work on /home/airflow/.local/lib/python3.12/site-packages/airflow/example_dags/example_sensors.py
[2024-09-28T08:03:10.365+0000] {processor.py:914} INFO - Processing file /home/airflow/.local/lib/python3.12/site-packages/airflow/example_dags/example_sensors.py for tasks to queue
[2024-09-28T08:03:10.366+0000] {logging_mixin.py:190} INFO - [2024-09-28T08:03:10.366+0000] {dagbag.py:588} INFO - Filling up the DagBag from /home/airflow/.local/lib/python3.12/site-packages/airflow/example_dags/example_sensors.py
[2024-09-28T08:03:10.372+0000] {processor.py:925} INFO - DAG(s) 'example_sensors' retrieved from /home/airflow/.local/lib/python3.12/site-packages/airflow/example_dags/example_sensors.py
[2024-09-28T08:03:10.385+0000] {logging_mixin.py:190} INFO - [2024-09-28T08:03:10.384+0000] {dag.py:3239} INFO - Sync 1 DAGs
[2024-09-28T08:03:10.392+0000] {logging_mixin.py:190} INFO - [2024-09-28T08:03:10.392+0000] {dag.py:4180} INFO - Setting next_dagrun for example_sensors to None, run_after=None
[2024-09-28T08:03:10.402+0000] {processor.py:208} INFO - Processing /home/airflow/.local/lib/python3.12/site-packages/airflow/example_dags/example_sensors.py took 0.043 seconds
[2024-09-28T08:03:40.833+0000] {processor.py:186} INFO - Started process (PID=9405) to work on /home/airflow/.local/lib/python3.12/site-packages/airflow/example_dags/example_sensors.py
[2024-09-28T08:03:40.834+0000] {processor.py:914} INFO - Processing file /home/airflow/.local/lib/python3.12/site-packages/airflow/example_dags/example_sensors.py for tasks to queue
[2024-09-28T08:03:40.835+0000] {logging_mixin.py:190} INFO - [2024-09-28T08:03:40.834+0000] {dagbag.py:588} INFO - Filling up the DagBag from /home/airflow/.local/lib/python3.12/site-packages/airflow/example_dags/example_sensors.py
[2024-09-28T08:03:40.841+0000] {processor.py:925} INFO - DAG(s) 'example_sensors' retrieved from /home/airflow/.local/lib/python3.12/site-packages/airflow/example_dags/example_sensors.py
[2024-09-28T08:03:40.854+0000] {logging_mixin.py:190} INFO - [2024-09-28T08:03:40.853+0000] {dag.py:3239} INFO - Sync 1 DAGs
[2024-09-28T08:03:40.860+0000] {logging_mixin.py:190} INFO - [2024-09-28T08:03:40.860+0000] {dag.py:4180} INFO - Setting next_dagrun for example_sensors to None, run_after=None
[2024-09-28T08:03:40.868+0000] {processor.py:208} INFO - Processing /home/airflow/.local/lib/python3.12/site-packages/airflow/example_dags/example_sensors.py took 0.039 seconds
[2024-09-28T08:04:11.436+0000] {processor.py:186} INFO - Started process (PID=9691) to work on /home/airflow/.local/lib/python3.12/site-packages/airflow/example_dags/example_sensors.py
[2024-09-28T08:04:11.439+0000] {processor.py:914} INFO - Processing file /home/airflow/.local/lib/python3.12/site-packages/airflow/example_dags/example_sensors.py for tasks to queue
[2024-09-28T08:04:11.440+0000] {logging_mixin.py:190} INFO - [2024-09-28T08:04:11.440+0000] {dagbag.py:588} INFO - Filling up the DagBag from /home/airflow/.local/lib/python3.12/site-packages/airflow/example_dags/example_sensors.py
[2024-09-28T08:04:11.447+0000] {processor.py:925} INFO - DAG(s) 'example_sensors' retrieved from /home/airflow/.local/lib/python3.12/site-packages/airflow/example_dags/example_sensors.py
[2024-09-28T08:04:11.460+0000] {logging_mixin.py:190} INFO - [2024-09-28T08:04:11.460+0000] {dag.py:3239} INFO - Sync 1 DAGs
[2024-09-28T08:04:11.467+0000] {logging_mixin.py:190} INFO - [2024-09-28T08:04:11.466+0000] {dag.py:4180} INFO - Setting next_dagrun for example_sensors to None, run_after=None
[2024-09-28T08:04:11.475+0000] {processor.py:208} INFO - Processing /home/airflow/.local/lib/python3.12/site-packages/airflow/example_dags/example_sensors.py took 0.042 seconds
[2024-09-28T08:04:42.066+0000] {processor.py:186} INFO - Started process (PID=9977) to work on /home/airflow/.local/lib/python3.12/site-packages/airflow/example_dags/example_sensors.py
[2024-09-28T08:04:42.068+0000] {processor.py:914} INFO - Processing file /home/airflow/.local/lib/python3.12/site-packages/airflow/example_dags/example_sensors.py for tasks to queue
[2024-09-28T08:04:42.069+0000] {logging_mixin.py:190} INFO - [2024-09-28T08:04:42.069+0000] {dagbag.py:588} INFO - Filling up the DagBag from /home/airflow/.local/lib/python3.12/site-packages/airflow/example_dags/example_sensors.py
[2024-09-28T08:04:42.075+0000] {processor.py:925} INFO - DAG(s) 'example_sensors' retrieved from /home/airflow/.local/lib/python3.12/site-packages/airflow/example_dags/example_sensors.py
[2024-09-28T08:04:42.087+0000] {logging_mixin.py:190} INFO - [2024-09-28T08:04:42.087+0000] {dag.py:3239} INFO - Sync 1 DAGs
[2024-09-28T08:04:42.095+0000] {logging_mixin.py:190} INFO - [2024-09-28T08:04:42.095+0000] {dag.py:4180} INFO - Setting next_dagrun for example_sensors to None, run_after=None
[2024-09-28T08:04:42.105+0000] {processor.py:208} INFO - Processing /home/airflow/.local/lib/python3.12/site-packages/airflow/example_dags/example_sensors.py took 0.042 seconds
[2024-09-28T08:05:12.553+0000] {processor.py:186} INFO - Started process (PID=10263) to work on /home/airflow/.local/lib/python3.12/site-packages/airflow/example_dags/example_sensors.py
[2024-09-28T08:05:12.555+0000] {processor.py:914} INFO - Processing file /home/airflow/.local/lib/python3.12/site-packages/airflow/example_dags/example_sensors.py for tasks to queue
[2024-09-28T08:05:12.556+0000] {logging_mixin.py:190} INFO - [2024-09-28T08:05:12.556+0000] {dagbag.py:588} INFO - Filling up the DagBag from /home/airflow/.local/lib/python3.12/site-packages/airflow/example_dags/example_sensors.py
[2024-09-28T08:05:12.562+0000] {processor.py:925} INFO - DAG(s) 'example_sensors' retrieved from /home/airflow/.local/lib/python3.12/site-packages/airflow/example_dags/example_sensors.py
[2024-09-28T08:05:12.573+0000] {logging_mixin.py:190} INFO - [2024-09-28T08:05:12.573+0000] {dag.py:3239} INFO - Sync 1 DAGs
[2024-09-28T08:05:12.580+0000] {logging_mixin.py:190} INFO - [2024-09-28T08:05:12.580+0000] {dag.py:4180} INFO - Setting next_dagrun for example_sensors to None, run_after=None
[2024-09-28T08:05:12.587+0000] {processor.py:208} INFO - Processing /home/airflow/.local/lib/python3.12/site-packages/airflow/example_dags/example_sensors.py took 0.037 seconds
[2024-09-28T08:05:43.016+0000] {processor.py:186} INFO - Started process (PID=10549) to work on /home/airflow/.local/lib/python3.12/site-packages/airflow/example_dags/example_sensors.py
[2024-09-28T08:05:43.018+0000] {processor.py:914} INFO - Processing file /home/airflow/.local/lib/python3.12/site-packages/airflow/example_dags/example_sensors.py for tasks to queue
[2024-09-28T08:05:43.019+0000] {logging_mixin.py:190} INFO - [2024-09-28T08:05:43.019+0000] {dagbag.py:588} INFO - Filling up the DagBag from /home/airflow/.local/lib/python3.12/site-packages/airflow/example_dags/example_sensors.py
[2024-09-28T08:05:43.026+0000] {processor.py:925} INFO - DAG(s) 'example_sensors' retrieved from /home/airflow/.local/lib/python3.12/site-packages/airflow/example_dags/example_sensors.py
[2024-09-28T08:05:43.038+0000] {logging_mixin.py:190} INFO - [2024-09-28T08:05:43.038+0000] {dag.py:3239} INFO - Sync 1 DAGs
[2024-09-28T08:05:43.045+0000] {logging_mixin.py:190} INFO - [2024-09-28T08:05:43.045+0000] {dag.py:4180} INFO - Setting next_dagrun for example_sensors to None, run_after=None
[2024-09-28T08:05:43.054+0000] {processor.py:208} INFO - Processing /home/airflow/.local/lib/python3.12/site-packages/airflow/example_dags/example_sensors.py took 0.040 seconds
[2024-09-28T08:06:13.656+0000] {processor.py:186} INFO - Started process (PID=10835) to work on /home/airflow/.local/lib/python3.12/site-packages/airflow/example_dags/example_sensors.py
[2024-09-28T08:06:13.657+0000] {processor.py:914} INFO - Processing file /home/airflow/.local/lib/python3.12/site-packages/airflow/example_dags/example_sensors.py for tasks to queue
[2024-09-28T08:06:13.658+0000] {logging_mixin.py:190} INFO - [2024-09-28T08:06:13.658+0000] {dagbag.py:588} INFO - Filling up the DagBag from /home/airflow/.local/lib/python3.12/site-packages/airflow/example_dags/example_sensors.py
[2024-09-28T08:06:13.664+0000] {processor.py:925} INFO - DAG(s) 'example_sensors' retrieved from /home/airflow/.local/lib/python3.12/site-packages/airflow/example_dags/example_sensors.py
[2024-09-28T08:06:13.677+0000] {logging_mixin.py:190} INFO - [2024-09-28T08:06:13.676+0000] {dag.py:3239} INFO - Sync 1 DAGs
[2024-09-28T08:06:13.683+0000] {logging_mixin.py:190} INFO - [2024-09-28T08:06:13.683+0000] {dag.py:4180} INFO - Setting next_dagrun for example_sensors to None, run_after=None
[2024-09-28T08:06:13.691+0000] {processor.py:208} INFO - Processing /home/airflow/.local/lib/python3.12/site-packages/airflow/example_dags/example_sensors.py took 0.038 seconds
[2024-09-28T08:06:44.684+0000] {processor.py:186} INFO - Started process (PID=11121) to work on /home/airflow/.local/lib/python3.12/site-packages/airflow/example_dags/example_sensors.py
[2024-09-28T08:06:44.685+0000] {processor.py:914} INFO - Processing file /home/airflow/.local/lib/python3.12/site-packages/airflow/example_dags/example_sensors.py for tasks to queue
[2024-09-28T08:06:44.688+0000] {logging_mixin.py:190} INFO - [2024-09-28T08:06:44.688+0000] {dagbag.py:588} INFO - Filling up the DagBag from /home/airflow/.local/lib/python3.12/site-packages/airflow/example_dags/example_sensors.py
[2024-09-28T08:06:44.698+0000] {processor.py:925} INFO - DAG(s) 'example_sensors' retrieved from /home/airflow/.local/lib/python3.12/site-packages/airflow/example_dags/example_sensors.py
[2024-09-28T08:06:44.721+0000] {logging_mixin.py:190} INFO - [2024-09-28T08:06:44.720+0000] {dag.py:3239} INFO - Sync 1 DAGs
[2024-09-28T08:06:44.734+0000] {logging_mixin.py:190} INFO - [2024-09-28T08:06:44.733+0000] {dag.py:4180} INFO - Setting next_dagrun for example_sensors to None, run_after=None
[2024-09-28T08:06:44.745+0000] {processor.py:208} INFO - Processing /home/airflow/.local/lib/python3.12/site-packages/airflow/example_dags/example_sensors.py took 0.065 seconds
[2024-09-28T08:07:15.625+0000] {processor.py:186} INFO - Started process (PID=11407) to work on /home/airflow/.local/lib/python3.12/site-packages/airflow/example_dags/example_sensors.py
[2024-09-28T08:07:15.627+0000] {processor.py:914} INFO - Processing file /home/airflow/.local/lib/python3.12/site-packages/airflow/example_dags/example_sensors.py for tasks to queue
[2024-09-28T08:07:15.628+0000] {logging_mixin.py:190} INFO - [2024-09-28T08:07:15.628+0000] {dagbag.py:588} INFO - Filling up the DagBag from /home/airflow/.local/lib/python3.12/site-packages/airflow/example_dags/example_sensors.py
[2024-09-28T08:07:15.633+0000] {processor.py:925} INFO - DAG(s) 'example_sensors' retrieved from /home/airflow/.local/lib/python3.12/site-packages/airflow/example_dags/example_sensors.py
[2024-09-28T08:07:15.646+0000] {logging_mixin.py:190} INFO - [2024-09-28T08:07:15.646+0000] {dag.py:3239} INFO - Sync 1 DAGs
[2024-09-28T08:07:15.654+0000] {logging_mixin.py:190} INFO - [2024-09-28T08:07:15.653+0000] {dag.py:4180} INFO - Setting next_dagrun for example_sensors to None, run_after=None
[2024-09-28T08:07:15.663+0000] {processor.py:208} INFO - Processing /home/airflow/.local/lib/python3.12/site-packages/airflow/example_dags/example_sensors.py took 0.041 seconds
[2024-09-28T08:07:46.193+0000] {processor.py:186} INFO - Started process (PID=11693) to work on /home/airflow/.local/lib/python3.12/site-packages/airflow/example_dags/example_sensors.py
[2024-09-28T08:07:46.193+0000] {processor.py:914} INFO - Processing file /home/airflow/.local/lib/python3.12/site-packages/airflow/example_dags/example_sensors.py for tasks to queue
[2024-09-28T08:07:46.195+0000] {logging_mixin.py:190} INFO - [2024-09-28T08:07:46.194+0000] {dagbag.py:588} INFO - Filling up the DagBag from /home/airflow/.local/lib/python3.12/site-packages/airflow/example_dags/example_sensors.py
[2024-09-28T08:07:46.201+0000] {processor.py:925} INFO - DAG(s) 'example_sensors' retrieved from /home/airflow/.local/lib/python3.12/site-packages/airflow/example_dags/example_sensors.py
[2024-09-28T08:07:46.215+0000] {logging_mixin.py:190} INFO - [2024-09-28T08:07:46.214+0000] {dag.py:3239} INFO - Sync 1 DAGs
[2024-09-28T08:07:46.225+0000] {logging_mixin.py:190} INFO - [2024-09-28T08:07:46.224+0000] {dag.py:4180} INFO - Setting next_dagrun for example_sensors to None, run_after=None
[2024-09-28T08:07:46.233+0000] {processor.py:208} INFO - Processing /home/airflow/.local/lib/python3.12/site-packages/airflow/example_dags/example_sensors.py took 0.044 seconds
