[2024-09-28T07:47:28.887+0000] {processor.py:186} INFO - Started process (PID=359) to work on /home/airflow/.local/lib/python3.12/site-packages/airflow/example_dags/example_latest_only.py
[2024-09-28T07:47:28.887+0000] {processor.py:914} INFO - Processing file /home/airflow/.local/lib/python3.12/site-packages/airflow/example_dags/example_latest_only.py for tasks to queue
[2024-09-28T07:47:28.889+0000] {logging_mixin.py:190} INFO - [2024-09-28T07:47:28.889+0000] {dagbag.py:588} INFO - Filling up the DagBag from /home/airflow/.local/lib/python3.12/site-packages/airflow/example_dags/example_latest_only.py
[2024-09-28T07:47:28.894+0000] {processor.py:925} INFO - DAG(s) 'latest_only' retrieved from /home/airflow/.local/lib/python3.12/site-packages/airflow/example_dags/example_latest_only.py
[2024-09-28T07:47:28.948+0000] {logging_mixin.py:190} INFO - [2024-09-28T07:47:28.948+0000] {override.py:1900} INFO - Created Permission View: can delete on DAG:latest_only
[2024-09-28T07:47:28.954+0000] {logging_mixin.py:190} INFO - [2024-09-28T07:47:28.954+0000] {override.py:1900} INFO - Created Permission View: can edit on DAG:latest_only
[2024-09-28T07:47:28.957+0000] {logging_mixin.py:190} INFO - [2024-09-28T07:47:28.957+0000] {override.py:1900} INFO - Created Permission View: can read on DAG:latest_only
[2024-09-28T07:47:28.961+0000] {logging_mixin.py:190} INFO - [2024-09-28T07:47:28.961+0000] {override.py:1900} INFO - Created Permission View: menu access on DAG Run:latest_only
[2024-09-28T07:47:28.964+0000] {logging_mixin.py:190} INFO - [2024-09-28T07:47:28.964+0000] {override.py:1900} INFO - Created Permission View: can delete on DAG Run:latest_only
[2024-09-28T07:47:28.968+0000] {logging_mixin.py:190} INFO - [2024-09-28T07:47:28.967+0000] {override.py:1900} INFO - Created Permission View: can create on DAG Run:latest_only
[2024-09-28T07:47:28.971+0000] {logging_mixin.py:190} INFO - [2024-09-28T07:47:28.971+0000] {override.py:1900} INFO - Created Permission View: can read on DAG Run:latest_only
[2024-09-28T07:47:28.971+0000] {logging_mixin.py:190} INFO - [2024-09-28T07:47:28.971+0000] {dag.py:3239} INFO - Sync 1 DAGs
[2024-09-28T07:47:28.978+0000] {logging_mixin.py:190} INFO - [2024-09-28T07:47:28.978+0000] {dag.py:3262} INFO - Creating ORM DAG for latest_only
[2024-09-28T07:47:28.984+0000] {logging_mixin.py:190} INFO - [2024-09-28T07:47:28.984+0000] {dag.py:4180} INFO - Setting next_dagrun for latest_only to 2024-09-28 00:00:00+00:00, run_after=2024-09-28 04:00:00+00:00
[2024-09-28T07:47:28.994+0000] {processor.py:208} INFO - Processing /home/airflow/.local/lib/python3.12/site-packages/airflow/example_dags/example_latest_only.py took 0.111 seconds
[2024-09-28T07:47:59.196+0000] {processor.py:186} INFO - Started process (PID=644) to work on /home/airflow/.local/lib/python3.12/site-packages/airflow/example_dags/example_latest_only.py
[2024-09-28T07:47:59.197+0000] {processor.py:914} INFO - Processing file /home/airflow/.local/lib/python3.12/site-packages/airflow/example_dags/example_latest_only.py for tasks to queue
[2024-09-28T07:47:59.199+0000] {logging_mixin.py:190} INFO - [2024-09-28T07:47:59.198+0000] {dagbag.py:588} INFO - Filling up the DagBag from /home/airflow/.local/lib/python3.12/site-packages/airflow/example_dags/example_latest_only.py
[2024-09-28T07:47:59.202+0000] {processor.py:925} INFO - DAG(s) 'latest_only' retrieved from /home/airflow/.local/lib/python3.12/site-packages/airflow/example_dags/example_latest_only.py
[2024-09-28T07:47:59.215+0000] {logging_mixin.py:190} INFO - [2024-09-28T07:47:59.215+0000] {dag.py:3239} INFO - Sync 1 DAGs
[2024-09-28T07:47:59.228+0000] {logging_mixin.py:190} INFO - [2024-09-28T07:47:59.228+0000] {dag.py:4180} INFO - Setting next_dagrun for latest_only to 2024-09-28 00:00:00+00:00, run_after=2024-09-28 04:00:00+00:00
[2024-09-28T07:47:59.238+0000] {processor.py:208} INFO - Processing /home/airflow/.local/lib/python3.12/site-packages/airflow/example_dags/example_latest_only.py took 0.045 seconds
[2024-09-28T07:48:29.495+0000] {processor.py:186} INFO - Started process (PID=930) to work on /home/airflow/.local/lib/python3.12/site-packages/airflow/example_dags/example_latest_only.py
[2024-09-28T07:48:29.496+0000] {processor.py:914} INFO - Processing file /home/airflow/.local/lib/python3.12/site-packages/airflow/example_dags/example_latest_only.py for tasks to queue
[2024-09-28T07:48:29.499+0000] {logging_mixin.py:190} INFO - [2024-09-28T07:48:29.499+0000] {dagbag.py:588} INFO - Filling up the DagBag from /home/airflow/.local/lib/python3.12/site-packages/airflow/example_dags/example_latest_only.py
[2024-09-28T07:48:29.504+0000] {processor.py:925} INFO - DAG(s) 'latest_only' retrieved from /home/airflow/.local/lib/python3.12/site-packages/airflow/example_dags/example_latest_only.py
[2024-09-28T07:48:29.516+0000] {logging_mixin.py:190} INFO - [2024-09-28T07:48:29.516+0000] {dag.py:3239} INFO - Sync 1 DAGs
[2024-09-28T07:48:29.526+0000] {logging_mixin.py:190} INFO - [2024-09-28T07:48:29.526+0000] {dag.py:4180} INFO - Setting next_dagrun for latest_only to 2024-09-28 00:00:00+00:00, run_after=2024-09-28 04:00:00+00:00
[2024-09-28T07:48:29.535+0000] {processor.py:208} INFO - Processing /home/airflow/.local/lib/python3.12/site-packages/airflow/example_dags/example_latest_only.py took 0.043 seconds
[2024-09-28T07:48:59.681+0000] {processor.py:186} INFO - Started process (PID=1220) to work on /home/airflow/.local/lib/python3.12/site-packages/airflow/example_dags/example_latest_only.py
[2024-09-28T07:48:59.683+0000] {processor.py:914} INFO - Processing file /home/airflow/.local/lib/python3.12/site-packages/airflow/example_dags/example_latest_only.py for tasks to queue
[2024-09-28T07:48:59.685+0000] {logging_mixin.py:190} INFO - [2024-09-28T07:48:59.685+0000] {dagbag.py:588} INFO - Filling up the DagBag from /home/airflow/.local/lib/python3.12/site-packages/airflow/example_dags/example_latest_only.py
[2024-09-28T07:48:59.689+0000] {processor.py:925} INFO - DAG(s) 'latest_only' retrieved from /home/airflow/.local/lib/python3.12/site-packages/airflow/example_dags/example_latest_only.py
[2024-09-28T07:48:59.698+0000] {logging_mixin.py:190} INFO - [2024-09-28T07:48:59.698+0000] {dag.py:3239} INFO - Sync 1 DAGs
[2024-09-28T07:48:59.710+0000] {logging_mixin.py:190} INFO - [2024-09-28T07:48:59.710+0000] {dag.py:4180} INFO - Setting next_dagrun for latest_only to 2024-09-28 00:00:00+00:00, run_after=2024-09-28 04:00:00+00:00
[2024-09-28T07:48:59.720+0000] {processor.py:208} INFO - Processing /home/airflow/.local/lib/python3.12/site-packages/airflow/example_dags/example_latest_only.py took 0.042 seconds
[2024-09-28T07:49:29.880+0000] {processor.py:186} INFO - Started process (PID=1530) to work on /home/airflow/.local/lib/python3.12/site-packages/airflow/example_dags/example_latest_only.py
[2024-09-28T07:49:29.882+0000] {processor.py:914} INFO - Processing file /home/airflow/.local/lib/python3.12/site-packages/airflow/example_dags/example_latest_only.py for tasks to queue
[2024-09-28T07:49:29.883+0000] {logging_mixin.py:190} INFO - [2024-09-28T07:49:29.883+0000] {dagbag.py:588} INFO - Filling up the DagBag from /home/airflow/.local/lib/python3.12/site-packages/airflow/example_dags/example_latest_only.py
[2024-09-28T07:49:29.887+0000] {processor.py:925} INFO - DAG(s) 'latest_only' retrieved from /home/airflow/.local/lib/python3.12/site-packages/airflow/example_dags/example_latest_only.py
[2024-09-28T07:49:29.898+0000] {logging_mixin.py:190} INFO - [2024-09-28T07:49:29.898+0000] {dag.py:3239} INFO - Sync 1 DAGs
[2024-09-28T07:49:29.911+0000] {logging_mixin.py:190} INFO - [2024-09-28T07:49:29.911+0000] {dag.py:4180} INFO - Setting next_dagrun for latest_only to 2024-09-28 00:00:00+00:00, run_after=2024-09-28 04:00:00+00:00
[2024-09-28T07:49:29.920+0000] {processor.py:208} INFO - Processing /home/airflow/.local/lib/python3.12/site-packages/airflow/example_dags/example_latest_only.py took 0.043 seconds
[2024-09-28T07:50:00.079+0000] {processor.py:186} INFO - Started process (PID=1816) to work on /home/airflow/.local/lib/python3.12/site-packages/airflow/example_dags/example_latest_only.py
[2024-09-28T07:50:00.080+0000] {processor.py:914} INFO - Processing file /home/airflow/.local/lib/python3.12/site-packages/airflow/example_dags/example_latest_only.py for tasks to queue
[2024-09-28T07:50:00.082+0000] {logging_mixin.py:190} INFO - [2024-09-28T07:50:00.082+0000] {dagbag.py:588} INFO - Filling up the DagBag from /home/airflow/.local/lib/python3.12/site-packages/airflow/example_dags/example_latest_only.py
[2024-09-28T07:50:00.086+0000] {processor.py:925} INFO - DAG(s) 'latest_only' retrieved from /home/airflow/.local/lib/python3.12/site-packages/airflow/example_dags/example_latest_only.py
[2024-09-28T07:50:00.095+0000] {logging_mixin.py:190} INFO - [2024-09-28T07:50:00.095+0000] {dag.py:3239} INFO - Sync 1 DAGs
[2024-09-28T07:50:00.107+0000] {logging_mixin.py:190} INFO - [2024-09-28T07:50:00.107+0000] {dag.py:4180} INFO - Setting next_dagrun for latest_only to 2024-09-28 00:00:00+00:00, run_after=2024-09-28 04:00:00+00:00
[2024-09-28T07:50:00.115+0000] {processor.py:208} INFO - Processing /home/airflow/.local/lib/python3.12/site-packages/airflow/example_dags/example_latest_only.py took 0.039 seconds
[2024-09-28T07:50:30.404+0000] {processor.py:186} INFO - Started process (PID=2102) to work on /home/airflow/.local/lib/python3.12/site-packages/airflow/example_dags/example_latest_only.py
[2024-09-28T07:50:30.405+0000] {processor.py:914} INFO - Processing file /home/airflow/.local/lib/python3.12/site-packages/airflow/example_dags/example_latest_only.py for tasks to queue
[2024-09-28T07:50:30.406+0000] {logging_mixin.py:190} INFO - [2024-09-28T07:50:30.406+0000] {dagbag.py:588} INFO - Filling up the DagBag from /home/airflow/.local/lib/python3.12/site-packages/airflow/example_dags/example_latest_only.py
[2024-09-28T07:50:30.410+0000] {processor.py:925} INFO - DAG(s) 'latest_only' retrieved from /home/airflow/.local/lib/python3.12/site-packages/airflow/example_dags/example_latest_only.py
[2024-09-28T07:50:30.422+0000] {logging_mixin.py:190} INFO - [2024-09-28T07:50:30.422+0000] {dag.py:3239} INFO - Sync 1 DAGs
[2024-09-28T07:50:30.434+0000] {logging_mixin.py:190} INFO - [2024-09-28T07:50:30.434+0000] {dag.py:4180} INFO - Setting next_dagrun for latest_only to 2024-09-28 00:00:00+00:00, run_after=2024-09-28 04:00:00+00:00
[2024-09-28T07:50:30.442+0000] {processor.py:208} INFO - Processing /home/airflow/.local/lib/python3.12/site-packages/airflow/example_dags/example_latest_only.py took 0.042 seconds
[2024-09-28T07:51:00.719+0000] {processor.py:186} INFO - Started process (PID=2387) to work on /home/airflow/.local/lib/python3.12/site-packages/airflow/example_dags/example_latest_only.py
[2024-09-28T07:51:00.720+0000] {processor.py:914} INFO - Processing file /home/airflow/.local/lib/python3.12/site-packages/airflow/example_dags/example_latest_only.py for tasks to queue
[2024-09-28T07:51:00.721+0000] {logging_mixin.py:190} INFO - [2024-09-28T07:51:00.720+0000] {dagbag.py:588} INFO - Filling up the DagBag from /home/airflow/.local/lib/python3.12/site-packages/airflow/example_dags/example_latest_only.py
[2024-09-28T07:51:00.724+0000] {processor.py:925} INFO - DAG(s) 'latest_only' retrieved from /home/airflow/.local/lib/python3.12/site-packages/airflow/example_dags/example_latest_only.py
[2024-09-28T07:51:00.734+0000] {logging_mixin.py:190} INFO - [2024-09-28T07:51:00.734+0000] {dag.py:3239} INFO - Sync 1 DAGs
[2024-09-28T07:51:00.745+0000] {logging_mixin.py:190} INFO - [2024-09-28T07:51:00.745+0000] {dag.py:4180} INFO - Setting next_dagrun for latest_only to 2024-09-28 00:00:00+00:00, run_after=2024-09-28 04:00:00+00:00
[2024-09-28T07:51:00.754+0000] {processor.py:208} INFO - Processing /home/airflow/.local/lib/python3.12/site-packages/airflow/example_dags/example_latest_only.py took 0.038 seconds
[2024-09-28T07:51:30.971+0000] {processor.py:186} INFO - Started process (PID=2672) to work on /home/airflow/.local/lib/python3.12/site-packages/airflow/example_dags/example_latest_only.py
[2024-09-28T07:51:30.973+0000] {processor.py:914} INFO - Processing file /home/airflow/.local/lib/python3.12/site-packages/airflow/example_dags/example_latest_only.py for tasks to queue
[2024-09-28T07:51:30.975+0000] {logging_mixin.py:190} INFO - [2024-09-28T07:51:30.975+0000] {dagbag.py:588} INFO - Filling up the DagBag from /home/airflow/.local/lib/python3.12/site-packages/airflow/example_dags/example_latest_only.py
[2024-09-28T07:51:30.979+0000] {processor.py:925} INFO - DAG(s) 'latest_only' retrieved from /home/airflow/.local/lib/python3.12/site-packages/airflow/example_dags/example_latest_only.py
[2024-09-28T07:51:30.989+0000] {logging_mixin.py:190} INFO - [2024-09-28T07:51:30.989+0000] {dag.py:3239} INFO - Sync 1 DAGs
[2024-09-28T07:51:31.001+0000] {logging_mixin.py:190} INFO - [2024-09-28T07:51:31.001+0000] {dag.py:4180} INFO - Setting next_dagrun for latest_only to 2024-09-28 00:00:00+00:00, run_after=2024-09-28 04:00:00+00:00
[2024-09-28T07:51:31.009+0000] {processor.py:208} INFO - Processing /home/airflow/.local/lib/python3.12/site-packages/airflow/example_dags/example_latest_only.py took 0.042 seconds
[2024-09-28T07:52:01.145+0000] {processor.py:186} INFO - Started process (PID=2958) to work on /home/airflow/.local/lib/python3.12/site-packages/airflow/example_dags/example_latest_only.py
[2024-09-28T07:52:01.148+0000] {processor.py:914} INFO - Processing file /home/airflow/.local/lib/python3.12/site-packages/airflow/example_dags/example_latest_only.py for tasks to queue
[2024-09-28T07:52:01.151+0000] {logging_mixin.py:190} INFO - [2024-09-28T07:52:01.151+0000] {dagbag.py:588} INFO - Filling up the DagBag from /home/airflow/.local/lib/python3.12/site-packages/airflow/example_dags/example_latest_only.py
[2024-09-28T07:52:01.160+0000] {processor.py:925} INFO - DAG(s) 'latest_only' retrieved from /home/airflow/.local/lib/python3.12/site-packages/airflow/example_dags/example_latest_only.py
[2024-09-28T07:52:01.173+0000] {logging_mixin.py:190} INFO - [2024-09-28T07:52:01.173+0000] {dag.py:3239} INFO - Sync 1 DAGs
[2024-09-28T07:52:01.187+0000] {logging_mixin.py:190} INFO - [2024-09-28T07:52:01.187+0000] {dag.py:4180} INFO - Setting next_dagrun for latest_only to 2024-09-28 00:00:00+00:00, run_after=2024-09-28 04:00:00+00:00
[2024-09-28T07:52:01.197+0000] {processor.py:208} INFO - Processing /home/airflow/.local/lib/python3.12/site-packages/airflow/example_dags/example_latest_only.py took 0.056 seconds
[2024-09-28T07:52:32.334+0000] {processor.py:186} INFO - Started process (PID=3244) to work on /home/airflow/.local/lib/python3.12/site-packages/airflow/example_dags/example_latest_only.py
[2024-09-28T07:52:32.334+0000] {processor.py:914} INFO - Processing file /home/airflow/.local/lib/python3.12/site-packages/airflow/example_dags/example_latest_only.py for tasks to queue
[2024-09-28T07:52:32.336+0000] {logging_mixin.py:190} INFO - [2024-09-28T07:52:32.336+0000] {dagbag.py:588} INFO - Filling up the DagBag from /home/airflow/.local/lib/python3.12/site-packages/airflow/example_dags/example_latest_only.py
[2024-09-28T07:52:32.340+0000] {processor.py:925} INFO - DAG(s) 'latest_only' retrieved from /home/airflow/.local/lib/python3.12/site-packages/airflow/example_dags/example_latest_only.py
[2024-09-28T07:52:32.355+0000] {logging_mixin.py:190} INFO - [2024-09-28T07:52:32.354+0000] {dag.py:3239} INFO - Sync 1 DAGs
[2024-09-28T07:52:32.367+0000] {logging_mixin.py:190} INFO - [2024-09-28T07:52:32.367+0000] {dag.py:4180} INFO - Setting next_dagrun for latest_only to 2024-09-28 00:00:00+00:00, run_after=2024-09-28 04:00:00+00:00
[2024-09-28T07:52:32.376+0000] {processor.py:208} INFO - Processing /home/airflow/.local/lib/python3.12/site-packages/airflow/example_dags/example_latest_only.py took 0.045 seconds
[2024-09-28T07:53:02.621+0000] {processor.py:186} INFO - Started process (PID=3530) to work on /home/airflow/.local/lib/python3.12/site-packages/airflow/example_dags/example_latest_only.py
[2024-09-28T07:53:02.623+0000] {processor.py:914} INFO - Processing file /home/airflow/.local/lib/python3.12/site-packages/airflow/example_dags/example_latest_only.py for tasks to queue
[2024-09-28T07:53:02.625+0000] {logging_mixin.py:190} INFO - [2024-09-28T07:53:02.625+0000] {dagbag.py:588} INFO - Filling up the DagBag from /home/airflow/.local/lib/python3.12/site-packages/airflow/example_dags/example_latest_only.py
[2024-09-28T07:53:02.630+0000] {processor.py:925} INFO - DAG(s) 'latest_only' retrieved from /home/airflow/.local/lib/python3.12/site-packages/airflow/example_dags/example_latest_only.py
[2024-09-28T07:53:02.642+0000] {logging_mixin.py:190} INFO - [2024-09-28T07:53:02.642+0000] {dag.py:3239} INFO - Sync 1 DAGs
[2024-09-28T07:53:02.654+0000] {logging_mixin.py:190} INFO - [2024-09-28T07:53:02.653+0000] {dag.py:4180} INFO - Setting next_dagrun for latest_only to 2024-09-28 00:00:00+00:00, run_after=2024-09-28 04:00:00+00:00
[2024-09-28T07:53:02.667+0000] {processor.py:208} INFO - Processing /home/airflow/.local/lib/python3.12/site-packages/airflow/example_dags/example_latest_only.py took 0.049 seconds
[2024-09-28T07:53:32.935+0000] {processor.py:186} INFO - Started process (PID=3816) to work on /home/airflow/.local/lib/python3.12/site-packages/airflow/example_dags/example_latest_only.py
[2024-09-28T07:53:32.936+0000] {processor.py:914} INFO - Processing file /home/airflow/.local/lib/python3.12/site-packages/airflow/example_dags/example_latest_only.py for tasks to queue
[2024-09-28T07:53:32.937+0000] {logging_mixin.py:190} INFO - [2024-09-28T07:53:32.937+0000] {dagbag.py:588} INFO - Filling up the DagBag from /home/airflow/.local/lib/python3.12/site-packages/airflow/example_dags/example_latest_only.py
[2024-09-28T07:53:32.941+0000] {processor.py:925} INFO - DAG(s) 'latest_only' retrieved from /home/airflow/.local/lib/python3.12/site-packages/airflow/example_dags/example_latest_only.py
[2024-09-28T07:53:32.950+0000] {logging_mixin.py:190} INFO - [2024-09-28T07:53:32.950+0000] {dag.py:3239} INFO - Sync 1 DAGs
[2024-09-28T07:53:32.961+0000] {logging_mixin.py:190} INFO - [2024-09-28T07:53:32.961+0000] {dag.py:4180} INFO - Setting next_dagrun for latest_only to 2024-09-28 00:00:00+00:00, run_after=2024-09-28 04:00:00+00:00
[2024-09-28T07:53:32.970+0000] {processor.py:208} INFO - Processing /home/airflow/.local/lib/python3.12/site-packages/airflow/example_dags/example_latest_only.py took 0.038 seconds
[2024-09-28T07:54:03.192+0000] {processor.py:186} INFO - Started process (PID=4102) to work on /home/airflow/.local/lib/python3.12/site-packages/airflow/example_dags/example_latest_only.py
[2024-09-28T07:54:03.193+0000] {processor.py:914} INFO - Processing file /home/airflow/.local/lib/python3.12/site-packages/airflow/example_dags/example_latest_only.py for tasks to queue
[2024-09-28T07:54:03.195+0000] {logging_mixin.py:190} INFO - [2024-09-28T07:54:03.195+0000] {dagbag.py:588} INFO - Filling up the DagBag from /home/airflow/.local/lib/python3.12/site-packages/airflow/example_dags/example_latest_only.py
[2024-09-28T07:54:03.199+0000] {processor.py:925} INFO - DAG(s) 'latest_only' retrieved from /home/airflow/.local/lib/python3.12/site-packages/airflow/example_dags/example_latest_only.py
[2024-09-28T07:54:03.211+0000] {logging_mixin.py:190} INFO - [2024-09-28T07:54:03.211+0000] {dag.py:3239} INFO - Sync 1 DAGs
[2024-09-28T07:54:03.222+0000] {logging_mixin.py:190} INFO - [2024-09-28T07:54:03.222+0000] {dag.py:4180} INFO - Setting next_dagrun for latest_only to 2024-09-28 00:00:00+00:00, run_after=2024-09-28 04:00:00+00:00
[2024-09-28T07:54:03.233+0000] {processor.py:208} INFO - Processing /home/airflow/.local/lib/python3.12/site-packages/airflow/example_dags/example_latest_only.py took 0.044 seconds
[2024-09-28T07:54:33.701+0000] {processor.py:186} INFO - Started process (PID=4390) to work on /home/airflow/.local/lib/python3.12/site-packages/airflow/example_dags/example_latest_only.py
[2024-09-28T07:54:33.702+0000] {processor.py:914} INFO - Processing file /home/airflow/.local/lib/python3.12/site-packages/airflow/example_dags/example_latest_only.py for tasks to queue
[2024-09-28T07:54:33.704+0000] {logging_mixin.py:190} INFO - [2024-09-28T07:54:33.704+0000] {dagbag.py:588} INFO - Filling up the DagBag from /home/airflow/.local/lib/python3.12/site-packages/airflow/example_dags/example_latest_only.py
[2024-09-28T07:54:33.707+0000] {processor.py:925} INFO - DAG(s) 'latest_only' retrieved from /home/airflow/.local/lib/python3.12/site-packages/airflow/example_dags/example_latest_only.py
[2024-09-28T07:54:33.718+0000] {logging_mixin.py:190} INFO - [2024-09-28T07:54:33.718+0000] {dag.py:3239} INFO - Sync 1 DAGs
[2024-09-28T07:54:33.730+0000] {logging_mixin.py:190} INFO - [2024-09-28T07:54:33.729+0000] {dag.py:4180} INFO - Setting next_dagrun for latest_only to 2024-09-28 00:00:00+00:00, run_after=2024-09-28 04:00:00+00:00
[2024-09-28T07:54:33.743+0000] {processor.py:208} INFO - Processing /home/airflow/.local/lib/python3.12/site-packages/airflow/example_dags/example_latest_only.py took 0.045 seconds
[2024-09-28T07:55:04.083+0000] {processor.py:186} INFO - Started process (PID=4674) to work on /home/airflow/.local/lib/python3.12/site-packages/airflow/example_dags/example_latest_only.py
[2024-09-28T07:55:04.084+0000] {processor.py:914} INFO - Processing file /home/airflow/.local/lib/python3.12/site-packages/airflow/example_dags/example_latest_only.py for tasks to queue
[2024-09-28T07:55:04.087+0000] {logging_mixin.py:190} INFO - [2024-09-28T07:55:04.086+0000] {dagbag.py:588} INFO - Filling up the DagBag from /home/airflow/.local/lib/python3.12/site-packages/airflow/example_dags/example_latest_only.py
[2024-09-28T07:55:04.092+0000] {processor.py:925} INFO - DAG(s) 'latest_only' retrieved from /home/airflow/.local/lib/python3.12/site-packages/airflow/example_dags/example_latest_only.py
[2024-09-28T07:55:04.108+0000] {logging_mixin.py:190} INFO - [2024-09-28T07:55:04.108+0000] {dag.py:3239} INFO - Sync 1 DAGs
[2024-09-28T07:55:04.124+0000] {logging_mixin.py:190} INFO - [2024-09-28T07:55:04.123+0000] {dag.py:4180} INFO - Setting next_dagrun for latest_only to 2024-09-28 00:00:00+00:00, run_after=2024-09-28 04:00:00+00:00
[2024-09-28T07:55:04.137+0000] {processor.py:208} INFO - Processing /home/airflow/.local/lib/python3.12/site-packages/airflow/example_dags/example_latest_only.py took 0.058 seconds
[2024-09-28T07:55:34.412+0000] {processor.py:186} INFO - Started process (PID=4962) to work on /home/airflow/.local/lib/python3.12/site-packages/airflow/example_dags/example_latest_only.py
[2024-09-28T07:55:34.413+0000] {processor.py:914} INFO - Processing file /home/airflow/.local/lib/python3.12/site-packages/airflow/example_dags/example_latest_only.py for tasks to queue
[2024-09-28T07:55:34.414+0000] {logging_mixin.py:190} INFO - [2024-09-28T07:55:34.414+0000] {dagbag.py:588} INFO - Filling up the DagBag from /home/airflow/.local/lib/python3.12/site-packages/airflow/example_dags/example_latest_only.py
[2024-09-28T07:55:34.418+0000] {processor.py:925} INFO - DAG(s) 'latest_only' retrieved from /home/airflow/.local/lib/python3.12/site-packages/airflow/example_dags/example_latest_only.py
[2024-09-28T07:55:34.429+0000] {logging_mixin.py:190} INFO - [2024-09-28T07:55:34.429+0000] {dag.py:3239} INFO - Sync 1 DAGs
[2024-09-28T07:55:34.441+0000] {logging_mixin.py:190} INFO - [2024-09-28T07:55:34.441+0000] {dag.py:4180} INFO - Setting next_dagrun for latest_only to 2024-09-28 00:00:00+00:00, run_after=2024-09-28 04:00:00+00:00
[2024-09-28T07:55:34.451+0000] {processor.py:208} INFO - Processing /home/airflow/.local/lib/python3.12/site-packages/airflow/example_dags/example_latest_only.py took 0.042 seconds
[2024-09-28T07:56:04.752+0000] {processor.py:186} INFO - Started process (PID=5246) to work on /home/airflow/.local/lib/python3.12/site-packages/airflow/example_dags/example_latest_only.py
[2024-09-28T07:56:04.753+0000] {processor.py:914} INFO - Processing file /home/airflow/.local/lib/python3.12/site-packages/airflow/example_dags/example_latest_only.py for tasks to queue
[2024-09-28T07:56:04.756+0000] {logging_mixin.py:190} INFO - [2024-09-28T07:56:04.756+0000] {dagbag.py:588} INFO - Filling up the DagBag from /home/airflow/.local/lib/python3.12/site-packages/airflow/example_dags/example_latest_only.py
[2024-09-28T07:56:04.762+0000] {processor.py:925} INFO - DAG(s) 'latest_only' retrieved from /home/airflow/.local/lib/python3.12/site-packages/airflow/example_dags/example_latest_only.py
[2024-09-28T07:56:04.774+0000] {logging_mixin.py:190} INFO - [2024-09-28T07:56:04.774+0000] {dag.py:3239} INFO - Sync 1 DAGs
[2024-09-28T07:56:04.788+0000] {logging_mixin.py:190} INFO - [2024-09-28T07:56:04.787+0000] {dag.py:4180} INFO - Setting next_dagrun for latest_only to 2024-09-28 00:00:00+00:00, run_after=2024-09-28 04:00:00+00:00
[2024-09-28T07:56:04.800+0000] {processor.py:208} INFO - Processing /home/airflow/.local/lib/python3.12/site-packages/airflow/example_dags/example_latest_only.py took 0.054 seconds
[2024-09-28T07:56:35.254+0000] {processor.py:186} INFO - Started process (PID=5532) to work on /home/airflow/.local/lib/python3.12/site-packages/airflow/example_dags/example_latest_only.py
[2024-09-28T07:56:35.257+0000] {processor.py:914} INFO - Processing file /home/airflow/.local/lib/python3.12/site-packages/airflow/example_dags/example_latest_only.py for tasks to queue
[2024-09-28T07:56:35.259+0000] {logging_mixin.py:190} INFO - [2024-09-28T07:56:35.258+0000] {dagbag.py:588} INFO - Filling up the DagBag from /home/airflow/.local/lib/python3.12/site-packages/airflow/example_dags/example_latest_only.py
[2024-09-28T07:56:35.262+0000] {processor.py:925} INFO - DAG(s) 'latest_only' retrieved from /home/airflow/.local/lib/python3.12/site-packages/airflow/example_dags/example_latest_only.py
[2024-09-28T07:56:35.272+0000] {logging_mixin.py:190} INFO - [2024-09-28T07:56:35.272+0000] {dag.py:3239} INFO - Sync 1 DAGs
[2024-09-28T07:56:35.284+0000] {logging_mixin.py:190} INFO - [2024-09-28T07:56:35.284+0000] {dag.py:4180} INFO - Setting next_dagrun for latest_only to 2024-09-28 00:00:00+00:00, run_after=2024-09-28 04:00:00+00:00
[2024-09-28T07:56:35.295+0000] {processor.py:208} INFO - Processing /home/airflow/.local/lib/python3.12/site-packages/airflow/example_dags/example_latest_only.py took 0.044 seconds
[2024-09-28T07:57:05.523+0000] {processor.py:186} INFO - Started process (PID=5818) to work on /home/airflow/.local/lib/python3.12/site-packages/airflow/example_dags/example_latest_only.py
[2024-09-28T07:57:05.524+0000] {processor.py:914} INFO - Processing file /home/airflow/.local/lib/python3.12/site-packages/airflow/example_dags/example_latest_only.py for tasks to queue
[2024-09-28T07:57:05.527+0000] {logging_mixin.py:190} INFO - [2024-09-28T07:57:05.526+0000] {dagbag.py:588} INFO - Filling up the DagBag from /home/airflow/.local/lib/python3.12/site-packages/airflow/example_dags/example_latest_only.py
[2024-09-28T07:57:05.532+0000] {processor.py:925} INFO - DAG(s) 'latest_only' retrieved from /home/airflow/.local/lib/python3.12/site-packages/airflow/example_dags/example_latest_only.py
[2024-09-28T07:57:05.547+0000] {logging_mixin.py:190} INFO - [2024-09-28T07:57:05.547+0000] {dag.py:3239} INFO - Sync 1 DAGs
[2024-09-28T07:57:05.561+0000] {logging_mixin.py:190} INFO - [2024-09-28T07:57:05.561+0000] {dag.py:4180} INFO - Setting next_dagrun for latest_only to 2024-09-28 00:00:00+00:00, run_after=2024-09-28 04:00:00+00:00
[2024-09-28T07:57:05.574+0000] {processor.py:208} INFO - Processing /home/airflow/.local/lib/python3.12/site-packages/airflow/example_dags/example_latest_only.py took 0.055 seconds
[2024-09-28T07:57:35.837+0000] {processor.py:186} INFO - Started process (PID=6104) to work on /home/airflow/.local/lib/python3.12/site-packages/airflow/example_dags/example_latest_only.py
[2024-09-28T07:57:35.840+0000] {processor.py:914} INFO - Processing file /home/airflow/.local/lib/python3.12/site-packages/airflow/example_dags/example_latest_only.py for tasks to queue
[2024-09-28T07:57:35.842+0000] {logging_mixin.py:190} INFO - [2024-09-28T07:57:35.841+0000] {dagbag.py:588} INFO - Filling up the DagBag from /home/airflow/.local/lib/python3.12/site-packages/airflow/example_dags/example_latest_only.py
[2024-09-28T07:57:35.846+0000] {processor.py:925} INFO - DAG(s) 'latest_only' retrieved from /home/airflow/.local/lib/python3.12/site-packages/airflow/example_dags/example_latest_only.py
[2024-09-28T07:57:35.859+0000] {logging_mixin.py:190} INFO - [2024-09-28T07:57:35.859+0000] {dag.py:3239} INFO - Sync 1 DAGs
[2024-09-28T07:57:35.870+0000] {logging_mixin.py:190} INFO - [2024-09-28T07:57:35.870+0000] {dag.py:4180} INFO - Setting next_dagrun for latest_only to 2024-09-28 00:00:00+00:00, run_after=2024-09-28 04:00:00+00:00
[2024-09-28T07:57:35.879+0000] {processor.py:208} INFO - Processing /home/airflow/.local/lib/python3.12/site-packages/airflow/example_dags/example_latest_only.py took 0.045 seconds
[2024-09-28T07:58:06.122+0000] {processor.py:186} INFO - Started process (PID=6391) to work on /home/airflow/.local/lib/python3.12/site-packages/airflow/example_dags/example_latest_only.py
[2024-09-28T07:58:06.122+0000] {processor.py:914} INFO - Processing file /home/airflow/.local/lib/python3.12/site-packages/airflow/example_dags/example_latest_only.py for tasks to queue
[2024-09-28T07:58:06.123+0000] {logging_mixin.py:190} INFO - [2024-09-28T07:58:06.123+0000] {dagbag.py:588} INFO - Filling up the DagBag from /home/airflow/.local/lib/python3.12/site-packages/airflow/example_dags/example_latest_only.py
[2024-09-28T07:58:06.127+0000] {processor.py:925} INFO - DAG(s) 'latest_only' retrieved from /home/airflow/.local/lib/python3.12/site-packages/airflow/example_dags/example_latest_only.py
[2024-09-28T07:58:06.139+0000] {logging_mixin.py:190} INFO - [2024-09-28T07:58:06.138+0000] {dag.py:3239} INFO - Sync 1 DAGs
[2024-09-28T07:58:06.149+0000] {logging_mixin.py:190} INFO - [2024-09-28T07:58:06.149+0000] {dag.py:4180} INFO - Setting next_dagrun for latest_only to 2024-09-28 00:00:00+00:00, run_after=2024-09-28 04:00:00+00:00
[2024-09-28T07:58:06.161+0000] {processor.py:208} INFO - Processing /home/airflow/.local/lib/python3.12/site-packages/airflow/example_dags/example_latest_only.py took 0.042 seconds
[2024-09-28T07:58:36.460+0000] {processor.py:186} INFO - Started process (PID=6677) to work on /home/airflow/.local/lib/python3.12/site-packages/airflow/example_dags/example_latest_only.py
[2024-09-28T07:58:36.460+0000] {processor.py:914} INFO - Processing file /home/airflow/.local/lib/python3.12/site-packages/airflow/example_dags/example_latest_only.py for tasks to queue
[2024-09-28T07:58:36.461+0000] {logging_mixin.py:190} INFO - [2024-09-28T07:58:36.461+0000] {dagbag.py:588} INFO - Filling up the DagBag from /home/airflow/.local/lib/python3.12/site-packages/airflow/example_dags/example_latest_only.py
[2024-09-28T07:58:36.465+0000] {processor.py:925} INFO - DAG(s) 'latest_only' retrieved from /home/airflow/.local/lib/python3.12/site-packages/airflow/example_dags/example_latest_only.py
[2024-09-28T07:58:36.475+0000] {logging_mixin.py:190} INFO - [2024-09-28T07:58:36.474+0000] {dag.py:3239} INFO - Sync 1 DAGs
[2024-09-28T07:58:36.485+0000] {logging_mixin.py:190} INFO - [2024-09-28T07:58:36.485+0000] {dag.py:4180} INFO - Setting next_dagrun for latest_only to 2024-09-28 00:00:00+00:00, run_after=2024-09-28 04:00:00+00:00
[2024-09-28T07:58:36.493+0000] {processor.py:208} INFO - Processing /home/airflow/.local/lib/python3.12/site-packages/airflow/example_dags/example_latest_only.py took 0.037 seconds
[2024-09-28T07:59:07.074+0000] {processor.py:186} INFO - Started process (PID=6963) to work on /home/airflow/.local/lib/python3.12/site-packages/airflow/example_dags/example_latest_only.py
[2024-09-28T07:59:07.074+0000] {processor.py:914} INFO - Processing file /home/airflow/.local/lib/python3.12/site-packages/airflow/example_dags/example_latest_only.py for tasks to queue
[2024-09-28T07:59:07.076+0000] {logging_mixin.py:190} INFO - [2024-09-28T07:59:07.076+0000] {dagbag.py:588} INFO - Filling up the DagBag from /home/airflow/.local/lib/python3.12/site-packages/airflow/example_dags/example_latest_only.py
[2024-09-28T07:59:07.082+0000] {processor.py:925} INFO - DAG(s) 'latest_only' retrieved from /home/airflow/.local/lib/python3.12/site-packages/airflow/example_dags/example_latest_only.py
[2024-09-28T07:59:07.098+0000] {logging_mixin.py:190} INFO - [2024-09-28T07:59:07.097+0000] {dag.py:3239} INFO - Sync 1 DAGs
[2024-09-28T07:59:07.114+0000] {logging_mixin.py:190} INFO - [2024-09-28T07:59:07.114+0000] {dag.py:4180} INFO - Setting next_dagrun for latest_only to 2024-09-28 00:00:00+00:00, run_after=2024-09-28 04:00:00+00:00
[2024-09-28T07:59:07.126+0000] {processor.py:208} INFO - Processing /home/airflow/.local/lib/python3.12/site-packages/airflow/example_dags/example_latest_only.py took 0.059 seconds
[2024-09-28T07:59:37.468+0000] {processor.py:186} INFO - Started process (PID=7249) to work on /home/airflow/.local/lib/python3.12/site-packages/airflow/example_dags/example_latest_only.py
[2024-09-28T07:59:37.469+0000] {processor.py:914} INFO - Processing file /home/airflow/.local/lib/python3.12/site-packages/airflow/example_dags/example_latest_only.py for tasks to queue
[2024-09-28T07:59:37.470+0000] {logging_mixin.py:190} INFO - [2024-09-28T07:59:37.470+0000] {dagbag.py:588} INFO - Filling up the DagBag from /home/airflow/.local/lib/python3.12/site-packages/airflow/example_dags/example_latest_only.py
[2024-09-28T07:59:37.473+0000] {processor.py:925} INFO - DAG(s) 'latest_only' retrieved from /home/airflow/.local/lib/python3.12/site-packages/airflow/example_dags/example_latest_only.py
[2024-09-28T07:59:37.482+0000] {logging_mixin.py:190} INFO - [2024-09-28T07:59:37.482+0000] {dag.py:3239} INFO - Sync 1 DAGs
[2024-09-28T07:59:37.492+0000] {logging_mixin.py:190} INFO - [2024-09-28T07:59:37.492+0000] {dag.py:4180} INFO - Setting next_dagrun for latest_only to 2024-09-28 00:00:00+00:00, run_after=2024-09-28 04:00:00+00:00
[2024-09-28T07:59:37.501+0000] {processor.py:208} INFO - Processing /home/airflow/.local/lib/python3.12/site-packages/airflow/example_dags/example_latest_only.py took 0.036 seconds
[2024-09-28T08:00:07.779+0000] {processor.py:186} INFO - Started process (PID=7533) to work on /home/airflow/.local/lib/python3.12/site-packages/airflow/example_dags/example_latest_only.py
[2024-09-28T08:00:07.780+0000] {processor.py:914} INFO - Processing file /home/airflow/.local/lib/python3.12/site-packages/airflow/example_dags/example_latest_only.py for tasks to queue
[2024-09-28T08:00:07.781+0000] {logging_mixin.py:190} INFO - [2024-09-28T08:00:07.781+0000] {dagbag.py:588} INFO - Filling up the DagBag from /home/airflow/.local/lib/python3.12/site-packages/airflow/example_dags/example_latest_only.py
[2024-09-28T08:00:07.785+0000] {processor.py:925} INFO - DAG(s) 'latest_only' retrieved from /home/airflow/.local/lib/python3.12/site-packages/airflow/example_dags/example_latest_only.py
[2024-09-28T08:00:07.794+0000] {logging_mixin.py:190} INFO - [2024-09-28T08:00:07.794+0000] {dag.py:3239} INFO - Sync 1 DAGs
[2024-09-28T08:00:07.806+0000] {logging_mixin.py:190} INFO - [2024-09-28T08:00:07.806+0000] {dag.py:4180} INFO - Setting next_dagrun for latest_only to 2024-09-28 04:00:00+00:00, run_after=2024-09-28 08:00:00+00:00
[2024-09-28T08:00:07.814+0000] {processor.py:208} INFO - Processing /home/airflow/.local/lib/python3.12/site-packages/airflow/example_dags/example_latest_only.py took 0.038 seconds
[2024-09-28T08:00:38.271+0000] {processor.py:186} INFO - Started process (PID=7819) to work on /home/airflow/.local/lib/python3.12/site-packages/airflow/example_dags/example_latest_only.py
[2024-09-28T08:00:38.272+0000] {processor.py:914} INFO - Processing file /home/airflow/.local/lib/python3.12/site-packages/airflow/example_dags/example_latest_only.py for tasks to queue
[2024-09-28T08:00:38.274+0000] {logging_mixin.py:190} INFO - [2024-09-28T08:00:38.274+0000] {dagbag.py:588} INFO - Filling up the DagBag from /home/airflow/.local/lib/python3.12/site-packages/airflow/example_dags/example_latest_only.py
[2024-09-28T08:00:38.278+0000] {processor.py:925} INFO - DAG(s) 'latest_only' retrieved from /home/airflow/.local/lib/python3.12/site-packages/airflow/example_dags/example_latest_only.py
[2024-09-28T08:00:38.290+0000] {logging_mixin.py:190} INFO - [2024-09-28T08:00:38.290+0000] {dag.py:3239} INFO - Sync 1 DAGs
[2024-09-28T08:00:38.303+0000] {logging_mixin.py:190} INFO - [2024-09-28T08:00:38.303+0000] {dag.py:4180} INFO - Setting next_dagrun for latest_only to 2024-09-28 04:00:00+00:00, run_after=2024-09-28 08:00:00+00:00
[2024-09-28T08:00:38.316+0000] {processor.py:208} INFO - Processing /home/airflow/.local/lib/python3.12/site-packages/airflow/example_dags/example_latest_only.py took 0.048 seconds
[2024-09-28T08:01:08.832+0000] {processor.py:186} INFO - Started process (PID=8105) to work on /home/airflow/.local/lib/python3.12/site-packages/airflow/example_dags/example_latest_only.py
[2024-09-28T08:01:08.834+0000] {processor.py:914} INFO - Processing file /home/airflow/.local/lib/python3.12/site-packages/airflow/example_dags/example_latest_only.py for tasks to queue
[2024-09-28T08:01:08.835+0000] {logging_mixin.py:190} INFO - [2024-09-28T08:01:08.835+0000] {dagbag.py:588} INFO - Filling up the DagBag from /home/airflow/.local/lib/python3.12/site-packages/airflow/example_dags/example_latest_only.py
[2024-09-28T08:01:08.839+0000] {processor.py:925} INFO - DAG(s) 'latest_only' retrieved from /home/airflow/.local/lib/python3.12/site-packages/airflow/example_dags/example_latest_only.py
[2024-09-28T08:01:08.851+0000] {logging_mixin.py:190} INFO - [2024-09-28T08:01:08.851+0000] {dag.py:3239} INFO - Sync 1 DAGs
[2024-09-28T08:01:08.862+0000] {logging_mixin.py:190} INFO - [2024-09-28T08:01:08.862+0000] {dag.py:4180} INFO - Setting next_dagrun for latest_only to 2024-09-28 04:00:00+00:00, run_after=2024-09-28 08:00:00+00:00
[2024-09-28T08:01:08.872+0000] {processor.py:208} INFO - Processing /home/airflow/.local/lib/python3.12/site-packages/airflow/example_dags/example_latest_only.py took 0.043 seconds
[2024-09-28T08:01:39.487+0000] {processor.py:186} INFO - Started process (PID=8391) to work on /home/airflow/.local/lib/python3.12/site-packages/airflow/example_dags/example_latest_only.py
[2024-09-28T08:01:39.487+0000] {processor.py:914} INFO - Processing file /home/airflow/.local/lib/python3.12/site-packages/airflow/example_dags/example_latest_only.py for tasks to queue
[2024-09-28T08:01:39.488+0000] {logging_mixin.py:190} INFO - [2024-09-28T08:01:39.488+0000] {dagbag.py:588} INFO - Filling up the DagBag from /home/airflow/.local/lib/python3.12/site-packages/airflow/example_dags/example_latest_only.py
[2024-09-28T08:01:39.492+0000] {processor.py:925} INFO - DAG(s) 'latest_only' retrieved from /home/airflow/.local/lib/python3.12/site-packages/airflow/example_dags/example_latest_only.py
[2024-09-28T08:01:39.503+0000] {logging_mixin.py:190} INFO - [2024-09-28T08:01:39.503+0000] {dag.py:3239} INFO - Sync 1 DAGs
[2024-09-28T08:01:39.516+0000] {logging_mixin.py:190} INFO - [2024-09-28T08:01:39.516+0000] {dag.py:4180} INFO - Setting next_dagrun for latest_only to 2024-09-28 04:00:00+00:00, run_after=2024-09-28 08:00:00+00:00
[2024-09-28T08:01:39.529+0000] {processor.py:208} INFO - Processing /home/airflow/.local/lib/python3.12/site-packages/airflow/example_dags/example_latest_only.py took 0.046 seconds
[2024-09-28T08:02:10.212+0000] {processor.py:186} INFO - Started process (PID=8677) to work on /home/airflow/.local/lib/python3.12/site-packages/airflow/example_dags/example_latest_only.py
[2024-09-28T08:02:10.213+0000] {processor.py:914} INFO - Processing file /home/airflow/.local/lib/python3.12/site-packages/airflow/example_dags/example_latest_only.py for tasks to queue
[2024-09-28T08:02:10.214+0000] {logging_mixin.py:190} INFO - [2024-09-28T08:02:10.214+0000] {dagbag.py:588} INFO - Filling up the DagBag from /home/airflow/.local/lib/python3.12/site-packages/airflow/example_dags/example_latest_only.py
[2024-09-28T08:02:10.218+0000] {processor.py:925} INFO - DAG(s) 'latest_only' retrieved from /home/airflow/.local/lib/python3.12/site-packages/airflow/example_dags/example_latest_only.py
[2024-09-28T08:02:10.231+0000] {logging_mixin.py:190} INFO - [2024-09-28T08:02:10.231+0000] {dag.py:3239} INFO - Sync 1 DAGs
[2024-09-28T08:02:10.242+0000] {logging_mixin.py:190} INFO - [2024-09-28T08:02:10.242+0000] {dag.py:4180} INFO - Setting next_dagrun for latest_only to 2024-09-28 04:00:00+00:00, run_after=2024-09-28 08:00:00+00:00
[2024-09-28T08:02:10.251+0000] {processor.py:208} INFO - Processing /home/airflow/.local/lib/python3.12/site-packages/airflow/example_dags/example_latest_only.py took 0.042 seconds
[2024-09-28T08:02:40.822+0000] {processor.py:186} INFO - Started process (PID=8963) to work on /home/airflow/.local/lib/python3.12/site-packages/airflow/example_dags/example_latest_only.py
[2024-09-28T08:02:40.823+0000] {processor.py:914} INFO - Processing file /home/airflow/.local/lib/python3.12/site-packages/airflow/example_dags/example_latest_only.py for tasks to queue
[2024-09-28T08:02:40.824+0000] {logging_mixin.py:190} INFO - [2024-09-28T08:02:40.824+0000] {dagbag.py:588} INFO - Filling up the DagBag from /home/airflow/.local/lib/python3.12/site-packages/airflow/example_dags/example_latest_only.py
[2024-09-28T08:02:40.828+0000] {processor.py:925} INFO - DAG(s) 'latest_only' retrieved from /home/airflow/.local/lib/python3.12/site-packages/airflow/example_dags/example_latest_only.py
[2024-09-28T08:02:40.838+0000] {logging_mixin.py:190} INFO - [2024-09-28T08:02:40.838+0000] {dag.py:3239} INFO - Sync 1 DAGs
[2024-09-28T08:02:40.851+0000] {logging_mixin.py:190} INFO - [2024-09-28T08:02:40.850+0000] {dag.py:4180} INFO - Setting next_dagrun for latest_only to 2024-09-28 04:00:00+00:00, run_after=2024-09-28 08:00:00+00:00
[2024-09-28T08:02:40.859+0000] {processor.py:208} INFO - Processing /home/airflow/.local/lib/python3.12/site-packages/airflow/example_dags/example_latest_only.py took 0.041 seconds
[2024-09-28T08:03:11.445+0000] {processor.py:186} INFO - Started process (PID=9249) to work on /home/airflow/.local/lib/python3.12/site-packages/airflow/example_dags/example_latest_only.py
[2024-09-28T08:03:11.447+0000] {processor.py:914} INFO - Processing file /home/airflow/.local/lib/python3.12/site-packages/airflow/example_dags/example_latest_only.py for tasks to queue
[2024-09-28T08:03:11.448+0000] {logging_mixin.py:190} INFO - [2024-09-28T08:03:11.448+0000] {dagbag.py:588} INFO - Filling up the DagBag from /home/airflow/.local/lib/python3.12/site-packages/airflow/example_dags/example_latest_only.py
[2024-09-28T08:03:11.453+0000] {processor.py:925} INFO - DAG(s) 'latest_only' retrieved from /home/airflow/.local/lib/python3.12/site-packages/airflow/example_dags/example_latest_only.py
[2024-09-28T08:03:11.464+0000] {logging_mixin.py:190} INFO - [2024-09-28T08:03:11.463+0000] {dag.py:3239} INFO - Sync 1 DAGs
[2024-09-28T08:03:11.474+0000] {logging_mixin.py:190} INFO - [2024-09-28T08:03:11.474+0000] {dag.py:4180} INFO - Setting next_dagrun for latest_only to 2024-09-28 04:00:00+00:00, run_after=2024-09-28 08:00:00+00:00
[2024-09-28T08:03:11.483+0000] {processor.py:208} INFO - Processing /home/airflow/.local/lib/python3.12/site-packages/airflow/example_dags/example_latest_only.py took 0.041 seconds
[2024-09-28T08:03:41.873+0000] {processor.py:186} INFO - Started process (PID=9535) to work on /home/airflow/.local/lib/python3.12/site-packages/airflow/example_dags/example_latest_only.py
[2024-09-28T08:03:41.874+0000] {processor.py:914} INFO - Processing file /home/airflow/.local/lib/python3.12/site-packages/airflow/example_dags/example_latest_only.py for tasks to queue
[2024-09-28T08:03:41.875+0000] {logging_mixin.py:190} INFO - [2024-09-28T08:03:41.875+0000] {dagbag.py:588} INFO - Filling up the DagBag from /home/airflow/.local/lib/python3.12/site-packages/airflow/example_dags/example_latest_only.py
[2024-09-28T08:03:41.880+0000] {processor.py:925} INFO - DAG(s) 'latest_only' retrieved from /home/airflow/.local/lib/python3.12/site-packages/airflow/example_dags/example_latest_only.py
[2024-09-28T08:03:41.891+0000] {logging_mixin.py:190} INFO - [2024-09-28T08:03:41.891+0000] {dag.py:3239} INFO - Sync 1 DAGs
[2024-09-28T08:03:41.904+0000] {logging_mixin.py:190} INFO - [2024-09-28T08:03:41.904+0000] {dag.py:4180} INFO - Setting next_dagrun for latest_only to 2024-09-28 04:00:00+00:00, run_after=2024-09-28 08:00:00+00:00
[2024-09-28T08:03:41.914+0000] {processor.py:208} INFO - Processing /home/airflow/.local/lib/python3.12/site-packages/airflow/example_dags/example_latest_only.py took 0.044 seconds
[2024-09-28T08:04:12.457+0000] {processor.py:186} INFO - Started process (PID=9821) to work on /home/airflow/.local/lib/python3.12/site-packages/airflow/example_dags/example_latest_only.py
[2024-09-28T08:04:12.458+0000] {processor.py:914} INFO - Processing file /home/airflow/.local/lib/python3.12/site-packages/airflow/example_dags/example_latest_only.py for tasks to queue
[2024-09-28T08:04:12.462+0000] {logging_mixin.py:190} INFO - [2024-09-28T08:04:12.462+0000] {dagbag.py:588} INFO - Filling up the DagBag from /home/airflow/.local/lib/python3.12/site-packages/airflow/example_dags/example_latest_only.py
[2024-09-28T08:04:12.466+0000] {processor.py:925} INFO - DAG(s) 'latest_only' retrieved from /home/airflow/.local/lib/python3.12/site-packages/airflow/example_dags/example_latest_only.py
[2024-09-28T08:04:12.475+0000] {logging_mixin.py:190} INFO - [2024-09-28T08:04:12.475+0000] {dag.py:3239} INFO - Sync 1 DAGs
[2024-09-28T08:04:12.486+0000] {logging_mixin.py:190} INFO - [2024-09-28T08:04:12.486+0000] {dag.py:4180} INFO - Setting next_dagrun for latest_only to 2024-09-28 04:00:00+00:00, run_after=2024-09-28 08:00:00+00:00
[2024-09-28T08:04:12.496+0000] {processor.py:208} INFO - Processing /home/airflow/.local/lib/python3.12/site-packages/airflow/example_dags/example_latest_only.py took 0.042 seconds
[2024-09-28T08:04:43.106+0000] {processor.py:186} INFO - Started process (PID=10107) to work on /home/airflow/.local/lib/python3.12/site-packages/airflow/example_dags/example_latest_only.py
[2024-09-28T08:04:43.108+0000] {processor.py:914} INFO - Processing file /home/airflow/.local/lib/python3.12/site-packages/airflow/example_dags/example_latest_only.py for tasks to queue
[2024-09-28T08:04:43.109+0000] {logging_mixin.py:190} INFO - [2024-09-28T08:04:43.109+0000] {dagbag.py:588} INFO - Filling up the DagBag from /home/airflow/.local/lib/python3.12/site-packages/airflow/example_dags/example_latest_only.py
[2024-09-28T08:04:43.113+0000] {processor.py:925} INFO - DAG(s) 'latest_only' retrieved from /home/airflow/.local/lib/python3.12/site-packages/airflow/example_dags/example_latest_only.py
[2024-09-28T08:04:43.124+0000] {logging_mixin.py:190} INFO - [2024-09-28T08:04:43.124+0000] {dag.py:3239} INFO - Sync 1 DAGs
[2024-09-28T08:04:43.137+0000] {logging_mixin.py:190} INFO - [2024-09-28T08:04:43.137+0000] {dag.py:4180} INFO - Setting next_dagrun for latest_only to 2024-09-28 04:00:00+00:00, run_after=2024-09-28 08:00:00+00:00
[2024-09-28T08:04:43.146+0000] {processor.py:208} INFO - Processing /home/airflow/.local/lib/python3.12/site-packages/airflow/example_dags/example_latest_only.py took 0.043 seconds
[2024-09-28T08:05:13.546+0000] {processor.py:186} INFO - Started process (PID=10393) to work on /home/airflow/.local/lib/python3.12/site-packages/airflow/example_dags/example_latest_only.py
[2024-09-28T08:05:13.548+0000] {processor.py:914} INFO - Processing file /home/airflow/.local/lib/python3.12/site-packages/airflow/example_dags/example_latest_only.py for tasks to queue
[2024-09-28T08:05:13.549+0000] {logging_mixin.py:190} INFO - [2024-09-28T08:05:13.549+0000] {dagbag.py:588} INFO - Filling up the DagBag from /home/airflow/.local/lib/python3.12/site-packages/airflow/example_dags/example_latest_only.py
[2024-09-28T08:05:13.553+0000] {processor.py:925} INFO - DAG(s) 'latest_only' retrieved from /home/airflow/.local/lib/python3.12/site-packages/airflow/example_dags/example_latest_only.py
[2024-09-28T08:05:13.564+0000] {logging_mixin.py:190} INFO - [2024-09-28T08:05:13.563+0000] {dag.py:3239} INFO - Sync 1 DAGs
[2024-09-28T08:05:13.575+0000] {logging_mixin.py:190} INFO - [2024-09-28T08:05:13.574+0000] {dag.py:4180} INFO - Setting next_dagrun for latest_only to 2024-09-28 04:00:00+00:00, run_after=2024-09-28 08:00:00+00:00
[2024-09-28T08:05:13.583+0000] {processor.py:208} INFO - Processing /home/airflow/.local/lib/python3.12/site-packages/airflow/example_dags/example_latest_only.py took 0.040 seconds
[2024-09-28T08:05:44.028+0000] {processor.py:186} INFO - Started process (PID=10679) to work on /home/airflow/.local/lib/python3.12/site-packages/airflow/example_dags/example_latest_only.py
[2024-09-28T08:05:44.030+0000] {processor.py:914} INFO - Processing file /home/airflow/.local/lib/python3.12/site-packages/airflow/example_dags/example_latest_only.py for tasks to queue
[2024-09-28T08:05:44.032+0000] {logging_mixin.py:190} INFO - [2024-09-28T08:05:44.031+0000] {dagbag.py:588} INFO - Filling up the DagBag from /home/airflow/.local/lib/python3.12/site-packages/airflow/example_dags/example_latest_only.py
[2024-09-28T08:05:44.036+0000] {processor.py:925} INFO - DAG(s) 'latest_only' retrieved from /home/airflow/.local/lib/python3.12/site-packages/airflow/example_dags/example_latest_only.py
[2024-09-28T08:05:44.048+0000] {logging_mixin.py:190} INFO - [2024-09-28T08:05:44.048+0000] {dag.py:3239} INFO - Sync 1 DAGs
[2024-09-28T08:05:44.059+0000] {logging_mixin.py:190} INFO - [2024-09-28T08:05:44.059+0000] {dag.py:4180} INFO - Setting next_dagrun for latest_only to 2024-09-28 04:00:00+00:00, run_after=2024-09-28 08:00:00+00:00
[2024-09-28T08:05:44.067+0000] {processor.py:208} INFO - Processing /home/airflow/.local/lib/python3.12/site-packages/airflow/example_dags/example_latest_only.py took 0.042 seconds
[2024-09-28T08:06:14.902+0000] {processor.py:186} INFO - Started process (PID=10965) to work on /home/airflow/.local/lib/python3.12/site-packages/airflow/example_dags/example_latest_only.py
[2024-09-28T08:06:14.904+0000] {processor.py:914} INFO - Processing file /home/airflow/.local/lib/python3.12/site-packages/airflow/example_dags/example_latest_only.py for tasks to queue
[2024-09-28T08:06:14.905+0000] {logging_mixin.py:190} INFO - [2024-09-28T08:06:14.905+0000] {dagbag.py:588} INFO - Filling up the DagBag from /home/airflow/.local/lib/python3.12/site-packages/airflow/example_dags/example_latest_only.py
[2024-09-28T08:06:14.909+0000] {processor.py:925} INFO - DAG(s) 'latest_only' retrieved from /home/airflow/.local/lib/python3.12/site-packages/airflow/example_dags/example_latest_only.py
[2024-09-28T08:06:14.921+0000] {logging_mixin.py:190} INFO - [2024-09-28T08:06:14.921+0000] {dag.py:3239} INFO - Sync 1 DAGs
[2024-09-28T08:06:14.932+0000] {logging_mixin.py:190} INFO - [2024-09-28T08:06:14.932+0000] {dag.py:4180} INFO - Setting next_dagrun for latest_only to 2024-09-28 04:00:00+00:00, run_after=2024-09-28 08:00:00+00:00
[2024-09-28T08:06:14.941+0000] {processor.py:208} INFO - Processing /home/airflow/.local/lib/python3.12/site-packages/airflow/example_dags/example_latest_only.py took 0.042 seconds
[2024-09-28T08:06:45.915+0000] {processor.py:186} INFO - Started process (PID=11251) to work on /home/airflow/.local/lib/python3.12/site-packages/airflow/example_dags/example_latest_only.py
[2024-09-28T08:06:45.916+0000] {processor.py:914} INFO - Processing file /home/airflow/.local/lib/python3.12/site-packages/airflow/example_dags/example_latest_only.py for tasks to queue
[2024-09-28T08:06:45.917+0000] {logging_mixin.py:190} INFO - [2024-09-28T08:06:45.917+0000] {dagbag.py:588} INFO - Filling up the DagBag from /home/airflow/.local/lib/python3.12/site-packages/airflow/example_dags/example_latest_only.py
[2024-09-28T08:06:45.921+0000] {processor.py:925} INFO - DAG(s) 'latest_only' retrieved from /home/airflow/.local/lib/python3.12/site-packages/airflow/example_dags/example_latest_only.py
[2024-09-28T08:06:45.930+0000] {logging_mixin.py:190} INFO - [2024-09-28T08:06:45.930+0000] {dag.py:3239} INFO - Sync 1 DAGs
[2024-09-28T08:06:45.942+0000] {logging_mixin.py:190} INFO - [2024-09-28T08:06:45.941+0000] {dag.py:4180} INFO - Setting next_dagrun for latest_only to 2024-09-28 04:00:00+00:00, run_after=2024-09-28 08:00:00+00:00
[2024-09-28T08:06:45.950+0000] {processor.py:208} INFO - Processing /home/airflow/.local/lib/python3.12/site-packages/airflow/example_dags/example_latest_only.py took 0.038 seconds
[2024-09-28T08:07:16.655+0000] {processor.py:186} INFO - Started process (PID=11539) to work on /home/airflow/.local/lib/python3.12/site-packages/airflow/example_dags/example_latest_only.py
[2024-09-28T08:07:16.657+0000] {processor.py:914} INFO - Processing file /home/airflow/.local/lib/python3.12/site-packages/airflow/example_dags/example_latest_only.py for tasks to queue
[2024-09-28T08:07:16.658+0000] {logging_mixin.py:190} INFO - [2024-09-28T08:07:16.658+0000] {dagbag.py:588} INFO - Filling up the DagBag from /home/airflow/.local/lib/python3.12/site-packages/airflow/example_dags/example_latest_only.py
[2024-09-28T08:07:16.661+0000] {processor.py:925} INFO - DAG(s) 'latest_only' retrieved from /home/airflow/.local/lib/python3.12/site-packages/airflow/example_dags/example_latest_only.py
[2024-09-28T08:07:16.671+0000] {logging_mixin.py:190} INFO - [2024-09-28T08:07:16.671+0000] {dag.py:3239} INFO - Sync 1 DAGs
[2024-09-28T08:07:16.681+0000] {logging_mixin.py:190} INFO - [2024-09-28T08:07:16.681+0000] {dag.py:4180} INFO - Setting next_dagrun for latest_only to 2024-09-28 04:00:00+00:00, run_after=2024-09-28 08:00:00+00:00
[2024-09-28T08:07:16.689+0000] {processor.py:208} INFO - Processing /home/airflow/.local/lib/python3.12/site-packages/airflow/example_dags/example_latest_only.py took 0.038 seconds
[2024-09-28T08:07:47.266+0000] {processor.py:186} INFO - Started process (PID=11823) to work on /home/airflow/.local/lib/python3.12/site-packages/airflow/example_dags/example_latest_only.py
[2024-09-28T08:07:47.268+0000] {processor.py:914} INFO - Processing file /home/airflow/.local/lib/python3.12/site-packages/airflow/example_dags/example_latest_only.py for tasks to queue
[2024-09-28T08:07:47.270+0000] {logging_mixin.py:190} INFO - [2024-09-28T08:07:47.269+0000] {dagbag.py:588} INFO - Filling up the DagBag from /home/airflow/.local/lib/python3.12/site-packages/airflow/example_dags/example_latest_only.py
[2024-09-28T08:07:47.273+0000] {processor.py:925} INFO - DAG(s) 'latest_only' retrieved from /home/airflow/.local/lib/python3.12/site-packages/airflow/example_dags/example_latest_only.py
[2024-09-28T08:07:47.282+0000] {logging_mixin.py:190} INFO - [2024-09-28T08:07:47.282+0000] {dag.py:3239} INFO - Sync 1 DAGs
[2024-09-28T08:07:47.295+0000] {logging_mixin.py:190} INFO - [2024-09-28T08:07:47.294+0000] {dag.py:4180} INFO - Setting next_dagrun for latest_only to 2024-09-28 04:00:00+00:00, run_after=2024-09-28 08:00:00+00:00
[2024-09-28T08:07:47.303+0000] {processor.py:208} INFO - Processing /home/airflow/.local/lib/python3.12/site-packages/airflow/example_dags/example_latest_only.py took 0.040 seconds
