[2024-09-28T07:47:27.682+0000] {processor.py:186} INFO - Started process (PID=284) to work on /home/airflow/.local/lib/python3.12/site-packages/airflow/example_dags/example_branch_python_dop_operator_3.py
[2024-09-28T07:47:27.683+0000] {processor.py:914} INFO - Processing file /home/airflow/.local/lib/python3.12/site-packages/airflow/example_dags/example_branch_python_dop_operator_3.py for tasks to queue
[2024-09-28T07:47:27.685+0000] {logging_mixin.py:190} INFO - [2024-09-28T07:47:27.685+0000] {dagbag.py:588} INFO - Filling up the DagBag from /home/airflow/.local/lib/python3.12/site-packages/airflow/example_dags/example_branch_python_dop_operator_3.py
[2024-09-28T07:47:27.691+0000] {processor.py:925} INFO - DAG(s) 'example_branch_dop_operator_v3' retrieved from /home/airflow/.local/lib/python3.12/site-packages/airflow/example_dags/example_branch_python_dop_operator_3.py
[2024-09-28T07:47:27.748+0000] {logging_mixin.py:190} INFO - [2024-09-28T07:47:27.747+0000] {override.py:1900} INFO - Created Permission View: can delete on DAG:example_branch_dop_operator_v3
[2024-09-28T07:47:27.754+0000] {logging_mixin.py:190} INFO - [2024-09-28T07:47:27.754+0000] {override.py:1900} INFO - Created Permission View: can edit on DAG:example_branch_dop_operator_v3
[2024-09-28T07:47:27.757+0000] {logging_mixin.py:190} INFO - [2024-09-28T07:47:27.757+0000] {override.py:1900} INFO - Created Permission View: can read on DAG:example_branch_dop_operator_v3
[2024-09-28T07:47:27.760+0000] {logging_mixin.py:190} INFO - [2024-09-28T07:47:27.760+0000] {override.py:1900} INFO - Created Permission View: menu access on DAG Run:example_branch_dop_operator_v3
[2024-09-28T07:47:27.762+0000] {logging_mixin.py:190} INFO - [2024-09-28T07:47:27.762+0000] {override.py:1900} INFO - Created Permission View: can delete on DAG Run:example_branch_dop_operator_v3
[2024-09-28T07:47:27.765+0000] {logging_mixin.py:190} INFO - [2024-09-28T07:47:27.765+0000] {override.py:1900} INFO - Created Permission View: can create on DAG Run:example_branch_dop_operator_v3
[2024-09-28T07:47:27.768+0000] {logging_mixin.py:190} INFO - [2024-09-28T07:47:27.768+0000] {override.py:1900} INFO - Created Permission View: can read on DAG Run:example_branch_dop_operator_v3
[2024-09-28T07:47:27.768+0000] {logging_mixin.py:190} INFO - [2024-09-28T07:47:27.768+0000] {dag.py:3239} INFO - Sync 1 DAGs
[2024-09-28T07:47:27.774+0000] {logging_mixin.py:190} INFO - [2024-09-28T07:47:27.774+0000] {dag.py:3262} INFO - Creating ORM DAG for example_branch_dop_operator_v3
[2024-09-28T07:47:27.780+0000] {logging_mixin.py:190} INFO - [2024-09-28T07:47:27.780+0000] {dag.py:4180} INFO - Setting next_dagrun for example_branch_dop_operator_v3 to 2024-09-28 07:46:00+00:00, run_after=2024-09-28 07:47:00+00:00
[2024-09-28T07:47:27.788+0000] {processor.py:208} INFO - Processing /home/airflow/.local/lib/python3.12/site-packages/airflow/example_dags/example_branch_python_dop_operator_3.py took 0.109 seconds
[2024-09-28T07:47:58.535+0000] {processor.py:186} INFO - Started process (PID=569) to work on /home/airflow/.local/lib/python3.12/site-packages/airflow/example_dags/example_branch_python_dop_operator_3.py
[2024-09-28T07:47:58.536+0000] {processor.py:914} INFO - Processing file /home/airflow/.local/lib/python3.12/site-packages/airflow/example_dags/example_branch_python_dop_operator_3.py for tasks to queue
[2024-09-28T07:47:58.538+0000] {logging_mixin.py:190} INFO - [2024-09-28T07:47:58.537+0000] {dagbag.py:588} INFO - Filling up the DagBag from /home/airflow/.local/lib/python3.12/site-packages/airflow/example_dags/example_branch_python_dop_operator_3.py
[2024-09-28T07:47:58.544+0000] {processor.py:925} INFO - DAG(s) 'example_branch_dop_operator_v3' retrieved from /home/airflow/.local/lib/python3.12/site-packages/airflow/example_dags/example_branch_python_dop_operator_3.py
[2024-09-28T07:47:58.555+0000] {logging_mixin.py:190} INFO - [2024-09-28T07:47:58.555+0000] {dag.py:3239} INFO - Sync 1 DAGs
[2024-09-28T07:47:58.572+0000] {logging_mixin.py:190} INFO - [2024-09-28T07:47:58.572+0000] {dag.py:4180} INFO - Setting next_dagrun for example_branch_dop_operator_v3 to 2024-09-28 07:46:00+00:00, run_after=2024-09-28 07:47:00+00:00
[2024-09-28T07:47:58.596+0000] {processor.py:208} INFO - Processing /home/airflow/.local/lib/python3.12/site-packages/airflow/example_dags/example_branch_python_dop_operator_3.py took 0.065 seconds
[2024-09-28T07:48:28.948+0000] {processor.py:186} INFO - Started process (PID=855) to work on /home/airflow/.local/lib/python3.12/site-packages/airflow/example_dags/example_branch_python_dop_operator_3.py
[2024-09-28T07:48:28.951+0000] {processor.py:914} INFO - Processing file /home/airflow/.local/lib/python3.12/site-packages/airflow/example_dags/example_branch_python_dop_operator_3.py for tasks to queue
[2024-09-28T07:48:28.955+0000] {logging_mixin.py:190} INFO - [2024-09-28T07:48:28.955+0000] {dagbag.py:588} INFO - Filling up the DagBag from /home/airflow/.local/lib/python3.12/site-packages/airflow/example_dags/example_branch_python_dop_operator_3.py
[2024-09-28T07:48:28.961+0000] {processor.py:925} INFO - DAG(s) 'example_branch_dop_operator_v3' retrieved from /home/airflow/.local/lib/python3.12/site-packages/airflow/example_dags/example_branch_python_dop_operator_3.py
[2024-09-28T07:48:28.972+0000] {logging_mixin.py:190} INFO - [2024-09-28T07:48:28.972+0000] {dag.py:3239} INFO - Sync 1 DAGs
[2024-09-28T07:48:28.985+0000] {logging_mixin.py:190} INFO - [2024-09-28T07:48:28.985+0000] {dag.py:4180} INFO - Setting next_dagrun for example_branch_dop_operator_v3 to 2024-09-28 07:47:00+00:00, run_after=2024-09-28 07:48:00+00:00
[2024-09-28T07:48:28.994+0000] {processor.py:208} INFO - Processing /home/airflow/.local/lib/python3.12/site-packages/airflow/example_dags/example_branch_python_dop_operator_3.py took 0.049 seconds
[2024-09-28T07:48:59.232+0000] {processor.py:186} INFO - Started process (PID=1140) to work on /home/airflow/.local/lib/python3.12/site-packages/airflow/example_dags/example_branch_python_dop_operator_3.py
[2024-09-28T07:48:59.233+0000] {processor.py:914} INFO - Processing file /home/airflow/.local/lib/python3.12/site-packages/airflow/example_dags/example_branch_python_dop_operator_3.py for tasks to queue
[2024-09-28T07:48:59.234+0000] {logging_mixin.py:190} INFO - [2024-09-28T07:48:59.234+0000] {dagbag.py:588} INFO - Filling up the DagBag from /home/airflow/.local/lib/python3.12/site-packages/airflow/example_dags/example_branch_python_dop_operator_3.py
[2024-09-28T07:48:59.242+0000] {processor.py:925} INFO - DAG(s) 'example_branch_dop_operator_v3' retrieved from /home/airflow/.local/lib/python3.12/site-packages/airflow/example_dags/example_branch_python_dop_operator_3.py
[2024-09-28T07:48:59.251+0000] {logging_mixin.py:190} INFO - [2024-09-28T07:48:59.251+0000] {dag.py:3239} INFO - Sync 1 DAGs
[2024-09-28T07:48:59.264+0000] {logging_mixin.py:190} INFO - [2024-09-28T07:48:59.264+0000] {dag.py:4180} INFO - Setting next_dagrun for example_branch_dop_operator_v3 to 2024-09-28 07:47:00+00:00, run_after=2024-09-28 07:48:00+00:00
[2024-09-28T07:48:59.272+0000] {processor.py:208} INFO - Processing /home/airflow/.local/lib/python3.12/site-packages/airflow/example_dags/example_branch_python_dop_operator_3.py took 0.043 seconds
[2024-09-28T07:49:29.408+0000] {processor.py:186} INFO - Started process (PID=1449) to work on /home/airflow/.local/lib/python3.12/site-packages/airflow/example_dags/example_branch_python_dop_operator_3.py
[2024-09-28T07:49:29.410+0000] {processor.py:914} INFO - Processing file /home/airflow/.local/lib/python3.12/site-packages/airflow/example_dags/example_branch_python_dop_operator_3.py for tasks to queue
[2024-09-28T07:49:29.412+0000] {logging_mixin.py:190} INFO - [2024-09-28T07:49:29.411+0000] {dagbag.py:588} INFO - Filling up the DagBag from /home/airflow/.local/lib/python3.12/site-packages/airflow/example_dags/example_branch_python_dop_operator_3.py
[2024-09-28T07:49:29.417+0000] {processor.py:925} INFO - DAG(s) 'example_branch_dop_operator_v3' retrieved from /home/airflow/.local/lib/python3.12/site-packages/airflow/example_dags/example_branch_python_dop_operator_3.py
[2024-09-28T07:49:29.427+0000] {logging_mixin.py:190} INFO - [2024-09-28T07:49:29.427+0000] {dag.py:3239} INFO - Sync 1 DAGs
[2024-09-28T07:49:29.439+0000] {logging_mixin.py:190} INFO - [2024-09-28T07:49:29.439+0000] {dag.py:4180} INFO - Setting next_dagrun for example_branch_dop_operator_v3 to 2024-09-28 07:48:00+00:00, run_after=2024-09-28 07:49:00+00:00
[2024-09-28T07:49:29.447+0000] {processor.py:208} INFO - Processing /home/airflow/.local/lib/python3.12/site-packages/airflow/example_dags/example_branch_python_dop_operator_3.py took 0.041 seconds
[2024-09-28T07:49:59.580+0000] {processor.py:186} INFO - Started process (PID=1735) to work on /home/airflow/.local/lib/python3.12/site-packages/airflow/example_dags/example_branch_python_dop_operator_3.py
[2024-09-28T07:49:59.582+0000] {processor.py:914} INFO - Processing file /home/airflow/.local/lib/python3.12/site-packages/airflow/example_dags/example_branch_python_dop_operator_3.py for tasks to queue
[2024-09-28T07:49:59.583+0000] {logging_mixin.py:190} INFO - [2024-09-28T07:49:59.583+0000] {dagbag.py:588} INFO - Filling up the DagBag from /home/airflow/.local/lib/python3.12/site-packages/airflow/example_dags/example_branch_python_dop_operator_3.py
[2024-09-28T07:49:59.589+0000] {processor.py:925} INFO - DAG(s) 'example_branch_dop_operator_v3' retrieved from /home/airflow/.local/lib/python3.12/site-packages/airflow/example_dags/example_branch_python_dop_operator_3.py
[2024-09-28T07:49:59.598+0000] {logging_mixin.py:190} INFO - [2024-09-28T07:49:59.598+0000] {dag.py:3239} INFO - Sync 1 DAGs
[2024-09-28T07:49:59.610+0000] {logging_mixin.py:190} INFO - [2024-09-28T07:49:59.610+0000] {dag.py:4180} INFO - Setting next_dagrun for example_branch_dop_operator_v3 to 2024-09-28 07:48:00+00:00, run_after=2024-09-28 07:49:00+00:00
[2024-09-28T07:49:59.617+0000] {processor.py:208} INFO - Processing /home/airflow/.local/lib/python3.12/site-packages/airflow/example_dags/example_branch_python_dop_operator_3.py took 0.041 seconds
[2024-09-28T07:50:29.937+0000] {processor.py:186} INFO - Started process (PID=2029) to work on /home/airflow/.local/lib/python3.12/site-packages/airflow/example_dags/example_branch_python_dop_operator_3.py
[2024-09-28T07:50:29.937+0000] {processor.py:914} INFO - Processing file /home/airflow/.local/lib/python3.12/site-packages/airflow/example_dags/example_branch_python_dop_operator_3.py for tasks to queue
[2024-09-28T07:50:29.939+0000] {logging_mixin.py:190} INFO - [2024-09-28T07:50:29.938+0000] {dagbag.py:588} INFO - Filling up the DagBag from /home/airflow/.local/lib/python3.12/site-packages/airflow/example_dags/example_branch_python_dop_operator_3.py
[2024-09-28T07:50:29.944+0000] {processor.py:925} INFO - DAG(s) 'example_branch_dop_operator_v3' retrieved from /home/airflow/.local/lib/python3.12/site-packages/airflow/example_dags/example_branch_python_dop_operator_3.py
[2024-09-28T07:50:29.953+0000] {logging_mixin.py:190} INFO - [2024-09-28T07:50:29.953+0000] {dag.py:3239} INFO - Sync 1 DAGs
[2024-09-28T07:50:29.965+0000] {logging_mixin.py:190} INFO - [2024-09-28T07:50:29.965+0000] {dag.py:4180} INFO - Setting next_dagrun for example_branch_dop_operator_v3 to 2024-09-28 07:49:00+00:00, run_after=2024-09-28 07:50:00+00:00
[2024-09-28T07:50:29.972+0000] {processor.py:208} INFO - Processing /home/airflow/.local/lib/python3.12/site-packages/airflow/example_dags/example_branch_python_dop_operator_3.py took 0.038 seconds
[2024-09-28T07:51:00.271+0000] {processor.py:186} INFO - Started process (PID=2314) to work on /home/airflow/.local/lib/python3.12/site-packages/airflow/example_dags/example_branch_python_dop_operator_3.py
[2024-09-28T07:51:00.275+0000] {processor.py:914} INFO - Processing file /home/airflow/.local/lib/python3.12/site-packages/airflow/example_dags/example_branch_python_dop_operator_3.py for tasks to queue
[2024-09-28T07:51:00.276+0000] {logging_mixin.py:190} INFO - [2024-09-28T07:51:00.276+0000] {dagbag.py:588} INFO - Filling up the DagBag from /home/airflow/.local/lib/python3.12/site-packages/airflow/example_dags/example_branch_python_dop_operator_3.py
[2024-09-28T07:51:00.282+0000] {processor.py:925} INFO - DAG(s) 'example_branch_dop_operator_v3' retrieved from /home/airflow/.local/lib/python3.12/site-packages/airflow/example_dags/example_branch_python_dop_operator_3.py
[2024-09-28T07:51:00.294+0000] {logging_mixin.py:190} INFO - [2024-09-28T07:51:00.293+0000] {dag.py:3239} INFO - Sync 1 DAGs
[2024-09-28T07:51:00.305+0000] {logging_mixin.py:190} INFO - [2024-09-28T07:51:00.305+0000] {dag.py:4180} INFO - Setting next_dagrun for example_branch_dop_operator_v3 to 2024-09-28 07:50:00+00:00, run_after=2024-09-28 07:51:00+00:00
[2024-09-28T07:51:00.314+0000] {processor.py:208} INFO - Processing /home/airflow/.local/lib/python3.12/site-packages/airflow/example_dags/example_branch_python_dop_operator_3.py took 0.047 seconds
[2024-09-28T07:51:30.466+0000] {processor.py:186} INFO - Started process (PID=2599) to work on /home/airflow/.local/lib/python3.12/site-packages/airflow/example_dags/example_branch_python_dop_operator_3.py
[2024-09-28T07:51:30.467+0000] {processor.py:914} INFO - Processing file /home/airflow/.local/lib/python3.12/site-packages/airflow/example_dags/example_branch_python_dop_operator_3.py for tasks to queue
[2024-09-28T07:51:30.469+0000] {logging_mixin.py:190} INFO - [2024-09-28T07:51:30.468+0000] {dagbag.py:588} INFO - Filling up the DagBag from /home/airflow/.local/lib/python3.12/site-packages/airflow/example_dags/example_branch_python_dop_operator_3.py
[2024-09-28T07:51:30.474+0000] {processor.py:925} INFO - DAG(s) 'example_branch_dop_operator_v3' retrieved from /home/airflow/.local/lib/python3.12/site-packages/airflow/example_dags/example_branch_python_dop_operator_3.py
[2024-09-28T07:51:30.483+0000] {logging_mixin.py:190} INFO - [2024-09-28T07:51:30.483+0000] {dag.py:3239} INFO - Sync 1 DAGs
[2024-09-28T07:51:30.494+0000] {logging_mixin.py:190} INFO - [2024-09-28T07:51:30.494+0000] {dag.py:4180} INFO - Setting next_dagrun for example_branch_dop_operator_v3 to 2024-09-28 07:50:00+00:00, run_after=2024-09-28 07:51:00+00:00
[2024-09-28T07:51:30.502+0000] {processor.py:208} INFO - Processing /home/airflow/.local/lib/python3.12/site-packages/airflow/example_dags/example_branch_python_dop_operator_3.py took 0.040 seconds
[2024-09-28T07:52:00.612+0000] {processor.py:186} INFO - Started process (PID=2883) to work on /home/airflow/.local/lib/python3.12/site-packages/airflow/example_dags/example_branch_python_dop_operator_3.py
[2024-09-28T07:52:00.613+0000] {processor.py:914} INFO - Processing file /home/airflow/.local/lib/python3.12/site-packages/airflow/example_dags/example_branch_python_dop_operator_3.py for tasks to queue
[2024-09-28T07:52:00.614+0000] {logging_mixin.py:190} INFO - [2024-09-28T07:52:00.614+0000] {dagbag.py:588} INFO - Filling up the DagBag from /home/airflow/.local/lib/python3.12/site-packages/airflow/example_dags/example_branch_python_dop_operator_3.py
[2024-09-28T07:52:00.620+0000] {processor.py:925} INFO - DAG(s) 'example_branch_dop_operator_v3' retrieved from /home/airflow/.local/lib/python3.12/site-packages/airflow/example_dags/example_branch_python_dop_operator_3.py
[2024-09-28T07:52:00.630+0000] {logging_mixin.py:190} INFO - [2024-09-28T07:52:00.630+0000] {dag.py:3239} INFO - Sync 1 DAGs
[2024-09-28T07:52:00.645+0000] {logging_mixin.py:190} INFO - [2024-09-28T07:52:00.645+0000] {dag.py:4180} INFO - Setting next_dagrun for example_branch_dop_operator_v3 to 2024-09-28 07:51:00+00:00, run_after=2024-09-28 07:52:00+00:00
[2024-09-28T07:52:00.654+0000] {processor.py:208} INFO - Processing /home/airflow/.local/lib/python3.12/site-packages/airflow/example_dags/example_branch_python_dop_operator_3.py took 0.045 seconds
[2024-09-28T07:52:31.813+0000] {processor.py:186} INFO - Started process (PID=3169) to work on /home/airflow/.local/lib/python3.12/site-packages/airflow/example_dags/example_branch_python_dop_operator_3.py
[2024-09-28T07:52:31.814+0000] {processor.py:914} INFO - Processing file /home/airflow/.local/lib/python3.12/site-packages/airflow/example_dags/example_branch_python_dop_operator_3.py for tasks to queue
[2024-09-28T07:52:31.815+0000] {logging_mixin.py:190} INFO - [2024-09-28T07:52:31.815+0000] {dagbag.py:588} INFO - Filling up the DagBag from /home/airflow/.local/lib/python3.12/site-packages/airflow/example_dags/example_branch_python_dop_operator_3.py
[2024-09-28T07:52:31.820+0000] {processor.py:925} INFO - DAG(s) 'example_branch_dop_operator_v3' retrieved from /home/airflow/.local/lib/python3.12/site-packages/airflow/example_dags/example_branch_python_dop_operator_3.py
[2024-09-28T07:52:31.833+0000] {logging_mixin.py:190} INFO - [2024-09-28T07:52:31.833+0000] {dag.py:3239} INFO - Sync 1 DAGs
[2024-09-28T07:52:31.844+0000] {logging_mixin.py:190} INFO - [2024-09-28T07:52:31.844+0000] {dag.py:4180} INFO - Setting next_dagrun for example_branch_dop_operator_v3 to 2024-09-28 07:51:00+00:00, run_after=2024-09-28 07:52:00+00:00
[2024-09-28T07:52:31.852+0000] {processor.py:208} INFO - Processing /home/airflow/.local/lib/python3.12/site-packages/airflow/example_dags/example_branch_python_dop_operator_3.py took 0.042 seconds
[2024-09-28T07:53:02.090+0000] {processor.py:186} INFO - Started process (PID=3455) to work on /home/airflow/.local/lib/python3.12/site-packages/airflow/example_dags/example_branch_python_dop_operator_3.py
[2024-09-28T07:53:02.091+0000] {processor.py:914} INFO - Processing file /home/airflow/.local/lib/python3.12/site-packages/airflow/example_dags/example_branch_python_dop_operator_3.py for tasks to queue
[2024-09-28T07:53:02.093+0000] {logging_mixin.py:190} INFO - [2024-09-28T07:53:02.092+0000] {dagbag.py:588} INFO - Filling up the DagBag from /home/airflow/.local/lib/python3.12/site-packages/airflow/example_dags/example_branch_python_dop_operator_3.py
[2024-09-28T07:53:02.098+0000] {processor.py:925} INFO - DAG(s) 'example_branch_dop_operator_v3' retrieved from /home/airflow/.local/lib/python3.12/site-packages/airflow/example_dags/example_branch_python_dop_operator_3.py
[2024-09-28T07:53:02.110+0000] {logging_mixin.py:190} INFO - [2024-09-28T07:53:02.110+0000] {dag.py:3239} INFO - Sync 1 DAGs
[2024-09-28T07:53:02.123+0000] {logging_mixin.py:190} INFO - [2024-09-28T07:53:02.123+0000] {dag.py:4180} INFO - Setting next_dagrun for example_branch_dop_operator_v3 to 2024-09-28 07:52:00+00:00, run_after=2024-09-28 07:53:00+00:00
[2024-09-28T07:53:02.139+0000] {processor.py:208} INFO - Processing /home/airflow/.local/lib/python3.12/site-packages/airflow/example_dags/example_branch_python_dop_operator_3.py took 0.051 seconds
[2024-09-28T07:53:32.444+0000] {processor.py:186} INFO - Started process (PID=3741) to work on /home/airflow/.local/lib/python3.12/site-packages/airflow/example_dags/example_branch_python_dop_operator_3.py
[2024-09-28T07:53:32.446+0000] {processor.py:914} INFO - Processing file /home/airflow/.local/lib/python3.12/site-packages/airflow/example_dags/example_branch_python_dop_operator_3.py for tasks to queue
[2024-09-28T07:53:32.447+0000] {logging_mixin.py:190} INFO - [2024-09-28T07:53:32.447+0000] {dagbag.py:588} INFO - Filling up the DagBag from /home/airflow/.local/lib/python3.12/site-packages/airflow/example_dags/example_branch_python_dop_operator_3.py
[2024-09-28T07:53:32.452+0000] {processor.py:925} INFO - DAG(s) 'example_branch_dop_operator_v3' retrieved from /home/airflow/.local/lib/python3.12/site-packages/airflow/example_dags/example_branch_python_dop_operator_3.py
[2024-09-28T07:53:32.465+0000] {logging_mixin.py:190} INFO - [2024-09-28T07:53:32.465+0000] {dag.py:3239} INFO - Sync 1 DAGs
[2024-09-28T07:53:32.477+0000] {logging_mixin.py:190} INFO - [2024-09-28T07:53:32.477+0000] {dag.py:4180} INFO - Setting next_dagrun for example_branch_dop_operator_v3 to 2024-09-28 07:52:00+00:00, run_after=2024-09-28 07:53:00+00:00
[2024-09-28T07:53:32.486+0000] {processor.py:208} INFO - Processing /home/airflow/.local/lib/python3.12/site-packages/airflow/example_dags/example_branch_python_dop_operator_3.py took 0.045 seconds
[2024-09-28T07:54:02.671+0000] {processor.py:186} INFO - Started process (PID=4027) to work on /home/airflow/.local/lib/python3.12/site-packages/airflow/example_dags/example_branch_python_dop_operator_3.py
[2024-09-28T07:54:02.673+0000] {processor.py:914} INFO - Processing file /home/airflow/.local/lib/python3.12/site-packages/airflow/example_dags/example_branch_python_dop_operator_3.py for tasks to queue
[2024-09-28T07:54:02.674+0000] {logging_mixin.py:190} INFO - [2024-09-28T07:54:02.674+0000] {dagbag.py:588} INFO - Filling up the DagBag from /home/airflow/.local/lib/python3.12/site-packages/airflow/example_dags/example_branch_python_dop_operator_3.py
[2024-09-28T07:54:02.680+0000] {processor.py:925} INFO - DAG(s) 'example_branch_dop_operator_v3' retrieved from /home/airflow/.local/lib/python3.12/site-packages/airflow/example_dags/example_branch_python_dop_operator_3.py
[2024-09-28T07:54:02.691+0000] {logging_mixin.py:190} INFO - [2024-09-28T07:54:02.691+0000] {dag.py:3239} INFO - Sync 1 DAGs
[2024-09-28T07:54:02.708+0000] {logging_mixin.py:190} INFO - [2024-09-28T07:54:02.708+0000] {dag.py:4180} INFO - Setting next_dagrun for example_branch_dop_operator_v3 to 2024-09-28 07:53:00+00:00, run_after=2024-09-28 07:54:00+00:00
[2024-09-28T07:54:02.718+0000] {processor.py:208} INFO - Processing /home/airflow/.local/lib/python3.12/site-packages/airflow/example_dags/example_branch_python_dop_operator_3.py took 0.050 seconds
[2024-09-28T07:54:32.933+0000] {processor.py:186} INFO - Started process (PID=4313) to work on /home/airflow/.local/lib/python3.12/site-packages/airflow/example_dags/example_branch_python_dop_operator_3.py
[2024-09-28T07:54:32.934+0000] {processor.py:914} INFO - Processing file /home/airflow/.local/lib/python3.12/site-packages/airflow/example_dags/example_branch_python_dop_operator_3.py for tasks to queue
[2024-09-28T07:54:32.938+0000] {logging_mixin.py:190} INFO - [2024-09-28T07:54:32.937+0000] {dagbag.py:588} INFO - Filling up the DagBag from /home/airflow/.local/lib/python3.12/site-packages/airflow/example_dags/example_branch_python_dop_operator_3.py
[2024-09-28T07:54:32.944+0000] {processor.py:925} INFO - DAG(s) 'example_branch_dop_operator_v3' retrieved from /home/airflow/.local/lib/python3.12/site-packages/airflow/example_dags/example_branch_python_dop_operator_3.py
[2024-09-28T07:54:32.960+0000] {logging_mixin.py:190} INFO - [2024-09-28T07:54:32.960+0000] {dag.py:3239} INFO - Sync 1 DAGs
[2024-09-28T07:54:32.990+0000] {logging_mixin.py:190} INFO - [2024-09-28T07:54:32.990+0000] {dag.py:4180} INFO - Setting next_dagrun for example_branch_dop_operator_v3 to 2024-09-28 07:53:00+00:00, run_after=2024-09-28 07:54:00+00:00
[2024-09-28T07:54:33.004+0000] {processor.py:208} INFO - Processing /home/airflow/.local/lib/python3.12/site-packages/airflow/example_dags/example_branch_python_dop_operator_3.py took 0.075 seconds
[2024-09-28T07:55:03.508+0000] {processor.py:186} INFO - Started process (PID=4601) to work on /home/airflow/.local/lib/python3.12/site-packages/airflow/example_dags/example_branch_python_dop_operator_3.py
[2024-09-28T07:55:03.509+0000] {processor.py:914} INFO - Processing file /home/airflow/.local/lib/python3.12/site-packages/airflow/example_dags/example_branch_python_dop_operator_3.py for tasks to queue
[2024-09-28T07:55:03.511+0000] {logging_mixin.py:190} INFO - [2024-09-28T07:55:03.510+0000] {dagbag.py:588} INFO - Filling up the DagBag from /home/airflow/.local/lib/python3.12/site-packages/airflow/example_dags/example_branch_python_dop_operator_3.py
[2024-09-28T07:55:03.517+0000] {processor.py:925} INFO - DAG(s) 'example_branch_dop_operator_v3' retrieved from /home/airflow/.local/lib/python3.12/site-packages/airflow/example_dags/example_branch_python_dop_operator_3.py
[2024-09-28T07:55:03.528+0000] {logging_mixin.py:190} INFO - [2024-09-28T07:55:03.528+0000] {dag.py:3239} INFO - Sync 1 DAGs
[2024-09-28T07:55:03.542+0000] {logging_mixin.py:190} INFO - [2024-09-28T07:55:03.542+0000] {dag.py:4180} INFO - Setting next_dagrun for example_branch_dop_operator_v3 to 2024-09-28 07:54:00+00:00, run_after=2024-09-28 07:55:00+00:00
[2024-09-28T07:55:03.552+0000] {processor.py:208} INFO - Processing /home/airflow/.local/lib/python3.12/site-packages/airflow/example_dags/example_branch_python_dop_operator_3.py took 0.047 seconds
[2024-09-28T07:55:33.865+0000] {processor.py:186} INFO - Started process (PID=4885) to work on /home/airflow/.local/lib/python3.12/site-packages/airflow/example_dags/example_branch_python_dop_operator_3.py
[2024-09-28T07:55:33.868+0000] {processor.py:914} INFO - Processing file /home/airflow/.local/lib/python3.12/site-packages/airflow/example_dags/example_branch_python_dop_operator_3.py for tasks to queue
[2024-09-28T07:55:33.869+0000] {logging_mixin.py:190} INFO - [2024-09-28T07:55:33.869+0000] {dagbag.py:588} INFO - Filling up the DagBag from /home/airflow/.local/lib/python3.12/site-packages/airflow/example_dags/example_branch_python_dop_operator_3.py
[2024-09-28T07:55:33.874+0000] {processor.py:925} INFO - DAG(s) 'example_branch_dop_operator_v3' retrieved from /home/airflow/.local/lib/python3.12/site-packages/airflow/example_dags/example_branch_python_dop_operator_3.py
[2024-09-28T07:55:33.883+0000] {logging_mixin.py:190} INFO - [2024-09-28T07:55:33.883+0000] {dag.py:3239} INFO - Sync 1 DAGs
[2024-09-28T07:55:33.897+0000] {logging_mixin.py:190} INFO - [2024-09-28T07:55:33.897+0000] {dag.py:4180} INFO - Setting next_dagrun for example_branch_dop_operator_v3 to 2024-09-28 07:54:00+00:00, run_after=2024-09-28 07:55:00+00:00
[2024-09-28T07:55:33.908+0000] {processor.py:208} INFO - Processing /home/airflow/.local/lib/python3.12/site-packages/airflow/example_dags/example_branch_python_dop_operator_3.py took 0.047 seconds
[2024-09-28T07:56:04.226+0000] {processor.py:186} INFO - Started process (PID=5171) to work on /home/airflow/.local/lib/python3.12/site-packages/airflow/example_dags/example_branch_python_dop_operator_3.py
[2024-09-28T07:56:04.227+0000] {processor.py:914} INFO - Processing file /home/airflow/.local/lib/python3.12/site-packages/airflow/example_dags/example_branch_python_dop_operator_3.py for tasks to queue
[2024-09-28T07:56:04.229+0000] {logging_mixin.py:190} INFO - [2024-09-28T07:56:04.228+0000] {dagbag.py:588} INFO - Filling up the DagBag from /home/airflow/.local/lib/python3.12/site-packages/airflow/example_dags/example_branch_python_dop_operator_3.py
[2024-09-28T07:56:04.235+0000] {processor.py:925} INFO - DAG(s) 'example_branch_dop_operator_v3' retrieved from /home/airflow/.local/lib/python3.12/site-packages/airflow/example_dags/example_branch_python_dop_operator_3.py
[2024-09-28T07:56:04.247+0000] {logging_mixin.py:190} INFO - [2024-09-28T07:56:04.247+0000] {dag.py:3239} INFO - Sync 1 DAGs
[2024-09-28T07:56:04.262+0000] {logging_mixin.py:190} INFO - [2024-09-28T07:56:04.262+0000] {dag.py:4180} INFO - Setting next_dagrun for example_branch_dop_operator_v3 to 2024-09-28 07:55:00+00:00, run_after=2024-09-28 07:56:00+00:00
[2024-09-28T07:56:04.275+0000] {processor.py:208} INFO - Processing /home/airflow/.local/lib/python3.12/site-packages/airflow/example_dags/example_branch_python_dop_operator_3.py took 0.052 seconds
[2024-09-28T07:56:34.703+0000] {processor.py:186} INFO - Started process (PID=5457) to work on /home/airflow/.local/lib/python3.12/site-packages/airflow/example_dags/example_branch_python_dop_operator_3.py
[2024-09-28T07:56:34.704+0000] {processor.py:914} INFO - Processing file /home/airflow/.local/lib/python3.12/site-packages/airflow/example_dags/example_branch_python_dop_operator_3.py for tasks to queue
[2024-09-28T07:56:34.707+0000] {logging_mixin.py:190} INFO - [2024-09-28T07:56:34.706+0000] {dagbag.py:588} INFO - Filling up the DagBag from /home/airflow/.local/lib/python3.12/site-packages/airflow/example_dags/example_branch_python_dop_operator_3.py
[2024-09-28T07:56:34.712+0000] {processor.py:925} INFO - DAG(s) 'example_branch_dop_operator_v3' retrieved from /home/airflow/.local/lib/python3.12/site-packages/airflow/example_dags/example_branch_python_dop_operator_3.py
[2024-09-28T07:56:34.724+0000] {logging_mixin.py:190} INFO - [2024-09-28T07:56:34.724+0000] {dag.py:3239} INFO - Sync 1 DAGs
[2024-09-28T07:56:34.741+0000] {logging_mixin.py:190} INFO - [2024-09-28T07:56:34.740+0000] {dag.py:4180} INFO - Setting next_dagrun for example_branch_dop_operator_v3 to 2024-09-28 07:55:00+00:00, run_after=2024-09-28 07:56:00+00:00
[2024-09-28T07:56:34.759+0000] {processor.py:208} INFO - Processing /home/airflow/.local/lib/python3.12/site-packages/airflow/example_dags/example_branch_python_dop_operator_3.py took 0.060 seconds
[2024-09-28T07:57:04.991+0000] {processor.py:186} INFO - Started process (PID=5743) to work on /home/airflow/.local/lib/python3.12/site-packages/airflow/example_dags/example_branch_python_dop_operator_3.py
[2024-09-28T07:57:04.993+0000] {processor.py:914} INFO - Processing file /home/airflow/.local/lib/python3.12/site-packages/airflow/example_dags/example_branch_python_dop_operator_3.py for tasks to queue
[2024-09-28T07:57:04.995+0000] {logging_mixin.py:190} INFO - [2024-09-28T07:57:04.995+0000] {dagbag.py:588} INFO - Filling up the DagBag from /home/airflow/.local/lib/python3.12/site-packages/airflow/example_dags/example_branch_python_dop_operator_3.py
[2024-09-28T07:57:05.001+0000] {processor.py:925} INFO - DAG(s) 'example_branch_dop_operator_v3' retrieved from /home/airflow/.local/lib/python3.12/site-packages/airflow/example_dags/example_branch_python_dop_operator_3.py
[2024-09-28T07:57:05.012+0000] {logging_mixin.py:190} INFO - [2024-09-28T07:57:05.011+0000] {dag.py:3239} INFO - Sync 1 DAGs
[2024-09-28T07:57:05.024+0000] {logging_mixin.py:190} INFO - [2024-09-28T07:57:05.024+0000] {dag.py:4180} INFO - Setting next_dagrun for example_branch_dop_operator_v3 to 2024-09-28 07:56:00+00:00, run_after=2024-09-28 07:57:00+00:00
[2024-09-28T07:57:05.037+0000] {processor.py:208} INFO - Processing /home/airflow/.local/lib/python3.12/site-packages/airflow/example_dags/example_branch_python_dop_operator_3.py took 0.049 seconds
[2024-09-28T07:57:35.301+0000] {processor.py:186} INFO - Started process (PID=6029) to work on /home/airflow/.local/lib/python3.12/site-packages/airflow/example_dags/example_branch_python_dop_operator_3.py
[2024-09-28T07:57:35.305+0000] {processor.py:914} INFO - Processing file /home/airflow/.local/lib/python3.12/site-packages/airflow/example_dags/example_branch_python_dop_operator_3.py for tasks to queue
[2024-09-28T07:57:35.307+0000] {logging_mixin.py:190} INFO - [2024-09-28T07:57:35.307+0000] {dagbag.py:588} INFO - Filling up the DagBag from /home/airflow/.local/lib/python3.12/site-packages/airflow/example_dags/example_branch_python_dop_operator_3.py
[2024-09-28T07:57:35.316+0000] {processor.py:925} INFO - DAG(s) 'example_branch_dop_operator_v3' retrieved from /home/airflow/.local/lib/python3.12/site-packages/airflow/example_dags/example_branch_python_dop_operator_3.py
[2024-09-28T07:57:35.327+0000] {logging_mixin.py:190} INFO - [2024-09-28T07:57:35.327+0000] {dag.py:3239} INFO - Sync 1 DAGs
[2024-09-28T07:57:35.341+0000] {logging_mixin.py:190} INFO - [2024-09-28T07:57:35.340+0000] {dag.py:4180} INFO - Setting next_dagrun for example_branch_dop_operator_v3 to 2024-09-28 07:56:00+00:00, run_after=2024-09-28 07:57:00+00:00
[2024-09-28T07:57:35.350+0000] {processor.py:208} INFO - Processing /home/airflow/.local/lib/python3.12/site-packages/airflow/example_dags/example_branch_python_dop_operator_3.py took 0.052 seconds
[2024-09-28T07:58:05.584+0000] {processor.py:186} INFO - Started process (PID=6316) to work on /home/airflow/.local/lib/python3.12/site-packages/airflow/example_dags/example_branch_python_dop_operator_3.py
[2024-09-28T07:58:05.585+0000] {processor.py:914} INFO - Processing file /home/airflow/.local/lib/python3.12/site-packages/airflow/example_dags/example_branch_python_dop_operator_3.py for tasks to queue
[2024-09-28T07:58:05.586+0000] {logging_mixin.py:190} INFO - [2024-09-28T07:58:05.586+0000] {dagbag.py:588} INFO - Filling up the DagBag from /home/airflow/.local/lib/python3.12/site-packages/airflow/example_dags/example_branch_python_dop_operator_3.py
[2024-09-28T07:58:05.592+0000] {processor.py:925} INFO - DAG(s) 'example_branch_dop_operator_v3' retrieved from /home/airflow/.local/lib/python3.12/site-packages/airflow/example_dags/example_branch_python_dop_operator_3.py
[2024-09-28T07:58:05.603+0000] {logging_mixin.py:190} INFO - [2024-09-28T07:58:05.603+0000] {dag.py:3239} INFO - Sync 1 DAGs
[2024-09-28T07:58:05.616+0000] {logging_mixin.py:190} INFO - [2024-09-28T07:58:05.616+0000] {dag.py:4180} INFO - Setting next_dagrun for example_branch_dop_operator_v3 to 2024-09-28 07:57:00+00:00, run_after=2024-09-28 07:58:00+00:00
[2024-09-28T07:58:05.623+0000] {processor.py:208} INFO - Processing /home/airflow/.local/lib/python3.12/site-packages/airflow/example_dags/example_branch_python_dop_operator_3.py took 0.043 seconds
[2024-09-28T07:58:35.942+0000] {processor.py:186} INFO - Started process (PID=6602) to work on /home/airflow/.local/lib/python3.12/site-packages/airflow/example_dags/example_branch_python_dop_operator_3.py
[2024-09-28T07:58:35.943+0000] {processor.py:914} INFO - Processing file /home/airflow/.local/lib/python3.12/site-packages/airflow/example_dags/example_branch_python_dop_operator_3.py for tasks to queue
[2024-09-28T07:58:35.944+0000] {logging_mixin.py:190} INFO - [2024-09-28T07:58:35.944+0000] {dagbag.py:588} INFO - Filling up the DagBag from /home/airflow/.local/lib/python3.12/site-packages/airflow/example_dags/example_branch_python_dop_operator_3.py
[2024-09-28T07:58:35.950+0000] {processor.py:925} INFO - DAG(s) 'example_branch_dop_operator_v3' retrieved from /home/airflow/.local/lib/python3.12/site-packages/airflow/example_dags/example_branch_python_dop_operator_3.py
[2024-09-28T07:58:35.961+0000] {logging_mixin.py:190} INFO - [2024-09-28T07:58:35.960+0000] {dag.py:3239} INFO - Sync 1 DAGs
[2024-09-28T07:58:35.972+0000] {logging_mixin.py:190} INFO - [2024-09-28T07:58:35.972+0000] {dag.py:4180} INFO - Setting next_dagrun for example_branch_dop_operator_v3 to 2024-09-28 07:57:00+00:00, run_after=2024-09-28 07:58:00+00:00
[2024-09-28T07:58:35.984+0000] {processor.py:208} INFO - Processing /home/airflow/.local/lib/python3.12/site-packages/airflow/example_dags/example_branch_python_dop_operator_3.py took 0.045 seconds
[2024-09-28T07:59:06.409+0000] {processor.py:186} INFO - Started process (PID=6893) to work on /home/airflow/.local/lib/python3.12/site-packages/airflow/example_dags/example_branch_python_dop_operator_3.py
[2024-09-28T07:59:06.410+0000] {processor.py:914} INFO - Processing file /home/airflow/.local/lib/python3.12/site-packages/airflow/example_dags/example_branch_python_dop_operator_3.py for tasks to queue
[2024-09-28T07:59:06.412+0000] {logging_mixin.py:190} INFO - [2024-09-28T07:59:06.412+0000] {dagbag.py:588} INFO - Filling up the DagBag from /home/airflow/.local/lib/python3.12/site-packages/airflow/example_dags/example_branch_python_dop_operator_3.py
[2024-09-28T07:59:06.420+0000] {processor.py:925} INFO - DAG(s) 'example_branch_dop_operator_v3' retrieved from /home/airflow/.local/lib/python3.12/site-packages/airflow/example_dags/example_branch_python_dop_operator_3.py
[2024-09-28T07:59:06.433+0000] {logging_mixin.py:190} INFO - [2024-09-28T07:59:06.433+0000] {dag.py:3239} INFO - Sync 1 DAGs
[2024-09-28T07:59:06.446+0000] {logging_mixin.py:190} INFO - [2024-09-28T07:59:06.446+0000] {dag.py:4180} INFO - Setting next_dagrun for example_branch_dop_operator_v3 to 2024-09-28 07:58:00+00:00, run_after=2024-09-28 07:59:00+00:00
[2024-09-28T07:59:06.459+0000] {processor.py:208} INFO - Processing /home/airflow/.local/lib/python3.12/site-packages/airflow/example_dags/example_branch_python_dop_operator_3.py took 0.053 seconds
[2024-09-28T07:59:36.870+0000] {processor.py:186} INFO - Started process (PID=7174) to work on /home/airflow/.local/lib/python3.12/site-packages/airflow/example_dags/example_branch_python_dop_operator_3.py
[2024-09-28T07:59:36.871+0000] {processor.py:914} INFO - Processing file /home/airflow/.local/lib/python3.12/site-packages/airflow/example_dags/example_branch_python_dop_operator_3.py for tasks to queue
[2024-09-28T07:59:36.873+0000] {logging_mixin.py:190} INFO - [2024-09-28T07:59:36.873+0000] {dagbag.py:588} INFO - Filling up the DagBag from /home/airflow/.local/lib/python3.12/site-packages/airflow/example_dags/example_branch_python_dop_operator_3.py
[2024-09-28T07:59:36.883+0000] {processor.py:925} INFO - DAG(s) 'example_branch_dop_operator_v3' retrieved from /home/airflow/.local/lib/python3.12/site-packages/airflow/example_dags/example_branch_python_dop_operator_3.py
[2024-09-28T07:59:36.899+0000] {logging_mixin.py:190} INFO - [2024-09-28T07:59:36.898+0000] {dag.py:3239} INFO - Sync 1 DAGs
[2024-09-28T07:59:36.916+0000] {logging_mixin.py:190} INFO - [2024-09-28T07:59:36.916+0000] {dag.py:4180} INFO - Setting next_dagrun for example_branch_dop_operator_v3 to 2024-09-28 07:58:00+00:00, run_after=2024-09-28 07:59:00+00:00
[2024-09-28T07:59:36.930+0000] {processor.py:208} INFO - Processing /home/airflow/.local/lib/python3.12/site-packages/airflow/example_dags/example_branch_python_dop_operator_3.py took 0.065 seconds
[2024-09-28T08:00:07.242+0000] {processor.py:186} INFO - Started process (PID=7458) to work on /home/airflow/.local/lib/python3.12/site-packages/airflow/example_dags/example_branch_python_dop_operator_3.py
[2024-09-28T08:00:07.245+0000] {processor.py:914} INFO - Processing file /home/airflow/.local/lib/python3.12/site-packages/airflow/example_dags/example_branch_python_dop_operator_3.py for tasks to queue
[2024-09-28T08:00:07.247+0000] {logging_mixin.py:190} INFO - [2024-09-28T08:00:07.247+0000] {dagbag.py:588} INFO - Filling up the DagBag from /home/airflow/.local/lib/python3.12/site-packages/airflow/example_dags/example_branch_python_dop_operator_3.py
[2024-09-28T08:00:07.253+0000] {processor.py:925} INFO - DAG(s) 'example_branch_dop_operator_v3' retrieved from /home/airflow/.local/lib/python3.12/site-packages/airflow/example_dags/example_branch_python_dop_operator_3.py
[2024-09-28T08:00:07.265+0000] {logging_mixin.py:190} INFO - [2024-09-28T08:00:07.265+0000] {dag.py:3239} INFO - Sync 1 DAGs
[2024-09-28T08:00:07.278+0000] {logging_mixin.py:190} INFO - [2024-09-28T08:00:07.278+0000] {dag.py:4180} INFO - Setting next_dagrun for example_branch_dop_operator_v3 to 2024-09-28 07:59:00+00:00, run_after=2024-09-28 08:00:00+00:00
[2024-09-28T08:00:07.288+0000] {processor.py:208} INFO - Processing /home/airflow/.local/lib/python3.12/site-packages/airflow/example_dags/example_branch_python_dop_operator_3.py took 0.049 seconds
[2024-09-28T08:00:37.687+0000] {processor.py:186} INFO - Started process (PID=7744) to work on /home/airflow/.local/lib/python3.12/site-packages/airflow/example_dags/example_branch_python_dop_operator_3.py
[2024-09-28T08:00:37.690+0000] {processor.py:914} INFO - Processing file /home/airflow/.local/lib/python3.12/site-packages/airflow/example_dags/example_branch_python_dop_operator_3.py for tasks to queue
[2024-09-28T08:00:37.692+0000] {logging_mixin.py:190} INFO - [2024-09-28T08:00:37.691+0000] {dagbag.py:588} INFO - Filling up the DagBag from /home/airflow/.local/lib/python3.12/site-packages/airflow/example_dags/example_branch_python_dop_operator_3.py
[2024-09-28T08:00:37.698+0000] {processor.py:925} INFO - DAG(s) 'example_branch_dop_operator_v3' retrieved from /home/airflow/.local/lib/python3.12/site-packages/airflow/example_dags/example_branch_python_dop_operator_3.py
[2024-09-28T08:00:37.710+0000] {logging_mixin.py:190} INFO - [2024-09-28T08:00:37.710+0000] {dag.py:3239} INFO - Sync 1 DAGs
[2024-09-28T08:00:37.727+0000] {logging_mixin.py:190} INFO - [2024-09-28T08:00:37.727+0000] {dag.py:4180} INFO - Setting next_dagrun for example_branch_dop_operator_v3 to 2024-09-28 07:59:00+00:00, run_after=2024-09-28 08:00:00+00:00
[2024-09-28T08:00:37.735+0000] {processor.py:208} INFO - Processing /home/airflow/.local/lib/python3.12/site-packages/airflow/example_dags/example_branch_python_dop_operator_3.py took 0.052 seconds
[2024-09-28T08:01:08.342+0000] {processor.py:186} INFO - Started process (PID=8030) to work on /home/airflow/.local/lib/python3.12/site-packages/airflow/example_dags/example_branch_python_dop_operator_3.py
[2024-09-28T08:01:08.343+0000] {processor.py:914} INFO - Processing file /home/airflow/.local/lib/python3.12/site-packages/airflow/example_dags/example_branch_python_dop_operator_3.py for tasks to queue
[2024-09-28T08:01:08.346+0000] {logging_mixin.py:190} INFO - [2024-09-28T08:01:08.346+0000] {dagbag.py:588} INFO - Filling up the DagBag from /home/airflow/.local/lib/python3.12/site-packages/airflow/example_dags/example_branch_python_dop_operator_3.py
[2024-09-28T08:01:08.352+0000] {processor.py:925} INFO - DAG(s) 'example_branch_dop_operator_v3' retrieved from /home/airflow/.local/lib/python3.12/site-packages/airflow/example_dags/example_branch_python_dop_operator_3.py
[2024-09-28T08:01:08.365+0000] {logging_mixin.py:190} INFO - [2024-09-28T08:01:08.365+0000] {dag.py:3239} INFO - Sync 1 DAGs
[2024-09-28T08:01:08.379+0000] {logging_mixin.py:190} INFO - [2024-09-28T08:01:08.379+0000] {dag.py:4180} INFO - Setting next_dagrun for example_branch_dop_operator_v3 to 2024-09-28 08:00:00+00:00, run_after=2024-09-28 08:01:00+00:00
[2024-09-28T08:01:08.393+0000] {processor.py:208} INFO - Processing /home/airflow/.local/lib/python3.12/site-packages/airflow/example_dags/example_branch_python_dop_operator_3.py took 0.056 seconds
[2024-09-28T08:01:38.928+0000] {processor.py:186} INFO - Started process (PID=8318) to work on /home/airflow/.local/lib/python3.12/site-packages/airflow/example_dags/example_branch_python_dop_operator_3.py
[2024-09-28T08:01:38.929+0000] {processor.py:914} INFO - Processing file /home/airflow/.local/lib/python3.12/site-packages/airflow/example_dags/example_branch_python_dop_operator_3.py for tasks to queue
[2024-09-28T08:01:38.930+0000] {logging_mixin.py:190} INFO - [2024-09-28T08:01:38.930+0000] {dagbag.py:588} INFO - Filling up the DagBag from /home/airflow/.local/lib/python3.12/site-packages/airflow/example_dags/example_branch_python_dop_operator_3.py
[2024-09-28T08:01:38.935+0000] {processor.py:925} INFO - DAG(s) 'example_branch_dop_operator_v3' retrieved from /home/airflow/.local/lib/python3.12/site-packages/airflow/example_dags/example_branch_python_dop_operator_3.py
[2024-09-28T08:01:38.949+0000] {logging_mixin.py:190} INFO - [2024-09-28T08:01:38.949+0000] {dag.py:3239} INFO - Sync 1 DAGs
[2024-09-28T08:01:38.964+0000] {logging_mixin.py:190} INFO - [2024-09-28T08:01:38.964+0000] {dag.py:4180} INFO - Setting next_dagrun for example_branch_dop_operator_v3 to 2024-09-28 08:00:00+00:00, run_after=2024-09-28 08:01:00+00:00
[2024-09-28T08:01:38.975+0000] {processor.py:208} INFO - Processing /home/airflow/.local/lib/python3.12/site-packages/airflow/example_dags/example_branch_python_dop_operator_3.py took 0.050 seconds
[2024-09-28T08:02:09.607+0000] {processor.py:186} INFO - Started process (PID=8602) to work on /home/airflow/.local/lib/python3.12/site-packages/airflow/example_dags/example_branch_python_dop_operator_3.py
[2024-09-28T08:02:09.607+0000] {processor.py:914} INFO - Processing file /home/airflow/.local/lib/python3.12/site-packages/airflow/example_dags/example_branch_python_dop_operator_3.py for tasks to queue
[2024-09-28T08:02:09.609+0000] {logging_mixin.py:190} INFO - [2024-09-28T08:02:09.609+0000] {dagbag.py:588} INFO - Filling up the DagBag from /home/airflow/.local/lib/python3.12/site-packages/airflow/example_dags/example_branch_python_dop_operator_3.py
[2024-09-28T08:02:09.615+0000] {processor.py:925} INFO - DAG(s) 'example_branch_dop_operator_v3' retrieved from /home/airflow/.local/lib/python3.12/site-packages/airflow/example_dags/example_branch_python_dop_operator_3.py
[2024-09-28T08:02:09.628+0000] {logging_mixin.py:190} INFO - [2024-09-28T08:02:09.628+0000] {dag.py:3239} INFO - Sync 1 DAGs
[2024-09-28T08:02:09.643+0000] {logging_mixin.py:190} INFO - [2024-09-28T08:02:09.643+0000] {dag.py:4180} INFO - Setting next_dagrun for example_branch_dop_operator_v3 to 2024-09-28 08:01:00+00:00, run_after=2024-09-28 08:02:00+00:00
[2024-09-28T08:02:09.656+0000] {processor.py:208} INFO - Processing /home/airflow/.local/lib/python3.12/site-packages/airflow/example_dags/example_branch_python_dop_operator_3.py took 0.053 seconds
[2024-09-28T08:02:40.327+0000] {processor.py:186} INFO - Started process (PID=8888) to work on /home/airflow/.local/lib/python3.12/site-packages/airflow/example_dags/example_branch_python_dop_operator_3.py
[2024-09-28T08:02:40.328+0000] {processor.py:914} INFO - Processing file /home/airflow/.local/lib/python3.12/site-packages/airflow/example_dags/example_branch_python_dop_operator_3.py for tasks to queue
[2024-09-28T08:02:40.330+0000] {logging_mixin.py:190} INFO - [2024-09-28T08:02:40.329+0000] {dagbag.py:588} INFO - Filling up the DagBag from /home/airflow/.local/lib/python3.12/site-packages/airflow/example_dags/example_branch_python_dop_operator_3.py
[2024-09-28T08:02:40.336+0000] {processor.py:925} INFO - DAG(s) 'example_branch_dop_operator_v3' retrieved from /home/airflow/.local/lib/python3.12/site-packages/airflow/example_dags/example_branch_python_dop_operator_3.py
[2024-09-28T08:02:40.351+0000] {logging_mixin.py:190} INFO - [2024-09-28T08:02:40.350+0000] {dag.py:3239} INFO - Sync 1 DAGs
[2024-09-28T08:02:40.367+0000] {logging_mixin.py:190} INFO - [2024-09-28T08:02:40.367+0000] {dag.py:4180} INFO - Setting next_dagrun for example_branch_dop_operator_v3 to 2024-09-28 08:01:00+00:00, run_after=2024-09-28 08:02:00+00:00
[2024-09-28T08:02:40.378+0000] {processor.py:208} INFO - Processing /home/airflow/.local/lib/python3.12/site-packages/airflow/example_dags/example_branch_python_dop_operator_3.py took 0.055 seconds
[2024-09-28T08:03:10.871+0000] {processor.py:186} INFO - Started process (PID=9174) to work on /home/airflow/.local/lib/python3.12/site-packages/airflow/example_dags/example_branch_python_dop_operator_3.py
[2024-09-28T08:03:10.872+0000] {processor.py:914} INFO - Processing file /home/airflow/.local/lib/python3.12/site-packages/airflow/example_dags/example_branch_python_dop_operator_3.py for tasks to queue
[2024-09-28T08:03:10.873+0000] {logging_mixin.py:190} INFO - [2024-09-28T08:03:10.873+0000] {dagbag.py:588} INFO - Filling up the DagBag from /home/airflow/.local/lib/python3.12/site-packages/airflow/example_dags/example_branch_python_dop_operator_3.py
[2024-09-28T08:03:10.878+0000] {processor.py:925} INFO - DAG(s) 'example_branch_dop_operator_v3' retrieved from /home/airflow/.local/lib/python3.12/site-packages/airflow/example_dags/example_branch_python_dop_operator_3.py
[2024-09-28T08:03:10.889+0000] {logging_mixin.py:190} INFO - [2024-09-28T08:03:10.888+0000] {dag.py:3239} INFO - Sync 1 DAGs
[2024-09-28T08:03:10.903+0000] {logging_mixin.py:190} INFO - [2024-09-28T08:03:10.903+0000] {dag.py:4180} INFO - Setting next_dagrun for example_branch_dop_operator_v3 to 2024-09-28 08:02:00+00:00, run_after=2024-09-28 08:03:00+00:00
[2024-09-28T08:03:10.913+0000] {processor.py:208} INFO - Processing /home/airflow/.local/lib/python3.12/site-packages/airflow/example_dags/example_branch_python_dop_operator_3.py took 0.045 seconds
[2024-09-28T08:03:41.312+0000] {processor.py:186} INFO - Started process (PID=9460) to work on /home/airflow/.local/lib/python3.12/site-packages/airflow/example_dags/example_branch_python_dop_operator_3.py
[2024-09-28T08:03:41.314+0000] {processor.py:914} INFO - Processing file /home/airflow/.local/lib/python3.12/site-packages/airflow/example_dags/example_branch_python_dop_operator_3.py for tasks to queue
[2024-09-28T08:03:41.315+0000] {logging_mixin.py:190} INFO - [2024-09-28T08:03:41.315+0000] {dagbag.py:588} INFO - Filling up the DagBag from /home/airflow/.local/lib/python3.12/site-packages/airflow/example_dags/example_branch_python_dop_operator_3.py
[2024-09-28T08:03:41.321+0000] {processor.py:925} INFO - DAG(s) 'example_branch_dop_operator_v3' retrieved from /home/airflow/.local/lib/python3.12/site-packages/airflow/example_dags/example_branch_python_dop_operator_3.py
[2024-09-28T08:03:41.331+0000] {logging_mixin.py:190} INFO - [2024-09-28T08:03:41.331+0000] {dag.py:3239} INFO - Sync 1 DAGs
[2024-09-28T08:03:41.345+0000] {logging_mixin.py:190} INFO - [2024-09-28T08:03:41.345+0000] {dag.py:4180} INFO - Setting next_dagrun for example_branch_dop_operator_v3 to 2024-09-28 08:02:00+00:00, run_after=2024-09-28 08:03:00+00:00
[2024-09-28T08:03:41.353+0000] {processor.py:208} INFO - Processing /home/airflow/.local/lib/python3.12/site-packages/airflow/example_dags/example_branch_python_dop_operator_3.py took 0.044 seconds
[2024-09-28T08:04:11.934+0000] {processor.py:186} INFO - Started process (PID=9746) to work on /home/airflow/.local/lib/python3.12/site-packages/airflow/example_dags/example_branch_python_dop_operator_3.py
[2024-09-28T08:04:11.935+0000] {processor.py:914} INFO - Processing file /home/airflow/.local/lib/python3.12/site-packages/airflow/example_dags/example_branch_python_dop_operator_3.py for tasks to queue
[2024-09-28T08:04:11.939+0000] {logging_mixin.py:190} INFO - [2024-09-28T08:04:11.938+0000] {dagbag.py:588} INFO - Filling up the DagBag from /home/airflow/.local/lib/python3.12/site-packages/airflow/example_dags/example_branch_python_dop_operator_3.py
[2024-09-28T08:04:11.944+0000] {processor.py:925} INFO - DAG(s) 'example_branch_dop_operator_v3' retrieved from /home/airflow/.local/lib/python3.12/site-packages/airflow/example_dags/example_branch_python_dop_operator_3.py
[2024-09-28T08:04:11.955+0000] {logging_mixin.py:190} INFO - [2024-09-28T08:04:11.954+0000] {dag.py:3239} INFO - Sync 1 DAGs
[2024-09-28T08:04:11.968+0000] {logging_mixin.py:190} INFO - [2024-09-28T08:04:11.968+0000] {dag.py:4180} INFO - Setting next_dagrun for example_branch_dop_operator_v3 to 2024-09-28 08:03:00+00:00, run_after=2024-09-28 08:04:00+00:00
[2024-09-28T08:04:11.976+0000] {processor.py:208} INFO - Processing /home/airflow/.local/lib/python3.12/site-packages/airflow/example_dags/example_branch_python_dop_operator_3.py took 0.045 seconds
[2024-09-28T08:04:42.577+0000] {processor.py:186} INFO - Started process (PID=10032) to work on /home/airflow/.local/lib/python3.12/site-packages/airflow/example_dags/example_branch_python_dop_operator_3.py
[2024-09-28T08:04:42.579+0000] {processor.py:914} INFO - Processing file /home/airflow/.local/lib/python3.12/site-packages/airflow/example_dags/example_branch_python_dop_operator_3.py for tasks to queue
[2024-09-28T08:04:42.580+0000] {logging_mixin.py:190} INFO - [2024-09-28T08:04:42.580+0000] {dagbag.py:588} INFO - Filling up the DagBag from /home/airflow/.local/lib/python3.12/site-packages/airflow/example_dags/example_branch_python_dop_operator_3.py
[2024-09-28T08:04:42.588+0000] {processor.py:925} INFO - DAG(s) 'example_branch_dop_operator_v3' retrieved from /home/airflow/.local/lib/python3.12/site-packages/airflow/example_dags/example_branch_python_dop_operator_3.py
[2024-09-28T08:04:42.598+0000] {logging_mixin.py:190} INFO - [2024-09-28T08:04:42.598+0000] {dag.py:3239} INFO - Sync 1 DAGs
[2024-09-28T08:04:42.612+0000] {logging_mixin.py:190} INFO - [2024-09-28T08:04:42.612+0000] {dag.py:4180} INFO - Setting next_dagrun for example_branch_dop_operator_v3 to 2024-09-28 08:03:00+00:00, run_after=2024-09-28 08:04:00+00:00
[2024-09-28T08:04:42.620+0000] {processor.py:208} INFO - Processing /home/airflow/.local/lib/python3.12/site-packages/airflow/example_dags/example_branch_python_dop_operator_3.py took 0.047 seconds
[2024-09-28T08:05:13.025+0000] {processor.py:186} INFO - Started process (PID=10318) to work on /home/airflow/.local/lib/python3.12/site-packages/airflow/example_dags/example_branch_python_dop_operator_3.py
[2024-09-28T08:05:13.026+0000] {processor.py:914} INFO - Processing file /home/airflow/.local/lib/python3.12/site-packages/airflow/example_dags/example_branch_python_dop_operator_3.py for tasks to queue
[2024-09-28T08:05:13.027+0000] {logging_mixin.py:190} INFO - [2024-09-28T08:05:13.027+0000] {dagbag.py:588} INFO - Filling up the DagBag from /home/airflow/.local/lib/python3.12/site-packages/airflow/example_dags/example_branch_python_dop_operator_3.py
[2024-09-28T08:05:13.036+0000] {processor.py:925} INFO - DAG(s) 'example_branch_dop_operator_v3' retrieved from /home/airflow/.local/lib/python3.12/site-packages/airflow/example_dags/example_branch_python_dop_operator_3.py
[2024-09-28T08:05:13.045+0000] {logging_mixin.py:190} INFO - [2024-09-28T08:05:13.045+0000] {dag.py:3239} INFO - Sync 1 DAGs
[2024-09-28T08:05:13.057+0000] {logging_mixin.py:190} INFO - [2024-09-28T08:05:13.057+0000] {dag.py:4180} INFO - Setting next_dagrun for example_branch_dop_operator_v3 to 2024-09-28 08:04:00+00:00, run_after=2024-09-28 08:05:00+00:00
[2024-09-28T08:05:13.065+0000] {processor.py:208} INFO - Processing /home/airflow/.local/lib/python3.12/site-packages/airflow/example_dags/example_branch_python_dop_operator_3.py took 0.043 seconds
[2024-09-28T08:05:43.516+0000] {processor.py:186} INFO - Started process (PID=10604) to work on /home/airflow/.local/lib/python3.12/site-packages/airflow/example_dags/example_branch_python_dop_operator_3.py
[2024-09-28T08:05:43.516+0000] {processor.py:914} INFO - Processing file /home/airflow/.local/lib/python3.12/site-packages/airflow/example_dags/example_branch_python_dop_operator_3.py for tasks to queue
[2024-09-28T08:05:43.518+0000] {logging_mixin.py:190} INFO - [2024-09-28T08:05:43.517+0000] {dagbag.py:588} INFO - Filling up the DagBag from /home/airflow/.local/lib/python3.12/site-packages/airflow/example_dags/example_branch_python_dop_operator_3.py
[2024-09-28T08:05:43.525+0000] {processor.py:925} INFO - DAG(s) 'example_branch_dop_operator_v3' retrieved from /home/airflow/.local/lib/python3.12/site-packages/airflow/example_dags/example_branch_python_dop_operator_3.py
[2024-09-28T08:05:43.535+0000] {logging_mixin.py:190} INFO - [2024-09-28T08:05:43.535+0000] {dag.py:3239} INFO - Sync 1 DAGs
[2024-09-28T08:05:43.548+0000] {logging_mixin.py:190} INFO - [2024-09-28T08:05:43.548+0000] {dag.py:4180} INFO - Setting next_dagrun for example_branch_dop_operator_v3 to 2024-09-28 08:04:00+00:00, run_after=2024-09-28 08:05:00+00:00
[2024-09-28T08:05:43.555+0000] {processor.py:208} INFO - Processing /home/airflow/.local/lib/python3.12/site-packages/airflow/example_dags/example_branch_python_dop_operator_3.py took 0.043 seconds
[2024-09-28T08:06:14.123+0000] {processor.py:186} INFO - Started process (PID=10890) to work on /home/airflow/.local/lib/python3.12/site-packages/airflow/example_dags/example_branch_python_dop_operator_3.py
[2024-09-28T08:06:14.123+0000] {processor.py:914} INFO - Processing file /home/airflow/.local/lib/python3.12/site-packages/airflow/example_dags/example_branch_python_dop_operator_3.py for tasks to queue
[2024-09-28T08:06:14.125+0000] {logging_mixin.py:190} INFO - [2024-09-28T08:06:14.124+0000] {dagbag.py:588} INFO - Filling up the DagBag from /home/airflow/.local/lib/python3.12/site-packages/airflow/example_dags/example_branch_python_dop_operator_3.py
[2024-09-28T08:06:14.130+0000] {processor.py:925} INFO - DAG(s) 'example_branch_dop_operator_v3' retrieved from /home/airflow/.local/lib/python3.12/site-packages/airflow/example_dags/example_branch_python_dop_operator_3.py
[2024-09-28T08:06:14.142+0000] {logging_mixin.py:190} INFO - [2024-09-28T08:06:14.142+0000] {dag.py:3239} INFO - Sync 1 DAGs
[2024-09-28T08:06:14.155+0000] {logging_mixin.py:190} INFO - [2024-09-28T08:06:14.155+0000] {dag.py:4180} INFO - Setting next_dagrun for example_branch_dop_operator_v3 to 2024-09-28 08:05:00+00:00, run_after=2024-09-28 08:06:00+00:00
[2024-09-28T08:06:14.172+0000] {processor.py:208} INFO - Processing /home/airflow/.local/lib/python3.12/site-packages/airflow/example_dags/example_branch_python_dop_operator_3.py took 0.053 seconds
[2024-09-28T08:06:45.367+0000] {processor.py:186} INFO - Started process (PID=11178) to work on /home/airflow/.local/lib/python3.12/site-packages/airflow/example_dags/example_branch_python_dop_operator_3.py
[2024-09-28T08:06:45.368+0000] {processor.py:914} INFO - Processing file /home/airflow/.local/lib/python3.12/site-packages/airflow/example_dags/example_branch_python_dop_operator_3.py for tasks to queue
[2024-09-28T08:06:45.370+0000] {logging_mixin.py:190} INFO - [2024-09-28T08:06:45.369+0000] {dagbag.py:588} INFO - Filling up the DagBag from /home/airflow/.local/lib/python3.12/site-packages/airflow/example_dags/example_branch_python_dop_operator_3.py
[2024-09-28T08:06:45.376+0000] {processor.py:925} INFO - DAG(s) 'example_branch_dop_operator_v3' retrieved from /home/airflow/.local/lib/python3.12/site-packages/airflow/example_dags/example_branch_python_dop_operator_3.py
[2024-09-28T08:06:45.389+0000] {logging_mixin.py:190} INFO - [2024-09-28T08:06:45.389+0000] {dag.py:3239} INFO - Sync 1 DAGs
[2024-09-28T08:06:45.403+0000] {logging_mixin.py:190} INFO - [2024-09-28T08:06:45.403+0000] {dag.py:4180} INFO - Setting next_dagrun for example_branch_dop_operator_v3 to 2024-09-28 08:05:00+00:00, run_after=2024-09-28 08:06:00+00:00
[2024-09-28T08:06:45.412+0000] {processor.py:208} INFO - Processing /home/airflow/.local/lib/python3.12/site-packages/airflow/example_dags/example_branch_python_dop_operator_3.py took 0.049 seconds
[2024-09-28T08:07:16.115+0000] {processor.py:186} INFO - Started process (PID=11462) to work on /home/airflow/.local/lib/python3.12/site-packages/airflow/example_dags/example_branch_python_dop_operator_3.py
[2024-09-28T08:07:16.116+0000] {processor.py:914} INFO - Processing file /home/airflow/.local/lib/python3.12/site-packages/airflow/example_dags/example_branch_python_dop_operator_3.py for tasks to queue
[2024-09-28T08:07:16.118+0000] {logging_mixin.py:190} INFO - [2024-09-28T08:07:16.118+0000] {dagbag.py:588} INFO - Filling up the DagBag from /home/airflow/.local/lib/python3.12/site-packages/airflow/example_dags/example_branch_python_dop_operator_3.py
[2024-09-28T08:07:16.125+0000] {processor.py:925} INFO - DAG(s) 'example_branch_dop_operator_v3' retrieved from /home/airflow/.local/lib/python3.12/site-packages/airflow/example_dags/example_branch_python_dop_operator_3.py
[2024-09-28T08:07:16.135+0000] {logging_mixin.py:190} INFO - [2024-09-28T08:07:16.135+0000] {dag.py:3239} INFO - Sync 1 DAGs
[2024-09-28T08:07:16.147+0000] {logging_mixin.py:190} INFO - [2024-09-28T08:07:16.147+0000] {dag.py:4180} INFO - Setting next_dagrun for example_branch_dop_operator_v3 to 2024-09-28 08:06:00+00:00, run_after=2024-09-28 08:07:00+00:00
[2024-09-28T08:07:16.155+0000] {processor.py:208} INFO - Processing /home/airflow/.local/lib/python3.12/site-packages/airflow/example_dags/example_branch_python_dop_operator_3.py took 0.044 seconds
[2024-09-28T08:07:46.730+0000] {processor.py:186} INFO - Started process (PID=11748) to work on /home/airflow/.local/lib/python3.12/site-packages/airflow/example_dags/example_branch_python_dop_operator_3.py
[2024-09-28T08:07:46.731+0000] {processor.py:914} INFO - Processing file /home/airflow/.local/lib/python3.12/site-packages/airflow/example_dags/example_branch_python_dop_operator_3.py for tasks to queue
[2024-09-28T08:07:46.733+0000] {logging_mixin.py:190} INFO - [2024-09-28T08:07:46.733+0000] {dagbag.py:588} INFO - Filling up the DagBag from /home/airflow/.local/lib/python3.12/site-packages/airflow/example_dags/example_branch_python_dop_operator_3.py
[2024-09-28T08:07:46.738+0000] {processor.py:925} INFO - DAG(s) 'example_branch_dop_operator_v3' retrieved from /home/airflow/.local/lib/python3.12/site-packages/airflow/example_dags/example_branch_python_dop_operator_3.py
[2024-09-28T08:07:46.748+0000] {logging_mixin.py:190} INFO - [2024-09-28T08:07:46.748+0000] {dag.py:3239} INFO - Sync 1 DAGs
[2024-09-28T08:07:46.761+0000] {logging_mixin.py:190} INFO - [2024-09-28T08:07:46.761+0000] {dag.py:4180} INFO - Setting next_dagrun for example_branch_dop_operator_v3 to 2024-09-28 08:06:00+00:00, run_after=2024-09-28 08:07:00+00:00
[2024-09-28T08:07:46.770+0000] {processor.py:208} INFO - Processing /home/airflow/.local/lib/python3.12/site-packages/airflow/example_dags/example_branch_python_dop_operator_3.py took 0.042 seconds
