[2024-09-28T07:47:27.640+0000] {processor.py:186} INFO - Started process (PID=279) to work on /home/airflow/.local/lib/python3.12/site-packages/airflow/example_dags/example_trigger_target_dag.py
[2024-09-28T07:47:27.642+0000] {processor.py:914} INFO - Processing file /home/airflow/.local/lib/python3.12/site-packages/airflow/example_dags/example_trigger_target_dag.py for tasks to queue
[2024-09-28T07:47:27.643+0000] {logging_mixin.py:190} INFO - [2024-09-28T07:47:27.643+0000] {dagbag.py:588} INFO - Filling up the DagBag from /home/airflow/.local/lib/python3.12/site-packages/airflow/example_dags/example_trigger_target_dag.py
[2024-09-28T07:47:27.649+0000] {processor.py:925} INFO - DAG(s) 'example_trigger_target_dag' retrieved from /home/airflow/.local/lib/python3.12/site-packages/airflow/example_dags/example_trigger_target_dag.py
[2024-09-28T07:47:27.703+0000] {logging_mixin.py:190} INFO - [2024-09-28T07:47:27.702+0000] {override.py:1900} INFO - Created Permission View: can delete on DAG:example_trigger_target_dag
[2024-09-28T07:47:27.708+0000] {logging_mixin.py:190} INFO - [2024-09-28T07:47:27.708+0000] {override.py:1900} INFO - Created Permission View: can edit on DAG:example_trigger_target_dag
[2024-09-28T07:47:27.710+0000] {logging_mixin.py:190} INFO - [2024-09-28T07:47:27.710+0000] {override.py:1900} INFO - Created Permission View: can read on DAG:example_trigger_target_dag
[2024-09-28T07:47:27.713+0000] {logging_mixin.py:190} INFO - [2024-09-28T07:47:27.713+0000] {override.py:1900} INFO - Created Permission View: menu access on DAG Run:example_trigger_target_dag
[2024-09-28T07:47:27.716+0000] {logging_mixin.py:190} INFO - [2024-09-28T07:47:27.716+0000] {override.py:1900} INFO - Created Permission View: can delete on DAG Run:example_trigger_target_dag
[2024-09-28T07:47:27.718+0000] {logging_mixin.py:190} INFO - [2024-09-28T07:47:27.718+0000] {override.py:1900} INFO - Created Permission View: can create on DAG Run:example_trigger_target_dag
[2024-09-28T07:47:27.721+0000] {logging_mixin.py:190} INFO - [2024-09-28T07:47:27.720+0000] {override.py:1900} INFO - Created Permission View: can read on DAG Run:example_trigger_target_dag
[2024-09-28T07:47:27.721+0000] {logging_mixin.py:190} INFO - [2024-09-28T07:47:27.721+0000] {dag.py:3239} INFO - Sync 1 DAGs
[2024-09-28T07:47:27.727+0000] {logging_mixin.py:190} INFO - [2024-09-28T07:47:27.727+0000] {dag.py:3262} INFO - Creating ORM DAG for example_trigger_target_dag
[2024-09-28T07:47:27.727+0000] {logging_mixin.py:190} INFO - [2024-09-28T07:47:27.727+0000] {dag.py:4180} INFO - Setting next_dagrun for example_trigger_target_dag to None, run_after=None
[2024-09-28T07:47:27.735+0000] {processor.py:208} INFO - Processing /home/airflow/.local/lib/python3.12/site-packages/airflow/example_dags/example_trigger_target_dag.py took 0.099 seconds
[2024-09-28T07:47:58.508+0000] {processor.py:186} INFO - Started process (PID=564) to work on /home/airflow/.local/lib/python3.12/site-packages/airflow/example_dags/example_trigger_target_dag.py
[2024-09-28T07:47:58.509+0000] {processor.py:914} INFO - Processing file /home/airflow/.local/lib/python3.12/site-packages/airflow/example_dags/example_trigger_target_dag.py for tasks to queue
[2024-09-28T07:47:58.511+0000] {logging_mixin.py:190} INFO - [2024-09-28T07:47:58.511+0000] {dagbag.py:588} INFO - Filling up the DagBag from /home/airflow/.local/lib/python3.12/site-packages/airflow/example_dags/example_trigger_target_dag.py
[2024-09-28T07:47:58.515+0000] {processor.py:925} INFO - DAG(s) 'example_trigger_target_dag' retrieved from /home/airflow/.local/lib/python3.12/site-packages/airflow/example_dags/example_trigger_target_dag.py
[2024-09-28T07:47:58.527+0000] {logging_mixin.py:190} INFO - [2024-09-28T07:47:58.527+0000] {dag.py:3239} INFO - Sync 1 DAGs
[2024-09-28T07:47:58.534+0000] {logging_mixin.py:190} INFO - [2024-09-28T07:47:58.534+0000] {dag.py:4180} INFO - Setting next_dagrun for example_trigger_target_dag to None, run_after=None
[2024-09-28T07:47:58.544+0000] {processor.py:208} INFO - Processing /home/airflow/.local/lib/python3.12/site-packages/airflow/example_dags/example_trigger_target_dag.py took 0.039 seconds
[2024-09-28T07:48:28.930+0000] {processor.py:186} INFO - Started process (PID=850) to work on /home/airflow/.local/lib/python3.12/site-packages/airflow/example_dags/example_trigger_target_dag.py
[2024-09-28T07:48:28.933+0000] {processor.py:914} INFO - Processing file /home/airflow/.local/lib/python3.12/site-packages/airflow/example_dags/example_trigger_target_dag.py for tasks to queue
[2024-09-28T07:48:28.937+0000] {logging_mixin.py:190} INFO - [2024-09-28T07:48:28.936+0000] {dagbag.py:588} INFO - Filling up the DagBag from /home/airflow/.local/lib/python3.12/site-packages/airflow/example_dags/example_trigger_target_dag.py
[2024-09-28T07:48:28.941+0000] {processor.py:925} INFO - DAG(s) 'example_trigger_target_dag' retrieved from /home/airflow/.local/lib/python3.12/site-packages/airflow/example_dags/example_trigger_target_dag.py
[2024-09-28T07:48:28.951+0000] {logging_mixin.py:190} INFO - [2024-09-28T07:48:28.951+0000] {dag.py:3239} INFO - Sync 1 DAGs
[2024-09-28T07:48:28.958+0000] {logging_mixin.py:190} INFO - [2024-09-28T07:48:28.958+0000] {dag.py:4180} INFO - Setting next_dagrun for example_trigger_target_dag to None, run_after=None
[2024-09-28T07:48:28.967+0000] {processor.py:208} INFO - Processing /home/airflow/.local/lib/python3.12/site-packages/airflow/example_dags/example_trigger_target_dag.py took 0.041 seconds
[2024-09-28T07:48:59.217+0000] {processor.py:186} INFO - Started process (PID=1135) to work on /home/airflow/.local/lib/python3.12/site-packages/airflow/example_dags/example_trigger_target_dag.py
[2024-09-28T07:48:59.218+0000] {processor.py:914} INFO - Processing file /home/airflow/.local/lib/python3.12/site-packages/airflow/example_dags/example_trigger_target_dag.py for tasks to queue
[2024-09-28T07:48:59.219+0000] {logging_mixin.py:190} INFO - [2024-09-28T07:48:59.219+0000] {dagbag.py:588} INFO - Filling up the DagBag from /home/airflow/.local/lib/python3.12/site-packages/airflow/example_dags/example_trigger_target_dag.py
[2024-09-28T07:48:59.224+0000] {processor.py:925} INFO - DAG(s) 'example_trigger_target_dag' retrieved from /home/airflow/.local/lib/python3.12/site-packages/airflow/example_dags/example_trigger_target_dag.py
[2024-09-28T07:48:59.234+0000] {logging_mixin.py:190} INFO - [2024-09-28T07:48:59.234+0000] {dag.py:3239} INFO - Sync 1 DAGs
[2024-09-28T07:48:59.240+0000] {logging_mixin.py:190} INFO - [2024-09-28T07:48:59.240+0000] {dag.py:4180} INFO - Setting next_dagrun for example_trigger_target_dag to None, run_after=None
[2024-09-28T07:48:59.248+0000] {processor.py:208} INFO - Processing /home/airflow/.local/lib/python3.12/site-packages/airflow/example_dags/example_trigger_target_dag.py took 0.034 seconds
[2024-09-28T07:49:29.373+0000] {processor.py:186} INFO - Started process (PID=1444) to work on /home/airflow/.local/lib/python3.12/site-packages/airflow/example_dags/example_trigger_target_dag.py
[2024-09-28T07:49:29.374+0000] {processor.py:914} INFO - Processing file /home/airflow/.local/lib/python3.12/site-packages/airflow/example_dags/example_trigger_target_dag.py for tasks to queue
[2024-09-28T07:49:29.375+0000] {logging_mixin.py:190} INFO - [2024-09-28T07:49:29.375+0000] {dagbag.py:588} INFO - Filling up the DagBag from /home/airflow/.local/lib/python3.12/site-packages/airflow/example_dags/example_trigger_target_dag.py
[2024-09-28T07:49:29.380+0000] {processor.py:925} INFO - DAG(s) 'example_trigger_target_dag' retrieved from /home/airflow/.local/lib/python3.12/site-packages/airflow/example_dags/example_trigger_target_dag.py
[2024-09-28T07:49:29.389+0000] {logging_mixin.py:190} INFO - [2024-09-28T07:49:29.389+0000] {dag.py:3239} INFO - Sync 1 DAGs
[2024-09-28T07:49:29.396+0000] {logging_mixin.py:190} INFO - [2024-09-28T07:49:29.396+0000] {dag.py:4180} INFO - Setting next_dagrun for example_trigger_target_dag to None, run_after=None
[2024-09-28T07:49:29.406+0000] {processor.py:208} INFO - Processing /home/airflow/.local/lib/python3.12/site-packages/airflow/example_dags/example_trigger_target_dag.py took 0.036 seconds
[2024-09-28T07:49:59.514+0000] {processor.py:186} INFO - Started process (PID=1730) to work on /home/airflow/.local/lib/python3.12/site-packages/airflow/example_dags/example_trigger_target_dag.py
[2024-09-28T07:49:59.516+0000] {processor.py:914} INFO - Processing file /home/airflow/.local/lib/python3.12/site-packages/airflow/example_dags/example_trigger_target_dag.py for tasks to queue
[2024-09-28T07:49:59.518+0000] {logging_mixin.py:190} INFO - [2024-09-28T07:49:59.518+0000] {dagbag.py:588} INFO - Filling up the DagBag from /home/airflow/.local/lib/python3.12/site-packages/airflow/example_dags/example_trigger_target_dag.py
[2024-09-28T07:49:59.525+0000] {processor.py:925} INFO - DAG(s) 'example_trigger_target_dag' retrieved from /home/airflow/.local/lib/python3.12/site-packages/airflow/example_dags/example_trigger_target_dag.py
[2024-09-28T07:49:59.542+0000] {logging_mixin.py:190} INFO - [2024-09-28T07:49:59.542+0000] {dag.py:3239} INFO - Sync 1 DAGs
[2024-09-28T07:49:59.550+0000] {logging_mixin.py:190} INFO - [2024-09-28T07:49:59.550+0000] {dag.py:4180} INFO - Setting next_dagrun for example_trigger_target_dag to None, run_after=None
[2024-09-28T07:49:59.560+0000] {processor.py:208} INFO - Processing /home/airflow/.local/lib/python3.12/site-packages/airflow/example_dags/example_trigger_target_dag.py took 0.050 seconds
[2024-09-28T07:50:29.893+0000] {processor.py:186} INFO - Started process (PID=2022) to work on /home/airflow/.local/lib/python3.12/site-packages/airflow/example_dags/example_trigger_target_dag.py
[2024-09-28T07:50:29.894+0000] {processor.py:914} INFO - Processing file /home/airflow/.local/lib/python3.12/site-packages/airflow/example_dags/example_trigger_target_dag.py for tasks to queue
[2024-09-28T07:50:29.895+0000] {logging_mixin.py:190} INFO - [2024-09-28T07:50:29.895+0000] {dagbag.py:588} INFO - Filling up the DagBag from /home/airflow/.local/lib/python3.12/site-packages/airflow/example_dags/example_trigger_target_dag.py
[2024-09-28T07:50:29.899+0000] {processor.py:925} INFO - DAG(s) 'example_trigger_target_dag' retrieved from /home/airflow/.local/lib/python3.12/site-packages/airflow/example_dags/example_trigger_target_dag.py
[2024-09-28T07:50:29.908+0000] {logging_mixin.py:190} INFO - [2024-09-28T07:50:29.908+0000] {dag.py:3239} INFO - Sync 1 DAGs
[2024-09-28T07:50:29.915+0000] {logging_mixin.py:190} INFO - [2024-09-28T07:50:29.915+0000] {dag.py:4180} INFO - Setting next_dagrun for example_trigger_target_dag to None, run_after=None
[2024-09-28T07:50:29.922+0000] {processor.py:208} INFO - Processing /home/airflow/.local/lib/python3.12/site-packages/airflow/example_dags/example_trigger_target_dag.py took 0.032 seconds
[2024-09-28T07:51:00.220+0000] {processor.py:186} INFO - Started process (PID=2309) to work on /home/airflow/.local/lib/python3.12/site-packages/airflow/example_dags/example_trigger_target_dag.py
[2024-09-28T07:51:00.220+0000] {processor.py:914} INFO - Processing file /home/airflow/.local/lib/python3.12/site-packages/airflow/example_dags/example_trigger_target_dag.py for tasks to queue
[2024-09-28T07:51:00.222+0000] {logging_mixin.py:190} INFO - [2024-09-28T07:51:00.222+0000] {dagbag.py:588} INFO - Filling up the DagBag from /home/airflow/.local/lib/python3.12/site-packages/airflow/example_dags/example_trigger_target_dag.py
[2024-09-28T07:51:00.226+0000] {processor.py:925} INFO - DAG(s) 'example_trigger_target_dag' retrieved from /home/airflow/.local/lib/python3.12/site-packages/airflow/example_dags/example_trigger_target_dag.py
[2024-09-28T07:51:00.237+0000] {logging_mixin.py:190} INFO - [2024-09-28T07:51:00.237+0000] {dag.py:3239} INFO - Sync 1 DAGs
[2024-09-28T07:51:00.244+0000] {logging_mixin.py:190} INFO - [2024-09-28T07:51:00.244+0000] {dag.py:4180} INFO - Setting next_dagrun for example_trigger_target_dag to None, run_after=None
[2024-09-28T07:51:00.254+0000] {processor.py:208} INFO - Processing /home/airflow/.local/lib/python3.12/site-packages/airflow/example_dags/example_trigger_target_dag.py took 0.038 seconds
[2024-09-28T07:51:30.424+0000] {processor.py:186} INFO - Started process (PID=2594) to work on /home/airflow/.local/lib/python3.12/site-packages/airflow/example_dags/example_trigger_target_dag.py
[2024-09-28T07:51:30.425+0000] {processor.py:914} INFO - Processing file /home/airflow/.local/lib/python3.12/site-packages/airflow/example_dags/example_trigger_target_dag.py for tasks to queue
[2024-09-28T07:51:30.426+0000] {logging_mixin.py:190} INFO - [2024-09-28T07:51:30.426+0000] {dagbag.py:588} INFO - Filling up the DagBag from /home/airflow/.local/lib/python3.12/site-packages/airflow/example_dags/example_trigger_target_dag.py
[2024-09-28T07:51:30.430+0000] {processor.py:925} INFO - DAG(s) 'example_trigger_target_dag' retrieved from /home/airflow/.local/lib/python3.12/site-packages/airflow/example_dags/example_trigger_target_dag.py
[2024-09-28T07:51:30.438+0000] {logging_mixin.py:190} INFO - [2024-09-28T07:51:30.438+0000] {dag.py:3239} INFO - Sync 1 DAGs
[2024-09-28T07:51:30.444+0000] {logging_mixin.py:190} INFO - [2024-09-28T07:51:30.444+0000] {dag.py:4180} INFO - Setting next_dagrun for example_trigger_target_dag to None, run_after=None
[2024-09-28T07:51:30.451+0000] {processor.py:208} INFO - Processing /home/airflow/.local/lib/python3.12/site-packages/airflow/example_dags/example_trigger_target_dag.py took 0.030 seconds
[2024-09-28T07:52:00.560+0000] {processor.py:186} INFO - Started process (PID=2878) to work on /home/airflow/.local/lib/python3.12/site-packages/airflow/example_dags/example_trigger_target_dag.py
[2024-09-28T07:52:00.561+0000] {processor.py:914} INFO - Processing file /home/airflow/.local/lib/python3.12/site-packages/airflow/example_dags/example_trigger_target_dag.py for tasks to queue
[2024-09-28T07:52:00.563+0000] {logging_mixin.py:190} INFO - [2024-09-28T07:52:00.563+0000] {dagbag.py:588} INFO - Filling up the DagBag from /home/airflow/.local/lib/python3.12/site-packages/airflow/example_dags/example_trigger_target_dag.py
[2024-09-28T07:52:00.567+0000] {processor.py:925} INFO - DAG(s) 'example_trigger_target_dag' retrieved from /home/airflow/.local/lib/python3.12/site-packages/airflow/example_dags/example_trigger_target_dag.py
[2024-09-28T07:52:00.577+0000] {logging_mixin.py:190} INFO - [2024-09-28T07:52:00.577+0000] {dag.py:3239} INFO - Sync 1 DAGs
[2024-09-28T07:52:00.584+0000] {logging_mixin.py:190} INFO - [2024-09-28T07:52:00.584+0000] {dag.py:4180} INFO - Setting next_dagrun for example_trigger_target_dag to None, run_after=None
[2024-09-28T07:52:00.594+0000] {processor.py:208} INFO - Processing /home/airflow/.local/lib/python3.12/site-packages/airflow/example_dags/example_trigger_target_dag.py took 0.037 seconds
[2024-09-28T07:52:31.804+0000] {processor.py:186} INFO - Started process (PID=3164) to work on /home/airflow/.local/lib/python3.12/site-packages/airflow/example_dags/example_trigger_target_dag.py
[2024-09-28T07:52:31.805+0000] {processor.py:914} INFO - Processing file /home/airflow/.local/lib/python3.12/site-packages/airflow/example_dags/example_trigger_target_dag.py for tasks to queue
[2024-09-28T07:52:31.806+0000] {logging_mixin.py:190} INFO - [2024-09-28T07:52:31.806+0000] {dagbag.py:588} INFO - Filling up the DagBag from /home/airflow/.local/lib/python3.12/site-packages/airflow/example_dags/example_trigger_target_dag.py
[2024-09-28T07:52:31.810+0000] {processor.py:925} INFO - DAG(s) 'example_trigger_target_dag' retrieved from /home/airflow/.local/lib/python3.12/site-packages/airflow/example_dags/example_trigger_target_dag.py
[2024-09-28T07:52:31.822+0000] {logging_mixin.py:190} INFO - [2024-09-28T07:52:31.822+0000] {dag.py:3239} INFO - Sync 1 DAGs
[2024-09-28T07:52:31.830+0000] {logging_mixin.py:190} INFO - [2024-09-28T07:52:31.830+0000] {dag.py:4180} INFO - Setting next_dagrun for example_trigger_target_dag to None, run_after=None
[2024-09-28T07:52:31.840+0000] {processor.py:208} INFO - Processing /home/airflow/.local/lib/python3.12/site-packages/airflow/example_dags/example_trigger_target_dag.py took 0.039 seconds
[2024-09-28T07:53:02.033+0000] {processor.py:186} INFO - Started process (PID=3450) to work on /home/airflow/.local/lib/python3.12/site-packages/airflow/example_dags/example_trigger_target_dag.py
[2024-09-28T07:53:02.037+0000] {processor.py:914} INFO - Processing file /home/airflow/.local/lib/python3.12/site-packages/airflow/example_dags/example_trigger_target_dag.py for tasks to queue
[2024-09-28T07:53:02.038+0000] {logging_mixin.py:190} INFO - [2024-09-28T07:53:02.038+0000] {dagbag.py:588} INFO - Filling up the DagBag from /home/airflow/.local/lib/python3.12/site-packages/airflow/example_dags/example_trigger_target_dag.py
[2024-09-28T07:53:02.042+0000] {processor.py:925} INFO - DAG(s) 'example_trigger_target_dag' retrieved from /home/airflow/.local/lib/python3.12/site-packages/airflow/example_dags/example_trigger_target_dag.py
[2024-09-28T07:53:02.053+0000] {logging_mixin.py:190} INFO - [2024-09-28T07:53:02.052+0000] {dag.py:3239} INFO - Sync 1 DAGs
[2024-09-28T07:53:02.062+0000] {logging_mixin.py:190} INFO - [2024-09-28T07:53:02.062+0000] {dag.py:4180} INFO - Setting next_dagrun for example_trigger_target_dag to None, run_after=None
[2024-09-28T07:53:02.075+0000] {processor.py:208} INFO - Processing /home/airflow/.local/lib/python3.12/site-packages/airflow/example_dags/example_trigger_target_dag.py took 0.045 seconds
[2024-09-28T07:53:32.428+0000] {processor.py:186} INFO - Started process (PID=3736) to work on /home/airflow/.local/lib/python3.12/site-packages/airflow/example_dags/example_trigger_target_dag.py
[2024-09-28T07:53:32.432+0000] {processor.py:914} INFO - Processing file /home/airflow/.local/lib/python3.12/site-packages/airflow/example_dags/example_trigger_target_dag.py for tasks to queue
[2024-09-28T07:53:32.433+0000] {logging_mixin.py:190} INFO - [2024-09-28T07:53:32.433+0000] {dagbag.py:588} INFO - Filling up the DagBag from /home/airflow/.local/lib/python3.12/site-packages/airflow/example_dags/example_trigger_target_dag.py
[2024-09-28T07:53:32.437+0000] {processor.py:925} INFO - DAG(s) 'example_trigger_target_dag' retrieved from /home/airflow/.local/lib/python3.12/site-packages/airflow/example_dags/example_trigger_target_dag.py
[2024-09-28T07:53:32.448+0000] {logging_mixin.py:190} INFO - [2024-09-28T07:53:32.447+0000] {dag.py:3239} INFO - Sync 1 DAGs
[2024-09-28T07:53:32.457+0000] {logging_mixin.py:190} INFO - [2024-09-28T07:53:32.456+0000] {dag.py:4180} INFO - Setting next_dagrun for example_trigger_target_dag to None, run_after=None
[2024-09-28T07:53:32.469+0000] {processor.py:208} INFO - Processing /home/airflow/.local/lib/python3.12/site-packages/airflow/example_dags/example_trigger_target_dag.py took 0.045 seconds
[2024-09-28T07:54:02.616+0000] {processor.py:186} INFO - Started process (PID=4022) to work on /home/airflow/.local/lib/python3.12/site-packages/airflow/example_dags/example_trigger_target_dag.py
[2024-09-28T07:54:02.617+0000] {processor.py:914} INFO - Processing file /home/airflow/.local/lib/python3.12/site-packages/airflow/example_dags/example_trigger_target_dag.py for tasks to queue
[2024-09-28T07:54:02.618+0000] {logging_mixin.py:190} INFO - [2024-09-28T07:54:02.618+0000] {dagbag.py:588} INFO - Filling up the DagBag from /home/airflow/.local/lib/python3.12/site-packages/airflow/example_dags/example_trigger_target_dag.py
[2024-09-28T07:54:02.622+0000] {processor.py:925} INFO - DAG(s) 'example_trigger_target_dag' retrieved from /home/airflow/.local/lib/python3.12/site-packages/airflow/example_dags/example_trigger_target_dag.py
[2024-09-28T07:54:02.633+0000] {logging_mixin.py:190} INFO - [2024-09-28T07:54:02.633+0000] {dag.py:3239} INFO - Sync 1 DAGs
[2024-09-28T07:54:02.640+0000] {logging_mixin.py:190} INFO - [2024-09-28T07:54:02.640+0000] {dag.py:4180} INFO - Setting next_dagrun for example_trigger_target_dag to None, run_after=None
[2024-09-28T07:54:02.654+0000] {processor.py:208} INFO - Processing /home/airflow/.local/lib/python3.12/site-packages/airflow/example_dags/example_trigger_target_dag.py took 0.041 seconds
[2024-09-28T07:54:32.867+0000] {processor.py:186} INFO - Started process (PID=4303) to work on /home/airflow/.local/lib/python3.12/site-packages/airflow/example_dags/example_trigger_target_dag.py
[2024-09-28T07:54:32.868+0000] {processor.py:914} INFO - Processing file /home/airflow/.local/lib/python3.12/site-packages/airflow/example_dags/example_trigger_target_dag.py for tasks to queue
[2024-09-28T07:54:32.870+0000] {logging_mixin.py:190} INFO - [2024-09-28T07:54:32.870+0000] {dagbag.py:588} INFO - Filling up the DagBag from /home/airflow/.local/lib/python3.12/site-packages/airflow/example_dags/example_trigger_target_dag.py
[2024-09-28T07:54:32.877+0000] {processor.py:925} INFO - DAG(s) 'example_trigger_target_dag' retrieved from /home/airflow/.local/lib/python3.12/site-packages/airflow/example_dags/example_trigger_target_dag.py
[2024-09-28T07:54:32.891+0000] {logging_mixin.py:190} INFO - [2024-09-28T07:54:32.891+0000] {dag.py:3239} INFO - Sync 1 DAGs
[2024-09-28T07:54:32.898+0000] {logging_mixin.py:190} INFO - [2024-09-28T07:54:32.898+0000] {dag.py:4180} INFO - Setting next_dagrun for example_trigger_target_dag to None, run_after=None
[2024-09-28T07:54:32.908+0000] {processor.py:208} INFO - Processing /home/airflow/.local/lib/python3.12/site-packages/airflow/example_dags/example_trigger_target_dag.py took 0.045 seconds
[2024-09-28T07:55:03.464+0000] {processor.py:186} INFO - Started process (PID=4596) to work on /home/airflow/.local/lib/python3.12/site-packages/airflow/example_dags/example_trigger_target_dag.py
[2024-09-28T07:55:03.464+0000] {processor.py:914} INFO - Processing file /home/airflow/.local/lib/python3.12/site-packages/airflow/example_dags/example_trigger_target_dag.py for tasks to queue
[2024-09-28T07:55:03.466+0000] {logging_mixin.py:190} INFO - [2024-09-28T07:55:03.466+0000] {dagbag.py:588} INFO - Filling up the DagBag from /home/airflow/.local/lib/python3.12/site-packages/airflow/example_dags/example_trigger_target_dag.py
[2024-09-28T07:55:03.470+0000] {processor.py:925} INFO - DAG(s) 'example_trigger_target_dag' retrieved from /home/airflow/.local/lib/python3.12/site-packages/airflow/example_dags/example_trigger_target_dag.py
[2024-09-28T07:55:03.479+0000] {logging_mixin.py:190} INFO - [2024-09-28T07:55:03.479+0000] {dag.py:3239} INFO - Sync 1 DAGs
[2024-09-28T07:55:03.486+0000] {logging_mixin.py:190} INFO - [2024-09-28T07:55:03.486+0000] {dag.py:4180} INFO - Setting next_dagrun for example_trigger_target_dag to None, run_after=None
[2024-09-28T07:55:03.493+0000] {processor.py:208} INFO - Processing /home/airflow/.local/lib/python3.12/site-packages/airflow/example_dags/example_trigger_target_dag.py took 0.033 seconds
[2024-09-28T07:55:33.841+0000] {processor.py:186} INFO - Started process (PID=4880) to work on /home/airflow/.local/lib/python3.12/site-packages/airflow/example_dags/example_trigger_target_dag.py
[2024-09-28T07:55:33.842+0000] {processor.py:914} INFO - Processing file /home/airflow/.local/lib/python3.12/site-packages/airflow/example_dags/example_trigger_target_dag.py for tasks to queue
[2024-09-28T07:55:33.846+0000] {logging_mixin.py:190} INFO - [2024-09-28T07:55:33.846+0000] {dagbag.py:588} INFO - Filling up the DagBag from /home/airflow/.local/lib/python3.12/site-packages/airflow/example_dags/example_trigger_target_dag.py
[2024-09-28T07:55:33.851+0000] {processor.py:925} INFO - DAG(s) 'example_trigger_target_dag' retrieved from /home/airflow/.local/lib/python3.12/site-packages/airflow/example_dags/example_trigger_target_dag.py
[2024-09-28T07:55:33.861+0000] {logging_mixin.py:190} INFO - [2024-09-28T07:55:33.861+0000] {dag.py:3239} INFO - Sync 1 DAGs
[2024-09-28T07:55:33.869+0000] {logging_mixin.py:190} INFO - [2024-09-28T07:55:33.869+0000] {dag.py:4180} INFO - Setting next_dagrun for example_trigger_target_dag to None, run_after=None
[2024-09-28T07:55:33.883+0000] {processor.py:208} INFO - Processing /home/airflow/.local/lib/python3.12/site-packages/airflow/example_dags/example_trigger_target_dag.py took 0.045 seconds
[2024-09-28T07:56:04.168+0000] {processor.py:186} INFO - Started process (PID=5166) to work on /home/airflow/.local/lib/python3.12/site-packages/airflow/example_dags/example_trigger_target_dag.py
[2024-09-28T07:56:04.169+0000] {processor.py:914} INFO - Processing file /home/airflow/.local/lib/python3.12/site-packages/airflow/example_dags/example_trigger_target_dag.py for tasks to queue
[2024-09-28T07:56:04.171+0000] {logging_mixin.py:190} INFO - [2024-09-28T07:56:04.171+0000] {dagbag.py:588} INFO - Filling up the DagBag from /home/airflow/.local/lib/python3.12/site-packages/airflow/example_dags/example_trigger_target_dag.py
[2024-09-28T07:56:04.175+0000] {processor.py:925} INFO - DAG(s) 'example_trigger_target_dag' retrieved from /home/airflow/.local/lib/python3.12/site-packages/airflow/example_dags/example_trigger_target_dag.py
[2024-09-28T07:56:04.186+0000] {logging_mixin.py:190} INFO - [2024-09-28T07:56:04.186+0000] {dag.py:3239} INFO - Sync 1 DAGs
[2024-09-28T07:56:04.197+0000] {logging_mixin.py:190} INFO - [2024-09-28T07:56:04.197+0000] {dag.py:4180} INFO - Setting next_dagrun for example_trigger_target_dag to None, run_after=None
[2024-09-28T07:56:04.206+0000] {processor.py:208} INFO - Processing /home/airflow/.local/lib/python3.12/site-packages/airflow/example_dags/example_trigger_target_dag.py took 0.042 seconds
[2024-09-28T07:56:34.642+0000] {processor.py:186} INFO - Started process (PID=5452) to work on /home/airflow/.local/lib/python3.12/site-packages/airflow/example_dags/example_trigger_target_dag.py
[2024-09-28T07:56:34.643+0000] {processor.py:914} INFO - Processing file /home/airflow/.local/lib/python3.12/site-packages/airflow/example_dags/example_trigger_target_dag.py for tasks to queue
[2024-09-28T07:56:34.646+0000] {logging_mixin.py:190} INFO - [2024-09-28T07:56:34.646+0000] {dagbag.py:588} INFO - Filling up the DagBag from /home/airflow/.local/lib/python3.12/site-packages/airflow/example_dags/example_trigger_target_dag.py
[2024-09-28T07:56:34.652+0000] {processor.py:925} INFO - DAG(s) 'example_trigger_target_dag' retrieved from /home/airflow/.local/lib/python3.12/site-packages/airflow/example_dags/example_trigger_target_dag.py
[2024-09-28T07:56:34.666+0000] {logging_mixin.py:190} INFO - [2024-09-28T07:56:34.666+0000] {dag.py:3239} INFO - Sync 1 DAGs
[2024-09-28T07:56:34.674+0000] {logging_mixin.py:190} INFO - [2024-09-28T07:56:34.674+0000] {dag.py:4180} INFO - Setting next_dagrun for example_trigger_target_dag to None, run_after=None
[2024-09-28T07:56:34.685+0000] {processor.py:208} INFO - Processing /home/airflow/.local/lib/python3.12/site-packages/airflow/example_dags/example_trigger_target_dag.py took 0.047 seconds
[2024-09-28T07:57:04.939+0000] {processor.py:186} INFO - Started process (PID=5738) to work on /home/airflow/.local/lib/python3.12/site-packages/airflow/example_dags/example_trigger_target_dag.py
[2024-09-28T07:57:04.940+0000] {processor.py:914} INFO - Processing file /home/airflow/.local/lib/python3.12/site-packages/airflow/example_dags/example_trigger_target_dag.py for tasks to queue
[2024-09-28T07:57:04.941+0000] {logging_mixin.py:190} INFO - [2024-09-28T07:57:04.941+0000] {dagbag.py:588} INFO - Filling up the DagBag from /home/airflow/.local/lib/python3.12/site-packages/airflow/example_dags/example_trigger_target_dag.py
[2024-09-28T07:57:04.945+0000] {processor.py:925} INFO - DAG(s) 'example_trigger_target_dag' retrieved from /home/airflow/.local/lib/python3.12/site-packages/airflow/example_dags/example_trigger_target_dag.py
[2024-09-28T07:57:04.956+0000] {logging_mixin.py:190} INFO - [2024-09-28T07:57:04.956+0000] {dag.py:3239} INFO - Sync 1 DAGs
[2024-09-28T07:57:04.963+0000] {logging_mixin.py:190} INFO - [2024-09-28T07:57:04.963+0000] {dag.py:4180} INFO - Setting next_dagrun for example_trigger_target_dag to None, run_after=None
[2024-09-28T07:57:04.973+0000] {processor.py:208} INFO - Processing /home/airflow/.local/lib/python3.12/site-packages/airflow/example_dags/example_trigger_target_dag.py took 0.037 seconds
[2024-09-28T07:57:35.288+0000] {processor.py:186} INFO - Started process (PID=6024) to work on /home/airflow/.local/lib/python3.12/site-packages/airflow/example_dags/example_trigger_target_dag.py
[2024-09-28T07:57:35.288+0000] {processor.py:914} INFO - Processing file /home/airflow/.local/lib/python3.12/site-packages/airflow/example_dags/example_trigger_target_dag.py for tasks to queue
[2024-09-28T07:57:35.290+0000] {logging_mixin.py:190} INFO - [2024-09-28T07:57:35.290+0000] {dagbag.py:588} INFO - Filling up the DagBag from /home/airflow/.local/lib/python3.12/site-packages/airflow/example_dags/example_trigger_target_dag.py
[2024-09-28T07:57:35.294+0000] {processor.py:925} INFO - DAG(s) 'example_trigger_target_dag' retrieved from /home/airflow/.local/lib/python3.12/site-packages/airflow/example_dags/example_trigger_target_dag.py
[2024-09-28T07:57:35.305+0000] {logging_mixin.py:190} INFO - [2024-09-28T07:57:35.305+0000] {dag.py:3239} INFO - Sync 1 DAGs
[2024-09-28T07:57:35.313+0000] {logging_mixin.py:190} INFO - [2024-09-28T07:57:35.312+0000] {dag.py:4180} INFO - Setting next_dagrun for example_trigger_target_dag to None, run_after=None
[2024-09-28T07:57:35.323+0000] {processor.py:208} INFO - Processing /home/airflow/.local/lib/python3.12/site-packages/airflow/example_dags/example_trigger_target_dag.py took 0.039 seconds
[2024-09-28T07:58:05.517+0000] {processor.py:186} INFO - Started process (PID=6309) to work on /home/airflow/.local/lib/python3.12/site-packages/airflow/example_dags/example_trigger_target_dag.py
[2024-09-28T07:58:05.521+0000] {processor.py:914} INFO - Processing file /home/airflow/.local/lib/python3.12/site-packages/airflow/example_dags/example_trigger_target_dag.py for tasks to queue
[2024-09-28T07:58:05.523+0000] {logging_mixin.py:190} INFO - [2024-09-28T07:58:05.522+0000] {dagbag.py:588} INFO - Filling up the DagBag from /home/airflow/.local/lib/python3.12/site-packages/airflow/example_dags/example_trigger_target_dag.py
[2024-09-28T07:58:05.528+0000] {processor.py:925} INFO - DAG(s) 'example_trigger_target_dag' retrieved from /home/airflow/.local/lib/python3.12/site-packages/airflow/example_dags/example_trigger_target_dag.py
[2024-09-28T07:58:05.543+0000] {logging_mixin.py:190} INFO - [2024-09-28T07:58:05.542+0000] {dag.py:3239} INFO - Sync 1 DAGs
[2024-09-28T07:58:05.550+0000] {logging_mixin.py:190} INFO - [2024-09-28T07:58:05.550+0000] {dag.py:4180} INFO - Setting next_dagrun for example_trigger_target_dag to None, run_after=None
[2024-09-28T07:58:05.564+0000] {processor.py:208} INFO - Processing /home/airflow/.local/lib/python3.12/site-packages/airflow/example_dags/example_trigger_target_dag.py took 0.052 seconds
[2024-09-28T07:58:35.900+0000] {processor.py:186} INFO - Started process (PID=6597) to work on /home/airflow/.local/lib/python3.12/site-packages/airflow/example_dags/example_trigger_target_dag.py
[2024-09-28T07:58:35.901+0000] {processor.py:914} INFO - Processing file /home/airflow/.local/lib/python3.12/site-packages/airflow/example_dags/example_trigger_target_dag.py for tasks to queue
[2024-09-28T07:58:35.902+0000] {logging_mixin.py:190} INFO - [2024-09-28T07:58:35.902+0000] {dagbag.py:588} INFO - Filling up the DagBag from /home/airflow/.local/lib/python3.12/site-packages/airflow/example_dags/example_trigger_target_dag.py
[2024-09-28T07:58:35.905+0000] {processor.py:925} INFO - DAG(s) 'example_trigger_target_dag' retrieved from /home/airflow/.local/lib/python3.12/site-packages/airflow/example_dags/example_trigger_target_dag.py
[2024-09-28T07:58:35.915+0000] {logging_mixin.py:190} INFO - [2024-09-28T07:58:35.914+0000] {dag.py:3239} INFO - Sync 1 DAGs
[2024-09-28T07:58:35.921+0000] {logging_mixin.py:190} INFO - [2024-09-28T07:58:35.921+0000] {dag.py:4180} INFO - Setting next_dagrun for example_trigger_target_dag to None, run_after=None
[2024-09-28T07:58:35.928+0000] {processor.py:208} INFO - Processing /home/airflow/.local/lib/python3.12/site-packages/airflow/example_dags/example_trigger_target_dag.py took 0.031 seconds
[2024-09-28T07:59:06.308+0000] {processor.py:186} INFO - Started process (PID=6883) to work on /home/airflow/.local/lib/python3.12/site-packages/airflow/example_dags/example_trigger_target_dag.py
[2024-09-28T07:59:06.309+0000] {processor.py:914} INFO - Processing file /home/airflow/.local/lib/python3.12/site-packages/airflow/example_dags/example_trigger_target_dag.py for tasks to queue
[2024-09-28T07:59:06.310+0000] {logging_mixin.py:190} INFO - [2024-09-28T07:59:06.310+0000] {dagbag.py:588} INFO - Filling up the DagBag from /home/airflow/.local/lib/python3.12/site-packages/airflow/example_dags/example_trigger_target_dag.py
[2024-09-28T07:59:06.314+0000] {processor.py:925} INFO - DAG(s) 'example_trigger_target_dag' retrieved from /home/airflow/.local/lib/python3.12/site-packages/airflow/example_dags/example_trigger_target_dag.py
[2024-09-28T07:59:06.324+0000] {logging_mixin.py:190} INFO - [2024-09-28T07:59:06.324+0000] {dag.py:3239} INFO - Sync 1 DAGs
[2024-09-28T07:59:06.331+0000] {logging_mixin.py:190} INFO - [2024-09-28T07:59:06.331+0000] {dag.py:4180} INFO - Setting next_dagrun for example_trigger_target_dag to None, run_after=None
[2024-09-28T07:59:06.339+0000] {processor.py:208} INFO - Processing /home/airflow/.local/lib/python3.12/site-packages/airflow/example_dags/example_trigger_target_dag.py took 0.035 seconds
[2024-09-28T07:59:36.819+0000] {processor.py:186} INFO - Started process (PID=7169) to work on /home/airflow/.local/lib/python3.12/site-packages/airflow/example_dags/example_trigger_target_dag.py
[2024-09-28T07:59:36.819+0000] {processor.py:914} INFO - Processing file /home/airflow/.local/lib/python3.12/site-packages/airflow/example_dags/example_trigger_target_dag.py for tasks to queue
[2024-09-28T07:59:36.821+0000] {logging_mixin.py:190} INFO - [2024-09-28T07:59:36.820+0000] {dagbag.py:588} INFO - Filling up the DagBag from /home/airflow/.local/lib/python3.12/site-packages/airflow/example_dags/example_trigger_target_dag.py
[2024-09-28T07:59:36.825+0000] {processor.py:925} INFO - DAG(s) 'example_trigger_target_dag' retrieved from /home/airflow/.local/lib/python3.12/site-packages/airflow/example_dags/example_trigger_target_dag.py
[2024-09-28T07:59:36.836+0000] {logging_mixin.py:190} INFO - [2024-09-28T07:59:36.835+0000] {dag.py:3239} INFO - Sync 1 DAGs
[2024-09-28T07:59:36.843+0000] {logging_mixin.py:190} INFO - [2024-09-28T07:59:36.843+0000] {dag.py:4180} INFO - Setting next_dagrun for example_trigger_target_dag to None, run_after=None
[2024-09-28T07:59:36.853+0000] {processor.py:208} INFO - Processing /home/airflow/.local/lib/python3.12/site-packages/airflow/example_dags/example_trigger_target_dag.py took 0.037 seconds
[2024-09-28T08:00:07.227+0000] {processor.py:186} INFO - Started process (PID=7453) to work on /home/airflow/.local/lib/python3.12/site-packages/airflow/example_dags/example_trigger_target_dag.py
[2024-09-28T08:00:07.230+0000] {processor.py:914} INFO - Processing file /home/airflow/.local/lib/python3.12/site-packages/airflow/example_dags/example_trigger_target_dag.py for tasks to queue
[2024-09-28T08:00:07.231+0000] {logging_mixin.py:190} INFO - [2024-09-28T08:00:07.231+0000] {dagbag.py:588} INFO - Filling up the DagBag from /home/airflow/.local/lib/python3.12/site-packages/airflow/example_dags/example_trigger_target_dag.py
[2024-09-28T08:00:07.236+0000] {processor.py:925} INFO - DAG(s) 'example_trigger_target_dag' retrieved from /home/airflow/.local/lib/python3.12/site-packages/airflow/example_dags/example_trigger_target_dag.py
[2024-09-28T08:00:07.246+0000] {logging_mixin.py:190} INFO - [2024-09-28T08:00:07.246+0000] {dag.py:3239} INFO - Sync 1 DAGs
[2024-09-28T08:00:07.253+0000] {logging_mixin.py:190} INFO - [2024-09-28T08:00:07.252+0000] {dag.py:4180} INFO - Setting next_dagrun for example_trigger_target_dag to None, run_after=None
[2024-09-28T08:00:07.264+0000] {processor.py:208} INFO - Processing /home/airflow/.local/lib/python3.12/site-packages/airflow/example_dags/example_trigger_target_dag.py took 0.040 seconds
[2024-09-28T08:00:37.685+0000] {processor.py:186} INFO - Started process (PID=7741) to work on /home/airflow/.local/lib/python3.12/site-packages/airflow/example_dags/example_trigger_target_dag.py
[2024-09-28T08:00:37.685+0000] {processor.py:914} INFO - Processing file /home/airflow/.local/lib/python3.12/site-packages/airflow/example_dags/example_trigger_target_dag.py for tasks to queue
[2024-09-28T08:00:37.687+0000] {logging_mixin.py:190} INFO - [2024-09-28T08:00:37.687+0000] {dagbag.py:588} INFO - Filling up the DagBag from /home/airflow/.local/lib/python3.12/site-packages/airflow/example_dags/example_trigger_target_dag.py
[2024-09-28T08:00:37.691+0000] {processor.py:925} INFO - DAG(s) 'example_trigger_target_dag' retrieved from /home/airflow/.local/lib/python3.12/site-packages/airflow/example_dags/example_trigger_target_dag.py
[2024-09-28T08:00:37.702+0000] {logging_mixin.py:190} INFO - [2024-09-28T08:00:37.702+0000] {dag.py:3239} INFO - Sync 1 DAGs
[2024-09-28T08:00:37.709+0000] {logging_mixin.py:190} INFO - [2024-09-28T08:00:37.709+0000] {dag.py:4180} INFO - Setting next_dagrun for example_trigger_target_dag to None, run_after=None
[2024-09-28T08:00:37.718+0000] {processor.py:208} INFO - Processing /home/airflow/.local/lib/python3.12/site-packages/airflow/example_dags/example_trigger_target_dag.py took 0.037 seconds
[2024-09-28T08:01:08.315+0000] {processor.py:186} INFO - Started process (PID=8025) to work on /home/airflow/.local/lib/python3.12/site-packages/airflow/example_dags/example_trigger_target_dag.py
[2024-09-28T08:01:08.316+0000] {processor.py:914} INFO - Processing file /home/airflow/.local/lib/python3.12/site-packages/airflow/example_dags/example_trigger_target_dag.py for tasks to queue
[2024-09-28T08:01:08.318+0000] {logging_mixin.py:190} INFO - [2024-09-28T08:01:08.317+0000] {dagbag.py:588} INFO - Filling up the DagBag from /home/airflow/.local/lib/python3.12/site-packages/airflow/example_dags/example_trigger_target_dag.py
[2024-09-28T08:01:08.322+0000] {processor.py:925} INFO - DAG(s) 'example_trigger_target_dag' retrieved from /home/airflow/.local/lib/python3.12/site-packages/airflow/example_dags/example_trigger_target_dag.py
[2024-09-28T08:01:08.334+0000] {logging_mixin.py:190} INFO - [2024-09-28T08:01:08.333+0000] {dag.py:3239} INFO - Sync 1 DAGs
[2024-09-28T08:01:08.343+0000] {logging_mixin.py:190} INFO - [2024-09-28T08:01:08.343+0000] {dag.py:4180} INFO - Setting next_dagrun for example_trigger_target_dag to None, run_after=None
[2024-09-28T08:01:08.355+0000] {processor.py:208} INFO - Processing /home/airflow/.local/lib/python3.12/site-packages/airflow/example_dags/example_trigger_target_dag.py took 0.044 seconds
[2024-09-28T08:01:38.888+0000] {processor.py:186} INFO - Started process (PID=8313) to work on /home/airflow/.local/lib/python3.12/site-packages/airflow/example_dags/example_trigger_target_dag.py
[2024-09-28T08:01:38.889+0000] {processor.py:914} INFO - Processing file /home/airflow/.local/lib/python3.12/site-packages/airflow/example_dags/example_trigger_target_dag.py for tasks to queue
[2024-09-28T08:01:38.890+0000] {logging_mixin.py:190} INFO - [2024-09-28T08:01:38.890+0000] {dagbag.py:588} INFO - Filling up the DagBag from /home/airflow/.local/lib/python3.12/site-packages/airflow/example_dags/example_trigger_target_dag.py
[2024-09-28T08:01:38.894+0000] {processor.py:925} INFO - DAG(s) 'example_trigger_target_dag' retrieved from /home/airflow/.local/lib/python3.12/site-packages/airflow/example_dags/example_trigger_target_dag.py
[2024-09-28T08:01:38.902+0000] {logging_mixin.py:190} INFO - [2024-09-28T08:01:38.902+0000] {dag.py:3239} INFO - Sync 1 DAGs
[2024-09-28T08:01:38.908+0000] {logging_mixin.py:190} INFO - [2024-09-28T08:01:38.908+0000] {dag.py:4180} INFO - Setting next_dagrun for example_trigger_target_dag to None, run_after=None
[2024-09-28T08:01:38.915+0000] {processor.py:208} INFO - Processing /home/airflow/.local/lib/python3.12/site-packages/airflow/example_dags/example_trigger_target_dag.py took 0.030 seconds
[2024-09-28T08:02:09.596+0000] {processor.py:186} INFO - Started process (PID=8597) to work on /home/airflow/.local/lib/python3.12/site-packages/airflow/example_dags/example_trigger_target_dag.py
[2024-09-28T08:02:09.598+0000] {processor.py:914} INFO - Processing file /home/airflow/.local/lib/python3.12/site-packages/airflow/example_dags/example_trigger_target_dag.py for tasks to queue
[2024-09-28T08:02:09.599+0000] {logging_mixin.py:190} INFO - [2024-09-28T08:02:09.599+0000] {dagbag.py:588} INFO - Filling up the DagBag from /home/airflow/.local/lib/python3.12/site-packages/airflow/example_dags/example_trigger_target_dag.py
[2024-09-28T08:02:09.603+0000] {processor.py:925} INFO - DAG(s) 'example_trigger_target_dag' retrieved from /home/airflow/.local/lib/python3.12/site-packages/airflow/example_dags/example_trigger_target_dag.py
[2024-09-28T08:02:09.614+0000] {logging_mixin.py:190} INFO - [2024-09-28T08:02:09.614+0000] {dag.py:3239} INFO - Sync 1 DAGs
[2024-09-28T08:02:09.622+0000] {logging_mixin.py:190} INFO - [2024-09-28T08:02:09.621+0000] {dag.py:4180} INFO - Setting next_dagrun for example_trigger_target_dag to None, run_after=None
[2024-09-28T08:02:09.635+0000] {processor.py:208} INFO - Processing /home/airflow/.local/lib/python3.12/site-packages/airflow/example_dags/example_trigger_target_dag.py took 0.043 seconds
[2024-09-28T08:02:40.316+0000] {processor.py:186} INFO - Started process (PID=8885) to work on /home/airflow/.local/lib/python3.12/site-packages/airflow/example_dags/example_trigger_target_dag.py
[2024-09-28T08:02:40.318+0000] {processor.py:914} INFO - Processing file /home/airflow/.local/lib/python3.12/site-packages/airflow/example_dags/example_trigger_target_dag.py for tasks to queue
[2024-09-28T08:02:40.319+0000] {logging_mixin.py:190} INFO - [2024-09-28T08:02:40.319+0000] {dagbag.py:588} INFO - Filling up the DagBag from /home/airflow/.local/lib/python3.12/site-packages/airflow/example_dags/example_trigger_target_dag.py
[2024-09-28T08:02:40.324+0000] {processor.py:925} INFO - DAG(s) 'example_trigger_target_dag' retrieved from /home/airflow/.local/lib/python3.12/site-packages/airflow/example_dags/example_trigger_target_dag.py
[2024-09-28T08:02:40.335+0000] {logging_mixin.py:190} INFO - [2024-09-28T08:02:40.335+0000] {dag.py:3239} INFO - Sync 1 DAGs
[2024-09-28T08:02:40.343+0000] {logging_mixin.py:190} INFO - [2024-09-28T08:02:40.343+0000] {dag.py:4180} INFO - Setting next_dagrun for example_trigger_target_dag to None, run_after=None
[2024-09-28T08:02:40.353+0000] {processor.py:208} INFO - Processing /home/airflow/.local/lib/python3.12/site-packages/airflow/example_dags/example_trigger_target_dag.py took 0.041 seconds
[2024-09-28T08:03:10.814+0000] {processor.py:186} INFO - Started process (PID=9169) to work on /home/airflow/.local/lib/python3.12/site-packages/airflow/example_dags/example_trigger_target_dag.py
[2024-09-28T08:03:10.815+0000] {processor.py:914} INFO - Processing file /home/airflow/.local/lib/python3.12/site-packages/airflow/example_dags/example_trigger_target_dag.py for tasks to queue
[2024-09-28T08:03:10.816+0000] {logging_mixin.py:190} INFO - [2024-09-28T08:03:10.816+0000] {dagbag.py:588} INFO - Filling up the DagBag from /home/airflow/.local/lib/python3.12/site-packages/airflow/example_dags/example_trigger_target_dag.py
[2024-09-28T08:03:10.822+0000] {processor.py:925} INFO - DAG(s) 'example_trigger_target_dag' retrieved from /home/airflow/.local/lib/python3.12/site-packages/airflow/example_dags/example_trigger_target_dag.py
[2024-09-28T08:03:10.833+0000] {logging_mixin.py:190} INFO - [2024-09-28T08:03:10.833+0000] {dag.py:3239} INFO - Sync 1 DAGs
[2024-09-28T08:03:10.841+0000] {logging_mixin.py:190} INFO - [2024-09-28T08:03:10.841+0000] {dag.py:4180} INFO - Setting next_dagrun for example_trigger_target_dag to None, run_after=None
[2024-09-28T08:03:10.854+0000] {processor.py:208} INFO - Processing /home/airflow/.local/lib/python3.12/site-packages/airflow/example_dags/example_trigger_target_dag.py took 0.044 seconds
[2024-09-28T08:03:41.285+0000] {processor.py:186} INFO - Started process (PID=9455) to work on /home/airflow/.local/lib/python3.12/site-packages/airflow/example_dags/example_trigger_target_dag.py
[2024-09-28T08:03:41.285+0000] {processor.py:914} INFO - Processing file /home/airflow/.local/lib/python3.12/site-packages/airflow/example_dags/example_trigger_target_dag.py for tasks to queue
[2024-09-28T08:03:41.287+0000] {logging_mixin.py:190} INFO - [2024-09-28T08:03:41.287+0000] {dagbag.py:588} INFO - Filling up the DagBag from /home/airflow/.local/lib/python3.12/site-packages/airflow/example_dags/example_trigger_target_dag.py
[2024-09-28T08:03:41.297+0000] {processor.py:925} INFO - DAG(s) 'example_trigger_target_dag' retrieved from /home/airflow/.local/lib/python3.12/site-packages/airflow/example_dags/example_trigger_target_dag.py
[2024-09-28T08:03:41.310+0000] {logging_mixin.py:190} INFO - [2024-09-28T08:03:41.310+0000] {dag.py:3239} INFO - Sync 1 DAGs
[2024-09-28T08:03:41.317+0000] {logging_mixin.py:190} INFO - [2024-09-28T08:03:41.317+0000] {dag.py:4180} INFO - Setting next_dagrun for example_trigger_target_dag to None, run_after=None
[2024-09-28T08:03:41.325+0000] {processor.py:208} INFO - Processing /home/airflow/.local/lib/python3.12/site-packages/airflow/example_dags/example_trigger_target_dag.py took 0.044 seconds
[2024-09-28T08:04:11.915+0000] {processor.py:186} INFO - Started process (PID=9741) to work on /home/airflow/.local/lib/python3.12/site-packages/airflow/example_dags/example_trigger_target_dag.py
[2024-09-28T08:04:11.918+0000] {processor.py:914} INFO - Processing file /home/airflow/.local/lib/python3.12/site-packages/airflow/example_dags/example_trigger_target_dag.py for tasks to queue
[2024-09-28T08:04:11.919+0000] {logging_mixin.py:190} INFO - [2024-09-28T08:04:11.919+0000] {dagbag.py:588} INFO - Filling up the DagBag from /home/airflow/.local/lib/python3.12/site-packages/airflow/example_dags/example_trigger_target_dag.py
[2024-09-28T08:04:11.924+0000] {processor.py:925} INFO - DAG(s) 'example_trigger_target_dag' retrieved from /home/airflow/.local/lib/python3.12/site-packages/airflow/example_dags/example_trigger_target_dag.py
[2024-09-28T08:04:11.935+0000] {logging_mixin.py:190} INFO - [2024-09-28T08:04:11.935+0000] {dag.py:3239} INFO - Sync 1 DAGs
[2024-09-28T08:04:11.941+0000] {logging_mixin.py:190} INFO - [2024-09-28T08:04:11.941+0000] {dag.py:4180} INFO - Setting next_dagrun for example_trigger_target_dag to None, run_after=None
[2024-09-28T08:04:11.950+0000] {processor.py:208} INFO - Processing /home/airflow/.local/lib/python3.12/site-packages/airflow/example_dags/example_trigger_target_dag.py took 0.037 seconds
[2024-09-28T08:04:42.560+0000] {processor.py:186} INFO - Started process (PID=10027) to work on /home/airflow/.local/lib/python3.12/site-packages/airflow/example_dags/example_trigger_target_dag.py
[2024-09-28T08:04:42.561+0000] {processor.py:914} INFO - Processing file /home/airflow/.local/lib/python3.12/site-packages/airflow/example_dags/example_trigger_target_dag.py for tasks to queue
[2024-09-28T08:04:42.562+0000] {logging_mixin.py:190} INFO - [2024-09-28T08:04:42.562+0000] {dagbag.py:588} INFO - Filling up the DagBag from /home/airflow/.local/lib/python3.12/site-packages/airflow/example_dags/example_trigger_target_dag.py
[2024-09-28T08:04:42.569+0000] {processor.py:925} INFO - DAG(s) 'example_trigger_target_dag' retrieved from /home/airflow/.local/lib/python3.12/site-packages/airflow/example_dags/example_trigger_target_dag.py
[2024-09-28T08:04:42.580+0000] {logging_mixin.py:190} INFO - [2024-09-28T08:04:42.580+0000] {dag.py:3239} INFO - Sync 1 DAGs
[2024-09-28T08:04:42.587+0000] {logging_mixin.py:190} INFO - [2024-09-28T08:04:42.587+0000] {dag.py:4180} INFO - Setting next_dagrun for example_trigger_target_dag to None, run_after=None
[2024-09-28T08:04:42.595+0000] {processor.py:208} INFO - Processing /home/airflow/.local/lib/python3.12/site-packages/airflow/example_dags/example_trigger_target_dag.py took 0.039 seconds
[2024-09-28T08:05:12.989+0000] {processor.py:186} INFO - Started process (PID=10313) to work on /home/airflow/.local/lib/python3.12/site-packages/airflow/example_dags/example_trigger_target_dag.py
[2024-09-28T08:05:12.989+0000] {processor.py:914} INFO - Processing file /home/airflow/.local/lib/python3.12/site-packages/airflow/example_dags/example_trigger_target_dag.py for tasks to queue
[2024-09-28T08:05:12.990+0000] {logging_mixin.py:190} INFO - [2024-09-28T08:05:12.990+0000] {dagbag.py:588} INFO - Filling up the DagBag from /home/airflow/.local/lib/python3.12/site-packages/airflow/example_dags/example_trigger_target_dag.py
[2024-09-28T08:05:12.995+0000] {processor.py:925} INFO - DAG(s) 'example_trigger_target_dag' retrieved from /home/airflow/.local/lib/python3.12/site-packages/airflow/example_dags/example_trigger_target_dag.py
[2024-09-28T08:05:13.004+0000] {logging_mixin.py:190} INFO - [2024-09-28T08:05:13.004+0000] {dag.py:3239} INFO - Sync 1 DAGs
[2024-09-28T08:05:13.011+0000] {logging_mixin.py:190} INFO - [2024-09-28T08:05:13.011+0000] {dag.py:4180} INFO - Setting next_dagrun for example_trigger_target_dag to None, run_after=None
[2024-09-28T08:05:13.022+0000] {processor.py:208} INFO - Processing /home/airflow/.local/lib/python3.12/site-packages/airflow/example_dags/example_trigger_target_dag.py took 0.037 seconds
[2024-09-28T08:05:43.479+0000] {processor.py:186} INFO - Started process (PID=10599) to work on /home/airflow/.local/lib/python3.12/site-packages/airflow/example_dags/example_trigger_target_dag.py
[2024-09-28T08:05:43.480+0000] {processor.py:914} INFO - Processing file /home/airflow/.local/lib/python3.12/site-packages/airflow/example_dags/example_trigger_target_dag.py for tasks to queue
[2024-09-28T08:05:43.482+0000] {logging_mixin.py:190} INFO - [2024-09-28T08:05:43.482+0000] {dagbag.py:588} INFO - Filling up the DagBag from /home/airflow/.local/lib/python3.12/site-packages/airflow/example_dags/example_trigger_target_dag.py
[2024-09-28T08:05:43.489+0000] {processor.py:925} INFO - DAG(s) 'example_trigger_target_dag' retrieved from /home/airflow/.local/lib/python3.12/site-packages/airflow/example_dags/example_trigger_target_dag.py
[2024-09-28T08:05:43.499+0000] {logging_mixin.py:190} INFO - [2024-09-28T08:05:43.499+0000] {dag.py:3239} INFO - Sync 1 DAGs
[2024-09-28T08:05:43.506+0000] {logging_mixin.py:190} INFO - [2024-09-28T08:05:43.506+0000] {dag.py:4180} INFO - Setting next_dagrun for example_trigger_target_dag to None, run_after=None
[2024-09-28T08:05:43.516+0000] {processor.py:208} INFO - Processing /home/airflow/.local/lib/python3.12/site-packages/airflow/example_dags/example_trigger_target_dag.py took 0.040 seconds
[2024-09-28T08:06:14.111+0000] {processor.py:186} INFO - Started process (PID=10885) to work on /home/airflow/.local/lib/python3.12/site-packages/airflow/example_dags/example_trigger_target_dag.py
[2024-09-28T08:06:14.112+0000] {processor.py:914} INFO - Processing file /home/airflow/.local/lib/python3.12/site-packages/airflow/example_dags/example_trigger_target_dag.py for tasks to queue
[2024-09-28T08:06:14.116+0000] {logging_mixin.py:190} INFO - [2024-09-28T08:06:14.116+0000] {dagbag.py:588} INFO - Filling up the DagBag from /home/airflow/.local/lib/python3.12/site-packages/airflow/example_dags/example_trigger_target_dag.py
[2024-09-28T08:06:14.120+0000] {processor.py:925} INFO - DAG(s) 'example_trigger_target_dag' retrieved from /home/airflow/.local/lib/python3.12/site-packages/airflow/example_dags/example_trigger_target_dag.py
[2024-09-28T08:06:14.129+0000] {logging_mixin.py:190} INFO - [2024-09-28T08:06:14.129+0000] {dag.py:3239} INFO - Sync 1 DAGs
[2024-09-28T08:06:14.136+0000] {logging_mixin.py:190} INFO - [2024-09-28T08:06:14.136+0000] {dag.py:4180} INFO - Setting next_dagrun for example_trigger_target_dag to None, run_after=None
[2024-09-28T08:06:14.144+0000] {processor.py:208} INFO - Processing /home/airflow/.local/lib/python3.12/site-packages/airflow/example_dags/example_trigger_target_dag.py took 0.036 seconds
[2024-09-28T08:06:45.277+0000] {processor.py:186} INFO - Started process (PID=11173) to work on /home/airflow/.local/lib/python3.12/site-packages/airflow/example_dags/example_trigger_target_dag.py
[2024-09-28T08:06:45.278+0000] {processor.py:914} INFO - Processing file /home/airflow/.local/lib/python3.12/site-packages/airflow/example_dags/example_trigger_target_dag.py for tasks to queue
[2024-09-28T08:06:45.283+0000] {logging_mixin.py:190} INFO - [2024-09-28T08:06:45.282+0000] {dagbag.py:588} INFO - Filling up the DagBag from /home/airflow/.local/lib/python3.12/site-packages/airflow/example_dags/example_trigger_target_dag.py
[2024-09-28T08:06:45.291+0000] {processor.py:925} INFO - DAG(s) 'example_trigger_target_dag' retrieved from /home/airflow/.local/lib/python3.12/site-packages/airflow/example_dags/example_trigger_target_dag.py
[2024-09-28T08:06:45.312+0000] {logging_mixin.py:190} INFO - [2024-09-28T08:06:45.312+0000] {dag.py:3239} INFO - Sync 1 DAGs
[2024-09-28T08:06:45.330+0000] {logging_mixin.py:190} INFO - [2024-09-28T08:06:45.329+0000] {dag.py:4180} INFO - Setting next_dagrun for example_trigger_target_dag to None, run_after=None
[2024-09-28T08:06:45.345+0000] {processor.py:208} INFO - Processing /home/airflow/.local/lib/python3.12/site-packages/airflow/example_dags/example_trigger_target_dag.py took 0.072 seconds
[2024-09-28T08:07:16.106+0000] {processor.py:186} INFO - Started process (PID=11459) to work on /home/airflow/.local/lib/python3.12/site-packages/airflow/example_dags/example_trigger_target_dag.py
[2024-09-28T08:07:16.107+0000] {processor.py:914} INFO - Processing file /home/airflow/.local/lib/python3.12/site-packages/airflow/example_dags/example_trigger_target_dag.py for tasks to queue
[2024-09-28T08:07:16.108+0000] {logging_mixin.py:190} INFO - [2024-09-28T08:07:16.108+0000] {dagbag.py:588} INFO - Filling up the DagBag from /home/airflow/.local/lib/python3.12/site-packages/airflow/example_dags/example_trigger_target_dag.py
[2024-09-28T08:07:16.112+0000] {processor.py:925} INFO - DAG(s) 'example_trigger_target_dag' retrieved from /home/airflow/.local/lib/python3.12/site-packages/airflow/example_dags/example_trigger_target_dag.py
[2024-09-28T08:07:16.121+0000] {logging_mixin.py:190} INFO - [2024-09-28T08:07:16.121+0000] {dag.py:3239} INFO - Sync 1 DAGs
[2024-09-28T08:07:16.128+0000] {logging_mixin.py:190} INFO - [2024-09-28T08:07:16.128+0000] {dag.py:4180} INFO - Setting next_dagrun for example_trigger_target_dag to None, run_after=None
[2024-09-28T08:07:16.136+0000] {processor.py:208} INFO - Processing /home/airflow/.local/lib/python3.12/site-packages/airflow/example_dags/example_trigger_target_dag.py took 0.033 seconds
[2024-09-28T08:07:46.707+0000] {processor.py:186} INFO - Started process (PID=11743) to work on /home/airflow/.local/lib/python3.12/site-packages/airflow/example_dags/example_trigger_target_dag.py
[2024-09-28T08:07:46.708+0000] {processor.py:914} INFO - Processing file /home/airflow/.local/lib/python3.12/site-packages/airflow/example_dags/example_trigger_target_dag.py for tasks to queue
[2024-09-28T08:07:46.709+0000] {logging_mixin.py:190} INFO - [2024-09-28T08:07:46.709+0000] {dagbag.py:588} INFO - Filling up the DagBag from /home/airflow/.local/lib/python3.12/site-packages/airflow/example_dags/example_trigger_target_dag.py
[2024-09-28T08:07:46.713+0000] {processor.py:925} INFO - DAG(s) 'example_trigger_target_dag' retrieved from /home/airflow/.local/lib/python3.12/site-packages/airflow/example_dags/example_trigger_target_dag.py
[2024-09-28T08:07:46.724+0000] {logging_mixin.py:190} INFO - [2024-09-28T08:07:46.724+0000] {dag.py:3239} INFO - Sync 1 DAGs
[2024-09-28T08:07:46.731+0000] {logging_mixin.py:190} INFO - [2024-09-28T08:07:46.731+0000] {dag.py:4180} INFO - Setting next_dagrun for example_trigger_target_dag to None, run_after=None
[2024-09-28T08:07:46.739+0000] {processor.py:208} INFO - Processing /home/airflow/.local/lib/python3.12/site-packages/airflow/example_dags/example_trigger_target_dag.py took 0.035 seconds
