[2024-09-28T07:47:27.354+0000] {processor.py:186} INFO - Started process (PID=269) to work on /home/airflow/.local/lib/python3.12/site-packages/airflow/example_dags/example_xcomargs.py
[2024-09-28T07:47:27.355+0000] {processor.py:914} INFO - Processing file /home/airflow/.local/lib/python3.12/site-packages/airflow/example_dags/example_xcomargs.py for tasks to queue
[2024-09-28T07:47:27.358+0000] {logging_mixin.py:190} INFO - [2024-09-28T07:47:27.358+0000] {dagbag.py:588} INFO - Filling up the DagBag from /home/airflow/.local/lib/python3.12/site-packages/airflow/example_dags/example_xcomargs.py
[2024-09-28T07:47:27.367+0000] {processor.py:925} INFO - DAG(s) 'example_xcom_args_with_operators', 'example_xcom_args' retrieved from /home/airflow/.local/lib/python3.12/site-packages/airflow/example_dags/example_xcomargs.py
[2024-09-28T07:47:27.432+0000] {logging_mixin.py:190} INFO - [2024-09-28T07:47:27.431+0000] {override.py:1900} INFO - Created Permission View: can delete on DAG:example_xcom_args_with_operators
[2024-09-28T07:47:27.438+0000] {logging_mixin.py:190} INFO - [2024-09-28T07:47:27.438+0000] {override.py:1900} INFO - Created Permission View: can edit on DAG:example_xcom_args_with_operators
[2024-09-28T07:47:27.441+0000] {logging_mixin.py:190} INFO - [2024-09-28T07:47:27.441+0000] {override.py:1900} INFO - Created Permission View: can read on DAG:example_xcom_args_with_operators
[2024-09-28T07:47:27.443+0000] {logging_mixin.py:190} INFO - [2024-09-28T07:47:27.443+0000] {override.py:1900} INFO - Created Permission View: menu access on DAG Run:example_xcom_args_with_operators
[2024-09-28T07:47:27.446+0000] {logging_mixin.py:190} INFO - [2024-09-28T07:47:27.446+0000] {override.py:1900} INFO - Created Permission View: can delete on DAG Run:example_xcom_args_with_operators
[2024-09-28T07:47:27.448+0000] {logging_mixin.py:190} INFO - [2024-09-28T07:47:27.448+0000] {override.py:1900} INFO - Created Permission View: can create on DAG Run:example_xcom_args_with_operators
[2024-09-28T07:47:27.451+0000] {logging_mixin.py:190} INFO - [2024-09-28T07:47:27.451+0000] {override.py:1900} INFO - Created Permission View: can read on DAG Run:example_xcom_args_with_operators
[2024-09-28T07:47:27.456+0000] {logging_mixin.py:190} INFO - [2024-09-28T07:47:27.456+0000] {override.py:1900} INFO - Created Permission View: can delete on DAG:example_xcom_args
[2024-09-28T07:47:27.458+0000] {logging_mixin.py:190} INFO - [2024-09-28T07:47:27.458+0000] {override.py:1900} INFO - Created Permission View: can edit on DAG:example_xcom_args
[2024-09-28T07:47:27.461+0000] {logging_mixin.py:190} INFO - [2024-09-28T07:47:27.461+0000] {override.py:1900} INFO - Created Permission View: can read on DAG:example_xcom_args
[2024-09-28T07:47:27.463+0000] {logging_mixin.py:190} INFO - [2024-09-28T07:47:27.463+0000] {override.py:1900} INFO - Created Permission View: menu access on DAG Run:example_xcom_args
[2024-09-28T07:47:27.465+0000] {logging_mixin.py:190} INFO - [2024-09-28T07:47:27.465+0000] {override.py:1900} INFO - Created Permission View: can delete on DAG Run:example_xcom_args
[2024-09-28T07:47:27.470+0000] {logging_mixin.py:190} INFO - [2024-09-28T07:47:27.470+0000] {override.py:1900} INFO - Created Permission View: can create on DAG Run:example_xcom_args
[2024-09-28T07:47:27.475+0000] {logging_mixin.py:190} INFO - [2024-09-28T07:47:27.475+0000] {override.py:1900} INFO - Created Permission View: can read on DAG Run:example_xcom_args
[2024-09-28T07:47:27.476+0000] {logging_mixin.py:190} INFO - [2024-09-28T07:47:27.475+0000] {dag.py:3239} INFO - Sync 2 DAGs
[2024-09-28T07:47:27.485+0000] {logging_mixin.py:190} INFO - [2024-09-28T07:47:27.485+0000] {dag.py:3262} INFO - Creating ORM DAG for example_xcom_args
[2024-09-28T07:47:27.486+0000] {logging_mixin.py:190} INFO - [2024-09-28T07:47:27.486+0000] {dag.py:3262} INFO - Creating ORM DAG for example_xcom_args_with_operators
[2024-09-28T07:47:27.486+0000] {logging_mixin.py:190} INFO - [2024-09-28T07:47:27.486+0000] {dag.py:4180} INFO - Setting next_dagrun for example_xcom_args to None, run_after=None
[2024-09-28T07:47:27.486+0000] {logging_mixin.py:190} INFO - [2024-09-28T07:47:27.486+0000] {dag.py:4180} INFO - Setting next_dagrun for example_xcom_args_with_operators to None, run_after=None
[2024-09-28T07:47:27.496+0000] {processor.py:208} INFO - Processing /home/airflow/.local/lib/python3.12/site-packages/airflow/example_dags/example_xcomargs.py took 0.146 seconds
[2024-09-28T07:47:58.430+0000] {processor.py:186} INFO - Started process (PID=554) to work on /home/airflow/.local/lib/python3.12/site-packages/airflow/example_dags/example_xcomargs.py
[2024-09-28T07:47:58.431+0000] {processor.py:914} INFO - Processing file /home/airflow/.local/lib/python3.12/site-packages/airflow/example_dags/example_xcomargs.py for tasks to queue
[2024-09-28T07:47:58.434+0000] {logging_mixin.py:190} INFO - [2024-09-28T07:47:58.434+0000] {dagbag.py:588} INFO - Filling up the DagBag from /home/airflow/.local/lib/python3.12/site-packages/airflow/example_dags/example_xcomargs.py
[2024-09-28T07:47:58.441+0000] {processor.py:925} INFO - DAG(s) 'example_xcom_args', 'example_xcom_args_with_operators' retrieved from /home/airflow/.local/lib/python3.12/site-packages/airflow/example_dags/example_xcomargs.py
[2024-09-28T07:47:58.465+0000] {logging_mixin.py:190} INFO - [2024-09-28T07:47:58.465+0000] {dag.py:3239} INFO - Sync 2 DAGs
[2024-09-28T07:47:58.474+0000] {logging_mixin.py:190} INFO - [2024-09-28T07:47:58.474+0000] {dag.py:4180} INFO - Setting next_dagrun for example_xcom_args to None, run_after=None
[2024-09-28T07:47:58.479+0000] {logging_mixin.py:190} INFO - [2024-09-28T07:47:58.479+0000] {dag.py:4180} INFO - Setting next_dagrun for example_xcom_args_with_operators to None, run_after=None
[2024-09-28T07:47:58.489+0000] {processor.py:208} INFO - Processing /home/airflow/.local/lib/python3.12/site-packages/airflow/example_dags/example_xcomargs.py took 0.062 seconds
[2024-09-28T07:48:28.859+0000] {processor.py:186} INFO - Started process (PID=840) to work on /home/airflow/.local/lib/python3.12/site-packages/airflow/example_dags/example_xcomargs.py
[2024-09-28T07:48:28.860+0000] {processor.py:914} INFO - Processing file /home/airflow/.local/lib/python3.12/site-packages/airflow/example_dags/example_xcomargs.py for tasks to queue
[2024-09-28T07:48:28.863+0000] {logging_mixin.py:190} INFO - [2024-09-28T07:48:28.863+0000] {dagbag.py:588} INFO - Filling up the DagBag from /home/airflow/.local/lib/python3.12/site-packages/airflow/example_dags/example_xcomargs.py
[2024-09-28T07:48:28.870+0000] {processor.py:925} INFO - DAG(s) 'example_xcom_args_with_operators', 'example_xcom_args' retrieved from /home/airflow/.local/lib/python3.12/site-packages/airflow/example_dags/example_xcomargs.py
[2024-09-28T07:48:28.884+0000] {logging_mixin.py:190} INFO - [2024-09-28T07:48:28.884+0000] {dag.py:3239} INFO - Sync 2 DAGs
[2024-09-28T07:48:28.892+0000] {logging_mixin.py:190} INFO - [2024-09-28T07:48:28.892+0000] {dag.py:4180} INFO - Setting next_dagrun for example_xcom_args to None, run_after=None
[2024-09-28T07:48:28.897+0000] {logging_mixin.py:190} INFO - [2024-09-28T07:48:28.897+0000] {dag.py:4180} INFO - Setting next_dagrun for example_xcom_args_with_operators to None, run_after=None
[2024-09-28T07:48:28.908+0000] {processor.py:208} INFO - Processing /home/airflow/.local/lib/python3.12/site-packages/airflow/example_dags/example_xcomargs.py took 0.052 seconds
[2024-09-28T07:48:59.161+0000] {processor.py:186} INFO - Started process (PID=1125) to work on /home/airflow/.local/lib/python3.12/site-packages/airflow/example_dags/example_xcomargs.py
[2024-09-28T07:48:59.162+0000] {processor.py:914} INFO - Processing file /home/airflow/.local/lib/python3.12/site-packages/airflow/example_dags/example_xcomargs.py for tasks to queue
[2024-09-28T07:48:59.165+0000] {logging_mixin.py:190} INFO - [2024-09-28T07:48:59.165+0000] {dagbag.py:588} INFO - Filling up the DagBag from /home/airflow/.local/lib/python3.12/site-packages/airflow/example_dags/example_xcomargs.py
[2024-09-28T07:48:59.171+0000] {processor.py:925} INFO - DAG(s) 'example_xcom_args_with_operators', 'example_xcom_args' retrieved from /home/airflow/.local/lib/python3.12/site-packages/airflow/example_dags/example_xcomargs.py
[2024-09-28T07:48:59.183+0000] {logging_mixin.py:190} INFO - [2024-09-28T07:48:59.183+0000] {dag.py:3239} INFO - Sync 2 DAGs
[2024-09-28T07:48:59.191+0000] {logging_mixin.py:190} INFO - [2024-09-28T07:48:59.190+0000] {dag.py:4180} INFO - Setting next_dagrun for example_xcom_args to None, run_after=None
[2024-09-28T07:48:59.192+0000] {logging_mixin.py:190} INFO - [2024-09-28T07:48:59.192+0000] {dag.py:4180} INFO - Setting next_dagrun for example_xcom_args_with_operators to None, run_after=None
[2024-09-28T07:48:59.199+0000] {processor.py:208} INFO - Processing /home/airflow/.local/lib/python3.12/site-packages/airflow/example_dags/example_xcomargs.py took 0.043 seconds
[2024-09-28T07:49:29.311+0000] {processor.py:186} INFO - Started process (PID=1434) to work on /home/airflow/.local/lib/python3.12/site-packages/airflow/example_dags/example_xcomargs.py
[2024-09-28T07:49:29.312+0000] {processor.py:914} INFO - Processing file /home/airflow/.local/lib/python3.12/site-packages/airflow/example_dags/example_xcomargs.py for tasks to queue
[2024-09-28T07:49:29.313+0000] {logging_mixin.py:190} INFO - [2024-09-28T07:49:29.313+0000] {dagbag.py:588} INFO - Filling up the DagBag from /home/airflow/.local/lib/python3.12/site-packages/airflow/example_dags/example_xcomargs.py
[2024-09-28T07:49:29.318+0000] {processor.py:925} INFO - DAG(s) 'example_xcom_args_with_operators', 'example_xcom_args' retrieved from /home/airflow/.local/lib/python3.12/site-packages/airflow/example_dags/example_xcomargs.py
[2024-09-28T07:49:29.329+0000] {logging_mixin.py:190} INFO - [2024-09-28T07:49:29.329+0000] {dag.py:3239} INFO - Sync 2 DAGs
[2024-09-28T07:49:29.336+0000] {logging_mixin.py:190} INFO - [2024-09-28T07:49:29.336+0000] {dag.py:4180} INFO - Setting next_dagrun for example_xcom_args to None, run_after=None
[2024-09-28T07:49:29.338+0000] {logging_mixin.py:190} INFO - [2024-09-28T07:49:29.338+0000] {dag.py:4180} INFO - Setting next_dagrun for example_xcom_args_with_operators to None, run_after=None
[2024-09-28T07:49:29.345+0000] {processor.py:208} INFO - Processing /home/airflow/.local/lib/python3.12/site-packages/airflow/example_dags/example_xcomargs.py took 0.037 seconds
[2024-09-28T07:49:59.367+0000] {processor.py:186} INFO - Started process (PID=1715) to work on /home/airflow/.local/lib/python3.12/site-packages/airflow/example_dags/example_xcomargs.py
[2024-09-28T07:49:59.368+0000] {processor.py:914} INFO - Processing file /home/airflow/.local/lib/python3.12/site-packages/airflow/example_dags/example_xcomargs.py for tasks to queue
[2024-09-28T07:49:59.370+0000] {logging_mixin.py:190} INFO - [2024-09-28T07:49:59.369+0000] {dagbag.py:588} INFO - Filling up the DagBag from /home/airflow/.local/lib/python3.12/site-packages/airflow/example_dags/example_xcomargs.py
[2024-09-28T07:49:59.375+0000] {processor.py:925} INFO - DAG(s) 'example_xcom_args', 'example_xcom_args_with_operators' retrieved from /home/airflow/.local/lib/python3.12/site-packages/airflow/example_dags/example_xcomargs.py
[2024-09-28T07:49:59.389+0000] {logging_mixin.py:190} INFO - [2024-09-28T07:49:59.388+0000] {dag.py:3239} INFO - Sync 2 DAGs
[2024-09-28T07:49:59.396+0000] {logging_mixin.py:190} INFO - [2024-09-28T07:49:59.396+0000] {dag.py:4180} INFO - Setting next_dagrun for example_xcom_args to None, run_after=None
[2024-09-28T07:49:59.399+0000] {logging_mixin.py:190} INFO - [2024-09-28T07:49:59.398+0000] {dag.py:4180} INFO - Setting next_dagrun for example_xcom_args_with_operators to None, run_after=None
[2024-09-28T07:49:59.407+0000] {processor.py:208} INFO - Processing /home/airflow/.local/lib/python3.12/site-packages/airflow/example_dags/example_xcomargs.py took 0.043 seconds
[2024-09-28T07:50:29.680+0000] {processor.py:186} INFO - Started process (PID=2001) to work on /home/airflow/.local/lib/python3.12/site-packages/airflow/example_dags/example_xcomargs.py
[2024-09-28T07:50:29.682+0000] {processor.py:914} INFO - Processing file /home/airflow/.local/lib/python3.12/site-packages/airflow/example_dags/example_xcomargs.py for tasks to queue
[2024-09-28T07:50:29.683+0000] {logging_mixin.py:190} INFO - [2024-09-28T07:50:29.683+0000] {dagbag.py:588} INFO - Filling up the DagBag from /home/airflow/.local/lib/python3.12/site-packages/airflow/example_dags/example_xcomargs.py
[2024-09-28T07:50:29.690+0000] {processor.py:925} INFO - DAG(s) 'example_xcom_args_with_operators', 'example_xcom_args' retrieved from /home/airflow/.local/lib/python3.12/site-packages/airflow/example_dags/example_xcomargs.py
[2024-09-28T07:50:29.705+0000] {logging_mixin.py:190} INFO - [2024-09-28T07:50:29.705+0000] {dag.py:3239} INFO - Sync 2 DAGs
[2024-09-28T07:50:29.714+0000] {logging_mixin.py:190} INFO - [2024-09-28T07:50:29.714+0000] {dag.py:4180} INFO - Setting next_dagrun for example_xcom_args to None, run_after=None
[2024-09-28T07:50:29.717+0000] {logging_mixin.py:190} INFO - [2024-09-28T07:50:29.716+0000] {dag.py:4180} INFO - Setting next_dagrun for example_xcom_args_with_operators to None, run_after=None
[2024-09-28T07:50:29.725+0000] {processor.py:208} INFO - Processing /home/airflow/.local/lib/python3.12/site-packages/airflow/example_dags/example_xcomargs.py took 0.052 seconds
[2024-09-28T07:51:00.108+0000] {processor.py:186} INFO - Started process (PID=2297) to work on /home/airflow/.local/lib/python3.12/site-packages/airflow/example_dags/example_xcomargs.py
[2024-09-28T07:51:00.109+0000] {processor.py:914} INFO - Processing file /home/airflow/.local/lib/python3.12/site-packages/airflow/example_dags/example_xcomargs.py for tasks to queue
[2024-09-28T07:51:00.111+0000] {logging_mixin.py:190} INFO - [2024-09-28T07:51:00.110+0000] {dagbag.py:588} INFO - Filling up the DagBag from /home/airflow/.local/lib/python3.12/site-packages/airflow/example_dags/example_xcomargs.py
[2024-09-28T07:51:00.116+0000] {processor.py:925} INFO - DAG(s) 'example_xcom_args', 'example_xcom_args_with_operators' retrieved from /home/airflow/.local/lib/python3.12/site-packages/airflow/example_dags/example_xcomargs.py
[2024-09-28T07:51:00.130+0000] {logging_mixin.py:190} INFO - [2024-09-28T07:51:00.130+0000] {dag.py:3239} INFO - Sync 2 DAGs
[2024-09-28T07:51:00.138+0000] {logging_mixin.py:190} INFO - [2024-09-28T07:51:00.137+0000] {dag.py:4180} INFO - Setting next_dagrun for example_xcom_args to None, run_after=None
[2024-09-28T07:51:00.140+0000] {logging_mixin.py:190} INFO - [2024-09-28T07:51:00.140+0000] {dag.py:4180} INFO - Setting next_dagrun for example_xcom_args_with_operators to None, run_after=None
[2024-09-28T07:51:00.149+0000] {processor.py:208} INFO - Processing /home/airflow/.local/lib/python3.12/site-packages/airflow/example_dags/example_xcomargs.py took 0.044 seconds
[2024-09-28T07:51:30.327+0000] {processor.py:186} INFO - Started process (PID=2582) to work on /home/airflow/.local/lib/python3.12/site-packages/airflow/example_dags/example_xcomargs.py
[2024-09-28T07:51:30.327+0000] {processor.py:914} INFO - Processing file /home/airflow/.local/lib/python3.12/site-packages/airflow/example_dags/example_xcomargs.py for tasks to queue
[2024-09-28T07:51:30.329+0000] {logging_mixin.py:190} INFO - [2024-09-28T07:51:30.328+0000] {dagbag.py:588} INFO - Filling up the DagBag from /home/airflow/.local/lib/python3.12/site-packages/airflow/example_dags/example_xcomargs.py
[2024-09-28T07:51:30.334+0000] {processor.py:925} INFO - DAG(s) 'example_xcom_args_with_operators', 'example_xcom_args' retrieved from /home/airflow/.local/lib/python3.12/site-packages/airflow/example_dags/example_xcomargs.py
[2024-09-28T07:51:30.345+0000] {logging_mixin.py:190} INFO - [2024-09-28T07:51:30.345+0000] {dag.py:3239} INFO - Sync 2 DAGs
[2024-09-28T07:51:30.352+0000] {logging_mixin.py:190} INFO - [2024-09-28T07:51:30.352+0000] {dag.py:4180} INFO - Setting next_dagrun for example_xcom_args to None, run_after=None
[2024-09-28T07:51:30.354+0000] {logging_mixin.py:190} INFO - [2024-09-28T07:51:30.354+0000] {dag.py:4180} INFO - Setting next_dagrun for example_xcom_args_with_operators to None, run_after=None
[2024-09-28T07:51:30.361+0000] {processor.py:208} INFO - Processing /home/airflow/.local/lib/python3.12/site-packages/airflow/example_dags/example_xcomargs.py took 0.037 seconds
[2024-09-28T07:52:00.431+0000] {processor.py:186} INFO - Started process (PID=2863) to work on /home/airflow/.local/lib/python3.12/site-packages/airflow/example_dags/example_xcomargs.py
[2024-09-28T07:52:00.431+0000] {processor.py:914} INFO - Processing file /home/airflow/.local/lib/python3.12/site-packages/airflow/example_dags/example_xcomargs.py for tasks to queue
[2024-09-28T07:52:00.433+0000] {logging_mixin.py:190} INFO - [2024-09-28T07:52:00.432+0000] {dagbag.py:588} INFO - Filling up the DagBag from /home/airflow/.local/lib/python3.12/site-packages/airflow/example_dags/example_xcomargs.py
[2024-09-28T07:52:00.438+0000] {processor.py:925} INFO - DAG(s) 'example_xcom_args', 'example_xcom_args_with_operators' retrieved from /home/airflow/.local/lib/python3.12/site-packages/airflow/example_dags/example_xcomargs.py
[2024-09-28T07:52:00.450+0000] {logging_mixin.py:190} INFO - [2024-09-28T07:52:00.450+0000] {dag.py:3239} INFO - Sync 2 DAGs
[2024-09-28T07:52:00.458+0000] {logging_mixin.py:190} INFO - [2024-09-28T07:52:00.457+0000] {dag.py:4180} INFO - Setting next_dagrun for example_xcom_args to None, run_after=None
[2024-09-28T07:52:00.459+0000] {logging_mixin.py:190} INFO - [2024-09-28T07:52:00.459+0000] {dag.py:4180} INFO - Setting next_dagrun for example_xcom_args_with_operators to None, run_after=None
[2024-09-28T07:52:00.467+0000] {processor.py:208} INFO - Processing /home/airflow/.local/lib/python3.12/site-packages/airflow/example_dags/example_xcomargs.py took 0.039 seconds
[2024-09-28T07:52:31.711+0000] {processor.py:186} INFO - Started process (PID=3154) to work on /home/airflow/.local/lib/python3.12/site-packages/airflow/example_dags/example_xcomargs.py
[2024-09-28T07:52:31.712+0000] {processor.py:914} INFO - Processing file /home/airflow/.local/lib/python3.12/site-packages/airflow/example_dags/example_xcomargs.py for tasks to queue
[2024-09-28T07:52:31.713+0000] {logging_mixin.py:190} INFO - [2024-09-28T07:52:31.713+0000] {dagbag.py:588} INFO - Filling up the DagBag from /home/airflow/.local/lib/python3.12/site-packages/airflow/example_dags/example_xcomargs.py
[2024-09-28T07:52:31.718+0000] {processor.py:925} INFO - DAG(s) 'example_xcom_args', 'example_xcom_args_with_operators' retrieved from /home/airflow/.local/lib/python3.12/site-packages/airflow/example_dags/example_xcomargs.py
[2024-09-28T07:52:31.729+0000] {logging_mixin.py:190} INFO - [2024-09-28T07:52:31.729+0000] {dag.py:3239} INFO - Sync 2 DAGs
[2024-09-28T07:52:31.736+0000] {logging_mixin.py:190} INFO - [2024-09-28T07:52:31.736+0000] {dag.py:4180} INFO - Setting next_dagrun for example_xcom_args to None, run_after=None
[2024-09-28T07:52:31.738+0000] {logging_mixin.py:190} INFO - [2024-09-28T07:52:31.738+0000] {dag.py:4180} INFO - Setting next_dagrun for example_xcom_args_with_operators to None, run_after=None
[2024-09-28T07:52:31.745+0000] {processor.py:208} INFO - Processing /home/airflow/.local/lib/python3.12/site-packages/airflow/example_dags/example_xcomargs.py took 0.037 seconds
[2024-09-28T07:53:01.926+0000] {processor.py:186} INFO - Started process (PID=3435) to work on /home/airflow/.local/lib/python3.12/site-packages/airflow/example_dags/example_xcomargs.py
[2024-09-28T07:53:01.926+0000] {processor.py:914} INFO - Processing file /home/airflow/.local/lib/python3.12/site-packages/airflow/example_dags/example_xcomargs.py for tasks to queue
[2024-09-28T07:53:01.927+0000] {logging_mixin.py:190} INFO - [2024-09-28T07:53:01.927+0000] {dagbag.py:588} INFO - Filling up the DagBag from /home/airflow/.local/lib/python3.12/site-packages/airflow/example_dags/example_xcomargs.py
[2024-09-28T07:53:01.932+0000] {processor.py:925} INFO - DAG(s) 'example_xcom_args_with_operators', 'example_xcom_args' retrieved from /home/airflow/.local/lib/python3.12/site-packages/airflow/example_dags/example_xcomargs.py
[2024-09-28T07:53:01.947+0000] {logging_mixin.py:190} INFO - [2024-09-28T07:53:01.947+0000] {dag.py:3239} INFO - Sync 2 DAGs
[2024-09-28T07:53:01.955+0000] {logging_mixin.py:190} INFO - [2024-09-28T07:53:01.955+0000] {dag.py:4180} INFO - Setting next_dagrun for example_xcom_args to None, run_after=None
[2024-09-28T07:53:01.959+0000] {logging_mixin.py:190} INFO - [2024-09-28T07:53:01.959+0000] {dag.py:4180} INFO - Setting next_dagrun for example_xcom_args_with_operators to None, run_after=None
[2024-09-28T07:53:01.970+0000] {processor.py:208} INFO - Processing /home/airflow/.local/lib/python3.12/site-packages/airflow/example_dags/example_xcomargs.py took 0.048 seconds
[2024-09-28T07:53:32.325+0000] {processor.py:186} INFO - Started process (PID=3726) to work on /home/airflow/.local/lib/python3.12/site-packages/airflow/example_dags/example_xcomargs.py
[2024-09-28T07:53:32.326+0000] {processor.py:914} INFO - Processing file /home/airflow/.local/lib/python3.12/site-packages/airflow/example_dags/example_xcomargs.py for tasks to queue
[2024-09-28T07:53:32.327+0000] {logging_mixin.py:190} INFO - [2024-09-28T07:53:32.327+0000] {dagbag.py:588} INFO - Filling up the DagBag from /home/airflow/.local/lib/python3.12/site-packages/airflow/example_dags/example_xcomargs.py
[2024-09-28T07:53:32.333+0000] {processor.py:925} INFO - DAG(s) 'example_xcom_args', 'example_xcom_args_with_operators' retrieved from /home/airflow/.local/lib/python3.12/site-packages/airflow/example_dags/example_xcomargs.py
[2024-09-28T07:53:32.347+0000] {logging_mixin.py:190} INFO - [2024-09-28T07:53:32.346+0000] {dag.py:3239} INFO - Sync 2 DAGs
[2024-09-28T07:53:32.358+0000] {logging_mixin.py:190} INFO - [2024-09-28T07:53:32.357+0000] {dag.py:4180} INFO - Setting next_dagrun for example_xcom_args to None, run_after=None
[2024-09-28T07:53:32.360+0000] {logging_mixin.py:190} INFO - [2024-09-28T07:53:32.360+0000] {dag.py:4180} INFO - Setting next_dagrun for example_xcom_args_with_operators to None, run_after=None
[2024-09-28T07:53:32.368+0000] {processor.py:208} INFO - Processing /home/airflow/.local/lib/python3.12/site-packages/airflow/example_dags/example_xcomargs.py took 0.048 seconds
[2024-09-28T07:54:02.493+0000] {processor.py:186} INFO - Started process (PID=4007) to work on /home/airflow/.local/lib/python3.12/site-packages/airflow/example_dags/example_xcomargs.py
[2024-09-28T07:54:02.495+0000] {processor.py:914} INFO - Processing file /home/airflow/.local/lib/python3.12/site-packages/airflow/example_dags/example_xcomargs.py for tasks to queue
[2024-09-28T07:54:02.497+0000] {logging_mixin.py:190} INFO - [2024-09-28T07:54:02.496+0000] {dagbag.py:588} INFO - Filling up the DagBag from /home/airflow/.local/lib/python3.12/site-packages/airflow/example_dags/example_xcomargs.py
[2024-09-28T07:54:02.506+0000] {processor.py:925} INFO - DAG(s) 'example_xcom_args', 'example_xcom_args_with_operators' retrieved from /home/airflow/.local/lib/python3.12/site-packages/airflow/example_dags/example_xcomargs.py
[2024-09-28T07:54:02.525+0000] {logging_mixin.py:190} INFO - [2024-09-28T07:54:02.524+0000] {dag.py:3239} INFO - Sync 2 DAGs
[2024-09-28T07:54:02.533+0000] {logging_mixin.py:190} INFO - [2024-09-28T07:54:02.533+0000] {dag.py:4180} INFO - Setting next_dagrun for example_xcom_args to None, run_after=None
[2024-09-28T07:54:02.537+0000] {logging_mixin.py:190} INFO - [2024-09-28T07:54:02.537+0000] {dag.py:4180} INFO - Setting next_dagrun for example_xcom_args_with_operators to None, run_after=None
[2024-09-28T07:54:02.545+0000] {processor.py:208} INFO - Processing /home/airflow/.local/lib/python3.12/site-packages/airflow/example_dags/example_xcomargs.py took 0.056 seconds
[2024-09-28T07:54:32.766+0000] {processor.py:186} INFO - Started process (PID=4293) to work on /home/airflow/.local/lib/python3.12/site-packages/airflow/example_dags/example_xcomargs.py
[2024-09-28T07:54:32.768+0000] {processor.py:914} INFO - Processing file /home/airflow/.local/lib/python3.12/site-packages/airflow/example_dags/example_xcomargs.py for tasks to queue
[2024-09-28T07:54:32.770+0000] {logging_mixin.py:190} INFO - [2024-09-28T07:54:32.770+0000] {dagbag.py:588} INFO - Filling up the DagBag from /home/airflow/.local/lib/python3.12/site-packages/airflow/example_dags/example_xcomargs.py
[2024-09-28T07:54:32.776+0000] {processor.py:925} INFO - DAG(s) 'example_xcom_args', 'example_xcom_args_with_operators' retrieved from /home/airflow/.local/lib/python3.12/site-packages/airflow/example_dags/example_xcomargs.py
[2024-09-28T07:54:32.790+0000] {logging_mixin.py:190} INFO - [2024-09-28T07:54:32.790+0000] {dag.py:3239} INFO - Sync 2 DAGs
[2024-09-28T07:54:32.798+0000] {logging_mixin.py:190} INFO - [2024-09-28T07:54:32.798+0000] {dag.py:4180} INFO - Setting next_dagrun for example_xcom_args to None, run_after=None
[2024-09-28T07:54:32.801+0000] {logging_mixin.py:190} INFO - [2024-09-28T07:54:32.801+0000] {dag.py:4180} INFO - Setting next_dagrun for example_xcom_args_with_operators to None, run_after=None
[2024-09-28T07:54:32.814+0000] {processor.py:208} INFO - Processing /home/airflow/.local/lib/python3.12/site-packages/airflow/example_dags/example_xcomargs.py took 0.052 seconds
[2024-09-28T07:55:03.343+0000] {processor.py:186} INFO - Started process (PID=4584) to work on /home/airflow/.local/lib/python3.12/site-packages/airflow/example_dags/example_xcomargs.py
[2024-09-28T07:55:03.344+0000] {processor.py:914} INFO - Processing file /home/airflow/.local/lib/python3.12/site-packages/airflow/example_dags/example_xcomargs.py for tasks to queue
[2024-09-28T07:55:03.346+0000] {logging_mixin.py:190} INFO - [2024-09-28T07:55:03.345+0000] {dagbag.py:588} INFO - Filling up the DagBag from /home/airflow/.local/lib/python3.12/site-packages/airflow/example_dags/example_xcomargs.py
[2024-09-28T07:55:03.351+0000] {processor.py:925} INFO - DAG(s) 'example_xcom_args', 'example_xcom_args_with_operators' retrieved from /home/airflow/.local/lib/python3.12/site-packages/airflow/example_dags/example_xcomargs.py
[2024-09-28T07:55:03.363+0000] {logging_mixin.py:190} INFO - [2024-09-28T07:55:03.363+0000] {dag.py:3239} INFO - Sync 2 DAGs
[2024-09-28T07:55:03.371+0000] {logging_mixin.py:190} INFO - [2024-09-28T07:55:03.370+0000] {dag.py:4180} INFO - Setting next_dagrun for example_xcom_args to None, run_after=None
[2024-09-28T07:55:03.373+0000] {logging_mixin.py:190} INFO - [2024-09-28T07:55:03.372+0000] {dag.py:4180} INFO - Setting next_dagrun for example_xcom_args_with_operators to None, run_after=None
[2024-09-28T07:55:03.381+0000] {processor.py:208} INFO - Processing /home/airflow/.local/lib/python3.12/site-packages/airflow/example_dags/example_xcomargs.py took 0.041 seconds
[2024-09-28T07:55:33.716+0000] {processor.py:186} INFO - Started process (PID=4870) to work on /home/airflow/.local/lib/python3.12/site-packages/airflow/example_dags/example_xcomargs.py
[2024-09-28T07:55:33.718+0000] {processor.py:914} INFO - Processing file /home/airflow/.local/lib/python3.12/site-packages/airflow/example_dags/example_xcomargs.py for tasks to queue
[2024-09-28T07:55:33.720+0000] {logging_mixin.py:190} INFO - [2024-09-28T07:55:33.720+0000] {dagbag.py:588} INFO - Filling up the DagBag from /home/airflow/.local/lib/python3.12/site-packages/airflow/example_dags/example_xcomargs.py
[2024-09-28T07:55:33.726+0000] {processor.py:925} INFO - DAG(s) 'example_xcom_args', 'example_xcom_args_with_operators' retrieved from /home/airflow/.local/lib/python3.12/site-packages/airflow/example_dags/example_xcomargs.py
[2024-09-28T07:55:33.741+0000] {logging_mixin.py:190} INFO - [2024-09-28T07:55:33.740+0000] {dag.py:3239} INFO - Sync 2 DAGs
[2024-09-28T07:55:33.749+0000] {logging_mixin.py:190} INFO - [2024-09-28T07:55:33.749+0000] {dag.py:4180} INFO - Setting next_dagrun for example_xcom_args to None, run_after=None
[2024-09-28T07:55:33.752+0000] {logging_mixin.py:190} INFO - [2024-09-28T07:55:33.751+0000] {dag.py:4180} INFO - Setting next_dagrun for example_xcom_args_with_operators to None, run_after=None
[2024-09-28T07:55:33.760+0000] {processor.py:208} INFO - Processing /home/airflow/.local/lib/python3.12/site-packages/airflow/example_dags/example_xcomargs.py took 0.047 seconds
[2024-09-28T07:56:04.046+0000] {processor.py:186} INFO - Started process (PID=5151) to work on /home/airflow/.local/lib/python3.12/site-packages/airflow/example_dags/example_xcomargs.py
[2024-09-28T07:56:04.048+0000] {processor.py:914} INFO - Processing file /home/airflow/.local/lib/python3.12/site-packages/airflow/example_dags/example_xcomargs.py for tasks to queue
[2024-09-28T07:56:04.049+0000] {logging_mixin.py:190} INFO - [2024-09-28T07:56:04.049+0000] {dagbag.py:588} INFO - Filling up the DagBag from /home/airflow/.local/lib/python3.12/site-packages/airflow/example_dags/example_xcomargs.py
[2024-09-28T07:56:04.054+0000] {processor.py:925} INFO - DAG(s) 'example_xcom_args', 'example_xcom_args_with_operators' retrieved from /home/airflow/.local/lib/python3.12/site-packages/airflow/example_dags/example_xcomargs.py
[2024-09-28T07:56:04.076+0000] {logging_mixin.py:190} INFO - [2024-09-28T07:56:04.076+0000] {dag.py:3239} INFO - Sync 2 DAGs
[2024-09-28T07:56:04.088+0000] {logging_mixin.py:190} INFO - [2024-09-28T07:56:04.088+0000] {dag.py:4180} INFO - Setting next_dagrun for example_xcom_args to None, run_after=None
[2024-09-28T07:56:04.091+0000] {logging_mixin.py:190} INFO - [2024-09-28T07:56:04.090+0000] {dag.py:4180} INFO - Setting next_dagrun for example_xcom_args_with_operators to None, run_after=None
[2024-09-28T07:56:04.099+0000] {processor.py:208} INFO - Processing /home/airflow/.local/lib/python3.12/site-packages/airflow/example_dags/example_xcomargs.py took 0.057 seconds
[2024-09-28T07:56:34.524+0000] {processor.py:186} INFO - Started process (PID=5437) to work on /home/airflow/.local/lib/python3.12/site-packages/airflow/example_dags/example_xcomargs.py
[2024-09-28T07:56:34.525+0000] {processor.py:914} INFO - Processing file /home/airflow/.local/lib/python3.12/site-packages/airflow/example_dags/example_xcomargs.py for tasks to queue
[2024-09-28T07:56:34.526+0000] {logging_mixin.py:190} INFO - [2024-09-28T07:56:34.526+0000] {dagbag.py:588} INFO - Filling up the DagBag from /home/airflow/.local/lib/python3.12/site-packages/airflow/example_dags/example_xcomargs.py
[2024-09-28T07:56:34.532+0000] {processor.py:925} INFO - DAG(s) 'example_xcom_args', 'example_xcom_args_with_operators' retrieved from /home/airflow/.local/lib/python3.12/site-packages/airflow/example_dags/example_xcomargs.py
[2024-09-28T07:56:34.545+0000] {logging_mixin.py:190} INFO - [2024-09-28T07:56:34.545+0000] {dag.py:3239} INFO - Sync 2 DAGs
[2024-09-28T07:56:34.554+0000] {logging_mixin.py:190} INFO - [2024-09-28T07:56:34.554+0000] {dag.py:4180} INFO - Setting next_dagrun for example_xcom_args to None, run_after=None
[2024-09-28T07:56:34.558+0000] {logging_mixin.py:190} INFO - [2024-09-28T07:56:34.558+0000] {dag.py:4180} INFO - Setting next_dagrun for example_xcom_args_with_operators to None, run_after=None
[2024-09-28T07:56:34.569+0000] {processor.py:208} INFO - Processing /home/airflow/.local/lib/python3.12/site-packages/airflow/example_dags/example_xcomargs.py took 0.048 seconds
[2024-09-28T07:57:04.827+0000] {processor.py:186} INFO - Started process (PID=5723) to work on /home/airflow/.local/lib/python3.12/site-packages/airflow/example_dags/example_xcomargs.py
[2024-09-28T07:57:04.828+0000] {processor.py:914} INFO - Processing file /home/airflow/.local/lib/python3.12/site-packages/airflow/example_dags/example_xcomargs.py for tasks to queue
[2024-09-28T07:57:04.830+0000] {logging_mixin.py:190} INFO - [2024-09-28T07:57:04.829+0000] {dagbag.py:588} INFO - Filling up the DagBag from /home/airflow/.local/lib/python3.12/site-packages/airflow/example_dags/example_xcomargs.py
[2024-09-28T07:57:04.835+0000] {processor.py:925} INFO - DAG(s) 'example_xcom_args', 'example_xcom_args_with_operators' retrieved from /home/airflow/.local/lib/python3.12/site-packages/airflow/example_dags/example_xcomargs.py
[2024-09-28T07:57:04.850+0000] {logging_mixin.py:190} INFO - [2024-09-28T07:57:04.849+0000] {dag.py:3239} INFO - Sync 2 DAGs
[2024-09-28T07:57:04.857+0000] {logging_mixin.py:190} INFO - [2024-09-28T07:57:04.857+0000] {dag.py:4180} INFO - Setting next_dagrun for example_xcom_args to None, run_after=None
[2024-09-28T07:57:04.860+0000] {logging_mixin.py:190} INFO - [2024-09-28T07:57:04.860+0000] {dag.py:4180} INFO - Setting next_dagrun for example_xcom_args_with_operators to None, run_after=None
[2024-09-28T07:57:04.871+0000] {processor.py:208} INFO - Processing /home/airflow/.local/lib/python3.12/site-packages/airflow/example_dags/example_xcomargs.py took 0.047 seconds
[2024-09-28T07:57:35.184+0000] {processor.py:186} INFO - Started process (PID=6014) to work on /home/airflow/.local/lib/python3.12/site-packages/airflow/example_dags/example_xcomargs.py
[2024-09-28T07:57:35.185+0000] {processor.py:914} INFO - Processing file /home/airflow/.local/lib/python3.12/site-packages/airflow/example_dags/example_xcomargs.py for tasks to queue
[2024-09-28T07:57:35.188+0000] {logging_mixin.py:190} INFO - [2024-09-28T07:57:35.188+0000] {dagbag.py:588} INFO - Filling up the DagBag from /home/airflow/.local/lib/python3.12/site-packages/airflow/example_dags/example_xcomargs.py
[2024-09-28T07:57:35.195+0000] {processor.py:925} INFO - DAG(s) 'example_xcom_args', 'example_xcom_args_with_operators' retrieved from /home/airflow/.local/lib/python3.12/site-packages/airflow/example_dags/example_xcomargs.py
[2024-09-28T07:57:35.208+0000] {logging_mixin.py:190} INFO - [2024-09-28T07:57:35.208+0000] {dag.py:3239} INFO - Sync 2 DAGs
[2024-09-28T07:57:35.217+0000] {logging_mixin.py:190} INFO - [2024-09-28T07:57:35.217+0000] {dag.py:4180} INFO - Setting next_dagrun for example_xcom_args to None, run_after=None
[2024-09-28T07:57:35.219+0000] {logging_mixin.py:190} INFO - [2024-09-28T07:57:35.219+0000] {dag.py:4180} INFO - Setting next_dagrun for example_xcom_args_with_operators to None, run_after=None
[2024-09-28T07:57:35.228+0000] {processor.py:208} INFO - Processing /home/airflow/.local/lib/python3.12/site-packages/airflow/example_dags/example_xcomargs.py took 0.048 seconds
[2024-09-28T07:58:05.384+0000] {processor.py:186} INFO - Started process (PID=6294) to work on /home/airflow/.local/lib/python3.12/site-packages/airflow/example_dags/example_xcomargs.py
[2024-09-28T07:58:05.385+0000] {processor.py:914} INFO - Processing file /home/airflow/.local/lib/python3.12/site-packages/airflow/example_dags/example_xcomargs.py for tasks to queue
[2024-09-28T07:58:05.386+0000] {logging_mixin.py:190} INFO - [2024-09-28T07:58:05.386+0000] {dagbag.py:588} INFO - Filling up the DagBag from /home/airflow/.local/lib/python3.12/site-packages/airflow/example_dags/example_xcomargs.py
[2024-09-28T07:58:05.392+0000] {processor.py:925} INFO - DAG(s) 'example_xcom_args', 'example_xcom_args_with_operators' retrieved from /home/airflow/.local/lib/python3.12/site-packages/airflow/example_dags/example_xcomargs.py
[2024-09-28T07:58:05.404+0000] {logging_mixin.py:190} INFO - [2024-09-28T07:58:05.403+0000] {dag.py:3239} INFO - Sync 2 DAGs
[2024-09-28T07:58:05.411+0000] {logging_mixin.py:190} INFO - [2024-09-28T07:58:05.411+0000] {dag.py:4180} INFO - Setting next_dagrun for example_xcom_args to None, run_after=None
[2024-09-28T07:58:05.416+0000] {logging_mixin.py:190} INFO - [2024-09-28T07:58:05.416+0000] {dag.py:4180} INFO - Setting next_dagrun for example_xcom_args_with_operators to None, run_after=None
[2024-09-28T07:58:05.424+0000] {processor.py:208} INFO - Processing /home/airflow/.local/lib/python3.12/site-packages/airflow/example_dags/example_xcomargs.py took 0.043 seconds
[2024-09-28T07:58:35.800+0000] {processor.py:186} INFO - Started process (PID=6585) to work on /home/airflow/.local/lib/python3.12/site-packages/airflow/example_dags/example_xcomargs.py
[2024-09-28T07:58:35.801+0000] {processor.py:914} INFO - Processing file /home/airflow/.local/lib/python3.12/site-packages/airflow/example_dags/example_xcomargs.py for tasks to queue
[2024-09-28T07:58:35.802+0000] {logging_mixin.py:190} INFO - [2024-09-28T07:58:35.801+0000] {dagbag.py:588} INFO - Filling up the DagBag from /home/airflow/.local/lib/python3.12/site-packages/airflow/example_dags/example_xcomargs.py
[2024-09-28T07:58:35.807+0000] {processor.py:925} INFO - DAG(s) 'example_xcom_args_with_operators', 'example_xcom_args' retrieved from /home/airflow/.local/lib/python3.12/site-packages/airflow/example_dags/example_xcomargs.py
[2024-09-28T07:58:35.818+0000] {logging_mixin.py:190} INFO - [2024-09-28T07:58:35.818+0000] {dag.py:3239} INFO - Sync 2 DAGs
[2024-09-28T07:58:35.825+0000] {logging_mixin.py:190} INFO - [2024-09-28T07:58:35.825+0000] {dag.py:4180} INFO - Setting next_dagrun for example_xcom_args to None, run_after=None
[2024-09-28T07:58:35.827+0000] {logging_mixin.py:190} INFO - [2024-09-28T07:58:35.827+0000] {dag.py:4180} INFO - Setting next_dagrun for example_xcom_args_with_operators to None, run_after=None
[2024-09-28T07:58:35.834+0000] {processor.py:208} INFO - Processing /home/airflow/.local/lib/python3.12/site-packages/airflow/example_dags/example_xcomargs.py took 0.038 seconds
[2024-09-28T07:59:06.195+0000] {processor.py:186} INFO - Started process (PID=6871) to work on /home/airflow/.local/lib/python3.12/site-packages/airflow/example_dags/example_xcomargs.py
[2024-09-28T07:59:06.195+0000] {processor.py:914} INFO - Processing file /home/airflow/.local/lib/python3.12/site-packages/airflow/example_dags/example_xcomargs.py for tasks to queue
[2024-09-28T07:59:06.197+0000] {logging_mixin.py:190} INFO - [2024-09-28T07:59:06.197+0000] {dagbag.py:588} INFO - Filling up the DagBag from /home/airflow/.local/lib/python3.12/site-packages/airflow/example_dags/example_xcomargs.py
[2024-09-28T07:59:06.203+0000] {processor.py:925} INFO - DAG(s) 'example_xcom_args_with_operators', 'example_xcom_args' retrieved from /home/airflow/.local/lib/python3.12/site-packages/airflow/example_dags/example_xcomargs.py
[2024-09-28T07:59:06.218+0000] {logging_mixin.py:190} INFO - [2024-09-28T07:59:06.217+0000] {dag.py:3239} INFO - Sync 2 DAGs
[2024-09-28T07:59:06.226+0000] {logging_mixin.py:190} INFO - [2024-09-28T07:59:06.226+0000] {dag.py:4180} INFO - Setting next_dagrun for example_xcom_args to None, run_after=None
[2024-09-28T07:59:06.228+0000] {logging_mixin.py:190} INFO - [2024-09-28T07:59:06.228+0000] {dag.py:4180} INFO - Setting next_dagrun for example_xcom_args_with_operators to None, run_after=None
[2024-09-28T07:59:06.241+0000] {processor.py:208} INFO - Processing /home/airflow/.local/lib/python3.12/site-packages/airflow/example_dags/example_xcomargs.py took 0.050 seconds
[2024-09-28T07:59:36.705+0000] {processor.py:186} INFO - Started process (PID=7157) to work on /home/airflow/.local/lib/python3.12/site-packages/airflow/example_dags/example_xcomargs.py
[2024-09-28T07:59:36.707+0000] {processor.py:914} INFO - Processing file /home/airflow/.local/lib/python3.12/site-packages/airflow/example_dags/example_xcomargs.py for tasks to queue
[2024-09-28T07:59:36.708+0000] {logging_mixin.py:190} INFO - [2024-09-28T07:59:36.708+0000] {dagbag.py:588} INFO - Filling up the DagBag from /home/airflow/.local/lib/python3.12/site-packages/airflow/example_dags/example_xcomargs.py
[2024-09-28T07:59:36.715+0000] {processor.py:925} INFO - DAG(s) 'example_xcom_args', 'example_xcom_args_with_operators' retrieved from /home/airflow/.local/lib/python3.12/site-packages/airflow/example_dags/example_xcomargs.py
[2024-09-28T07:59:36.729+0000] {logging_mixin.py:190} INFO - [2024-09-28T07:59:36.729+0000] {dag.py:3239} INFO - Sync 2 DAGs
[2024-09-28T07:59:36.736+0000] {logging_mixin.py:190} INFO - [2024-09-28T07:59:36.736+0000] {dag.py:4180} INFO - Setting next_dagrun for example_xcom_args to None, run_after=None
[2024-09-28T07:59:36.739+0000] {logging_mixin.py:190} INFO - [2024-09-28T07:59:36.739+0000] {dag.py:4180} INFO - Setting next_dagrun for example_xcom_args_with_operators to None, run_after=None
[2024-09-28T07:59:36.750+0000] {processor.py:208} INFO - Processing /home/airflow/.local/lib/python3.12/site-packages/airflow/example_dags/example_xcomargs.py took 0.048 seconds
[2024-09-28T08:00:07.105+0000] {processor.py:186} INFO - Started process (PID=7443) to work on /home/airflow/.local/lib/python3.12/site-packages/airflow/example_dags/example_xcomargs.py
[2024-09-28T08:00:07.107+0000] {processor.py:914} INFO - Processing file /home/airflow/.local/lib/python3.12/site-packages/airflow/example_dags/example_xcomargs.py for tasks to queue
[2024-09-28T08:00:07.108+0000] {logging_mixin.py:190} INFO - [2024-09-28T08:00:07.108+0000] {dagbag.py:588} INFO - Filling up the DagBag from /home/airflow/.local/lib/python3.12/site-packages/airflow/example_dags/example_xcomargs.py
[2024-09-28T08:00:07.116+0000] {processor.py:925} INFO - DAG(s) 'example_xcom_args', 'example_xcom_args_with_operators' retrieved from /home/airflow/.local/lib/python3.12/site-packages/airflow/example_dags/example_xcomargs.py
[2024-09-28T08:00:07.131+0000] {logging_mixin.py:190} INFO - [2024-09-28T08:00:07.130+0000] {dag.py:3239} INFO - Sync 2 DAGs
[2024-09-28T08:00:07.138+0000] {logging_mixin.py:190} INFO - [2024-09-28T08:00:07.138+0000] {dag.py:4180} INFO - Setting next_dagrun for example_xcom_args to None, run_after=None
[2024-09-28T08:00:07.140+0000] {logging_mixin.py:190} INFO - [2024-09-28T08:00:07.140+0000] {dag.py:4180} INFO - Setting next_dagrun for example_xcom_args_with_operators to None, run_after=None
[2024-09-28T08:00:07.148+0000] {processor.py:208} INFO - Processing /home/airflow/.local/lib/python3.12/site-packages/airflow/example_dags/example_xcomargs.py took 0.046 seconds
[2024-09-28T08:00:37.596+0000] {processor.py:186} INFO - Started process (PID=7731) to work on /home/airflow/.local/lib/python3.12/site-packages/airflow/example_dags/example_xcomargs.py
[2024-09-28T08:00:37.597+0000] {processor.py:914} INFO - Processing file /home/airflow/.local/lib/python3.12/site-packages/airflow/example_dags/example_xcomargs.py for tasks to queue
[2024-09-28T08:00:37.598+0000] {logging_mixin.py:190} INFO - [2024-09-28T08:00:37.598+0000] {dagbag.py:588} INFO - Filling up the DagBag from /home/airflow/.local/lib/python3.12/site-packages/airflow/example_dags/example_xcomargs.py
[2024-09-28T08:00:37.603+0000] {processor.py:925} INFO - DAG(s) 'example_xcom_args', 'example_xcom_args_with_operators' retrieved from /home/airflow/.local/lib/python3.12/site-packages/airflow/example_dags/example_xcomargs.py
[2024-09-28T08:00:37.613+0000] {logging_mixin.py:190} INFO - [2024-09-28T08:00:37.613+0000] {dag.py:3239} INFO - Sync 2 DAGs
[2024-09-28T08:00:37.620+0000] {logging_mixin.py:190} INFO - [2024-09-28T08:00:37.620+0000] {dag.py:4180} INFO - Setting next_dagrun for example_xcom_args to None, run_after=None
[2024-09-28T08:00:37.621+0000] {logging_mixin.py:190} INFO - [2024-09-28T08:00:37.621+0000] {dag.py:4180} INFO - Setting next_dagrun for example_xcom_args_with_operators to None, run_after=None
[2024-09-28T08:00:37.628+0000] {processor.py:208} INFO - Processing /home/airflow/.local/lib/python3.12/site-packages/airflow/example_dags/example_xcomargs.py took 0.034 seconds
[2024-09-28T08:01:08.229+0000] {processor.py:186} INFO - Started process (PID=8015) to work on /home/airflow/.local/lib/python3.12/site-packages/airflow/example_dags/example_xcomargs.py
[2024-09-28T08:01:08.229+0000] {processor.py:914} INFO - Processing file /home/airflow/.local/lib/python3.12/site-packages/airflow/example_dags/example_xcomargs.py for tasks to queue
[2024-09-28T08:01:08.231+0000] {logging_mixin.py:190} INFO - [2024-09-28T08:01:08.230+0000] {dagbag.py:588} INFO - Filling up the DagBag from /home/airflow/.local/lib/python3.12/site-packages/airflow/example_dags/example_xcomargs.py
[2024-09-28T08:01:08.236+0000] {processor.py:925} INFO - DAG(s) 'example_xcom_args_with_operators', 'example_xcom_args' retrieved from /home/airflow/.local/lib/python3.12/site-packages/airflow/example_dags/example_xcomargs.py
[2024-09-28T08:01:08.250+0000] {logging_mixin.py:190} INFO - [2024-09-28T08:01:08.250+0000] {dag.py:3239} INFO - Sync 2 DAGs
[2024-09-28T08:01:08.258+0000] {logging_mixin.py:190} INFO - [2024-09-28T08:01:08.258+0000] {dag.py:4180} INFO - Setting next_dagrun for example_xcom_args to None, run_after=None
[2024-09-28T08:01:08.260+0000] {logging_mixin.py:190} INFO - [2024-09-28T08:01:08.260+0000] {dag.py:4180} INFO - Setting next_dagrun for example_xcom_args_with_operators to None, run_after=None
[2024-09-28T08:01:08.267+0000] {processor.py:208} INFO - Processing /home/airflow/.local/lib/python3.12/site-packages/airflow/example_dags/example_xcomargs.py took 0.042 seconds
[2024-09-28T08:01:38.780+0000] {processor.py:186} INFO - Started process (PID=8301) to work on /home/airflow/.local/lib/python3.12/site-packages/airflow/example_dags/example_xcomargs.py
[2024-09-28T08:01:38.781+0000] {processor.py:914} INFO - Processing file /home/airflow/.local/lib/python3.12/site-packages/airflow/example_dags/example_xcomargs.py for tasks to queue
[2024-09-28T08:01:38.782+0000] {logging_mixin.py:190} INFO - [2024-09-28T08:01:38.782+0000] {dagbag.py:588} INFO - Filling up the DagBag from /home/airflow/.local/lib/python3.12/site-packages/airflow/example_dags/example_xcomargs.py
[2024-09-28T08:01:38.788+0000] {processor.py:925} INFO - DAG(s) 'example_xcom_args', 'example_xcom_args_with_operators' retrieved from /home/airflow/.local/lib/python3.12/site-packages/airflow/example_dags/example_xcomargs.py
[2024-09-28T08:01:38.801+0000] {logging_mixin.py:190} INFO - [2024-09-28T08:01:38.801+0000] {dag.py:3239} INFO - Sync 2 DAGs
[2024-09-28T08:01:38.809+0000] {logging_mixin.py:190} INFO - [2024-09-28T08:01:38.809+0000] {dag.py:4180} INFO - Setting next_dagrun for example_xcom_args to None, run_after=None
[2024-09-28T08:01:38.811+0000] {logging_mixin.py:190} INFO - [2024-09-28T08:01:38.811+0000] {dag.py:4180} INFO - Setting next_dagrun for example_xcom_args_with_operators to None, run_after=None
[2024-09-28T08:01:38.819+0000] {processor.py:208} INFO - Processing /home/airflow/.local/lib/python3.12/site-packages/airflow/example_dags/example_xcomargs.py took 0.042 seconds
[2024-09-28T08:02:09.475+0000] {processor.py:186} INFO - Started process (PID=8587) to work on /home/airflow/.local/lib/python3.12/site-packages/airflow/example_dags/example_xcomargs.py
[2024-09-28T08:02:09.477+0000] {processor.py:914} INFO - Processing file /home/airflow/.local/lib/python3.12/site-packages/airflow/example_dags/example_xcomargs.py for tasks to queue
[2024-09-28T08:02:09.479+0000] {logging_mixin.py:190} INFO - [2024-09-28T08:02:09.478+0000] {dagbag.py:588} INFO - Filling up the DagBag from /home/airflow/.local/lib/python3.12/site-packages/airflow/example_dags/example_xcomargs.py
[2024-09-28T08:02:09.487+0000] {processor.py:925} INFO - DAG(s) 'example_xcom_args', 'example_xcom_args_with_operators' retrieved from /home/airflow/.local/lib/python3.12/site-packages/airflow/example_dags/example_xcomargs.py
[2024-09-28T08:02:09.501+0000] {logging_mixin.py:190} INFO - [2024-09-28T08:02:09.500+0000] {dag.py:3239} INFO - Sync 2 DAGs
[2024-09-28T08:02:09.509+0000] {logging_mixin.py:190} INFO - [2024-09-28T08:02:09.509+0000] {dag.py:4180} INFO - Setting next_dagrun for example_xcom_args to None, run_after=None
[2024-09-28T08:02:09.511+0000] {logging_mixin.py:190} INFO - [2024-09-28T08:02:09.511+0000] {dag.py:4180} INFO - Setting next_dagrun for example_xcom_args_with_operators to None, run_after=None
[2024-09-28T08:02:09.520+0000] {processor.py:208} INFO - Processing /home/airflow/.local/lib/python3.12/site-packages/airflow/example_dags/example_xcomargs.py took 0.050 seconds
[2024-09-28T08:02:40.188+0000] {processor.py:186} INFO - Started process (PID=8873) to work on /home/airflow/.local/lib/python3.12/site-packages/airflow/example_dags/example_xcomargs.py
[2024-09-28T08:02:40.189+0000] {processor.py:914} INFO - Processing file /home/airflow/.local/lib/python3.12/site-packages/airflow/example_dags/example_xcomargs.py for tasks to queue
[2024-09-28T08:02:40.190+0000] {logging_mixin.py:190} INFO - [2024-09-28T08:02:40.190+0000] {dagbag.py:588} INFO - Filling up the DagBag from /home/airflow/.local/lib/python3.12/site-packages/airflow/example_dags/example_xcomargs.py
[2024-09-28T08:02:40.196+0000] {processor.py:925} INFO - DAG(s) 'example_xcom_args_with_operators', 'example_xcom_args' retrieved from /home/airflow/.local/lib/python3.12/site-packages/airflow/example_dags/example_xcomargs.py
[2024-09-28T08:02:40.213+0000] {logging_mixin.py:190} INFO - [2024-09-28T08:02:40.212+0000] {dag.py:3239} INFO - Sync 2 DAGs
[2024-09-28T08:02:40.224+0000] {logging_mixin.py:190} INFO - [2024-09-28T08:02:40.223+0000] {dag.py:4180} INFO - Setting next_dagrun for example_xcom_args to None, run_after=None
[2024-09-28T08:02:40.226+0000] {logging_mixin.py:190} INFO - [2024-09-28T08:02:40.226+0000] {dag.py:4180} INFO - Setting next_dagrun for example_xcom_args_with_operators to None, run_after=None
[2024-09-28T08:02:40.235+0000] {processor.py:208} INFO - Processing /home/airflow/.local/lib/python3.12/site-packages/airflow/example_dags/example_xcomargs.py took 0.050 seconds
[2024-09-28T08:03:10.579+0000] {processor.py:186} INFO - Started process (PID=9154) to work on /home/airflow/.local/lib/python3.12/site-packages/airflow/example_dags/example_xcomargs.py
[2024-09-28T08:03:10.580+0000] {processor.py:914} INFO - Processing file /home/airflow/.local/lib/python3.12/site-packages/airflow/example_dags/example_xcomargs.py for tasks to queue
[2024-09-28T08:03:10.581+0000] {logging_mixin.py:190} INFO - [2024-09-28T08:03:10.581+0000] {dagbag.py:588} INFO - Filling up the DagBag from /home/airflow/.local/lib/python3.12/site-packages/airflow/example_dags/example_xcomargs.py
[2024-09-28T08:03:10.587+0000] {processor.py:925} INFO - DAG(s) 'example_xcom_args', 'example_xcom_args_with_operators' retrieved from /home/airflow/.local/lib/python3.12/site-packages/airflow/example_dags/example_xcomargs.py
[2024-09-28T08:03:10.600+0000] {logging_mixin.py:190} INFO - [2024-09-28T08:03:10.599+0000] {dag.py:3239} INFO - Sync 2 DAGs
[2024-09-28T08:03:10.609+0000] {logging_mixin.py:190} INFO - [2024-09-28T08:03:10.609+0000] {dag.py:4180} INFO - Setting next_dagrun for example_xcom_args to None, run_after=None
[2024-09-28T08:03:10.611+0000] {logging_mixin.py:190} INFO - [2024-09-28T08:03:10.611+0000] {dag.py:4180} INFO - Setting next_dagrun for example_xcom_args_with_operators to None, run_after=None
[2024-09-28T08:03:10.619+0000] {processor.py:208} INFO - Processing /home/airflow/.local/lib/python3.12/site-packages/airflow/example_dags/example_xcomargs.py took 0.043 seconds
[2024-09-28T08:03:40.982+0000] {processor.py:186} INFO - Started process (PID=9435) to work on /home/airflow/.local/lib/python3.12/site-packages/airflow/example_dags/example_xcomargs.py
[2024-09-28T08:03:40.984+0000] {processor.py:914} INFO - Processing file /home/airflow/.local/lib/python3.12/site-packages/airflow/example_dags/example_xcomargs.py for tasks to queue
[2024-09-28T08:03:40.985+0000] {logging_mixin.py:190} INFO - [2024-09-28T08:03:40.985+0000] {dagbag.py:588} INFO - Filling up the DagBag from /home/airflow/.local/lib/python3.12/site-packages/airflow/example_dags/example_xcomargs.py
[2024-09-28T08:03:40.990+0000] {processor.py:925} INFO - DAG(s) 'example_xcom_args_with_operators', 'example_xcom_args' retrieved from /home/airflow/.local/lib/python3.12/site-packages/airflow/example_dags/example_xcomargs.py
[2024-09-28T08:03:41.001+0000] {logging_mixin.py:190} INFO - [2024-09-28T08:03:41.001+0000] {dag.py:3239} INFO - Sync 2 DAGs
[2024-09-28T08:03:41.008+0000] {logging_mixin.py:190} INFO - [2024-09-28T08:03:41.007+0000] {dag.py:4180} INFO - Setting next_dagrun for example_xcom_args to None, run_after=None
[2024-09-28T08:03:41.010+0000] {logging_mixin.py:190} INFO - [2024-09-28T08:03:41.010+0000] {dag.py:4180} INFO - Setting next_dagrun for example_xcom_args_with_operators to None, run_after=None
[2024-09-28T08:03:41.020+0000] {processor.py:208} INFO - Processing /home/airflow/.local/lib/python3.12/site-packages/airflow/example_dags/example_xcomargs.py took 0.041 seconds
[2024-09-28T08:04:11.809+0000] {processor.py:186} INFO - Started process (PID=9731) to work on /home/airflow/.local/lib/python3.12/site-packages/airflow/example_dags/example_xcomargs.py
[2024-09-28T08:04:11.810+0000] {processor.py:914} INFO - Processing file /home/airflow/.local/lib/python3.12/site-packages/airflow/example_dags/example_xcomargs.py for tasks to queue
[2024-09-28T08:04:11.811+0000] {logging_mixin.py:190} INFO - [2024-09-28T08:04:11.811+0000] {dagbag.py:588} INFO - Filling up the DagBag from /home/airflow/.local/lib/python3.12/site-packages/airflow/example_dags/example_xcomargs.py
[2024-09-28T08:04:11.817+0000] {processor.py:925} INFO - DAG(s) 'example_xcom_args_with_operators', 'example_xcom_args' retrieved from /home/airflow/.local/lib/python3.12/site-packages/airflow/example_dags/example_xcomargs.py
[2024-09-28T08:04:11.829+0000] {logging_mixin.py:190} INFO - [2024-09-28T08:04:11.829+0000] {dag.py:3239} INFO - Sync 2 DAGs
[2024-09-28T08:04:11.837+0000] {logging_mixin.py:190} INFO - [2024-09-28T08:04:11.837+0000] {dag.py:4180} INFO - Setting next_dagrun for example_xcom_args to None, run_after=None
[2024-09-28T08:04:11.840+0000] {logging_mixin.py:190} INFO - [2024-09-28T08:04:11.839+0000] {dag.py:4180} INFO - Setting next_dagrun for example_xcom_args_with_operators to None, run_after=None
[2024-09-28T08:04:11.848+0000] {processor.py:208} INFO - Processing /home/airflow/.local/lib/python3.12/site-packages/airflow/example_dags/example_xcomargs.py took 0.043 seconds
[2024-09-28T08:04:42.468+0000] {processor.py:186} INFO - Started process (PID=10017) to work on /home/airflow/.local/lib/python3.12/site-packages/airflow/example_dags/example_xcomargs.py
[2024-09-28T08:04:42.469+0000] {processor.py:914} INFO - Processing file /home/airflow/.local/lib/python3.12/site-packages/airflow/example_dags/example_xcomargs.py for tasks to queue
[2024-09-28T08:04:42.470+0000] {logging_mixin.py:190} INFO - [2024-09-28T08:04:42.470+0000] {dagbag.py:588} INFO - Filling up the DagBag from /home/airflow/.local/lib/python3.12/site-packages/airflow/example_dags/example_xcomargs.py
[2024-09-28T08:04:42.476+0000] {processor.py:925} INFO - DAG(s) 'example_xcom_args_with_operators', 'example_xcom_args' retrieved from /home/airflow/.local/lib/python3.12/site-packages/airflow/example_dags/example_xcomargs.py
[2024-09-28T08:04:42.489+0000] {logging_mixin.py:190} INFO - [2024-09-28T08:04:42.489+0000] {dag.py:3239} INFO - Sync 2 DAGs
[2024-09-28T08:04:42.497+0000] {logging_mixin.py:190} INFO - [2024-09-28T08:04:42.497+0000] {dag.py:4180} INFO - Setting next_dagrun for example_xcom_args to None, run_after=None
[2024-09-28T08:04:42.499+0000] {logging_mixin.py:190} INFO - [2024-09-28T08:04:42.499+0000] {dag.py:4180} INFO - Setting next_dagrun for example_xcom_args_with_operators to None, run_after=None
[2024-09-28T08:04:42.508+0000] {processor.py:208} INFO - Processing /home/airflow/.local/lib/python3.12/site-packages/airflow/example_dags/example_xcomargs.py took 0.044 seconds
[2024-09-28T08:05:12.931+0000] {processor.py:186} INFO - Started process (PID=10303) to work on /home/airflow/.local/lib/python3.12/site-packages/airflow/example_dags/example_xcomargs.py
[2024-09-28T08:05:12.934+0000] {processor.py:914} INFO - Processing file /home/airflow/.local/lib/python3.12/site-packages/airflow/example_dags/example_xcomargs.py for tasks to queue
[2024-09-28T08:05:12.935+0000] {logging_mixin.py:190} INFO - [2024-09-28T08:05:12.935+0000] {dagbag.py:588} INFO - Filling up the DagBag from /home/airflow/.local/lib/python3.12/site-packages/airflow/example_dags/example_xcomargs.py
[2024-09-28T08:05:12.940+0000] {processor.py:925} INFO - DAG(s) 'example_xcom_args', 'example_xcom_args_with_operators' retrieved from /home/airflow/.local/lib/python3.12/site-packages/airflow/example_dags/example_xcomargs.py
[2024-09-28T08:05:12.952+0000] {logging_mixin.py:190} INFO - [2024-09-28T08:05:12.952+0000] {dag.py:3239} INFO - Sync 2 DAGs
[2024-09-28T08:05:12.960+0000] {logging_mixin.py:190} INFO - [2024-09-28T08:05:12.960+0000] {dag.py:4180} INFO - Setting next_dagrun for example_xcom_args to None, run_after=None
[2024-09-28T08:05:12.962+0000] {logging_mixin.py:190} INFO - [2024-09-28T08:05:12.962+0000] {dag.py:4180} INFO - Setting next_dagrun for example_xcom_args_with_operators to None, run_after=None
[2024-09-28T08:05:12.969+0000] {processor.py:208} INFO - Processing /home/airflow/.local/lib/python3.12/site-packages/airflow/example_dags/example_xcomargs.py took 0.041 seconds
[2024-09-28T08:05:43.408+0000] {processor.py:186} INFO - Started process (PID=10589) to work on /home/airflow/.local/lib/python3.12/site-packages/airflow/example_dags/example_xcomargs.py
[2024-09-28T08:05:43.411+0000] {processor.py:914} INFO - Processing file /home/airflow/.local/lib/python3.12/site-packages/airflow/example_dags/example_xcomargs.py for tasks to queue
[2024-09-28T08:05:43.413+0000] {logging_mixin.py:190} INFO - [2024-09-28T08:05:43.413+0000] {dagbag.py:588} INFO - Filling up the DagBag from /home/airflow/.local/lib/python3.12/site-packages/airflow/example_dags/example_xcomargs.py
[2024-09-28T08:05:43.421+0000] {processor.py:925} INFO - DAG(s) 'example_xcom_args', 'example_xcom_args_with_operators' retrieved from /home/airflow/.local/lib/python3.12/site-packages/airflow/example_dags/example_xcomargs.py
[2024-09-28T08:05:43.434+0000] {logging_mixin.py:190} INFO - [2024-09-28T08:05:43.434+0000] {dag.py:3239} INFO - Sync 2 DAGs
[2024-09-28T08:05:43.441+0000] {logging_mixin.py:190} INFO - [2024-09-28T08:05:43.441+0000] {dag.py:4180} INFO - Setting next_dagrun for example_xcom_args to None, run_after=None
[2024-09-28T08:05:43.444+0000] {logging_mixin.py:190} INFO - [2024-09-28T08:05:43.444+0000] {dag.py:4180} INFO - Setting next_dagrun for example_xcom_args_with_operators to None, run_after=None
[2024-09-28T08:05:43.451+0000] {processor.py:208} INFO - Processing /home/airflow/.local/lib/python3.12/site-packages/airflow/example_dags/example_xcomargs.py took 0.046 seconds
[2024-09-28T08:06:14.011+0000] {processor.py:186} INFO - Started process (PID=10875) to work on /home/airflow/.local/lib/python3.12/site-packages/airflow/example_dags/example_xcomargs.py
[2024-09-28T08:06:14.013+0000] {processor.py:914} INFO - Processing file /home/airflow/.local/lib/python3.12/site-packages/airflow/example_dags/example_xcomargs.py for tasks to queue
[2024-09-28T08:06:14.015+0000] {logging_mixin.py:190} INFO - [2024-09-28T08:06:14.014+0000] {dagbag.py:588} INFO - Filling up the DagBag from /home/airflow/.local/lib/python3.12/site-packages/airflow/example_dags/example_xcomargs.py
[2024-09-28T08:06:14.023+0000] {processor.py:925} INFO - DAG(s) 'example_xcom_args', 'example_xcom_args_with_operators' retrieved from /home/airflow/.local/lib/python3.12/site-packages/airflow/example_dags/example_xcomargs.py
[2024-09-28T08:06:14.037+0000] {logging_mixin.py:190} INFO - [2024-09-28T08:06:14.036+0000] {dag.py:3239} INFO - Sync 2 DAGs
[2024-09-28T08:06:14.043+0000] {logging_mixin.py:190} INFO - [2024-09-28T08:06:14.043+0000] {dag.py:4180} INFO - Setting next_dagrun for example_xcom_args to None, run_after=None
[2024-09-28T08:06:14.045+0000] {logging_mixin.py:190} INFO - [2024-09-28T08:06:14.045+0000] {dag.py:4180} INFO - Setting next_dagrun for example_xcom_args_with_operators to None, run_after=None
[2024-09-28T08:06:14.052+0000] {processor.py:208} INFO - Processing /home/airflow/.local/lib/python3.12/site-packages/airflow/example_dags/example_xcomargs.py took 0.045 seconds
[2024-09-28T08:06:45.179+0000] {processor.py:186} INFO - Started process (PID=11161) to work on /home/airflow/.local/lib/python3.12/site-packages/airflow/example_dags/example_xcomargs.py
[2024-09-28T08:06:45.180+0000] {processor.py:914} INFO - Processing file /home/airflow/.local/lib/python3.12/site-packages/airflow/example_dags/example_xcomargs.py for tasks to queue
[2024-09-28T08:06:45.182+0000] {logging_mixin.py:190} INFO - [2024-09-28T08:06:45.182+0000] {dagbag.py:588} INFO - Filling up the DagBag from /home/airflow/.local/lib/python3.12/site-packages/airflow/example_dags/example_xcomargs.py
[2024-09-28T08:06:45.190+0000] {processor.py:925} INFO - DAG(s) 'example_xcom_args', 'example_xcom_args_with_operators' retrieved from /home/airflow/.local/lib/python3.12/site-packages/airflow/example_dags/example_xcomargs.py
[2024-09-28T08:06:45.201+0000] {logging_mixin.py:190} INFO - [2024-09-28T08:06:45.201+0000] {dag.py:3239} INFO - Sync 2 DAGs
[2024-09-28T08:06:45.208+0000] {logging_mixin.py:190} INFO - [2024-09-28T08:06:45.208+0000] {dag.py:4180} INFO - Setting next_dagrun for example_xcom_args to None, run_after=None
[2024-09-28T08:06:45.210+0000] {logging_mixin.py:190} INFO - [2024-09-28T08:06:45.210+0000] {dag.py:4180} INFO - Setting next_dagrun for example_xcom_args_with_operators to None, run_after=None
[2024-09-28T08:06:45.217+0000] {processor.py:208} INFO - Processing /home/airflow/.local/lib/python3.12/site-packages/airflow/example_dags/example_xcomargs.py took 0.044 seconds
[2024-09-28T08:07:15.998+0000] {processor.py:186} INFO - Started process (PID=11447) to work on /home/airflow/.local/lib/python3.12/site-packages/airflow/example_dags/example_xcomargs.py
[2024-09-28T08:07:15.999+0000] {processor.py:914} INFO - Processing file /home/airflow/.local/lib/python3.12/site-packages/airflow/example_dags/example_xcomargs.py for tasks to queue
[2024-09-28T08:07:16.002+0000] {logging_mixin.py:190} INFO - [2024-09-28T08:07:16.002+0000] {dagbag.py:588} INFO - Filling up the DagBag from /home/airflow/.local/lib/python3.12/site-packages/airflow/example_dags/example_xcomargs.py
[2024-09-28T08:07:16.013+0000] {processor.py:925} INFO - DAG(s) 'example_xcom_args_with_operators', 'example_xcom_args' retrieved from /home/airflow/.local/lib/python3.12/site-packages/airflow/example_dags/example_xcomargs.py
[2024-09-28T08:07:16.027+0000] {logging_mixin.py:190} INFO - [2024-09-28T08:07:16.027+0000] {dag.py:3239} INFO - Sync 2 DAGs
[2024-09-28T08:07:16.035+0000] {logging_mixin.py:190} INFO - [2024-09-28T08:07:16.035+0000] {dag.py:4180} INFO - Setting next_dagrun for example_xcom_args to None, run_after=None
[2024-09-28T08:07:16.037+0000] {logging_mixin.py:190} INFO - [2024-09-28T08:07:16.037+0000] {dag.py:4180} INFO - Setting next_dagrun for example_xcom_args_with_operators to None, run_after=None
[2024-09-28T08:07:16.044+0000] {processor.py:208} INFO - Processing /home/airflow/.local/lib/python3.12/site-packages/airflow/example_dags/example_xcomargs.py took 0.050 seconds
[2024-09-28T08:07:46.616+0000] {processor.py:186} INFO - Started process (PID=11733) to work on /home/airflow/.local/lib/python3.12/site-packages/airflow/example_dags/example_xcomargs.py
[2024-09-28T08:07:46.617+0000] {processor.py:914} INFO - Processing file /home/airflow/.local/lib/python3.12/site-packages/airflow/example_dags/example_xcomargs.py for tasks to queue
[2024-09-28T08:07:46.619+0000] {logging_mixin.py:190} INFO - [2024-09-28T08:07:46.618+0000] {dagbag.py:588} INFO - Filling up the DagBag from /home/airflow/.local/lib/python3.12/site-packages/airflow/example_dags/example_xcomargs.py
[2024-09-28T08:07:46.624+0000] {processor.py:925} INFO - DAG(s) 'example_xcom_args', 'example_xcom_args_with_operators' retrieved from /home/airflow/.local/lib/python3.12/site-packages/airflow/example_dags/example_xcomargs.py
[2024-09-28T08:07:46.638+0000] {logging_mixin.py:190} INFO - [2024-09-28T08:07:46.638+0000] {dag.py:3239} INFO - Sync 2 DAGs
[2024-09-28T08:07:46.648+0000] {logging_mixin.py:190} INFO - [2024-09-28T08:07:46.647+0000] {dag.py:4180} INFO - Setting next_dagrun for example_xcom_args to None, run_after=None
[2024-09-28T08:07:46.650+0000] {logging_mixin.py:190} INFO - [2024-09-28T08:07:46.650+0000] {dag.py:4180} INFO - Setting next_dagrun for example_xcom_args_with_operators to None, run_after=None
[2024-09-28T08:07:46.657+0000] {processor.py:208} INFO - Processing /home/airflow/.local/lib/python3.12/site-packages/airflow/example_dags/example_xcomargs.py took 0.047 seconds
