[2024-09-28T07:47:25.514+0000] {processor.py:186} INFO - Started process (PID=184) to work on /home/airflow/.local/lib/python3.12/site-packages/airflow/example_dags/example_task_group.py
[2024-09-28T07:47:25.515+0000] {processor.py:914} INFO - Processing file /home/airflow/.local/lib/python3.12/site-packages/airflow/example_dags/example_task_group.py for tasks to queue
[2024-09-28T07:47:25.517+0000] {logging_mixin.py:190} INFO - [2024-09-28T07:47:25.517+0000] {dagbag.py:588} INFO - Filling up the DagBag from /home/airflow/.local/lib/python3.12/site-packages/airflow/example_dags/example_task_group.py
[2024-09-28T07:47:25.523+0000] {processor.py:925} INFO - DAG(s) 'example_task_group' retrieved from /home/airflow/.local/lib/python3.12/site-packages/airflow/example_dags/example_task_group.py
[2024-09-28T07:47:25.583+0000] {logging_mixin.py:190} INFO - [2024-09-28T07:47:25.582+0000] {override.py:1900} INFO - Created Permission View: can delete on DAG:example_task_group
[2024-09-28T07:47:25.587+0000] {logging_mixin.py:190} INFO - [2024-09-28T07:47:25.587+0000] {override.py:1900} INFO - Created Permission View: can edit on DAG:example_task_group
[2024-09-28T07:47:25.589+0000] {logging_mixin.py:190} INFO - [2024-09-28T07:47:25.589+0000] {override.py:1900} INFO - Created Permission View: can read on DAG:example_task_group
[2024-09-28T07:47:25.592+0000] {logging_mixin.py:190} INFO - [2024-09-28T07:47:25.592+0000] {override.py:1900} INFO - Created Permission View: menu access on DAG Run:example_task_group
[2024-09-28T07:47:25.594+0000] {logging_mixin.py:190} INFO - [2024-09-28T07:47:25.594+0000] {override.py:1900} INFO - Created Permission View: can delete on DAG Run:example_task_group
[2024-09-28T07:47:25.596+0000] {logging_mixin.py:190} INFO - [2024-09-28T07:47:25.596+0000] {override.py:1900} INFO - Created Permission View: can create on DAG Run:example_task_group
[2024-09-28T07:47:25.598+0000] {logging_mixin.py:190} INFO - [2024-09-28T07:47:25.598+0000] {override.py:1900} INFO - Created Permission View: can read on DAG Run:example_task_group
[2024-09-28T07:47:25.598+0000] {logging_mixin.py:190} INFO - [2024-09-28T07:47:25.598+0000] {dag.py:3239} INFO - Sync 1 DAGs
[2024-09-28T07:47:25.603+0000] {logging_mixin.py:190} INFO - [2024-09-28T07:47:25.603+0000] {dag.py:3262} INFO - Creating ORM DAG for example_task_group
[2024-09-28T07:47:25.604+0000] {logging_mixin.py:190} INFO - [2024-09-28T07:47:25.604+0000] {dag.py:4180} INFO - Setting next_dagrun for example_task_group to None, run_after=None
[2024-09-28T07:47:25.611+0000] {processor.py:208} INFO - Processing /home/airflow/.local/lib/python3.12/site-packages/airflow/example_dags/example_task_group.py took 0.100 seconds
[2024-09-28T07:47:55.638+0000] {processor.py:186} INFO - Started process (PID=466) to work on /home/airflow/.local/lib/python3.12/site-packages/airflow/example_dags/example_task_group.py
[2024-09-28T07:47:55.640+0000] {processor.py:914} INFO - Processing file /home/airflow/.local/lib/python3.12/site-packages/airflow/example_dags/example_task_group.py for tasks to queue
[2024-09-28T07:47:55.641+0000] {logging_mixin.py:190} INFO - [2024-09-28T07:47:55.641+0000] {dagbag.py:588} INFO - Filling up the DagBag from /home/airflow/.local/lib/python3.12/site-packages/airflow/example_dags/example_task_group.py
[2024-09-28T07:47:55.646+0000] {processor.py:925} INFO - DAG(s) 'example_task_group' retrieved from /home/airflow/.local/lib/python3.12/site-packages/airflow/example_dags/example_task_group.py
[2024-09-28T07:47:55.656+0000] {logging_mixin.py:190} INFO - [2024-09-28T07:47:55.656+0000] {dag.py:3239} INFO - Sync 1 DAGs
[2024-09-28T07:47:55.662+0000] {logging_mixin.py:190} INFO - [2024-09-28T07:47:55.662+0000] {dag.py:4180} INFO - Setting next_dagrun for example_task_group to None, run_after=None
[2024-09-28T07:47:55.669+0000] {processor.py:208} INFO - Processing /home/airflow/.local/lib/python3.12/site-packages/airflow/example_dags/example_task_group.py took 0.035 seconds
[2024-09-28T07:48:26.043+0000] {processor.py:186} INFO - Started process (PID=752) to work on /home/airflow/.local/lib/python3.12/site-packages/airflow/example_dags/example_task_group.py
[2024-09-28T07:48:26.044+0000] {processor.py:914} INFO - Processing file /home/airflow/.local/lib/python3.12/site-packages/airflow/example_dags/example_task_group.py for tasks to queue
[2024-09-28T07:48:26.045+0000] {logging_mixin.py:190} INFO - [2024-09-28T07:48:26.045+0000] {dagbag.py:588} INFO - Filling up the DagBag from /home/airflow/.local/lib/python3.12/site-packages/airflow/example_dags/example_task_group.py
[2024-09-28T07:48:26.049+0000] {processor.py:925} INFO - DAG(s) 'example_task_group' retrieved from /home/airflow/.local/lib/python3.12/site-packages/airflow/example_dags/example_task_group.py
[2024-09-28T07:48:26.060+0000] {logging_mixin.py:190} INFO - [2024-09-28T07:48:26.060+0000] {dag.py:3239} INFO - Sync 1 DAGs
[2024-09-28T07:48:26.066+0000] {logging_mixin.py:190} INFO - [2024-09-28T07:48:26.066+0000] {dag.py:4180} INFO - Setting next_dagrun for example_task_group to None, run_after=None
[2024-09-28T07:48:26.073+0000] {processor.py:208} INFO - Processing /home/airflow/.local/lib/python3.12/site-packages/airflow/example_dags/example_task_group.py took 0.032 seconds
[2024-09-28T07:48:56.430+0000] {processor.py:186} INFO - Started process (PID=1037) to work on /home/airflow/.local/lib/python3.12/site-packages/airflow/example_dags/example_task_group.py
[2024-09-28T07:48:56.431+0000] {processor.py:914} INFO - Processing file /home/airflow/.local/lib/python3.12/site-packages/airflow/example_dags/example_task_group.py for tasks to queue
[2024-09-28T07:48:56.432+0000] {logging_mixin.py:190} INFO - [2024-09-28T07:48:56.432+0000] {dagbag.py:588} INFO - Filling up the DagBag from /home/airflow/.local/lib/python3.12/site-packages/airflow/example_dags/example_task_group.py
[2024-09-28T07:48:56.436+0000] {processor.py:925} INFO - DAG(s) 'example_task_group' retrieved from /home/airflow/.local/lib/python3.12/site-packages/airflow/example_dags/example_task_group.py
[2024-09-28T07:48:56.446+0000] {logging_mixin.py:190} INFO - [2024-09-28T07:48:56.446+0000] {dag.py:3239} INFO - Sync 1 DAGs
[2024-09-28T07:48:56.453+0000] {logging_mixin.py:190} INFO - [2024-09-28T07:48:56.452+0000] {dag.py:4180} INFO - Setting next_dagrun for example_task_group to None, run_after=None
[2024-09-28T07:48:56.460+0000] {processor.py:208} INFO - Processing /home/airflow/.local/lib/python3.12/site-packages/airflow/example_dags/example_task_group.py took 0.032 seconds
[2024-09-28T07:49:26.560+0000] {processor.py:186} INFO - Started process (PID=1351) to work on /home/airflow/.local/lib/python3.12/site-packages/airflow/example_dags/example_task_group.py
[2024-09-28T07:49:26.561+0000] {processor.py:914} INFO - Processing file /home/airflow/.local/lib/python3.12/site-packages/airflow/example_dags/example_task_group.py for tasks to queue
[2024-09-28T07:49:26.562+0000] {logging_mixin.py:190} INFO - [2024-09-28T07:49:26.562+0000] {dagbag.py:588} INFO - Filling up the DagBag from /home/airflow/.local/lib/python3.12/site-packages/airflow/example_dags/example_task_group.py
[2024-09-28T07:49:26.566+0000] {processor.py:925} INFO - DAG(s) 'example_task_group' retrieved from /home/airflow/.local/lib/python3.12/site-packages/airflow/example_dags/example_task_group.py
[2024-09-28T07:49:26.577+0000] {logging_mixin.py:190} INFO - [2024-09-28T07:49:26.577+0000] {dag.py:3239} INFO - Sync 1 DAGs
[2024-09-28T07:49:26.584+0000] {logging_mixin.py:190} INFO - [2024-09-28T07:49:26.583+0000] {dag.py:4180} INFO - Setting next_dagrun for example_task_group to None, run_after=None
[2024-09-28T07:49:26.592+0000] {processor.py:208} INFO - Processing /home/airflow/.local/lib/python3.12/site-packages/airflow/example_dags/example_task_group.py took 0.035 seconds
[2024-09-28T07:49:56.750+0000] {processor.py:186} INFO - Started process (PID=1637) to work on /home/airflow/.local/lib/python3.12/site-packages/airflow/example_dags/example_task_group.py
[2024-09-28T07:49:56.750+0000] {processor.py:914} INFO - Processing file /home/airflow/.local/lib/python3.12/site-packages/airflow/example_dags/example_task_group.py for tasks to queue
[2024-09-28T07:49:56.751+0000] {logging_mixin.py:190} INFO - [2024-09-28T07:49:56.751+0000] {dagbag.py:588} INFO - Filling up the DagBag from /home/airflow/.local/lib/python3.12/site-packages/airflow/example_dags/example_task_group.py
[2024-09-28T07:49:56.756+0000] {processor.py:925} INFO - DAG(s) 'example_task_group' retrieved from /home/airflow/.local/lib/python3.12/site-packages/airflow/example_dags/example_task_group.py
[2024-09-28T07:49:56.766+0000] {logging_mixin.py:190} INFO - [2024-09-28T07:49:56.766+0000] {dag.py:3239} INFO - Sync 1 DAGs
[2024-09-28T07:49:56.772+0000] {logging_mixin.py:190} INFO - [2024-09-28T07:49:56.772+0000] {dag.py:4180} INFO - Setting next_dagrun for example_task_group to None, run_after=None
[2024-09-28T07:49:56.779+0000] {processor.py:208} INFO - Processing /home/airflow/.local/lib/python3.12/site-packages/airflow/example_dags/example_task_group.py took 0.032 seconds
[2024-09-28T07:50:26.959+0000] {processor.py:186} INFO - Started process (PID=1923) to work on /home/airflow/.local/lib/python3.12/site-packages/airflow/example_dags/example_task_group.py
[2024-09-28T07:50:26.960+0000] {processor.py:914} INFO - Processing file /home/airflow/.local/lib/python3.12/site-packages/airflow/example_dags/example_task_group.py for tasks to queue
[2024-09-28T07:50:26.961+0000] {logging_mixin.py:190} INFO - [2024-09-28T07:50:26.961+0000] {dagbag.py:588} INFO - Filling up the DagBag from /home/airflow/.local/lib/python3.12/site-packages/airflow/example_dags/example_task_group.py
[2024-09-28T07:50:26.965+0000] {processor.py:925} INFO - DAG(s) 'example_task_group' retrieved from /home/airflow/.local/lib/python3.12/site-packages/airflow/example_dags/example_task_group.py
[2024-09-28T07:50:26.975+0000] {logging_mixin.py:190} INFO - [2024-09-28T07:50:26.975+0000] {dag.py:3239} INFO - Sync 1 DAGs
[2024-09-28T07:50:26.981+0000] {logging_mixin.py:190} INFO - [2024-09-28T07:50:26.981+0000] {dag.py:4180} INFO - Setting next_dagrun for example_task_group to None, run_after=None
[2024-09-28T07:50:26.988+0000] {processor.py:208} INFO - Processing /home/airflow/.local/lib/python3.12/site-packages/airflow/example_dags/example_task_group.py took 0.032 seconds
[2024-09-28T07:50:57.308+0000] {processor.py:186} INFO - Started process (PID=2209) to work on /home/airflow/.local/lib/python3.12/site-packages/airflow/example_dags/example_task_group.py
[2024-09-28T07:50:57.308+0000] {processor.py:914} INFO - Processing file /home/airflow/.local/lib/python3.12/site-packages/airflow/example_dags/example_task_group.py for tasks to queue
[2024-09-28T07:50:57.310+0000] {logging_mixin.py:190} INFO - [2024-09-28T07:50:57.309+0000] {dagbag.py:588} INFO - Filling up the DagBag from /home/airflow/.local/lib/python3.12/site-packages/airflow/example_dags/example_task_group.py
[2024-09-28T07:50:57.314+0000] {processor.py:925} INFO - DAG(s) 'example_task_group' retrieved from /home/airflow/.local/lib/python3.12/site-packages/airflow/example_dags/example_task_group.py
[2024-09-28T07:50:57.323+0000] {logging_mixin.py:190} INFO - [2024-09-28T07:50:57.323+0000] {dag.py:3239} INFO - Sync 1 DAGs
[2024-09-28T07:50:57.331+0000] {logging_mixin.py:190} INFO - [2024-09-28T07:50:57.330+0000] {dag.py:4180} INFO - Setting next_dagrun for example_task_group to None, run_after=None
[2024-09-28T07:50:57.338+0000] {processor.py:208} INFO - Processing /home/airflow/.local/lib/python3.12/site-packages/airflow/example_dags/example_task_group.py took 0.033 seconds
[2024-09-28T07:51:27.629+0000] {processor.py:186} INFO - Started process (PID=2492) to work on /home/airflow/.local/lib/python3.12/site-packages/airflow/example_dags/example_task_group.py
[2024-09-28T07:51:27.630+0000] {processor.py:914} INFO - Processing file /home/airflow/.local/lib/python3.12/site-packages/airflow/example_dags/example_task_group.py for tasks to queue
[2024-09-28T07:51:27.632+0000] {logging_mixin.py:190} INFO - [2024-09-28T07:51:27.632+0000] {dagbag.py:588} INFO - Filling up the DagBag from /home/airflow/.local/lib/python3.12/site-packages/airflow/example_dags/example_task_group.py
[2024-09-28T07:51:27.640+0000] {processor.py:925} INFO - DAG(s) 'example_task_group' retrieved from /home/airflow/.local/lib/python3.12/site-packages/airflow/example_dags/example_task_group.py
[2024-09-28T07:51:27.652+0000] {logging_mixin.py:190} INFO - [2024-09-28T07:51:27.651+0000] {dag.py:3239} INFO - Sync 1 DAGs
[2024-09-28T07:51:27.659+0000] {logging_mixin.py:190} INFO - [2024-09-28T07:51:27.659+0000] {dag.py:4180} INFO - Setting next_dagrun for example_task_group to None, run_after=None
[2024-09-28T07:51:27.668+0000] {processor.py:208} INFO - Processing /home/airflow/.local/lib/python3.12/site-packages/airflow/example_dags/example_task_group.py took 0.043 seconds
[2024-09-28T07:51:57.831+0000] {processor.py:186} INFO - Started process (PID=2779) to work on /home/airflow/.local/lib/python3.12/site-packages/airflow/example_dags/example_task_group.py
[2024-09-28T07:51:57.832+0000] {processor.py:914} INFO - Processing file /home/airflow/.local/lib/python3.12/site-packages/airflow/example_dags/example_task_group.py for tasks to queue
[2024-09-28T07:51:57.833+0000] {logging_mixin.py:190} INFO - [2024-09-28T07:51:57.833+0000] {dagbag.py:588} INFO - Filling up the DagBag from /home/airflow/.local/lib/python3.12/site-packages/airflow/example_dags/example_task_group.py
[2024-09-28T07:51:57.837+0000] {processor.py:925} INFO - DAG(s) 'example_task_group' retrieved from /home/airflow/.local/lib/python3.12/site-packages/airflow/example_dags/example_task_group.py
[2024-09-28T07:51:57.847+0000] {logging_mixin.py:190} INFO - [2024-09-28T07:51:57.847+0000] {dag.py:3239} INFO - Sync 1 DAGs
[2024-09-28T07:51:57.853+0000] {logging_mixin.py:190} INFO - [2024-09-28T07:51:57.853+0000] {dag.py:4180} INFO - Setting next_dagrun for example_task_group to None, run_after=None
[2024-09-28T07:51:57.860+0000] {processor.py:208} INFO - Processing /home/airflow/.local/lib/python3.12/site-packages/airflow/example_dags/example_task_group.py took 0.033 seconds
[2024-09-28T07:52:27.941+0000] {processor.py:186} INFO - Started process (PID=3063) to work on /home/airflow/.local/lib/python3.12/site-packages/airflow/example_dags/example_task_group.py
[2024-09-28T07:52:27.942+0000] {processor.py:914} INFO - Processing file /home/airflow/.local/lib/python3.12/site-packages/airflow/example_dags/example_task_group.py for tasks to queue
[2024-09-28T07:52:27.944+0000] {logging_mixin.py:190} INFO - [2024-09-28T07:52:27.944+0000] {dagbag.py:588} INFO - Filling up the DagBag from /home/airflow/.local/lib/python3.12/site-packages/airflow/example_dags/example_task_group.py
[2024-09-28T07:52:27.948+0000] {processor.py:925} INFO - DAG(s) 'example_task_group' retrieved from /home/airflow/.local/lib/python3.12/site-packages/airflow/example_dags/example_task_group.py
[2024-09-28T07:52:27.958+0000] {logging_mixin.py:190} INFO - [2024-09-28T07:52:27.957+0000] {dag.py:3239} INFO - Sync 1 DAGs
[2024-09-28T07:52:27.964+0000] {logging_mixin.py:190} INFO - [2024-09-28T07:52:27.964+0000] {dag.py:4180} INFO - Setting next_dagrun for example_task_group to None, run_after=None
[2024-09-28T07:52:27.971+0000] {processor.py:208} INFO - Processing /home/airflow/.local/lib/python3.12/site-packages/airflow/example_dags/example_task_group.py took 0.033 seconds
[2024-09-28T07:52:58.202+0000] {processor.py:186} INFO - Started process (PID=3351) to work on /home/airflow/.local/lib/python3.12/site-packages/airflow/example_dags/example_task_group.py
[2024-09-28T07:52:58.203+0000] {processor.py:914} INFO - Processing file /home/airflow/.local/lib/python3.12/site-packages/airflow/example_dags/example_task_group.py for tasks to queue
[2024-09-28T07:52:58.204+0000] {logging_mixin.py:190} INFO - [2024-09-28T07:52:58.204+0000] {dagbag.py:588} INFO - Filling up the DagBag from /home/airflow/.local/lib/python3.12/site-packages/airflow/example_dags/example_task_group.py
[2024-09-28T07:52:58.209+0000] {processor.py:925} INFO - DAG(s) 'example_task_group' retrieved from /home/airflow/.local/lib/python3.12/site-packages/airflow/example_dags/example_task_group.py
[2024-09-28T07:52:58.219+0000] {logging_mixin.py:190} INFO - [2024-09-28T07:52:58.219+0000] {dag.py:3239} INFO - Sync 1 DAGs
[2024-09-28T07:52:58.226+0000] {logging_mixin.py:190} INFO - [2024-09-28T07:52:58.226+0000] {dag.py:4180} INFO - Setting next_dagrun for example_task_group to None, run_after=None
[2024-09-28T07:52:58.234+0000] {processor.py:208} INFO - Processing /home/airflow/.local/lib/python3.12/site-packages/airflow/example_dags/example_task_group.py took 0.035 seconds
[2024-09-28T07:53:28.542+0000] {processor.py:186} INFO - Started process (PID=3637) to work on /home/airflow/.local/lib/python3.12/site-packages/airflow/example_dags/example_task_group.py
[2024-09-28T07:53:28.543+0000] {processor.py:914} INFO - Processing file /home/airflow/.local/lib/python3.12/site-packages/airflow/example_dags/example_task_group.py for tasks to queue
[2024-09-28T07:53:28.545+0000] {logging_mixin.py:190} INFO - [2024-09-28T07:53:28.545+0000] {dagbag.py:588} INFO - Filling up the DagBag from /home/airflow/.local/lib/python3.12/site-packages/airflow/example_dags/example_task_group.py
[2024-09-28T07:53:28.550+0000] {processor.py:925} INFO - DAG(s) 'example_task_group' retrieved from /home/airflow/.local/lib/python3.12/site-packages/airflow/example_dags/example_task_group.py
[2024-09-28T07:53:28.564+0000] {logging_mixin.py:190} INFO - [2024-09-28T07:53:28.564+0000] {dag.py:3239} INFO - Sync 1 DAGs
[2024-09-28T07:53:28.572+0000] {logging_mixin.py:190} INFO - [2024-09-28T07:53:28.572+0000] {dag.py:4180} INFO - Setting next_dagrun for example_task_group to None, run_after=None
[2024-09-28T07:53:28.582+0000] {processor.py:208} INFO - Processing /home/airflow/.local/lib/python3.12/site-packages/airflow/example_dags/example_task_group.py took 0.044 seconds
[2024-09-28T07:53:58.751+0000] {processor.py:186} INFO - Started process (PID=3923) to work on /home/airflow/.local/lib/python3.12/site-packages/airflow/example_dags/example_task_group.py
[2024-09-28T07:53:58.752+0000] {processor.py:914} INFO - Processing file /home/airflow/.local/lib/python3.12/site-packages/airflow/example_dags/example_task_group.py for tasks to queue
[2024-09-28T07:53:58.753+0000] {logging_mixin.py:190} INFO - [2024-09-28T07:53:58.753+0000] {dagbag.py:588} INFO - Filling up the DagBag from /home/airflow/.local/lib/python3.12/site-packages/airflow/example_dags/example_task_group.py
[2024-09-28T07:53:58.757+0000] {processor.py:925} INFO - DAG(s) 'example_task_group' retrieved from /home/airflow/.local/lib/python3.12/site-packages/airflow/example_dags/example_task_group.py
[2024-09-28T07:53:58.767+0000] {logging_mixin.py:190} INFO - [2024-09-28T07:53:58.767+0000] {dag.py:3239} INFO - Sync 1 DAGs
[2024-09-28T07:53:58.774+0000] {logging_mixin.py:190} INFO - [2024-09-28T07:53:58.774+0000] {dag.py:4180} INFO - Setting next_dagrun for example_task_group to None, run_after=None
[2024-09-28T07:53:58.782+0000] {processor.py:208} INFO - Processing /home/airflow/.local/lib/python3.12/site-packages/airflow/example_dags/example_task_group.py took 0.034 seconds
[2024-09-28T07:54:29.009+0000] {processor.py:186} INFO - Started process (PID=4209) to work on /home/airflow/.local/lib/python3.12/site-packages/airflow/example_dags/example_task_group.py
[2024-09-28T07:54:29.010+0000] {processor.py:914} INFO - Processing file /home/airflow/.local/lib/python3.12/site-packages/airflow/example_dags/example_task_group.py for tasks to queue
[2024-09-28T07:54:29.011+0000] {logging_mixin.py:190} INFO - [2024-09-28T07:54:29.011+0000] {dagbag.py:588} INFO - Filling up the DagBag from /home/airflow/.local/lib/python3.12/site-packages/airflow/example_dags/example_task_group.py
[2024-09-28T07:54:29.016+0000] {processor.py:925} INFO - DAG(s) 'example_task_group' retrieved from /home/airflow/.local/lib/python3.12/site-packages/airflow/example_dags/example_task_group.py
[2024-09-28T07:54:29.026+0000] {logging_mixin.py:190} INFO - [2024-09-28T07:54:29.026+0000] {dag.py:3239} INFO - Sync 1 DAGs
[2024-09-28T07:54:29.033+0000] {logging_mixin.py:190} INFO - [2024-09-28T07:54:29.032+0000] {dag.py:4180} INFO - Setting next_dagrun for example_task_group to None, run_after=None
[2024-09-28T07:54:29.041+0000] {processor.py:208} INFO - Processing /home/airflow/.local/lib/python3.12/site-packages/airflow/example_dags/example_task_group.py took 0.034 seconds
[2024-09-28T07:54:59.649+0000] {processor.py:186} INFO - Started process (PID=4495) to work on /home/airflow/.local/lib/python3.12/site-packages/airflow/example_dags/example_task_group.py
[2024-09-28T07:54:59.650+0000] {processor.py:914} INFO - Processing file /home/airflow/.local/lib/python3.12/site-packages/airflow/example_dags/example_task_group.py for tasks to queue
[2024-09-28T07:54:59.651+0000] {logging_mixin.py:190} INFO - [2024-09-28T07:54:59.651+0000] {dagbag.py:588} INFO - Filling up the DagBag from /home/airflow/.local/lib/python3.12/site-packages/airflow/example_dags/example_task_group.py
[2024-09-28T07:54:59.655+0000] {processor.py:925} INFO - DAG(s) 'example_task_group' retrieved from /home/airflow/.local/lib/python3.12/site-packages/airflow/example_dags/example_task_group.py
[2024-09-28T07:54:59.664+0000] {logging_mixin.py:190} INFO - [2024-09-28T07:54:59.664+0000] {dag.py:3239} INFO - Sync 1 DAGs
[2024-09-28T07:54:59.671+0000] {logging_mixin.py:190} INFO - [2024-09-28T07:54:59.670+0000] {dag.py:4180} INFO - Setting next_dagrun for example_task_group to None, run_after=None
[2024-09-28T07:54:59.678+0000] {processor.py:208} INFO - Processing /home/airflow/.local/lib/python3.12/site-packages/airflow/example_dags/example_task_group.py took 0.032 seconds
[2024-09-28T07:55:29.959+0000] {processor.py:186} INFO - Started process (PID=4781) to work on /home/airflow/.local/lib/python3.12/site-packages/airflow/example_dags/example_task_group.py
[2024-09-28T07:55:29.960+0000] {processor.py:914} INFO - Processing file /home/airflow/.local/lib/python3.12/site-packages/airflow/example_dags/example_task_group.py for tasks to queue
[2024-09-28T07:55:29.961+0000] {logging_mixin.py:190} INFO - [2024-09-28T07:55:29.961+0000] {dagbag.py:588} INFO - Filling up the DagBag from /home/airflow/.local/lib/python3.12/site-packages/airflow/example_dags/example_task_group.py
[2024-09-28T07:55:29.967+0000] {processor.py:925} INFO - DAG(s) 'example_task_group' retrieved from /home/airflow/.local/lib/python3.12/site-packages/airflow/example_dags/example_task_group.py
[2024-09-28T07:55:29.982+0000] {logging_mixin.py:190} INFO - [2024-09-28T07:55:29.982+0000] {dag.py:3239} INFO - Sync 1 DAGs
[2024-09-28T07:55:29.990+0000] {logging_mixin.py:190} INFO - [2024-09-28T07:55:29.990+0000] {dag.py:4180} INFO - Setting next_dagrun for example_task_group to None, run_after=None
[2024-09-28T07:55:29.999+0000] {processor.py:208} INFO - Processing /home/airflow/.local/lib/python3.12/site-packages/airflow/example_dags/example_task_group.py took 0.043 seconds
[2024-09-28T07:56:00.357+0000] {processor.py:186} INFO - Started process (PID=5073) to work on /home/airflow/.local/lib/python3.12/site-packages/airflow/example_dags/example_task_group.py
[2024-09-28T07:56:00.358+0000] {processor.py:914} INFO - Processing file /home/airflow/.local/lib/python3.12/site-packages/airflow/example_dags/example_task_group.py for tasks to queue
[2024-09-28T07:56:00.359+0000] {logging_mixin.py:190} INFO - [2024-09-28T07:56:00.359+0000] {dagbag.py:588} INFO - Filling up the DagBag from /home/airflow/.local/lib/python3.12/site-packages/airflow/example_dags/example_task_group.py
[2024-09-28T07:56:00.364+0000] {processor.py:925} INFO - DAG(s) 'example_task_group' retrieved from /home/airflow/.local/lib/python3.12/site-packages/airflow/example_dags/example_task_group.py
[2024-09-28T07:56:00.374+0000] {logging_mixin.py:190} INFO - [2024-09-28T07:56:00.374+0000] {dag.py:3239} INFO - Sync 1 DAGs
[2024-09-28T07:56:00.380+0000] {logging_mixin.py:190} INFO - [2024-09-28T07:56:00.380+0000] {dag.py:4180} INFO - Setting next_dagrun for example_task_group to None, run_after=None
[2024-09-28T07:56:00.388+0000] {processor.py:208} INFO - Processing /home/airflow/.local/lib/python3.12/site-packages/airflow/example_dags/example_task_group.py took 0.034 seconds
[2024-09-28T07:56:30.715+0000] {processor.py:186} INFO - Started process (PID=5359) to work on /home/airflow/.local/lib/python3.12/site-packages/airflow/example_dags/example_task_group.py
[2024-09-28T07:56:30.717+0000] {processor.py:914} INFO - Processing file /home/airflow/.local/lib/python3.12/site-packages/airflow/example_dags/example_task_group.py for tasks to queue
[2024-09-28T07:56:30.718+0000] {logging_mixin.py:190} INFO - [2024-09-28T07:56:30.718+0000] {dagbag.py:588} INFO - Filling up the DagBag from /home/airflow/.local/lib/python3.12/site-packages/airflow/example_dags/example_task_group.py
[2024-09-28T07:56:30.722+0000] {processor.py:925} INFO - DAG(s) 'example_task_group' retrieved from /home/airflow/.local/lib/python3.12/site-packages/airflow/example_dags/example_task_group.py
[2024-09-28T07:56:30.733+0000] {logging_mixin.py:190} INFO - [2024-09-28T07:56:30.733+0000] {dag.py:3239} INFO - Sync 1 DAGs
[2024-09-28T07:56:30.740+0000] {logging_mixin.py:190} INFO - [2024-09-28T07:56:30.740+0000] {dag.py:4180} INFO - Setting next_dagrun for example_task_group to None, run_after=None
[2024-09-28T07:56:30.748+0000] {processor.py:208} INFO - Processing /home/airflow/.local/lib/python3.12/site-packages/airflow/example_dags/example_task_group.py took 0.036 seconds
[2024-09-28T07:57:01.088+0000] {processor.py:186} INFO - Started process (PID=5645) to work on /home/airflow/.local/lib/python3.12/site-packages/airflow/example_dags/example_task_group.py
[2024-09-28T07:57:01.089+0000] {processor.py:914} INFO - Processing file /home/airflow/.local/lib/python3.12/site-packages/airflow/example_dags/example_task_group.py for tasks to queue
[2024-09-28T07:57:01.090+0000] {logging_mixin.py:190} INFO - [2024-09-28T07:57:01.090+0000] {dagbag.py:588} INFO - Filling up the DagBag from /home/airflow/.local/lib/python3.12/site-packages/airflow/example_dags/example_task_group.py
[2024-09-28T07:57:01.094+0000] {processor.py:925} INFO - DAG(s) 'example_task_group' retrieved from /home/airflow/.local/lib/python3.12/site-packages/airflow/example_dags/example_task_group.py
[2024-09-28T07:57:01.104+0000] {logging_mixin.py:190} INFO - [2024-09-28T07:57:01.104+0000] {dag.py:3239} INFO - Sync 1 DAGs
[2024-09-28T07:57:01.110+0000] {logging_mixin.py:190} INFO - [2024-09-28T07:57:01.110+0000] {dag.py:4180} INFO - Setting next_dagrun for example_task_group to None, run_after=None
[2024-09-28T07:57:01.117+0000] {processor.py:208} INFO - Processing /home/airflow/.local/lib/python3.12/site-packages/airflow/example_dags/example_task_group.py took 0.032 seconds
[2024-09-28T07:57:31.442+0000] {processor.py:186} INFO - Started process (PID=5930) to work on /home/airflow/.local/lib/python3.12/site-packages/airflow/example_dags/example_task_group.py
[2024-09-28T07:57:31.443+0000] {processor.py:914} INFO - Processing file /home/airflow/.local/lib/python3.12/site-packages/airflow/example_dags/example_task_group.py for tasks to queue
[2024-09-28T07:57:31.444+0000] {logging_mixin.py:190} INFO - [2024-09-28T07:57:31.444+0000] {dagbag.py:588} INFO - Filling up the DagBag from /home/airflow/.local/lib/python3.12/site-packages/airflow/example_dags/example_task_group.py
[2024-09-28T07:57:31.449+0000] {processor.py:925} INFO - DAG(s) 'example_task_group' retrieved from /home/airflow/.local/lib/python3.12/site-packages/airflow/example_dags/example_task_group.py
[2024-09-28T07:57:31.460+0000] {logging_mixin.py:190} INFO - [2024-09-28T07:57:31.460+0000] {dag.py:3239} INFO - Sync 1 DAGs
[2024-09-28T07:57:31.470+0000] {logging_mixin.py:190} INFO - [2024-09-28T07:57:31.470+0000] {dag.py:4180} INFO - Setting next_dagrun for example_task_group to None, run_after=None
[2024-09-28T07:57:31.484+0000] {processor.py:208} INFO - Processing /home/airflow/.local/lib/python3.12/site-packages/airflow/example_dags/example_task_group.py took 0.047 seconds
[2024-09-28T07:58:01.641+0000] {processor.py:186} INFO - Started process (PID=6216) to work on /home/airflow/.local/lib/python3.12/site-packages/airflow/example_dags/example_task_group.py
[2024-09-28T07:58:01.642+0000] {processor.py:914} INFO - Processing file /home/airflow/.local/lib/python3.12/site-packages/airflow/example_dags/example_task_group.py for tasks to queue
[2024-09-28T07:58:01.643+0000] {logging_mixin.py:190} INFO - [2024-09-28T07:58:01.643+0000] {dagbag.py:588} INFO - Filling up the DagBag from /home/airflow/.local/lib/python3.12/site-packages/airflow/example_dags/example_task_group.py
[2024-09-28T07:58:01.648+0000] {processor.py:925} INFO - DAG(s) 'example_task_group' retrieved from /home/airflow/.local/lib/python3.12/site-packages/airflow/example_dags/example_task_group.py
[2024-09-28T07:58:01.660+0000] {logging_mixin.py:190} INFO - [2024-09-28T07:58:01.660+0000] {dag.py:3239} INFO - Sync 1 DAGs
[2024-09-28T07:58:01.668+0000] {logging_mixin.py:190} INFO - [2024-09-28T07:58:01.667+0000] {dag.py:4180} INFO - Setting next_dagrun for example_task_group to None, run_after=None
[2024-09-28T07:58:01.677+0000] {processor.py:208} INFO - Processing /home/airflow/.local/lib/python3.12/site-packages/airflow/example_dags/example_task_group.py took 0.039 seconds
[2024-09-28T07:58:31.999+0000] {processor.py:186} INFO - Started process (PID=6502) to work on /home/airflow/.local/lib/python3.12/site-packages/airflow/example_dags/example_task_group.py
[2024-09-28T07:58:32.000+0000] {processor.py:914} INFO - Processing file /home/airflow/.local/lib/python3.12/site-packages/airflow/example_dags/example_task_group.py for tasks to queue
[2024-09-28T07:58:32.001+0000] {logging_mixin.py:190} INFO - [2024-09-28T07:58:32.001+0000] {dagbag.py:588} INFO - Filling up the DagBag from /home/airflow/.local/lib/python3.12/site-packages/airflow/example_dags/example_task_group.py
[2024-09-28T07:58:32.006+0000] {processor.py:925} INFO - DAG(s) 'example_task_group' retrieved from /home/airflow/.local/lib/python3.12/site-packages/airflow/example_dags/example_task_group.py
[2024-09-28T07:58:32.016+0000] {logging_mixin.py:190} INFO - [2024-09-28T07:58:32.016+0000] {dag.py:3239} INFO - Sync 1 DAGs
[2024-09-28T07:58:32.022+0000] {logging_mixin.py:190} INFO - [2024-09-28T07:58:32.022+0000] {dag.py:4180} INFO - Setting next_dagrun for example_task_group to None, run_after=None
[2024-09-28T07:58:32.030+0000] {processor.py:208} INFO - Processing /home/airflow/.local/lib/python3.12/site-packages/airflow/example_dags/example_task_group.py took 0.034 seconds
[2024-09-28T07:59:02.344+0000] {processor.py:186} INFO - Started process (PID=6788) to work on /home/airflow/.local/lib/python3.12/site-packages/airflow/example_dags/example_task_group.py
[2024-09-28T07:59:02.344+0000] {processor.py:914} INFO - Processing file /home/airflow/.local/lib/python3.12/site-packages/airflow/example_dags/example_task_group.py for tasks to queue
[2024-09-28T07:59:02.345+0000] {logging_mixin.py:190} INFO - [2024-09-28T07:59:02.345+0000] {dagbag.py:588} INFO - Filling up the DagBag from /home/airflow/.local/lib/python3.12/site-packages/airflow/example_dags/example_task_group.py
[2024-09-28T07:59:02.350+0000] {processor.py:925} INFO - DAG(s) 'example_task_group' retrieved from /home/airflow/.local/lib/python3.12/site-packages/airflow/example_dags/example_task_group.py
[2024-09-28T07:59:02.359+0000] {logging_mixin.py:190} INFO - [2024-09-28T07:59:02.359+0000] {dag.py:3239} INFO - Sync 1 DAGs
[2024-09-28T07:59:02.365+0000] {logging_mixin.py:190} INFO - [2024-09-28T07:59:02.365+0000] {dag.py:4180} INFO - Setting next_dagrun for example_task_group to None, run_after=None
[2024-09-28T07:59:02.373+0000] {processor.py:208} INFO - Processing /home/airflow/.local/lib/python3.12/site-packages/airflow/example_dags/example_task_group.py took 0.032 seconds
[2024-09-28T07:59:32.948+0000] {processor.py:186} INFO - Started process (PID=7074) to work on /home/airflow/.local/lib/python3.12/site-packages/airflow/example_dags/example_task_group.py
[2024-09-28T07:59:32.949+0000] {processor.py:914} INFO - Processing file /home/airflow/.local/lib/python3.12/site-packages/airflow/example_dags/example_task_group.py for tasks to queue
[2024-09-28T07:59:32.950+0000] {logging_mixin.py:190} INFO - [2024-09-28T07:59:32.949+0000] {dagbag.py:588} INFO - Filling up the DagBag from /home/airflow/.local/lib/python3.12/site-packages/airflow/example_dags/example_task_group.py
[2024-09-28T07:59:32.955+0000] {processor.py:925} INFO - DAG(s) 'example_task_group' retrieved from /home/airflow/.local/lib/python3.12/site-packages/airflow/example_dags/example_task_group.py
[2024-09-28T07:59:32.966+0000] {logging_mixin.py:190} INFO - [2024-09-28T07:59:32.965+0000] {dag.py:3239} INFO - Sync 1 DAGs
[2024-09-28T07:59:32.972+0000] {logging_mixin.py:190} INFO - [2024-09-28T07:59:32.972+0000] {dag.py:4180} INFO - Setting next_dagrun for example_task_group to None, run_after=None
[2024-09-28T07:59:32.980+0000] {processor.py:208} INFO - Processing /home/airflow/.local/lib/python3.12/site-packages/airflow/example_dags/example_task_group.py took 0.035 seconds
[2024-09-28T08:00:03.347+0000] {processor.py:186} INFO - Started process (PID=7360) to work on /home/airflow/.local/lib/python3.12/site-packages/airflow/example_dags/example_task_group.py
[2024-09-28T08:00:03.348+0000] {processor.py:914} INFO - Processing file /home/airflow/.local/lib/python3.12/site-packages/airflow/example_dags/example_task_group.py for tasks to queue
[2024-09-28T08:00:03.349+0000] {logging_mixin.py:190} INFO - [2024-09-28T08:00:03.349+0000] {dagbag.py:588} INFO - Filling up the DagBag from /home/airflow/.local/lib/python3.12/site-packages/airflow/example_dags/example_task_group.py
[2024-09-28T08:00:03.353+0000] {processor.py:925} INFO - DAG(s) 'example_task_group' retrieved from /home/airflow/.local/lib/python3.12/site-packages/airflow/example_dags/example_task_group.py
[2024-09-28T08:00:03.364+0000] {logging_mixin.py:190} INFO - [2024-09-28T08:00:03.364+0000] {dag.py:3239} INFO - Sync 1 DAGs
[2024-09-28T08:00:03.371+0000] {logging_mixin.py:190} INFO - [2024-09-28T08:00:03.370+0000] {dag.py:4180} INFO - Setting next_dagrun for example_task_group to None, run_after=None
[2024-09-28T08:00:03.378+0000] {processor.py:208} INFO - Processing /home/airflow/.local/lib/python3.12/site-packages/airflow/example_dags/example_task_group.py took 0.035 seconds
[2024-09-28T08:00:33.638+0000] {processor.py:186} INFO - Started process (PID=7646) to work on /home/airflow/.local/lib/python3.12/site-packages/airflow/example_dags/example_task_group.py
[2024-09-28T08:00:33.639+0000] {processor.py:914} INFO - Processing file /home/airflow/.local/lib/python3.12/site-packages/airflow/example_dags/example_task_group.py for tasks to queue
[2024-09-28T08:00:33.640+0000] {logging_mixin.py:190} INFO - [2024-09-28T08:00:33.640+0000] {dagbag.py:588} INFO - Filling up the DagBag from /home/airflow/.local/lib/python3.12/site-packages/airflow/example_dags/example_task_group.py
[2024-09-28T08:00:33.645+0000] {processor.py:925} INFO - DAG(s) 'example_task_group' retrieved from /home/airflow/.local/lib/python3.12/site-packages/airflow/example_dags/example_task_group.py
[2024-09-28T08:00:33.658+0000] {logging_mixin.py:190} INFO - [2024-09-28T08:00:33.658+0000] {dag.py:3239} INFO - Sync 1 DAGs
[2024-09-28T08:00:33.665+0000] {logging_mixin.py:190} INFO - [2024-09-28T08:00:33.665+0000] {dag.py:4180} INFO - Setting next_dagrun for example_task_group to None, run_after=None
[2024-09-28T08:00:33.675+0000] {processor.py:208} INFO - Processing /home/airflow/.local/lib/python3.12/site-packages/airflow/example_dags/example_task_group.py took 0.039 seconds
[2024-09-28T08:01:04.134+0000] {processor.py:186} INFO - Started process (PID=7932) to work on /home/airflow/.local/lib/python3.12/site-packages/airflow/example_dags/example_task_group.py
[2024-09-28T08:01:04.135+0000] {processor.py:914} INFO - Processing file /home/airflow/.local/lib/python3.12/site-packages/airflow/example_dags/example_task_group.py for tasks to queue
[2024-09-28T08:01:04.137+0000] {logging_mixin.py:190} INFO - [2024-09-28T08:01:04.136+0000] {dagbag.py:588} INFO - Filling up the DagBag from /home/airflow/.local/lib/python3.12/site-packages/airflow/example_dags/example_task_group.py
[2024-09-28T08:01:04.141+0000] {processor.py:925} INFO - DAG(s) 'example_task_group' retrieved from /home/airflow/.local/lib/python3.12/site-packages/airflow/example_dags/example_task_group.py
[2024-09-28T08:01:04.152+0000] {logging_mixin.py:190} INFO - [2024-09-28T08:01:04.152+0000] {dag.py:3239} INFO - Sync 1 DAGs
[2024-09-28T08:01:04.159+0000] {logging_mixin.py:190} INFO - [2024-09-28T08:01:04.158+0000] {dag.py:4180} INFO - Setting next_dagrun for example_task_group to None, run_after=None
[2024-09-28T08:01:04.166+0000] {processor.py:208} INFO - Processing /home/airflow/.local/lib/python3.12/site-packages/airflow/example_dags/example_task_group.py took 0.035 seconds
[2024-09-28T08:01:34.651+0000] {processor.py:186} INFO - Started process (PID=8218) to work on /home/airflow/.local/lib/python3.12/site-packages/airflow/example_dags/example_task_group.py
[2024-09-28T08:01:34.652+0000] {processor.py:914} INFO - Processing file /home/airflow/.local/lib/python3.12/site-packages/airflow/example_dags/example_task_group.py for tasks to queue
[2024-09-28T08:01:34.653+0000] {logging_mixin.py:190} INFO - [2024-09-28T08:01:34.653+0000] {dagbag.py:588} INFO - Filling up the DagBag from /home/airflow/.local/lib/python3.12/site-packages/airflow/example_dags/example_task_group.py
[2024-09-28T08:01:34.658+0000] {processor.py:925} INFO - DAG(s) 'example_task_group' retrieved from /home/airflow/.local/lib/python3.12/site-packages/airflow/example_dags/example_task_group.py
[2024-09-28T08:01:34.668+0000] {logging_mixin.py:190} INFO - [2024-09-28T08:01:34.668+0000] {dag.py:3239} INFO - Sync 1 DAGs
[2024-09-28T08:01:34.675+0000] {logging_mixin.py:190} INFO - [2024-09-28T08:01:34.674+0000] {dag.py:4180} INFO - Setting next_dagrun for example_task_group to None, run_after=None
[2024-09-28T08:01:34.682+0000] {processor.py:208} INFO - Processing /home/airflow/.local/lib/python3.12/site-packages/airflow/example_dags/example_task_group.py took 0.034 seconds
[2024-09-28T08:02:05.412+0000] {processor.py:186} INFO - Started process (PID=8504) to work on /home/airflow/.local/lib/python3.12/site-packages/airflow/example_dags/example_task_group.py
[2024-09-28T08:02:05.413+0000] {processor.py:914} INFO - Processing file /home/airflow/.local/lib/python3.12/site-packages/airflow/example_dags/example_task_group.py for tasks to queue
[2024-09-28T08:02:05.414+0000] {logging_mixin.py:190} INFO - [2024-09-28T08:02:05.414+0000] {dagbag.py:588} INFO - Filling up the DagBag from /home/airflow/.local/lib/python3.12/site-packages/airflow/example_dags/example_task_group.py
[2024-09-28T08:02:05.420+0000] {processor.py:925} INFO - DAG(s) 'example_task_group' retrieved from /home/airflow/.local/lib/python3.12/site-packages/airflow/example_dags/example_task_group.py
[2024-09-28T08:02:05.431+0000] {logging_mixin.py:190} INFO - [2024-09-28T08:02:05.430+0000] {dag.py:3239} INFO - Sync 1 DAGs
[2024-09-28T08:02:05.437+0000] {logging_mixin.py:190} INFO - [2024-09-28T08:02:05.437+0000] {dag.py:4180} INFO - Setting next_dagrun for example_task_group to None, run_after=None
[2024-09-28T08:02:05.445+0000] {processor.py:208} INFO - Processing /home/airflow/.local/lib/python3.12/site-packages/airflow/example_dags/example_task_group.py took 0.036 seconds
[2024-09-28T08:02:36.145+0000] {processor.py:186} INFO - Started process (PID=8790) to work on /home/airflow/.local/lib/python3.12/site-packages/airflow/example_dags/example_task_group.py
[2024-09-28T08:02:36.146+0000] {processor.py:914} INFO - Processing file /home/airflow/.local/lib/python3.12/site-packages/airflow/example_dags/example_task_group.py for tasks to queue
[2024-09-28T08:02:36.147+0000] {logging_mixin.py:190} INFO - [2024-09-28T08:02:36.147+0000] {dagbag.py:588} INFO - Filling up the DagBag from /home/airflow/.local/lib/python3.12/site-packages/airflow/example_dags/example_task_group.py
[2024-09-28T08:02:36.151+0000] {processor.py:925} INFO - DAG(s) 'example_task_group' retrieved from /home/airflow/.local/lib/python3.12/site-packages/airflow/example_dags/example_task_group.py
[2024-09-28T08:02:36.161+0000] {logging_mixin.py:190} INFO - [2024-09-28T08:02:36.161+0000] {dag.py:3239} INFO - Sync 1 DAGs
[2024-09-28T08:02:36.167+0000] {logging_mixin.py:190} INFO - [2024-09-28T08:02:36.167+0000] {dag.py:4180} INFO - Setting next_dagrun for example_task_group to None, run_after=None
[2024-09-28T08:02:36.174+0000] {processor.py:208} INFO - Processing /home/airflow/.local/lib/python3.12/site-packages/airflow/example_dags/example_task_group.py took 0.033 seconds
[2024-09-28T08:03:06.709+0000] {processor.py:186} INFO - Started process (PID=9076) to work on /home/airflow/.local/lib/python3.12/site-packages/airflow/example_dags/example_task_group.py
[2024-09-28T08:03:06.710+0000] {processor.py:914} INFO - Processing file /home/airflow/.local/lib/python3.12/site-packages/airflow/example_dags/example_task_group.py for tasks to queue
[2024-09-28T08:03:06.711+0000] {logging_mixin.py:190} INFO - [2024-09-28T08:03:06.711+0000] {dagbag.py:588} INFO - Filling up the DagBag from /home/airflow/.local/lib/python3.12/site-packages/airflow/example_dags/example_task_group.py
[2024-09-28T08:03:06.716+0000] {processor.py:925} INFO - DAG(s) 'example_task_group' retrieved from /home/airflow/.local/lib/python3.12/site-packages/airflow/example_dags/example_task_group.py
[2024-09-28T08:03:06.726+0000] {logging_mixin.py:190} INFO - [2024-09-28T08:03:06.726+0000] {dag.py:3239} INFO - Sync 1 DAGs
[2024-09-28T08:03:06.732+0000] {logging_mixin.py:190} INFO - [2024-09-28T08:03:06.732+0000] {dag.py:4180} INFO - Setting next_dagrun for example_task_group to None, run_after=None
[2024-09-28T08:03:06.740+0000] {processor.py:208} INFO - Processing /home/airflow/.local/lib/python3.12/site-packages/airflow/example_dags/example_task_group.py took 0.034 seconds
[2024-09-28T08:03:37.183+0000] {processor.py:186} INFO - Started process (PID=9362) to work on /home/airflow/.local/lib/python3.12/site-packages/airflow/example_dags/example_task_group.py
[2024-09-28T08:03:37.184+0000] {processor.py:914} INFO - Processing file /home/airflow/.local/lib/python3.12/site-packages/airflow/example_dags/example_task_group.py for tasks to queue
[2024-09-28T08:03:37.185+0000] {logging_mixin.py:190} INFO - [2024-09-28T08:03:37.185+0000] {dagbag.py:588} INFO - Filling up the DagBag from /home/airflow/.local/lib/python3.12/site-packages/airflow/example_dags/example_task_group.py
[2024-09-28T08:03:37.189+0000] {processor.py:925} INFO - DAG(s) 'example_task_group' retrieved from /home/airflow/.local/lib/python3.12/site-packages/airflow/example_dags/example_task_group.py
[2024-09-28T08:03:37.200+0000] {logging_mixin.py:190} INFO - [2024-09-28T08:03:37.200+0000] {dag.py:3239} INFO - Sync 1 DAGs
[2024-09-28T08:03:37.206+0000] {logging_mixin.py:190} INFO - [2024-09-28T08:03:37.206+0000] {dag.py:4180} INFO - Setting next_dagrun for example_task_group to None, run_after=None
[2024-09-28T08:03:37.214+0000] {processor.py:208} INFO - Processing /home/airflow/.local/lib/python3.12/site-packages/airflow/example_dags/example_task_group.py took 0.034 seconds
[2024-09-28T08:04:07.727+0000] {processor.py:186} INFO - Started process (PID=9648) to work on /home/airflow/.local/lib/python3.12/site-packages/airflow/example_dags/example_task_group.py
[2024-09-28T08:04:07.727+0000] {processor.py:914} INFO - Processing file /home/airflow/.local/lib/python3.12/site-packages/airflow/example_dags/example_task_group.py for tasks to queue
[2024-09-28T08:04:07.728+0000] {logging_mixin.py:190} INFO - [2024-09-28T08:04:07.728+0000] {dagbag.py:588} INFO - Filling up the DagBag from /home/airflow/.local/lib/python3.12/site-packages/airflow/example_dags/example_task_group.py
[2024-09-28T08:04:07.733+0000] {processor.py:925} INFO - DAG(s) 'example_task_group' retrieved from /home/airflow/.local/lib/python3.12/site-packages/airflow/example_dags/example_task_group.py
[2024-09-28T08:04:07.743+0000] {logging_mixin.py:190} INFO - [2024-09-28T08:04:07.742+0000] {dag.py:3239} INFO - Sync 1 DAGs
[2024-09-28T08:04:07.749+0000] {logging_mixin.py:190} INFO - [2024-09-28T08:04:07.748+0000] {dag.py:4180} INFO - Setting next_dagrun for example_task_group to None, run_after=None
[2024-09-28T08:04:07.756+0000] {processor.py:208} INFO - Processing /home/airflow/.local/lib/python3.12/site-packages/airflow/example_dags/example_task_group.py took 0.032 seconds
[2024-09-28T08:04:38.384+0000] {processor.py:186} INFO - Started process (PID=9934) to work on /home/airflow/.local/lib/python3.12/site-packages/airflow/example_dags/example_task_group.py
[2024-09-28T08:04:38.385+0000] {processor.py:914} INFO - Processing file /home/airflow/.local/lib/python3.12/site-packages/airflow/example_dags/example_task_group.py for tasks to queue
[2024-09-28T08:04:38.386+0000] {logging_mixin.py:190} INFO - [2024-09-28T08:04:38.385+0000] {dagbag.py:588} INFO - Filling up the DagBag from /home/airflow/.local/lib/python3.12/site-packages/airflow/example_dags/example_task_group.py
[2024-09-28T08:04:38.392+0000] {processor.py:925} INFO - DAG(s) 'example_task_group' retrieved from /home/airflow/.local/lib/python3.12/site-packages/airflow/example_dags/example_task_group.py
[2024-09-28T08:04:38.404+0000] {logging_mixin.py:190} INFO - [2024-09-28T08:04:38.404+0000] {dag.py:3239} INFO - Sync 1 DAGs
[2024-09-28T08:04:38.410+0000] {logging_mixin.py:190} INFO - [2024-09-28T08:04:38.410+0000] {dag.py:4180} INFO - Setting next_dagrun for example_task_group to None, run_after=None
[2024-09-28T08:04:38.417+0000] {processor.py:208} INFO - Processing /home/airflow/.local/lib/python3.12/site-packages/airflow/example_dags/example_task_group.py took 0.036 seconds
[2024-09-28T08:05:08.933+0000] {processor.py:186} INFO - Started process (PID=10220) to work on /home/airflow/.local/lib/python3.12/site-packages/airflow/example_dags/example_task_group.py
[2024-09-28T08:05:08.934+0000] {processor.py:914} INFO - Processing file /home/airflow/.local/lib/python3.12/site-packages/airflow/example_dags/example_task_group.py for tasks to queue
[2024-09-28T08:05:08.935+0000] {logging_mixin.py:190} INFO - [2024-09-28T08:05:08.935+0000] {dagbag.py:588} INFO - Filling up the DagBag from /home/airflow/.local/lib/python3.12/site-packages/airflow/example_dags/example_task_group.py
[2024-09-28T08:05:08.940+0000] {processor.py:925} INFO - DAG(s) 'example_task_group' retrieved from /home/airflow/.local/lib/python3.12/site-packages/airflow/example_dags/example_task_group.py
[2024-09-28T08:05:08.950+0000] {logging_mixin.py:190} INFO - [2024-09-28T08:05:08.949+0000] {dag.py:3239} INFO - Sync 1 DAGs
[2024-09-28T08:05:08.956+0000] {logging_mixin.py:190} INFO - [2024-09-28T08:05:08.955+0000] {dag.py:4180} INFO - Setting next_dagrun for example_task_group to None, run_after=None
[2024-09-28T08:05:08.963+0000] {processor.py:208} INFO - Processing /home/airflow/.local/lib/python3.12/site-packages/airflow/example_dags/example_task_group.py took 0.032 seconds
[2024-09-28T08:05:39.368+0000] {processor.py:186} INFO - Started process (PID=10506) to work on /home/airflow/.local/lib/python3.12/site-packages/airflow/example_dags/example_task_group.py
[2024-09-28T08:05:39.369+0000] {processor.py:914} INFO - Processing file /home/airflow/.local/lib/python3.12/site-packages/airflow/example_dags/example_task_group.py for tasks to queue
[2024-09-28T08:05:39.370+0000] {logging_mixin.py:190} INFO - [2024-09-28T08:05:39.370+0000] {dagbag.py:588} INFO - Filling up the DagBag from /home/airflow/.local/lib/python3.12/site-packages/airflow/example_dags/example_task_group.py
[2024-09-28T08:05:39.375+0000] {processor.py:925} INFO - DAG(s) 'example_task_group' retrieved from /home/airflow/.local/lib/python3.12/site-packages/airflow/example_dags/example_task_group.py
[2024-09-28T08:05:39.385+0000] {logging_mixin.py:190} INFO - [2024-09-28T08:05:39.385+0000] {dag.py:3239} INFO - Sync 1 DAGs
[2024-09-28T08:05:39.394+0000] {logging_mixin.py:190} INFO - [2024-09-28T08:05:39.394+0000] {dag.py:4180} INFO - Setting next_dagrun for example_task_group to None, run_after=None
[2024-09-28T08:05:39.406+0000] {processor.py:208} INFO - Processing /home/airflow/.local/lib/python3.12/site-packages/airflow/example_dags/example_task_group.py took 0.042 seconds
[2024-09-28T08:06:09.928+0000] {processor.py:186} INFO - Started process (PID=10792) to work on /home/airflow/.local/lib/python3.12/site-packages/airflow/example_dags/example_task_group.py
[2024-09-28T08:06:09.929+0000] {processor.py:914} INFO - Processing file /home/airflow/.local/lib/python3.12/site-packages/airflow/example_dags/example_task_group.py for tasks to queue
[2024-09-28T08:06:09.930+0000] {logging_mixin.py:190} INFO - [2024-09-28T08:06:09.930+0000] {dagbag.py:588} INFO - Filling up the DagBag from /home/airflow/.local/lib/python3.12/site-packages/airflow/example_dags/example_task_group.py
[2024-09-28T08:06:09.934+0000] {processor.py:925} INFO - DAG(s) 'example_task_group' retrieved from /home/airflow/.local/lib/python3.12/site-packages/airflow/example_dags/example_task_group.py
[2024-09-28T08:06:09.947+0000] {logging_mixin.py:190} INFO - [2024-09-28T08:06:09.947+0000] {dag.py:3239} INFO - Sync 1 DAGs
[2024-09-28T08:06:09.954+0000] {logging_mixin.py:190} INFO - [2024-09-28T08:06:09.953+0000] {dag.py:4180} INFO - Setting next_dagrun for example_task_group to None, run_after=None
[2024-09-28T08:06:09.961+0000] {processor.py:208} INFO - Processing /home/airflow/.local/lib/python3.12/site-packages/airflow/example_dags/example_task_group.py took 0.036 seconds
[2024-09-28T08:06:40.812+0000] {processor.py:186} INFO - Started process (PID=11078) to work on /home/airflow/.local/lib/python3.12/site-packages/airflow/example_dags/example_task_group.py
[2024-09-28T08:06:40.813+0000] {processor.py:914} INFO - Processing file /home/airflow/.local/lib/python3.12/site-packages/airflow/example_dags/example_task_group.py for tasks to queue
[2024-09-28T08:06:40.814+0000] {logging_mixin.py:190} INFO - [2024-09-28T08:06:40.814+0000] {dagbag.py:588} INFO - Filling up the DagBag from /home/airflow/.local/lib/python3.12/site-packages/airflow/example_dags/example_task_group.py
[2024-09-28T08:06:40.820+0000] {processor.py:925} INFO - DAG(s) 'example_task_group' retrieved from /home/airflow/.local/lib/python3.12/site-packages/airflow/example_dags/example_task_group.py
[2024-09-28T08:06:40.830+0000] {logging_mixin.py:190} INFO - [2024-09-28T08:06:40.830+0000] {dag.py:3239} INFO - Sync 1 DAGs
[2024-09-28T08:06:40.836+0000] {logging_mixin.py:190} INFO - [2024-09-28T08:06:40.836+0000] {dag.py:4180} INFO - Setting next_dagrun for example_task_group to None, run_after=None
[2024-09-28T08:06:40.844+0000] {processor.py:208} INFO - Processing /home/airflow/.local/lib/python3.12/site-packages/airflow/example_dags/example_task_group.py took 0.034 seconds
[2024-09-28T08:07:11.831+0000] {processor.py:186} INFO - Started process (PID=11362) to work on /home/airflow/.local/lib/python3.12/site-packages/airflow/example_dags/example_task_group.py
[2024-09-28T08:07:11.832+0000] {processor.py:914} INFO - Processing file /home/airflow/.local/lib/python3.12/site-packages/airflow/example_dags/example_task_group.py for tasks to queue
[2024-09-28T08:07:11.834+0000] {logging_mixin.py:190} INFO - [2024-09-28T08:07:11.834+0000] {dagbag.py:588} INFO - Filling up the DagBag from /home/airflow/.local/lib/python3.12/site-packages/airflow/example_dags/example_task_group.py
[2024-09-28T08:07:11.838+0000] {processor.py:925} INFO - DAG(s) 'example_task_group' retrieved from /home/airflow/.local/lib/python3.12/site-packages/airflow/example_dags/example_task_group.py
[2024-09-28T08:07:11.847+0000] {logging_mixin.py:190} INFO - [2024-09-28T08:07:11.847+0000] {dag.py:3239} INFO - Sync 1 DAGs
[2024-09-28T08:07:11.854+0000] {logging_mixin.py:190} INFO - [2024-09-28T08:07:11.854+0000] {dag.py:4180} INFO - Setting next_dagrun for example_task_group to None, run_after=None
[2024-09-28T08:07:11.861+0000] {processor.py:208} INFO - Processing /home/airflow/.local/lib/python3.12/site-packages/airflow/example_dags/example_task_group.py took 0.033 seconds
[2024-09-28T08:07:42.574+0000] {processor.py:186} INFO - Started process (PID=11650) to work on /home/airflow/.local/lib/python3.12/site-packages/airflow/example_dags/example_task_group.py
[2024-09-28T08:07:42.575+0000] {processor.py:914} INFO - Processing file /home/airflow/.local/lib/python3.12/site-packages/airflow/example_dags/example_task_group.py for tasks to queue
[2024-09-28T08:07:42.576+0000] {logging_mixin.py:190} INFO - [2024-09-28T08:07:42.576+0000] {dagbag.py:588} INFO - Filling up the DagBag from /home/airflow/.local/lib/python3.12/site-packages/airflow/example_dags/example_task_group.py
[2024-09-28T08:07:42.581+0000] {processor.py:925} INFO - DAG(s) 'example_task_group' retrieved from /home/airflow/.local/lib/python3.12/site-packages/airflow/example_dags/example_task_group.py
[2024-09-28T08:07:42.590+0000] {logging_mixin.py:190} INFO - [2024-09-28T08:07:42.590+0000] {dag.py:3239} INFO - Sync 1 DAGs
[2024-09-28T08:07:42.596+0000] {logging_mixin.py:190} INFO - [2024-09-28T08:07:42.596+0000] {dag.py:4180} INFO - Setting next_dagrun for example_task_group to None, run_after=None
[2024-09-28T08:07:42.604+0000] {processor.py:208} INFO - Processing /home/airflow/.local/lib/python3.12/site-packages/airflow/example_dags/example_task_group.py took 0.033 seconds
