[2024-09-28T07:47:28.585+0000] {processor.py:186} INFO - Started process (PID=339) to work on /home/airflow/.local/lib/python3.12/site-packages/airflow/example_dags/example_python_operator.py
[2024-09-28T07:47:28.588+0000] {processor.py:914} INFO - Processing file /home/airflow/.local/lib/python3.12/site-packages/airflow/example_dags/example_python_operator.py for tasks to queue
[2024-09-28T07:47:28.592+0000] {logging_mixin.py:190} INFO - [2024-09-28T07:47:28.592+0000] {dagbag.py:588} INFO - Filling up the DagBag from /home/airflow/.local/lib/python3.12/site-packages/airflow/example_dags/example_python_operator.py
[2024-09-28T07:47:28.601+0000] {processor.py:925} INFO - DAG(s) 'example_python_operator' retrieved from /home/airflow/.local/lib/python3.12/site-packages/airflow/example_dags/example_python_operator.py
[2024-09-28T07:47:28.660+0000] {logging_mixin.py:190} INFO - [2024-09-28T07:47:28.659+0000] {override.py:1900} INFO - Created Permission View: can delete on DAG:example_python_operator
[2024-09-28T07:47:28.668+0000] {logging_mixin.py:190} INFO - [2024-09-28T07:47:28.667+0000] {override.py:1900} INFO - Created Permission View: can edit on DAG:example_python_operator
[2024-09-28T07:47:28.671+0000] {logging_mixin.py:190} INFO - [2024-09-28T07:47:28.671+0000] {override.py:1900} INFO - Created Permission View: can read on DAG:example_python_operator
[2024-09-28T07:47:28.674+0000] {logging_mixin.py:190} INFO - [2024-09-28T07:47:28.674+0000] {override.py:1900} INFO - Created Permission View: menu access on DAG Run:example_python_operator
[2024-09-28T07:47:28.677+0000] {logging_mixin.py:190} INFO - [2024-09-28T07:47:28.677+0000] {override.py:1900} INFO - Created Permission View: can delete on DAG Run:example_python_operator
[2024-09-28T07:47:28.680+0000] {logging_mixin.py:190} INFO - [2024-09-28T07:47:28.680+0000] {override.py:1900} INFO - Created Permission View: can create on DAG Run:example_python_operator
[2024-09-28T07:47:28.683+0000] {logging_mixin.py:190} INFO - [2024-09-28T07:47:28.683+0000] {override.py:1900} INFO - Created Permission View: can read on DAG Run:example_python_operator
[2024-09-28T07:47:28.683+0000] {logging_mixin.py:190} INFO - [2024-09-28T07:47:28.683+0000] {dag.py:3239} INFO - Sync 1 DAGs
[2024-09-28T07:47:28.689+0000] {logging_mixin.py:190} INFO - [2024-09-28T07:47:28.689+0000] {dag.py:3262} INFO - Creating ORM DAG for example_python_operator
[2024-09-28T07:47:28.690+0000] {logging_mixin.py:190} INFO - [2024-09-28T07:47:28.689+0000] {dag.py:4180} INFO - Setting next_dagrun for example_python_operator to None, run_after=None
[2024-09-28T07:47:28.699+0000] {processor.py:208} INFO - Processing /home/airflow/.local/lib/python3.12/site-packages/airflow/example_dags/example_python_operator.py took 0.119 seconds
[2024-09-28T07:47:59.074+0000] {processor.py:186} INFO - Started process (PID=624) to work on /home/airflow/.local/lib/python3.12/site-packages/airflow/example_dags/example_python_operator.py
[2024-09-28T07:47:59.075+0000] {processor.py:914} INFO - Processing file /home/airflow/.local/lib/python3.12/site-packages/airflow/example_dags/example_python_operator.py for tasks to queue
[2024-09-28T07:47:59.076+0000] {logging_mixin.py:190} INFO - [2024-09-28T07:47:59.076+0000] {dagbag.py:588} INFO - Filling up the DagBag from /home/airflow/.local/lib/python3.12/site-packages/airflow/example_dags/example_python_operator.py
[2024-09-28T07:47:59.083+0000] {processor.py:925} INFO - DAG(s) 'example_python_operator' retrieved from /home/airflow/.local/lib/python3.12/site-packages/airflow/example_dags/example_python_operator.py
[2024-09-28T07:47:59.097+0000] {logging_mixin.py:190} INFO - [2024-09-28T07:47:59.097+0000] {dag.py:3239} INFO - Sync 1 DAGs
[2024-09-28T07:47:59.105+0000] {logging_mixin.py:190} INFO - [2024-09-28T07:47:59.105+0000] {dag.py:4180} INFO - Setting next_dagrun for example_python_operator to None, run_after=None
[2024-09-28T07:47:59.115+0000] {processor.py:208} INFO - Processing /home/airflow/.local/lib/python3.12/site-packages/airflow/example_dags/example_python_operator.py took 0.044 seconds
[2024-09-28T07:48:29.364+0000] {processor.py:186} INFO - Started process (PID=910) to work on /home/airflow/.local/lib/python3.12/site-packages/airflow/example_dags/example_python_operator.py
[2024-09-28T07:48:29.368+0000] {processor.py:914} INFO - Processing file /home/airflow/.local/lib/python3.12/site-packages/airflow/example_dags/example_python_operator.py for tasks to queue
[2024-09-28T07:48:29.370+0000] {logging_mixin.py:190} INFO - [2024-09-28T07:48:29.370+0000] {dagbag.py:588} INFO - Filling up the DagBag from /home/airflow/.local/lib/python3.12/site-packages/airflow/example_dags/example_python_operator.py
[2024-09-28T07:48:29.383+0000] {processor.py:925} INFO - DAG(s) 'example_python_operator' retrieved from /home/airflow/.local/lib/python3.12/site-packages/airflow/example_dags/example_python_operator.py
[2024-09-28T07:48:29.397+0000] {logging_mixin.py:190} INFO - [2024-09-28T07:48:29.397+0000] {dag.py:3239} INFO - Sync 1 DAGs
[2024-09-28T07:48:29.407+0000] {logging_mixin.py:190} INFO - [2024-09-28T07:48:29.407+0000] {dag.py:4180} INFO - Setting next_dagrun for example_python_operator to None, run_after=None
[2024-09-28T07:48:29.417+0000] {processor.py:208} INFO - Processing /home/airflow/.local/lib/python3.12/site-packages/airflow/example_dags/example_python_operator.py took 0.059 seconds
[2024-09-28T07:48:59.563+0000] {processor.py:186} INFO - Started process (PID=1195) to work on /home/airflow/.local/lib/python3.12/site-packages/airflow/example_dags/example_python_operator.py
[2024-09-28T07:48:59.565+0000] {processor.py:914} INFO - Processing file /home/airflow/.local/lib/python3.12/site-packages/airflow/example_dags/example_python_operator.py for tasks to queue
[2024-09-28T07:48:59.566+0000] {logging_mixin.py:190} INFO - [2024-09-28T07:48:59.566+0000] {dagbag.py:588} INFO - Filling up the DagBag from /home/airflow/.local/lib/python3.12/site-packages/airflow/example_dags/example_python_operator.py
[2024-09-28T07:48:59.572+0000] {processor.py:925} INFO - DAG(s) 'example_python_operator' retrieved from /home/airflow/.local/lib/python3.12/site-packages/airflow/example_dags/example_python_operator.py
[2024-09-28T07:48:59.585+0000] {logging_mixin.py:190} INFO - [2024-09-28T07:48:59.585+0000] {dag.py:3239} INFO - Sync 1 DAGs
[2024-09-28T07:48:59.591+0000] {logging_mixin.py:190} INFO - [2024-09-28T07:48:59.591+0000] {dag.py:4180} INFO - Setting next_dagrun for example_python_operator to None, run_after=None
[2024-09-28T07:48:59.601+0000] {processor.py:208} INFO - Processing /home/airflow/.local/lib/python3.12/site-packages/airflow/example_dags/example_python_operator.py took 0.041 seconds
[2024-09-28T07:49:29.741+0000] {processor.py:186} INFO - Started process (PID=1510) to work on /home/airflow/.local/lib/python3.12/site-packages/airflow/example_dags/example_python_operator.py
[2024-09-28T07:49:29.745+0000] {processor.py:914} INFO - Processing file /home/airflow/.local/lib/python3.12/site-packages/airflow/example_dags/example_python_operator.py for tasks to queue
[2024-09-28T07:49:29.749+0000] {logging_mixin.py:190} INFO - [2024-09-28T07:49:29.749+0000] {dagbag.py:588} INFO - Filling up the DagBag from /home/airflow/.local/lib/python3.12/site-packages/airflow/example_dags/example_python_operator.py
[2024-09-28T07:49:29.756+0000] {processor.py:925} INFO - DAG(s) 'example_python_operator' retrieved from /home/airflow/.local/lib/python3.12/site-packages/airflow/example_dags/example_python_operator.py
[2024-09-28T07:49:29.770+0000] {logging_mixin.py:190} INFO - [2024-09-28T07:49:29.770+0000] {dag.py:3239} INFO - Sync 1 DAGs
[2024-09-28T07:49:29.780+0000] {logging_mixin.py:190} INFO - [2024-09-28T07:49:29.780+0000] {dag.py:4180} INFO - Setting next_dagrun for example_python_operator to None, run_after=None
[2024-09-28T07:49:29.791+0000] {processor.py:208} INFO - Processing /home/airflow/.local/lib/python3.12/site-packages/airflow/example_dags/example_python_operator.py took 0.053 seconds
[2024-09-28T07:49:59.972+0000] {processor.py:186} INFO - Started process (PID=1796) to work on /home/airflow/.local/lib/python3.12/site-packages/airflow/example_dags/example_python_operator.py
[2024-09-28T07:49:59.974+0000] {processor.py:914} INFO - Processing file /home/airflow/.local/lib/python3.12/site-packages/airflow/example_dags/example_python_operator.py for tasks to queue
[2024-09-28T07:49:59.975+0000] {logging_mixin.py:190} INFO - [2024-09-28T07:49:59.975+0000] {dagbag.py:588} INFO - Filling up the DagBag from /home/airflow/.local/lib/python3.12/site-packages/airflow/example_dags/example_python_operator.py
[2024-09-28T07:49:59.984+0000] {processor.py:925} INFO - DAG(s) 'example_python_operator' retrieved from /home/airflow/.local/lib/python3.12/site-packages/airflow/example_dags/example_python_operator.py
[2024-09-28T07:49:59.994+0000] {logging_mixin.py:190} INFO - [2024-09-28T07:49:59.994+0000] {dag.py:3239} INFO - Sync 1 DAGs
[2024-09-28T07:50:00.001+0000] {logging_mixin.py:190} INFO - [2024-09-28T07:50:00.001+0000] {dag.py:4180} INFO - Setting next_dagrun for example_python_operator to None, run_after=None
[2024-09-28T07:50:00.010+0000] {processor.py:208} INFO - Processing /home/airflow/.local/lib/python3.12/site-packages/airflow/example_dags/example_python_operator.py took 0.041 seconds
[2024-09-28T07:50:30.300+0000] {processor.py:186} INFO - Started process (PID=2082) to work on /home/airflow/.local/lib/python3.12/site-packages/airflow/example_dags/example_python_operator.py
[2024-09-28T07:50:30.301+0000] {processor.py:914} INFO - Processing file /home/airflow/.local/lib/python3.12/site-packages/airflow/example_dags/example_python_operator.py for tasks to queue
[2024-09-28T07:50:30.302+0000] {logging_mixin.py:190} INFO - [2024-09-28T07:50:30.302+0000] {dagbag.py:588} INFO - Filling up the DagBag from /home/airflow/.local/lib/python3.12/site-packages/airflow/example_dags/example_python_operator.py
[2024-09-28T07:50:30.308+0000] {processor.py:925} INFO - DAG(s) 'example_python_operator' retrieved from /home/airflow/.local/lib/python3.12/site-packages/airflow/example_dags/example_python_operator.py
[2024-09-28T07:50:30.319+0000] {logging_mixin.py:190} INFO - [2024-09-28T07:50:30.319+0000] {dag.py:3239} INFO - Sync 1 DAGs
[2024-09-28T07:50:30.325+0000] {logging_mixin.py:190} INFO - [2024-09-28T07:50:30.325+0000] {dag.py:4180} INFO - Setting next_dagrun for example_python_operator to None, run_after=None
[2024-09-28T07:50:30.333+0000] {processor.py:208} INFO - Processing /home/airflow/.local/lib/python3.12/site-packages/airflow/example_dags/example_python_operator.py took 0.037 seconds
[2024-09-28T07:51:00.608+0000] {processor.py:186} INFO - Started process (PID=2367) to work on /home/airflow/.local/lib/python3.12/site-packages/airflow/example_dags/example_python_operator.py
[2024-09-28T07:51:00.609+0000] {processor.py:914} INFO - Processing file /home/airflow/.local/lib/python3.12/site-packages/airflow/example_dags/example_python_operator.py for tasks to queue
[2024-09-28T07:51:00.610+0000] {logging_mixin.py:190} INFO - [2024-09-28T07:51:00.610+0000] {dagbag.py:588} INFO - Filling up the DagBag from /home/airflow/.local/lib/python3.12/site-packages/airflow/example_dags/example_python_operator.py
[2024-09-28T07:51:00.617+0000] {processor.py:925} INFO - DAG(s) 'example_python_operator' retrieved from /home/airflow/.local/lib/python3.12/site-packages/airflow/example_dags/example_python_operator.py
[2024-09-28T07:51:00.628+0000] {logging_mixin.py:190} INFO - [2024-09-28T07:51:00.628+0000] {dag.py:3239} INFO - Sync 1 DAGs
[2024-09-28T07:51:00.635+0000] {logging_mixin.py:190} INFO - [2024-09-28T07:51:00.634+0000] {dag.py:4180} INFO - Setting next_dagrun for example_python_operator to None, run_after=None
[2024-09-28T07:51:00.643+0000] {processor.py:208} INFO - Processing /home/airflow/.local/lib/python3.12/site-packages/airflow/example_dags/example_python_operator.py took 0.038 seconds
[2024-09-28T07:51:30.852+0000] {processor.py:186} INFO - Started process (PID=2652) to work on /home/airflow/.local/lib/python3.12/site-packages/airflow/example_dags/example_python_operator.py
[2024-09-28T07:51:30.853+0000] {processor.py:914} INFO - Processing file /home/airflow/.local/lib/python3.12/site-packages/airflow/example_dags/example_python_operator.py for tasks to queue
[2024-09-28T07:51:30.858+0000] {logging_mixin.py:190} INFO - [2024-09-28T07:51:30.857+0000] {dagbag.py:588} INFO - Filling up the DagBag from /home/airflow/.local/lib/python3.12/site-packages/airflow/example_dags/example_python_operator.py
[2024-09-28T07:51:30.865+0000] {processor.py:925} INFO - DAG(s) 'example_python_operator' retrieved from /home/airflow/.local/lib/python3.12/site-packages/airflow/example_dags/example_python_operator.py
[2024-09-28T07:51:30.876+0000] {logging_mixin.py:190} INFO - [2024-09-28T07:51:30.876+0000] {dag.py:3239} INFO - Sync 1 DAGs
[2024-09-28T07:51:30.883+0000] {logging_mixin.py:190} INFO - [2024-09-28T07:51:30.883+0000] {dag.py:4180} INFO - Setting next_dagrun for example_python_operator to None, run_after=None
[2024-09-28T07:51:30.891+0000] {processor.py:208} INFO - Processing /home/airflow/.local/lib/python3.12/site-packages/airflow/example_dags/example_python_operator.py took 0.042 seconds
[2024-09-28T07:52:01.000+0000] {processor.py:186} INFO - Started process (PID=2938) to work on /home/airflow/.local/lib/python3.12/site-packages/airflow/example_dags/example_python_operator.py
[2024-09-28T07:52:01.001+0000] {processor.py:914} INFO - Processing file /home/airflow/.local/lib/python3.12/site-packages/airflow/example_dags/example_python_operator.py for tasks to queue
[2024-09-28T07:52:01.002+0000] {logging_mixin.py:190} INFO - [2024-09-28T07:52:01.002+0000] {dagbag.py:588} INFO - Filling up the DagBag from /home/airflow/.local/lib/python3.12/site-packages/airflow/example_dags/example_python_operator.py
[2024-09-28T07:52:01.011+0000] {processor.py:925} INFO - DAG(s) 'example_python_operator' retrieved from /home/airflow/.local/lib/python3.12/site-packages/airflow/example_dags/example_python_operator.py
[2024-09-28T07:52:01.025+0000] {logging_mixin.py:190} INFO - [2024-09-28T07:52:01.025+0000] {dag.py:3239} INFO - Sync 1 DAGs
[2024-09-28T07:52:01.034+0000] {logging_mixin.py:190} INFO - [2024-09-28T07:52:01.034+0000] {dag.py:4180} INFO - Setting next_dagrun for example_python_operator to None, run_after=None
[2024-09-28T07:52:01.048+0000] {processor.py:208} INFO - Processing /home/airflow/.local/lib/python3.12/site-packages/airflow/example_dags/example_python_operator.py took 0.054 seconds
[2024-09-28T07:52:32.200+0000] {processor.py:186} INFO - Started process (PID=3224) to work on /home/airflow/.local/lib/python3.12/site-packages/airflow/example_dags/example_python_operator.py
[2024-09-28T07:52:32.201+0000] {processor.py:914} INFO - Processing file /home/airflow/.local/lib/python3.12/site-packages/airflow/example_dags/example_python_operator.py for tasks to queue
[2024-09-28T07:52:32.202+0000] {logging_mixin.py:190} INFO - [2024-09-28T07:52:32.202+0000] {dagbag.py:588} INFO - Filling up the DagBag from /home/airflow/.local/lib/python3.12/site-packages/airflow/example_dags/example_python_operator.py
[2024-09-28T07:52:32.208+0000] {processor.py:925} INFO - DAG(s) 'example_python_operator' retrieved from /home/airflow/.local/lib/python3.12/site-packages/airflow/example_dags/example_python_operator.py
[2024-09-28T07:52:32.222+0000] {logging_mixin.py:190} INFO - [2024-09-28T07:52:32.221+0000] {dag.py:3239} INFO - Sync 1 DAGs
[2024-09-28T07:52:32.233+0000] {logging_mixin.py:190} INFO - [2024-09-28T07:52:32.233+0000] {dag.py:4180} INFO - Setting next_dagrun for example_python_operator to None, run_after=None
[2024-09-28T07:52:32.242+0000] {processor.py:208} INFO - Processing /home/airflow/.local/lib/python3.12/site-packages/airflow/example_dags/example_python_operator.py took 0.046 seconds
[2024-09-28T07:53:02.485+0000] {processor.py:186} INFO - Started process (PID=3510) to work on /home/airflow/.local/lib/python3.12/site-packages/airflow/example_dags/example_python_operator.py
[2024-09-28T07:53:02.487+0000] {processor.py:914} INFO - Processing file /home/airflow/.local/lib/python3.12/site-packages/airflow/example_dags/example_python_operator.py for tasks to queue
[2024-09-28T07:53:02.488+0000] {logging_mixin.py:190} INFO - [2024-09-28T07:53:02.488+0000] {dagbag.py:588} INFO - Filling up the DagBag from /home/airflow/.local/lib/python3.12/site-packages/airflow/example_dags/example_python_operator.py
[2024-09-28T07:53:02.497+0000] {processor.py:925} INFO - DAG(s) 'example_python_operator' retrieved from /home/airflow/.local/lib/python3.12/site-packages/airflow/example_dags/example_python_operator.py
[2024-09-28T07:53:02.510+0000] {logging_mixin.py:190} INFO - [2024-09-28T07:53:02.510+0000] {dag.py:3239} INFO - Sync 1 DAGs
[2024-09-28T07:53:02.518+0000] {logging_mixin.py:190} INFO - [2024-09-28T07:53:02.518+0000] {dag.py:4180} INFO - Setting next_dagrun for example_python_operator to None, run_after=None
[2024-09-28T07:53:02.527+0000] {processor.py:208} INFO - Processing /home/airflow/.local/lib/python3.12/site-packages/airflow/example_dags/example_python_operator.py took 0.046 seconds
[2024-09-28T07:53:32.808+0000] {processor.py:186} INFO - Started process (PID=3796) to work on /home/airflow/.local/lib/python3.12/site-packages/airflow/example_dags/example_python_operator.py
[2024-09-28T07:53:32.812+0000] {processor.py:914} INFO - Processing file /home/airflow/.local/lib/python3.12/site-packages/airflow/example_dags/example_python_operator.py for tasks to queue
[2024-09-28T07:53:32.813+0000] {logging_mixin.py:190} INFO - [2024-09-28T07:53:32.813+0000] {dagbag.py:588} INFO - Filling up the DagBag from /home/airflow/.local/lib/python3.12/site-packages/airflow/example_dags/example_python_operator.py
[2024-09-28T07:53:32.819+0000] {processor.py:925} INFO - DAG(s) 'example_python_operator' retrieved from /home/airflow/.local/lib/python3.12/site-packages/airflow/example_dags/example_python_operator.py
[2024-09-28T07:53:32.837+0000] {logging_mixin.py:190} INFO - [2024-09-28T07:53:32.834+0000] {dag.py:3239} INFO - Sync 1 DAGs
[2024-09-28T07:53:32.843+0000] {logging_mixin.py:190} INFO - [2024-09-28T07:53:32.843+0000] {dag.py:4180} INFO - Setting next_dagrun for example_python_operator to None, run_after=None
[2024-09-28T07:53:32.852+0000] {processor.py:208} INFO - Processing /home/airflow/.local/lib/python3.12/site-packages/airflow/example_dags/example_python_operator.py took 0.047 seconds
[2024-09-28T07:54:03.074+0000] {processor.py:186} INFO - Started process (PID=4082) to work on /home/airflow/.local/lib/python3.12/site-packages/airflow/example_dags/example_python_operator.py
[2024-09-28T07:54:03.076+0000] {processor.py:914} INFO - Processing file /home/airflow/.local/lib/python3.12/site-packages/airflow/example_dags/example_python_operator.py for tasks to queue
[2024-09-28T07:54:03.077+0000] {logging_mixin.py:190} INFO - [2024-09-28T07:54:03.077+0000] {dagbag.py:588} INFO - Filling up the DagBag from /home/airflow/.local/lib/python3.12/site-packages/airflow/example_dags/example_python_operator.py
[2024-09-28T07:54:03.083+0000] {processor.py:925} INFO - DAG(s) 'example_python_operator' retrieved from /home/airflow/.local/lib/python3.12/site-packages/airflow/example_dags/example_python_operator.py
[2024-09-28T07:54:03.094+0000] {logging_mixin.py:190} INFO - [2024-09-28T07:54:03.094+0000] {dag.py:3239} INFO - Sync 1 DAGs
[2024-09-28T07:54:03.101+0000] {logging_mixin.py:190} INFO - [2024-09-28T07:54:03.101+0000] {dag.py:4180} INFO - Setting next_dagrun for example_python_operator to None, run_after=None
[2024-09-28T07:54:03.109+0000] {processor.py:208} INFO - Processing /home/airflow/.local/lib/python3.12/site-packages/airflow/example_dags/example_python_operator.py took 0.038 seconds
[2024-09-28T07:54:33.530+0000] {processor.py:186} INFO - Started process (PID=4368) to work on /home/airflow/.local/lib/python3.12/site-packages/airflow/example_dags/example_python_operator.py
[2024-09-28T07:54:33.531+0000] {processor.py:914} INFO - Processing file /home/airflow/.local/lib/python3.12/site-packages/airflow/example_dags/example_python_operator.py for tasks to queue
[2024-09-28T07:54:33.532+0000] {logging_mixin.py:190} INFO - [2024-09-28T07:54:33.532+0000] {dagbag.py:588} INFO - Filling up the DagBag from /home/airflow/.local/lib/python3.12/site-packages/airflow/example_dags/example_python_operator.py
[2024-09-28T07:54:33.540+0000] {processor.py:925} INFO - DAG(s) 'example_python_operator' retrieved from /home/airflow/.local/lib/python3.12/site-packages/airflow/example_dags/example_python_operator.py
[2024-09-28T07:54:33.557+0000] {logging_mixin.py:190} INFO - [2024-09-28T07:54:33.557+0000] {dag.py:3239} INFO - Sync 1 DAGs
[2024-09-28T07:54:33.564+0000] {logging_mixin.py:190} INFO - [2024-09-28T07:54:33.564+0000] {dag.py:4180} INFO - Setting next_dagrun for example_python_operator to None, run_after=None
[2024-09-28T07:54:33.575+0000] {processor.py:208} INFO - Processing /home/airflow/.local/lib/python3.12/site-packages/airflow/example_dags/example_python_operator.py took 0.048 seconds
[2024-09-28T07:55:03.944+0000] {processor.py:186} INFO - Started process (PID=4654) to work on /home/airflow/.local/lib/python3.12/site-packages/airflow/example_dags/example_python_operator.py
[2024-09-28T07:55:03.947+0000] {processor.py:914} INFO - Processing file /home/airflow/.local/lib/python3.12/site-packages/airflow/example_dags/example_python_operator.py for tasks to queue
[2024-09-28T07:55:03.949+0000] {logging_mixin.py:190} INFO - [2024-09-28T07:55:03.949+0000] {dagbag.py:588} INFO - Filling up the DagBag from /home/airflow/.local/lib/python3.12/site-packages/airflow/example_dags/example_python_operator.py
[2024-09-28T07:55:03.956+0000] {processor.py:925} INFO - DAG(s) 'example_python_operator' retrieved from /home/airflow/.local/lib/python3.12/site-packages/airflow/example_dags/example_python_operator.py
[2024-09-28T07:55:03.970+0000] {logging_mixin.py:190} INFO - [2024-09-28T07:55:03.970+0000] {dag.py:3239} INFO - Sync 1 DAGs
[2024-09-28T07:55:03.978+0000] {logging_mixin.py:190} INFO - [2024-09-28T07:55:03.978+0000] {dag.py:4180} INFO - Setting next_dagrun for example_python_operator to None, run_after=None
[2024-09-28T07:55:03.989+0000] {processor.py:208} INFO - Processing /home/airflow/.local/lib/python3.12/site-packages/airflow/example_dags/example_python_operator.py took 0.050 seconds
[2024-09-28T07:55:34.284+0000] {processor.py:186} INFO - Started process (PID=4940) to work on /home/airflow/.local/lib/python3.12/site-packages/airflow/example_dags/example_python_operator.py
[2024-09-28T07:55:34.285+0000] {processor.py:914} INFO - Processing file /home/airflow/.local/lib/python3.12/site-packages/airflow/example_dags/example_python_operator.py for tasks to queue
[2024-09-28T07:55:34.287+0000] {logging_mixin.py:190} INFO - [2024-09-28T07:55:34.287+0000] {dagbag.py:588} INFO - Filling up the DagBag from /home/airflow/.local/lib/python3.12/site-packages/airflow/example_dags/example_python_operator.py
[2024-09-28T07:55:34.293+0000] {processor.py:925} INFO - DAG(s) 'example_python_operator' retrieved from /home/airflow/.local/lib/python3.12/site-packages/airflow/example_dags/example_python_operator.py
[2024-09-28T07:55:34.306+0000] {logging_mixin.py:190} INFO - [2024-09-28T07:55:34.306+0000] {dag.py:3239} INFO - Sync 1 DAGs
[2024-09-28T07:55:34.313+0000] {logging_mixin.py:190} INFO - [2024-09-28T07:55:34.313+0000] {dag.py:4180} INFO - Setting next_dagrun for example_python_operator to None, run_after=None
[2024-09-28T07:55:34.326+0000] {processor.py:208} INFO - Processing /home/airflow/.local/lib/python3.12/site-packages/airflow/example_dags/example_python_operator.py took 0.046 seconds
[2024-09-28T07:56:04.619+0000] {processor.py:186} INFO - Started process (PID=5226) to work on /home/airflow/.local/lib/python3.12/site-packages/airflow/example_dags/example_python_operator.py
[2024-09-28T07:56:04.620+0000] {processor.py:914} INFO - Processing file /home/airflow/.local/lib/python3.12/site-packages/airflow/example_dags/example_python_operator.py for tasks to queue
[2024-09-28T07:56:04.622+0000] {logging_mixin.py:190} INFO - [2024-09-28T07:56:04.622+0000] {dagbag.py:588} INFO - Filling up the DagBag from /home/airflow/.local/lib/python3.12/site-packages/airflow/example_dags/example_python_operator.py
[2024-09-28T07:56:04.630+0000] {processor.py:925} INFO - DAG(s) 'example_python_operator' retrieved from /home/airflow/.local/lib/python3.12/site-packages/airflow/example_dags/example_python_operator.py
[2024-09-28T07:56:04.641+0000] {logging_mixin.py:190} INFO - [2024-09-28T07:56:04.641+0000] {dag.py:3239} INFO - Sync 1 DAGs
[2024-09-28T07:56:04.649+0000] {logging_mixin.py:190} INFO - [2024-09-28T07:56:04.649+0000] {dag.py:4180} INFO - Setting next_dagrun for example_python_operator to None, run_after=None
[2024-09-28T07:56:04.661+0000] {processor.py:208} INFO - Processing /home/airflow/.local/lib/python3.12/site-packages/airflow/example_dags/example_python_operator.py took 0.045 seconds
[2024-09-28T07:56:35.132+0000] {processor.py:186} INFO - Started process (PID=5512) to work on /home/airflow/.local/lib/python3.12/site-packages/airflow/example_dags/example_python_operator.py
[2024-09-28T07:56:35.133+0000] {processor.py:914} INFO - Processing file /home/airflow/.local/lib/python3.12/site-packages/airflow/example_dags/example_python_operator.py for tasks to queue
[2024-09-28T07:56:35.135+0000] {logging_mixin.py:190} INFO - [2024-09-28T07:56:35.135+0000] {dagbag.py:588} INFO - Filling up the DagBag from /home/airflow/.local/lib/python3.12/site-packages/airflow/example_dags/example_python_operator.py
[2024-09-28T07:56:35.142+0000] {processor.py:925} INFO - DAG(s) 'example_python_operator' retrieved from /home/airflow/.local/lib/python3.12/site-packages/airflow/example_dags/example_python_operator.py
[2024-09-28T07:56:35.155+0000] {logging_mixin.py:190} INFO - [2024-09-28T07:56:35.155+0000] {dag.py:3239} INFO - Sync 1 DAGs
[2024-09-28T07:56:35.161+0000] {logging_mixin.py:190} INFO - [2024-09-28T07:56:35.161+0000] {dag.py:4180} INFO - Setting next_dagrun for example_python_operator to None, run_after=None
[2024-09-28T07:56:35.170+0000] {processor.py:208} INFO - Processing /home/airflow/.local/lib/python3.12/site-packages/airflow/example_dags/example_python_operator.py took 0.041 seconds
[2024-09-28T07:57:05.379+0000] {processor.py:186} INFO - Started process (PID=5798) to work on /home/airflow/.local/lib/python3.12/site-packages/airflow/example_dags/example_python_operator.py
[2024-09-28T07:57:05.382+0000] {processor.py:914} INFO - Processing file /home/airflow/.local/lib/python3.12/site-packages/airflow/example_dags/example_python_operator.py for tasks to queue
[2024-09-28T07:57:05.388+0000] {logging_mixin.py:190} INFO - [2024-09-28T07:57:05.387+0000] {dagbag.py:588} INFO - Filling up the DagBag from /home/airflow/.local/lib/python3.12/site-packages/airflow/example_dags/example_python_operator.py
[2024-09-28T07:57:05.397+0000] {processor.py:925} INFO - DAG(s) 'example_python_operator' retrieved from /home/airflow/.local/lib/python3.12/site-packages/airflow/example_dags/example_python_operator.py
[2024-09-28T07:57:05.413+0000] {logging_mixin.py:190} INFO - [2024-09-28T07:57:05.412+0000] {dag.py:3239} INFO - Sync 1 DAGs
[2024-09-28T07:57:05.421+0000] {logging_mixin.py:190} INFO - [2024-09-28T07:57:05.421+0000] {dag.py:4180} INFO - Setting next_dagrun for example_python_operator to None, run_after=None
[2024-09-28T07:57:05.432+0000] {processor.py:208} INFO - Processing /home/airflow/.local/lib/python3.12/site-packages/airflow/example_dags/example_python_operator.py took 0.057 seconds
[2024-09-28T07:57:35.723+0000] {processor.py:186} INFO - Started process (PID=6084) to work on /home/airflow/.local/lib/python3.12/site-packages/airflow/example_dags/example_python_operator.py
[2024-09-28T07:57:35.724+0000] {processor.py:914} INFO - Processing file /home/airflow/.local/lib/python3.12/site-packages/airflow/example_dags/example_python_operator.py for tasks to queue
[2024-09-28T07:57:35.725+0000] {logging_mixin.py:190} INFO - [2024-09-28T07:57:35.725+0000] {dagbag.py:588} INFO - Filling up the DagBag from /home/airflow/.local/lib/python3.12/site-packages/airflow/example_dags/example_python_operator.py
[2024-09-28T07:57:35.732+0000] {processor.py:925} INFO - DAG(s) 'example_python_operator' retrieved from /home/airflow/.local/lib/python3.12/site-packages/airflow/example_dags/example_python_operator.py
[2024-09-28T07:57:35.745+0000] {logging_mixin.py:190} INFO - [2024-09-28T07:57:35.745+0000] {dag.py:3239} INFO - Sync 1 DAGs
[2024-09-28T07:57:35.752+0000] {logging_mixin.py:190} INFO - [2024-09-28T07:57:35.752+0000] {dag.py:4180} INFO - Setting next_dagrun for example_python_operator to None, run_after=None
[2024-09-28T07:57:35.762+0000] {processor.py:208} INFO - Processing /home/airflow/.local/lib/python3.12/site-packages/airflow/example_dags/example_python_operator.py took 0.042 seconds
[2024-09-28T07:58:06.016+0000] {processor.py:186} INFO - Started process (PID=6371) to work on /home/airflow/.local/lib/python3.12/site-packages/airflow/example_dags/example_python_operator.py
[2024-09-28T07:58:06.016+0000] {processor.py:914} INFO - Processing file /home/airflow/.local/lib/python3.12/site-packages/airflow/example_dags/example_python_operator.py for tasks to queue
[2024-09-28T07:58:06.018+0000] {logging_mixin.py:190} INFO - [2024-09-28T07:58:06.018+0000] {dagbag.py:588} INFO - Filling up the DagBag from /home/airflow/.local/lib/python3.12/site-packages/airflow/example_dags/example_python_operator.py
[2024-09-28T07:58:06.024+0000] {processor.py:925} INFO - DAG(s) 'example_python_operator' retrieved from /home/airflow/.local/lib/python3.12/site-packages/airflow/example_dags/example_python_operator.py
[2024-09-28T07:58:06.036+0000] {logging_mixin.py:190} INFO - [2024-09-28T07:58:06.036+0000] {dag.py:3239} INFO - Sync 1 DAGs
[2024-09-28T07:58:06.042+0000] {logging_mixin.py:190} INFO - [2024-09-28T07:58:06.042+0000] {dag.py:4180} INFO - Setting next_dagrun for example_python_operator to None, run_after=None
[2024-09-28T07:58:06.052+0000] {processor.py:208} INFO - Processing /home/airflow/.local/lib/python3.12/site-packages/airflow/example_dags/example_python_operator.py took 0.039 seconds
[2024-09-28T07:58:36.308+0000] {processor.py:186} INFO - Started process (PID=6655) to work on /home/airflow/.local/lib/python3.12/site-packages/airflow/example_dags/example_python_operator.py
[2024-09-28T07:58:36.308+0000] {processor.py:914} INFO - Processing file /home/airflow/.local/lib/python3.12/site-packages/airflow/example_dags/example_python_operator.py for tasks to queue
[2024-09-28T07:58:36.309+0000] {logging_mixin.py:190} INFO - [2024-09-28T07:58:36.309+0000] {dagbag.py:588} INFO - Filling up the DagBag from /home/airflow/.local/lib/python3.12/site-packages/airflow/example_dags/example_python_operator.py
[2024-09-28T07:58:36.317+0000] {processor.py:925} INFO - DAG(s) 'example_python_operator' retrieved from /home/airflow/.local/lib/python3.12/site-packages/airflow/example_dags/example_python_operator.py
[2024-09-28T07:58:36.329+0000] {logging_mixin.py:190} INFO - [2024-09-28T07:58:36.329+0000] {dag.py:3239} INFO - Sync 1 DAGs
[2024-09-28T07:58:36.336+0000] {logging_mixin.py:190} INFO - [2024-09-28T07:58:36.335+0000] {dag.py:4180} INFO - Setting next_dagrun for example_python_operator to None, run_after=None
[2024-09-28T07:58:36.348+0000] {processor.py:208} INFO - Processing /home/airflow/.local/lib/python3.12/site-packages/airflow/example_dags/example_python_operator.py took 0.043 seconds
[2024-09-28T07:59:06.848+0000] {processor.py:186} INFO - Started process (PID=6943) to work on /home/airflow/.local/lib/python3.12/site-packages/airflow/example_dags/example_python_operator.py
[2024-09-28T07:59:06.849+0000] {processor.py:914} INFO - Processing file /home/airflow/.local/lib/python3.12/site-packages/airflow/example_dags/example_python_operator.py for tasks to queue
[2024-09-28T07:59:06.850+0000] {logging_mixin.py:190} INFO - [2024-09-28T07:59:06.850+0000] {dagbag.py:588} INFO - Filling up the DagBag from /home/airflow/.local/lib/python3.12/site-packages/airflow/example_dags/example_python_operator.py
[2024-09-28T07:59:06.858+0000] {processor.py:925} INFO - DAG(s) 'example_python_operator' retrieved from /home/airflow/.local/lib/python3.12/site-packages/airflow/example_dags/example_python_operator.py
[2024-09-28T07:59:06.871+0000] {logging_mixin.py:190} INFO - [2024-09-28T07:59:06.871+0000] {dag.py:3239} INFO - Sync 1 DAGs
[2024-09-28T07:59:06.879+0000] {logging_mixin.py:190} INFO - [2024-09-28T07:59:06.879+0000] {dag.py:4180} INFO - Setting next_dagrun for example_python_operator to None, run_after=None
[2024-09-28T07:59:06.890+0000] {processor.py:208} INFO - Processing /home/airflow/.local/lib/python3.12/site-packages/airflow/example_dags/example_python_operator.py took 0.047 seconds
[2024-09-28T07:59:37.313+0000] {processor.py:186} INFO - Started process (PID=7229) to work on /home/airflow/.local/lib/python3.12/site-packages/airflow/example_dags/example_python_operator.py
[2024-09-28T07:59:37.314+0000] {processor.py:914} INFO - Processing file /home/airflow/.local/lib/python3.12/site-packages/airflow/example_dags/example_python_operator.py for tasks to queue
[2024-09-28T07:59:37.315+0000] {logging_mixin.py:190} INFO - [2024-09-28T07:59:37.315+0000] {dagbag.py:588} INFO - Filling up the DagBag from /home/airflow/.local/lib/python3.12/site-packages/airflow/example_dags/example_python_operator.py
[2024-09-28T07:59:37.321+0000] {processor.py:925} INFO - DAG(s) 'example_python_operator' retrieved from /home/airflow/.local/lib/python3.12/site-packages/airflow/example_dags/example_python_operator.py
[2024-09-28T07:59:37.332+0000] {logging_mixin.py:190} INFO - [2024-09-28T07:59:37.332+0000] {dag.py:3239} INFO - Sync 1 DAGs
[2024-09-28T07:59:37.338+0000] {logging_mixin.py:190} INFO - [2024-09-28T07:59:37.338+0000] {dag.py:4180} INFO - Setting next_dagrun for example_python_operator to None, run_after=None
[2024-09-28T07:59:37.346+0000] {processor.py:208} INFO - Processing /home/airflow/.local/lib/python3.12/site-packages/airflow/example_dags/example_python_operator.py took 0.035 seconds
[2024-09-28T08:00:07.652+0000] {processor.py:186} INFO - Started process (PID=7513) to work on /home/airflow/.local/lib/python3.12/site-packages/airflow/example_dags/example_python_operator.py
[2024-09-28T08:00:07.654+0000] {processor.py:914} INFO - Processing file /home/airflow/.local/lib/python3.12/site-packages/airflow/example_dags/example_python_operator.py for tasks to queue
[2024-09-28T08:00:07.656+0000] {logging_mixin.py:190} INFO - [2024-09-28T08:00:07.656+0000] {dagbag.py:588} INFO - Filling up the DagBag from /home/airflow/.local/lib/python3.12/site-packages/airflow/example_dags/example_python_operator.py
[2024-09-28T08:00:07.662+0000] {processor.py:925} INFO - DAG(s) 'example_python_operator' retrieved from /home/airflow/.local/lib/python3.12/site-packages/airflow/example_dags/example_python_operator.py
[2024-09-28T08:00:07.676+0000] {logging_mixin.py:190} INFO - [2024-09-28T08:00:07.676+0000] {dag.py:3239} INFO - Sync 1 DAGs
[2024-09-28T08:00:07.682+0000] {logging_mixin.py:190} INFO - [2024-09-28T08:00:07.682+0000] {dag.py:4180} INFO - Setting next_dagrun for example_python_operator to None, run_after=None
[2024-09-28T08:00:07.697+0000] {processor.py:208} INFO - Processing /home/airflow/.local/lib/python3.12/site-packages/airflow/example_dags/example_python_operator.py took 0.048 seconds
[2024-09-28T08:00:38.139+0000] {processor.py:186} INFO - Started process (PID=7799) to work on /home/airflow/.local/lib/python3.12/site-packages/airflow/example_dags/example_python_operator.py
[2024-09-28T08:00:38.143+0000] {processor.py:914} INFO - Processing file /home/airflow/.local/lib/python3.12/site-packages/airflow/example_dags/example_python_operator.py for tasks to queue
[2024-09-28T08:00:38.144+0000] {logging_mixin.py:190} INFO - [2024-09-28T08:00:38.144+0000] {dagbag.py:588} INFO - Filling up the DagBag from /home/airflow/.local/lib/python3.12/site-packages/airflow/example_dags/example_python_operator.py
[2024-09-28T08:00:38.152+0000] {processor.py:925} INFO - DAG(s) 'example_python_operator' retrieved from /home/airflow/.local/lib/python3.12/site-packages/airflow/example_dags/example_python_operator.py
[2024-09-28T08:00:38.170+0000] {logging_mixin.py:190} INFO - [2024-09-28T08:00:38.170+0000] {dag.py:3239} INFO - Sync 1 DAGs
[2024-09-28T08:00:38.177+0000] {logging_mixin.py:190} INFO - [2024-09-28T08:00:38.177+0000] {dag.py:4180} INFO - Setting next_dagrun for example_python_operator to None, run_after=None
[2024-09-28T08:00:38.190+0000] {processor.py:208} INFO - Processing /home/airflow/.local/lib/python3.12/site-packages/airflow/example_dags/example_python_operator.py took 0.054 seconds
[2024-09-28T08:01:08.722+0000] {processor.py:186} INFO - Started process (PID=8085) to work on /home/airflow/.local/lib/python3.12/site-packages/airflow/example_dags/example_python_operator.py
[2024-09-28T08:01:08.722+0000] {processor.py:914} INFO - Processing file /home/airflow/.local/lib/python3.12/site-packages/airflow/example_dags/example_python_operator.py for tasks to queue
[2024-09-28T08:01:08.724+0000] {logging_mixin.py:190} INFO - [2024-09-28T08:01:08.723+0000] {dagbag.py:588} INFO - Filling up the DagBag from /home/airflow/.local/lib/python3.12/site-packages/airflow/example_dags/example_python_operator.py
[2024-09-28T08:01:08.729+0000] {processor.py:925} INFO - DAG(s) 'example_python_operator' retrieved from /home/airflow/.local/lib/python3.12/site-packages/airflow/example_dags/example_python_operator.py
[2024-09-28T08:01:08.741+0000] {logging_mixin.py:190} INFO - [2024-09-28T08:01:08.741+0000] {dag.py:3239} INFO - Sync 1 DAGs
[2024-09-28T08:01:08.748+0000] {logging_mixin.py:190} INFO - [2024-09-28T08:01:08.748+0000] {dag.py:4180} INFO - Setting next_dagrun for example_python_operator to None, run_after=None
[2024-09-28T08:01:08.756+0000] {processor.py:208} INFO - Processing /home/airflow/.local/lib/python3.12/site-packages/airflow/example_dags/example_python_operator.py took 0.037 seconds
[2024-09-28T08:01:39.336+0000] {processor.py:186} INFO - Started process (PID=8371) to work on /home/airflow/.local/lib/python3.12/site-packages/airflow/example_dags/example_python_operator.py
[2024-09-28T08:01:39.337+0000] {processor.py:914} INFO - Processing file /home/airflow/.local/lib/python3.12/site-packages/airflow/example_dags/example_python_operator.py for tasks to queue
[2024-09-28T08:01:39.338+0000] {logging_mixin.py:190} INFO - [2024-09-28T08:01:39.338+0000] {dagbag.py:588} INFO - Filling up the DagBag from /home/airflow/.local/lib/python3.12/site-packages/airflow/example_dags/example_python_operator.py
[2024-09-28T08:01:39.345+0000] {processor.py:925} INFO - DAG(s) 'example_python_operator' retrieved from /home/airflow/.local/lib/python3.12/site-packages/airflow/example_dags/example_python_operator.py
[2024-09-28T08:01:39.358+0000] {logging_mixin.py:190} INFO - [2024-09-28T08:01:39.358+0000] {dag.py:3239} INFO - Sync 1 DAGs
[2024-09-28T08:01:39.365+0000] {logging_mixin.py:190} INFO - [2024-09-28T08:01:39.365+0000] {dag.py:4180} INFO - Setting next_dagrun for example_python_operator to None, run_after=None
[2024-09-28T08:01:39.374+0000] {processor.py:208} INFO - Processing /home/airflow/.local/lib/python3.12/site-packages/airflow/example_dags/example_python_operator.py took 0.041 seconds
[2024-09-28T08:02:10.090+0000] {processor.py:186} INFO - Started process (PID=8657) to work on /home/airflow/.local/lib/python3.12/site-packages/airflow/example_dags/example_python_operator.py
[2024-09-28T08:02:10.091+0000] {processor.py:914} INFO - Processing file /home/airflow/.local/lib/python3.12/site-packages/airflow/example_dags/example_python_operator.py for tasks to queue
[2024-09-28T08:02:10.093+0000] {logging_mixin.py:190} INFO - [2024-09-28T08:02:10.092+0000] {dagbag.py:588} INFO - Filling up the DagBag from /home/airflow/.local/lib/python3.12/site-packages/airflow/example_dags/example_python_operator.py
[2024-09-28T08:02:10.099+0000] {processor.py:925} INFO - DAG(s) 'example_python_operator' retrieved from /home/airflow/.local/lib/python3.12/site-packages/airflow/example_dags/example_python_operator.py
[2024-09-28T08:02:10.117+0000] {logging_mixin.py:190} INFO - [2024-09-28T08:02:10.117+0000] {dag.py:3239} INFO - Sync 1 DAGs
[2024-09-28T08:02:10.126+0000] {logging_mixin.py:190} INFO - [2024-09-28T08:02:10.126+0000] {dag.py:4180} INFO - Setting next_dagrun for example_python_operator to None, run_after=None
[2024-09-28T08:02:10.135+0000] {processor.py:208} INFO - Processing /home/airflow/.local/lib/python3.12/site-packages/airflow/example_dags/example_python_operator.py took 0.047 seconds
[2024-09-28T08:02:40.707+0000] {processor.py:186} INFO - Started process (PID=8943) to work on /home/airflow/.local/lib/python3.12/site-packages/airflow/example_dags/example_python_operator.py
[2024-09-28T08:02:40.709+0000] {processor.py:914} INFO - Processing file /home/airflow/.local/lib/python3.12/site-packages/airflow/example_dags/example_python_operator.py for tasks to queue
[2024-09-28T08:02:40.710+0000] {logging_mixin.py:190} INFO - [2024-09-28T08:02:40.710+0000] {dagbag.py:588} INFO - Filling up the DagBag from /home/airflow/.local/lib/python3.12/site-packages/airflow/example_dags/example_python_operator.py
[2024-09-28T08:02:40.716+0000] {processor.py:925} INFO - DAG(s) 'example_python_operator' retrieved from /home/airflow/.local/lib/python3.12/site-packages/airflow/example_dags/example_python_operator.py
[2024-09-28T08:02:40.730+0000] {logging_mixin.py:190} INFO - [2024-09-28T08:02:40.729+0000] {dag.py:3239} INFO - Sync 1 DAGs
[2024-09-28T08:02:40.736+0000] {logging_mixin.py:190} INFO - [2024-09-28T08:02:40.736+0000] {dag.py:4180} INFO - Setting next_dagrun for example_python_operator to None, run_after=None
[2024-09-28T08:02:40.744+0000] {processor.py:208} INFO - Processing /home/airflow/.local/lib/python3.12/site-packages/airflow/example_dags/example_python_operator.py took 0.041 seconds
[2024-09-28T08:03:11.333+0000] {processor.py:186} INFO - Started process (PID=9229) to work on /home/airflow/.local/lib/python3.12/site-packages/airflow/example_dags/example_python_operator.py
[2024-09-28T08:03:11.333+0000] {processor.py:914} INFO - Processing file /home/airflow/.local/lib/python3.12/site-packages/airflow/example_dags/example_python_operator.py for tasks to queue
[2024-09-28T08:03:11.338+0000] {logging_mixin.py:190} INFO - [2024-09-28T08:03:11.337+0000] {dagbag.py:588} INFO - Filling up the DagBag from /home/airflow/.local/lib/python3.12/site-packages/airflow/example_dags/example_python_operator.py
[2024-09-28T08:03:11.344+0000] {processor.py:925} INFO - DAG(s) 'example_python_operator' retrieved from /home/airflow/.local/lib/python3.12/site-packages/airflow/example_dags/example_python_operator.py
[2024-09-28T08:03:11.355+0000] {logging_mixin.py:190} INFO - [2024-09-28T08:03:11.355+0000] {dag.py:3239} INFO - Sync 1 DAGs
[2024-09-28T08:03:11.362+0000] {logging_mixin.py:190} INFO - [2024-09-28T08:03:11.361+0000] {dag.py:4180} INFO - Setting next_dagrun for example_python_operator to None, run_after=None
[2024-09-28T08:03:11.370+0000] {processor.py:208} INFO - Processing /home/airflow/.local/lib/python3.12/site-packages/airflow/example_dags/example_python_operator.py took 0.040 seconds
[2024-09-28T08:03:41.755+0000] {processor.py:186} INFO - Started process (PID=9515) to work on /home/airflow/.local/lib/python3.12/site-packages/airflow/example_dags/example_python_operator.py
[2024-09-28T08:03:41.761+0000] {processor.py:914} INFO - Processing file /home/airflow/.local/lib/python3.12/site-packages/airflow/example_dags/example_python_operator.py for tasks to queue
[2024-09-28T08:03:41.763+0000] {logging_mixin.py:190} INFO - [2024-09-28T08:03:41.763+0000] {dagbag.py:588} INFO - Filling up the DagBag from /home/airflow/.local/lib/python3.12/site-packages/airflow/example_dags/example_python_operator.py
[2024-09-28T08:03:41.771+0000] {processor.py:925} INFO - DAG(s) 'example_python_operator' retrieved from /home/airflow/.local/lib/python3.12/site-packages/airflow/example_dags/example_python_operator.py
[2024-09-28T08:03:41.784+0000] {logging_mixin.py:190} INFO - [2024-09-28T08:03:41.784+0000] {dag.py:3239} INFO - Sync 1 DAGs
[2024-09-28T08:03:41.791+0000] {logging_mixin.py:190} INFO - [2024-09-28T08:03:41.791+0000] {dag.py:4180} INFO - Setting next_dagrun for example_python_operator to None, run_after=None
[2024-09-28T08:03:41.800+0000] {processor.py:208} INFO - Processing /home/airflow/.local/lib/python3.12/site-packages/airflow/example_dags/example_python_operator.py took 0.049 seconds
[2024-09-28T08:04:12.333+0000] {processor.py:186} INFO - Started process (PID=9801) to work on /home/airflow/.local/lib/python3.12/site-packages/airflow/example_dags/example_python_operator.py
[2024-09-28T08:04:12.335+0000] {processor.py:914} INFO - Processing file /home/airflow/.local/lib/python3.12/site-packages/airflow/example_dags/example_python_operator.py for tasks to queue
[2024-09-28T08:04:12.336+0000] {logging_mixin.py:190} INFO - [2024-09-28T08:04:12.336+0000] {dagbag.py:588} INFO - Filling up the DagBag from /home/airflow/.local/lib/python3.12/site-packages/airflow/example_dags/example_python_operator.py
[2024-09-28T08:04:12.343+0000] {processor.py:925} INFO - DAG(s) 'example_python_operator' retrieved from /home/airflow/.local/lib/python3.12/site-packages/airflow/example_dags/example_python_operator.py
[2024-09-28T08:04:12.357+0000] {logging_mixin.py:190} INFO - [2024-09-28T08:04:12.357+0000] {dag.py:3239} INFO - Sync 1 DAGs
[2024-09-28T08:04:12.367+0000] {logging_mixin.py:190} INFO - [2024-09-28T08:04:12.367+0000] {dag.py:4180} INFO - Setting next_dagrun for example_python_operator to None, run_after=None
[2024-09-28T08:04:12.377+0000] {processor.py:208} INFO - Processing /home/airflow/.local/lib/python3.12/site-packages/airflow/example_dags/example_python_operator.py took 0.048 seconds
[2024-09-28T08:04:42.990+0000] {processor.py:186} INFO - Started process (PID=10087) to work on /home/airflow/.local/lib/python3.12/site-packages/airflow/example_dags/example_python_operator.py
[2024-09-28T08:04:42.992+0000] {processor.py:914} INFO - Processing file /home/airflow/.local/lib/python3.12/site-packages/airflow/example_dags/example_python_operator.py for tasks to queue
[2024-09-28T08:04:42.994+0000] {logging_mixin.py:190} INFO - [2024-09-28T08:04:42.994+0000] {dagbag.py:588} INFO - Filling up the DagBag from /home/airflow/.local/lib/python3.12/site-packages/airflow/example_dags/example_python_operator.py
[2024-09-28T08:04:43.001+0000] {processor.py:925} INFO - DAG(s) 'example_python_operator' retrieved from /home/airflow/.local/lib/python3.12/site-packages/airflow/example_dags/example_python_operator.py
[2024-09-28T08:04:43.016+0000] {logging_mixin.py:190} INFO - [2024-09-28T08:04:43.016+0000] {dag.py:3239} INFO - Sync 1 DAGs
[2024-09-28T08:04:43.023+0000] {logging_mixin.py:190} INFO - [2024-09-28T08:04:43.023+0000] {dag.py:4180} INFO - Setting next_dagrun for example_python_operator to None, run_after=None
[2024-09-28T08:04:43.032+0000] {processor.py:208} INFO - Processing /home/airflow/.local/lib/python3.12/site-packages/airflow/example_dags/example_python_operator.py took 0.045 seconds
[2024-09-28T08:05:13.427+0000] {processor.py:186} INFO - Started process (PID=10373) to work on /home/airflow/.local/lib/python3.12/site-packages/airflow/example_dags/example_python_operator.py
[2024-09-28T08:05:13.431+0000] {processor.py:914} INFO - Processing file /home/airflow/.local/lib/python3.12/site-packages/airflow/example_dags/example_python_operator.py for tasks to queue
[2024-09-28T08:05:13.432+0000] {logging_mixin.py:190} INFO - [2024-09-28T08:05:13.432+0000] {dagbag.py:588} INFO - Filling up the DagBag from /home/airflow/.local/lib/python3.12/site-packages/airflow/example_dags/example_python_operator.py
[2024-09-28T08:05:13.439+0000] {processor.py:925} INFO - DAG(s) 'example_python_operator' retrieved from /home/airflow/.local/lib/python3.12/site-packages/airflow/example_dags/example_python_operator.py
[2024-09-28T08:05:13.450+0000] {logging_mixin.py:190} INFO - [2024-09-28T08:05:13.450+0000] {dag.py:3239} INFO - Sync 1 DAGs
[2024-09-28T08:05:13.458+0000] {logging_mixin.py:190} INFO - [2024-09-28T08:05:13.458+0000] {dag.py:4180} INFO - Setting next_dagrun for example_python_operator to None, run_after=None
[2024-09-28T08:05:13.466+0000] {processor.py:208} INFO - Processing /home/airflow/.local/lib/python3.12/site-packages/airflow/example_dags/example_python_operator.py took 0.043 seconds
[2024-09-28T08:05:43.910+0000] {processor.py:186} INFO - Started process (PID=10659) to work on /home/airflow/.local/lib/python3.12/site-packages/airflow/example_dags/example_python_operator.py
[2024-09-28T08:05:43.911+0000] {processor.py:914} INFO - Processing file /home/airflow/.local/lib/python3.12/site-packages/airflow/example_dags/example_python_operator.py for tasks to queue
[2024-09-28T08:05:43.913+0000] {logging_mixin.py:190} INFO - [2024-09-28T08:05:43.912+0000] {dagbag.py:588} INFO - Filling up the DagBag from /home/airflow/.local/lib/python3.12/site-packages/airflow/example_dags/example_python_operator.py
[2024-09-28T08:05:43.919+0000] {processor.py:925} INFO - DAG(s) 'example_python_operator' retrieved from /home/airflow/.local/lib/python3.12/site-packages/airflow/example_dags/example_python_operator.py
[2024-09-28T08:05:43.933+0000] {logging_mixin.py:190} INFO - [2024-09-28T08:05:43.932+0000] {dag.py:3239} INFO - Sync 1 DAGs
[2024-09-28T08:05:43.939+0000] {logging_mixin.py:190} INFO - [2024-09-28T08:05:43.939+0000] {dag.py:4180} INFO - Setting next_dagrun for example_python_operator to None, run_after=None
[2024-09-28T08:05:43.949+0000] {processor.py:208} INFO - Processing /home/airflow/.local/lib/python3.12/site-packages/airflow/example_dags/example_python_operator.py took 0.044 seconds
[2024-09-28T08:06:14.789+0000] {processor.py:186} INFO - Started process (PID=10945) to work on /home/airflow/.local/lib/python3.12/site-packages/airflow/example_dags/example_python_operator.py
[2024-09-28T08:06:14.790+0000] {processor.py:914} INFO - Processing file /home/airflow/.local/lib/python3.12/site-packages/airflow/example_dags/example_python_operator.py for tasks to queue
[2024-09-28T08:06:14.791+0000] {logging_mixin.py:190} INFO - [2024-09-28T08:06:14.791+0000] {dagbag.py:588} INFO - Filling up the DagBag from /home/airflow/.local/lib/python3.12/site-packages/airflow/example_dags/example_python_operator.py
[2024-09-28T08:06:14.801+0000] {processor.py:925} INFO - DAG(s) 'example_python_operator' retrieved from /home/airflow/.local/lib/python3.12/site-packages/airflow/example_dags/example_python_operator.py
[2024-09-28T08:06:14.812+0000] {logging_mixin.py:190} INFO - [2024-09-28T08:06:14.812+0000] {dag.py:3239} INFO - Sync 1 DAGs
[2024-09-28T08:06:14.819+0000] {logging_mixin.py:190} INFO - [2024-09-28T08:06:14.819+0000] {dag.py:4180} INFO - Setting next_dagrun for example_python_operator to None, run_after=None
[2024-09-28T08:06:14.827+0000] {processor.py:208} INFO - Processing /home/airflow/.local/lib/python3.12/site-packages/airflow/example_dags/example_python_operator.py took 0.042 seconds
[2024-09-28T08:06:45.793+0000] {processor.py:186} INFO - Started process (PID=11231) to work on /home/airflow/.local/lib/python3.12/site-packages/airflow/example_dags/example_python_operator.py
[2024-09-28T08:06:45.794+0000] {processor.py:914} INFO - Processing file /home/airflow/.local/lib/python3.12/site-packages/airflow/example_dags/example_python_operator.py for tasks to queue
[2024-09-28T08:06:45.799+0000] {logging_mixin.py:190} INFO - [2024-09-28T08:06:45.799+0000] {dagbag.py:588} INFO - Filling up the DagBag from /home/airflow/.local/lib/python3.12/site-packages/airflow/example_dags/example_python_operator.py
[2024-09-28T08:06:45.808+0000] {processor.py:925} INFO - DAG(s) 'example_python_operator' retrieved from /home/airflow/.local/lib/python3.12/site-packages/airflow/example_dags/example_python_operator.py
[2024-09-28T08:06:45.821+0000] {logging_mixin.py:190} INFO - [2024-09-28T08:06:45.821+0000] {dag.py:3239} INFO - Sync 1 DAGs
[2024-09-28T08:06:45.829+0000] {logging_mixin.py:190} INFO - [2024-09-28T08:06:45.828+0000] {dag.py:4180} INFO - Setting next_dagrun for example_python_operator to None, run_after=None
[2024-09-28T08:06:45.837+0000] {processor.py:208} INFO - Processing /home/airflow/.local/lib/python3.12/site-packages/airflow/example_dags/example_python_operator.py took 0.048 seconds
[2024-09-28T08:07:16.502+0000] {processor.py:186} INFO - Started process (PID=11517) to work on /home/airflow/.local/lib/python3.12/site-packages/airflow/example_dags/example_python_operator.py
[2024-09-28T08:07:16.503+0000] {processor.py:914} INFO - Processing file /home/airflow/.local/lib/python3.12/site-packages/airflow/example_dags/example_python_operator.py for tasks to queue
[2024-09-28T08:07:16.505+0000] {logging_mixin.py:190} INFO - [2024-09-28T08:07:16.505+0000] {dagbag.py:588} INFO - Filling up the DagBag from /home/airflow/.local/lib/python3.12/site-packages/airflow/example_dags/example_python_operator.py
[2024-09-28T08:07:16.511+0000] {processor.py:925} INFO - DAG(s) 'example_python_operator' retrieved from /home/airflow/.local/lib/python3.12/site-packages/airflow/example_dags/example_python_operator.py
[2024-09-28T08:07:16.527+0000] {logging_mixin.py:190} INFO - [2024-09-28T08:07:16.527+0000] {dag.py:3239} INFO - Sync 1 DAGs
[2024-09-28T08:07:16.533+0000] {logging_mixin.py:190} INFO - [2024-09-28T08:07:16.533+0000] {dag.py:4180} INFO - Setting next_dagrun for example_python_operator to None, run_after=None
[2024-09-28T08:07:16.542+0000] {processor.py:208} INFO - Processing /home/airflow/.local/lib/python3.12/site-packages/airflow/example_dags/example_python_operator.py took 0.045 seconds
[2024-09-28T08:07:47.147+0000] {processor.py:186} INFO - Started process (PID=11803) to work on /home/airflow/.local/lib/python3.12/site-packages/airflow/example_dags/example_python_operator.py
[2024-09-28T08:07:47.150+0000] {processor.py:914} INFO - Processing file /home/airflow/.local/lib/python3.12/site-packages/airflow/example_dags/example_python_operator.py for tasks to queue
[2024-09-28T08:07:47.152+0000] {logging_mixin.py:190} INFO - [2024-09-28T08:07:47.152+0000] {dagbag.py:588} INFO - Filling up the DagBag from /home/airflow/.local/lib/python3.12/site-packages/airflow/example_dags/example_python_operator.py
[2024-09-28T08:07:47.159+0000] {processor.py:925} INFO - DAG(s) 'example_python_operator' retrieved from /home/airflow/.local/lib/python3.12/site-packages/airflow/example_dags/example_python_operator.py
[2024-09-28T08:07:47.170+0000] {logging_mixin.py:190} INFO - [2024-09-28T08:07:47.170+0000] {dag.py:3239} INFO - Sync 1 DAGs
[2024-09-28T08:07:47.178+0000] {logging_mixin.py:190} INFO - [2024-09-28T08:07:47.178+0000] {dag.py:4180} INFO - Setting next_dagrun for example_python_operator to None, run_after=None
[2024-09-28T08:07:47.186+0000] {processor.py:208} INFO - Processing /home/airflow/.local/lib/python3.12/site-packages/airflow/example_dags/example_python_operator.py took 0.042 seconds
