[2024-09-28T07:47:27.806+0000] {processor.py:186} INFO - Started process (PID=294) to work on /home/airflow/.local/lib/python3.12/site-packages/airflow/example_dags/example_params_ui_tutorial.py
[2024-09-28T07:47:27.806+0000] {processor.py:914} INFO - Processing file /home/airflow/.local/lib/python3.12/site-packages/airflow/example_dags/example_params_ui_tutorial.py for tasks to queue
[2024-09-28T07:47:27.808+0000] {logging_mixin.py:190} INFO - [2024-09-28T07:47:27.808+0000] {dagbag.py:588} INFO - Filling up the DagBag from /home/airflow/.local/lib/python3.12/site-packages/airflow/example_dags/example_params_ui_tutorial.py
[2024-09-28T07:47:27.815+0000] {processor.py:925} INFO - DAG(s) 'example_params_ui_tutorial' retrieved from /home/airflow/.local/lib/python3.12/site-packages/airflow/example_dags/example_params_ui_tutorial.py
[2024-09-28T07:47:27.884+0000] {logging_mixin.py:190} INFO - [2024-09-28T07:47:27.883+0000] {override.py:1900} INFO - Created Permission View: can delete on DAG:example_params_ui_tutorial
[2024-09-28T07:47:27.889+0000] {logging_mixin.py:190} INFO - [2024-09-28T07:47:27.889+0000] {override.py:1900} INFO - Created Permission View: can edit on DAG:example_params_ui_tutorial
[2024-09-28T07:47:27.892+0000] {logging_mixin.py:190} INFO - [2024-09-28T07:47:27.892+0000] {override.py:1900} INFO - Created Permission View: can read on DAG:example_params_ui_tutorial
[2024-09-28T07:47:27.895+0000] {logging_mixin.py:190} INFO - [2024-09-28T07:47:27.894+0000] {override.py:1900} INFO - Created Permission View: menu access on DAG Run:example_params_ui_tutorial
[2024-09-28T07:47:27.898+0000] {logging_mixin.py:190} INFO - [2024-09-28T07:47:27.898+0000] {override.py:1900} INFO - Created Permission View: can delete on DAG Run:example_params_ui_tutorial
[2024-09-28T07:47:27.901+0000] {logging_mixin.py:190} INFO - [2024-09-28T07:47:27.900+0000] {override.py:1900} INFO - Created Permission View: can create on DAG Run:example_params_ui_tutorial
[2024-09-28T07:47:27.903+0000] {logging_mixin.py:190} INFO - [2024-09-28T07:47:27.903+0000] {override.py:1900} INFO - Created Permission View: can read on DAG Run:example_params_ui_tutorial
[2024-09-28T07:47:27.904+0000] {logging_mixin.py:190} INFO - [2024-09-28T07:47:27.903+0000] {dag.py:3239} INFO - Sync 1 DAGs
[2024-09-28T07:47:27.910+0000] {logging_mixin.py:190} INFO - [2024-09-28T07:47:27.910+0000] {dag.py:3262} INFO - Creating ORM DAG for example_params_ui_tutorial
[2024-09-28T07:47:27.910+0000] {logging_mixin.py:190} INFO - [2024-09-28T07:47:27.910+0000] {dag.py:4180} INFO - Setting next_dagrun for example_params_ui_tutorial to None, run_after=None
[2024-09-28T07:47:27.919+0000] {processor.py:208} INFO - Processing /home/airflow/.local/lib/python3.12/site-packages/airflow/example_dags/example_params_ui_tutorial.py took 0.117 seconds
[2024-09-28T07:47:58.529+0000] {processor.py:186} INFO - Started process (PID=579) to work on /home/airflow/.local/lib/python3.12/site-packages/airflow/example_dags/example_params_ui_tutorial.py
[2024-09-28T07:47:58.530+0000] {processor.py:914} INFO - Processing file /home/airflow/.local/lib/python3.12/site-packages/airflow/example_dags/example_params_ui_tutorial.py for tasks to queue
[2024-09-28T07:47:58.533+0000] {logging_mixin.py:190} INFO - [2024-09-28T07:47:58.533+0000] {dagbag.py:588} INFO - Filling up the DagBag from /home/airflow/.local/lib/python3.12/site-packages/airflow/example_dags/example_params_ui_tutorial.py
[2024-09-28T07:47:58.542+0000] {processor.py:925} INFO - DAG(s) 'example_params_ui_tutorial' retrieved from /home/airflow/.local/lib/python3.12/site-packages/airflow/example_dags/example_params_ui_tutorial.py
[2024-09-28T07:47:58.590+0000] {logging_mixin.py:190} INFO - [2024-09-28T07:47:58.590+0000] {dag.py:3239} INFO - Sync 1 DAGs
[2024-09-28T07:47:58.606+0000] {logging_mixin.py:190} INFO - [2024-09-28T07:47:58.606+0000] {dag.py:4180} INFO - Setting next_dagrun for example_params_ui_tutorial to None, run_after=None
[2024-09-28T07:47:58.622+0000] {processor.py:208} INFO - Processing /home/airflow/.local/lib/python3.12/site-packages/airflow/example_dags/example_params_ui_tutorial.py took 0.100 seconds
[2024-09-28T07:48:29.010+0000] {processor.py:186} INFO - Started process (PID=865) to work on /home/airflow/.local/lib/python3.12/site-packages/airflow/example_dags/example_params_ui_tutorial.py
[2024-09-28T07:48:29.012+0000] {processor.py:914} INFO - Processing file /home/airflow/.local/lib/python3.12/site-packages/airflow/example_dags/example_params_ui_tutorial.py for tasks to queue
[2024-09-28T07:48:29.014+0000] {logging_mixin.py:190} INFO - [2024-09-28T07:48:29.013+0000] {dagbag.py:588} INFO - Filling up the DagBag from /home/airflow/.local/lib/python3.12/site-packages/airflow/example_dags/example_params_ui_tutorial.py
[2024-09-28T07:48:29.020+0000] {processor.py:925} INFO - DAG(s) 'example_params_ui_tutorial' retrieved from /home/airflow/.local/lib/python3.12/site-packages/airflow/example_dags/example_params_ui_tutorial.py
[2024-09-28T07:48:29.039+0000] {logging_mixin.py:190} INFO - [2024-09-28T07:48:29.039+0000] {dag.py:3239} INFO - Sync 1 DAGs
[2024-09-28T07:48:29.049+0000] {logging_mixin.py:190} INFO - [2024-09-28T07:48:29.049+0000] {dag.py:4180} INFO - Setting next_dagrun for example_params_ui_tutorial to None, run_after=None
[2024-09-28T07:48:29.058+0000] {processor.py:208} INFO - Processing /home/airflow/.local/lib/python3.12/site-packages/airflow/example_dags/example_params_ui_tutorial.py took 0.051 seconds
[2024-09-28T07:48:59.292+0000] {processor.py:186} INFO - Started process (PID=1150) to work on /home/airflow/.local/lib/python3.12/site-packages/airflow/example_dags/example_params_ui_tutorial.py
[2024-09-28T07:48:59.293+0000] {processor.py:914} INFO - Processing file /home/airflow/.local/lib/python3.12/site-packages/airflow/example_dags/example_params_ui_tutorial.py for tasks to queue
[2024-09-28T07:48:59.294+0000] {logging_mixin.py:190} INFO - [2024-09-28T07:48:59.294+0000] {dagbag.py:588} INFO - Filling up the DagBag from /home/airflow/.local/lib/python3.12/site-packages/airflow/example_dags/example_params_ui_tutorial.py
[2024-09-28T07:48:59.299+0000] {processor.py:925} INFO - DAG(s) 'example_params_ui_tutorial' retrieved from /home/airflow/.local/lib/python3.12/site-packages/airflow/example_dags/example_params_ui_tutorial.py
[2024-09-28T07:48:59.318+0000] {logging_mixin.py:190} INFO - [2024-09-28T07:48:59.318+0000] {dag.py:3239} INFO - Sync 1 DAGs
[2024-09-28T07:48:59.325+0000] {logging_mixin.py:190} INFO - [2024-09-28T07:48:59.325+0000] {dag.py:4180} INFO - Setting next_dagrun for example_params_ui_tutorial to None, run_after=None
[2024-09-28T07:48:59.336+0000] {processor.py:208} INFO - Processing /home/airflow/.local/lib/python3.12/site-packages/airflow/example_dags/example_params_ui_tutorial.py took 0.047 seconds
[2024-09-28T07:49:29.462+0000] {processor.py:186} INFO - Started process (PID=1459) to work on /home/airflow/.local/lib/python3.12/site-packages/airflow/example_dags/example_params_ui_tutorial.py
[2024-09-28T07:49:29.463+0000] {processor.py:914} INFO - Processing file /home/airflow/.local/lib/python3.12/site-packages/airflow/example_dags/example_params_ui_tutorial.py for tasks to queue
[2024-09-28T07:49:29.465+0000] {logging_mixin.py:190} INFO - [2024-09-28T07:49:29.464+0000] {dagbag.py:588} INFO - Filling up the DagBag from /home/airflow/.local/lib/python3.12/site-packages/airflow/example_dags/example_params_ui_tutorial.py
[2024-09-28T07:49:29.470+0000] {processor.py:925} INFO - DAG(s) 'example_params_ui_tutorial' retrieved from /home/airflow/.local/lib/python3.12/site-packages/airflow/example_dags/example_params_ui_tutorial.py
[2024-09-28T07:49:29.489+0000] {logging_mixin.py:190} INFO - [2024-09-28T07:49:29.489+0000] {dag.py:3239} INFO - Sync 1 DAGs
[2024-09-28T07:49:29.496+0000] {logging_mixin.py:190} INFO - [2024-09-28T07:49:29.496+0000] {dag.py:4180} INFO - Setting next_dagrun for example_params_ui_tutorial to None, run_after=None
[2024-09-28T07:49:29.504+0000] {processor.py:208} INFO - Processing /home/airflow/.local/lib/python3.12/site-packages/airflow/example_dags/example_params_ui_tutorial.py took 0.045 seconds
[2024-09-28T07:49:59.632+0000] {processor.py:186} INFO - Started process (PID=1747) to work on /home/airflow/.local/lib/python3.12/site-packages/airflow/example_dags/example_params_ui_tutorial.py
[2024-09-28T07:49:59.633+0000] {processor.py:914} INFO - Processing file /home/airflow/.local/lib/python3.12/site-packages/airflow/example_dags/example_params_ui_tutorial.py for tasks to queue
[2024-09-28T07:49:59.634+0000] {logging_mixin.py:190} INFO - [2024-09-28T07:49:59.634+0000] {dagbag.py:588} INFO - Filling up the DagBag from /home/airflow/.local/lib/python3.12/site-packages/airflow/example_dags/example_params_ui_tutorial.py
[2024-09-28T07:49:59.638+0000] {processor.py:925} INFO - DAG(s) 'example_params_ui_tutorial' retrieved from /home/airflow/.local/lib/python3.12/site-packages/airflow/example_dags/example_params_ui_tutorial.py
[2024-09-28T07:49:59.656+0000] {logging_mixin.py:190} INFO - [2024-09-28T07:49:59.656+0000] {dag.py:3239} INFO - Sync 1 DAGs
[2024-09-28T07:49:59.662+0000] {logging_mixin.py:190} INFO - [2024-09-28T07:49:59.662+0000] {dag.py:4180} INFO - Setting next_dagrun for example_params_ui_tutorial to None, run_after=None
[2024-09-28T07:49:59.669+0000] {processor.py:208} INFO - Processing /home/airflow/.local/lib/python3.12/site-packages/airflow/example_dags/example_params_ui_tutorial.py took 0.040 seconds
[2024-09-28T07:50:29.985+0000] {processor.py:186} INFO - Started process (PID=2039) to work on /home/airflow/.local/lib/python3.12/site-packages/airflow/example_dags/example_params_ui_tutorial.py
[2024-09-28T07:50:29.986+0000] {processor.py:914} INFO - Processing file /home/airflow/.local/lib/python3.12/site-packages/airflow/example_dags/example_params_ui_tutorial.py for tasks to queue
[2024-09-28T07:50:29.987+0000] {logging_mixin.py:190} INFO - [2024-09-28T07:50:29.987+0000] {dagbag.py:588} INFO - Filling up the DagBag from /home/airflow/.local/lib/python3.12/site-packages/airflow/example_dags/example_params_ui_tutorial.py
[2024-09-28T07:50:29.991+0000] {processor.py:925} INFO - DAG(s) 'example_params_ui_tutorial' retrieved from /home/airflow/.local/lib/python3.12/site-packages/airflow/example_dags/example_params_ui_tutorial.py
[2024-09-28T07:50:30.009+0000] {logging_mixin.py:190} INFO - [2024-09-28T07:50:30.008+0000] {dag.py:3239} INFO - Sync 1 DAGs
[2024-09-28T07:50:30.015+0000] {logging_mixin.py:190} INFO - [2024-09-28T07:50:30.015+0000] {dag.py:4180} INFO - Setting next_dagrun for example_params_ui_tutorial to None, run_after=None
[2024-09-28T07:50:30.022+0000] {processor.py:208} INFO - Processing /home/airflow/.local/lib/python3.12/site-packages/airflow/example_dags/example_params_ui_tutorial.py took 0.039 seconds
[2024-09-28T07:51:00.328+0000] {processor.py:186} INFO - Started process (PID=2324) to work on /home/airflow/.local/lib/python3.12/site-packages/airflow/example_dags/example_params_ui_tutorial.py
[2024-09-28T07:51:00.329+0000] {processor.py:914} INFO - Processing file /home/airflow/.local/lib/python3.12/site-packages/airflow/example_dags/example_params_ui_tutorial.py for tasks to queue
[2024-09-28T07:51:00.330+0000] {logging_mixin.py:190} INFO - [2024-09-28T07:51:00.330+0000] {dagbag.py:588} INFO - Filling up the DagBag from /home/airflow/.local/lib/python3.12/site-packages/airflow/example_dags/example_params_ui_tutorial.py
[2024-09-28T07:51:00.334+0000] {processor.py:925} INFO - DAG(s) 'example_params_ui_tutorial' retrieved from /home/airflow/.local/lib/python3.12/site-packages/airflow/example_dags/example_params_ui_tutorial.py
[2024-09-28T07:51:00.352+0000] {logging_mixin.py:190} INFO - [2024-09-28T07:51:00.352+0000] {dag.py:3239} INFO - Sync 1 DAGs
[2024-09-28T07:51:00.358+0000] {logging_mixin.py:190} INFO - [2024-09-28T07:51:00.358+0000] {dag.py:4180} INFO - Setting next_dagrun for example_params_ui_tutorial to None, run_after=None
[2024-09-28T07:51:00.365+0000] {processor.py:208} INFO - Processing /home/airflow/.local/lib/python3.12/site-packages/airflow/example_dags/example_params_ui_tutorial.py took 0.040 seconds
[2024-09-28T07:51:30.513+0000] {processor.py:186} INFO - Started process (PID=2609) to work on /home/airflow/.local/lib/python3.12/site-packages/airflow/example_dags/example_params_ui_tutorial.py
[2024-09-28T07:51:30.514+0000] {processor.py:914} INFO - Processing file /home/airflow/.local/lib/python3.12/site-packages/airflow/example_dags/example_params_ui_tutorial.py for tasks to queue
[2024-09-28T07:51:30.515+0000] {logging_mixin.py:190} INFO - [2024-09-28T07:51:30.515+0000] {dagbag.py:588} INFO - Filling up the DagBag from /home/airflow/.local/lib/python3.12/site-packages/airflow/example_dags/example_params_ui_tutorial.py
[2024-09-28T07:51:30.519+0000] {processor.py:925} INFO - DAG(s) 'example_params_ui_tutorial' retrieved from /home/airflow/.local/lib/python3.12/site-packages/airflow/example_dags/example_params_ui_tutorial.py
[2024-09-28T07:51:30.536+0000] {logging_mixin.py:190} INFO - [2024-09-28T07:51:30.536+0000] {dag.py:3239} INFO - Sync 1 DAGs
[2024-09-28T07:51:30.542+0000] {logging_mixin.py:190} INFO - [2024-09-28T07:51:30.542+0000] {dag.py:4180} INFO - Setting next_dagrun for example_params_ui_tutorial to None, run_after=None
[2024-09-28T07:51:30.550+0000] {processor.py:208} INFO - Processing /home/airflow/.local/lib/python3.12/site-packages/airflow/example_dags/example_params_ui_tutorial.py took 0.039 seconds
[2024-09-28T07:52:00.671+0000] {processor.py:186} INFO - Started process (PID=2893) to work on /home/airflow/.local/lib/python3.12/site-packages/airflow/example_dags/example_params_ui_tutorial.py
[2024-09-28T07:52:00.672+0000] {processor.py:914} INFO - Processing file /home/airflow/.local/lib/python3.12/site-packages/airflow/example_dags/example_params_ui_tutorial.py for tasks to queue
[2024-09-28T07:52:00.674+0000] {logging_mixin.py:190} INFO - [2024-09-28T07:52:00.674+0000] {dagbag.py:588} INFO - Filling up the DagBag from /home/airflow/.local/lib/python3.12/site-packages/airflow/example_dags/example_params_ui_tutorial.py
[2024-09-28T07:52:00.680+0000] {processor.py:925} INFO - DAG(s) 'example_params_ui_tutorial' retrieved from /home/airflow/.local/lib/python3.12/site-packages/airflow/example_dags/example_params_ui_tutorial.py
[2024-09-28T07:52:00.702+0000] {logging_mixin.py:190} INFO - [2024-09-28T07:52:00.702+0000] {dag.py:3239} INFO - Sync 1 DAGs
[2024-09-28T07:52:00.709+0000] {logging_mixin.py:190} INFO - [2024-09-28T07:52:00.709+0000] {dag.py:4180} INFO - Setting next_dagrun for example_params_ui_tutorial to None, run_after=None
[2024-09-28T07:52:00.718+0000] {processor.py:208} INFO - Processing /home/airflow/.local/lib/python3.12/site-packages/airflow/example_dags/example_params_ui_tutorial.py took 0.051 seconds
[2024-09-28T07:52:31.868+0000] {processor.py:186} INFO - Started process (PID=3179) to work on /home/airflow/.local/lib/python3.12/site-packages/airflow/example_dags/example_params_ui_tutorial.py
[2024-09-28T07:52:31.870+0000] {processor.py:914} INFO - Processing file /home/airflow/.local/lib/python3.12/site-packages/airflow/example_dags/example_params_ui_tutorial.py for tasks to queue
[2024-09-28T07:52:31.872+0000] {logging_mixin.py:190} INFO - [2024-09-28T07:52:31.872+0000] {dagbag.py:588} INFO - Filling up the DagBag from /home/airflow/.local/lib/python3.12/site-packages/airflow/example_dags/example_params_ui_tutorial.py
[2024-09-28T07:52:31.876+0000] {processor.py:925} INFO - DAG(s) 'example_params_ui_tutorial' retrieved from /home/airflow/.local/lib/python3.12/site-packages/airflow/example_dags/example_params_ui_tutorial.py
[2024-09-28T07:52:31.898+0000] {logging_mixin.py:190} INFO - [2024-09-28T07:52:31.898+0000] {dag.py:3239} INFO - Sync 1 DAGs
[2024-09-28T07:52:31.905+0000] {logging_mixin.py:190} INFO - [2024-09-28T07:52:31.905+0000] {dag.py:4180} INFO - Setting next_dagrun for example_params_ui_tutorial to None, run_after=None
[2024-09-28T07:52:31.913+0000] {processor.py:208} INFO - Processing /home/airflow/.local/lib/python3.12/site-packages/airflow/example_dags/example_params_ui_tutorial.py took 0.048 seconds
[2024-09-28T07:53:02.158+0000] {processor.py:186} INFO - Started process (PID=3465) to work on /home/airflow/.local/lib/python3.12/site-packages/airflow/example_dags/example_params_ui_tutorial.py
[2024-09-28T07:53:02.161+0000] {processor.py:914} INFO - Processing file /home/airflow/.local/lib/python3.12/site-packages/airflow/example_dags/example_params_ui_tutorial.py for tasks to queue
[2024-09-28T07:53:02.162+0000] {logging_mixin.py:190} INFO - [2024-09-28T07:53:02.162+0000] {dagbag.py:588} INFO - Filling up the DagBag from /home/airflow/.local/lib/python3.12/site-packages/airflow/example_dags/example_params_ui_tutorial.py
[2024-09-28T07:53:02.168+0000] {processor.py:925} INFO - DAG(s) 'example_params_ui_tutorial' retrieved from /home/airflow/.local/lib/python3.12/site-packages/airflow/example_dags/example_params_ui_tutorial.py
[2024-09-28T07:53:02.189+0000] {logging_mixin.py:190} INFO - [2024-09-28T07:53:02.189+0000] {dag.py:3239} INFO - Sync 1 DAGs
[2024-09-28T07:53:02.197+0000] {logging_mixin.py:190} INFO - [2024-09-28T07:53:02.196+0000] {dag.py:4180} INFO - Setting next_dagrun for example_params_ui_tutorial to None, run_after=None
[2024-09-28T07:53:02.207+0000] {processor.py:208} INFO - Processing /home/airflow/.local/lib/python3.12/site-packages/airflow/example_dags/example_params_ui_tutorial.py took 0.053 seconds
[2024-09-28T07:53:32.505+0000] {processor.py:186} INFO - Started process (PID=3751) to work on /home/airflow/.local/lib/python3.12/site-packages/airflow/example_dags/example_params_ui_tutorial.py
[2024-09-28T07:53:32.508+0000] {processor.py:914} INFO - Processing file /home/airflow/.local/lib/python3.12/site-packages/airflow/example_dags/example_params_ui_tutorial.py for tasks to queue
[2024-09-28T07:53:32.509+0000] {logging_mixin.py:190} INFO - [2024-09-28T07:53:32.509+0000] {dagbag.py:588} INFO - Filling up the DagBag from /home/airflow/.local/lib/python3.12/site-packages/airflow/example_dags/example_params_ui_tutorial.py
[2024-09-28T07:53:32.514+0000] {processor.py:925} INFO - DAG(s) 'example_params_ui_tutorial' retrieved from /home/airflow/.local/lib/python3.12/site-packages/airflow/example_dags/example_params_ui_tutorial.py
[2024-09-28T07:53:32.537+0000] {logging_mixin.py:190} INFO - [2024-09-28T07:53:32.537+0000] {dag.py:3239} INFO - Sync 1 DAGs
[2024-09-28T07:53:32.544+0000] {logging_mixin.py:190} INFO - [2024-09-28T07:53:32.544+0000] {dag.py:4180} INFO - Setting next_dagrun for example_params_ui_tutorial to None, run_after=None
[2024-09-28T07:53:32.553+0000] {processor.py:208} INFO - Processing /home/airflow/.local/lib/python3.12/site-packages/airflow/example_dags/example_params_ui_tutorial.py took 0.051 seconds
[2024-09-28T07:54:02.741+0000] {processor.py:186} INFO - Started process (PID=4037) to work on /home/airflow/.local/lib/python3.12/site-packages/airflow/example_dags/example_params_ui_tutorial.py
[2024-09-28T07:54:02.742+0000] {processor.py:914} INFO - Processing file /home/airflow/.local/lib/python3.12/site-packages/airflow/example_dags/example_params_ui_tutorial.py for tasks to queue
[2024-09-28T07:54:02.744+0000] {logging_mixin.py:190} INFO - [2024-09-28T07:54:02.744+0000] {dagbag.py:588} INFO - Filling up the DagBag from /home/airflow/.local/lib/python3.12/site-packages/airflow/example_dags/example_params_ui_tutorial.py
[2024-09-28T07:54:02.750+0000] {processor.py:925} INFO - DAG(s) 'example_params_ui_tutorial' retrieved from /home/airflow/.local/lib/python3.12/site-packages/airflow/example_dags/example_params_ui_tutorial.py
[2024-09-28T07:54:02.774+0000] {logging_mixin.py:190} INFO - [2024-09-28T07:54:02.774+0000] {dag.py:3239} INFO - Sync 1 DAGs
[2024-09-28T07:54:02.784+0000] {logging_mixin.py:190} INFO - [2024-09-28T07:54:02.784+0000] {dag.py:4180} INFO - Setting next_dagrun for example_params_ui_tutorial to None, run_after=None
[2024-09-28T07:54:02.800+0000] {processor.py:208} INFO - Processing /home/airflow/.local/lib/python3.12/site-packages/airflow/example_dags/example_params_ui_tutorial.py took 0.065 seconds
[2024-09-28T07:54:33.104+0000] {processor.py:186} INFO - Started process (PID=4325) to work on /home/airflow/.local/lib/python3.12/site-packages/airflow/example_dags/example_params_ui_tutorial.py
[2024-09-28T07:54:33.106+0000] {processor.py:914} INFO - Processing file /home/airflow/.local/lib/python3.12/site-packages/airflow/example_dags/example_params_ui_tutorial.py for tasks to queue
[2024-09-28T07:54:33.107+0000] {logging_mixin.py:190} INFO - [2024-09-28T07:54:33.107+0000] {dagbag.py:588} INFO - Filling up the DagBag from /home/airflow/.local/lib/python3.12/site-packages/airflow/example_dags/example_params_ui_tutorial.py
[2024-09-28T07:54:33.113+0000] {processor.py:925} INFO - DAG(s) 'example_params_ui_tutorial' retrieved from /home/airflow/.local/lib/python3.12/site-packages/airflow/example_dags/example_params_ui_tutorial.py
[2024-09-28T07:54:33.137+0000] {logging_mixin.py:190} INFO - [2024-09-28T07:54:33.137+0000] {dag.py:3239} INFO - Sync 1 DAGs
[2024-09-28T07:54:33.155+0000] {logging_mixin.py:190} INFO - [2024-09-28T07:54:33.154+0000] {dag.py:4180} INFO - Setting next_dagrun for example_params_ui_tutorial to None, run_after=None
[2024-09-28T07:54:33.176+0000] {processor.py:208} INFO - Processing /home/airflow/.local/lib/python3.12/site-packages/airflow/example_dags/example_params_ui_tutorial.py took 0.076 seconds
[2024-09-28T07:55:03.570+0000] {processor.py:186} INFO - Started process (PID=4611) to work on /home/airflow/.local/lib/python3.12/site-packages/airflow/example_dags/example_params_ui_tutorial.py
[2024-09-28T07:55:03.570+0000] {processor.py:914} INFO - Processing file /home/airflow/.local/lib/python3.12/site-packages/airflow/example_dags/example_params_ui_tutorial.py for tasks to queue
[2024-09-28T07:55:03.571+0000] {logging_mixin.py:190} INFO - [2024-09-28T07:55:03.571+0000] {dagbag.py:588} INFO - Filling up the DagBag from /home/airflow/.local/lib/python3.12/site-packages/airflow/example_dags/example_params_ui_tutorial.py
[2024-09-28T07:55:03.576+0000] {processor.py:925} INFO - DAG(s) 'example_params_ui_tutorial' retrieved from /home/airflow/.local/lib/python3.12/site-packages/airflow/example_dags/example_params_ui_tutorial.py
[2024-09-28T07:55:03.594+0000] {logging_mixin.py:190} INFO - [2024-09-28T07:55:03.594+0000] {dag.py:3239} INFO - Sync 1 DAGs
[2024-09-28T07:55:03.601+0000] {logging_mixin.py:190} INFO - [2024-09-28T07:55:03.601+0000] {dag.py:4180} INFO - Setting next_dagrun for example_params_ui_tutorial to None, run_after=None
[2024-09-28T07:55:03.609+0000] {processor.py:208} INFO - Processing /home/airflow/.local/lib/python3.12/site-packages/airflow/example_dags/example_params_ui_tutorial.py took 0.043 seconds
[2024-09-28T07:55:33.933+0000] {processor.py:186} INFO - Started process (PID=4895) to work on /home/airflow/.local/lib/python3.12/site-packages/airflow/example_dags/example_params_ui_tutorial.py
[2024-09-28T07:55:33.934+0000] {processor.py:914} INFO - Processing file /home/airflow/.local/lib/python3.12/site-packages/airflow/example_dags/example_params_ui_tutorial.py for tasks to queue
[2024-09-28T07:55:33.936+0000] {logging_mixin.py:190} INFO - [2024-09-28T07:55:33.936+0000] {dagbag.py:588} INFO - Filling up the DagBag from /home/airflow/.local/lib/python3.12/site-packages/airflow/example_dags/example_params_ui_tutorial.py
[2024-09-28T07:55:33.941+0000] {processor.py:925} INFO - DAG(s) 'example_params_ui_tutorial' retrieved from /home/airflow/.local/lib/python3.12/site-packages/airflow/example_dags/example_params_ui_tutorial.py
[2024-09-28T07:55:33.967+0000] {logging_mixin.py:190} INFO - [2024-09-28T07:55:33.967+0000] {dag.py:3239} INFO - Sync 1 DAGs
[2024-09-28T07:55:33.978+0000] {logging_mixin.py:190} INFO - [2024-09-28T07:55:33.978+0000] {dag.py:4180} INFO - Setting next_dagrun for example_params_ui_tutorial to None, run_after=None
[2024-09-28T07:55:33.991+0000] {processor.py:208} INFO - Processing /home/airflow/.local/lib/python3.12/site-packages/airflow/example_dags/example_params_ui_tutorial.py took 0.061 seconds
[2024-09-28T07:56:04.295+0000] {processor.py:186} INFO - Started process (PID=5181) to work on /home/airflow/.local/lib/python3.12/site-packages/airflow/example_dags/example_params_ui_tutorial.py
[2024-09-28T07:56:04.298+0000] {processor.py:914} INFO - Processing file /home/airflow/.local/lib/python3.12/site-packages/airflow/example_dags/example_params_ui_tutorial.py for tasks to queue
[2024-09-28T07:56:04.299+0000] {logging_mixin.py:190} INFO - [2024-09-28T07:56:04.299+0000] {dagbag.py:588} INFO - Filling up the DagBag from /home/airflow/.local/lib/python3.12/site-packages/airflow/example_dags/example_params_ui_tutorial.py
[2024-09-28T07:56:04.304+0000] {processor.py:925} INFO - DAG(s) 'example_params_ui_tutorial' retrieved from /home/airflow/.local/lib/python3.12/site-packages/airflow/example_dags/example_params_ui_tutorial.py
[2024-09-28T07:56:04.325+0000] {logging_mixin.py:190} INFO - [2024-09-28T07:56:04.325+0000] {dag.py:3239} INFO - Sync 1 DAGs
[2024-09-28T07:56:04.332+0000] {logging_mixin.py:190} INFO - [2024-09-28T07:56:04.332+0000] {dag.py:4180} INFO - Setting next_dagrun for example_params_ui_tutorial to None, run_after=None
[2024-09-28T07:56:04.341+0000] {processor.py:208} INFO - Processing /home/airflow/.local/lib/python3.12/site-packages/airflow/example_dags/example_params_ui_tutorial.py took 0.049 seconds
[2024-09-28T07:56:34.782+0000] {processor.py:186} INFO - Started process (PID=5467) to work on /home/airflow/.local/lib/python3.12/site-packages/airflow/example_dags/example_params_ui_tutorial.py
[2024-09-28T07:56:34.785+0000] {processor.py:914} INFO - Processing file /home/airflow/.local/lib/python3.12/site-packages/airflow/example_dags/example_params_ui_tutorial.py for tasks to queue
[2024-09-28T07:56:34.786+0000] {logging_mixin.py:190} INFO - [2024-09-28T07:56:34.786+0000] {dagbag.py:588} INFO - Filling up the DagBag from /home/airflow/.local/lib/python3.12/site-packages/airflow/example_dags/example_params_ui_tutorial.py
[2024-09-28T07:56:34.791+0000] {processor.py:925} INFO - DAG(s) 'example_params_ui_tutorial' retrieved from /home/airflow/.local/lib/python3.12/site-packages/airflow/example_dags/example_params_ui_tutorial.py
[2024-09-28T07:56:34.812+0000] {logging_mixin.py:190} INFO - [2024-09-28T07:56:34.812+0000] {dag.py:3239} INFO - Sync 1 DAGs
[2024-09-28T07:56:34.819+0000] {logging_mixin.py:190} INFO - [2024-09-28T07:56:34.819+0000] {dag.py:4180} INFO - Setting next_dagrun for example_params_ui_tutorial to None, run_after=None
[2024-09-28T07:56:34.831+0000] {processor.py:208} INFO - Processing /home/airflow/.local/lib/python3.12/site-packages/airflow/example_dags/example_params_ui_tutorial.py took 0.053 seconds
[2024-09-28T07:57:05.057+0000] {processor.py:186} INFO - Started process (PID=5754) to work on /home/airflow/.local/lib/python3.12/site-packages/airflow/example_dags/example_params_ui_tutorial.py
[2024-09-28T07:57:05.057+0000] {processor.py:914} INFO - Processing file /home/airflow/.local/lib/python3.12/site-packages/airflow/example_dags/example_params_ui_tutorial.py for tasks to queue
[2024-09-28T07:57:05.059+0000] {logging_mixin.py:190} INFO - [2024-09-28T07:57:05.058+0000] {dagbag.py:588} INFO - Filling up the DagBag from /home/airflow/.local/lib/python3.12/site-packages/airflow/example_dags/example_params_ui_tutorial.py
[2024-09-28T07:57:05.063+0000] {processor.py:925} INFO - DAG(s) 'example_params_ui_tutorial' retrieved from /home/airflow/.local/lib/python3.12/site-packages/airflow/example_dags/example_params_ui_tutorial.py
[2024-09-28T07:57:05.084+0000] {logging_mixin.py:190} INFO - [2024-09-28T07:57:05.084+0000] {dag.py:3239} INFO - Sync 1 DAGs
[2024-09-28T07:57:05.091+0000] {logging_mixin.py:190} INFO - [2024-09-28T07:57:05.091+0000] {dag.py:4180} INFO - Setting next_dagrun for example_params_ui_tutorial to None, run_after=None
[2024-09-28T07:57:05.100+0000] {processor.py:208} INFO - Processing /home/airflow/.local/lib/python3.12/site-packages/airflow/example_dags/example_params_ui_tutorial.py took 0.047 seconds
[2024-09-28T07:57:35.371+0000] {processor.py:186} INFO - Started process (PID=6039) to work on /home/airflow/.local/lib/python3.12/site-packages/airflow/example_dags/example_params_ui_tutorial.py
[2024-09-28T07:57:35.372+0000] {processor.py:914} INFO - Processing file /home/airflow/.local/lib/python3.12/site-packages/airflow/example_dags/example_params_ui_tutorial.py for tasks to queue
[2024-09-28T07:57:35.374+0000] {logging_mixin.py:190} INFO - [2024-09-28T07:57:35.374+0000] {dagbag.py:588} INFO - Filling up the DagBag from /home/airflow/.local/lib/python3.12/site-packages/airflow/example_dags/example_params_ui_tutorial.py
[2024-09-28T07:57:35.380+0000] {processor.py:925} INFO - DAG(s) 'example_params_ui_tutorial' retrieved from /home/airflow/.local/lib/python3.12/site-packages/airflow/example_dags/example_params_ui_tutorial.py
[2024-09-28T07:57:35.404+0000] {logging_mixin.py:190} INFO - [2024-09-28T07:57:35.404+0000] {dag.py:3239} INFO - Sync 1 DAGs
[2024-09-28T07:57:35.413+0000] {logging_mixin.py:190} INFO - [2024-09-28T07:57:35.412+0000] {dag.py:4180} INFO - Setting next_dagrun for example_params_ui_tutorial to None, run_after=None
[2024-09-28T07:57:35.423+0000] {processor.py:208} INFO - Processing /home/airflow/.local/lib/python3.12/site-packages/airflow/example_dags/example_params_ui_tutorial.py took 0.057 seconds
[2024-09-28T07:58:05.682+0000] {processor.py:186} INFO - Started process (PID=6326) to work on /home/airflow/.local/lib/python3.12/site-packages/airflow/example_dags/example_params_ui_tutorial.py
[2024-09-28T07:58:05.683+0000] {processor.py:914} INFO - Processing file /home/airflow/.local/lib/python3.12/site-packages/airflow/example_dags/example_params_ui_tutorial.py for tasks to queue
[2024-09-28T07:58:05.684+0000] {logging_mixin.py:190} INFO - [2024-09-28T07:58:05.684+0000] {dagbag.py:588} INFO - Filling up the DagBag from /home/airflow/.local/lib/python3.12/site-packages/airflow/example_dags/example_params_ui_tutorial.py
[2024-09-28T07:58:05.688+0000] {processor.py:925} INFO - DAG(s) 'example_params_ui_tutorial' retrieved from /home/airflow/.local/lib/python3.12/site-packages/airflow/example_dags/example_params_ui_tutorial.py
[2024-09-28T07:58:05.707+0000] {logging_mixin.py:190} INFO - [2024-09-28T07:58:05.707+0000] {dag.py:3239} INFO - Sync 1 DAGs
[2024-09-28T07:58:05.714+0000] {logging_mixin.py:190} INFO - [2024-09-28T07:58:05.714+0000] {dag.py:4180} INFO - Setting next_dagrun for example_params_ui_tutorial to None, run_after=None
[2024-09-28T07:58:05.727+0000] {processor.py:208} INFO - Processing /home/airflow/.local/lib/python3.12/site-packages/airflow/example_dags/example_params_ui_tutorial.py took 0.049 seconds
[2024-09-28T07:58:36.001+0000] {processor.py:186} INFO - Started process (PID=6612) to work on /home/airflow/.local/lib/python3.12/site-packages/airflow/example_dags/example_params_ui_tutorial.py
[2024-09-28T07:58:36.002+0000] {processor.py:914} INFO - Processing file /home/airflow/.local/lib/python3.12/site-packages/airflow/example_dags/example_params_ui_tutorial.py for tasks to queue
[2024-09-28T07:58:36.003+0000] {logging_mixin.py:190} INFO - [2024-09-28T07:58:36.003+0000] {dagbag.py:588} INFO - Filling up the DagBag from /home/airflow/.local/lib/python3.12/site-packages/airflow/example_dags/example_params_ui_tutorial.py
[2024-09-28T07:58:36.008+0000] {processor.py:925} INFO - DAG(s) 'example_params_ui_tutorial' retrieved from /home/airflow/.local/lib/python3.12/site-packages/airflow/example_dags/example_params_ui_tutorial.py
[2024-09-28T07:58:36.034+0000] {logging_mixin.py:190} INFO - [2024-09-28T07:58:36.034+0000] {dag.py:3239} INFO - Sync 1 DAGs
[2024-09-28T07:58:36.041+0000] {logging_mixin.py:190} INFO - [2024-09-28T07:58:36.041+0000] {dag.py:4180} INFO - Setting next_dagrun for example_params_ui_tutorial to None, run_after=None
[2024-09-28T07:58:36.050+0000] {processor.py:208} INFO - Processing /home/airflow/.local/lib/python3.12/site-packages/airflow/example_dags/example_params_ui_tutorial.py took 0.052 seconds
[2024-09-28T07:59:06.411+0000] {processor.py:186} INFO - Started process (PID=6896) to work on /home/airflow/.local/lib/python3.12/site-packages/airflow/example_dags/example_params_ui_tutorial.py
[2024-09-28T07:59:06.412+0000] {processor.py:914} INFO - Processing file /home/airflow/.local/lib/python3.12/site-packages/airflow/example_dags/example_params_ui_tutorial.py for tasks to queue
[2024-09-28T07:59:06.415+0000] {logging_mixin.py:190} INFO - [2024-09-28T07:59:06.415+0000] {dagbag.py:588} INFO - Filling up the DagBag from /home/airflow/.local/lib/python3.12/site-packages/airflow/example_dags/example_params_ui_tutorial.py
[2024-09-28T07:59:06.421+0000] {processor.py:925} INFO - DAG(s) 'example_params_ui_tutorial' retrieved from /home/airflow/.local/lib/python3.12/site-packages/airflow/example_dags/example_params_ui_tutorial.py
[2024-09-28T07:59:06.444+0000] {logging_mixin.py:190} INFO - [2024-09-28T07:59:06.444+0000] {dag.py:3239} INFO - Sync 1 DAGs
[2024-09-28T07:59:06.453+0000] {logging_mixin.py:190} INFO - [2024-09-28T07:59:06.453+0000] {dag.py:4180} INFO - Setting next_dagrun for example_params_ui_tutorial to None, run_after=None
[2024-09-28T07:59:06.469+0000] {processor.py:208} INFO - Processing /home/airflow/.local/lib/python3.12/site-packages/airflow/example_dags/example_params_ui_tutorial.py took 0.061 seconds
[2024-09-28T07:59:36.954+0000] {processor.py:186} INFO - Started process (PID=7184) to work on /home/airflow/.local/lib/python3.12/site-packages/airflow/example_dags/example_params_ui_tutorial.py
[2024-09-28T07:59:36.955+0000] {processor.py:914} INFO - Processing file /home/airflow/.local/lib/python3.12/site-packages/airflow/example_dags/example_params_ui_tutorial.py for tasks to queue
[2024-09-28T07:59:36.956+0000] {logging_mixin.py:190} INFO - [2024-09-28T07:59:36.956+0000] {dagbag.py:588} INFO - Filling up the DagBag from /home/airflow/.local/lib/python3.12/site-packages/airflow/example_dags/example_params_ui_tutorial.py
[2024-09-28T07:59:36.962+0000] {processor.py:925} INFO - DAG(s) 'example_params_ui_tutorial' retrieved from /home/airflow/.local/lib/python3.12/site-packages/airflow/example_dags/example_params_ui_tutorial.py
[2024-09-28T07:59:36.984+0000] {logging_mixin.py:190} INFO - [2024-09-28T07:59:36.984+0000] {dag.py:3239} INFO - Sync 1 DAGs
[2024-09-28T07:59:36.991+0000] {logging_mixin.py:190} INFO - [2024-09-28T07:59:36.991+0000] {dag.py:4180} INFO - Setting next_dagrun for example_params_ui_tutorial to None, run_after=None
[2024-09-28T07:59:37.001+0000] {processor.py:208} INFO - Processing /home/airflow/.local/lib/python3.12/site-packages/airflow/example_dags/example_params_ui_tutorial.py took 0.052 seconds
[2024-09-28T08:00:07.318+0000] {processor.py:186} INFO - Started process (PID=7468) to work on /home/airflow/.local/lib/python3.12/site-packages/airflow/example_dags/example_params_ui_tutorial.py
[2024-09-28T08:00:07.319+0000] {processor.py:914} INFO - Processing file /home/airflow/.local/lib/python3.12/site-packages/airflow/example_dags/example_params_ui_tutorial.py for tasks to queue
[2024-09-28T08:00:07.321+0000] {logging_mixin.py:190} INFO - [2024-09-28T08:00:07.321+0000] {dagbag.py:588} INFO - Filling up the DagBag from /home/airflow/.local/lib/python3.12/site-packages/airflow/example_dags/example_params_ui_tutorial.py
[2024-09-28T08:00:07.328+0000] {processor.py:925} INFO - DAG(s) 'example_params_ui_tutorial' retrieved from /home/airflow/.local/lib/python3.12/site-packages/airflow/example_dags/example_params_ui_tutorial.py
[2024-09-28T08:00:07.356+0000] {logging_mixin.py:190} INFO - [2024-09-28T08:00:07.355+0000] {dag.py:3239} INFO - Sync 1 DAGs
[2024-09-28T08:00:07.364+0000] {logging_mixin.py:190} INFO - [2024-09-28T08:00:07.364+0000] {dag.py:4180} INFO - Setting next_dagrun for example_params_ui_tutorial to None, run_after=None
[2024-09-28T08:00:07.384+0000] {processor.py:208} INFO - Processing /home/airflow/.local/lib/python3.12/site-packages/airflow/example_dags/example_params_ui_tutorial.py took 0.073 seconds
[2024-09-28T08:00:37.753+0000] {processor.py:186} INFO - Started process (PID=7754) to work on /home/airflow/.local/lib/python3.12/site-packages/airflow/example_dags/example_params_ui_tutorial.py
[2024-09-28T08:00:37.754+0000] {processor.py:914} INFO - Processing file /home/airflow/.local/lib/python3.12/site-packages/airflow/example_dags/example_params_ui_tutorial.py for tasks to queue
[2024-09-28T08:00:37.756+0000] {logging_mixin.py:190} INFO - [2024-09-28T08:00:37.756+0000] {dagbag.py:588} INFO - Filling up the DagBag from /home/airflow/.local/lib/python3.12/site-packages/airflow/example_dags/example_params_ui_tutorial.py
[2024-09-28T08:00:37.763+0000] {processor.py:925} INFO - DAG(s) 'example_params_ui_tutorial' retrieved from /home/airflow/.local/lib/python3.12/site-packages/airflow/example_dags/example_params_ui_tutorial.py
[2024-09-28T08:00:37.787+0000] {logging_mixin.py:190} INFO - [2024-09-28T08:00:37.787+0000] {dag.py:3239} INFO - Sync 1 DAGs
[2024-09-28T08:00:37.794+0000] {logging_mixin.py:190} INFO - [2024-09-28T08:00:37.794+0000] {dag.py:4180} INFO - Setting next_dagrun for example_params_ui_tutorial to None, run_after=None
[2024-09-28T08:00:37.807+0000] {processor.py:208} INFO - Processing /home/airflow/.local/lib/python3.12/site-packages/airflow/example_dags/example_params_ui_tutorial.py took 0.057 seconds
[2024-09-28T08:01:08.420+0000] {processor.py:186} INFO - Started process (PID=8040) to work on /home/airflow/.local/lib/python3.12/site-packages/airflow/example_dags/example_params_ui_tutorial.py
[2024-09-28T08:01:08.423+0000] {processor.py:914} INFO - Processing file /home/airflow/.local/lib/python3.12/site-packages/airflow/example_dags/example_params_ui_tutorial.py for tasks to queue
[2024-09-28T08:01:08.425+0000] {logging_mixin.py:190} INFO - [2024-09-28T08:01:08.424+0000] {dagbag.py:588} INFO - Filling up the DagBag from /home/airflow/.local/lib/python3.12/site-packages/airflow/example_dags/example_params_ui_tutorial.py
[2024-09-28T08:01:08.431+0000] {processor.py:925} INFO - DAG(s) 'example_params_ui_tutorial' retrieved from /home/airflow/.local/lib/python3.12/site-packages/airflow/example_dags/example_params_ui_tutorial.py
[2024-09-28T08:01:08.456+0000] {logging_mixin.py:190} INFO - [2024-09-28T08:01:08.456+0000] {dag.py:3239} INFO - Sync 1 DAGs
[2024-09-28T08:01:08.464+0000] {logging_mixin.py:190} INFO - [2024-09-28T08:01:08.464+0000] {dag.py:4180} INFO - Setting next_dagrun for example_params_ui_tutorial to None, run_after=None
[2024-09-28T08:01:08.474+0000] {processor.py:208} INFO - Processing /home/airflow/.local/lib/python3.12/site-packages/airflow/example_dags/example_params_ui_tutorial.py took 0.057 seconds
[2024-09-28T08:01:38.992+0000] {processor.py:186} INFO - Started process (PID=8328) to work on /home/airflow/.local/lib/python3.12/site-packages/airflow/example_dags/example_params_ui_tutorial.py
[2024-09-28T08:01:38.993+0000] {processor.py:914} INFO - Processing file /home/airflow/.local/lib/python3.12/site-packages/airflow/example_dags/example_params_ui_tutorial.py for tasks to queue
[2024-09-28T08:01:38.994+0000] {logging_mixin.py:190} INFO - [2024-09-28T08:01:38.994+0000] {dagbag.py:588} INFO - Filling up the DagBag from /home/airflow/.local/lib/python3.12/site-packages/airflow/example_dags/example_params_ui_tutorial.py
[2024-09-28T08:01:38.999+0000] {processor.py:925} INFO - DAG(s) 'example_params_ui_tutorial' retrieved from /home/airflow/.local/lib/python3.12/site-packages/airflow/example_dags/example_params_ui_tutorial.py
[2024-09-28T08:01:39.024+0000] {logging_mixin.py:190} INFO - [2024-09-28T08:01:39.024+0000] {dag.py:3239} INFO - Sync 1 DAGs
[2024-09-28T08:01:39.030+0000] {logging_mixin.py:190} INFO - [2024-09-28T08:01:39.030+0000] {dag.py:4180} INFO - Setting next_dagrun for example_params_ui_tutorial to None, run_after=None
[2024-09-28T08:01:39.038+0000] {processor.py:208} INFO - Processing /home/airflow/.local/lib/python3.12/site-packages/airflow/example_dags/example_params_ui_tutorial.py took 0.049 seconds
[2024-09-28T08:02:09.681+0000] {processor.py:186} INFO - Started process (PID=8612) to work on /home/airflow/.local/lib/python3.12/site-packages/airflow/example_dags/example_params_ui_tutorial.py
[2024-09-28T08:02:09.683+0000] {processor.py:914} INFO - Processing file /home/airflow/.local/lib/python3.12/site-packages/airflow/example_dags/example_params_ui_tutorial.py for tasks to queue
[2024-09-28T08:02:09.686+0000] {logging_mixin.py:190} INFO - [2024-09-28T08:02:09.686+0000] {dagbag.py:588} INFO - Filling up the DagBag from /home/airflow/.local/lib/python3.12/site-packages/airflow/example_dags/example_params_ui_tutorial.py
[2024-09-28T08:02:09.694+0000] {processor.py:925} INFO - DAG(s) 'example_params_ui_tutorial' retrieved from /home/airflow/.local/lib/python3.12/site-packages/airflow/example_dags/example_params_ui_tutorial.py
[2024-09-28T08:02:09.719+0000] {logging_mixin.py:190} INFO - [2024-09-28T08:02:09.719+0000] {dag.py:3239} INFO - Sync 1 DAGs
[2024-09-28T08:02:09.728+0000] {logging_mixin.py:190} INFO - [2024-09-28T08:02:09.728+0000] {dag.py:4180} INFO - Setting next_dagrun for example_params_ui_tutorial to None, run_after=None
[2024-09-28T08:02:09.741+0000] {processor.py:208} INFO - Processing /home/airflow/.local/lib/python3.12/site-packages/airflow/example_dags/example_params_ui_tutorial.py took 0.064 seconds
[2024-09-28T08:02:40.406+0000] {processor.py:186} INFO - Started process (PID=8898) to work on /home/airflow/.local/lib/python3.12/site-packages/airflow/example_dags/example_params_ui_tutorial.py
[2024-09-28T08:02:40.407+0000] {processor.py:914} INFO - Processing file /home/airflow/.local/lib/python3.12/site-packages/airflow/example_dags/example_params_ui_tutorial.py for tasks to queue
[2024-09-28T08:02:40.409+0000] {logging_mixin.py:190} INFO - [2024-09-28T08:02:40.409+0000] {dagbag.py:588} INFO - Filling up the DagBag from /home/airflow/.local/lib/python3.12/site-packages/airflow/example_dags/example_params_ui_tutorial.py
[2024-09-28T08:02:40.415+0000] {processor.py:925} INFO - DAG(s) 'example_params_ui_tutorial' retrieved from /home/airflow/.local/lib/python3.12/site-packages/airflow/example_dags/example_params_ui_tutorial.py
[2024-09-28T08:02:40.437+0000] {logging_mixin.py:190} INFO - [2024-09-28T08:02:40.437+0000] {dag.py:3239} INFO - Sync 1 DAGs
[2024-09-28T08:02:40.448+0000] {logging_mixin.py:190} INFO - [2024-09-28T08:02:40.448+0000] {dag.py:4180} INFO - Setting next_dagrun for example_params_ui_tutorial to None, run_after=None
[2024-09-28T08:02:40.458+0000] {processor.py:208} INFO - Processing /home/airflow/.local/lib/python3.12/site-packages/airflow/example_dags/example_params_ui_tutorial.py took 0.056 seconds
[2024-09-28T08:03:10.933+0000] {processor.py:186} INFO - Started process (PID=9184) to work on /home/airflow/.local/lib/python3.12/site-packages/airflow/example_dags/example_params_ui_tutorial.py
[2024-09-28T08:03:10.934+0000] {processor.py:914} INFO - Processing file /home/airflow/.local/lib/python3.12/site-packages/airflow/example_dags/example_params_ui_tutorial.py for tasks to queue
[2024-09-28T08:03:10.935+0000] {logging_mixin.py:190} INFO - [2024-09-28T08:03:10.935+0000] {dagbag.py:588} INFO - Filling up the DagBag from /home/airflow/.local/lib/python3.12/site-packages/airflow/example_dags/example_params_ui_tutorial.py
[2024-09-28T08:03:10.941+0000] {processor.py:925} INFO - DAG(s) 'example_params_ui_tutorial' retrieved from /home/airflow/.local/lib/python3.12/site-packages/airflow/example_dags/example_params_ui_tutorial.py
[2024-09-28T08:03:10.962+0000] {logging_mixin.py:190} INFO - [2024-09-28T08:03:10.962+0000] {dag.py:3239} INFO - Sync 1 DAGs
[2024-09-28T08:03:10.972+0000] {logging_mixin.py:190} INFO - [2024-09-28T08:03:10.972+0000] {dag.py:4180} INFO - Setting next_dagrun for example_params_ui_tutorial to None, run_after=None
[2024-09-28T08:03:10.984+0000] {processor.py:208} INFO - Processing /home/airflow/.local/lib/python3.12/site-packages/airflow/example_dags/example_params_ui_tutorial.py took 0.055 seconds
[2024-09-28T08:03:41.373+0000] {processor.py:186} INFO - Started process (PID=9470) to work on /home/airflow/.local/lib/python3.12/site-packages/airflow/example_dags/example_params_ui_tutorial.py
[2024-09-28T08:03:41.374+0000] {processor.py:914} INFO - Processing file /home/airflow/.local/lib/python3.12/site-packages/airflow/example_dags/example_params_ui_tutorial.py for tasks to queue
[2024-09-28T08:03:41.377+0000] {logging_mixin.py:190} INFO - [2024-09-28T08:03:41.377+0000] {dagbag.py:588} INFO - Filling up the DagBag from /home/airflow/.local/lib/python3.12/site-packages/airflow/example_dags/example_params_ui_tutorial.py
[2024-09-28T08:03:41.383+0000] {processor.py:925} INFO - DAG(s) 'example_params_ui_tutorial' retrieved from /home/airflow/.local/lib/python3.12/site-packages/airflow/example_dags/example_params_ui_tutorial.py
[2024-09-28T08:03:41.401+0000] {logging_mixin.py:190} INFO - [2024-09-28T08:03:41.401+0000] {dag.py:3239} INFO - Sync 1 DAGs
[2024-09-28T08:03:41.408+0000] {logging_mixin.py:190} INFO - [2024-09-28T08:03:41.408+0000] {dag.py:4180} INFO - Setting next_dagrun for example_params_ui_tutorial to None, run_after=None
[2024-09-28T08:03:41.416+0000] {processor.py:208} INFO - Processing /home/airflow/.local/lib/python3.12/site-packages/airflow/example_dags/example_params_ui_tutorial.py took 0.046 seconds
[2024-09-28T08:04:11.991+0000] {processor.py:186} INFO - Started process (PID=9756) to work on /home/airflow/.local/lib/python3.12/site-packages/airflow/example_dags/example_params_ui_tutorial.py
[2024-09-28T08:04:11.992+0000] {processor.py:914} INFO - Processing file /home/airflow/.local/lib/python3.12/site-packages/airflow/example_dags/example_params_ui_tutorial.py for tasks to queue
[2024-09-28T08:04:11.994+0000] {logging_mixin.py:190} INFO - [2024-09-28T08:04:11.994+0000] {dagbag.py:588} INFO - Filling up the DagBag from /home/airflow/.local/lib/python3.12/site-packages/airflow/example_dags/example_params_ui_tutorial.py
[2024-09-28T08:04:11.999+0000] {processor.py:925} INFO - DAG(s) 'example_params_ui_tutorial' retrieved from /home/airflow/.local/lib/python3.12/site-packages/airflow/example_dags/example_params_ui_tutorial.py
[2024-09-28T08:04:12.019+0000] {logging_mixin.py:190} INFO - [2024-09-28T08:04:12.019+0000] {dag.py:3239} INFO - Sync 1 DAGs
[2024-09-28T08:04:12.027+0000] {logging_mixin.py:190} INFO - [2024-09-28T08:04:12.027+0000] {dag.py:4180} INFO - Setting next_dagrun for example_params_ui_tutorial to None, run_after=None
[2024-09-28T08:04:12.035+0000] {processor.py:208} INFO - Processing /home/airflow/.local/lib/python3.12/site-packages/airflow/example_dags/example_params_ui_tutorial.py took 0.047 seconds
[2024-09-28T08:04:42.643+0000] {processor.py:186} INFO - Started process (PID=10042) to work on /home/airflow/.local/lib/python3.12/site-packages/airflow/example_dags/example_params_ui_tutorial.py
[2024-09-28T08:04:42.643+0000] {processor.py:914} INFO - Processing file /home/airflow/.local/lib/python3.12/site-packages/airflow/example_dags/example_params_ui_tutorial.py for tasks to queue
[2024-09-28T08:04:42.644+0000] {logging_mixin.py:190} INFO - [2024-09-28T08:04:42.644+0000] {dagbag.py:588} INFO - Filling up the DagBag from /home/airflow/.local/lib/python3.12/site-packages/airflow/example_dags/example_params_ui_tutorial.py
[2024-09-28T08:04:42.649+0000] {processor.py:925} INFO - DAG(s) 'example_params_ui_tutorial' retrieved from /home/airflow/.local/lib/python3.12/site-packages/airflow/example_dags/example_params_ui_tutorial.py
[2024-09-28T08:04:42.672+0000] {logging_mixin.py:190} INFO - [2024-09-28T08:04:42.672+0000] {dag.py:3239} INFO - Sync 1 DAGs
[2024-09-28T08:04:42.678+0000] {logging_mixin.py:190} INFO - [2024-09-28T08:04:42.678+0000] {dag.py:4180} INFO - Setting next_dagrun for example_params_ui_tutorial to None, run_after=None
[2024-09-28T08:04:42.686+0000] {processor.py:208} INFO - Processing /home/airflow/.local/lib/python3.12/site-packages/airflow/example_dags/example_params_ui_tutorial.py took 0.048 seconds
[2024-09-28T08:05:13.082+0000] {processor.py:186} INFO - Started process (PID=10328) to work on /home/airflow/.local/lib/python3.12/site-packages/airflow/example_dags/example_params_ui_tutorial.py
[2024-09-28T08:05:13.084+0000] {processor.py:914} INFO - Processing file /home/airflow/.local/lib/python3.12/site-packages/airflow/example_dags/example_params_ui_tutorial.py for tasks to queue
[2024-09-28T08:05:13.085+0000] {logging_mixin.py:190} INFO - [2024-09-28T08:05:13.085+0000] {dagbag.py:588} INFO - Filling up the DagBag from /home/airflow/.local/lib/python3.12/site-packages/airflow/example_dags/example_params_ui_tutorial.py
[2024-09-28T08:05:13.091+0000] {processor.py:925} INFO - DAG(s) 'example_params_ui_tutorial' retrieved from /home/airflow/.local/lib/python3.12/site-packages/airflow/example_dags/example_params_ui_tutorial.py
[2024-09-28T08:05:13.110+0000] {logging_mixin.py:190} INFO - [2024-09-28T08:05:13.110+0000] {dag.py:3239} INFO - Sync 1 DAGs
[2024-09-28T08:05:13.116+0000] {logging_mixin.py:190} INFO - [2024-09-28T08:05:13.116+0000] {dag.py:4180} INFO - Setting next_dagrun for example_params_ui_tutorial to None, run_after=None
[2024-09-28T08:05:13.124+0000] {processor.py:208} INFO - Processing /home/airflow/.local/lib/python3.12/site-packages/airflow/example_dags/example_params_ui_tutorial.py took 0.045 seconds
[2024-09-28T08:05:43.572+0000] {processor.py:186} INFO - Started process (PID=10614) to work on /home/airflow/.local/lib/python3.12/site-packages/airflow/example_dags/example_params_ui_tutorial.py
[2024-09-28T08:05:43.572+0000] {processor.py:914} INFO - Processing file /home/airflow/.local/lib/python3.12/site-packages/airflow/example_dags/example_params_ui_tutorial.py for tasks to queue
[2024-09-28T08:05:43.574+0000] {logging_mixin.py:190} INFO - [2024-09-28T08:05:43.574+0000] {dagbag.py:588} INFO - Filling up the DagBag from /home/airflow/.local/lib/python3.12/site-packages/airflow/example_dags/example_params_ui_tutorial.py
[2024-09-28T08:05:43.579+0000] {processor.py:925} INFO - DAG(s) 'example_params_ui_tutorial' retrieved from /home/airflow/.local/lib/python3.12/site-packages/airflow/example_dags/example_params_ui_tutorial.py
[2024-09-28T08:05:43.599+0000] {logging_mixin.py:190} INFO - [2024-09-28T08:05:43.599+0000] {dag.py:3239} INFO - Sync 1 DAGs
[2024-09-28T08:05:43.605+0000] {logging_mixin.py:190} INFO - [2024-09-28T08:05:43.605+0000] {dag.py:4180} INFO - Setting next_dagrun for example_params_ui_tutorial to None, run_after=None
[2024-09-28T08:05:43.614+0000] {processor.py:208} INFO - Processing /home/airflow/.local/lib/python3.12/site-packages/airflow/example_dags/example_params_ui_tutorial.py took 0.045 seconds
[2024-09-28T08:06:14.199+0000] {processor.py:186} INFO - Started process (PID=10900) to work on /home/airflow/.local/lib/python3.12/site-packages/airflow/example_dags/example_params_ui_tutorial.py
[2024-09-28T08:06:14.200+0000] {processor.py:914} INFO - Processing file /home/airflow/.local/lib/python3.12/site-packages/airflow/example_dags/example_params_ui_tutorial.py for tasks to queue
[2024-09-28T08:06:14.202+0000] {logging_mixin.py:190} INFO - [2024-09-28T08:06:14.201+0000] {dagbag.py:588} INFO - Filling up the DagBag from /home/airflow/.local/lib/python3.12/site-packages/airflow/example_dags/example_params_ui_tutorial.py
[2024-09-28T08:06:14.209+0000] {processor.py:925} INFO - DAG(s) 'example_params_ui_tutorial' retrieved from /home/airflow/.local/lib/python3.12/site-packages/airflow/example_dags/example_params_ui_tutorial.py
[2024-09-28T08:06:14.233+0000] {logging_mixin.py:190} INFO - [2024-09-28T08:06:14.233+0000] {dag.py:3239} INFO - Sync 1 DAGs
[2024-09-28T08:06:14.243+0000] {logging_mixin.py:190} INFO - [2024-09-28T08:06:14.243+0000] {dag.py:4180} INFO - Setting next_dagrun for example_params_ui_tutorial to None, run_after=None
[2024-09-28T08:06:14.256+0000] {processor.py:208} INFO - Processing /home/airflow/.local/lib/python3.12/site-packages/airflow/example_dags/example_params_ui_tutorial.py took 0.062 seconds
[2024-09-28T08:06:45.428+0000] {processor.py:186} INFO - Started process (PID=11188) to work on /home/airflow/.local/lib/python3.12/site-packages/airflow/example_dags/example_params_ui_tutorial.py
[2024-09-28T08:06:45.428+0000] {processor.py:914} INFO - Processing file /home/airflow/.local/lib/python3.12/site-packages/airflow/example_dags/example_params_ui_tutorial.py for tasks to queue
[2024-09-28T08:06:45.430+0000] {logging_mixin.py:190} INFO - [2024-09-28T08:06:45.429+0000] {dagbag.py:588} INFO - Filling up the DagBag from /home/airflow/.local/lib/python3.12/site-packages/airflow/example_dags/example_params_ui_tutorial.py
[2024-09-28T08:06:45.435+0000] {processor.py:925} INFO - DAG(s) 'example_params_ui_tutorial' retrieved from /home/airflow/.local/lib/python3.12/site-packages/airflow/example_dags/example_params_ui_tutorial.py
[2024-09-28T08:06:45.456+0000] {logging_mixin.py:190} INFO - [2024-09-28T08:06:45.455+0000] {dag.py:3239} INFO - Sync 1 DAGs
[2024-09-28T08:06:45.463+0000] {logging_mixin.py:190} INFO - [2024-09-28T08:06:45.462+0000] {dag.py:4180} INFO - Setting next_dagrun for example_params_ui_tutorial to None, run_after=None
[2024-09-28T08:06:45.471+0000] {processor.py:208} INFO - Processing /home/airflow/.local/lib/python3.12/site-packages/airflow/example_dags/example_params_ui_tutorial.py took 0.046 seconds
[2024-09-28T08:07:16.176+0000] {processor.py:186} INFO - Started process (PID=11472) to work on /home/airflow/.local/lib/python3.12/site-packages/airflow/example_dags/example_params_ui_tutorial.py
[2024-09-28T08:07:16.178+0000] {processor.py:914} INFO - Processing file /home/airflow/.local/lib/python3.12/site-packages/airflow/example_dags/example_params_ui_tutorial.py for tasks to queue
[2024-09-28T08:07:16.179+0000] {logging_mixin.py:190} INFO - [2024-09-28T08:07:16.179+0000] {dagbag.py:588} INFO - Filling up the DagBag from /home/airflow/.local/lib/python3.12/site-packages/airflow/example_dags/example_params_ui_tutorial.py
[2024-09-28T08:07:16.184+0000] {processor.py:925} INFO - DAG(s) 'example_params_ui_tutorial' retrieved from /home/airflow/.local/lib/python3.12/site-packages/airflow/example_dags/example_params_ui_tutorial.py
[2024-09-28T08:07:16.204+0000] {logging_mixin.py:190} INFO - [2024-09-28T08:07:16.204+0000] {dag.py:3239} INFO - Sync 1 DAGs
[2024-09-28T08:07:16.211+0000] {logging_mixin.py:190} INFO - [2024-09-28T08:07:16.211+0000] {dag.py:4180} INFO - Setting next_dagrun for example_params_ui_tutorial to None, run_after=None
[2024-09-28T08:07:16.222+0000] {processor.py:208} INFO - Processing /home/airflow/.local/lib/python3.12/site-packages/airflow/example_dags/example_params_ui_tutorial.py took 0.049 seconds
[2024-09-28T08:07:46.790+0000] {processor.py:186} INFO - Started process (PID=11758) to work on /home/airflow/.local/lib/python3.12/site-packages/airflow/example_dags/example_params_ui_tutorial.py
[2024-09-28T08:07:46.792+0000] {processor.py:914} INFO - Processing file /home/airflow/.local/lib/python3.12/site-packages/airflow/example_dags/example_params_ui_tutorial.py for tasks to queue
[2024-09-28T08:07:46.794+0000] {logging_mixin.py:190} INFO - [2024-09-28T08:07:46.793+0000] {dagbag.py:588} INFO - Filling up the DagBag from /home/airflow/.local/lib/python3.12/site-packages/airflow/example_dags/example_params_ui_tutorial.py
[2024-09-28T08:07:46.798+0000] {processor.py:925} INFO - DAG(s) 'example_params_ui_tutorial' retrieved from /home/airflow/.local/lib/python3.12/site-packages/airflow/example_dags/example_params_ui_tutorial.py
[2024-09-28T08:07:46.817+0000] {logging_mixin.py:190} INFO - [2024-09-28T08:07:46.817+0000] {dag.py:3239} INFO - Sync 1 DAGs
[2024-09-28T08:07:46.824+0000] {logging_mixin.py:190} INFO - [2024-09-28T08:07:46.824+0000] {dag.py:4180} INFO - Setting next_dagrun for example_params_ui_tutorial to None, run_after=None
[2024-09-28T08:07:46.832+0000] {processor.py:208} INFO - Processing /home/airflow/.local/lib/python3.12/site-packages/airflow/example_dags/example_params_ui_tutorial.py took 0.046 seconds
