[2024-09-28T07:47:29.340+0000] {processor.py:186} INFO - Started process (PID=389) to work on /home/airflow/.local/lib/python3.12/site-packages/airflow/example_dags/example_branch_operator_decorator.py
[2024-09-28T07:47:29.348+0000] {processor.py:914} INFO - Processing file /home/airflow/.local/lib/python3.12/site-packages/airflow/example_dags/example_branch_operator_decorator.py for tasks to queue
[2024-09-28T07:47:29.356+0000] {logging_mixin.py:190} INFO - [2024-09-28T07:47:29.355+0000] {dagbag.py:588} INFO - Filling up the DagBag from /home/airflow/.local/lib/python3.12/site-packages/airflow/example_dags/example_branch_operator_decorator.py
[2024-09-28T07:47:29.434+0000] {processor.py:925} INFO - DAG(s) 'example_branch_python_operator_decorator' retrieved from /home/airflow/.local/lib/python3.12/site-packages/airflow/example_dags/example_branch_operator_decorator.py
[2024-09-28T07:47:29.722+0000] {logging_mixin.py:190} INFO - [2024-09-28T07:47:29.721+0000] {override.py:1900} INFO - Created Permission View: can delete on DAG:example_branch_python_operator_decorator
[2024-09-28T07:47:29.729+0000] {logging_mixin.py:190} INFO - [2024-09-28T07:47:29.728+0000] {override.py:1900} INFO - Created Permission View: can edit on DAG:example_branch_python_operator_decorator
[2024-09-28T07:47:29.732+0000] {logging_mixin.py:190} INFO - [2024-09-28T07:47:29.731+0000] {override.py:1900} INFO - Created Permission View: can read on DAG:example_branch_python_operator_decorator
[2024-09-28T07:47:29.737+0000] {logging_mixin.py:190} INFO - [2024-09-28T07:47:29.736+0000] {override.py:1900} INFO - Created Permission View: menu access on DAG Run:example_branch_python_operator_decorator
[2024-09-28T07:47:29.740+0000] {logging_mixin.py:190} INFO - [2024-09-28T07:47:29.739+0000] {override.py:1900} INFO - Created Permission View: can delete on DAG Run:example_branch_python_operator_decorator
[2024-09-28T07:47:29.743+0000] {logging_mixin.py:190} INFO - [2024-09-28T07:47:29.743+0000] {override.py:1900} INFO - Created Permission View: can create on DAG Run:example_branch_python_operator_decorator
[2024-09-28T07:47:29.745+0000] {logging_mixin.py:190} INFO - [2024-09-28T07:47:29.745+0000] {override.py:1900} INFO - Created Permission View: can read on DAG Run:example_branch_python_operator_decorator
[2024-09-28T07:47:29.746+0000] {logging_mixin.py:190} INFO - [2024-09-28T07:47:29.746+0000] {dag.py:3239} INFO - Sync 1 DAGs
[2024-09-28T07:47:29.754+0000] {logging_mixin.py:190} INFO - [2024-09-28T07:47:29.754+0000] {dag.py:3262} INFO - Creating ORM DAG for example_branch_python_operator_decorator
[2024-09-28T07:47:29.765+0000] {logging_mixin.py:190} INFO - [2024-09-28T07:47:29.765+0000] {dag.py:4180} INFO - Setting next_dagrun for example_branch_python_operator_decorator to 2024-09-27 00:00:00+00:00, run_after=2024-09-28 00:00:00+00:00
[2024-09-28T07:47:29.778+0000] {processor.py:208} INFO - Processing /home/airflow/.local/lib/python3.12/site-packages/airflow/example_dags/example_branch_operator_decorator.py took 0.451 seconds
[2024-09-28T07:48:00.345+0000] {processor.py:186} INFO - Started process (PID=680) to work on /home/airflow/.local/lib/python3.12/site-packages/airflow/example_dags/example_branch_operator_decorator.py
[2024-09-28T07:48:00.346+0000] {processor.py:914} INFO - Processing file /home/airflow/.local/lib/python3.12/site-packages/airflow/example_dags/example_branch_operator_decorator.py for tasks to queue
[2024-09-28T07:48:00.348+0000] {logging_mixin.py:190} INFO - [2024-09-28T07:48:00.348+0000] {dagbag.py:588} INFO - Filling up the DagBag from /home/airflow/.local/lib/python3.12/site-packages/airflow/example_dags/example_branch_operator_decorator.py
[2024-09-28T07:48:00.359+0000] {processor.py:925} INFO - DAG(s) 'example_branch_python_operator_decorator' retrieved from /home/airflow/.local/lib/python3.12/site-packages/airflow/example_dags/example_branch_operator_decorator.py
[2024-09-28T07:48:00.376+0000] {logging_mixin.py:190} INFO - [2024-09-28T07:48:00.376+0000] {dag.py:3239} INFO - Sync 1 DAGs
[2024-09-28T07:48:00.389+0000] {logging_mixin.py:190} INFO - [2024-09-28T07:48:00.389+0000] {dag.py:4180} INFO - Setting next_dagrun for example_branch_python_operator_decorator to 2024-09-27 00:00:00+00:00, run_after=2024-09-28 00:00:00+00:00
[2024-09-28T07:48:00.398+0000] {processor.py:208} INFO - Processing /home/airflow/.local/lib/python3.12/site-packages/airflow/example_dags/example_branch_operator_decorator.py took 0.057 seconds
[2024-09-28T07:48:30.641+0000] {processor.py:186} INFO - Started process (PID=965) to work on /home/airflow/.local/lib/python3.12/site-packages/airflow/example_dags/example_branch_operator_decorator.py
[2024-09-28T07:48:30.643+0000] {processor.py:914} INFO - Processing file /home/airflow/.local/lib/python3.12/site-packages/airflow/example_dags/example_branch_operator_decorator.py for tasks to queue
[2024-09-28T07:48:30.646+0000] {logging_mixin.py:190} INFO - [2024-09-28T07:48:30.645+0000] {dagbag.py:588} INFO - Filling up the DagBag from /home/airflow/.local/lib/python3.12/site-packages/airflow/example_dags/example_branch_operator_decorator.py
[2024-09-28T07:48:30.663+0000] {processor.py:925} INFO - DAG(s) 'example_branch_python_operator_decorator' retrieved from /home/airflow/.local/lib/python3.12/site-packages/airflow/example_dags/example_branch_operator_decorator.py
[2024-09-28T07:48:30.681+0000] {logging_mixin.py:190} INFO - [2024-09-28T07:48:30.681+0000] {dag.py:3239} INFO - Sync 1 DAGs
[2024-09-28T07:48:30.698+0000] {logging_mixin.py:190} INFO - [2024-09-28T07:48:30.697+0000] {dag.py:4180} INFO - Setting next_dagrun for example_branch_python_operator_decorator to 2024-09-27 00:00:00+00:00, run_after=2024-09-28 00:00:00+00:00
[2024-09-28T07:48:30.708+0000] {processor.py:208} INFO - Processing /home/airflow/.local/lib/python3.12/site-packages/airflow/example_dags/example_branch_operator_decorator.py took 0.071 seconds
[2024-09-28T07:49:00.825+0000] {processor.py:186} INFO - Started process (PID=1250) to work on /home/airflow/.local/lib/python3.12/site-packages/airflow/example_dags/example_branch_operator_decorator.py
[2024-09-28T07:49:00.827+0000] {processor.py:914} INFO - Processing file /home/airflow/.local/lib/python3.12/site-packages/airflow/example_dags/example_branch_operator_decorator.py for tasks to queue
[2024-09-28T07:49:00.828+0000] {logging_mixin.py:190} INFO - [2024-09-28T07:49:00.828+0000] {dagbag.py:588} INFO - Filling up the DagBag from /home/airflow/.local/lib/python3.12/site-packages/airflow/example_dags/example_branch_operator_decorator.py
[2024-09-28T07:49:00.839+0000] {processor.py:925} INFO - DAG(s) 'example_branch_python_operator_decorator' retrieved from /home/airflow/.local/lib/python3.12/site-packages/airflow/example_dags/example_branch_operator_decorator.py
[2024-09-28T07:49:00.857+0000] {logging_mixin.py:190} INFO - [2024-09-28T07:49:00.857+0000] {dag.py:3239} INFO - Sync 1 DAGs
[2024-09-28T07:49:00.871+0000] {logging_mixin.py:190} INFO - [2024-09-28T07:49:00.871+0000] {dag.py:4180} INFO - Setting next_dagrun for example_branch_python_operator_decorator to 2024-09-27 00:00:00+00:00, run_after=2024-09-28 00:00:00+00:00
[2024-09-28T07:49:00.885+0000] {processor.py:208} INFO - Processing /home/airflow/.local/lib/python3.12/site-packages/airflow/example_dags/example_branch_operator_decorator.py took 0.064 seconds
[2024-09-28T07:49:31.037+0000] {processor.py:186} INFO - Started process (PID=1560) to work on /home/airflow/.local/lib/python3.12/site-packages/airflow/example_dags/example_branch_operator_decorator.py
[2024-09-28T07:49:31.040+0000] {processor.py:914} INFO - Processing file /home/airflow/.local/lib/python3.12/site-packages/airflow/example_dags/example_branch_operator_decorator.py for tasks to queue
[2024-09-28T07:49:31.043+0000] {logging_mixin.py:190} INFO - [2024-09-28T07:49:31.042+0000] {dagbag.py:588} INFO - Filling up the DagBag from /home/airflow/.local/lib/python3.12/site-packages/airflow/example_dags/example_branch_operator_decorator.py
[2024-09-28T07:49:31.065+0000] {processor.py:925} INFO - DAG(s) 'example_branch_python_operator_decorator' retrieved from /home/airflow/.local/lib/python3.12/site-packages/airflow/example_dags/example_branch_operator_decorator.py
[2024-09-28T07:49:31.086+0000] {logging_mixin.py:190} INFO - [2024-09-28T07:49:31.085+0000] {dag.py:3239} INFO - Sync 1 DAGs
[2024-09-28T07:49:31.099+0000] {logging_mixin.py:190} INFO - [2024-09-28T07:49:31.099+0000] {dag.py:4180} INFO - Setting next_dagrun for example_branch_python_operator_decorator to 2024-09-27 00:00:00+00:00, run_after=2024-09-28 00:00:00+00:00
[2024-09-28T07:49:31.107+0000] {processor.py:208} INFO - Processing /home/airflow/.local/lib/python3.12/site-packages/airflow/example_dags/example_branch_operator_decorator.py took 0.078 seconds
[2024-09-28T07:50:01.224+0000] {processor.py:186} INFO - Started process (PID=1846) to work on /home/airflow/.local/lib/python3.12/site-packages/airflow/example_dags/example_branch_operator_decorator.py
[2024-09-28T07:50:01.226+0000] {processor.py:914} INFO - Processing file /home/airflow/.local/lib/python3.12/site-packages/airflow/example_dags/example_branch_operator_decorator.py for tasks to queue
[2024-09-28T07:50:01.228+0000] {logging_mixin.py:190} INFO - [2024-09-28T07:50:01.227+0000] {dagbag.py:588} INFO - Filling up the DagBag from /home/airflow/.local/lib/python3.12/site-packages/airflow/example_dags/example_branch_operator_decorator.py
[2024-09-28T07:50:01.238+0000] {processor.py:925} INFO - DAG(s) 'example_branch_python_operator_decorator' retrieved from /home/airflow/.local/lib/python3.12/site-packages/airflow/example_dags/example_branch_operator_decorator.py
[2024-09-28T07:50:01.253+0000] {logging_mixin.py:190} INFO - [2024-09-28T07:50:01.253+0000] {dag.py:3239} INFO - Sync 1 DAGs
[2024-09-28T07:50:01.268+0000] {logging_mixin.py:190} INFO - [2024-09-28T07:50:01.268+0000] {dag.py:4180} INFO - Setting next_dagrun for example_branch_python_operator_decorator to 2024-09-27 00:00:00+00:00, run_after=2024-09-28 00:00:00+00:00
[2024-09-28T07:50:01.280+0000] {processor.py:208} INFO - Processing /home/airflow/.local/lib/python3.12/site-packages/airflow/example_dags/example_branch_operator_decorator.py took 0.060 seconds
[2024-09-28T07:50:31.556+0000] {processor.py:186} INFO - Started process (PID=2132) to work on /home/airflow/.local/lib/python3.12/site-packages/airflow/example_dags/example_branch_operator_decorator.py
[2024-09-28T07:50:31.560+0000] {processor.py:914} INFO - Processing file /home/airflow/.local/lib/python3.12/site-packages/airflow/example_dags/example_branch_operator_decorator.py for tasks to queue
[2024-09-28T07:50:31.562+0000] {logging_mixin.py:190} INFO - [2024-09-28T07:50:31.562+0000] {dagbag.py:588} INFO - Filling up the DagBag from /home/airflow/.local/lib/python3.12/site-packages/airflow/example_dags/example_branch_operator_decorator.py
[2024-09-28T07:50:31.582+0000] {processor.py:925} INFO - DAG(s) 'example_branch_python_operator_decorator' retrieved from /home/airflow/.local/lib/python3.12/site-packages/airflow/example_dags/example_branch_operator_decorator.py
[2024-09-28T07:50:31.600+0000] {logging_mixin.py:190} INFO - [2024-09-28T07:50:31.600+0000] {dag.py:3239} INFO - Sync 1 DAGs
[2024-09-28T07:50:31.617+0000] {logging_mixin.py:190} INFO - [2024-09-28T07:50:31.617+0000] {dag.py:4180} INFO - Setting next_dagrun for example_branch_python_operator_decorator to 2024-09-27 00:00:00+00:00, run_after=2024-09-28 00:00:00+00:00
[2024-09-28T07:50:31.627+0000] {processor.py:208} INFO - Processing /home/airflow/.local/lib/python3.12/site-packages/airflow/example_dags/example_branch_operator_decorator.py took 0.076 seconds
[2024-09-28T07:51:01.856+0000] {processor.py:186} INFO - Started process (PID=2417) to work on /home/airflow/.local/lib/python3.12/site-packages/airflow/example_dags/example_branch_operator_decorator.py
[2024-09-28T07:51:01.858+0000] {processor.py:914} INFO - Processing file /home/airflow/.local/lib/python3.12/site-packages/airflow/example_dags/example_branch_operator_decorator.py for tasks to queue
[2024-09-28T07:51:01.859+0000] {logging_mixin.py:190} INFO - [2024-09-28T07:51:01.859+0000] {dagbag.py:588} INFO - Filling up the DagBag from /home/airflow/.local/lib/python3.12/site-packages/airflow/example_dags/example_branch_operator_decorator.py
[2024-09-28T07:51:01.872+0000] {processor.py:925} INFO - DAG(s) 'example_branch_python_operator_decorator' retrieved from /home/airflow/.local/lib/python3.12/site-packages/airflow/example_dags/example_branch_operator_decorator.py
[2024-09-28T07:51:01.888+0000] {logging_mixin.py:190} INFO - [2024-09-28T07:51:01.888+0000] {dag.py:3239} INFO - Sync 1 DAGs
[2024-09-28T07:51:01.909+0000] {logging_mixin.py:190} INFO - [2024-09-28T07:51:01.908+0000] {dag.py:4180} INFO - Setting next_dagrun for example_branch_python_operator_decorator to 2024-09-27 00:00:00+00:00, run_after=2024-09-28 00:00:00+00:00
[2024-09-28T07:51:01.920+0000] {processor.py:208} INFO - Processing /home/airflow/.local/lib/python3.12/site-packages/airflow/example_dags/example_branch_operator_decorator.py took 0.067 seconds
[2024-09-28T07:51:32.132+0000] {processor.py:186} INFO - Started process (PID=2702) to work on /home/airflow/.local/lib/python3.12/site-packages/airflow/example_dags/example_branch_operator_decorator.py
[2024-09-28T07:51:32.134+0000] {processor.py:914} INFO - Processing file /home/airflow/.local/lib/python3.12/site-packages/airflow/example_dags/example_branch_operator_decorator.py for tasks to queue
[2024-09-28T07:51:32.136+0000] {logging_mixin.py:190} INFO - [2024-09-28T07:51:32.136+0000] {dagbag.py:588} INFO - Filling up the DagBag from /home/airflow/.local/lib/python3.12/site-packages/airflow/example_dags/example_branch_operator_decorator.py
[2024-09-28T07:51:32.153+0000] {processor.py:925} INFO - DAG(s) 'example_branch_python_operator_decorator' retrieved from /home/airflow/.local/lib/python3.12/site-packages/airflow/example_dags/example_branch_operator_decorator.py
[2024-09-28T07:51:32.172+0000] {logging_mixin.py:190} INFO - [2024-09-28T07:51:32.172+0000] {dag.py:3239} INFO - Sync 1 DAGs
[2024-09-28T07:51:32.187+0000] {logging_mixin.py:190} INFO - [2024-09-28T07:51:32.187+0000] {dag.py:4180} INFO - Setting next_dagrun for example_branch_python_operator_decorator to 2024-09-27 00:00:00+00:00, run_after=2024-09-28 00:00:00+00:00
[2024-09-28T07:51:32.195+0000] {processor.py:208} INFO - Processing /home/airflow/.local/lib/python3.12/site-packages/airflow/example_dags/example_branch_operator_decorator.py took 0.070 seconds
[2024-09-28T07:52:02.296+0000] {processor.py:186} INFO - Started process (PID=2988) to work on /home/airflow/.local/lib/python3.12/site-packages/airflow/example_dags/example_branch_operator_decorator.py
[2024-09-28T07:52:02.298+0000] {processor.py:914} INFO - Processing file /home/airflow/.local/lib/python3.12/site-packages/airflow/example_dags/example_branch_operator_decorator.py for tasks to queue
[2024-09-28T07:52:02.299+0000] {logging_mixin.py:190} INFO - [2024-09-28T07:52:02.299+0000] {dagbag.py:588} INFO - Filling up the DagBag from /home/airflow/.local/lib/python3.12/site-packages/airflow/example_dags/example_branch_operator_decorator.py
[2024-09-28T07:52:02.309+0000] {processor.py:925} INFO - DAG(s) 'example_branch_python_operator_decorator' retrieved from /home/airflow/.local/lib/python3.12/site-packages/airflow/example_dags/example_branch_operator_decorator.py
[2024-09-28T07:52:02.325+0000] {logging_mixin.py:190} INFO - [2024-09-28T07:52:02.324+0000] {dag.py:3239} INFO - Sync 1 DAGs
[2024-09-28T07:52:02.338+0000] {logging_mixin.py:190} INFO - [2024-09-28T07:52:02.337+0000] {dag.py:4180} INFO - Setting next_dagrun for example_branch_python_operator_decorator to 2024-09-27 00:00:00+00:00, run_after=2024-09-28 00:00:00+00:00
[2024-09-28T07:52:02.350+0000] {processor.py:208} INFO - Processing /home/airflow/.local/lib/python3.12/site-packages/airflow/example_dags/example_branch_operator_decorator.py took 0.058 seconds
[2024-09-28T07:52:32.517+0000] {processor.py:186} INFO - Started process (PID=3274) to work on /home/airflow/.local/lib/python3.12/site-packages/airflow/example_dags/example_branch_operator_decorator.py
[2024-09-28T07:52:32.519+0000] {processor.py:914} INFO - Processing file /home/airflow/.local/lib/python3.12/site-packages/airflow/example_dags/example_branch_operator_decorator.py for tasks to queue
[2024-09-28T07:52:32.520+0000] {logging_mixin.py:190} INFO - [2024-09-28T07:52:32.520+0000] {dagbag.py:588} INFO - Filling up the DagBag from /home/airflow/.local/lib/python3.12/site-packages/airflow/example_dags/example_branch_operator_decorator.py
[2024-09-28T07:52:32.530+0000] {processor.py:925} INFO - DAG(s) 'example_branch_python_operator_decorator' retrieved from /home/airflow/.local/lib/python3.12/site-packages/airflow/example_dags/example_branch_operator_decorator.py
[2024-09-28T07:52:32.548+0000] {logging_mixin.py:190} INFO - [2024-09-28T07:52:32.548+0000] {dag.py:3239} INFO - Sync 1 DAGs
[2024-09-28T07:52:32.562+0000] {logging_mixin.py:190} INFO - [2024-09-28T07:52:32.562+0000] {dag.py:4180} INFO - Setting next_dagrun for example_branch_python_operator_decorator to 2024-09-27 00:00:00+00:00, run_after=2024-09-28 00:00:00+00:00
[2024-09-28T07:52:32.572+0000] {processor.py:208} INFO - Processing /home/airflow/.local/lib/python3.12/site-packages/airflow/example_dags/example_branch_operator_decorator.py took 0.059 seconds
[2024-09-28T07:53:02.840+0000] {processor.py:186} INFO - Started process (PID=3560) to work on /home/airflow/.local/lib/python3.12/site-packages/airflow/example_dags/example_branch_operator_decorator.py
[2024-09-28T07:53:02.841+0000] {processor.py:914} INFO - Processing file /home/airflow/.local/lib/python3.12/site-packages/airflow/example_dags/example_branch_operator_decorator.py for tasks to queue
[2024-09-28T07:53:02.843+0000] {logging_mixin.py:190} INFO - [2024-09-28T07:53:02.843+0000] {dagbag.py:588} INFO - Filling up the DagBag from /home/airflow/.local/lib/python3.12/site-packages/airflow/example_dags/example_branch_operator_decorator.py
[2024-09-28T07:53:02.855+0000] {processor.py:925} INFO - DAG(s) 'example_branch_python_operator_decorator' retrieved from /home/airflow/.local/lib/python3.12/site-packages/airflow/example_dags/example_branch_operator_decorator.py
[2024-09-28T07:53:02.883+0000] {logging_mixin.py:190} INFO - [2024-09-28T07:53:02.883+0000] {dag.py:3239} INFO - Sync 1 DAGs
[2024-09-28T07:53:02.900+0000] {logging_mixin.py:190} INFO - [2024-09-28T07:53:02.900+0000] {dag.py:4180} INFO - Setting next_dagrun for example_branch_python_operator_decorator to 2024-09-27 00:00:00+00:00, run_after=2024-09-28 00:00:00+00:00
[2024-09-28T07:53:02.914+0000] {processor.py:208} INFO - Processing /home/airflow/.local/lib/python3.12/site-packages/airflow/example_dags/example_branch_operator_decorator.py took 0.078 seconds
[2024-09-28T07:53:33.101+0000] {processor.py:186} INFO - Started process (PID=3846) to work on /home/airflow/.local/lib/python3.12/site-packages/airflow/example_dags/example_branch_operator_decorator.py
[2024-09-28T07:53:33.102+0000] {processor.py:914} INFO - Processing file /home/airflow/.local/lib/python3.12/site-packages/airflow/example_dags/example_branch_operator_decorator.py for tasks to queue
[2024-09-28T07:53:33.103+0000] {logging_mixin.py:190} INFO - [2024-09-28T07:53:33.103+0000] {dagbag.py:588} INFO - Filling up the DagBag from /home/airflow/.local/lib/python3.12/site-packages/airflow/example_dags/example_branch_operator_decorator.py
[2024-09-28T07:53:33.113+0000] {processor.py:925} INFO - DAG(s) 'example_branch_python_operator_decorator' retrieved from /home/airflow/.local/lib/python3.12/site-packages/airflow/example_dags/example_branch_operator_decorator.py
[2024-09-28T07:53:33.126+0000] {logging_mixin.py:190} INFO - [2024-09-28T07:53:33.126+0000] {dag.py:3239} INFO - Sync 1 DAGs
[2024-09-28T07:53:33.138+0000] {logging_mixin.py:190} INFO - [2024-09-28T07:53:33.138+0000] {dag.py:4180} INFO - Setting next_dagrun for example_branch_python_operator_decorator to 2024-09-27 00:00:00+00:00, run_after=2024-09-28 00:00:00+00:00
[2024-09-28T07:53:33.150+0000] {processor.py:208} INFO - Processing /home/airflow/.local/lib/python3.12/site-packages/airflow/example_dags/example_branch_operator_decorator.py took 0.052 seconds
[2024-09-28T07:54:03.363+0000] {processor.py:186} INFO - Started process (PID=4132) to work on /home/airflow/.local/lib/python3.12/site-packages/airflow/example_dags/example_branch_operator_decorator.py
[2024-09-28T07:54:03.364+0000] {processor.py:914} INFO - Processing file /home/airflow/.local/lib/python3.12/site-packages/airflow/example_dags/example_branch_operator_decorator.py for tasks to queue
[2024-09-28T07:54:03.365+0000] {logging_mixin.py:190} INFO - [2024-09-28T07:54:03.365+0000] {dagbag.py:588} INFO - Filling up the DagBag from /home/airflow/.local/lib/python3.12/site-packages/airflow/example_dags/example_branch_operator_decorator.py
[2024-09-28T07:54:03.375+0000] {processor.py:925} INFO - DAG(s) 'example_branch_python_operator_decorator' retrieved from /home/airflow/.local/lib/python3.12/site-packages/airflow/example_dags/example_branch_operator_decorator.py
[2024-09-28T07:54:03.389+0000] {logging_mixin.py:190} INFO - [2024-09-28T07:54:03.389+0000] {dag.py:3239} INFO - Sync 1 DAGs
[2024-09-28T07:54:03.401+0000] {logging_mixin.py:190} INFO - [2024-09-28T07:54:03.401+0000] {dag.py:4180} INFO - Setting next_dagrun for example_branch_python_operator_decorator to 2024-09-27 00:00:00+00:00, run_after=2024-09-28 00:00:00+00:00
[2024-09-28T07:54:03.412+0000] {processor.py:208} INFO - Processing /home/airflow/.local/lib/python3.12/site-packages/airflow/example_dags/example_branch_operator_decorator.py took 0.053 seconds
[2024-09-28T07:54:33.870+0000] {processor.py:186} INFO - Started process (PID=4418) to work on /home/airflow/.local/lib/python3.12/site-packages/airflow/example_dags/example_branch_operator_decorator.py
[2024-09-28T07:54:33.873+0000] {processor.py:914} INFO - Processing file /home/airflow/.local/lib/python3.12/site-packages/airflow/example_dags/example_branch_operator_decorator.py for tasks to queue
[2024-09-28T07:54:33.874+0000] {logging_mixin.py:190} INFO - [2024-09-28T07:54:33.874+0000] {dagbag.py:588} INFO - Filling up the DagBag from /home/airflow/.local/lib/python3.12/site-packages/airflow/example_dags/example_branch_operator_decorator.py
[2024-09-28T07:54:33.887+0000] {processor.py:925} INFO - DAG(s) 'example_branch_python_operator_decorator' retrieved from /home/airflow/.local/lib/python3.12/site-packages/airflow/example_dags/example_branch_operator_decorator.py
[2024-09-28T07:54:33.905+0000] {logging_mixin.py:190} INFO - [2024-09-28T07:54:33.904+0000] {dag.py:3239} INFO - Sync 1 DAGs
[2024-09-28T07:54:33.917+0000] {logging_mixin.py:190} INFO - [2024-09-28T07:54:33.917+0000] {dag.py:4180} INFO - Setting next_dagrun for example_branch_python_operator_decorator to 2024-09-27 00:00:00+00:00, run_after=2024-09-28 00:00:00+00:00
[2024-09-28T07:54:33.925+0000] {processor.py:208} INFO - Processing /home/airflow/.local/lib/python3.12/site-packages/airflow/example_dags/example_branch_operator_decorator.py took 0.059 seconds
[2024-09-28T07:55:04.286+0000] {processor.py:186} INFO - Started process (PID=4704) to work on /home/airflow/.local/lib/python3.12/site-packages/airflow/example_dags/example_branch_operator_decorator.py
[2024-09-28T07:55:04.287+0000] {processor.py:914} INFO - Processing file /home/airflow/.local/lib/python3.12/site-packages/airflow/example_dags/example_branch_operator_decorator.py for tasks to queue
[2024-09-28T07:55:04.288+0000] {logging_mixin.py:190} INFO - [2024-09-28T07:55:04.288+0000] {dagbag.py:588} INFO - Filling up the DagBag from /home/airflow/.local/lib/python3.12/site-packages/airflow/example_dags/example_branch_operator_decorator.py
[2024-09-28T07:55:04.299+0000] {processor.py:925} INFO - DAG(s) 'example_branch_python_operator_decorator' retrieved from /home/airflow/.local/lib/python3.12/site-packages/airflow/example_dags/example_branch_operator_decorator.py
[2024-09-28T07:55:04.313+0000] {logging_mixin.py:190} INFO - [2024-09-28T07:55:04.313+0000] {dag.py:3239} INFO - Sync 1 DAGs
[2024-09-28T07:55:04.325+0000] {logging_mixin.py:190} INFO - [2024-09-28T07:55:04.325+0000] {dag.py:4180} INFO - Setting next_dagrun for example_branch_python_operator_decorator to 2024-09-27 00:00:00+00:00, run_after=2024-09-28 00:00:00+00:00
[2024-09-28T07:55:04.339+0000] {processor.py:208} INFO - Processing /home/airflow/.local/lib/python3.12/site-packages/airflow/example_dags/example_branch_operator_decorator.py took 0.056 seconds
[2024-09-28T07:55:34.587+0000] {processor.py:186} INFO - Started process (PID=4992) to work on /home/airflow/.local/lib/python3.12/site-packages/airflow/example_dags/example_branch_operator_decorator.py
[2024-09-28T07:55:34.587+0000] {processor.py:914} INFO - Processing file /home/airflow/.local/lib/python3.12/site-packages/airflow/example_dags/example_branch_operator_decorator.py for tasks to queue
[2024-09-28T07:55:34.589+0000] {logging_mixin.py:190} INFO - [2024-09-28T07:55:34.588+0000] {dagbag.py:588} INFO - Filling up the DagBag from /home/airflow/.local/lib/python3.12/site-packages/airflow/example_dags/example_branch_operator_decorator.py
[2024-09-28T07:55:34.599+0000] {processor.py:925} INFO - DAG(s) 'example_branch_python_operator_decorator' retrieved from /home/airflow/.local/lib/python3.12/site-packages/airflow/example_dags/example_branch_operator_decorator.py
[2024-09-28T07:55:34.612+0000] {logging_mixin.py:190} INFO - [2024-09-28T07:55:34.612+0000] {dag.py:3239} INFO - Sync 1 DAGs
[2024-09-28T07:55:34.624+0000] {logging_mixin.py:190} INFO - [2024-09-28T07:55:34.623+0000] {dag.py:4180} INFO - Setting next_dagrun for example_branch_python_operator_decorator to 2024-09-27 00:00:00+00:00, run_after=2024-09-28 00:00:00+00:00
[2024-09-28T07:55:34.631+0000] {processor.py:208} INFO - Processing /home/airflow/.local/lib/python3.12/site-packages/airflow/example_dags/example_branch_operator_decorator.py took 0.048 seconds
[2024-09-28T07:56:04.968+0000] {processor.py:186} INFO - Started process (PID=5276) to work on /home/airflow/.local/lib/python3.12/site-packages/airflow/example_dags/example_branch_operator_decorator.py
[2024-09-28T07:56:04.968+0000] {processor.py:914} INFO - Processing file /home/airflow/.local/lib/python3.12/site-packages/airflow/example_dags/example_branch_operator_decorator.py for tasks to queue
[2024-09-28T07:56:04.970+0000] {logging_mixin.py:190} INFO - [2024-09-28T07:56:04.970+0000] {dagbag.py:588} INFO - Filling up the DagBag from /home/airflow/.local/lib/python3.12/site-packages/airflow/example_dags/example_branch_operator_decorator.py
[2024-09-28T07:56:04.981+0000] {processor.py:925} INFO - DAG(s) 'example_branch_python_operator_decorator' retrieved from /home/airflow/.local/lib/python3.12/site-packages/airflow/example_dags/example_branch_operator_decorator.py
[2024-09-28T07:56:04.996+0000] {logging_mixin.py:190} INFO - [2024-09-28T07:56:04.996+0000] {dag.py:3239} INFO - Sync 1 DAGs
[2024-09-28T07:56:05.009+0000] {logging_mixin.py:190} INFO - [2024-09-28T07:56:05.009+0000] {dag.py:4180} INFO - Setting next_dagrun for example_branch_python_operator_decorator to 2024-09-27 00:00:00+00:00, run_after=2024-09-28 00:00:00+00:00
[2024-09-28T07:56:05.022+0000] {processor.py:208} INFO - Processing /home/airflow/.local/lib/python3.12/site-packages/airflow/example_dags/example_branch_operator_decorator.py took 0.058 seconds
[2024-09-28T07:56:35.423+0000] {processor.py:186} INFO - Started process (PID=5564) to work on /home/airflow/.local/lib/python3.12/site-packages/airflow/example_dags/example_branch_operator_decorator.py
[2024-09-28T07:56:35.424+0000] {processor.py:914} INFO - Processing file /home/airflow/.local/lib/python3.12/site-packages/airflow/example_dags/example_branch_operator_decorator.py for tasks to queue
[2024-09-28T07:56:35.425+0000] {logging_mixin.py:190} INFO - [2024-09-28T07:56:35.425+0000] {dagbag.py:588} INFO - Filling up the DagBag from /home/airflow/.local/lib/python3.12/site-packages/airflow/example_dags/example_branch_operator_decorator.py
[2024-09-28T07:56:35.435+0000] {processor.py:925} INFO - DAG(s) 'example_branch_python_operator_decorator' retrieved from /home/airflow/.local/lib/python3.12/site-packages/airflow/example_dags/example_branch_operator_decorator.py
[2024-09-28T07:56:35.449+0000] {logging_mixin.py:190} INFO - [2024-09-28T07:56:35.449+0000] {dag.py:3239} INFO - Sync 1 DAGs
[2024-09-28T07:56:35.460+0000] {logging_mixin.py:190} INFO - [2024-09-28T07:56:35.460+0000] {dag.py:4180} INFO - Setting next_dagrun for example_branch_python_operator_decorator to 2024-09-27 00:00:00+00:00, run_after=2024-09-28 00:00:00+00:00
[2024-09-28T07:56:35.470+0000] {processor.py:208} INFO - Processing /home/airflow/.local/lib/python3.12/site-packages/airflow/example_dags/example_branch_operator_decorator.py took 0.050 seconds
[2024-09-28T07:57:05.739+0000] {processor.py:186} INFO - Started process (PID=5848) to work on /home/airflow/.local/lib/python3.12/site-packages/airflow/example_dags/example_branch_operator_decorator.py
[2024-09-28T07:57:05.741+0000] {processor.py:914} INFO - Processing file /home/airflow/.local/lib/python3.12/site-packages/airflow/example_dags/example_branch_operator_decorator.py for tasks to queue
[2024-09-28T07:57:05.742+0000] {logging_mixin.py:190} INFO - [2024-09-28T07:57:05.742+0000] {dagbag.py:588} INFO - Filling up the DagBag from /home/airflow/.local/lib/python3.12/site-packages/airflow/example_dags/example_branch_operator_decorator.py
[2024-09-28T07:57:05.752+0000] {processor.py:925} INFO - DAG(s) 'example_branch_python_operator_decorator' retrieved from /home/airflow/.local/lib/python3.12/site-packages/airflow/example_dags/example_branch_operator_decorator.py
[2024-09-28T07:57:05.766+0000] {logging_mixin.py:190} INFO - [2024-09-28T07:57:05.766+0000] {dag.py:3239} INFO - Sync 1 DAGs
[2024-09-28T07:57:05.777+0000] {logging_mixin.py:190} INFO - [2024-09-28T07:57:05.777+0000] {dag.py:4180} INFO - Setting next_dagrun for example_branch_python_operator_decorator to 2024-09-27 00:00:00+00:00, run_after=2024-09-28 00:00:00+00:00
[2024-09-28T07:57:05.788+0000] {processor.py:208} INFO - Processing /home/airflow/.local/lib/python3.12/site-packages/airflow/example_dags/example_branch_operator_decorator.py took 0.052 seconds
[2024-09-28T07:57:36.023+0000] {processor.py:186} INFO - Started process (PID=6134) to work on /home/airflow/.local/lib/python3.12/site-packages/airflow/example_dags/example_branch_operator_decorator.py
[2024-09-28T07:57:36.024+0000] {processor.py:914} INFO - Processing file /home/airflow/.local/lib/python3.12/site-packages/airflow/example_dags/example_branch_operator_decorator.py for tasks to queue
[2024-09-28T07:57:36.025+0000] {logging_mixin.py:190} INFO - [2024-09-28T07:57:36.025+0000] {dagbag.py:588} INFO - Filling up the DagBag from /home/airflow/.local/lib/python3.12/site-packages/airflow/example_dags/example_branch_operator_decorator.py
[2024-09-28T07:57:36.034+0000] {processor.py:925} INFO - DAG(s) 'example_branch_python_operator_decorator' retrieved from /home/airflow/.local/lib/python3.12/site-packages/airflow/example_dags/example_branch_operator_decorator.py
[2024-09-28T07:57:36.049+0000] {logging_mixin.py:190} INFO - [2024-09-28T07:57:36.049+0000] {dag.py:3239} INFO - Sync 1 DAGs
[2024-09-28T07:57:36.061+0000] {logging_mixin.py:190} INFO - [2024-09-28T07:57:36.061+0000] {dag.py:4180} INFO - Setting next_dagrun for example_branch_python_operator_decorator to 2024-09-27 00:00:00+00:00, run_after=2024-09-28 00:00:00+00:00
[2024-09-28T07:57:36.069+0000] {processor.py:208} INFO - Processing /home/airflow/.local/lib/python3.12/site-packages/airflow/example_dags/example_branch_operator_decorator.py took 0.049 seconds
[2024-09-28T07:58:06.282+0000] {processor.py:186} INFO - Started process (PID=6421) to work on /home/airflow/.local/lib/python3.12/site-packages/airflow/example_dags/example_branch_operator_decorator.py
[2024-09-28T07:58:06.282+0000] {processor.py:914} INFO - Processing file /home/airflow/.local/lib/python3.12/site-packages/airflow/example_dags/example_branch_operator_decorator.py for tasks to queue
[2024-09-28T07:58:06.283+0000] {logging_mixin.py:190} INFO - [2024-09-28T07:58:06.283+0000] {dagbag.py:588} INFO - Filling up the DagBag from /home/airflow/.local/lib/python3.12/site-packages/airflow/example_dags/example_branch_operator_decorator.py
[2024-09-28T07:58:06.293+0000] {processor.py:925} INFO - DAG(s) 'example_branch_python_operator_decorator' retrieved from /home/airflow/.local/lib/python3.12/site-packages/airflow/example_dags/example_branch_operator_decorator.py
[2024-09-28T07:58:06.305+0000] {logging_mixin.py:190} INFO - [2024-09-28T07:58:06.305+0000] {dag.py:3239} INFO - Sync 1 DAGs
[2024-09-28T07:58:06.315+0000] {logging_mixin.py:190} INFO - [2024-09-28T07:58:06.315+0000] {dag.py:4180} INFO - Setting next_dagrun for example_branch_python_operator_decorator to 2024-09-27 00:00:00+00:00, run_after=2024-09-28 00:00:00+00:00
[2024-09-28T07:58:06.322+0000] {processor.py:208} INFO - Processing /home/airflow/.local/lib/python3.12/site-packages/airflow/example_dags/example_branch_operator_decorator.py took 0.043 seconds
[2024-09-28T07:58:36.678+0000] {processor.py:186} INFO - Started process (PID=6707) to work on /home/airflow/.local/lib/python3.12/site-packages/airflow/example_dags/example_branch_operator_decorator.py
[2024-09-28T07:58:36.678+0000] {processor.py:914} INFO - Processing file /home/airflow/.local/lib/python3.12/site-packages/airflow/example_dags/example_branch_operator_decorator.py for tasks to queue
[2024-09-28T07:58:36.679+0000] {logging_mixin.py:190} INFO - [2024-09-28T07:58:36.679+0000] {dagbag.py:588} INFO - Filling up the DagBag from /home/airflow/.local/lib/python3.12/site-packages/airflow/example_dags/example_branch_operator_decorator.py
[2024-09-28T07:58:36.689+0000] {processor.py:925} INFO - DAG(s) 'example_branch_python_operator_decorator' retrieved from /home/airflow/.local/lib/python3.12/site-packages/airflow/example_dags/example_branch_operator_decorator.py
[2024-09-28T07:58:36.705+0000] {logging_mixin.py:190} INFO - [2024-09-28T07:58:36.704+0000] {dag.py:3239} INFO - Sync 1 DAGs
[2024-09-28T07:58:36.716+0000] {logging_mixin.py:190} INFO - [2024-09-28T07:58:36.716+0000] {dag.py:4180} INFO - Setting next_dagrun for example_branch_python_operator_decorator to 2024-09-27 00:00:00+00:00, run_after=2024-09-28 00:00:00+00:00
[2024-09-28T07:58:36.724+0000] {processor.py:208} INFO - Processing /home/airflow/.local/lib/python3.12/site-packages/airflow/example_dags/example_branch_operator_decorator.py took 0.050 seconds
[2024-09-28T07:59:07.318+0000] {processor.py:186} INFO - Started process (PID=6993) to work on /home/airflow/.local/lib/python3.12/site-packages/airflow/example_dags/example_branch_operator_decorator.py
[2024-09-28T07:59:07.319+0000] {processor.py:914} INFO - Processing file /home/airflow/.local/lib/python3.12/site-packages/airflow/example_dags/example_branch_operator_decorator.py for tasks to queue
[2024-09-28T07:59:07.320+0000] {logging_mixin.py:190} INFO - [2024-09-28T07:59:07.320+0000] {dagbag.py:588} INFO - Filling up the DagBag from /home/airflow/.local/lib/python3.12/site-packages/airflow/example_dags/example_branch_operator_decorator.py
[2024-09-28T07:59:07.329+0000] {processor.py:925} INFO - DAG(s) 'example_branch_python_operator_decorator' retrieved from /home/airflow/.local/lib/python3.12/site-packages/airflow/example_dags/example_branch_operator_decorator.py
[2024-09-28T07:59:07.341+0000] {logging_mixin.py:190} INFO - [2024-09-28T07:59:07.341+0000] {dag.py:3239} INFO - Sync 1 DAGs
[2024-09-28T07:59:07.352+0000] {logging_mixin.py:190} INFO - [2024-09-28T07:59:07.352+0000] {dag.py:4180} INFO - Setting next_dagrun for example_branch_python_operator_decorator to 2024-09-27 00:00:00+00:00, run_after=2024-09-28 00:00:00+00:00
[2024-09-28T07:59:07.359+0000] {processor.py:208} INFO - Processing /home/airflow/.local/lib/python3.12/site-packages/airflow/example_dags/example_branch_operator_decorator.py took 0.044 seconds
[2024-09-28T07:59:37.648+0000] {processor.py:186} INFO - Started process (PID=7277) to work on /home/airflow/.local/lib/python3.12/site-packages/airflow/example_dags/example_branch_operator_decorator.py
[2024-09-28T07:59:37.650+0000] {processor.py:914} INFO - Processing file /home/airflow/.local/lib/python3.12/site-packages/airflow/example_dags/example_branch_operator_decorator.py for tasks to queue
[2024-09-28T07:59:37.652+0000] {logging_mixin.py:190} INFO - [2024-09-28T07:59:37.652+0000] {dagbag.py:588} INFO - Filling up the DagBag from /home/airflow/.local/lib/python3.12/site-packages/airflow/example_dags/example_branch_operator_decorator.py
[2024-09-28T07:59:37.662+0000] {processor.py:925} INFO - DAG(s) 'example_branch_python_operator_decorator' retrieved from /home/airflow/.local/lib/python3.12/site-packages/airflow/example_dags/example_branch_operator_decorator.py
[2024-09-28T07:59:37.681+0000] {logging_mixin.py:190} INFO - [2024-09-28T07:59:37.681+0000] {dag.py:3239} INFO - Sync 1 DAGs
[2024-09-28T07:59:37.695+0000] {logging_mixin.py:190} INFO - [2024-09-28T07:59:37.695+0000] {dag.py:4180} INFO - Setting next_dagrun for example_branch_python_operator_decorator to 2024-09-27 00:00:00+00:00, run_after=2024-09-28 00:00:00+00:00
[2024-09-28T07:59:37.706+0000] {processor.py:208} INFO - Processing /home/airflow/.local/lib/python3.12/site-packages/airflow/example_dags/example_branch_operator_decorator.py took 0.062 seconds
[2024-09-28T08:00:07.949+0000] {processor.py:186} INFO - Started process (PID=7563) to work on /home/airflow/.local/lib/python3.12/site-packages/airflow/example_dags/example_branch_operator_decorator.py
[2024-09-28T08:00:07.951+0000] {processor.py:914} INFO - Processing file /home/airflow/.local/lib/python3.12/site-packages/airflow/example_dags/example_branch_operator_decorator.py for tasks to queue
[2024-09-28T08:00:07.952+0000] {logging_mixin.py:190} INFO - [2024-09-28T08:00:07.952+0000] {dagbag.py:588} INFO - Filling up the DagBag from /home/airflow/.local/lib/python3.12/site-packages/airflow/example_dags/example_branch_operator_decorator.py
[2024-09-28T08:00:07.962+0000] {processor.py:925} INFO - DAG(s) 'example_branch_python_operator_decorator' retrieved from /home/airflow/.local/lib/python3.12/site-packages/airflow/example_dags/example_branch_operator_decorator.py
[2024-09-28T08:00:07.975+0000] {logging_mixin.py:190} INFO - [2024-09-28T08:00:07.975+0000] {dag.py:3239} INFO - Sync 1 DAGs
[2024-09-28T08:00:07.989+0000] {logging_mixin.py:190} INFO - [2024-09-28T08:00:07.988+0000] {dag.py:4180} INFO - Setting next_dagrun for example_branch_python_operator_decorator to 2024-09-27 00:00:00+00:00, run_after=2024-09-28 00:00:00+00:00
[2024-09-28T08:00:07.998+0000] {processor.py:208} INFO - Processing /home/airflow/.local/lib/python3.12/site-packages/airflow/example_dags/example_branch_operator_decorator.py took 0.052 seconds
[2024-09-28T08:00:38.472+0000] {processor.py:186} INFO - Started process (PID=7849) to work on /home/airflow/.local/lib/python3.12/site-packages/airflow/example_dags/example_branch_operator_decorator.py
[2024-09-28T08:00:38.476+0000] {processor.py:914} INFO - Processing file /home/airflow/.local/lib/python3.12/site-packages/airflow/example_dags/example_branch_operator_decorator.py for tasks to queue
[2024-09-28T08:00:38.477+0000] {logging_mixin.py:190} INFO - [2024-09-28T08:00:38.477+0000] {dagbag.py:588} INFO - Filling up the DagBag from /home/airflow/.local/lib/python3.12/site-packages/airflow/example_dags/example_branch_operator_decorator.py
[2024-09-28T08:00:38.492+0000] {processor.py:925} INFO - DAG(s) 'example_branch_python_operator_decorator' retrieved from /home/airflow/.local/lib/python3.12/site-packages/airflow/example_dags/example_branch_operator_decorator.py
[2024-09-28T08:00:38.508+0000] {logging_mixin.py:190} INFO - [2024-09-28T08:00:38.508+0000] {dag.py:3239} INFO - Sync 1 DAGs
[2024-09-28T08:00:38.526+0000] {logging_mixin.py:190} INFO - [2024-09-28T08:00:38.526+0000] {dag.py:4180} INFO - Setting next_dagrun for example_branch_python_operator_decorator to 2024-09-27 00:00:00+00:00, run_after=2024-09-28 00:00:00+00:00
[2024-09-28T08:00:38.538+0000] {processor.py:208} INFO - Processing /home/airflow/.local/lib/python3.12/site-packages/airflow/example_dags/example_branch_operator_decorator.py took 0.070 seconds
[2024-09-28T08:01:09.013+0000] {processor.py:186} INFO - Started process (PID=8135) to work on /home/airflow/.local/lib/python3.12/site-packages/airflow/example_dags/example_branch_operator_decorator.py
[2024-09-28T08:01:09.014+0000] {processor.py:914} INFO - Processing file /home/airflow/.local/lib/python3.12/site-packages/airflow/example_dags/example_branch_operator_decorator.py for tasks to queue
[2024-09-28T08:01:09.016+0000] {logging_mixin.py:190} INFO - [2024-09-28T08:01:09.015+0000] {dagbag.py:588} INFO - Filling up the DagBag from /home/airflow/.local/lib/python3.12/site-packages/airflow/example_dags/example_branch_operator_decorator.py
[2024-09-28T08:01:09.027+0000] {processor.py:925} INFO - DAG(s) 'example_branch_python_operator_decorator' retrieved from /home/airflow/.local/lib/python3.12/site-packages/airflow/example_dags/example_branch_operator_decorator.py
[2024-09-28T08:01:09.042+0000] {logging_mixin.py:190} INFO - [2024-09-28T08:01:09.042+0000] {dag.py:3239} INFO - Sync 1 DAGs
[2024-09-28T08:01:09.055+0000] {logging_mixin.py:190} INFO - [2024-09-28T08:01:09.054+0000] {dag.py:4180} INFO - Setting next_dagrun for example_branch_python_operator_decorator to 2024-09-27 00:00:00+00:00, run_after=2024-09-28 00:00:00+00:00
[2024-09-28T08:01:09.063+0000] {processor.py:208} INFO - Processing /home/airflow/.local/lib/python3.12/site-packages/airflow/example_dags/example_branch_operator_decorator.py took 0.054 seconds
[2024-09-28T08:01:39.658+0000] {processor.py:186} INFO - Started process (PID=8421) to work on /home/airflow/.local/lib/python3.12/site-packages/airflow/example_dags/example_branch_operator_decorator.py
[2024-09-28T08:01:39.661+0000] {processor.py:914} INFO - Processing file /home/airflow/.local/lib/python3.12/site-packages/airflow/example_dags/example_branch_operator_decorator.py for tasks to queue
[2024-09-28T08:01:39.662+0000] {logging_mixin.py:190} INFO - [2024-09-28T08:01:39.662+0000] {dagbag.py:588} INFO - Filling up the DagBag from /home/airflow/.local/lib/python3.12/site-packages/airflow/example_dags/example_branch_operator_decorator.py
[2024-09-28T08:01:39.671+0000] {processor.py:925} INFO - DAG(s) 'example_branch_python_operator_decorator' retrieved from /home/airflow/.local/lib/python3.12/site-packages/airflow/example_dags/example_branch_operator_decorator.py
[2024-09-28T08:01:39.711+0000] {logging_mixin.py:190} INFO - [2024-09-28T08:01:39.711+0000] {dag.py:3239} INFO - Sync 1 DAGs
[2024-09-28T08:01:39.733+0000] {logging_mixin.py:190} INFO - [2024-09-28T08:01:39.733+0000] {dag.py:4180} INFO - Setting next_dagrun for example_branch_python_operator_decorator to 2024-09-27 00:00:00+00:00, run_after=2024-09-28 00:00:00+00:00
[2024-09-28T08:01:39.746+0000] {processor.py:208} INFO - Processing /home/airflow/.local/lib/python3.12/site-packages/airflow/example_dags/example_branch_operator_decorator.py took 0.091 seconds
[2024-09-28T08:02:10.385+0000] {processor.py:186} INFO - Started process (PID=8707) to work on /home/airflow/.local/lib/python3.12/site-packages/airflow/example_dags/example_branch_operator_decorator.py
[2024-09-28T08:02:10.386+0000] {processor.py:914} INFO - Processing file /home/airflow/.local/lib/python3.12/site-packages/airflow/example_dags/example_branch_operator_decorator.py for tasks to queue
[2024-09-28T08:02:10.387+0000] {logging_mixin.py:190} INFO - [2024-09-28T08:02:10.387+0000] {dagbag.py:588} INFO - Filling up the DagBag from /home/airflow/.local/lib/python3.12/site-packages/airflow/example_dags/example_branch_operator_decorator.py
[2024-09-28T08:02:10.397+0000] {processor.py:925} INFO - DAG(s) 'example_branch_python_operator_decorator' retrieved from /home/airflow/.local/lib/python3.12/site-packages/airflow/example_dags/example_branch_operator_decorator.py
[2024-09-28T08:02:10.414+0000] {logging_mixin.py:190} INFO - [2024-09-28T08:02:10.413+0000] {dag.py:3239} INFO - Sync 1 DAGs
[2024-09-28T08:02:10.426+0000] {logging_mixin.py:190} INFO - [2024-09-28T08:02:10.425+0000] {dag.py:4180} INFO - Setting next_dagrun for example_branch_python_operator_decorator to 2024-09-27 00:00:00+00:00, run_after=2024-09-28 00:00:00+00:00
[2024-09-28T08:02:10.436+0000] {processor.py:208} INFO - Processing /home/airflow/.local/lib/python3.12/site-packages/airflow/example_dags/example_branch_operator_decorator.py took 0.054 seconds
[2024-09-28T08:02:40.982+0000] {processor.py:186} INFO - Started process (PID=8993) to work on /home/airflow/.local/lib/python3.12/site-packages/airflow/example_dags/example_branch_operator_decorator.py
[2024-09-28T08:02:40.982+0000] {processor.py:914} INFO - Processing file /home/airflow/.local/lib/python3.12/site-packages/airflow/example_dags/example_branch_operator_decorator.py for tasks to queue
[2024-09-28T08:02:40.984+0000] {logging_mixin.py:190} INFO - [2024-09-28T08:02:40.984+0000] {dagbag.py:588} INFO - Filling up the DagBag from /home/airflow/.local/lib/python3.12/site-packages/airflow/example_dags/example_branch_operator_decorator.py
[2024-09-28T08:02:40.999+0000] {processor.py:925} INFO - DAG(s) 'example_branch_python_operator_decorator' retrieved from /home/airflow/.local/lib/python3.12/site-packages/airflow/example_dags/example_branch_operator_decorator.py
[2024-09-28T08:02:41.012+0000] {logging_mixin.py:190} INFO - [2024-09-28T08:02:41.012+0000] {dag.py:3239} INFO - Sync 1 DAGs
[2024-09-28T08:02:41.023+0000] {logging_mixin.py:190} INFO - [2024-09-28T08:02:41.023+0000] {dag.py:4180} INFO - Setting next_dagrun for example_branch_python_operator_decorator to 2024-09-27 00:00:00+00:00, run_after=2024-09-28 00:00:00+00:00
[2024-09-28T08:02:41.031+0000] {processor.py:208} INFO - Processing /home/airflow/.local/lib/python3.12/site-packages/airflow/example_dags/example_branch_operator_decorator.py took 0.052 seconds
[2024-09-28T08:03:11.612+0000] {processor.py:186} INFO - Started process (PID=9279) to work on /home/airflow/.local/lib/python3.12/site-packages/airflow/example_dags/example_branch_operator_decorator.py
[2024-09-28T08:03:11.613+0000] {processor.py:914} INFO - Processing file /home/airflow/.local/lib/python3.12/site-packages/airflow/example_dags/example_branch_operator_decorator.py for tasks to queue
[2024-09-28T08:03:11.614+0000] {logging_mixin.py:190} INFO - [2024-09-28T08:03:11.614+0000] {dagbag.py:588} INFO - Filling up the DagBag from /home/airflow/.local/lib/python3.12/site-packages/airflow/example_dags/example_branch_operator_decorator.py
[2024-09-28T08:03:11.640+0000] {processor.py:925} INFO - DAG(s) 'example_branch_python_operator_decorator' retrieved from /home/airflow/.local/lib/python3.12/site-packages/airflow/example_dags/example_branch_operator_decorator.py
[2024-09-28T08:03:11.653+0000] {logging_mixin.py:190} INFO - [2024-09-28T08:03:11.653+0000] {dag.py:3239} INFO - Sync 1 DAGs
[2024-09-28T08:03:11.664+0000] {logging_mixin.py:190} INFO - [2024-09-28T08:03:11.664+0000] {dag.py:4180} INFO - Setting next_dagrun for example_branch_python_operator_decorator to 2024-09-27 00:00:00+00:00, run_after=2024-09-28 00:00:00+00:00
[2024-09-28T08:03:11.672+0000] {processor.py:208} INFO - Processing /home/airflow/.local/lib/python3.12/site-packages/airflow/example_dags/example_branch_operator_decorator.py took 0.063 seconds
[2024-09-28T08:03:42.052+0000] {processor.py:186} INFO - Started process (PID=9565) to work on /home/airflow/.local/lib/python3.12/site-packages/airflow/example_dags/example_branch_operator_decorator.py
[2024-09-28T08:03:42.053+0000] {processor.py:914} INFO - Processing file /home/airflow/.local/lib/python3.12/site-packages/airflow/example_dags/example_branch_operator_decorator.py for tasks to queue
[2024-09-28T08:03:42.055+0000] {logging_mixin.py:190} INFO - [2024-09-28T08:03:42.055+0000] {dagbag.py:588} INFO - Filling up the DagBag from /home/airflow/.local/lib/python3.12/site-packages/airflow/example_dags/example_branch_operator_decorator.py
[2024-09-28T08:03:42.072+0000] {processor.py:925} INFO - DAG(s) 'example_branch_python_operator_decorator' retrieved from /home/airflow/.local/lib/python3.12/site-packages/airflow/example_dags/example_branch_operator_decorator.py
[2024-09-28T08:03:42.087+0000] {logging_mixin.py:190} INFO - [2024-09-28T08:03:42.087+0000] {dag.py:3239} INFO - Sync 1 DAGs
[2024-09-28T08:03:42.099+0000] {logging_mixin.py:190} INFO - [2024-09-28T08:03:42.099+0000] {dag.py:4180} INFO - Setting next_dagrun for example_branch_python_operator_decorator to 2024-09-27 00:00:00+00:00, run_after=2024-09-28 00:00:00+00:00
[2024-09-28T08:03:42.107+0000] {processor.py:208} INFO - Processing /home/airflow/.local/lib/python3.12/site-packages/airflow/example_dags/example_branch_operator_decorator.py took 0.059 seconds
[2024-09-28T08:04:12.628+0000] {processor.py:186} INFO - Started process (PID=9851) to work on /home/airflow/.local/lib/python3.12/site-packages/airflow/example_dags/example_branch_operator_decorator.py
[2024-09-28T08:04:12.629+0000] {processor.py:914} INFO - Processing file /home/airflow/.local/lib/python3.12/site-packages/airflow/example_dags/example_branch_operator_decorator.py for tasks to queue
[2024-09-28T08:04:12.630+0000] {logging_mixin.py:190} INFO - [2024-09-28T08:04:12.630+0000] {dagbag.py:588} INFO - Filling up the DagBag from /home/airflow/.local/lib/python3.12/site-packages/airflow/example_dags/example_branch_operator_decorator.py
[2024-09-28T08:04:12.640+0000] {processor.py:925} INFO - DAG(s) 'example_branch_python_operator_decorator' retrieved from /home/airflow/.local/lib/python3.12/site-packages/airflow/example_dags/example_branch_operator_decorator.py
[2024-09-28T08:04:12.658+0000] {logging_mixin.py:190} INFO - [2024-09-28T08:04:12.658+0000] {dag.py:3239} INFO - Sync 1 DAGs
[2024-09-28T08:04:12.671+0000] {logging_mixin.py:190} INFO - [2024-09-28T08:04:12.671+0000] {dag.py:4180} INFO - Setting next_dagrun for example_branch_python_operator_decorator to 2024-09-27 00:00:00+00:00, run_after=2024-09-28 00:00:00+00:00
[2024-09-28T08:04:12.679+0000] {processor.py:208} INFO - Processing /home/airflow/.local/lib/python3.12/site-packages/airflow/example_dags/example_branch_operator_decorator.py took 0.055 seconds
[2024-09-28T08:04:43.289+0000] {processor.py:186} INFO - Started process (PID=10137) to work on /home/airflow/.local/lib/python3.12/site-packages/airflow/example_dags/example_branch_operator_decorator.py
[2024-09-28T08:04:43.290+0000] {processor.py:914} INFO - Processing file /home/airflow/.local/lib/python3.12/site-packages/airflow/example_dags/example_branch_operator_decorator.py for tasks to queue
[2024-09-28T08:04:43.291+0000] {logging_mixin.py:190} INFO - [2024-09-28T08:04:43.291+0000] {dagbag.py:588} INFO - Filling up the DagBag from /home/airflow/.local/lib/python3.12/site-packages/airflow/example_dags/example_branch_operator_decorator.py
[2024-09-28T08:04:43.303+0000] {processor.py:925} INFO - DAG(s) 'example_branch_python_operator_decorator' retrieved from /home/airflow/.local/lib/python3.12/site-packages/airflow/example_dags/example_branch_operator_decorator.py
[2024-09-28T08:04:43.317+0000] {logging_mixin.py:190} INFO - [2024-09-28T08:04:43.317+0000] {dag.py:3239} INFO - Sync 1 DAGs
[2024-09-28T08:04:43.330+0000] {logging_mixin.py:190} INFO - [2024-09-28T08:04:43.329+0000] {dag.py:4180} INFO - Setting next_dagrun for example_branch_python_operator_decorator to 2024-09-27 00:00:00+00:00, run_after=2024-09-28 00:00:00+00:00
[2024-09-28T08:04:43.339+0000] {processor.py:208} INFO - Processing /home/airflow/.local/lib/python3.12/site-packages/airflow/example_dags/example_branch_operator_decorator.py took 0.053 seconds
[2024-09-28T08:05:13.706+0000] {processor.py:186} INFO - Started process (PID=10423) to work on /home/airflow/.local/lib/python3.12/site-packages/airflow/example_dags/example_branch_operator_decorator.py
[2024-09-28T08:05:13.706+0000] {processor.py:914} INFO - Processing file /home/airflow/.local/lib/python3.12/site-packages/airflow/example_dags/example_branch_operator_decorator.py for tasks to queue
[2024-09-28T08:05:13.710+0000] {logging_mixin.py:190} INFO - [2024-09-28T08:05:13.710+0000] {dagbag.py:588} INFO - Filling up the DagBag from /home/airflow/.local/lib/python3.12/site-packages/airflow/example_dags/example_branch_operator_decorator.py
[2024-09-28T08:05:13.723+0000] {processor.py:925} INFO - DAG(s) 'example_branch_python_operator_decorator' retrieved from /home/airflow/.local/lib/python3.12/site-packages/airflow/example_dags/example_branch_operator_decorator.py
[2024-09-28T08:05:13.736+0000] {logging_mixin.py:190} INFO - [2024-09-28T08:05:13.736+0000] {dag.py:3239} INFO - Sync 1 DAGs
[2024-09-28T08:05:13.747+0000] {logging_mixin.py:190} INFO - [2024-09-28T08:05:13.747+0000] {dag.py:4180} INFO - Setting next_dagrun for example_branch_python_operator_decorator to 2024-09-27 00:00:00+00:00, run_after=2024-09-28 00:00:00+00:00
[2024-09-28T08:05:13.755+0000] {processor.py:208} INFO - Processing /home/airflow/.local/lib/python3.12/site-packages/airflow/example_dags/example_branch_operator_decorator.py took 0.052 seconds
[2024-09-28T08:05:44.189+0000] {processor.py:186} INFO - Started process (PID=10709) to work on /home/airflow/.local/lib/python3.12/site-packages/airflow/example_dags/example_branch_operator_decorator.py
[2024-09-28T08:05:44.190+0000] {processor.py:914} INFO - Processing file /home/airflow/.local/lib/python3.12/site-packages/airflow/example_dags/example_branch_operator_decorator.py for tasks to queue
[2024-09-28T08:05:44.191+0000] {logging_mixin.py:190} INFO - [2024-09-28T08:05:44.191+0000] {dagbag.py:588} INFO - Filling up the DagBag from /home/airflow/.local/lib/python3.12/site-packages/airflow/example_dags/example_branch_operator_decorator.py
[2024-09-28T08:05:44.203+0000] {processor.py:925} INFO - DAG(s) 'example_branch_python_operator_decorator' retrieved from /home/airflow/.local/lib/python3.12/site-packages/airflow/example_dags/example_branch_operator_decorator.py
[2024-09-28T08:05:44.216+0000] {logging_mixin.py:190} INFO - [2024-09-28T08:05:44.216+0000] {dag.py:3239} INFO - Sync 1 DAGs
[2024-09-28T08:05:44.230+0000] {logging_mixin.py:190} INFO - [2024-09-28T08:05:44.230+0000] {dag.py:4180} INFO - Setting next_dagrun for example_branch_python_operator_decorator to 2024-09-27 00:00:00+00:00, run_after=2024-09-28 00:00:00+00:00
[2024-09-28T08:05:44.239+0000] {processor.py:208} INFO - Processing /home/airflow/.local/lib/python3.12/site-packages/airflow/example_dags/example_branch_operator_decorator.py took 0.054 seconds
[2024-09-28T08:06:15.064+0000] {processor.py:186} INFO - Started process (PID=10995) to work on /home/airflow/.local/lib/python3.12/site-packages/airflow/example_dags/example_branch_operator_decorator.py
[2024-09-28T08:06:15.065+0000] {processor.py:914} INFO - Processing file /home/airflow/.local/lib/python3.12/site-packages/airflow/example_dags/example_branch_operator_decorator.py for tasks to queue
[2024-09-28T08:06:15.068+0000] {logging_mixin.py:190} INFO - [2024-09-28T08:06:15.068+0000] {dagbag.py:588} INFO - Filling up the DagBag from /home/airflow/.local/lib/python3.12/site-packages/airflow/example_dags/example_branch_operator_decorator.py
[2024-09-28T08:06:15.080+0000] {processor.py:925} INFO - DAG(s) 'example_branch_python_operator_decorator' retrieved from /home/airflow/.local/lib/python3.12/site-packages/airflow/example_dags/example_branch_operator_decorator.py
[2024-09-28T08:06:15.093+0000] {logging_mixin.py:190} INFO - [2024-09-28T08:06:15.093+0000] {dag.py:3239} INFO - Sync 1 DAGs
[2024-09-28T08:06:15.104+0000] {logging_mixin.py:190} INFO - [2024-09-28T08:06:15.104+0000] {dag.py:4180} INFO - Setting next_dagrun for example_branch_python_operator_decorator to 2024-09-27 00:00:00+00:00, run_after=2024-09-28 00:00:00+00:00
[2024-09-28T08:06:15.112+0000] {processor.py:208} INFO - Processing /home/airflow/.local/lib/python3.12/site-packages/airflow/example_dags/example_branch_operator_decorator.py took 0.051 seconds
[2024-09-28T08:06:46.114+0000] {processor.py:186} INFO - Started process (PID=11282) to work on /home/airflow/.local/lib/python3.12/site-packages/airflow/example_dags/example_branch_operator_decorator.py
[2024-09-28T08:06:46.116+0000] {processor.py:914} INFO - Processing file /home/airflow/.local/lib/python3.12/site-packages/airflow/example_dags/example_branch_operator_decorator.py for tasks to queue
[2024-09-28T08:06:46.118+0000] {logging_mixin.py:190} INFO - [2024-09-28T08:06:46.118+0000] {dagbag.py:588} INFO - Filling up the DagBag from /home/airflow/.local/lib/python3.12/site-packages/airflow/example_dags/example_branch_operator_decorator.py
[2024-09-28T08:06:46.132+0000] {processor.py:925} INFO - DAG(s) 'example_branch_python_operator_decorator' retrieved from /home/airflow/.local/lib/python3.12/site-packages/airflow/example_dags/example_branch_operator_decorator.py
[2024-09-28T08:06:46.145+0000] {logging_mixin.py:190} INFO - [2024-09-28T08:06:46.145+0000] {dag.py:3239} INFO - Sync 1 DAGs
[2024-09-28T08:06:46.157+0000] {logging_mixin.py:190} INFO - [2024-09-28T08:06:46.157+0000] {dag.py:4180} INFO - Setting next_dagrun for example_branch_python_operator_decorator to 2024-09-27 00:00:00+00:00, run_after=2024-09-28 00:00:00+00:00
[2024-09-28T08:06:46.166+0000] {processor.py:208} INFO - Processing /home/airflow/.local/lib/python3.12/site-packages/airflow/example_dags/example_branch_operator_decorator.py took 0.056 seconds
[2024-09-28T08:07:16.810+0000] {processor.py:186} INFO - Started process (PID=11567) to work on /home/airflow/.local/lib/python3.12/site-packages/airflow/example_dags/example_branch_operator_decorator.py
[2024-09-28T08:07:16.811+0000] {processor.py:914} INFO - Processing file /home/airflow/.local/lib/python3.12/site-packages/airflow/example_dags/example_branch_operator_decorator.py for tasks to queue
[2024-09-28T08:07:16.812+0000] {logging_mixin.py:190} INFO - [2024-09-28T08:07:16.812+0000] {dagbag.py:588} INFO - Filling up the DagBag from /home/airflow/.local/lib/python3.12/site-packages/airflow/example_dags/example_branch_operator_decorator.py
[2024-09-28T08:07:16.822+0000] {processor.py:925} INFO - DAG(s) 'example_branch_python_operator_decorator' retrieved from /home/airflow/.local/lib/python3.12/site-packages/airflow/example_dags/example_branch_operator_decorator.py
[2024-09-28T08:07:16.839+0000] {logging_mixin.py:190} INFO - [2024-09-28T08:07:16.839+0000] {dag.py:3239} INFO - Sync 1 DAGs
[2024-09-28T08:07:16.856+0000] {logging_mixin.py:190} INFO - [2024-09-28T08:07:16.856+0000] {dag.py:4180} INFO - Setting next_dagrun for example_branch_python_operator_decorator to 2024-09-27 00:00:00+00:00, run_after=2024-09-28 00:00:00+00:00
[2024-09-28T08:07:16.869+0000] {processor.py:208} INFO - Processing /home/airflow/.local/lib/python3.12/site-packages/airflow/example_dags/example_branch_operator_decorator.py took 0.062 seconds
[2024-09-28T08:07:47.425+0000] {processor.py:186} INFO - Started process (PID=11853) to work on /home/airflow/.local/lib/python3.12/site-packages/airflow/example_dags/example_branch_operator_decorator.py
[2024-09-28T08:07:47.426+0000] {processor.py:914} INFO - Processing file /home/airflow/.local/lib/python3.12/site-packages/airflow/example_dags/example_branch_operator_decorator.py for tasks to queue
[2024-09-28T08:07:47.428+0000] {logging_mixin.py:190} INFO - [2024-09-28T08:07:47.428+0000] {dagbag.py:588} INFO - Filling up the DagBag from /home/airflow/.local/lib/python3.12/site-packages/airflow/example_dags/example_branch_operator_decorator.py
[2024-09-28T08:07:47.438+0000] {processor.py:925} INFO - DAG(s) 'example_branch_python_operator_decorator' retrieved from /home/airflow/.local/lib/python3.12/site-packages/airflow/example_dags/example_branch_operator_decorator.py
[2024-09-28T08:07:47.454+0000] {logging_mixin.py:190} INFO - [2024-09-28T08:07:47.454+0000] {dag.py:3239} INFO - Sync 1 DAGs
[2024-09-28T08:07:47.464+0000] {logging_mixin.py:190} INFO - [2024-09-28T08:07:47.464+0000] {dag.py:4180} INFO - Setting next_dagrun for example_branch_python_operator_decorator to 2024-09-27 00:00:00+00:00, run_after=2024-09-28 00:00:00+00:00
[2024-09-28T08:07:47.575+0000] {processor.py:208} INFO - Processing /home/airflow/.local/lib/python3.12/site-packages/airflow/example_dags/example_branch_operator_decorator.py took 0.153 seconds
