[2024-09-28T07:47:25.935+0000] {processor.py:186} INFO - Started process (PID=194) to work on /home/airflow/.local/lib/python3.12/site-packages/airflow/example_dags/example_skip_dag.py
[2024-09-28T07:47:25.936+0000] {processor.py:914} INFO - Processing file /home/airflow/.local/lib/python3.12/site-packages/airflow/example_dags/example_skip_dag.py for tasks to queue
[2024-09-28T07:47:25.937+0000] {logging_mixin.py:190} INFO - [2024-09-28T07:47:25.937+0000] {dagbag.py:588} INFO - Filling up the DagBag from /home/airflow/.local/lib/python3.12/site-packages/airflow/example_dags/example_skip_dag.py
[2024-09-28T07:47:25.942+0000] {processor.py:925} INFO - DAG(s) 'example_skip_dag' retrieved from /home/airflow/.local/lib/python3.12/site-packages/airflow/example_dags/example_skip_dag.py
[2024-09-28T07:47:25.998+0000] {logging_mixin.py:190} INFO - [2024-09-28T07:47:25.998+0000] {override.py:1900} INFO - Created Permission View: can delete on DAG:example_skip_dag
[2024-09-28T07:47:26.005+0000] {logging_mixin.py:190} INFO - [2024-09-28T07:47:26.004+0000] {override.py:1900} INFO - Created Permission View: can edit on DAG:example_skip_dag
[2024-09-28T07:47:26.007+0000] {logging_mixin.py:190} INFO - [2024-09-28T07:47:26.007+0000] {override.py:1900} INFO - Created Permission View: can read on DAG:example_skip_dag
[2024-09-28T07:47:26.009+0000] {logging_mixin.py:190} INFO - [2024-09-28T07:47:26.009+0000] {override.py:1900} INFO - Created Permission View: menu access on DAG Run:example_skip_dag
[2024-09-28T07:47:26.011+0000] {logging_mixin.py:190} INFO - [2024-09-28T07:47:26.011+0000] {override.py:1900} INFO - Created Permission View: can delete on DAG Run:example_skip_dag
[2024-09-28T07:47:26.013+0000] {logging_mixin.py:190} INFO - [2024-09-28T07:47:26.013+0000] {override.py:1900} INFO - Created Permission View: can create on DAG Run:example_skip_dag
[2024-09-28T07:47:26.015+0000] {logging_mixin.py:190} INFO - [2024-09-28T07:47:26.015+0000] {override.py:1900} INFO - Created Permission View: can read on DAG Run:example_skip_dag
[2024-09-28T07:47:26.015+0000] {logging_mixin.py:190} INFO - [2024-09-28T07:47:26.015+0000] {dag.py:3239} INFO - Sync 1 DAGs
[2024-09-28T07:47:26.021+0000] {logging_mixin.py:190} INFO - [2024-09-28T07:47:26.021+0000] {dag.py:3262} INFO - Creating ORM DAG for example_skip_dag
[2024-09-28T07:47:26.026+0000] {logging_mixin.py:190} INFO - [2024-09-28T07:47:26.025+0000] {dag.py:4180} INFO - Setting next_dagrun for example_skip_dag to 2024-09-27 00:00:00+00:00, run_after=2024-09-28 00:00:00+00:00
[2024-09-28T07:47:26.032+0000] {processor.py:208} INFO - Processing /home/airflow/.local/lib/python3.12/site-packages/airflow/example_dags/example_skip_dag.py took 0.100 seconds
[2024-09-28T07:47:56.849+0000] {processor.py:186} INFO - Started process (PID=481) to work on /home/airflow/.local/lib/python3.12/site-packages/airflow/example_dags/example_skip_dag.py
[2024-09-28T07:47:56.850+0000] {processor.py:914} INFO - Processing file /home/airflow/.local/lib/python3.12/site-packages/airflow/example_dags/example_skip_dag.py for tasks to queue
[2024-09-28T07:47:56.852+0000] {logging_mixin.py:190} INFO - [2024-09-28T07:47:56.851+0000] {dagbag.py:588} INFO - Filling up the DagBag from /home/airflow/.local/lib/python3.12/site-packages/airflow/example_dags/example_skip_dag.py
[2024-09-28T07:47:56.856+0000] {processor.py:925} INFO - DAG(s) 'example_skip_dag' retrieved from /home/airflow/.local/lib/python3.12/site-packages/airflow/example_dags/example_skip_dag.py
[2024-09-28T07:47:56.867+0000] {logging_mixin.py:190} INFO - [2024-09-28T07:47:56.867+0000] {dag.py:3239} INFO - Sync 1 DAGs
[2024-09-28T07:47:56.880+0000] {logging_mixin.py:190} INFO - [2024-09-28T07:47:56.880+0000] {dag.py:4180} INFO - Setting next_dagrun for example_skip_dag to 2024-09-27 00:00:00+00:00, run_after=2024-09-28 00:00:00+00:00
[2024-09-28T07:47:56.891+0000] {processor.py:208} INFO - Processing /home/airflow/.local/lib/python3.12/site-packages/airflow/example_dags/example_skip_dag.py took 0.046 seconds
[2024-09-28T07:48:27.268+0000] {processor.py:186} INFO - Started process (PID=767) to work on /home/airflow/.local/lib/python3.12/site-packages/airflow/example_dags/example_skip_dag.py
[2024-09-28T07:48:27.272+0000] {processor.py:914} INFO - Processing file /home/airflow/.local/lib/python3.12/site-packages/airflow/example_dags/example_skip_dag.py for tasks to queue
[2024-09-28T07:48:27.275+0000] {logging_mixin.py:190} INFO - [2024-09-28T07:48:27.274+0000] {dagbag.py:588} INFO - Filling up the DagBag from /home/airflow/.local/lib/python3.12/site-packages/airflow/example_dags/example_skip_dag.py
[2024-09-28T07:48:27.283+0000] {processor.py:925} INFO - DAG(s) 'example_skip_dag' retrieved from /home/airflow/.local/lib/python3.12/site-packages/airflow/example_dags/example_skip_dag.py
[2024-09-28T07:48:27.301+0000] {logging_mixin.py:190} INFO - [2024-09-28T07:48:27.301+0000] {dag.py:3239} INFO - Sync 1 DAGs
[2024-09-28T07:48:27.317+0000] {logging_mixin.py:190} INFO - [2024-09-28T07:48:27.317+0000] {dag.py:4180} INFO - Setting next_dagrun for example_skip_dag to 2024-09-27 00:00:00+00:00, run_after=2024-09-28 00:00:00+00:00
[2024-09-28T07:48:27.327+0000] {processor.py:208} INFO - Processing /home/airflow/.local/lib/python3.12/site-packages/airflow/example_dags/example_skip_dag.py took 0.064 seconds
[2024-09-28T07:48:57.620+0000] {processor.py:186} INFO - Started process (PID=1052) to work on /home/airflow/.local/lib/python3.12/site-packages/airflow/example_dags/example_skip_dag.py
[2024-09-28T07:48:57.622+0000] {processor.py:914} INFO - Processing file /home/airflow/.local/lib/python3.12/site-packages/airflow/example_dags/example_skip_dag.py for tasks to queue
[2024-09-28T07:48:57.623+0000] {logging_mixin.py:190} INFO - [2024-09-28T07:48:57.623+0000] {dagbag.py:588} INFO - Filling up the DagBag from /home/airflow/.local/lib/python3.12/site-packages/airflow/example_dags/example_skip_dag.py
[2024-09-28T07:48:57.627+0000] {processor.py:925} INFO - DAG(s) 'example_skip_dag' retrieved from /home/airflow/.local/lib/python3.12/site-packages/airflow/example_dags/example_skip_dag.py
[2024-09-28T07:48:57.637+0000] {logging_mixin.py:190} INFO - [2024-09-28T07:48:57.637+0000] {dag.py:3239} INFO - Sync 1 DAGs
[2024-09-28T07:48:57.648+0000] {logging_mixin.py:190} INFO - [2024-09-28T07:48:57.648+0000] {dag.py:4180} INFO - Setting next_dagrun for example_skip_dag to 2024-09-27 00:00:00+00:00, run_after=2024-09-28 00:00:00+00:00
[2024-09-28T07:48:57.655+0000] {processor.py:208} INFO - Processing /home/airflow/.local/lib/python3.12/site-packages/airflow/example_dags/example_skip_dag.py took 0.038 seconds
[2024-09-28T07:49:28.772+0000] {processor.py:186} INFO - Started process (PID=1366) to work on /home/airflow/.local/lib/python3.12/site-packages/airflow/example_dags/example_skip_dag.py
[2024-09-28T07:49:28.776+0000] {processor.py:914} INFO - Processing file /home/airflow/.local/lib/python3.12/site-packages/airflow/example_dags/example_skip_dag.py for tasks to queue
[2024-09-28T07:49:28.779+0000] {logging_mixin.py:190} INFO - [2024-09-28T07:49:28.778+0000] {dagbag.py:588} INFO - Filling up the DagBag from /home/airflow/.local/lib/python3.12/site-packages/airflow/example_dags/example_skip_dag.py
[2024-09-28T07:49:28.785+0000] {processor.py:925} INFO - DAG(s) 'example_skip_dag' retrieved from /home/airflow/.local/lib/python3.12/site-packages/airflow/example_dags/example_skip_dag.py
[2024-09-28T07:49:28.798+0000] {logging_mixin.py:190} INFO - [2024-09-28T07:49:28.797+0000] {dag.py:3239} INFO - Sync 1 DAGs
[2024-09-28T07:49:28.810+0000] {logging_mixin.py:190} INFO - [2024-09-28T07:49:28.810+0000] {dag.py:4180} INFO - Setting next_dagrun for example_skip_dag to 2024-09-27 00:00:00+00:00, run_after=2024-09-28 00:00:00+00:00
[2024-09-28T07:49:28.819+0000] {processor.py:208} INFO - Processing /home/airflow/.local/lib/python3.12/site-packages/airflow/example_dags/example_skip_dag.py took 0.056 seconds
[2024-09-28T07:49:58.924+0000] {processor.py:186} INFO - Started process (PID=1652) to work on /home/airflow/.local/lib/python3.12/site-packages/airflow/example_dags/example_skip_dag.py
[2024-09-28T07:49:58.925+0000] {processor.py:914} INFO - Processing file /home/airflow/.local/lib/python3.12/site-packages/airflow/example_dags/example_skip_dag.py for tasks to queue
[2024-09-28T07:49:58.927+0000] {logging_mixin.py:190} INFO - [2024-09-28T07:49:58.927+0000] {dagbag.py:588} INFO - Filling up the DagBag from /home/airflow/.local/lib/python3.12/site-packages/airflow/example_dags/example_skip_dag.py
[2024-09-28T07:49:58.932+0000] {processor.py:925} INFO - DAG(s) 'example_skip_dag' retrieved from /home/airflow/.local/lib/python3.12/site-packages/airflow/example_dags/example_skip_dag.py
[2024-09-28T07:49:58.944+0000] {logging_mixin.py:190} INFO - [2024-09-28T07:49:58.944+0000] {dag.py:3239} INFO - Sync 1 DAGs
[2024-09-28T07:49:58.956+0000] {logging_mixin.py:190} INFO - [2024-09-28T07:49:58.956+0000] {dag.py:4180} INFO - Setting next_dagrun for example_skip_dag to 2024-09-27 00:00:00+00:00, run_after=2024-09-28 00:00:00+00:00
[2024-09-28T07:49:58.965+0000] {processor.py:208} INFO - Processing /home/airflow/.local/lib/python3.12/site-packages/airflow/example_dags/example_skip_dag.py took 0.044 seconds
[2024-09-28T07:50:29.160+0000] {processor.py:186} INFO - Started process (PID=1938) to work on /home/airflow/.local/lib/python3.12/site-packages/airflow/example_dags/example_skip_dag.py
[2024-09-28T07:50:29.161+0000] {processor.py:914} INFO - Processing file /home/airflow/.local/lib/python3.12/site-packages/airflow/example_dags/example_skip_dag.py for tasks to queue
[2024-09-28T07:50:29.163+0000] {logging_mixin.py:190} INFO - [2024-09-28T07:50:29.163+0000] {dagbag.py:588} INFO - Filling up the DagBag from /home/airflow/.local/lib/python3.12/site-packages/airflow/example_dags/example_skip_dag.py
[2024-09-28T07:50:29.171+0000] {processor.py:925} INFO - DAG(s) 'example_skip_dag' retrieved from /home/airflow/.local/lib/python3.12/site-packages/airflow/example_dags/example_skip_dag.py
[2024-09-28T07:50:29.184+0000] {logging_mixin.py:190} INFO - [2024-09-28T07:50:29.184+0000] {dag.py:3239} INFO - Sync 1 DAGs
[2024-09-28T07:50:29.196+0000] {logging_mixin.py:190} INFO - [2024-09-28T07:50:29.196+0000] {dag.py:4180} INFO - Setting next_dagrun for example_skip_dag to 2024-09-27 00:00:00+00:00, run_after=2024-09-28 00:00:00+00:00
[2024-09-28T07:50:29.205+0000] {processor.py:208} INFO - Processing /home/airflow/.local/lib/python3.12/site-packages/airflow/example_dags/example_skip_dag.py took 0.048 seconds
[2024-09-28T07:50:59.541+0000] {processor.py:186} INFO - Started process (PID=2224) to work on /home/airflow/.local/lib/python3.12/site-packages/airflow/example_dags/example_skip_dag.py
[2024-09-28T07:50:59.542+0000] {processor.py:914} INFO - Processing file /home/airflow/.local/lib/python3.12/site-packages/airflow/example_dags/example_skip_dag.py for tasks to queue
[2024-09-28T07:50:59.543+0000] {logging_mixin.py:190} INFO - [2024-09-28T07:50:59.543+0000] {dagbag.py:588} INFO - Filling up the DagBag from /home/airflow/.local/lib/python3.12/site-packages/airflow/example_dags/example_skip_dag.py
[2024-09-28T07:50:59.548+0000] {processor.py:925} INFO - DAG(s) 'example_skip_dag' retrieved from /home/airflow/.local/lib/python3.12/site-packages/airflow/example_dags/example_skip_dag.py
[2024-09-28T07:50:59.559+0000] {logging_mixin.py:190} INFO - [2024-09-28T07:50:59.559+0000] {dag.py:3239} INFO - Sync 1 DAGs
[2024-09-28T07:50:59.571+0000] {logging_mixin.py:190} INFO - [2024-09-28T07:50:59.571+0000] {dag.py:4180} INFO - Setting next_dagrun for example_skip_dag to 2024-09-27 00:00:00+00:00, run_after=2024-09-28 00:00:00+00:00
[2024-09-28T07:50:59.580+0000] {processor.py:208} INFO - Processing /home/airflow/.local/lib/python3.12/site-packages/airflow/example_dags/example_skip_dag.py took 0.042 seconds
[2024-09-28T07:51:29.843+0000] {processor.py:186} INFO - Started process (PID=2514) to work on /home/airflow/.local/lib/python3.12/site-packages/airflow/example_dags/example_skip_dag.py
[2024-09-28T07:51:29.844+0000] {processor.py:914} INFO - Processing file /home/airflow/.local/lib/python3.12/site-packages/airflow/example_dags/example_skip_dag.py for tasks to queue
[2024-09-28T07:51:29.845+0000] {logging_mixin.py:190} INFO - [2024-09-28T07:51:29.845+0000] {dagbag.py:588} INFO - Filling up the DagBag from /home/airflow/.local/lib/python3.12/site-packages/airflow/example_dags/example_skip_dag.py
[2024-09-28T07:51:29.850+0000] {processor.py:925} INFO - DAG(s) 'example_skip_dag' retrieved from /home/airflow/.local/lib/python3.12/site-packages/airflow/example_dags/example_skip_dag.py
[2024-09-28T07:51:29.865+0000] {logging_mixin.py:190} INFO - [2024-09-28T07:51:29.865+0000] {dag.py:3239} INFO - Sync 1 DAGs
[2024-09-28T07:51:29.875+0000] {logging_mixin.py:190} INFO - [2024-09-28T07:51:29.875+0000] {dag.py:4180} INFO - Setting next_dagrun for example_skip_dag to 2024-09-27 00:00:00+00:00, run_after=2024-09-28 00:00:00+00:00
[2024-09-28T07:51:29.882+0000] {processor.py:208} INFO - Processing /home/airflow/.local/lib/python3.12/site-packages/airflow/example_dags/example_skip_dag.py took 0.042 seconds
[2024-09-28T07:52:00.016+0000] {processor.py:186} INFO - Started process (PID=2798) to work on /home/airflow/.local/lib/python3.12/site-packages/airflow/example_dags/example_skip_dag.py
[2024-09-28T07:52:00.019+0000] {processor.py:914} INFO - Processing file /home/airflow/.local/lib/python3.12/site-packages/airflow/example_dags/example_skip_dag.py for tasks to queue
[2024-09-28T07:52:00.021+0000] {logging_mixin.py:190} INFO - [2024-09-28T07:52:00.021+0000] {dagbag.py:588} INFO - Filling up the DagBag from /home/airflow/.local/lib/python3.12/site-packages/airflow/example_dags/example_skip_dag.py
[2024-09-28T07:52:00.025+0000] {processor.py:925} INFO - DAG(s) 'example_skip_dag' retrieved from /home/airflow/.local/lib/python3.12/site-packages/airflow/example_dags/example_skip_dag.py
[2024-09-28T07:52:00.036+0000] {logging_mixin.py:190} INFO - [2024-09-28T07:52:00.036+0000] {dag.py:3239} INFO - Sync 1 DAGs
[2024-09-28T07:52:00.047+0000] {logging_mixin.py:190} INFO - [2024-09-28T07:52:00.047+0000] {dag.py:4180} INFO - Setting next_dagrun for example_skip_dag to 2024-09-27 00:00:00+00:00, run_after=2024-09-28 00:00:00+00:00
[2024-09-28T07:52:00.055+0000] {processor.py:208} INFO - Processing /home/airflow/.local/lib/python3.12/site-packages/airflow/example_dags/example_skip_dag.py took 0.043 seconds
[2024-09-28T07:52:31.145+0000] {processor.py:186} INFO - Started process (PID=3086) to work on /home/airflow/.local/lib/python3.12/site-packages/airflow/example_dags/example_skip_dag.py
[2024-09-28T07:52:31.148+0000] {processor.py:914} INFO - Processing file /home/airflow/.local/lib/python3.12/site-packages/airflow/example_dags/example_skip_dag.py for tasks to queue
[2024-09-28T07:52:31.150+0000] {logging_mixin.py:190} INFO - [2024-09-28T07:52:31.150+0000] {dagbag.py:588} INFO - Filling up the DagBag from /home/airflow/.local/lib/python3.12/site-packages/airflow/example_dags/example_skip_dag.py
[2024-09-28T07:52:31.155+0000] {processor.py:925} INFO - DAG(s) 'example_skip_dag' retrieved from /home/airflow/.local/lib/python3.12/site-packages/airflow/example_dags/example_skip_dag.py
[2024-09-28T07:52:31.167+0000] {logging_mixin.py:190} INFO - [2024-09-28T07:52:31.167+0000] {dag.py:3239} INFO - Sync 1 DAGs
[2024-09-28T07:52:31.179+0000] {logging_mixin.py:190} INFO - [2024-09-28T07:52:31.179+0000] {dag.py:4180} INFO - Setting next_dagrun for example_skip_dag to 2024-09-27 00:00:00+00:00, run_after=2024-09-28 00:00:00+00:00
[2024-09-28T07:52:31.188+0000] {processor.py:208} INFO - Processing /home/airflow/.local/lib/python3.12/site-packages/airflow/example_dags/example_skip_dag.py took 0.047 seconds
[2024-09-28T07:53:01.449+0000] {processor.py:186} INFO - Started process (PID=3372) to work on /home/airflow/.local/lib/python3.12/site-packages/airflow/example_dags/example_skip_dag.py
[2024-09-28T07:53:01.450+0000] {processor.py:914} INFO - Processing file /home/airflow/.local/lib/python3.12/site-packages/airflow/example_dags/example_skip_dag.py for tasks to queue
[2024-09-28T07:53:01.451+0000] {logging_mixin.py:190} INFO - [2024-09-28T07:53:01.451+0000] {dagbag.py:588} INFO - Filling up the DagBag from /home/airflow/.local/lib/python3.12/site-packages/airflow/example_dags/example_skip_dag.py
[2024-09-28T07:53:01.455+0000] {processor.py:925} INFO - DAG(s) 'example_skip_dag' retrieved from /home/airflow/.local/lib/python3.12/site-packages/airflow/example_dags/example_skip_dag.py
[2024-09-28T07:53:01.465+0000] {logging_mixin.py:190} INFO - [2024-09-28T07:53:01.465+0000] {dag.py:3239} INFO - Sync 1 DAGs
[2024-09-28T07:53:01.475+0000] {logging_mixin.py:190} INFO - [2024-09-28T07:53:01.475+0000] {dag.py:4180} INFO - Setting next_dagrun for example_skip_dag to 2024-09-27 00:00:00+00:00, run_after=2024-09-28 00:00:00+00:00
[2024-09-28T07:53:01.482+0000] {processor.py:208} INFO - Processing /home/airflow/.local/lib/python3.12/site-packages/airflow/example_dags/example_skip_dag.py took 0.036 seconds
[2024-09-28T07:53:31.758+0000] {processor.py:186} INFO - Started process (PID=3658) to work on /home/airflow/.local/lib/python3.12/site-packages/airflow/example_dags/example_skip_dag.py
[2024-09-28T07:53:31.760+0000] {processor.py:914} INFO - Processing file /home/airflow/.local/lib/python3.12/site-packages/airflow/example_dags/example_skip_dag.py for tasks to queue
[2024-09-28T07:53:31.762+0000] {logging_mixin.py:190} INFO - [2024-09-28T07:53:31.762+0000] {dagbag.py:588} INFO - Filling up the DagBag from /home/airflow/.local/lib/python3.12/site-packages/airflow/example_dags/example_skip_dag.py
[2024-09-28T07:53:31.768+0000] {processor.py:925} INFO - DAG(s) 'example_skip_dag' retrieved from /home/airflow/.local/lib/python3.12/site-packages/airflow/example_dags/example_skip_dag.py
[2024-09-28T07:53:31.780+0000] {logging_mixin.py:190} INFO - [2024-09-28T07:53:31.780+0000] {dag.py:3239} INFO - Sync 1 DAGs
[2024-09-28T07:53:31.793+0000] {logging_mixin.py:190} INFO - [2024-09-28T07:53:31.793+0000] {dag.py:4180} INFO - Setting next_dagrun for example_skip_dag to 2024-09-27 00:00:00+00:00, run_after=2024-09-28 00:00:00+00:00
[2024-09-28T07:53:31.805+0000] {processor.py:208} INFO - Processing /home/airflow/.local/lib/python3.12/site-packages/airflow/example_dags/example_skip_dag.py took 0.052 seconds
[2024-09-28T07:54:01.984+0000] {processor.py:186} INFO - Started process (PID=3944) to work on /home/airflow/.local/lib/python3.12/site-packages/airflow/example_dags/example_skip_dag.py
[2024-09-28T07:54:01.984+0000] {processor.py:914} INFO - Processing file /home/airflow/.local/lib/python3.12/site-packages/airflow/example_dags/example_skip_dag.py for tasks to queue
[2024-09-28T07:54:01.986+0000] {logging_mixin.py:190} INFO - [2024-09-28T07:54:01.986+0000] {dagbag.py:588} INFO - Filling up the DagBag from /home/airflow/.local/lib/python3.12/site-packages/airflow/example_dags/example_skip_dag.py
[2024-09-28T07:54:01.991+0000] {processor.py:925} INFO - DAG(s) 'example_skip_dag' retrieved from /home/airflow/.local/lib/python3.12/site-packages/airflow/example_dags/example_skip_dag.py
[2024-09-28T07:54:02.004+0000] {logging_mixin.py:190} INFO - [2024-09-28T07:54:02.004+0000] {dag.py:3239} INFO - Sync 1 DAGs
[2024-09-28T07:54:02.018+0000] {logging_mixin.py:190} INFO - [2024-09-28T07:54:02.018+0000] {dag.py:4180} INFO - Setting next_dagrun for example_skip_dag to 2024-09-27 00:00:00+00:00, run_after=2024-09-28 00:00:00+00:00
[2024-09-28T07:54:02.028+0000] {processor.py:208} INFO - Processing /home/airflow/.local/lib/python3.12/site-packages/airflow/example_dags/example_skip_dag.py took 0.047 seconds
[2024-09-28T07:54:32.242+0000] {processor.py:186} INFO - Started process (PID=4230) to work on /home/airflow/.local/lib/python3.12/site-packages/airflow/example_dags/example_skip_dag.py
[2024-09-28T07:54:32.243+0000] {processor.py:914} INFO - Processing file /home/airflow/.local/lib/python3.12/site-packages/airflow/example_dags/example_skip_dag.py for tasks to queue
[2024-09-28T07:54:32.244+0000] {logging_mixin.py:190} INFO - [2024-09-28T07:54:32.244+0000] {dagbag.py:588} INFO - Filling up the DagBag from /home/airflow/.local/lib/python3.12/site-packages/airflow/example_dags/example_skip_dag.py
[2024-09-28T07:54:32.248+0000] {processor.py:925} INFO - DAG(s) 'example_skip_dag' retrieved from /home/airflow/.local/lib/python3.12/site-packages/airflow/example_dags/example_skip_dag.py
[2024-09-28T07:54:32.258+0000] {logging_mixin.py:190} INFO - [2024-09-28T07:54:32.258+0000] {dag.py:3239} INFO - Sync 1 DAGs
[2024-09-28T07:54:32.268+0000] {logging_mixin.py:190} INFO - [2024-09-28T07:54:32.268+0000] {dag.py:4180} INFO - Setting next_dagrun for example_skip_dag to 2024-09-27 00:00:00+00:00, run_after=2024-09-28 00:00:00+00:00
[2024-09-28T07:54:32.275+0000] {processor.py:208} INFO - Processing /home/airflow/.local/lib/python3.12/site-packages/airflow/example_dags/example_skip_dag.py took 0.036 seconds
[2024-09-28T07:55:02.885+0000] {processor.py:186} INFO - Started process (PID=4516) to work on /home/airflow/.local/lib/python3.12/site-packages/airflow/example_dags/example_skip_dag.py
[2024-09-28T07:55:02.885+0000] {processor.py:914} INFO - Processing file /home/airflow/.local/lib/python3.12/site-packages/airflow/example_dags/example_skip_dag.py for tasks to queue
[2024-09-28T07:55:02.887+0000] {logging_mixin.py:190} INFO - [2024-09-28T07:55:02.886+0000] {dagbag.py:588} INFO - Filling up the DagBag from /home/airflow/.local/lib/python3.12/site-packages/airflow/example_dags/example_skip_dag.py
[2024-09-28T07:55:02.891+0000] {processor.py:925} INFO - DAG(s) 'example_skip_dag' retrieved from /home/airflow/.local/lib/python3.12/site-packages/airflow/example_dags/example_skip_dag.py
[2024-09-28T07:55:02.904+0000] {logging_mixin.py:190} INFO - [2024-09-28T07:55:02.904+0000] {dag.py:3239} INFO - Sync 1 DAGs
[2024-09-28T07:55:02.916+0000] {logging_mixin.py:190} INFO - [2024-09-28T07:55:02.916+0000] {dag.py:4180} INFO - Setting next_dagrun for example_skip_dag to 2024-09-27 00:00:00+00:00, run_after=2024-09-28 00:00:00+00:00
[2024-09-28T07:55:02.925+0000] {processor.py:208} INFO - Processing /home/airflow/.local/lib/python3.12/site-packages/airflow/example_dags/example_skip_dag.py took 0.043 seconds
[2024-09-28T07:55:33.177+0000] {processor.py:186} INFO - Started process (PID=4802) to work on /home/airflow/.local/lib/python3.12/site-packages/airflow/example_dags/example_skip_dag.py
[2024-09-28T07:55:33.178+0000] {processor.py:914} INFO - Processing file /home/airflow/.local/lib/python3.12/site-packages/airflow/example_dags/example_skip_dag.py for tasks to queue
[2024-09-28T07:55:33.179+0000] {logging_mixin.py:190} INFO - [2024-09-28T07:55:33.179+0000] {dagbag.py:588} INFO - Filling up the DagBag from /home/airflow/.local/lib/python3.12/site-packages/airflow/example_dags/example_skip_dag.py
[2024-09-28T07:55:33.183+0000] {processor.py:925} INFO - DAG(s) 'example_skip_dag' retrieved from /home/airflow/.local/lib/python3.12/site-packages/airflow/example_dags/example_skip_dag.py
[2024-09-28T07:55:33.195+0000] {logging_mixin.py:190} INFO - [2024-09-28T07:55:33.195+0000] {dag.py:3239} INFO - Sync 1 DAGs
[2024-09-28T07:55:33.206+0000] {logging_mixin.py:190} INFO - [2024-09-28T07:55:33.206+0000] {dag.py:4180} INFO - Setting next_dagrun for example_skip_dag to 2024-09-27 00:00:00+00:00, run_after=2024-09-28 00:00:00+00:00
[2024-09-28T07:55:33.216+0000] {processor.py:208} INFO - Processing /home/airflow/.local/lib/python3.12/site-packages/airflow/example_dags/example_skip_dag.py took 0.042 seconds
[2024-09-28T07:56:03.590+0000] {processor.py:186} INFO - Started process (PID=5088) to work on /home/airflow/.local/lib/python3.12/site-packages/airflow/example_dags/example_skip_dag.py
[2024-09-28T07:56:03.590+0000] {processor.py:914} INFO - Processing file /home/airflow/.local/lib/python3.12/site-packages/airflow/example_dags/example_skip_dag.py for tasks to queue
[2024-09-28T07:56:03.591+0000] {logging_mixin.py:190} INFO - [2024-09-28T07:56:03.591+0000] {dagbag.py:588} INFO - Filling up the DagBag from /home/airflow/.local/lib/python3.12/site-packages/airflow/example_dags/example_skip_dag.py
[2024-09-28T07:56:03.596+0000] {processor.py:925} INFO - DAG(s) 'example_skip_dag' retrieved from /home/airflow/.local/lib/python3.12/site-packages/airflow/example_dags/example_skip_dag.py
[2024-09-28T07:56:03.606+0000] {logging_mixin.py:190} INFO - [2024-09-28T07:56:03.606+0000] {dag.py:3239} INFO - Sync 1 DAGs
[2024-09-28T07:56:03.616+0000] {logging_mixin.py:190} INFO - [2024-09-28T07:56:03.616+0000] {dag.py:4180} INFO - Setting next_dagrun for example_skip_dag to 2024-09-27 00:00:00+00:00, run_after=2024-09-28 00:00:00+00:00
[2024-09-28T07:56:03.623+0000] {processor.py:208} INFO - Processing /home/airflow/.local/lib/python3.12/site-packages/airflow/example_dags/example_skip_dag.py took 0.036 seconds
[2024-09-28T07:56:33.966+0000] {processor.py:186} INFO - Started process (PID=5374) to work on /home/airflow/.local/lib/python3.12/site-packages/airflow/example_dags/example_skip_dag.py
[2024-09-28T07:56:33.966+0000] {processor.py:914} INFO - Processing file /home/airflow/.local/lib/python3.12/site-packages/airflow/example_dags/example_skip_dag.py for tasks to queue
[2024-09-28T07:56:33.968+0000] {logging_mixin.py:190} INFO - [2024-09-28T07:56:33.968+0000] {dagbag.py:588} INFO - Filling up the DagBag from /home/airflow/.local/lib/python3.12/site-packages/airflow/example_dags/example_skip_dag.py
[2024-09-28T07:56:33.972+0000] {processor.py:925} INFO - DAG(s) 'example_skip_dag' retrieved from /home/airflow/.local/lib/python3.12/site-packages/airflow/example_dags/example_skip_dag.py
[2024-09-28T07:56:33.982+0000] {logging_mixin.py:190} INFO - [2024-09-28T07:56:33.982+0000] {dag.py:3239} INFO - Sync 1 DAGs
[2024-09-28T07:56:33.993+0000] {logging_mixin.py:190} INFO - [2024-09-28T07:56:33.993+0000] {dag.py:4180} INFO - Setting next_dagrun for example_skip_dag to 2024-09-27 00:00:00+00:00, run_after=2024-09-28 00:00:00+00:00
[2024-09-28T07:56:34.000+0000] {processor.py:208} INFO - Processing /home/airflow/.local/lib/python3.12/site-packages/airflow/example_dags/example_skip_dag.py took 0.039 seconds
[2024-09-28T07:57:04.274+0000] {processor.py:186} INFO - Started process (PID=5658) to work on /home/airflow/.local/lib/python3.12/site-packages/airflow/example_dags/example_skip_dag.py
[2024-09-28T07:57:04.275+0000] {processor.py:914} INFO - Processing file /home/airflow/.local/lib/python3.12/site-packages/airflow/example_dags/example_skip_dag.py for tasks to queue
[2024-09-28T07:57:04.276+0000] {logging_mixin.py:190} INFO - [2024-09-28T07:57:04.276+0000] {dagbag.py:588} INFO - Filling up the DagBag from /home/airflow/.local/lib/python3.12/site-packages/airflow/example_dags/example_skip_dag.py
[2024-09-28T07:57:04.281+0000] {processor.py:925} INFO - DAG(s) 'example_skip_dag' retrieved from /home/airflow/.local/lib/python3.12/site-packages/airflow/example_dags/example_skip_dag.py
[2024-09-28T07:57:04.292+0000] {logging_mixin.py:190} INFO - [2024-09-28T07:57:04.291+0000] {dag.py:3239} INFO - Sync 1 DAGs
[2024-09-28T07:57:04.303+0000] {logging_mixin.py:190} INFO - [2024-09-28T07:57:04.303+0000] {dag.py:4180} INFO - Setting next_dagrun for example_skip_dag to 2024-09-27 00:00:00+00:00, run_after=2024-09-28 00:00:00+00:00
[2024-09-28T07:57:04.312+0000] {processor.py:208} INFO - Processing /home/airflow/.local/lib/python3.12/site-packages/airflow/example_dags/example_skip_dag.py took 0.041 seconds
[2024-09-28T07:57:34.636+0000] {processor.py:186} INFO - Started process (PID=5946) to work on /home/airflow/.local/lib/python3.12/site-packages/airflow/example_dags/example_skip_dag.py
[2024-09-28T07:57:34.637+0000] {processor.py:914} INFO - Processing file /home/airflow/.local/lib/python3.12/site-packages/airflow/example_dags/example_skip_dag.py for tasks to queue
[2024-09-28T07:57:34.638+0000] {logging_mixin.py:190} INFO - [2024-09-28T07:57:34.638+0000] {dagbag.py:588} INFO - Filling up the DagBag from /home/airflow/.local/lib/python3.12/site-packages/airflow/example_dags/example_skip_dag.py
[2024-09-28T07:57:34.642+0000] {processor.py:925} INFO - DAG(s) 'example_skip_dag' retrieved from /home/airflow/.local/lib/python3.12/site-packages/airflow/example_dags/example_skip_dag.py
[2024-09-28T07:57:34.652+0000] {logging_mixin.py:190} INFO - [2024-09-28T07:57:34.651+0000] {dag.py:3239} INFO - Sync 1 DAGs
[2024-09-28T07:57:34.661+0000] {logging_mixin.py:190} INFO - [2024-09-28T07:57:34.661+0000] {dag.py:4180} INFO - Setting next_dagrun for example_skip_dag to 2024-09-27 00:00:00+00:00, run_after=2024-09-28 00:00:00+00:00
[2024-09-28T07:57:34.668+0000] {processor.py:208} INFO - Processing /home/airflow/.local/lib/python3.12/site-packages/airflow/example_dags/example_skip_dag.py took 0.035 seconds
[2024-09-28T07:58:04.858+0000] {processor.py:186} INFO - Started process (PID=6231) to work on /home/airflow/.local/lib/python3.12/site-packages/airflow/example_dags/example_skip_dag.py
[2024-09-28T07:58:04.859+0000] {processor.py:914} INFO - Processing file /home/airflow/.local/lib/python3.12/site-packages/airflow/example_dags/example_skip_dag.py for tasks to queue
[2024-09-28T07:58:04.860+0000] {logging_mixin.py:190} INFO - [2024-09-28T07:58:04.860+0000] {dagbag.py:588} INFO - Filling up the DagBag from /home/airflow/.local/lib/python3.12/site-packages/airflow/example_dags/example_skip_dag.py
[2024-09-28T07:58:04.864+0000] {processor.py:925} INFO - DAG(s) 'example_skip_dag' retrieved from /home/airflow/.local/lib/python3.12/site-packages/airflow/example_dags/example_skip_dag.py
[2024-09-28T07:58:04.875+0000] {logging_mixin.py:190} INFO - [2024-09-28T07:58:04.875+0000] {dag.py:3239} INFO - Sync 1 DAGs
[2024-09-28T07:58:04.885+0000] {logging_mixin.py:190} INFO - [2024-09-28T07:58:04.885+0000] {dag.py:4180} INFO - Setting next_dagrun for example_skip_dag to 2024-09-27 00:00:00+00:00, run_after=2024-09-28 00:00:00+00:00
[2024-09-28T07:58:04.893+0000] {processor.py:208} INFO - Processing /home/airflow/.local/lib/python3.12/site-packages/airflow/example_dags/example_skip_dag.py took 0.038 seconds
[2024-09-28T07:58:35.245+0000] {processor.py:186} INFO - Started process (PID=6517) to work on /home/airflow/.local/lib/python3.12/site-packages/airflow/example_dags/example_skip_dag.py
[2024-09-28T07:58:35.245+0000] {processor.py:914} INFO - Processing file /home/airflow/.local/lib/python3.12/site-packages/airflow/example_dags/example_skip_dag.py for tasks to queue
[2024-09-28T07:58:35.247+0000] {logging_mixin.py:190} INFO - [2024-09-28T07:58:35.247+0000] {dagbag.py:588} INFO - Filling up the DagBag from /home/airflow/.local/lib/python3.12/site-packages/airflow/example_dags/example_skip_dag.py
[2024-09-28T07:58:35.253+0000] {processor.py:925} INFO - DAG(s) 'example_skip_dag' retrieved from /home/airflow/.local/lib/python3.12/site-packages/airflow/example_dags/example_skip_dag.py
[2024-09-28T07:58:35.266+0000] {logging_mixin.py:190} INFO - [2024-09-28T07:58:35.266+0000] {dag.py:3239} INFO - Sync 1 DAGs
[2024-09-28T07:58:35.279+0000] {logging_mixin.py:190} INFO - [2024-09-28T07:58:35.279+0000] {dag.py:4180} INFO - Setting next_dagrun for example_skip_dag to 2024-09-27 00:00:00+00:00, run_after=2024-09-28 00:00:00+00:00
[2024-09-28T07:58:35.293+0000] {processor.py:208} INFO - Processing /home/airflow/.local/lib/python3.12/site-packages/airflow/example_dags/example_skip_dag.py took 0.054 seconds
[2024-09-28T07:59:05.566+0000] {processor.py:186} INFO - Started process (PID=6803) to work on /home/airflow/.local/lib/python3.12/site-packages/airflow/example_dags/example_skip_dag.py
[2024-09-28T07:59:05.568+0000] {processor.py:914} INFO - Processing file /home/airflow/.local/lib/python3.12/site-packages/airflow/example_dags/example_skip_dag.py for tasks to queue
[2024-09-28T07:59:05.569+0000] {logging_mixin.py:190} INFO - [2024-09-28T07:59:05.569+0000] {dagbag.py:588} INFO - Filling up the DagBag from /home/airflow/.local/lib/python3.12/site-packages/airflow/example_dags/example_skip_dag.py
[2024-09-28T07:59:05.574+0000] {processor.py:925} INFO - DAG(s) 'example_skip_dag' retrieved from /home/airflow/.local/lib/python3.12/site-packages/airflow/example_dags/example_skip_dag.py
[2024-09-28T07:59:05.593+0000] {logging_mixin.py:190} INFO - [2024-09-28T07:59:05.593+0000] {dag.py:3239} INFO - Sync 1 DAGs
[2024-09-28T07:59:05.618+0000] {logging_mixin.py:190} INFO - [2024-09-28T07:59:05.618+0000] {dag.py:4180} INFO - Setting next_dagrun for example_skip_dag to 2024-09-27 00:00:00+00:00, run_after=2024-09-28 00:00:00+00:00
[2024-09-28T07:59:05.635+0000] {processor.py:208} INFO - Processing /home/airflow/.local/lib/python3.12/site-packages/airflow/example_dags/example_skip_dag.py took 0.072 seconds
[2024-09-28T07:59:36.200+0000] {processor.py:186} INFO - Started process (PID=7089) to work on /home/airflow/.local/lib/python3.12/site-packages/airflow/example_dags/example_skip_dag.py
[2024-09-28T07:59:36.201+0000] {processor.py:914} INFO - Processing file /home/airflow/.local/lib/python3.12/site-packages/airflow/example_dags/example_skip_dag.py for tasks to queue
[2024-09-28T07:59:36.203+0000] {logging_mixin.py:190} INFO - [2024-09-28T07:59:36.203+0000] {dagbag.py:588} INFO - Filling up the DagBag from /home/airflow/.local/lib/python3.12/site-packages/airflow/example_dags/example_skip_dag.py
[2024-09-28T07:59:36.207+0000] {processor.py:925} INFO - DAG(s) 'example_skip_dag' retrieved from /home/airflow/.local/lib/python3.12/site-packages/airflow/example_dags/example_skip_dag.py
[2024-09-28T07:59:36.221+0000] {logging_mixin.py:190} INFO - [2024-09-28T07:59:36.220+0000] {dag.py:3239} INFO - Sync 1 DAGs
[2024-09-28T07:59:36.233+0000] {logging_mixin.py:190} INFO - [2024-09-28T07:59:36.233+0000] {dag.py:4180} INFO - Setting next_dagrun for example_skip_dag to 2024-09-27 00:00:00+00:00, run_after=2024-09-28 00:00:00+00:00
[2024-09-28T07:59:36.246+0000] {processor.py:208} INFO - Processing /home/airflow/.local/lib/python3.12/site-packages/airflow/example_dags/example_skip_dag.py took 0.049 seconds
[2024-09-28T08:00:06.558+0000] {processor.py:186} INFO - Started process (PID=7375) to work on /home/airflow/.local/lib/python3.12/site-packages/airflow/example_dags/example_skip_dag.py
[2024-09-28T08:00:06.559+0000] {processor.py:914} INFO - Processing file /home/airflow/.local/lib/python3.12/site-packages/airflow/example_dags/example_skip_dag.py for tasks to queue
[2024-09-28T08:00:06.560+0000] {logging_mixin.py:190} INFO - [2024-09-28T08:00:06.559+0000] {dagbag.py:588} INFO - Filling up the DagBag from /home/airflow/.local/lib/python3.12/site-packages/airflow/example_dags/example_skip_dag.py
[2024-09-28T08:00:06.564+0000] {processor.py:925} INFO - DAG(s) 'example_skip_dag' retrieved from /home/airflow/.local/lib/python3.12/site-packages/airflow/example_dags/example_skip_dag.py
[2024-09-28T08:00:06.574+0000] {logging_mixin.py:190} INFO - [2024-09-28T08:00:06.574+0000] {dag.py:3239} INFO - Sync 1 DAGs
[2024-09-28T08:00:06.584+0000] {logging_mixin.py:190} INFO - [2024-09-28T08:00:06.584+0000] {dag.py:4180} INFO - Setting next_dagrun for example_skip_dag to 2024-09-27 00:00:00+00:00, run_after=2024-09-28 00:00:00+00:00
[2024-09-28T08:00:06.592+0000] {processor.py:208} INFO - Processing /home/airflow/.local/lib/python3.12/site-packages/airflow/example_dags/example_skip_dag.py took 0.036 seconds
[2024-09-28T08:00:36.874+0000] {processor.py:186} INFO - Started process (PID=7661) to work on /home/airflow/.local/lib/python3.12/site-packages/airflow/example_dags/example_skip_dag.py
[2024-09-28T08:00:36.875+0000] {processor.py:914} INFO - Processing file /home/airflow/.local/lib/python3.12/site-packages/airflow/example_dags/example_skip_dag.py for tasks to queue
[2024-09-28T08:00:36.877+0000] {logging_mixin.py:190} INFO - [2024-09-28T08:00:36.876+0000] {dagbag.py:588} INFO - Filling up the DagBag from /home/airflow/.local/lib/python3.12/site-packages/airflow/example_dags/example_skip_dag.py
[2024-09-28T08:00:36.886+0000] {processor.py:925} INFO - DAG(s) 'example_skip_dag' retrieved from /home/airflow/.local/lib/python3.12/site-packages/airflow/example_dags/example_skip_dag.py
[2024-09-28T08:00:36.900+0000] {logging_mixin.py:190} INFO - [2024-09-28T08:00:36.899+0000] {dag.py:3239} INFO - Sync 1 DAGs
[2024-09-28T08:00:36.910+0000] {logging_mixin.py:190} INFO - [2024-09-28T08:00:36.910+0000] {dag.py:4180} INFO - Setting next_dagrun for example_skip_dag to 2024-09-27 00:00:00+00:00, run_after=2024-09-28 00:00:00+00:00
[2024-09-28T08:00:36.920+0000] {processor.py:208} INFO - Processing /home/airflow/.local/lib/python3.12/site-packages/airflow/example_dags/example_skip_dag.py took 0.049 seconds
[2024-09-28T08:01:07.520+0000] {processor.py:186} INFO - Started process (PID=7947) to work on /home/airflow/.local/lib/python3.12/site-packages/airflow/example_dags/example_skip_dag.py
[2024-09-28T08:01:07.521+0000] {processor.py:914} INFO - Processing file /home/airflow/.local/lib/python3.12/site-packages/airflow/example_dags/example_skip_dag.py for tasks to queue
[2024-09-28T08:01:07.522+0000] {logging_mixin.py:190} INFO - [2024-09-28T08:01:07.522+0000] {dagbag.py:588} INFO - Filling up the DagBag from /home/airflow/.local/lib/python3.12/site-packages/airflow/example_dags/example_skip_dag.py
[2024-09-28T08:01:07.526+0000] {processor.py:925} INFO - DAG(s) 'example_skip_dag' retrieved from /home/airflow/.local/lib/python3.12/site-packages/airflow/example_dags/example_skip_dag.py
[2024-09-28T08:01:07.539+0000] {logging_mixin.py:190} INFO - [2024-09-28T08:01:07.539+0000] {dag.py:3239} INFO - Sync 1 DAGs
[2024-09-28T08:01:07.554+0000] {logging_mixin.py:190} INFO - [2024-09-28T08:01:07.554+0000] {dag.py:4180} INFO - Setting next_dagrun for example_skip_dag to 2024-09-27 00:00:00+00:00, run_after=2024-09-28 00:00:00+00:00
[2024-09-28T08:01:07.564+0000] {processor.py:208} INFO - Processing /home/airflow/.local/lib/python3.12/site-packages/airflow/example_dags/example_skip_dag.py took 0.047 seconds
[2024-09-28T08:01:38.096+0000] {processor.py:186} INFO - Started process (PID=8233) to work on /home/airflow/.local/lib/python3.12/site-packages/airflow/example_dags/example_skip_dag.py
[2024-09-28T08:01:38.096+0000] {processor.py:914} INFO - Processing file /home/airflow/.local/lib/python3.12/site-packages/airflow/example_dags/example_skip_dag.py for tasks to queue
[2024-09-28T08:01:38.098+0000] {logging_mixin.py:190} INFO - [2024-09-28T08:01:38.097+0000] {dagbag.py:588} INFO - Filling up the DagBag from /home/airflow/.local/lib/python3.12/site-packages/airflow/example_dags/example_skip_dag.py
[2024-09-28T08:01:38.102+0000] {processor.py:925} INFO - DAG(s) 'example_skip_dag' retrieved from /home/airflow/.local/lib/python3.12/site-packages/airflow/example_dags/example_skip_dag.py
[2024-09-28T08:01:38.117+0000] {logging_mixin.py:190} INFO - [2024-09-28T08:01:38.117+0000] {dag.py:3239} INFO - Sync 1 DAGs
[2024-09-28T08:01:38.133+0000] {logging_mixin.py:190} INFO - [2024-09-28T08:01:38.132+0000] {dag.py:4180} INFO - Setting next_dagrun for example_skip_dag to 2024-09-27 00:00:00+00:00, run_after=2024-09-28 00:00:00+00:00
[2024-09-28T08:01:38.142+0000] {processor.py:208} INFO - Processing /home/airflow/.local/lib/python3.12/site-packages/airflow/example_dags/example_skip_dag.py took 0.050 seconds
[2024-09-28T08:02:08.807+0000] {processor.py:186} INFO - Started process (PID=8519) to work on /home/airflow/.local/lib/python3.12/site-packages/airflow/example_dags/example_skip_dag.py
[2024-09-28T08:02:08.808+0000] {processor.py:914} INFO - Processing file /home/airflow/.local/lib/python3.12/site-packages/airflow/example_dags/example_skip_dag.py for tasks to queue
[2024-09-28T08:02:08.810+0000] {logging_mixin.py:190} INFO - [2024-09-28T08:02:08.809+0000] {dagbag.py:588} INFO - Filling up the DagBag from /home/airflow/.local/lib/python3.12/site-packages/airflow/example_dags/example_skip_dag.py
[2024-09-28T08:02:08.814+0000] {processor.py:925} INFO - DAG(s) 'example_skip_dag' retrieved from /home/airflow/.local/lib/python3.12/site-packages/airflow/example_dags/example_skip_dag.py
[2024-09-28T08:02:08.827+0000] {logging_mixin.py:190} INFO - [2024-09-28T08:02:08.827+0000] {dag.py:3239} INFO - Sync 1 DAGs
[2024-09-28T08:02:08.841+0000] {logging_mixin.py:190} INFO - [2024-09-28T08:02:08.841+0000] {dag.py:4180} INFO - Setting next_dagrun for example_skip_dag to 2024-09-27 00:00:00+00:00, run_after=2024-09-28 00:00:00+00:00
[2024-09-28T08:02:08.850+0000] {processor.py:208} INFO - Processing /home/airflow/.local/lib/python3.12/site-packages/airflow/example_dags/example_skip_dag.py took 0.046 seconds
[2024-09-28T08:02:39.538+0000] {processor.py:186} INFO - Started process (PID=8805) to work on /home/airflow/.local/lib/python3.12/site-packages/airflow/example_dags/example_skip_dag.py
[2024-09-28T08:02:39.539+0000] {processor.py:914} INFO - Processing file /home/airflow/.local/lib/python3.12/site-packages/airflow/example_dags/example_skip_dag.py for tasks to queue
[2024-09-28T08:02:39.541+0000] {logging_mixin.py:190} INFO - [2024-09-28T08:02:39.540+0000] {dagbag.py:588} INFO - Filling up the DagBag from /home/airflow/.local/lib/python3.12/site-packages/airflow/example_dags/example_skip_dag.py
[2024-09-28T08:02:39.546+0000] {processor.py:925} INFO - DAG(s) 'example_skip_dag' retrieved from /home/airflow/.local/lib/python3.12/site-packages/airflow/example_dags/example_skip_dag.py
[2024-09-28T08:02:39.557+0000] {logging_mixin.py:190} INFO - [2024-09-28T08:02:39.557+0000] {dag.py:3239} INFO - Sync 1 DAGs
[2024-09-28T08:02:39.567+0000] {logging_mixin.py:190} INFO - [2024-09-28T08:02:39.566+0000] {dag.py:4180} INFO - Setting next_dagrun for example_skip_dag to 2024-09-27 00:00:00+00:00, run_after=2024-09-28 00:00:00+00:00
[2024-09-28T08:02:39.574+0000] {processor.py:208} INFO - Processing /home/airflow/.local/lib/python3.12/site-packages/airflow/example_dags/example_skip_dag.py took 0.038 seconds
[2024-09-28T08:03:10.119+0000] {processor.py:186} INFO - Started process (PID=9091) to work on /home/airflow/.local/lib/python3.12/site-packages/airflow/example_dags/example_skip_dag.py
[2024-09-28T08:03:10.120+0000] {processor.py:914} INFO - Processing file /home/airflow/.local/lib/python3.12/site-packages/airflow/example_dags/example_skip_dag.py for tasks to queue
[2024-09-28T08:03:10.122+0000] {logging_mixin.py:190} INFO - [2024-09-28T08:03:10.121+0000] {dagbag.py:588} INFO - Filling up the DagBag from /home/airflow/.local/lib/python3.12/site-packages/airflow/example_dags/example_skip_dag.py
[2024-09-28T08:03:10.127+0000] {processor.py:925} INFO - DAG(s) 'example_skip_dag' retrieved from /home/airflow/.local/lib/python3.12/site-packages/airflow/example_dags/example_skip_dag.py
[2024-09-28T08:03:10.141+0000] {logging_mixin.py:190} INFO - [2024-09-28T08:03:10.141+0000] {dag.py:3239} INFO - Sync 1 DAGs
[2024-09-28T08:03:10.154+0000] {logging_mixin.py:190} INFO - [2024-09-28T08:03:10.154+0000] {dag.py:4180} INFO - Setting next_dagrun for example_skip_dag to 2024-09-27 00:00:00+00:00, run_after=2024-09-28 00:00:00+00:00
[2024-09-28T08:03:10.162+0000] {processor.py:208} INFO - Processing /home/airflow/.local/lib/python3.12/site-packages/airflow/example_dags/example_skip_dag.py took 0.048 seconds
[2024-09-28T08:03:40.623+0000] {processor.py:186} INFO - Started process (PID=9377) to work on /home/airflow/.local/lib/python3.12/site-packages/airflow/example_dags/example_skip_dag.py
[2024-09-28T08:03:40.623+0000] {processor.py:914} INFO - Processing file /home/airflow/.local/lib/python3.12/site-packages/airflow/example_dags/example_skip_dag.py for tasks to queue
[2024-09-28T08:03:40.625+0000] {logging_mixin.py:190} INFO - [2024-09-28T08:03:40.625+0000] {dagbag.py:588} INFO - Filling up the DagBag from /home/airflow/.local/lib/python3.12/site-packages/airflow/example_dags/example_skip_dag.py
[2024-09-28T08:03:40.630+0000] {processor.py:925} INFO - DAG(s) 'example_skip_dag' retrieved from /home/airflow/.local/lib/python3.12/site-packages/airflow/example_dags/example_skip_dag.py
[2024-09-28T08:03:40.641+0000] {logging_mixin.py:190} INFO - [2024-09-28T08:03:40.641+0000] {dag.py:3239} INFO - Sync 1 DAGs
[2024-09-28T08:03:40.652+0000] {logging_mixin.py:190} INFO - [2024-09-28T08:03:40.652+0000] {dag.py:4180} INFO - Setting next_dagrun for example_skip_dag to 2024-09-27 00:00:00+00:00, run_after=2024-09-28 00:00:00+00:00
[2024-09-28T08:03:40.659+0000] {processor.py:208} INFO - Processing /home/airflow/.local/lib/python3.12/site-packages/airflow/example_dags/example_skip_dag.py took 0.041 seconds
[2024-09-28T08:04:11.175+0000] {processor.py:186} INFO - Started process (PID=9663) to work on /home/airflow/.local/lib/python3.12/site-packages/airflow/example_dags/example_skip_dag.py
[2024-09-28T08:04:11.176+0000] {processor.py:914} INFO - Processing file /home/airflow/.local/lib/python3.12/site-packages/airflow/example_dags/example_skip_dag.py for tasks to queue
[2024-09-28T08:04:11.178+0000] {logging_mixin.py:190} INFO - [2024-09-28T08:04:11.178+0000] {dagbag.py:588} INFO - Filling up the DagBag from /home/airflow/.local/lib/python3.12/site-packages/airflow/example_dags/example_skip_dag.py
[2024-09-28T08:04:11.186+0000] {processor.py:925} INFO - DAG(s) 'example_skip_dag' retrieved from /home/airflow/.local/lib/python3.12/site-packages/airflow/example_dags/example_skip_dag.py
[2024-09-28T08:04:11.201+0000] {logging_mixin.py:190} INFO - [2024-09-28T08:04:11.201+0000] {dag.py:3239} INFO - Sync 1 DAGs
[2024-09-28T08:04:11.216+0000] {logging_mixin.py:190} INFO - [2024-09-28T08:04:11.216+0000] {dag.py:4180} INFO - Setting next_dagrun for example_skip_dag to 2024-09-27 00:00:00+00:00, run_after=2024-09-28 00:00:00+00:00
[2024-09-28T08:04:11.226+0000] {processor.py:208} INFO - Processing /home/airflow/.local/lib/python3.12/site-packages/airflow/example_dags/example_skip_dag.py took 0.055 seconds
[2024-09-28T08:04:41.843+0000] {processor.py:186} INFO - Started process (PID=9949) to work on /home/airflow/.local/lib/python3.12/site-packages/airflow/example_dags/example_skip_dag.py
[2024-09-28T08:04:41.844+0000] {processor.py:914} INFO - Processing file /home/airflow/.local/lib/python3.12/site-packages/airflow/example_dags/example_skip_dag.py for tasks to queue
[2024-09-28T08:04:41.846+0000] {logging_mixin.py:190} INFO - [2024-09-28T08:04:41.846+0000] {dagbag.py:588} INFO - Filling up the DagBag from /home/airflow/.local/lib/python3.12/site-packages/airflow/example_dags/example_skip_dag.py
[2024-09-28T08:04:41.851+0000] {processor.py:925} INFO - DAG(s) 'example_skip_dag' retrieved from /home/airflow/.local/lib/python3.12/site-packages/airflow/example_dags/example_skip_dag.py
[2024-09-28T08:04:41.865+0000] {logging_mixin.py:190} INFO - [2024-09-28T08:04:41.865+0000] {dag.py:3239} INFO - Sync 1 DAGs
[2024-09-28T08:04:41.876+0000] {logging_mixin.py:190} INFO - [2024-09-28T08:04:41.876+0000] {dag.py:4180} INFO - Setting next_dagrun for example_skip_dag to 2024-09-27 00:00:00+00:00, run_after=2024-09-28 00:00:00+00:00
[2024-09-28T08:04:41.883+0000] {processor.py:208} INFO - Processing /home/airflow/.local/lib/python3.12/site-packages/airflow/example_dags/example_skip_dag.py took 0.043 seconds
[2024-09-28T08:05:12.317+0000] {processor.py:186} INFO - Started process (PID=10235) to work on /home/airflow/.local/lib/python3.12/site-packages/airflow/example_dags/example_skip_dag.py
[2024-09-28T08:05:12.318+0000] {processor.py:914} INFO - Processing file /home/airflow/.local/lib/python3.12/site-packages/airflow/example_dags/example_skip_dag.py for tasks to queue
[2024-09-28T08:05:12.319+0000] {logging_mixin.py:190} INFO - [2024-09-28T08:05:12.319+0000] {dagbag.py:588} INFO - Filling up the DagBag from /home/airflow/.local/lib/python3.12/site-packages/airflow/example_dags/example_skip_dag.py
[2024-09-28T08:05:12.324+0000] {processor.py:925} INFO - DAG(s) 'example_skip_dag' retrieved from /home/airflow/.local/lib/python3.12/site-packages/airflow/example_dags/example_skip_dag.py
[2024-09-28T08:05:12.335+0000] {logging_mixin.py:190} INFO - [2024-09-28T08:05:12.335+0000] {dag.py:3239} INFO - Sync 1 DAGs
[2024-09-28T08:05:12.346+0000] {logging_mixin.py:190} INFO - [2024-09-28T08:05:12.345+0000] {dag.py:4180} INFO - Setting next_dagrun for example_skip_dag to 2024-09-27 00:00:00+00:00, run_after=2024-09-28 00:00:00+00:00
[2024-09-28T08:05:12.353+0000] {processor.py:208} INFO - Processing /home/airflow/.local/lib/python3.12/site-packages/airflow/example_dags/example_skip_dag.py took 0.039 seconds
[2024-09-28T08:05:42.772+0000] {processor.py:186} INFO - Started process (PID=10521) to work on /home/airflow/.local/lib/python3.12/site-packages/airflow/example_dags/example_skip_dag.py
[2024-09-28T08:05:42.773+0000] {processor.py:914} INFO - Processing file /home/airflow/.local/lib/python3.12/site-packages/airflow/example_dags/example_skip_dag.py for tasks to queue
[2024-09-28T08:05:42.775+0000] {logging_mixin.py:190} INFO - [2024-09-28T08:05:42.775+0000] {dagbag.py:588} INFO - Filling up the DagBag from /home/airflow/.local/lib/python3.12/site-packages/airflow/example_dags/example_skip_dag.py
[2024-09-28T08:05:42.782+0000] {processor.py:925} INFO - DAG(s) 'example_skip_dag' retrieved from /home/airflow/.local/lib/python3.12/site-packages/airflow/example_dags/example_skip_dag.py
[2024-09-28T08:05:42.792+0000] {logging_mixin.py:190} INFO - [2024-09-28T08:05:42.792+0000] {dag.py:3239} INFO - Sync 1 DAGs
[2024-09-28T08:05:42.803+0000] {logging_mixin.py:190} INFO - [2024-09-28T08:05:42.802+0000] {dag.py:4180} INFO - Setting next_dagrun for example_skip_dag to 2024-09-27 00:00:00+00:00, run_after=2024-09-28 00:00:00+00:00
[2024-09-28T08:05:42.809+0000] {processor.py:208} INFO - Processing /home/airflow/.local/lib/python3.12/site-packages/airflow/example_dags/example_skip_dag.py took 0.040 seconds
[2024-09-28T08:06:13.319+0000] {processor.py:186} INFO - Started process (PID=10807) to work on /home/airflow/.local/lib/python3.12/site-packages/airflow/example_dags/example_skip_dag.py
[2024-09-28T08:06:13.323+0000] {processor.py:914} INFO - Processing file /home/airflow/.local/lib/python3.12/site-packages/airflow/example_dags/example_skip_dag.py for tasks to queue
[2024-09-28T08:06:13.324+0000] {logging_mixin.py:190} INFO - [2024-09-28T08:06:13.324+0000] {dagbag.py:588} INFO - Filling up the DagBag from /home/airflow/.local/lib/python3.12/site-packages/airflow/example_dags/example_skip_dag.py
[2024-09-28T08:06:13.329+0000] {processor.py:925} INFO - DAG(s) 'example_skip_dag' retrieved from /home/airflow/.local/lib/python3.12/site-packages/airflow/example_dags/example_skip_dag.py
[2024-09-28T08:06:13.341+0000] {logging_mixin.py:190} INFO - [2024-09-28T08:06:13.341+0000] {dag.py:3239} INFO - Sync 1 DAGs
[2024-09-28T08:06:13.352+0000] {logging_mixin.py:190} INFO - [2024-09-28T08:06:13.352+0000] {dag.py:4180} INFO - Setting next_dagrun for example_skip_dag to 2024-09-27 00:00:00+00:00, run_after=2024-09-28 00:00:00+00:00
[2024-09-28T08:06:13.360+0000] {processor.py:208} INFO - Processing /home/airflow/.local/lib/python3.12/site-packages/airflow/example_dags/example_skip_dag.py took 0.051 seconds
[2024-09-28T08:06:44.385+0000] {processor.py:186} INFO - Started process (PID=11093) to work on /home/airflow/.local/lib/python3.12/site-packages/airflow/example_dags/example_skip_dag.py
[2024-09-28T08:06:44.385+0000] {processor.py:914} INFO - Processing file /home/airflow/.local/lib/python3.12/site-packages/airflow/example_dags/example_skip_dag.py for tasks to queue
[2024-09-28T08:06:44.387+0000] {logging_mixin.py:190} INFO - [2024-09-28T08:06:44.387+0000] {dagbag.py:588} INFO - Filling up the DagBag from /home/airflow/.local/lib/python3.12/site-packages/airflow/example_dags/example_skip_dag.py
[2024-09-28T08:06:44.391+0000] {processor.py:925} INFO - DAG(s) 'example_skip_dag' retrieved from /home/airflow/.local/lib/python3.12/site-packages/airflow/example_dags/example_skip_dag.py
[2024-09-28T08:06:44.404+0000] {logging_mixin.py:190} INFO - [2024-09-28T08:06:44.403+0000] {dag.py:3239} INFO - Sync 1 DAGs
[2024-09-28T08:06:44.416+0000] {logging_mixin.py:190} INFO - [2024-09-28T08:06:44.416+0000] {dag.py:4180} INFO - Setting next_dagrun for example_skip_dag to 2024-09-27 00:00:00+00:00, run_after=2024-09-28 00:00:00+00:00
[2024-09-28T08:06:44.423+0000] {processor.py:208} INFO - Processing /home/airflow/.local/lib/python3.12/site-packages/airflow/example_dags/example_skip_dag.py took 0.043 seconds
[2024-09-28T08:07:15.366+0000] {processor.py:186} INFO - Started process (PID=11379) to work on /home/airflow/.local/lib/python3.12/site-packages/airflow/example_dags/example_skip_dag.py
[2024-09-28T08:07:15.367+0000] {processor.py:914} INFO - Processing file /home/airflow/.local/lib/python3.12/site-packages/airflow/example_dags/example_skip_dag.py for tasks to queue
[2024-09-28T08:07:15.369+0000] {logging_mixin.py:190} INFO - [2024-09-28T08:07:15.369+0000] {dagbag.py:588} INFO - Filling up the DagBag from /home/airflow/.local/lib/python3.12/site-packages/airflow/example_dags/example_skip_dag.py
[2024-09-28T08:07:15.374+0000] {processor.py:925} INFO - DAG(s) 'example_skip_dag' retrieved from /home/airflow/.local/lib/python3.12/site-packages/airflow/example_dags/example_skip_dag.py
[2024-09-28T08:07:15.385+0000] {logging_mixin.py:190} INFO - [2024-09-28T08:07:15.385+0000] {dag.py:3239} INFO - Sync 1 DAGs
[2024-09-28T08:07:15.396+0000] {logging_mixin.py:190} INFO - [2024-09-28T08:07:15.396+0000] {dag.py:4180} INFO - Setting next_dagrun for example_skip_dag to 2024-09-27 00:00:00+00:00, run_after=2024-09-28 00:00:00+00:00
[2024-09-28T08:07:15.404+0000] {processor.py:208} INFO - Processing /home/airflow/.local/lib/python3.12/site-packages/airflow/example_dags/example_skip_dag.py took 0.042 seconds
[2024-09-28T08:07:45.978+0000] {processor.py:186} INFO - Started process (PID=11665) to work on /home/airflow/.local/lib/python3.12/site-packages/airflow/example_dags/example_skip_dag.py
[2024-09-28T08:07:45.979+0000] {processor.py:914} INFO - Processing file /home/airflow/.local/lib/python3.12/site-packages/airflow/example_dags/example_skip_dag.py for tasks to queue
[2024-09-28T08:07:45.981+0000] {logging_mixin.py:190} INFO - [2024-09-28T08:07:45.980+0000] {dagbag.py:588} INFO - Filling up the DagBag from /home/airflow/.local/lib/python3.12/site-packages/airflow/example_dags/example_skip_dag.py
[2024-09-28T08:07:45.985+0000] {processor.py:925} INFO - DAG(s) 'example_skip_dag' retrieved from /home/airflow/.local/lib/python3.12/site-packages/airflow/example_dags/example_skip_dag.py
[2024-09-28T08:07:45.995+0000] {logging_mixin.py:190} INFO - [2024-09-28T08:07:45.995+0000] {dag.py:3239} INFO - Sync 1 DAGs
[2024-09-28T08:07:46.006+0000] {logging_mixin.py:190} INFO - [2024-09-28T08:07:46.006+0000] {dag.py:4180} INFO - Setting next_dagrun for example_skip_dag to 2024-09-27 00:00:00+00:00, run_after=2024-09-28 00:00:00+00:00
[2024-09-28T08:07:46.014+0000] {processor.py:208} INFO - Processing /home/airflow/.local/lib/python3.12/site-packages/airflow/example_dags/example_skip_dag.py took 0.039 seconds
