[2024-09-28T07:47:27.520+0000] {processor.py:186} INFO - Started process (PID=274) to work on /home/airflow/.local/lib/python3.12/site-packages/airflow/example_dags/example_dynamic_task_mapping.py
[2024-09-28T07:47:27.521+0000] {processor.py:914} INFO - Processing file /home/airflow/.local/lib/python3.12/site-packages/airflow/example_dags/example_dynamic_task_mapping.py for tasks to queue
[2024-09-28T07:47:27.523+0000] {logging_mixin.py:190} INFO - [2024-09-28T07:47:27.522+0000] {dagbag.py:588} INFO - Filling up the DagBag from /home/airflow/.local/lib/python3.12/site-packages/airflow/example_dags/example_dynamic_task_mapping.py
[2024-09-28T07:47:27.529+0000] {processor.py:925} INFO - DAG(s) 'example_dynamic_task_mapping' retrieved from /home/airflow/.local/lib/python3.12/site-packages/airflow/example_dags/example_dynamic_task_mapping.py
[2024-09-28T07:47:27.583+0000] {logging_mixin.py:190} INFO - [2024-09-28T07:47:27.582+0000] {override.py:1900} INFO - Created Permission View: can delete on DAG:example_dynamic_task_mapping
[2024-09-28T07:47:27.587+0000] {logging_mixin.py:190} INFO - [2024-09-28T07:47:27.587+0000] {override.py:1900} INFO - Created Permission View: can edit on DAG:example_dynamic_task_mapping
[2024-09-28T07:47:27.590+0000] {logging_mixin.py:190} INFO - [2024-09-28T07:47:27.590+0000] {override.py:1900} INFO - Created Permission View: can read on DAG:example_dynamic_task_mapping
[2024-09-28T07:47:27.594+0000] {logging_mixin.py:190} INFO - [2024-09-28T07:47:27.594+0000] {override.py:1900} INFO - Created Permission View: menu access on DAG Run:example_dynamic_task_mapping
[2024-09-28T07:47:27.596+0000] {logging_mixin.py:190} INFO - [2024-09-28T07:47:27.596+0000] {override.py:1900} INFO - Created Permission View: can delete on DAG Run:example_dynamic_task_mapping
[2024-09-28T07:47:27.599+0000] {logging_mixin.py:190} INFO - [2024-09-28T07:47:27.599+0000] {override.py:1900} INFO - Created Permission View: can create on DAG Run:example_dynamic_task_mapping
[2024-09-28T07:47:27.601+0000] {logging_mixin.py:190} INFO - [2024-09-28T07:47:27.601+0000] {override.py:1900} INFO - Created Permission View: can read on DAG Run:example_dynamic_task_mapping
[2024-09-28T07:47:27.602+0000] {logging_mixin.py:190} INFO - [2024-09-28T07:47:27.602+0000] {dag.py:3239} INFO - Sync 1 DAGs
[2024-09-28T07:47:27.608+0000] {logging_mixin.py:190} INFO - [2024-09-28T07:47:27.608+0000] {dag.py:3262} INFO - Creating ORM DAG for example_dynamic_task_mapping
[2024-09-28T07:47:27.609+0000] {logging_mixin.py:190} INFO - [2024-09-28T07:47:27.609+0000] {dag.py:4180} INFO - Setting next_dagrun for example_dynamic_task_mapping to None, run_after=None
[2024-09-28T07:47:27.615+0000] {processor.py:208} INFO - Processing /home/airflow/.local/lib/python3.12/site-packages/airflow/example_dags/example_dynamic_task_mapping.py took 0.099 seconds
[2024-09-28T07:47:58.471+0000] {processor.py:186} INFO - Started process (PID=559) to work on /home/airflow/.local/lib/python3.12/site-packages/airflow/example_dags/example_dynamic_task_mapping.py
[2024-09-28T07:47:58.471+0000] {processor.py:914} INFO - Processing file /home/airflow/.local/lib/python3.12/site-packages/airflow/example_dags/example_dynamic_task_mapping.py for tasks to queue
[2024-09-28T07:47:58.473+0000] {logging_mixin.py:190} INFO - [2024-09-28T07:47:58.473+0000] {dagbag.py:588} INFO - Filling up the DagBag from /home/airflow/.local/lib/python3.12/site-packages/airflow/example_dags/example_dynamic_task_mapping.py
[2024-09-28T07:47:58.480+0000] {processor.py:925} INFO - DAG(s) 'example_dynamic_task_mapping' retrieved from /home/airflow/.local/lib/python3.12/site-packages/airflow/example_dags/example_dynamic_task_mapping.py
[2024-09-28T07:47:58.495+0000] {logging_mixin.py:190} INFO - [2024-09-28T07:47:58.495+0000] {dag.py:3239} INFO - Sync 1 DAGs
[2024-09-28T07:47:58.506+0000] {logging_mixin.py:190} INFO - [2024-09-28T07:47:58.506+0000] {dag.py:4180} INFO - Setting next_dagrun for example_dynamic_task_mapping to None, run_after=None
[2024-09-28T07:47:58.516+0000] {processor.py:208} INFO - Processing /home/airflow/.local/lib/python3.12/site-packages/airflow/example_dags/example_dynamic_task_mapping.py took 0.049 seconds
[2024-09-28T07:48:28.888+0000] {processor.py:186} INFO - Started process (PID=845) to work on /home/airflow/.local/lib/python3.12/site-packages/airflow/example_dags/example_dynamic_task_mapping.py
[2024-09-28T07:48:28.890+0000] {processor.py:914} INFO - Processing file /home/airflow/.local/lib/python3.12/site-packages/airflow/example_dags/example_dynamic_task_mapping.py for tasks to queue
[2024-09-28T07:48:28.892+0000] {logging_mixin.py:190} INFO - [2024-09-28T07:48:28.891+0000] {dagbag.py:588} INFO - Filling up the DagBag from /home/airflow/.local/lib/python3.12/site-packages/airflow/example_dags/example_dynamic_task_mapping.py
[2024-09-28T07:48:28.896+0000] {processor.py:925} INFO - DAG(s) 'example_dynamic_task_mapping' retrieved from /home/airflow/.local/lib/python3.12/site-packages/airflow/example_dags/example_dynamic_task_mapping.py
[2024-09-28T07:48:28.909+0000] {logging_mixin.py:190} INFO - [2024-09-28T07:48:28.909+0000] {dag.py:3239} INFO - Sync 1 DAGs
[2024-09-28T07:48:28.917+0000] {logging_mixin.py:190} INFO - [2024-09-28T07:48:28.917+0000] {dag.py:4180} INFO - Setting next_dagrun for example_dynamic_task_mapping to None, run_after=None
[2024-09-28T07:48:28.928+0000] {processor.py:208} INFO - Processing /home/airflow/.local/lib/python3.12/site-packages/airflow/example_dags/example_dynamic_task_mapping.py took 0.044 seconds
[2024-09-28T07:48:59.187+0000] {processor.py:186} INFO - Started process (PID=1130) to work on /home/airflow/.local/lib/python3.12/site-packages/airflow/example_dags/example_dynamic_task_mapping.py
[2024-09-28T07:48:59.188+0000] {processor.py:914} INFO - Processing file /home/airflow/.local/lib/python3.12/site-packages/airflow/example_dags/example_dynamic_task_mapping.py for tasks to queue
[2024-09-28T07:48:59.189+0000] {logging_mixin.py:190} INFO - [2024-09-28T07:48:59.189+0000] {dagbag.py:588} INFO - Filling up the DagBag from /home/airflow/.local/lib/python3.12/site-packages/airflow/example_dags/example_dynamic_task_mapping.py
[2024-09-28T07:48:59.194+0000] {processor.py:925} INFO - DAG(s) 'example_dynamic_task_mapping' retrieved from /home/airflow/.local/lib/python3.12/site-packages/airflow/example_dags/example_dynamic_task_mapping.py
[2024-09-28T07:48:59.203+0000] {logging_mixin.py:190} INFO - [2024-09-28T07:48:59.203+0000] {dag.py:3239} INFO - Sync 1 DAGs
[2024-09-28T07:48:59.210+0000] {logging_mixin.py:190} INFO - [2024-09-28T07:48:59.210+0000] {dag.py:4180} INFO - Setting next_dagrun for example_dynamic_task_mapping to None, run_after=None
[2024-09-28T07:48:59.218+0000] {processor.py:208} INFO - Processing /home/airflow/.local/lib/python3.12/site-packages/airflow/example_dags/example_dynamic_task_mapping.py took 0.034 seconds
[2024-09-28T07:49:29.363+0000] {processor.py:186} INFO - Started process (PID=1439) to work on /home/airflow/.local/lib/python3.12/site-packages/airflow/example_dags/example_dynamic_task_mapping.py
[2024-09-28T07:49:29.365+0000] {processor.py:914} INFO - Processing file /home/airflow/.local/lib/python3.12/site-packages/airflow/example_dags/example_dynamic_task_mapping.py for tasks to queue
[2024-09-28T07:49:29.366+0000] {logging_mixin.py:190} INFO - [2024-09-28T07:49:29.366+0000] {dagbag.py:588} INFO - Filling up the DagBag from /home/airflow/.local/lib/python3.12/site-packages/airflow/example_dags/example_dynamic_task_mapping.py
[2024-09-28T07:49:29.370+0000] {processor.py:925} INFO - DAG(s) 'example_dynamic_task_mapping' retrieved from /home/airflow/.local/lib/python3.12/site-packages/airflow/example_dags/example_dynamic_task_mapping.py
[2024-09-28T07:49:29.380+0000] {logging_mixin.py:190} INFO - [2024-09-28T07:49:29.380+0000] {dag.py:3239} INFO - Sync 1 DAGs
[2024-09-28T07:49:29.387+0000] {logging_mixin.py:190} INFO - [2024-09-28T07:49:29.386+0000] {dag.py:4180} INFO - Setting next_dagrun for example_dynamic_task_mapping to None, run_after=None
[2024-09-28T07:49:29.394+0000] {processor.py:208} INFO - Processing /home/airflow/.local/lib/python3.12/site-packages/airflow/example_dags/example_dynamic_task_mapping.py took 0.034 seconds
[2024-09-28T07:49:59.459+0000] {processor.py:186} INFO - Started process (PID=1725) to work on /home/airflow/.local/lib/python3.12/site-packages/airflow/example_dags/example_dynamic_task_mapping.py
[2024-09-28T07:49:59.459+0000] {processor.py:914} INFO - Processing file /home/airflow/.local/lib/python3.12/site-packages/airflow/example_dags/example_dynamic_task_mapping.py for tasks to queue
[2024-09-28T07:49:59.461+0000] {logging_mixin.py:190} INFO - [2024-09-28T07:49:59.461+0000] {dagbag.py:588} INFO - Filling up the DagBag from /home/airflow/.local/lib/python3.12/site-packages/airflow/example_dags/example_dynamic_task_mapping.py
[2024-09-28T07:49:59.466+0000] {processor.py:925} INFO - DAG(s) 'example_dynamic_task_mapping' retrieved from /home/airflow/.local/lib/python3.12/site-packages/airflow/example_dags/example_dynamic_task_mapping.py
[2024-09-28T07:49:59.478+0000] {logging_mixin.py:190} INFO - [2024-09-28T07:49:59.478+0000] {dag.py:3239} INFO - Sync 1 DAGs
[2024-09-28T07:49:59.486+0000] {logging_mixin.py:190} INFO - [2024-09-28T07:49:59.486+0000] {dag.py:4180} INFO - Setting next_dagrun for example_dynamic_task_mapping to None, run_after=None
[2024-09-28T07:49:59.496+0000] {processor.py:208} INFO - Processing /home/airflow/.local/lib/python3.12/site-packages/airflow/example_dags/example_dynamic_task_mapping.py took 0.044 seconds
[2024-09-28T07:50:29.892+0000] {processor.py:186} INFO - Started process (PID=2019) to work on /home/airflow/.local/lib/python3.12/site-packages/airflow/example_dags/example_dynamic_task_mapping.py
[2024-09-28T07:50:29.893+0000] {processor.py:914} INFO - Processing file /home/airflow/.local/lib/python3.12/site-packages/airflow/example_dags/example_dynamic_task_mapping.py for tasks to queue
[2024-09-28T07:50:29.894+0000] {logging_mixin.py:190} INFO - [2024-09-28T07:50:29.894+0000] {dagbag.py:588} INFO - Filling up the DagBag from /home/airflow/.local/lib/python3.12/site-packages/airflow/example_dags/example_dynamic_task_mapping.py
[2024-09-28T07:50:29.899+0000] {processor.py:925} INFO - DAG(s) 'example_dynamic_task_mapping' retrieved from /home/airflow/.local/lib/python3.12/site-packages/airflow/example_dags/example_dynamic_task_mapping.py
[2024-09-28T07:50:29.908+0000] {logging_mixin.py:190} INFO - [2024-09-28T07:50:29.908+0000] {dag.py:3239} INFO - Sync 1 DAGs
[2024-09-28T07:50:29.915+0000] {logging_mixin.py:190} INFO - [2024-09-28T07:50:29.915+0000] {dag.py:4180} INFO - Setting next_dagrun for example_dynamic_task_mapping to None, run_after=None
[2024-09-28T07:50:29.922+0000] {processor.py:208} INFO - Processing /home/airflow/.local/lib/python3.12/site-packages/airflow/example_dags/example_dynamic_task_mapping.py took 0.034 seconds
[2024-09-28T07:51:00.167+0000] {processor.py:186} INFO - Started process (PID=2304) to work on /home/airflow/.local/lib/python3.12/site-packages/airflow/example_dags/example_dynamic_task_mapping.py
[2024-09-28T07:51:00.168+0000] {processor.py:914} INFO - Processing file /home/airflow/.local/lib/python3.12/site-packages/airflow/example_dags/example_dynamic_task_mapping.py for tasks to queue
[2024-09-28T07:51:00.170+0000] {logging_mixin.py:190} INFO - [2024-09-28T07:51:00.169+0000] {dagbag.py:588} INFO - Filling up the DagBag from /home/airflow/.local/lib/python3.12/site-packages/airflow/example_dags/example_dynamic_task_mapping.py
[2024-09-28T07:51:00.175+0000] {processor.py:925} INFO - DAG(s) 'example_dynamic_task_mapping' retrieved from /home/airflow/.local/lib/python3.12/site-packages/airflow/example_dags/example_dynamic_task_mapping.py
[2024-09-28T07:51:00.186+0000] {logging_mixin.py:190} INFO - [2024-09-28T07:51:00.186+0000] {dag.py:3239} INFO - Sync 1 DAGs
[2024-09-28T07:51:00.194+0000] {logging_mixin.py:190} INFO - [2024-09-28T07:51:00.194+0000] {dag.py:4180} INFO - Setting next_dagrun for example_dynamic_task_mapping to None, run_after=None
[2024-09-28T07:51:00.203+0000] {processor.py:208} INFO - Processing /home/airflow/.local/lib/python3.12/site-packages/airflow/example_dags/example_dynamic_task_mapping.py took 0.039 seconds
[2024-09-28T07:51:30.378+0000] {processor.py:186} INFO - Started process (PID=2587) to work on /home/airflow/.local/lib/python3.12/site-packages/airflow/example_dags/example_dynamic_task_mapping.py
[2024-09-28T07:51:30.381+0000] {processor.py:914} INFO - Processing file /home/airflow/.local/lib/python3.12/site-packages/airflow/example_dags/example_dynamic_task_mapping.py for tasks to queue
[2024-09-28T07:51:30.382+0000] {logging_mixin.py:190} INFO - [2024-09-28T07:51:30.382+0000] {dagbag.py:588} INFO - Filling up the DagBag from /home/airflow/.local/lib/python3.12/site-packages/airflow/example_dags/example_dynamic_task_mapping.py
[2024-09-28T07:51:30.388+0000] {processor.py:925} INFO - DAG(s) 'example_dynamic_task_mapping' retrieved from /home/airflow/.local/lib/python3.12/site-packages/airflow/example_dags/example_dynamic_task_mapping.py
[2024-09-28T07:51:30.398+0000] {logging_mixin.py:190} INFO - [2024-09-28T07:51:30.398+0000] {dag.py:3239} INFO - Sync 1 DAGs
[2024-09-28T07:51:30.405+0000] {logging_mixin.py:190} INFO - [2024-09-28T07:51:30.404+0000] {dag.py:4180} INFO - Setting next_dagrun for example_dynamic_task_mapping to None, run_after=None
[2024-09-28T07:51:30.413+0000] {processor.py:208} INFO - Processing /home/airflow/.local/lib/python3.12/site-packages/airflow/example_dags/example_dynamic_task_mapping.py took 0.038 seconds
[2024-09-28T07:52:00.513+0000] {processor.py:186} INFO - Started process (PID=2873) to work on /home/airflow/.local/lib/python3.12/site-packages/airflow/example_dags/example_dynamic_task_mapping.py
[2024-09-28T07:52:00.514+0000] {processor.py:914} INFO - Processing file /home/airflow/.local/lib/python3.12/site-packages/airflow/example_dags/example_dynamic_task_mapping.py for tasks to queue
[2024-09-28T07:52:00.515+0000] {logging_mixin.py:190} INFO - [2024-09-28T07:52:00.515+0000] {dagbag.py:588} INFO - Filling up the DagBag from /home/airflow/.local/lib/python3.12/site-packages/airflow/example_dags/example_dynamic_task_mapping.py
[2024-09-28T07:52:00.520+0000] {processor.py:925} INFO - DAG(s) 'example_dynamic_task_mapping' retrieved from /home/airflow/.local/lib/python3.12/site-packages/airflow/example_dags/example_dynamic_task_mapping.py
[2024-09-28T07:52:00.530+0000] {logging_mixin.py:190} INFO - [2024-09-28T07:52:00.529+0000] {dag.py:3239} INFO - Sync 1 DAGs
[2024-09-28T07:52:00.537+0000] {logging_mixin.py:190} INFO - [2024-09-28T07:52:00.536+0000] {dag.py:4180} INFO - Setting next_dagrun for example_dynamic_task_mapping to None, run_after=None
[2024-09-28T07:52:00.545+0000] {processor.py:208} INFO - Processing /home/airflow/.local/lib/python3.12/site-packages/airflow/example_dags/example_dynamic_task_mapping.py took 0.035 seconds
[2024-09-28T07:52:31.763+0000] {processor.py:186} INFO - Started process (PID=3159) to work on /home/airflow/.local/lib/python3.12/site-packages/airflow/example_dags/example_dynamic_task_mapping.py
[2024-09-28T07:52:31.766+0000] {processor.py:914} INFO - Processing file /home/airflow/.local/lib/python3.12/site-packages/airflow/example_dags/example_dynamic_task_mapping.py for tasks to queue
[2024-09-28T07:52:31.767+0000] {logging_mixin.py:190} INFO - [2024-09-28T07:52:31.767+0000] {dagbag.py:588} INFO - Filling up the DagBag from /home/airflow/.local/lib/python3.12/site-packages/airflow/example_dags/example_dynamic_task_mapping.py
[2024-09-28T07:52:31.772+0000] {processor.py:925} INFO - DAG(s) 'example_dynamic_task_mapping' retrieved from /home/airflow/.local/lib/python3.12/site-packages/airflow/example_dags/example_dynamic_task_mapping.py
[2024-09-28T07:52:31.781+0000] {logging_mixin.py:190} INFO - [2024-09-28T07:52:31.781+0000] {dag.py:3239} INFO - Sync 1 DAGs
[2024-09-28T07:52:31.789+0000] {logging_mixin.py:190} INFO - [2024-09-28T07:52:31.788+0000] {dag.py:4180} INFO - Setting next_dagrun for example_dynamic_task_mapping to None, run_after=None
[2024-09-28T07:52:31.797+0000] {processor.py:208} INFO - Processing /home/airflow/.local/lib/python3.12/site-packages/airflow/example_dags/example_dynamic_task_mapping.py took 0.037 seconds
[2024-09-28T07:53:01.987+0000] {processor.py:186} INFO - Started process (PID=3445) to work on /home/airflow/.local/lib/python3.12/site-packages/airflow/example_dags/example_dynamic_task_mapping.py
[2024-09-28T07:53:01.988+0000] {processor.py:914} INFO - Processing file /home/airflow/.local/lib/python3.12/site-packages/airflow/example_dags/example_dynamic_task_mapping.py for tasks to queue
[2024-09-28T07:53:01.989+0000] {logging_mixin.py:190} INFO - [2024-09-28T07:53:01.989+0000] {dagbag.py:588} INFO - Filling up the DagBag from /home/airflow/.local/lib/python3.12/site-packages/airflow/example_dags/example_dynamic_task_mapping.py
[2024-09-28T07:53:01.993+0000] {processor.py:925} INFO - DAG(s) 'example_dynamic_task_mapping' retrieved from /home/airflow/.local/lib/python3.12/site-packages/airflow/example_dags/example_dynamic_task_mapping.py
[2024-09-28T07:53:02.003+0000] {logging_mixin.py:190} INFO - [2024-09-28T07:53:02.002+0000] {dag.py:3239} INFO - Sync 1 DAGs
[2024-09-28T07:53:02.010+0000] {logging_mixin.py:190} INFO - [2024-09-28T07:53:02.010+0000] {dag.py:4180} INFO - Setting next_dagrun for example_dynamic_task_mapping to None, run_after=None
[2024-09-28T07:53:02.018+0000] {processor.py:208} INFO - Processing /home/airflow/.local/lib/python3.12/site-packages/airflow/example_dags/example_dynamic_task_mapping.py took 0.034 seconds
[2024-09-28T07:53:32.389+0000] {processor.py:186} INFO - Started process (PID=3731) to work on /home/airflow/.local/lib/python3.12/site-packages/airflow/example_dags/example_dynamic_task_mapping.py
[2024-09-28T07:53:32.391+0000] {processor.py:914} INFO - Processing file /home/airflow/.local/lib/python3.12/site-packages/airflow/example_dags/example_dynamic_task_mapping.py for tasks to queue
[2024-09-28T07:53:32.392+0000] {logging_mixin.py:190} INFO - [2024-09-28T07:53:32.392+0000] {dagbag.py:588} INFO - Filling up the DagBag from /home/airflow/.local/lib/python3.12/site-packages/airflow/example_dags/example_dynamic_task_mapping.py
[2024-09-28T07:53:32.397+0000] {processor.py:925} INFO - DAG(s) 'example_dynamic_task_mapping' retrieved from /home/airflow/.local/lib/python3.12/site-packages/airflow/example_dags/example_dynamic_task_mapping.py
[2024-09-28T07:53:32.410+0000] {logging_mixin.py:190} INFO - [2024-09-28T07:53:32.410+0000] {dag.py:3239} INFO - Sync 1 DAGs
[2024-09-28T07:53:32.418+0000] {logging_mixin.py:190} INFO - [2024-09-28T07:53:32.418+0000] {dag.py:4180} INFO - Setting next_dagrun for example_dynamic_task_mapping to None, run_after=None
[2024-09-28T07:53:32.428+0000] {processor.py:208} INFO - Processing /home/airflow/.local/lib/python3.12/site-packages/airflow/example_dags/example_dynamic_task_mapping.py took 0.042 seconds
[2024-09-28T07:54:02.565+0000] {processor.py:186} INFO - Started process (PID=4017) to work on /home/airflow/.local/lib/python3.12/site-packages/airflow/example_dags/example_dynamic_task_mapping.py
[2024-09-28T07:54:02.567+0000] {processor.py:914} INFO - Processing file /home/airflow/.local/lib/python3.12/site-packages/airflow/example_dags/example_dynamic_task_mapping.py for tasks to queue
[2024-09-28T07:54:02.568+0000] {logging_mixin.py:190} INFO - [2024-09-28T07:54:02.568+0000] {dagbag.py:588} INFO - Filling up the DagBag from /home/airflow/.local/lib/python3.12/site-packages/airflow/example_dags/example_dynamic_task_mapping.py
[2024-09-28T07:54:02.573+0000] {processor.py:925} INFO - DAG(s) 'example_dynamic_task_mapping' retrieved from /home/airflow/.local/lib/python3.12/site-packages/airflow/example_dags/example_dynamic_task_mapping.py
[2024-09-28T07:54:02.584+0000] {logging_mixin.py:190} INFO - [2024-09-28T07:54:02.584+0000] {dag.py:3239} INFO - Sync 1 DAGs
[2024-09-28T07:54:02.591+0000] {logging_mixin.py:190} INFO - [2024-09-28T07:54:02.591+0000] {dag.py:4180} INFO - Setting next_dagrun for example_dynamic_task_mapping to None, run_after=None
[2024-09-28T07:54:02.600+0000] {processor.py:208} INFO - Processing /home/airflow/.local/lib/python3.12/site-packages/airflow/example_dags/example_dynamic_task_mapping.py took 0.039 seconds
[2024-09-28T07:54:32.839+0000] {processor.py:186} INFO - Started process (PID=4298) to work on /home/airflow/.local/lib/python3.12/site-packages/airflow/example_dags/example_dynamic_task_mapping.py
[2024-09-28T07:54:32.840+0000] {processor.py:914} INFO - Processing file /home/airflow/.local/lib/python3.12/site-packages/airflow/example_dags/example_dynamic_task_mapping.py for tasks to queue
[2024-09-28T07:54:32.841+0000] {logging_mixin.py:190} INFO - [2024-09-28T07:54:32.841+0000] {dagbag.py:588} INFO - Filling up the DagBag from /home/airflow/.local/lib/python3.12/site-packages/airflow/example_dags/example_dynamic_task_mapping.py
[2024-09-28T07:54:32.846+0000] {processor.py:925} INFO - DAG(s) 'example_dynamic_task_mapping' retrieved from /home/airflow/.local/lib/python3.12/site-packages/airflow/example_dags/example_dynamic_task_mapping.py
[2024-09-28T07:54:32.859+0000] {logging_mixin.py:190} INFO - [2024-09-28T07:54:32.859+0000] {dag.py:3239} INFO - Sync 1 DAGs
[2024-09-28T07:54:32.868+0000] {logging_mixin.py:190} INFO - [2024-09-28T07:54:32.868+0000] {dag.py:4180} INFO - Setting next_dagrun for example_dynamic_task_mapping to None, run_after=None
[2024-09-28T07:54:32.882+0000] {processor.py:208} INFO - Processing /home/airflow/.local/lib/python3.12/site-packages/airflow/example_dags/example_dynamic_task_mapping.py took 0.047 seconds
[2024-09-28T07:55:03.398+0000] {processor.py:186} INFO - Started process (PID=4589) to work on /home/airflow/.local/lib/python3.12/site-packages/airflow/example_dags/example_dynamic_task_mapping.py
[2024-09-28T07:55:03.402+0000] {processor.py:914} INFO - Processing file /home/airflow/.local/lib/python3.12/site-packages/airflow/example_dags/example_dynamic_task_mapping.py for tasks to queue
[2024-09-28T07:55:03.403+0000] {logging_mixin.py:190} INFO - [2024-09-28T07:55:03.403+0000] {dagbag.py:588} INFO - Filling up the DagBag from /home/airflow/.local/lib/python3.12/site-packages/airflow/example_dags/example_dynamic_task_mapping.py
[2024-09-28T07:55:03.408+0000] {processor.py:925} INFO - DAG(s) 'example_dynamic_task_mapping' retrieved from /home/airflow/.local/lib/python3.12/site-packages/airflow/example_dags/example_dynamic_task_mapping.py
[2024-09-28T07:55:03.426+0000] {logging_mixin.py:190} INFO - [2024-09-28T07:55:03.426+0000] {dag.py:3239} INFO - Sync 1 DAGs
[2024-09-28T07:55:03.436+0000] {logging_mixin.py:190} INFO - [2024-09-28T07:55:03.436+0000] {dag.py:4180} INFO - Setting next_dagrun for example_dynamic_task_mapping to None, run_after=None
[2024-09-28T07:55:03.447+0000] {processor.py:208} INFO - Processing /home/airflow/.local/lib/python3.12/site-packages/airflow/example_dags/example_dynamic_task_mapping.py took 0.052 seconds
[2024-09-28T07:55:33.776+0000] {processor.py:186} INFO - Started process (PID=4875) to work on /home/airflow/.local/lib/python3.12/site-packages/airflow/example_dags/example_dynamic_task_mapping.py
[2024-09-28T07:55:33.778+0000] {processor.py:914} INFO - Processing file /home/airflow/.local/lib/python3.12/site-packages/airflow/example_dags/example_dynamic_task_mapping.py for tasks to queue
[2024-09-28T07:55:33.780+0000] {logging_mixin.py:190} INFO - [2024-09-28T07:55:33.780+0000] {dagbag.py:588} INFO - Filling up the DagBag from /home/airflow/.local/lib/python3.12/site-packages/airflow/example_dags/example_dynamic_task_mapping.py
[2024-09-28T07:55:33.785+0000] {processor.py:925} INFO - DAG(s) 'example_dynamic_task_mapping' retrieved from /home/airflow/.local/lib/python3.12/site-packages/airflow/example_dags/example_dynamic_task_mapping.py
[2024-09-28T07:55:33.799+0000] {logging_mixin.py:190} INFO - [2024-09-28T07:55:33.799+0000] {dag.py:3239} INFO - Sync 1 DAGs
[2024-09-28T07:55:33.812+0000] {logging_mixin.py:190} INFO - [2024-09-28T07:55:33.812+0000] {dag.py:4180} INFO - Setting next_dagrun for example_dynamic_task_mapping to None, run_after=None
[2024-09-28T07:55:33.824+0000] {processor.py:208} INFO - Processing /home/airflow/.local/lib/python3.12/site-packages/airflow/example_dags/example_dynamic_task_mapping.py took 0.052 seconds
[2024-09-28T07:56:04.119+0000] {processor.py:186} INFO - Started process (PID=5161) to work on /home/airflow/.local/lib/python3.12/site-packages/airflow/example_dags/example_dynamic_task_mapping.py
[2024-09-28T07:56:04.120+0000] {processor.py:914} INFO - Processing file /home/airflow/.local/lib/python3.12/site-packages/airflow/example_dags/example_dynamic_task_mapping.py for tasks to queue
[2024-09-28T07:56:04.122+0000] {logging_mixin.py:190} INFO - [2024-09-28T07:56:04.122+0000] {dagbag.py:588} INFO - Filling up the DagBag from /home/airflow/.local/lib/python3.12/site-packages/airflow/example_dags/example_dynamic_task_mapping.py
[2024-09-28T07:56:04.126+0000] {processor.py:925} INFO - DAG(s) 'example_dynamic_task_mapping' retrieved from /home/airflow/.local/lib/python3.12/site-packages/airflow/example_dags/example_dynamic_task_mapping.py
[2024-09-28T07:56:04.136+0000] {logging_mixin.py:190} INFO - [2024-09-28T07:56:04.136+0000] {dag.py:3239} INFO - Sync 1 DAGs
[2024-09-28T07:56:04.143+0000] {logging_mixin.py:190} INFO - [2024-09-28T07:56:04.143+0000] {dag.py:4180} INFO - Setting next_dagrun for example_dynamic_task_mapping to None, run_after=None
[2024-09-28T07:56:04.152+0000] {processor.py:208} INFO - Processing /home/airflow/.local/lib/python3.12/site-packages/airflow/example_dags/example_dynamic_task_mapping.py took 0.037 seconds
[2024-09-28T07:56:34.587+0000] {processor.py:186} INFO - Started process (PID=5447) to work on /home/airflow/.local/lib/python3.12/site-packages/airflow/example_dags/example_dynamic_task_mapping.py
[2024-09-28T07:56:34.588+0000] {processor.py:914} INFO - Processing file /home/airflow/.local/lib/python3.12/site-packages/airflow/example_dags/example_dynamic_task_mapping.py for tasks to queue
[2024-09-28T07:56:34.589+0000] {logging_mixin.py:190} INFO - [2024-09-28T07:56:34.589+0000] {dagbag.py:588} INFO - Filling up the DagBag from /home/airflow/.local/lib/python3.12/site-packages/airflow/example_dags/example_dynamic_task_mapping.py
[2024-09-28T07:56:34.593+0000] {processor.py:925} INFO - DAG(s) 'example_dynamic_task_mapping' retrieved from /home/airflow/.local/lib/python3.12/site-packages/airflow/example_dags/example_dynamic_task_mapping.py
[2024-09-28T07:56:34.605+0000] {logging_mixin.py:190} INFO - [2024-09-28T07:56:34.605+0000] {dag.py:3239} INFO - Sync 1 DAGs
[2024-09-28T07:56:34.613+0000] {logging_mixin.py:190} INFO - [2024-09-28T07:56:34.613+0000] {dag.py:4180} INFO - Setting next_dagrun for example_dynamic_task_mapping to None, run_after=None
[2024-09-28T07:56:34.623+0000] {processor.py:208} INFO - Processing /home/airflow/.local/lib/python3.12/site-packages/airflow/example_dags/example_dynamic_task_mapping.py took 0.040 seconds
[2024-09-28T07:57:04.889+0000] {processor.py:186} INFO - Started process (PID=5733) to work on /home/airflow/.local/lib/python3.12/site-packages/airflow/example_dags/example_dynamic_task_mapping.py
[2024-09-28T07:57:04.890+0000] {processor.py:914} INFO - Processing file /home/airflow/.local/lib/python3.12/site-packages/airflow/example_dags/example_dynamic_task_mapping.py for tasks to queue
[2024-09-28T07:57:04.891+0000] {logging_mixin.py:190} INFO - [2024-09-28T07:57:04.891+0000] {dagbag.py:588} INFO - Filling up the DagBag from /home/airflow/.local/lib/python3.12/site-packages/airflow/example_dags/example_dynamic_task_mapping.py
[2024-09-28T07:57:04.896+0000] {processor.py:925} INFO - DAG(s) 'example_dynamic_task_mapping' retrieved from /home/airflow/.local/lib/python3.12/site-packages/airflow/example_dags/example_dynamic_task_mapping.py
[2024-09-28T07:57:04.905+0000] {logging_mixin.py:190} INFO - [2024-09-28T07:57:04.905+0000] {dag.py:3239} INFO - Sync 1 DAGs
[2024-09-28T07:57:04.912+0000] {logging_mixin.py:190} INFO - [2024-09-28T07:57:04.912+0000] {dag.py:4180} INFO - Setting next_dagrun for example_dynamic_task_mapping to None, run_after=None
[2024-09-28T07:57:04.921+0000] {processor.py:208} INFO - Processing /home/airflow/.local/lib/python3.12/site-packages/airflow/example_dags/example_dynamic_task_mapping.py took 0.035 seconds
[2024-09-28T07:57:35.243+0000] {processor.py:186} INFO - Started process (PID=6019) to work on /home/airflow/.local/lib/python3.12/site-packages/airflow/example_dags/example_dynamic_task_mapping.py
[2024-09-28T07:57:35.244+0000] {processor.py:914} INFO - Processing file /home/airflow/.local/lib/python3.12/site-packages/airflow/example_dags/example_dynamic_task_mapping.py for tasks to queue
[2024-09-28T07:57:35.247+0000] {logging_mixin.py:190} INFO - [2024-09-28T07:57:35.246+0000] {dagbag.py:588} INFO - Filling up the DagBag from /home/airflow/.local/lib/python3.12/site-packages/airflow/example_dags/example_dynamic_task_mapping.py
[2024-09-28T07:57:35.252+0000] {processor.py:925} INFO - DAG(s) 'example_dynamic_task_mapping' retrieved from /home/airflow/.local/lib/python3.12/site-packages/airflow/example_dags/example_dynamic_task_mapping.py
[2024-09-28T07:57:35.264+0000] {logging_mixin.py:190} INFO - [2024-09-28T07:57:35.264+0000] {dag.py:3239} INFO - Sync 1 DAGs
[2024-09-28T07:57:35.274+0000] {logging_mixin.py:190} INFO - [2024-09-28T07:57:35.274+0000] {dag.py:4180} INFO - Setting next_dagrun for example_dynamic_task_mapping to None, run_after=None
[2024-09-28T07:57:35.283+0000] {processor.py:208} INFO - Processing /home/airflow/.local/lib/python3.12/site-packages/airflow/example_dags/example_dynamic_task_mapping.py took 0.044 seconds
[2024-09-28T07:58:05.451+0000] {processor.py:186} INFO - Started process (PID=6304) to work on /home/airflow/.local/lib/python3.12/site-packages/airflow/example_dags/example_dynamic_task_mapping.py
[2024-09-28T07:58:05.452+0000] {processor.py:914} INFO - Processing file /home/airflow/.local/lib/python3.12/site-packages/airflow/example_dags/example_dynamic_task_mapping.py for tasks to queue
[2024-09-28T07:58:05.453+0000] {logging_mixin.py:190} INFO - [2024-09-28T07:58:05.453+0000] {dagbag.py:588} INFO - Filling up the DagBag from /home/airflow/.local/lib/python3.12/site-packages/airflow/example_dags/example_dynamic_task_mapping.py
[2024-09-28T07:58:05.460+0000] {processor.py:925} INFO - DAG(s) 'example_dynamic_task_mapping' retrieved from /home/airflow/.local/lib/python3.12/site-packages/airflow/example_dags/example_dynamic_task_mapping.py
[2024-09-28T07:58:05.475+0000] {logging_mixin.py:190} INFO - [2024-09-28T07:58:05.475+0000] {dag.py:3239} INFO - Sync 1 DAGs
[2024-09-28T07:58:05.483+0000] {logging_mixin.py:190} INFO - [2024-09-28T07:58:05.483+0000] {dag.py:4180} INFO - Setting next_dagrun for example_dynamic_task_mapping to None, run_after=None
[2024-09-28T07:58:05.495+0000] {processor.py:208} INFO - Processing /home/airflow/.local/lib/python3.12/site-packages/airflow/example_dags/example_dynamic_task_mapping.py took 0.049 seconds
[2024-09-28T07:58:35.851+0000] {processor.py:186} INFO - Started process (PID=6590) to work on /home/airflow/.local/lib/python3.12/site-packages/airflow/example_dags/example_dynamic_task_mapping.py
[2024-09-28T07:58:35.852+0000] {processor.py:914} INFO - Processing file /home/airflow/.local/lib/python3.12/site-packages/airflow/example_dags/example_dynamic_task_mapping.py for tasks to queue
[2024-09-28T07:58:35.854+0000] {logging_mixin.py:190} INFO - [2024-09-28T07:58:35.854+0000] {dagbag.py:588} INFO - Filling up the DagBag from /home/airflow/.local/lib/python3.12/site-packages/airflow/example_dags/example_dynamic_task_mapping.py
[2024-09-28T07:58:35.859+0000] {processor.py:925} INFO - DAG(s) 'example_dynamic_task_mapping' retrieved from /home/airflow/.local/lib/python3.12/site-packages/airflow/example_dags/example_dynamic_task_mapping.py
[2024-09-28T07:58:35.869+0000] {logging_mixin.py:190} INFO - [2024-09-28T07:58:35.869+0000] {dag.py:3239} INFO - Sync 1 DAGs
[2024-09-28T07:58:35.876+0000] {logging_mixin.py:190} INFO - [2024-09-28T07:58:35.876+0000] {dag.py:4180} INFO - Setting next_dagrun for example_dynamic_task_mapping to None, run_after=None
[2024-09-28T07:58:35.886+0000] {processor.py:208} INFO - Processing /home/airflow/.local/lib/python3.12/site-packages/airflow/example_dags/example_dynamic_task_mapping.py took 0.038 seconds
[2024-09-28T07:59:06.258+0000] {processor.py:186} INFO - Started process (PID=6876) to work on /home/airflow/.local/lib/python3.12/site-packages/airflow/example_dags/example_dynamic_task_mapping.py
[2024-09-28T07:59:06.259+0000] {processor.py:914} INFO - Processing file /home/airflow/.local/lib/python3.12/site-packages/airflow/example_dags/example_dynamic_task_mapping.py for tasks to queue
[2024-09-28T07:59:06.260+0000] {logging_mixin.py:190} INFO - [2024-09-28T07:59:06.260+0000] {dagbag.py:588} INFO - Filling up the DagBag from /home/airflow/.local/lib/python3.12/site-packages/airflow/example_dags/example_dynamic_task_mapping.py
[2024-09-28T07:59:06.265+0000] {processor.py:925} INFO - DAG(s) 'example_dynamic_task_mapping' retrieved from /home/airflow/.local/lib/python3.12/site-packages/airflow/example_dags/example_dynamic_task_mapping.py
[2024-09-28T07:59:06.276+0000] {logging_mixin.py:190} INFO - [2024-09-28T07:59:06.276+0000] {dag.py:3239} INFO - Sync 1 DAGs
[2024-09-28T07:59:06.285+0000] {logging_mixin.py:190} INFO - [2024-09-28T07:59:06.285+0000] {dag.py:4180} INFO - Setting next_dagrun for example_dynamic_task_mapping to None, run_after=None
[2024-09-28T07:59:06.295+0000] {processor.py:208} INFO - Processing /home/airflow/.local/lib/python3.12/site-packages/airflow/example_dags/example_dynamic_task_mapping.py took 0.040 seconds
[2024-09-28T07:59:36.769+0000] {processor.py:186} INFO - Started process (PID=7162) to work on /home/airflow/.local/lib/python3.12/site-packages/airflow/example_dags/example_dynamic_task_mapping.py
[2024-09-28T07:59:36.770+0000] {processor.py:914} INFO - Processing file /home/airflow/.local/lib/python3.12/site-packages/airflow/example_dags/example_dynamic_task_mapping.py for tasks to queue
[2024-09-28T07:59:36.771+0000] {logging_mixin.py:190} INFO - [2024-09-28T07:59:36.771+0000] {dagbag.py:588} INFO - Filling up the DagBag from /home/airflow/.local/lib/python3.12/site-packages/airflow/example_dags/example_dynamic_task_mapping.py
[2024-09-28T07:59:36.775+0000] {processor.py:925} INFO - DAG(s) 'example_dynamic_task_mapping' retrieved from /home/airflow/.local/lib/python3.12/site-packages/airflow/example_dags/example_dynamic_task_mapping.py
[2024-09-28T07:59:36.787+0000] {logging_mixin.py:190} INFO - [2024-09-28T07:59:36.787+0000] {dag.py:3239} INFO - Sync 1 DAGs
[2024-09-28T07:59:36.794+0000] {logging_mixin.py:190} INFO - [2024-09-28T07:59:36.794+0000] {dag.py:4180} INFO - Setting next_dagrun for example_dynamic_task_mapping to None, run_after=None
[2024-09-28T07:59:36.804+0000] {processor.py:208} INFO - Processing /home/airflow/.local/lib/python3.12/site-packages/airflow/example_dags/example_dynamic_task_mapping.py took 0.039 seconds
[2024-09-28T08:00:07.165+0000] {processor.py:186} INFO - Started process (PID=7448) to work on /home/airflow/.local/lib/python3.12/site-packages/airflow/example_dags/example_dynamic_task_mapping.py
[2024-09-28T08:00:07.166+0000] {processor.py:914} INFO - Processing file /home/airflow/.local/lib/python3.12/site-packages/airflow/example_dags/example_dynamic_task_mapping.py for tasks to queue
[2024-09-28T08:00:07.169+0000] {logging_mixin.py:190} INFO - [2024-09-28T08:00:07.169+0000] {dagbag.py:588} INFO - Filling up the DagBag from /home/airflow/.local/lib/python3.12/site-packages/airflow/example_dags/example_dynamic_task_mapping.py
[2024-09-28T08:00:07.174+0000] {processor.py:925} INFO - DAG(s) 'example_dynamic_task_mapping' retrieved from /home/airflow/.local/lib/python3.12/site-packages/airflow/example_dags/example_dynamic_task_mapping.py
[2024-09-28T08:00:07.186+0000] {logging_mixin.py:190} INFO - [2024-09-28T08:00:07.186+0000] {dag.py:3239} INFO - Sync 1 DAGs
[2024-09-28T08:00:07.196+0000] {logging_mixin.py:190} INFO - [2024-09-28T08:00:07.196+0000] {dag.py:4180} INFO - Setting next_dagrun for example_dynamic_task_mapping to None, run_after=None
[2024-09-28T08:00:07.208+0000] {processor.py:208} INFO - Processing /home/airflow/.local/lib/python3.12/site-packages/airflow/example_dags/example_dynamic_task_mapping.py took 0.046 seconds
[2024-09-28T08:00:37.641+0000] {processor.py:186} INFO - Started process (PID=7736) to work on /home/airflow/.local/lib/python3.12/site-packages/airflow/example_dags/example_dynamic_task_mapping.py
[2024-09-28T08:00:37.641+0000] {processor.py:914} INFO - Processing file /home/airflow/.local/lib/python3.12/site-packages/airflow/example_dags/example_dynamic_task_mapping.py for tasks to queue
[2024-09-28T08:00:37.642+0000] {logging_mixin.py:190} INFO - [2024-09-28T08:00:37.642+0000] {dagbag.py:588} INFO - Filling up the DagBag from /home/airflow/.local/lib/python3.12/site-packages/airflow/example_dags/example_dynamic_task_mapping.py
[2024-09-28T08:00:37.646+0000] {processor.py:925} INFO - DAG(s) 'example_dynamic_task_mapping' retrieved from /home/airflow/.local/lib/python3.12/site-packages/airflow/example_dags/example_dynamic_task_mapping.py
[2024-09-28T08:00:37.656+0000] {logging_mixin.py:190} INFO - [2024-09-28T08:00:37.655+0000] {dag.py:3239} INFO - Sync 1 DAGs
[2024-09-28T08:00:37.662+0000] {logging_mixin.py:190} INFO - [2024-09-28T08:00:37.662+0000] {dag.py:4180} INFO - Setting next_dagrun for example_dynamic_task_mapping to None, run_after=None
[2024-09-28T08:00:37.670+0000] {processor.py:208} INFO - Processing /home/airflow/.local/lib/python3.12/site-packages/airflow/example_dags/example_dynamic_task_mapping.py took 0.032 seconds
[2024-09-28T08:01:08.282+0000] {processor.py:186} INFO - Started process (PID=8020) to work on /home/airflow/.local/lib/python3.12/site-packages/airflow/example_dags/example_dynamic_task_mapping.py
[2024-09-28T08:01:08.284+0000] {processor.py:914} INFO - Processing file /home/airflow/.local/lib/python3.12/site-packages/airflow/example_dags/example_dynamic_task_mapping.py for tasks to queue
[2024-09-28T08:01:08.285+0000] {logging_mixin.py:190} INFO - [2024-09-28T08:01:08.285+0000] {dagbag.py:588} INFO - Filling up the DagBag from /home/airflow/.local/lib/python3.12/site-packages/airflow/example_dags/example_dynamic_task_mapping.py
[2024-09-28T08:01:08.290+0000] {processor.py:925} INFO - DAG(s) 'example_dynamic_task_mapping' retrieved from /home/airflow/.local/lib/python3.12/site-packages/airflow/example_dags/example_dynamic_task_mapping.py
[2024-09-28T08:01:08.301+0000] {logging_mixin.py:190} INFO - [2024-09-28T08:01:08.300+0000] {dag.py:3239} INFO - Sync 1 DAGs
[2024-09-28T08:01:08.308+0000] {logging_mixin.py:190} INFO - [2024-09-28T08:01:08.308+0000] {dag.py:4180} INFO - Setting next_dagrun for example_dynamic_task_mapping to None, run_after=None
[2024-09-28T08:01:08.319+0000] {processor.py:208} INFO - Processing /home/airflow/.local/lib/python3.12/site-packages/airflow/example_dags/example_dynamic_task_mapping.py took 0.040 seconds
[2024-09-28T08:01:38.839+0000] {processor.py:186} INFO - Started process (PID=8306) to work on /home/airflow/.local/lib/python3.12/site-packages/airflow/example_dags/example_dynamic_task_mapping.py
[2024-09-28T08:01:38.840+0000] {processor.py:914} INFO - Processing file /home/airflow/.local/lib/python3.12/site-packages/airflow/example_dags/example_dynamic_task_mapping.py for tasks to queue
[2024-09-28T08:01:38.842+0000] {logging_mixin.py:190} INFO - [2024-09-28T08:01:38.841+0000] {dagbag.py:588} INFO - Filling up the DagBag from /home/airflow/.local/lib/python3.12/site-packages/airflow/example_dags/example_dynamic_task_mapping.py
[2024-09-28T08:01:38.846+0000] {processor.py:925} INFO - DAG(s) 'example_dynamic_task_mapping' retrieved from /home/airflow/.local/lib/python3.12/site-packages/airflow/example_dags/example_dynamic_task_mapping.py
[2024-09-28T08:01:38.857+0000] {logging_mixin.py:190} INFO - [2024-09-28T08:01:38.857+0000] {dag.py:3239} INFO - Sync 1 DAGs
[2024-09-28T08:01:38.863+0000] {logging_mixin.py:190} INFO - [2024-09-28T08:01:38.863+0000] {dag.py:4180} INFO - Setting next_dagrun for example_dynamic_task_mapping to None, run_after=None
[2024-09-28T08:01:38.873+0000] {processor.py:208} INFO - Processing /home/airflow/.local/lib/python3.12/site-packages/airflow/example_dags/example_dynamic_task_mapping.py took 0.037 seconds
[2024-09-28T08:02:09.543+0000] {processor.py:186} INFO - Started process (PID=8592) to work on /home/airflow/.local/lib/python3.12/site-packages/airflow/example_dags/example_dynamic_task_mapping.py
[2024-09-28T08:02:09.544+0000] {processor.py:914} INFO - Processing file /home/airflow/.local/lib/python3.12/site-packages/airflow/example_dags/example_dynamic_task_mapping.py for tasks to queue
[2024-09-28T08:02:09.546+0000] {logging_mixin.py:190} INFO - [2024-09-28T08:02:09.546+0000] {dagbag.py:588} INFO - Filling up the DagBag from /home/airflow/.local/lib/python3.12/site-packages/airflow/example_dags/example_dynamic_task_mapping.py
[2024-09-28T08:02:09.552+0000] {processor.py:925} INFO - DAG(s) 'example_dynamic_task_mapping' retrieved from /home/airflow/.local/lib/python3.12/site-packages/airflow/example_dags/example_dynamic_task_mapping.py
[2024-09-28T08:02:09.566+0000] {logging_mixin.py:190} INFO - [2024-09-28T08:02:09.566+0000] {dag.py:3239} INFO - Sync 1 DAGs
[2024-09-28T08:02:09.574+0000] {logging_mixin.py:190} INFO - [2024-09-28T08:02:09.574+0000] {dag.py:4180} INFO - Setting next_dagrun for example_dynamic_task_mapping to None, run_after=None
[2024-09-28T08:02:09.587+0000] {processor.py:208} INFO - Processing /home/airflow/.local/lib/python3.12/site-packages/airflow/example_dags/example_dynamic_task_mapping.py took 0.048 seconds
[2024-09-28T08:02:40.265+0000] {processor.py:186} INFO - Started process (PID=8878) to work on /home/airflow/.local/lib/python3.12/site-packages/airflow/example_dags/example_dynamic_task_mapping.py
[2024-09-28T08:02:40.265+0000] {processor.py:914} INFO - Processing file /home/airflow/.local/lib/python3.12/site-packages/airflow/example_dags/example_dynamic_task_mapping.py for tasks to queue
[2024-09-28T08:02:40.266+0000] {logging_mixin.py:190} INFO - [2024-09-28T08:02:40.266+0000] {dagbag.py:588} INFO - Filling up the DagBag from /home/airflow/.local/lib/python3.12/site-packages/airflow/example_dags/example_dynamic_task_mapping.py
[2024-09-28T08:02:40.271+0000] {processor.py:925} INFO - DAG(s) 'example_dynamic_task_mapping' retrieved from /home/airflow/.local/lib/python3.12/site-packages/airflow/example_dags/example_dynamic_task_mapping.py
[2024-09-28T08:02:40.284+0000] {logging_mixin.py:190} INFO - [2024-09-28T08:02:40.284+0000] {dag.py:3239} INFO - Sync 1 DAGs
[2024-09-28T08:02:40.291+0000] {logging_mixin.py:190} INFO - [2024-09-28T08:02:40.291+0000] {dag.py:4180} INFO - Setting next_dagrun for example_dynamic_task_mapping to None, run_after=None
[2024-09-28T08:02:40.300+0000] {processor.py:208} INFO - Processing /home/airflow/.local/lib/python3.12/site-packages/airflow/example_dags/example_dynamic_task_mapping.py took 0.039 seconds
[2024-09-28T08:03:10.748+0000] {processor.py:186} INFO - Started process (PID=9164) to work on /home/airflow/.local/lib/python3.12/site-packages/airflow/example_dags/example_dynamic_task_mapping.py
[2024-09-28T08:03:10.749+0000] {processor.py:914} INFO - Processing file /home/airflow/.local/lib/python3.12/site-packages/airflow/example_dags/example_dynamic_task_mapping.py for tasks to queue
[2024-09-28T08:03:10.751+0000] {logging_mixin.py:190} INFO - [2024-09-28T08:03:10.751+0000] {dagbag.py:588} INFO - Filling up the DagBag from /home/airflow/.local/lib/python3.12/site-packages/airflow/example_dags/example_dynamic_task_mapping.py
[2024-09-28T08:03:10.756+0000] {processor.py:925} INFO - DAG(s) 'example_dynamic_task_mapping' retrieved from /home/airflow/.local/lib/python3.12/site-packages/airflow/example_dags/example_dynamic_task_mapping.py
[2024-09-28T08:03:10.777+0000] {logging_mixin.py:190} INFO - [2024-09-28T08:03:10.777+0000] {dag.py:3239} INFO - Sync 1 DAGs
[2024-09-28T08:03:10.785+0000] {logging_mixin.py:190} INFO - [2024-09-28T08:03:10.785+0000] {dag.py:4180} INFO - Setting next_dagrun for example_dynamic_task_mapping to None, run_after=None
[2024-09-28T08:03:10.796+0000] {processor.py:208} INFO - Processing /home/airflow/.local/lib/python3.12/site-packages/airflow/example_dags/example_dynamic_task_mapping.py took 0.052 seconds
[2024-09-28T08:03:41.252+0000] {processor.py:186} INFO - Started process (PID=9450) to work on /home/airflow/.local/lib/python3.12/site-packages/airflow/example_dags/example_dynamic_task_mapping.py
[2024-09-28T08:03:41.255+0000] {processor.py:914} INFO - Processing file /home/airflow/.local/lib/python3.12/site-packages/airflow/example_dags/example_dynamic_task_mapping.py for tasks to queue
[2024-09-28T08:03:41.256+0000] {logging_mixin.py:190} INFO - [2024-09-28T08:03:41.256+0000] {dagbag.py:588} INFO - Filling up the DagBag from /home/airflow/.local/lib/python3.12/site-packages/airflow/example_dags/example_dynamic_task_mapping.py
[2024-09-28T08:03:41.260+0000] {processor.py:925} INFO - DAG(s) 'example_dynamic_task_mapping' retrieved from /home/airflow/.local/lib/python3.12/site-packages/airflow/example_dags/example_dynamic_task_mapping.py
[2024-09-28T08:03:41.270+0000] {logging_mixin.py:190} INFO - [2024-09-28T08:03:41.270+0000] {dag.py:3239} INFO - Sync 1 DAGs
[2024-09-28T08:03:41.279+0000] {logging_mixin.py:190} INFO - [2024-09-28T08:03:41.279+0000] {dag.py:4180} INFO - Setting next_dagrun for example_dynamic_task_mapping to None, run_after=None
[2024-09-28T08:03:41.288+0000] {processor.py:208} INFO - Processing /home/airflow/.local/lib/python3.12/site-packages/airflow/example_dags/example_dynamic_task_mapping.py took 0.039 seconds
[2024-09-28T08:04:11.865+0000] {processor.py:186} INFO - Started process (PID=9736) to work on /home/airflow/.local/lib/python3.12/site-packages/airflow/example_dags/example_dynamic_task_mapping.py
[2024-09-28T08:04:11.867+0000] {processor.py:914} INFO - Processing file /home/airflow/.local/lib/python3.12/site-packages/airflow/example_dags/example_dynamic_task_mapping.py for tasks to queue
[2024-09-28T08:04:11.869+0000] {logging_mixin.py:190} INFO - [2024-09-28T08:04:11.869+0000] {dagbag.py:588} INFO - Filling up the DagBag from /home/airflow/.local/lib/python3.12/site-packages/airflow/example_dags/example_dynamic_task_mapping.py
[2024-09-28T08:04:11.877+0000] {processor.py:925} INFO - DAG(s) 'example_dynamic_task_mapping' retrieved from /home/airflow/.local/lib/python3.12/site-packages/airflow/example_dags/example_dynamic_task_mapping.py
[2024-09-28T08:04:11.888+0000] {logging_mixin.py:190} INFO - [2024-09-28T08:04:11.887+0000] {dag.py:3239} INFO - Sync 1 DAGs
[2024-09-28T08:04:11.894+0000] {logging_mixin.py:190} INFO - [2024-09-28T08:04:11.894+0000] {dag.py:4180} INFO - Setting next_dagrun for example_dynamic_task_mapping to None, run_after=None
[2024-09-28T08:04:11.901+0000] {processor.py:208} INFO - Processing /home/airflow/.local/lib/python3.12/site-packages/airflow/example_dags/example_dynamic_task_mapping.py took 0.040 seconds
[2024-09-28T08:04:42.524+0000] {processor.py:186} INFO - Started process (PID=10022) to work on /home/airflow/.local/lib/python3.12/site-packages/airflow/example_dags/example_dynamic_task_mapping.py
[2024-09-28T08:04:42.525+0000] {processor.py:914} INFO - Processing file /home/airflow/.local/lib/python3.12/site-packages/airflow/example_dags/example_dynamic_task_mapping.py for tasks to queue
[2024-09-28T08:04:42.526+0000] {logging_mixin.py:190} INFO - [2024-09-28T08:04:42.526+0000] {dagbag.py:588} INFO - Filling up the DagBag from /home/airflow/.local/lib/python3.12/site-packages/airflow/example_dags/example_dynamic_task_mapping.py
[2024-09-28T08:04:42.531+0000] {processor.py:925} INFO - DAG(s) 'example_dynamic_task_mapping' retrieved from /home/airflow/.local/lib/python3.12/site-packages/airflow/example_dags/example_dynamic_task_mapping.py
[2024-09-28T08:04:42.542+0000] {logging_mixin.py:190} INFO - [2024-09-28T08:04:42.542+0000] {dag.py:3239} INFO - Sync 1 DAGs
[2024-09-28T08:04:42.552+0000] {logging_mixin.py:190} INFO - [2024-09-28T08:04:42.551+0000] {dag.py:4180} INFO - Setting next_dagrun for example_dynamic_task_mapping to None, run_after=None
[2024-09-28T08:04:42.561+0000] {processor.py:208} INFO - Processing /home/airflow/.local/lib/python3.12/site-packages/airflow/example_dags/example_dynamic_task_mapping.py took 0.041 seconds
[2024-09-28T08:05:12.980+0000] {processor.py:186} INFO - Started process (PID=10310) to work on /home/airflow/.local/lib/python3.12/site-packages/airflow/example_dags/example_dynamic_task_mapping.py
[2024-09-28T08:05:12.981+0000] {processor.py:914} INFO - Processing file /home/airflow/.local/lib/python3.12/site-packages/airflow/example_dags/example_dynamic_task_mapping.py for tasks to queue
[2024-09-28T08:05:12.982+0000] {logging_mixin.py:190} INFO - [2024-09-28T08:05:12.982+0000] {dagbag.py:588} INFO - Filling up the DagBag from /home/airflow/.local/lib/python3.12/site-packages/airflow/example_dags/example_dynamic_task_mapping.py
[2024-09-28T08:05:12.986+0000] {processor.py:925} INFO - DAG(s) 'example_dynamic_task_mapping' retrieved from /home/airflow/.local/lib/python3.12/site-packages/airflow/example_dags/example_dynamic_task_mapping.py
[2024-09-28T08:05:12.996+0000] {logging_mixin.py:190} INFO - [2024-09-28T08:05:12.995+0000] {dag.py:3239} INFO - Sync 1 DAGs
[2024-09-28T08:05:13.002+0000] {logging_mixin.py:190} INFO - [2024-09-28T08:05:13.002+0000] {dag.py:4180} INFO - Setting next_dagrun for example_dynamic_task_mapping to None, run_after=None
[2024-09-28T08:05:13.010+0000] {processor.py:208} INFO - Processing /home/airflow/.local/lib/python3.12/site-packages/airflow/example_dags/example_dynamic_task_mapping.py took 0.033 seconds
[2024-09-28T08:05:43.469+0000] {processor.py:186} INFO - Started process (PID=10596) to work on /home/airflow/.local/lib/python3.12/site-packages/airflow/example_dags/example_dynamic_task_mapping.py
[2024-09-28T08:05:43.470+0000] {processor.py:914} INFO - Processing file /home/airflow/.local/lib/python3.12/site-packages/airflow/example_dags/example_dynamic_task_mapping.py for tasks to queue
[2024-09-28T08:05:43.472+0000] {logging_mixin.py:190} INFO - [2024-09-28T08:05:43.472+0000] {dagbag.py:588} INFO - Filling up the DagBag from /home/airflow/.local/lib/python3.12/site-packages/airflow/example_dags/example_dynamic_task_mapping.py
[2024-09-28T08:05:43.476+0000] {processor.py:925} INFO - DAG(s) 'example_dynamic_task_mapping' retrieved from /home/airflow/.local/lib/python3.12/site-packages/airflow/example_dags/example_dynamic_task_mapping.py
[2024-09-28T08:05:43.485+0000] {logging_mixin.py:190} INFO - [2024-09-28T08:05:43.485+0000] {dag.py:3239} INFO - Sync 1 DAGs
[2024-09-28T08:05:43.492+0000] {logging_mixin.py:190} INFO - [2024-09-28T08:05:43.492+0000] {dag.py:4180} INFO - Setting next_dagrun for example_dynamic_task_mapping to None, run_after=None
[2024-09-28T08:05:43.500+0000] {processor.py:208} INFO - Processing /home/airflow/.local/lib/python3.12/site-packages/airflow/example_dags/example_dynamic_task_mapping.py took 0.035 seconds
[2024-09-28T08:06:14.071+0000] {processor.py:186} INFO - Started process (PID=10880) to work on /home/airflow/.local/lib/python3.12/site-packages/airflow/example_dags/example_dynamic_task_mapping.py
[2024-09-28T08:06:14.072+0000] {processor.py:914} INFO - Processing file /home/airflow/.local/lib/python3.12/site-packages/airflow/example_dags/example_dynamic_task_mapping.py for tasks to queue
[2024-09-28T08:06:14.074+0000] {logging_mixin.py:190} INFO - [2024-09-28T08:06:14.074+0000] {dagbag.py:588} INFO - Filling up the DagBag from /home/airflow/.local/lib/python3.12/site-packages/airflow/example_dags/example_dynamic_task_mapping.py
[2024-09-28T08:06:14.079+0000] {processor.py:925} INFO - DAG(s) 'example_dynamic_task_mapping' retrieved from /home/airflow/.local/lib/python3.12/site-packages/airflow/example_dags/example_dynamic_task_mapping.py
[2024-09-28T08:06:14.088+0000] {logging_mixin.py:190} INFO - [2024-09-28T08:06:14.088+0000] {dag.py:3239} INFO - Sync 1 DAGs
[2024-09-28T08:06:14.095+0000] {logging_mixin.py:190} INFO - [2024-09-28T08:06:14.095+0000] {dag.py:4180} INFO - Setting next_dagrun for example_dynamic_task_mapping to None, run_after=None
[2024-09-28T08:06:14.103+0000] {processor.py:208} INFO - Processing /home/airflow/.local/lib/python3.12/site-packages/airflow/example_dags/example_dynamic_task_mapping.py took 0.035 seconds
[2024-09-28T08:06:45.236+0000] {processor.py:186} INFO - Started process (PID=11166) to work on /home/airflow/.local/lib/python3.12/site-packages/airflow/example_dags/example_dynamic_task_mapping.py
[2024-09-28T08:06:45.237+0000] {processor.py:914} INFO - Processing file /home/airflow/.local/lib/python3.12/site-packages/airflow/example_dags/example_dynamic_task_mapping.py for tasks to queue
[2024-09-28T08:06:45.238+0000] {logging_mixin.py:190} INFO - [2024-09-28T08:06:45.238+0000] {dagbag.py:588} INFO - Filling up the DagBag from /home/airflow/.local/lib/python3.12/site-packages/airflow/example_dags/example_dynamic_task_mapping.py
[2024-09-28T08:06:45.242+0000] {processor.py:925} INFO - DAG(s) 'example_dynamic_task_mapping' retrieved from /home/airflow/.local/lib/python3.12/site-packages/airflow/example_dags/example_dynamic_task_mapping.py
[2024-09-28T08:06:45.251+0000] {logging_mixin.py:190} INFO - [2024-09-28T08:06:45.251+0000] {dag.py:3239} INFO - Sync 1 DAGs
[2024-09-28T08:06:45.258+0000] {logging_mixin.py:190} INFO - [2024-09-28T08:06:45.258+0000] {dag.py:4180} INFO - Setting next_dagrun for example_dynamic_task_mapping to None, run_after=None
[2024-09-28T08:06:45.266+0000] {processor.py:208} INFO - Processing /home/airflow/.local/lib/python3.12/site-packages/airflow/example_dags/example_dynamic_task_mapping.py took 0.034 seconds
[2024-09-28T08:07:16.058+0000] {processor.py:186} INFO - Started process (PID=11452) to work on /home/airflow/.local/lib/python3.12/site-packages/airflow/example_dags/example_dynamic_task_mapping.py
[2024-09-28T08:07:16.059+0000] {processor.py:914} INFO - Processing file /home/airflow/.local/lib/python3.12/site-packages/airflow/example_dags/example_dynamic_task_mapping.py for tasks to queue
[2024-09-28T08:07:16.061+0000] {logging_mixin.py:190} INFO - [2024-09-28T08:07:16.061+0000] {dagbag.py:588} INFO - Filling up the DagBag from /home/airflow/.local/lib/python3.12/site-packages/airflow/example_dags/example_dynamic_task_mapping.py
[2024-09-28T08:07:16.066+0000] {processor.py:925} INFO - DAG(s) 'example_dynamic_task_mapping' retrieved from /home/airflow/.local/lib/python3.12/site-packages/airflow/example_dags/example_dynamic_task_mapping.py
[2024-09-28T08:07:16.075+0000] {logging_mixin.py:190} INFO - [2024-09-28T08:07:16.075+0000] {dag.py:3239} INFO - Sync 1 DAGs
[2024-09-28T08:07:16.081+0000] {logging_mixin.py:190} INFO - [2024-09-28T08:07:16.081+0000] {dag.py:4180} INFO - Setting next_dagrun for example_dynamic_task_mapping to None, run_after=None
[2024-09-28T08:07:16.089+0000] {processor.py:208} INFO - Processing /home/airflow/.local/lib/python3.12/site-packages/airflow/example_dags/example_dynamic_task_mapping.py took 0.034 seconds
[2024-09-28T08:07:46.674+0000] {processor.py:186} INFO - Started process (PID=11738) to work on /home/airflow/.local/lib/python3.12/site-packages/airflow/example_dags/example_dynamic_task_mapping.py
[2024-09-28T08:07:46.676+0000] {processor.py:914} INFO - Processing file /home/airflow/.local/lib/python3.12/site-packages/airflow/example_dags/example_dynamic_task_mapping.py for tasks to queue
[2024-09-28T08:07:46.677+0000] {logging_mixin.py:190} INFO - [2024-09-28T08:07:46.677+0000] {dagbag.py:588} INFO - Filling up the DagBag from /home/airflow/.local/lib/python3.12/site-packages/airflow/example_dags/example_dynamic_task_mapping.py
[2024-09-28T08:07:46.682+0000] {processor.py:925} INFO - DAG(s) 'example_dynamic_task_mapping' retrieved from /home/airflow/.local/lib/python3.12/site-packages/airflow/example_dags/example_dynamic_task_mapping.py
[2024-09-28T08:07:46.693+0000] {logging_mixin.py:190} INFO - [2024-09-28T08:07:46.693+0000] {dag.py:3239} INFO - Sync 1 DAGs
[2024-09-28T08:07:46.702+0000] {logging_mixin.py:190} INFO - [2024-09-28T08:07:46.702+0000] {dag.py:4180} INFO - Setting next_dagrun for example_dynamic_task_mapping to None, run_after=None
[2024-09-28T08:07:46.710+0000] {processor.py:208} INFO - Processing /home/airflow/.local/lib/python3.12/site-packages/airflow/example_dags/example_dynamic_task_mapping.py took 0.039 seconds
