[2024-09-28T07:47:26.526+0000] {processor.py:186} INFO - Started process (PID=239) to work on /home/airflow/.local/lib/python3.12/site-packages/airflow/example_dags/example_time_delta_sensor_async.py
[2024-09-28T07:47:26.528+0000] {processor.py:914} INFO - Processing file /home/airflow/.local/lib/python3.12/site-packages/airflow/example_dags/example_time_delta_sensor_async.py for tasks to queue
[2024-09-28T07:47:26.531+0000] {logging_mixin.py:190} INFO - [2024-09-28T07:47:26.531+0000] {dagbag.py:588} INFO - Filling up the DagBag from /home/airflow/.local/lib/python3.12/site-packages/airflow/example_dags/example_time_delta_sensor_async.py
[2024-09-28T07:47:26.538+0000] {processor.py:925} INFO - DAG(s) 'example_time_delta_sensor_async' retrieved from /home/airflow/.local/lib/python3.12/site-packages/airflow/example_dags/example_time_delta_sensor_async.py
[2024-09-28T07:47:26.660+0000] {logging_mixin.py:190} INFO - [2024-09-28T07:47:26.659+0000] {override.py:1900} INFO - Created Permission View: can delete on DAG:example_time_delta_sensor_async
[2024-09-28T07:47:26.670+0000] {logging_mixin.py:190} INFO - [2024-09-28T07:47:26.670+0000] {override.py:1900} INFO - Created Permission View: can edit on DAG:example_time_delta_sensor_async
[2024-09-28T07:47:26.685+0000] {logging_mixin.py:190} INFO - [2024-09-28T07:47:26.685+0000] {override.py:1900} INFO - Created Permission View: can read on DAG:example_time_delta_sensor_async
[2024-09-28T07:47:26.699+0000] {logging_mixin.py:190} INFO - [2024-09-28T07:47:26.698+0000] {override.py:1900} INFO - Created Permission View: menu access on DAG Run:example_time_delta_sensor_async
[2024-09-28T07:47:26.712+0000] {logging_mixin.py:190} INFO - [2024-09-28T07:47:26.712+0000] {override.py:1900} INFO - Created Permission View: can delete on DAG Run:example_time_delta_sensor_async
[2024-09-28T07:47:26.719+0000] {logging_mixin.py:190} INFO - [2024-09-28T07:47:26.719+0000] {override.py:1900} INFO - Created Permission View: can create on DAG Run:example_time_delta_sensor_async
[2024-09-28T07:47:26.727+0000] {logging_mixin.py:190} INFO - [2024-09-28T07:47:26.727+0000] {override.py:1900} INFO - Created Permission View: can read on DAG Run:example_time_delta_sensor_async
[2024-09-28T07:47:26.728+0000] {logging_mixin.py:190} INFO - [2024-09-28T07:47:26.728+0000] {dag.py:3239} INFO - Sync 1 DAGs
[2024-09-28T07:47:26.740+0000] {logging_mixin.py:190} INFO - [2024-09-28T07:47:26.740+0000] {dag.py:3262} INFO - Creating ORM DAG for example_time_delta_sensor_async
[2024-09-28T07:47:26.741+0000] {logging_mixin.py:190} INFO - [2024-09-28T07:47:26.741+0000] {dag.py:4180} INFO - Setting next_dagrun for example_time_delta_sensor_async to None, run_after=None
[2024-09-28T07:47:26.761+0000] {processor.py:208} INFO - Processing /home/airflow/.local/lib/python3.12/site-packages/airflow/example_dags/example_time_delta_sensor_async.py took 0.241 seconds
[2024-09-28T07:47:57.182+0000] {processor.py:186} INFO - Started process (PID=524) to work on /home/airflow/.local/lib/python3.12/site-packages/airflow/example_dags/example_time_delta_sensor_async.py
[2024-09-28T07:47:57.183+0000] {processor.py:914} INFO - Processing file /home/airflow/.local/lib/python3.12/site-packages/airflow/example_dags/example_time_delta_sensor_async.py for tasks to queue
[2024-09-28T07:47:57.184+0000] {logging_mixin.py:190} INFO - [2024-09-28T07:47:57.184+0000] {dagbag.py:588} INFO - Filling up the DagBag from /home/airflow/.local/lib/python3.12/site-packages/airflow/example_dags/example_time_delta_sensor_async.py
[2024-09-28T07:47:57.188+0000] {processor.py:925} INFO - DAG(s) 'example_time_delta_sensor_async' retrieved from /home/airflow/.local/lib/python3.12/site-packages/airflow/example_dags/example_time_delta_sensor_async.py
[2024-09-28T07:47:57.199+0000] {logging_mixin.py:190} INFO - [2024-09-28T07:47:57.198+0000] {dag.py:3239} INFO - Sync 1 DAGs
[2024-09-28T07:47:57.206+0000] {logging_mixin.py:190} INFO - [2024-09-28T07:47:57.206+0000] {dag.py:4180} INFO - Setting next_dagrun for example_time_delta_sensor_async to None, run_after=None
[2024-09-28T07:47:57.214+0000] {processor.py:208} INFO - Processing /home/airflow/.local/lib/python3.12/site-packages/airflow/example_dags/example_time_delta_sensor_async.py took 0.034 seconds
[2024-09-28T07:48:27.627+0000] {processor.py:186} INFO - Started process (PID=810) to work on /home/airflow/.local/lib/python3.12/site-packages/airflow/example_dags/example_time_delta_sensor_async.py
[2024-09-28T07:48:27.630+0000] {processor.py:914} INFO - Processing file /home/airflow/.local/lib/python3.12/site-packages/airflow/example_dags/example_time_delta_sensor_async.py for tasks to queue
[2024-09-28T07:48:27.631+0000] {logging_mixin.py:190} INFO - [2024-09-28T07:48:27.631+0000] {dagbag.py:588} INFO - Filling up the DagBag from /home/airflow/.local/lib/python3.12/site-packages/airflow/example_dags/example_time_delta_sensor_async.py
[2024-09-28T07:48:27.634+0000] {processor.py:925} INFO - DAG(s) 'example_time_delta_sensor_async' retrieved from /home/airflow/.local/lib/python3.12/site-packages/airflow/example_dags/example_time_delta_sensor_async.py
[2024-09-28T07:48:27.644+0000] {logging_mixin.py:190} INFO - [2024-09-28T07:48:27.643+0000] {dag.py:3239} INFO - Sync 1 DAGs
[2024-09-28T07:48:27.650+0000] {logging_mixin.py:190} INFO - [2024-09-28T07:48:27.650+0000] {dag.py:4180} INFO - Setting next_dagrun for example_time_delta_sensor_async to None, run_after=None
[2024-09-28T07:48:27.661+0000] {processor.py:208} INFO - Processing /home/airflow/.local/lib/python3.12/site-packages/airflow/example_dags/example_time_delta_sensor_async.py took 0.037 seconds
[2024-09-28T07:48:57.908+0000] {processor.py:186} INFO - Started process (PID=1097) to work on /home/airflow/.local/lib/python3.12/site-packages/airflow/example_dags/example_time_delta_sensor_async.py
[2024-09-28T07:48:57.911+0000] {processor.py:914} INFO - Processing file /home/airflow/.local/lib/python3.12/site-packages/airflow/example_dags/example_time_delta_sensor_async.py for tasks to queue
[2024-09-28T07:48:57.912+0000] {logging_mixin.py:190} INFO - [2024-09-28T07:48:57.912+0000] {dagbag.py:588} INFO - Filling up the DagBag from /home/airflow/.local/lib/python3.12/site-packages/airflow/example_dags/example_time_delta_sensor_async.py
[2024-09-28T07:48:57.916+0000] {processor.py:925} INFO - DAG(s) 'example_time_delta_sensor_async' retrieved from /home/airflow/.local/lib/python3.12/site-packages/airflow/example_dags/example_time_delta_sensor_async.py
[2024-09-28T07:48:57.925+0000] {logging_mixin.py:190} INFO - [2024-09-28T07:48:57.925+0000] {dag.py:3239} INFO - Sync 1 DAGs
[2024-09-28T07:48:57.931+0000] {logging_mixin.py:190} INFO - [2024-09-28T07:48:57.931+0000] {dag.py:4180} INFO - Setting next_dagrun for example_time_delta_sensor_async to None, run_after=None
[2024-09-28T07:48:57.939+0000] {processor.py:208} INFO - Processing /home/airflow/.local/lib/python3.12/site-packages/airflow/example_dags/example_time_delta_sensor_async.py took 0.034 seconds
[2024-09-28T07:49:29.068+0000] {processor.py:186} INFO - Started process (PID=1404) to work on /home/airflow/.local/lib/python3.12/site-packages/airflow/example_dags/example_time_delta_sensor_async.py
[2024-09-28T07:49:29.069+0000] {processor.py:914} INFO - Processing file /home/airflow/.local/lib/python3.12/site-packages/airflow/example_dags/example_time_delta_sensor_async.py for tasks to queue
[2024-09-28T07:49:29.071+0000] {logging_mixin.py:190} INFO - [2024-09-28T07:49:29.071+0000] {dagbag.py:588} INFO - Filling up the DagBag from /home/airflow/.local/lib/python3.12/site-packages/airflow/example_dags/example_time_delta_sensor_async.py
[2024-09-28T07:49:29.075+0000] {processor.py:925} INFO - DAG(s) 'example_time_delta_sensor_async' retrieved from /home/airflow/.local/lib/python3.12/site-packages/airflow/example_dags/example_time_delta_sensor_async.py
[2024-09-28T07:49:29.094+0000] {logging_mixin.py:190} INFO - [2024-09-28T07:49:29.094+0000] {dag.py:3239} INFO - Sync 1 DAGs
[2024-09-28T07:49:29.104+0000] {logging_mixin.py:190} INFO - [2024-09-28T07:49:29.104+0000] {dag.py:4180} INFO - Setting next_dagrun for example_time_delta_sensor_async to None, run_after=None
[2024-09-28T07:49:29.115+0000] {processor.py:208} INFO - Processing /home/airflow/.local/lib/python3.12/site-packages/airflow/example_dags/example_time_delta_sensor_async.py took 0.051 seconds
[2024-09-28T07:49:59.212+0000] {processor.py:186} INFO - Started process (PID=1690) to work on /home/airflow/.local/lib/python3.12/site-packages/airflow/example_dags/example_time_delta_sensor_async.py
[2024-09-28T07:49:59.215+0000] {processor.py:914} INFO - Processing file /home/airflow/.local/lib/python3.12/site-packages/airflow/example_dags/example_time_delta_sensor_async.py for tasks to queue
[2024-09-28T07:49:59.217+0000] {logging_mixin.py:190} INFO - [2024-09-28T07:49:59.216+0000] {dagbag.py:588} INFO - Filling up the DagBag from /home/airflow/.local/lib/python3.12/site-packages/airflow/example_dags/example_time_delta_sensor_async.py
[2024-09-28T07:49:59.220+0000] {processor.py:925} INFO - DAG(s) 'example_time_delta_sensor_async' retrieved from /home/airflow/.local/lib/python3.12/site-packages/airflow/example_dags/example_time_delta_sensor_async.py
[2024-09-28T07:49:59.231+0000] {logging_mixin.py:190} INFO - [2024-09-28T07:49:59.231+0000] {dag.py:3239} INFO - Sync 1 DAGs
[2024-09-28T07:49:59.238+0000] {logging_mixin.py:190} INFO - [2024-09-28T07:49:59.238+0000] {dag.py:4180} INFO - Setting next_dagrun for example_time_delta_sensor_async to None, run_after=None
[2024-09-28T07:49:59.246+0000] {processor.py:208} INFO - Processing /home/airflow/.local/lib/python3.12/site-packages/airflow/example_dags/example_time_delta_sensor_async.py took 0.038 seconds
[2024-09-28T07:50:29.481+0000] {processor.py:186} INFO - Started process (PID=1976) to work on /home/airflow/.local/lib/python3.12/site-packages/airflow/example_dags/example_time_delta_sensor_async.py
[2024-09-28T07:50:29.482+0000] {processor.py:914} INFO - Processing file /home/airflow/.local/lib/python3.12/site-packages/airflow/example_dags/example_time_delta_sensor_async.py for tasks to queue
[2024-09-28T07:50:29.484+0000] {logging_mixin.py:190} INFO - [2024-09-28T07:50:29.484+0000] {dagbag.py:588} INFO - Filling up the DagBag from /home/airflow/.local/lib/python3.12/site-packages/airflow/example_dags/example_time_delta_sensor_async.py
[2024-09-28T07:50:29.488+0000] {processor.py:925} INFO - DAG(s) 'example_time_delta_sensor_async' retrieved from /home/airflow/.local/lib/python3.12/site-packages/airflow/example_dags/example_time_delta_sensor_async.py
[2024-09-28T07:50:29.505+0000] {logging_mixin.py:190} INFO - [2024-09-28T07:50:29.505+0000] {dag.py:3239} INFO - Sync 1 DAGs
[2024-09-28T07:50:29.512+0000] {logging_mixin.py:190} INFO - [2024-09-28T07:50:29.512+0000] {dag.py:4180} INFO - Setting next_dagrun for example_time_delta_sensor_async to None, run_after=None
[2024-09-28T07:50:29.520+0000] {processor.py:208} INFO - Processing /home/airflow/.local/lib/python3.12/site-packages/airflow/example_dags/example_time_delta_sensor_async.py took 0.042 seconds
[2024-09-28T07:50:59.868+0000] {processor.py:186} INFO - Started process (PID=2267) to work on /home/airflow/.local/lib/python3.12/site-packages/airflow/example_dags/example_time_delta_sensor_async.py
[2024-09-28T07:50:59.872+0000] {processor.py:914} INFO - Processing file /home/airflow/.local/lib/python3.12/site-packages/airflow/example_dags/example_time_delta_sensor_async.py for tasks to queue
[2024-09-28T07:50:59.877+0000] {logging_mixin.py:190} INFO - [2024-09-28T07:50:59.877+0000] {dagbag.py:588} INFO - Filling up the DagBag from /home/airflow/.local/lib/python3.12/site-packages/airflow/example_dags/example_time_delta_sensor_async.py
[2024-09-28T07:50:59.882+0000] {processor.py:925} INFO - DAG(s) 'example_time_delta_sensor_async' retrieved from /home/airflow/.local/lib/python3.12/site-packages/airflow/example_dags/example_time_delta_sensor_async.py
[2024-09-28T07:50:59.895+0000] {logging_mixin.py:190} INFO - [2024-09-28T07:50:59.895+0000] {dag.py:3239} INFO - Sync 1 DAGs
[2024-09-28T07:50:59.902+0000] {logging_mixin.py:190} INFO - [2024-09-28T07:50:59.902+0000] {dag.py:4180} INFO - Setting next_dagrun for example_time_delta_sensor_async to None, run_after=None
[2024-09-28T07:50:59.912+0000] {processor.py:208} INFO - Processing /home/airflow/.local/lib/python3.12/site-packages/airflow/example_dags/example_time_delta_sensor_async.py took 0.048 seconds
[2024-09-28T07:51:30.123+0000] {processor.py:186} INFO - Started process (PID=2552) to work on /home/airflow/.local/lib/python3.12/site-packages/airflow/example_dags/example_time_delta_sensor_async.py
[2024-09-28T07:51:30.125+0000] {processor.py:914} INFO - Processing file /home/airflow/.local/lib/python3.12/site-packages/airflow/example_dags/example_time_delta_sensor_async.py for tasks to queue
[2024-09-28T07:51:30.127+0000] {logging_mixin.py:190} INFO - [2024-09-28T07:51:30.126+0000] {dagbag.py:588} INFO - Filling up the DagBag from /home/airflow/.local/lib/python3.12/site-packages/airflow/example_dags/example_time_delta_sensor_async.py
[2024-09-28T07:51:30.130+0000] {processor.py:925} INFO - DAG(s) 'example_time_delta_sensor_async' retrieved from /home/airflow/.local/lib/python3.12/site-packages/airflow/example_dags/example_time_delta_sensor_async.py
[2024-09-28T07:51:30.142+0000] {logging_mixin.py:190} INFO - [2024-09-28T07:51:30.142+0000] {dag.py:3239} INFO - Sync 1 DAGs
[2024-09-28T07:51:30.153+0000] {logging_mixin.py:190} INFO - [2024-09-28T07:51:30.153+0000] {dag.py:4180} INFO - Setting next_dagrun for example_time_delta_sensor_async to None, run_after=None
[2024-09-28T07:51:30.165+0000] {processor.py:208} INFO - Processing /home/airflow/.local/lib/python3.12/site-packages/airflow/example_dags/example_time_delta_sensor_async.py took 0.045 seconds
[2024-09-28T07:52:00.266+0000] {processor.py:186} INFO - Started process (PID=2838) to work on /home/airflow/.local/lib/python3.12/site-packages/airflow/example_dags/example_time_delta_sensor_async.py
[2024-09-28T07:52:00.269+0000] {processor.py:914} INFO - Processing file /home/airflow/.local/lib/python3.12/site-packages/airflow/example_dags/example_time_delta_sensor_async.py for tasks to queue
[2024-09-28T07:52:00.270+0000] {logging_mixin.py:190} INFO - [2024-09-28T07:52:00.270+0000] {dagbag.py:588} INFO - Filling up the DagBag from /home/airflow/.local/lib/python3.12/site-packages/airflow/example_dags/example_time_delta_sensor_async.py
[2024-09-28T07:52:00.276+0000] {processor.py:925} INFO - DAG(s) 'example_time_delta_sensor_async' retrieved from /home/airflow/.local/lib/python3.12/site-packages/airflow/example_dags/example_time_delta_sensor_async.py
[2024-09-28T07:52:00.286+0000] {logging_mixin.py:190} INFO - [2024-09-28T07:52:00.285+0000] {dag.py:3239} INFO - Sync 1 DAGs
[2024-09-28T07:52:00.293+0000] {logging_mixin.py:190} INFO - [2024-09-28T07:52:00.293+0000] {dag.py:4180} INFO - Setting next_dagrun for example_time_delta_sensor_async to None, run_after=None
[2024-09-28T07:52:00.303+0000] {processor.py:208} INFO - Processing /home/airflow/.local/lib/python3.12/site-packages/airflow/example_dags/example_time_delta_sensor_async.py took 0.041 seconds
[2024-09-28T07:52:31.476+0000] {processor.py:186} INFO - Started process (PID=3124) to work on /home/airflow/.local/lib/python3.12/site-packages/airflow/example_dags/example_time_delta_sensor_async.py
[2024-09-28T07:52:31.477+0000] {processor.py:914} INFO - Processing file /home/airflow/.local/lib/python3.12/site-packages/airflow/example_dags/example_time_delta_sensor_async.py for tasks to queue
[2024-09-28T07:52:31.478+0000] {logging_mixin.py:190} INFO - [2024-09-28T07:52:31.478+0000] {dagbag.py:588} INFO - Filling up the DagBag from /home/airflow/.local/lib/python3.12/site-packages/airflow/example_dags/example_time_delta_sensor_async.py
[2024-09-28T07:52:31.483+0000] {processor.py:925} INFO - DAG(s) 'example_time_delta_sensor_async' retrieved from /home/airflow/.local/lib/python3.12/site-packages/airflow/example_dags/example_time_delta_sensor_async.py
[2024-09-28T07:52:31.496+0000] {logging_mixin.py:190} INFO - [2024-09-28T07:52:31.496+0000] {dag.py:3239} INFO - Sync 1 DAGs
[2024-09-28T07:52:31.505+0000] {logging_mixin.py:190} INFO - [2024-09-28T07:52:31.505+0000] {dag.py:4180} INFO - Setting next_dagrun for example_time_delta_sensor_async to None, run_after=None
[2024-09-28T07:52:31.516+0000] {processor.py:208} INFO - Processing /home/airflow/.local/lib/python3.12/site-packages/airflow/example_dags/example_time_delta_sensor_async.py took 0.044 seconds
[2024-09-28T07:53:01.724+0000] {processor.py:186} INFO - Started process (PID=3410) to work on /home/airflow/.local/lib/python3.12/site-packages/airflow/example_dags/example_time_delta_sensor_async.py
[2024-09-28T07:53:01.725+0000] {processor.py:914} INFO - Processing file /home/airflow/.local/lib/python3.12/site-packages/airflow/example_dags/example_time_delta_sensor_async.py for tasks to queue
[2024-09-28T07:53:01.726+0000] {logging_mixin.py:190} INFO - [2024-09-28T07:53:01.726+0000] {dagbag.py:588} INFO - Filling up the DagBag from /home/airflow/.local/lib/python3.12/site-packages/airflow/example_dags/example_time_delta_sensor_async.py
[2024-09-28T07:53:01.729+0000] {processor.py:925} INFO - DAG(s) 'example_time_delta_sensor_async' retrieved from /home/airflow/.local/lib/python3.12/site-packages/airflow/example_dags/example_time_delta_sensor_async.py
[2024-09-28T07:53:01.741+0000] {logging_mixin.py:190} INFO - [2024-09-28T07:53:01.741+0000] {dag.py:3239} INFO - Sync 1 DAGs
[2024-09-28T07:53:01.747+0000] {logging_mixin.py:190} INFO - [2024-09-28T07:53:01.747+0000] {dag.py:4180} INFO - Setting next_dagrun for example_time_delta_sensor_async to None, run_after=None
[2024-09-28T07:53:01.758+0000] {processor.py:208} INFO - Processing /home/airflow/.local/lib/python3.12/site-packages/airflow/example_dags/example_time_delta_sensor_async.py took 0.037 seconds
[2024-09-28T07:53:32.066+0000] {processor.py:186} INFO - Started process (PID=3696) to work on /home/airflow/.local/lib/python3.12/site-packages/airflow/example_dags/example_time_delta_sensor_async.py
[2024-09-28T07:53:32.067+0000] {processor.py:914} INFO - Processing file /home/airflow/.local/lib/python3.12/site-packages/airflow/example_dags/example_time_delta_sensor_async.py for tasks to queue
[2024-09-28T07:53:32.068+0000] {logging_mixin.py:190} INFO - [2024-09-28T07:53:32.068+0000] {dagbag.py:588} INFO - Filling up the DagBag from /home/airflow/.local/lib/python3.12/site-packages/airflow/example_dags/example_time_delta_sensor_async.py
[2024-09-28T07:53:32.072+0000] {processor.py:925} INFO - DAG(s) 'example_time_delta_sensor_async' retrieved from /home/airflow/.local/lib/python3.12/site-packages/airflow/example_dags/example_time_delta_sensor_async.py
[2024-09-28T07:53:32.085+0000] {logging_mixin.py:190} INFO - [2024-09-28T07:53:32.085+0000] {dag.py:3239} INFO - Sync 1 DAGs
[2024-09-28T07:53:32.094+0000] {logging_mixin.py:190} INFO - [2024-09-28T07:53:32.094+0000] {dag.py:4180} INFO - Setting next_dagrun for example_time_delta_sensor_async to None, run_after=None
[2024-09-28T07:53:32.106+0000] {processor.py:208} INFO - Processing /home/airflow/.local/lib/python3.12/site-packages/airflow/example_dags/example_time_delta_sensor_async.py took 0.043 seconds
[2024-09-28T07:54:02.316+0000] {processor.py:186} INFO - Started process (PID=3982) to work on /home/airflow/.local/lib/python3.12/site-packages/airflow/example_dags/example_time_delta_sensor_async.py
[2024-09-28T07:54:02.317+0000] {processor.py:914} INFO - Processing file /home/airflow/.local/lib/python3.12/site-packages/airflow/example_dags/example_time_delta_sensor_async.py for tasks to queue
[2024-09-28T07:54:02.319+0000] {logging_mixin.py:190} INFO - [2024-09-28T07:54:02.319+0000] {dagbag.py:588} INFO - Filling up the DagBag from /home/airflow/.local/lib/python3.12/site-packages/airflow/example_dags/example_time_delta_sensor_async.py
[2024-09-28T07:54:02.322+0000] {processor.py:925} INFO - DAG(s) 'example_time_delta_sensor_async' retrieved from /home/airflow/.local/lib/python3.12/site-packages/airflow/example_dags/example_time_delta_sensor_async.py
[2024-09-28T07:54:02.336+0000] {logging_mixin.py:190} INFO - [2024-09-28T07:54:02.335+0000] {dag.py:3239} INFO - Sync 1 DAGs
[2024-09-28T07:54:02.343+0000] {logging_mixin.py:190} INFO - [2024-09-28T07:54:02.343+0000] {dag.py:4180} INFO - Setting next_dagrun for example_time_delta_sensor_async to None, run_after=None
[2024-09-28T07:54:02.353+0000] {processor.py:208} INFO - Processing /home/airflow/.local/lib/python3.12/site-packages/airflow/example_dags/example_time_delta_sensor_async.py took 0.041 seconds
[2024-09-28T07:54:32.587+0000] {processor.py:186} INFO - Started process (PID=4268) to work on /home/airflow/.local/lib/python3.12/site-packages/airflow/example_dags/example_time_delta_sensor_async.py
[2024-09-28T07:54:32.588+0000] {processor.py:914} INFO - Processing file /home/airflow/.local/lib/python3.12/site-packages/airflow/example_dags/example_time_delta_sensor_async.py for tasks to queue
[2024-09-28T07:54:32.590+0000] {logging_mixin.py:190} INFO - [2024-09-28T07:54:32.590+0000] {dagbag.py:588} INFO - Filling up the DagBag from /home/airflow/.local/lib/python3.12/site-packages/airflow/example_dags/example_time_delta_sensor_async.py
[2024-09-28T07:54:32.595+0000] {processor.py:925} INFO - DAG(s) 'example_time_delta_sensor_async' retrieved from /home/airflow/.local/lib/python3.12/site-packages/airflow/example_dags/example_time_delta_sensor_async.py
[2024-09-28T07:54:32.606+0000] {logging_mixin.py:190} INFO - [2024-09-28T07:54:32.606+0000] {dag.py:3239} INFO - Sync 1 DAGs
[2024-09-28T07:54:32.614+0000] {logging_mixin.py:190} INFO - [2024-09-28T07:54:32.614+0000] {dag.py:4180} INFO - Setting next_dagrun for example_time_delta_sensor_async to None, run_after=None
[2024-09-28T07:54:32.628+0000] {processor.py:208} INFO - Processing /home/airflow/.local/lib/python3.12/site-packages/airflow/example_dags/example_time_delta_sensor_async.py took 0.045 seconds
[2024-09-28T07:55:03.153+0000] {processor.py:186} INFO - Started process (PID=4556) to work on /home/airflow/.local/lib/python3.12/site-packages/airflow/example_dags/example_time_delta_sensor_async.py
[2024-09-28T07:55:03.154+0000] {processor.py:914} INFO - Processing file /home/airflow/.local/lib/python3.12/site-packages/airflow/example_dags/example_time_delta_sensor_async.py for tasks to queue
[2024-09-28T07:55:03.155+0000] {logging_mixin.py:190} INFO - [2024-09-28T07:55:03.155+0000] {dagbag.py:588} INFO - Filling up the DagBag from /home/airflow/.local/lib/python3.12/site-packages/airflow/example_dags/example_time_delta_sensor_async.py
[2024-09-28T07:55:03.159+0000] {processor.py:925} INFO - DAG(s) 'example_time_delta_sensor_async' retrieved from /home/airflow/.local/lib/python3.12/site-packages/airflow/example_dags/example_time_delta_sensor_async.py
[2024-09-28T07:55:03.169+0000] {logging_mixin.py:190} INFO - [2024-09-28T07:55:03.169+0000] {dag.py:3239} INFO - Sync 1 DAGs
[2024-09-28T07:55:03.178+0000] {logging_mixin.py:190} INFO - [2024-09-28T07:55:03.178+0000] {dag.py:4180} INFO - Setting next_dagrun for example_time_delta_sensor_async to None, run_after=None
[2024-09-28T07:55:03.187+0000] {processor.py:208} INFO - Processing /home/airflow/.local/lib/python3.12/site-packages/airflow/example_dags/example_time_delta_sensor_async.py took 0.037 seconds
[2024-09-28T07:55:33.435+0000] {processor.py:186} INFO - Started process (PID=4840) to work on /home/airflow/.local/lib/python3.12/site-packages/airflow/example_dags/example_time_delta_sensor_async.py
[2024-09-28T07:55:33.439+0000] {processor.py:914} INFO - Processing file /home/airflow/.local/lib/python3.12/site-packages/airflow/example_dags/example_time_delta_sensor_async.py for tasks to queue
[2024-09-28T07:55:33.440+0000] {logging_mixin.py:190} INFO - [2024-09-28T07:55:33.440+0000] {dagbag.py:588} INFO - Filling up the DagBag from /home/airflow/.local/lib/python3.12/site-packages/airflow/example_dags/example_time_delta_sensor_async.py
[2024-09-28T07:55:33.445+0000] {processor.py:925} INFO - DAG(s) 'example_time_delta_sensor_async' retrieved from /home/airflow/.local/lib/python3.12/site-packages/airflow/example_dags/example_time_delta_sensor_async.py
[2024-09-28T07:55:33.458+0000] {logging_mixin.py:190} INFO - [2024-09-28T07:55:33.457+0000] {dag.py:3239} INFO - Sync 1 DAGs
[2024-09-28T07:55:33.465+0000] {logging_mixin.py:190} INFO - [2024-09-28T07:55:33.465+0000] {dag.py:4180} INFO - Setting next_dagrun for example_time_delta_sensor_async to None, run_after=None
[2024-09-28T07:55:33.484+0000] {processor.py:208} INFO - Processing /home/airflow/.local/lib/python3.12/site-packages/airflow/example_dags/example_time_delta_sensor_async.py took 0.052 seconds
[2024-09-28T07:56:03.876+0000] {processor.py:186} INFO - Started process (PID=5126) to work on /home/airflow/.local/lib/python3.12/site-packages/airflow/example_dags/example_time_delta_sensor_async.py
[2024-09-28T07:56:03.879+0000] {processor.py:914} INFO - Processing file /home/airflow/.local/lib/python3.12/site-packages/airflow/example_dags/example_time_delta_sensor_async.py for tasks to queue
[2024-09-28T07:56:03.880+0000] {logging_mixin.py:190} INFO - [2024-09-28T07:56:03.880+0000] {dagbag.py:588} INFO - Filling up the DagBag from /home/airflow/.local/lib/python3.12/site-packages/airflow/example_dags/example_time_delta_sensor_async.py
[2024-09-28T07:56:03.883+0000] {processor.py:925} INFO - DAG(s) 'example_time_delta_sensor_async' retrieved from /home/airflow/.local/lib/python3.12/site-packages/airflow/example_dags/example_time_delta_sensor_async.py
[2024-09-28T07:56:03.894+0000] {logging_mixin.py:190} INFO - [2024-09-28T07:56:03.893+0000] {dag.py:3239} INFO - Sync 1 DAGs
[2024-09-28T07:56:03.904+0000] {logging_mixin.py:190} INFO - [2024-09-28T07:56:03.904+0000] {dag.py:4180} INFO - Setting next_dagrun for example_time_delta_sensor_async to None, run_after=None
[2024-09-28T07:56:03.913+0000] {processor.py:208} INFO - Processing /home/airflow/.local/lib/python3.12/site-packages/airflow/example_dags/example_time_delta_sensor_async.py took 0.040 seconds
[2024-09-28T07:56:34.263+0000] {processor.py:186} INFO - Started process (PID=5412) to work on /home/airflow/.local/lib/python3.12/site-packages/airflow/example_dags/example_time_delta_sensor_async.py
[2024-09-28T07:56:34.263+0000] {processor.py:914} INFO - Processing file /home/airflow/.local/lib/python3.12/site-packages/airflow/example_dags/example_time_delta_sensor_async.py for tasks to queue
[2024-09-28T07:56:34.266+0000] {logging_mixin.py:190} INFO - [2024-09-28T07:56:34.266+0000] {dagbag.py:588} INFO - Filling up the DagBag from /home/airflow/.local/lib/python3.12/site-packages/airflow/example_dags/example_time_delta_sensor_async.py
[2024-09-28T07:56:34.270+0000] {processor.py:925} INFO - DAG(s) 'example_time_delta_sensor_async' retrieved from /home/airflow/.local/lib/python3.12/site-packages/airflow/example_dags/example_time_delta_sensor_async.py
[2024-09-28T07:56:34.285+0000] {logging_mixin.py:190} INFO - [2024-09-28T07:56:34.285+0000] {dag.py:3239} INFO - Sync 1 DAGs
[2024-09-28T07:56:34.295+0000] {logging_mixin.py:190} INFO - [2024-09-28T07:56:34.295+0000] {dag.py:4180} INFO - Setting next_dagrun for example_time_delta_sensor_async to None, run_after=None
[2024-09-28T07:56:34.307+0000] {processor.py:208} INFO - Processing /home/airflow/.local/lib/python3.12/site-packages/airflow/example_dags/example_time_delta_sensor_async.py took 0.048 seconds
[2024-09-28T07:57:04.563+0000] {processor.py:186} INFO - Started process (PID=5698) to work on /home/airflow/.local/lib/python3.12/site-packages/airflow/example_dags/example_time_delta_sensor_async.py
[2024-09-28T07:57:04.565+0000] {processor.py:914} INFO - Processing file /home/airflow/.local/lib/python3.12/site-packages/airflow/example_dags/example_time_delta_sensor_async.py for tasks to queue
[2024-09-28T07:57:04.567+0000] {logging_mixin.py:190} INFO - [2024-09-28T07:57:04.567+0000] {dagbag.py:588} INFO - Filling up the DagBag from /home/airflow/.local/lib/python3.12/site-packages/airflow/example_dags/example_time_delta_sensor_async.py
[2024-09-28T07:57:04.572+0000] {processor.py:925} INFO - DAG(s) 'example_time_delta_sensor_async' retrieved from /home/airflow/.local/lib/python3.12/site-packages/airflow/example_dags/example_time_delta_sensor_async.py
[2024-09-28T07:57:04.585+0000] {logging_mixin.py:190} INFO - [2024-09-28T07:57:04.585+0000] {dag.py:3239} INFO - Sync 1 DAGs
[2024-09-28T07:57:04.593+0000] {logging_mixin.py:190} INFO - [2024-09-28T07:57:04.593+0000] {dag.py:4180} INFO - Setting next_dagrun for example_time_delta_sensor_async to None, run_after=None
[2024-09-28T07:57:04.607+0000] {processor.py:208} INFO - Processing /home/airflow/.local/lib/python3.12/site-packages/airflow/example_dags/example_time_delta_sensor_async.py took 0.048 seconds
[2024-09-28T07:57:34.929+0000] {processor.py:186} INFO - Started process (PID=5984) to work on /home/airflow/.local/lib/python3.12/site-packages/airflow/example_dags/example_time_delta_sensor_async.py
[2024-09-28T07:57:34.932+0000] {processor.py:914} INFO - Processing file /home/airflow/.local/lib/python3.12/site-packages/airflow/example_dags/example_time_delta_sensor_async.py for tasks to queue
[2024-09-28T07:57:34.935+0000] {logging_mixin.py:190} INFO - [2024-09-28T07:57:34.935+0000] {dagbag.py:588} INFO - Filling up the DagBag from /home/airflow/.local/lib/python3.12/site-packages/airflow/example_dags/example_time_delta_sensor_async.py
[2024-09-28T07:57:34.941+0000] {processor.py:925} INFO - DAG(s) 'example_time_delta_sensor_async' retrieved from /home/airflow/.local/lib/python3.12/site-packages/airflow/example_dags/example_time_delta_sensor_async.py
[2024-09-28T07:57:34.955+0000] {logging_mixin.py:190} INFO - [2024-09-28T07:57:34.955+0000] {dag.py:3239} INFO - Sync 1 DAGs
[2024-09-28T07:57:34.965+0000] {logging_mixin.py:190} INFO - [2024-09-28T07:57:34.965+0000] {dag.py:4180} INFO - Setting next_dagrun for example_time_delta_sensor_async to None, run_after=None
[2024-09-28T07:57:34.974+0000] {processor.py:208} INFO - Processing /home/airflow/.local/lib/python3.12/site-packages/airflow/example_dags/example_time_delta_sensor_async.py took 0.048 seconds
[2024-09-28T07:58:05.162+0000] {processor.py:186} INFO - Started process (PID=6269) to work on /home/airflow/.local/lib/python3.12/site-packages/airflow/example_dags/example_time_delta_sensor_async.py
[2024-09-28T07:58:05.166+0000] {processor.py:914} INFO - Processing file /home/airflow/.local/lib/python3.12/site-packages/airflow/example_dags/example_time_delta_sensor_async.py for tasks to queue
[2024-09-28T07:58:05.168+0000] {logging_mixin.py:190} INFO - [2024-09-28T07:58:05.168+0000] {dagbag.py:588} INFO - Filling up the DagBag from /home/airflow/.local/lib/python3.12/site-packages/airflow/example_dags/example_time_delta_sensor_async.py
[2024-09-28T07:58:05.174+0000] {processor.py:925} INFO - DAG(s) 'example_time_delta_sensor_async' retrieved from /home/airflow/.local/lib/python3.12/site-packages/airflow/example_dags/example_time_delta_sensor_async.py
[2024-09-28T07:58:05.187+0000] {logging_mixin.py:190} INFO - [2024-09-28T07:58:05.187+0000] {dag.py:3239} INFO - Sync 1 DAGs
[2024-09-28T07:58:05.194+0000] {logging_mixin.py:190} INFO - [2024-09-28T07:58:05.193+0000] {dag.py:4180} INFO - Setting next_dagrun for example_time_delta_sensor_async to None, run_after=None
[2024-09-28T07:58:05.204+0000] {processor.py:208} INFO - Processing /home/airflow/.local/lib/python3.12/site-packages/airflow/example_dags/example_time_delta_sensor_async.py took 0.046 seconds
[2024-09-28T07:58:35.570+0000] {processor.py:186} INFO - Started process (PID=6555) to work on /home/airflow/.local/lib/python3.12/site-packages/airflow/example_dags/example_time_delta_sensor_async.py
[2024-09-28T07:58:35.571+0000] {processor.py:914} INFO - Processing file /home/airflow/.local/lib/python3.12/site-packages/airflow/example_dags/example_time_delta_sensor_async.py for tasks to queue
[2024-09-28T07:58:35.575+0000] {logging_mixin.py:190} INFO - [2024-09-28T07:58:35.575+0000] {dagbag.py:588} INFO - Filling up the DagBag from /home/airflow/.local/lib/python3.12/site-packages/airflow/example_dags/example_time_delta_sensor_async.py
[2024-09-28T07:58:35.579+0000] {processor.py:925} INFO - DAG(s) 'example_time_delta_sensor_async' retrieved from /home/airflow/.local/lib/python3.12/site-packages/airflow/example_dags/example_time_delta_sensor_async.py
[2024-09-28T07:58:35.590+0000] {logging_mixin.py:190} INFO - [2024-09-28T07:58:35.590+0000] {dag.py:3239} INFO - Sync 1 DAGs
[2024-09-28T07:58:35.597+0000] {logging_mixin.py:190} INFO - [2024-09-28T07:58:35.597+0000] {dag.py:4180} INFO - Setting next_dagrun for example_time_delta_sensor_async to None, run_after=None
[2024-09-28T07:58:35.605+0000] {processor.py:208} INFO - Processing /home/airflow/.local/lib/python3.12/site-packages/airflow/example_dags/example_time_delta_sensor_async.py took 0.038 seconds
[2024-09-28T07:59:05.948+0000] {processor.py:186} INFO - Started process (PID=6841) to work on /home/airflow/.local/lib/python3.12/site-packages/airflow/example_dags/example_time_delta_sensor_async.py
[2024-09-28T07:59:05.949+0000] {processor.py:914} INFO - Processing file /home/airflow/.local/lib/python3.12/site-packages/airflow/example_dags/example_time_delta_sensor_async.py for tasks to queue
[2024-09-28T07:59:05.951+0000] {logging_mixin.py:190} INFO - [2024-09-28T07:59:05.951+0000] {dagbag.py:588} INFO - Filling up the DagBag from /home/airflow/.local/lib/python3.12/site-packages/airflow/example_dags/example_time_delta_sensor_async.py
[2024-09-28T07:59:05.957+0000] {processor.py:925} INFO - DAG(s) 'example_time_delta_sensor_async' retrieved from /home/airflow/.local/lib/python3.12/site-packages/airflow/example_dags/example_time_delta_sensor_async.py
[2024-09-28T07:59:05.970+0000] {logging_mixin.py:190} INFO - [2024-09-28T07:59:05.970+0000] {dag.py:3239} INFO - Sync 1 DAGs
[2024-09-28T07:59:05.977+0000] {logging_mixin.py:190} INFO - [2024-09-28T07:59:05.976+0000] {dag.py:4180} INFO - Setting next_dagrun for example_time_delta_sensor_async to None, run_after=None
[2024-09-28T07:59:05.986+0000] {processor.py:208} INFO - Processing /home/airflow/.local/lib/python3.12/site-packages/airflow/example_dags/example_time_delta_sensor_async.py took 0.041 seconds
[2024-09-28T07:59:36.489+0000] {processor.py:186} INFO - Started process (PID=7129) to work on /home/airflow/.local/lib/python3.12/site-packages/airflow/example_dags/example_time_delta_sensor_async.py
[2024-09-28T07:59:36.489+0000] {processor.py:914} INFO - Processing file /home/airflow/.local/lib/python3.12/site-packages/airflow/example_dags/example_time_delta_sensor_async.py for tasks to queue
[2024-09-28T07:59:36.491+0000] {logging_mixin.py:190} INFO - [2024-09-28T07:59:36.490+0000] {dagbag.py:588} INFO - Filling up the DagBag from /home/airflow/.local/lib/python3.12/site-packages/airflow/example_dags/example_time_delta_sensor_async.py
[2024-09-28T07:59:36.494+0000] {processor.py:925} INFO - DAG(s) 'example_time_delta_sensor_async' retrieved from /home/airflow/.local/lib/python3.12/site-packages/airflow/example_dags/example_time_delta_sensor_async.py
[2024-09-28T07:59:36.505+0000] {logging_mixin.py:190} INFO - [2024-09-28T07:59:36.504+0000] {dag.py:3239} INFO - Sync 1 DAGs
[2024-09-28T07:59:36.513+0000] {logging_mixin.py:190} INFO - [2024-09-28T07:59:36.513+0000] {dag.py:4180} INFO - Setting next_dagrun for example_time_delta_sensor_async to None, run_after=None
[2024-09-28T07:59:36.527+0000] {processor.py:208} INFO - Processing /home/airflow/.local/lib/python3.12/site-packages/airflow/example_dags/example_time_delta_sensor_async.py took 0.042 seconds
[2024-09-28T08:00:06.905+0000] {processor.py:186} INFO - Started process (PID=7415) to work on /home/airflow/.local/lib/python3.12/site-packages/airflow/example_dags/example_time_delta_sensor_async.py
[2024-09-28T08:00:06.906+0000] {processor.py:914} INFO - Processing file /home/airflow/.local/lib/python3.12/site-packages/airflow/example_dags/example_time_delta_sensor_async.py for tasks to queue
[2024-09-28T08:00:06.907+0000] {logging_mixin.py:190} INFO - [2024-09-28T08:00:06.907+0000] {dagbag.py:588} INFO - Filling up the DagBag from /home/airflow/.local/lib/python3.12/site-packages/airflow/example_dags/example_time_delta_sensor_async.py
[2024-09-28T08:00:06.911+0000] {processor.py:925} INFO - DAG(s) 'example_time_delta_sensor_async' retrieved from /home/airflow/.local/lib/python3.12/site-packages/airflow/example_dags/example_time_delta_sensor_async.py
[2024-09-28T08:00:06.923+0000] {logging_mixin.py:190} INFO - [2024-09-28T08:00:06.922+0000] {dag.py:3239} INFO - Sync 1 DAGs
[2024-09-28T08:00:06.930+0000] {logging_mixin.py:190} INFO - [2024-09-28T08:00:06.930+0000] {dag.py:4180} INFO - Setting next_dagrun for example_time_delta_sensor_async to None, run_after=None
[2024-09-28T08:00:06.942+0000] {processor.py:208} INFO - Processing /home/airflow/.local/lib/python3.12/site-packages/airflow/example_dags/example_time_delta_sensor_async.py took 0.040 seconds
[2024-09-28T08:00:37.212+0000] {processor.py:186} INFO - Started process (PID=7699) to work on /home/airflow/.local/lib/python3.12/site-packages/airflow/example_dags/example_time_delta_sensor_async.py
[2024-09-28T08:00:37.213+0000] {processor.py:914} INFO - Processing file /home/airflow/.local/lib/python3.12/site-packages/airflow/example_dags/example_time_delta_sensor_async.py for tasks to queue
[2024-09-28T08:00:37.216+0000] {logging_mixin.py:190} INFO - [2024-09-28T08:00:37.216+0000] {dagbag.py:588} INFO - Filling up the DagBag from /home/airflow/.local/lib/python3.12/site-packages/airflow/example_dags/example_time_delta_sensor_async.py
[2024-09-28T08:00:37.219+0000] {processor.py:925} INFO - DAG(s) 'example_time_delta_sensor_async' retrieved from /home/airflow/.local/lib/python3.12/site-packages/airflow/example_dags/example_time_delta_sensor_async.py
[2024-09-28T08:00:37.230+0000] {logging_mixin.py:190} INFO - [2024-09-28T08:00:37.230+0000] {dag.py:3239} INFO - Sync 1 DAGs
[2024-09-28T08:00:37.237+0000] {logging_mixin.py:190} INFO - [2024-09-28T08:00:37.237+0000] {dag.py:4180} INFO - Setting next_dagrun for example_time_delta_sensor_async to None, run_after=None
[2024-09-28T08:00:37.246+0000] {processor.py:208} INFO - Processing /home/airflow/.local/lib/python3.12/site-packages/airflow/example_dags/example_time_delta_sensor_async.py took 0.038 seconds
[2024-09-28T08:01:07.819+0000] {processor.py:186} INFO - Started process (PID=7985) to work on /home/airflow/.local/lib/python3.12/site-packages/airflow/example_dags/example_time_delta_sensor_async.py
[2024-09-28T08:01:07.823+0000] {processor.py:914} INFO - Processing file /home/airflow/.local/lib/python3.12/site-packages/airflow/example_dags/example_time_delta_sensor_async.py for tasks to queue
[2024-09-28T08:01:07.824+0000] {logging_mixin.py:190} INFO - [2024-09-28T08:01:07.824+0000] {dagbag.py:588} INFO - Filling up the DagBag from /home/airflow/.local/lib/python3.12/site-packages/airflow/example_dags/example_time_delta_sensor_async.py
[2024-09-28T08:01:07.827+0000] {processor.py:925} INFO - DAG(s) 'example_time_delta_sensor_async' retrieved from /home/airflow/.local/lib/python3.12/site-packages/airflow/example_dags/example_time_delta_sensor_async.py
[2024-09-28T08:01:07.847+0000] {logging_mixin.py:190} INFO - [2024-09-28T08:01:07.847+0000] {dag.py:3239} INFO - Sync 1 DAGs
[2024-09-28T08:01:07.857+0000] {logging_mixin.py:190} INFO - [2024-09-28T08:01:07.857+0000] {dag.py:4180} INFO - Setting next_dagrun for example_time_delta_sensor_async to None, run_after=None
[2024-09-28T08:01:07.871+0000] {processor.py:208} INFO - Processing /home/airflow/.local/lib/python3.12/site-packages/airflow/example_dags/example_time_delta_sensor_async.py took 0.056 seconds
[2024-09-28T08:01:38.407+0000] {processor.py:186} INFO - Started process (PID=8271) to work on /home/airflow/.local/lib/python3.12/site-packages/airflow/example_dags/example_time_delta_sensor_async.py
[2024-09-28T08:01:38.409+0000] {processor.py:914} INFO - Processing file /home/airflow/.local/lib/python3.12/site-packages/airflow/example_dags/example_time_delta_sensor_async.py for tasks to queue
[2024-09-28T08:01:38.410+0000] {logging_mixin.py:190} INFO - [2024-09-28T08:01:38.410+0000] {dagbag.py:588} INFO - Filling up the DagBag from /home/airflow/.local/lib/python3.12/site-packages/airflow/example_dags/example_time_delta_sensor_async.py
[2024-09-28T08:01:38.413+0000] {processor.py:925} INFO - DAG(s) 'example_time_delta_sensor_async' retrieved from /home/airflow/.local/lib/python3.12/site-packages/airflow/example_dags/example_time_delta_sensor_async.py
[2024-09-28T08:01:38.427+0000] {logging_mixin.py:190} INFO - [2024-09-28T08:01:38.426+0000] {dag.py:3239} INFO - Sync 1 DAGs
[2024-09-28T08:01:38.434+0000] {logging_mixin.py:190} INFO - [2024-09-28T08:01:38.434+0000] {dag.py:4180} INFO - Setting next_dagrun for example_time_delta_sensor_async to None, run_after=None
[2024-09-28T08:01:38.442+0000] {processor.py:208} INFO - Processing /home/airflow/.local/lib/python3.12/site-packages/airflow/example_dags/example_time_delta_sensor_async.py took 0.039 seconds
[2024-09-28T08:02:09.116+0000] {processor.py:186} INFO - Started process (PID=8557) to work on /home/airflow/.local/lib/python3.12/site-packages/airflow/example_dags/example_time_delta_sensor_async.py
[2024-09-28T08:02:09.116+0000] {processor.py:914} INFO - Processing file /home/airflow/.local/lib/python3.12/site-packages/airflow/example_dags/example_time_delta_sensor_async.py for tasks to queue
[2024-09-28T08:02:09.120+0000] {logging_mixin.py:190} INFO - [2024-09-28T08:02:09.119+0000] {dagbag.py:588} INFO - Filling up the DagBag from /home/airflow/.local/lib/python3.12/site-packages/airflow/example_dags/example_time_delta_sensor_async.py
[2024-09-28T08:02:09.124+0000] {processor.py:925} INFO - DAG(s) 'example_time_delta_sensor_async' retrieved from /home/airflow/.local/lib/python3.12/site-packages/airflow/example_dags/example_time_delta_sensor_async.py
[2024-09-28T08:02:09.135+0000] {logging_mixin.py:190} INFO - [2024-09-28T08:02:09.135+0000] {dag.py:3239} INFO - Sync 1 DAGs
[2024-09-28T08:02:09.142+0000] {logging_mixin.py:190} INFO - [2024-09-28T08:02:09.142+0000] {dag.py:4180} INFO - Setting next_dagrun for example_time_delta_sensor_async to None, run_after=None
[2024-09-28T08:02:09.157+0000] {processor.py:208} INFO - Processing /home/airflow/.local/lib/python3.12/site-packages/airflow/example_dags/example_time_delta_sensor_async.py took 0.045 seconds
[2024-09-28T08:02:39.820+0000] {processor.py:186} INFO - Started process (PID=8843) to work on /home/airflow/.local/lib/python3.12/site-packages/airflow/example_dags/example_time_delta_sensor_async.py
[2024-09-28T08:02:39.821+0000] {processor.py:914} INFO - Processing file /home/airflow/.local/lib/python3.12/site-packages/airflow/example_dags/example_time_delta_sensor_async.py for tasks to queue
[2024-09-28T08:02:39.822+0000] {logging_mixin.py:190} INFO - [2024-09-28T08:02:39.822+0000] {dagbag.py:588} INFO - Filling up the DagBag from /home/airflow/.local/lib/python3.12/site-packages/airflow/example_dags/example_time_delta_sensor_async.py
[2024-09-28T08:02:39.826+0000] {processor.py:925} INFO - DAG(s) 'example_time_delta_sensor_async' retrieved from /home/airflow/.local/lib/python3.12/site-packages/airflow/example_dags/example_time_delta_sensor_async.py
[2024-09-28T08:02:39.839+0000] {logging_mixin.py:190} INFO - [2024-09-28T08:02:39.839+0000] {dag.py:3239} INFO - Sync 1 DAGs
[2024-09-28T08:02:39.846+0000] {logging_mixin.py:190} INFO - [2024-09-28T08:02:39.846+0000] {dag.py:4180} INFO - Setting next_dagrun for example_time_delta_sensor_async to None, run_after=None
[2024-09-28T08:02:39.855+0000] {processor.py:208} INFO - Processing /home/airflow/.local/lib/python3.12/site-packages/airflow/example_dags/example_time_delta_sensor_async.py took 0.038 seconds
[2024-09-28T08:03:10.419+0000] {processor.py:186} INFO - Started process (PID=9131) to work on /home/airflow/.local/lib/python3.12/site-packages/airflow/example_dags/example_time_delta_sensor_async.py
[2024-09-28T08:03:10.419+0000] {processor.py:914} INFO - Processing file /home/airflow/.local/lib/python3.12/site-packages/airflow/example_dags/example_time_delta_sensor_async.py for tasks to queue
[2024-09-28T08:03:10.420+0000] {logging_mixin.py:190} INFO - [2024-09-28T08:03:10.420+0000] {dagbag.py:588} INFO - Filling up the DagBag from /home/airflow/.local/lib/python3.12/site-packages/airflow/example_dags/example_time_delta_sensor_async.py
[2024-09-28T08:03:10.424+0000] {processor.py:925} INFO - DAG(s) 'example_time_delta_sensor_async' retrieved from /home/airflow/.local/lib/python3.12/site-packages/airflow/example_dags/example_time_delta_sensor_async.py
[2024-09-28T08:03:10.434+0000] {logging_mixin.py:190} INFO - [2024-09-28T08:03:10.433+0000] {dag.py:3239} INFO - Sync 1 DAGs
[2024-09-28T08:03:10.440+0000] {logging_mixin.py:190} INFO - [2024-09-28T08:03:10.440+0000] {dag.py:4180} INFO - Setting next_dagrun for example_time_delta_sensor_async to None, run_after=None
[2024-09-28T08:03:10.448+0000] {processor.py:208} INFO - Processing /home/airflow/.local/lib/python3.12/site-packages/airflow/example_dags/example_time_delta_sensor_async.py took 0.032 seconds
[2024-09-28T08:03:40.882+0000] {processor.py:186} INFO - Started process (PID=9415) to work on /home/airflow/.local/lib/python3.12/site-packages/airflow/example_dags/example_time_delta_sensor_async.py
[2024-09-28T08:03:40.883+0000] {processor.py:914} INFO - Processing file /home/airflow/.local/lib/python3.12/site-packages/airflow/example_dags/example_time_delta_sensor_async.py for tasks to queue
[2024-09-28T08:03:40.884+0000] {logging_mixin.py:190} INFO - [2024-09-28T08:03:40.884+0000] {dagbag.py:588} INFO - Filling up the DagBag from /home/airflow/.local/lib/python3.12/site-packages/airflow/example_dags/example_time_delta_sensor_async.py
[2024-09-28T08:03:40.888+0000] {processor.py:925} INFO - DAG(s) 'example_time_delta_sensor_async' retrieved from /home/airflow/.local/lib/python3.12/site-packages/airflow/example_dags/example_time_delta_sensor_async.py
[2024-09-28T08:03:40.898+0000] {logging_mixin.py:190} INFO - [2024-09-28T08:03:40.897+0000] {dag.py:3239} INFO - Sync 1 DAGs
[2024-09-28T08:03:40.906+0000] {logging_mixin.py:190} INFO - [2024-09-28T08:03:40.906+0000] {dag.py:4180} INFO - Setting next_dagrun for example_time_delta_sensor_async to None, run_after=None
[2024-09-28T08:03:40.914+0000] {processor.py:208} INFO - Processing /home/airflow/.local/lib/python3.12/site-packages/airflow/example_dags/example_time_delta_sensor_async.py took 0.036 seconds
[2024-09-28T08:04:11.489+0000] {processor.py:186} INFO - Started process (PID=9701) to work on /home/airflow/.local/lib/python3.12/site-packages/airflow/example_dags/example_time_delta_sensor_async.py
[2024-09-28T08:04:11.490+0000] {processor.py:914} INFO - Processing file /home/airflow/.local/lib/python3.12/site-packages/airflow/example_dags/example_time_delta_sensor_async.py for tasks to queue
[2024-09-28T08:04:11.491+0000] {logging_mixin.py:190} INFO - [2024-09-28T08:04:11.491+0000] {dagbag.py:588} INFO - Filling up the DagBag from /home/airflow/.local/lib/python3.12/site-packages/airflow/example_dags/example_time_delta_sensor_async.py
[2024-09-28T08:04:11.495+0000] {processor.py:925} INFO - DAG(s) 'example_time_delta_sensor_async' retrieved from /home/airflow/.local/lib/python3.12/site-packages/airflow/example_dags/example_time_delta_sensor_async.py
[2024-09-28T08:04:11.506+0000] {logging_mixin.py:190} INFO - [2024-09-28T08:04:11.506+0000] {dag.py:3239} INFO - Sync 1 DAGs
[2024-09-28T08:04:11.513+0000] {logging_mixin.py:190} INFO - [2024-09-28T08:04:11.512+0000] {dag.py:4180} INFO - Setting next_dagrun for example_time_delta_sensor_async to None, run_after=None
[2024-09-28T08:04:11.520+0000] {processor.py:208} INFO - Processing /home/airflow/.local/lib/python3.12/site-packages/airflow/example_dags/example_time_delta_sensor_async.py took 0.035 seconds
[2024-09-28T08:04:42.128+0000] {processor.py:186} INFO - Started process (PID=9987) to work on /home/airflow/.local/lib/python3.12/site-packages/airflow/example_dags/example_time_delta_sensor_async.py
[2024-09-28T08:04:42.128+0000] {processor.py:914} INFO - Processing file /home/airflow/.local/lib/python3.12/site-packages/airflow/example_dags/example_time_delta_sensor_async.py for tasks to queue
[2024-09-28T08:04:42.130+0000] {logging_mixin.py:190} INFO - [2024-09-28T08:04:42.130+0000] {dagbag.py:588} INFO - Filling up the DagBag from /home/airflow/.local/lib/python3.12/site-packages/airflow/example_dags/example_time_delta_sensor_async.py
[2024-09-28T08:04:42.136+0000] {processor.py:925} INFO - DAG(s) 'example_time_delta_sensor_async' retrieved from /home/airflow/.local/lib/python3.12/site-packages/airflow/example_dags/example_time_delta_sensor_async.py
[2024-09-28T08:04:42.150+0000] {logging_mixin.py:190} INFO - [2024-09-28T08:04:42.150+0000] {dag.py:3239} INFO - Sync 1 DAGs
[2024-09-28T08:04:42.158+0000] {logging_mixin.py:190} INFO - [2024-09-28T08:04:42.158+0000] {dag.py:4180} INFO - Setting next_dagrun for example_time_delta_sensor_async to None, run_after=None
[2024-09-28T08:04:42.168+0000] {processor.py:208} INFO - Processing /home/airflow/.local/lib/python3.12/site-packages/airflow/example_dags/example_time_delta_sensor_async.py took 0.044 seconds
[2024-09-28T08:05:12.603+0000] {processor.py:186} INFO - Started process (PID=10273) to work on /home/airflow/.local/lib/python3.12/site-packages/airflow/example_dags/example_time_delta_sensor_async.py
[2024-09-28T08:05:12.604+0000] {processor.py:914} INFO - Processing file /home/airflow/.local/lib/python3.12/site-packages/airflow/example_dags/example_time_delta_sensor_async.py for tasks to queue
[2024-09-28T08:05:12.608+0000] {logging_mixin.py:190} INFO - [2024-09-28T08:05:12.608+0000] {dagbag.py:588} INFO - Filling up the DagBag from /home/airflow/.local/lib/python3.12/site-packages/airflow/example_dags/example_time_delta_sensor_async.py
[2024-09-28T08:05:12.611+0000] {processor.py:925} INFO - DAG(s) 'example_time_delta_sensor_async' retrieved from /home/airflow/.local/lib/python3.12/site-packages/airflow/example_dags/example_time_delta_sensor_async.py
[2024-09-28T08:05:12.623+0000] {logging_mixin.py:190} INFO - [2024-09-28T08:05:12.623+0000] {dag.py:3239} INFO - Sync 1 DAGs
[2024-09-28T08:05:12.629+0000] {logging_mixin.py:190} INFO - [2024-09-28T08:05:12.629+0000] {dag.py:4180} INFO - Setting next_dagrun for example_time_delta_sensor_async to None, run_after=None
[2024-09-28T08:05:12.637+0000] {processor.py:208} INFO - Processing /home/airflow/.local/lib/python3.12/site-packages/airflow/example_dags/example_time_delta_sensor_async.py took 0.037 seconds
[2024-09-28T08:05:43.075+0000] {processor.py:186} INFO - Started process (PID=10559) to work on /home/airflow/.local/lib/python3.12/site-packages/airflow/example_dags/example_time_delta_sensor_async.py
[2024-09-28T08:05:43.075+0000] {processor.py:914} INFO - Processing file /home/airflow/.local/lib/python3.12/site-packages/airflow/example_dags/example_time_delta_sensor_async.py for tasks to queue
[2024-09-28T08:05:43.077+0000] {logging_mixin.py:190} INFO - [2024-09-28T08:05:43.076+0000] {dagbag.py:588} INFO - Filling up the DagBag from /home/airflow/.local/lib/python3.12/site-packages/airflow/example_dags/example_time_delta_sensor_async.py
[2024-09-28T08:05:43.080+0000] {processor.py:925} INFO - DAG(s) 'example_time_delta_sensor_async' retrieved from /home/airflow/.local/lib/python3.12/site-packages/airflow/example_dags/example_time_delta_sensor_async.py
[2024-09-28T08:05:43.091+0000] {logging_mixin.py:190} INFO - [2024-09-28T08:05:43.090+0000] {dag.py:3239} INFO - Sync 1 DAGs
[2024-09-28T08:05:43.098+0000] {logging_mixin.py:190} INFO - [2024-09-28T08:05:43.098+0000] {dag.py:4180} INFO - Setting next_dagrun for example_time_delta_sensor_async to None, run_after=None
[2024-09-28T08:05:43.106+0000] {processor.py:208} INFO - Processing /home/airflow/.local/lib/python3.12/site-packages/airflow/example_dags/example_time_delta_sensor_async.py took 0.034 seconds
[2024-09-28T08:06:13.706+0000] {processor.py:186} INFO - Started process (PID=10845) to work on /home/airflow/.local/lib/python3.12/site-packages/airflow/example_dags/example_time_delta_sensor_async.py
[2024-09-28T08:06:13.707+0000] {processor.py:914} INFO - Processing file /home/airflow/.local/lib/python3.12/site-packages/airflow/example_dags/example_time_delta_sensor_async.py for tasks to queue
[2024-09-28T08:06:13.708+0000] {logging_mixin.py:190} INFO - [2024-09-28T08:06:13.708+0000] {dagbag.py:588} INFO - Filling up the DagBag from /home/airflow/.local/lib/python3.12/site-packages/airflow/example_dags/example_time_delta_sensor_async.py
[2024-09-28T08:06:13.712+0000] {processor.py:925} INFO - DAG(s) 'example_time_delta_sensor_async' retrieved from /home/airflow/.local/lib/python3.12/site-packages/airflow/example_dags/example_time_delta_sensor_async.py
[2024-09-28T08:06:13.726+0000] {logging_mixin.py:190} INFO - [2024-09-28T08:06:13.725+0000] {dag.py:3239} INFO - Sync 1 DAGs
[2024-09-28T08:06:13.733+0000] {logging_mixin.py:190} INFO - [2024-09-28T08:06:13.732+0000] {dag.py:4180} INFO - Setting next_dagrun for example_time_delta_sensor_async to None, run_after=None
[2024-09-28T08:06:13.741+0000] {processor.py:208} INFO - Processing /home/airflow/.local/lib/python3.12/site-packages/airflow/example_dags/example_time_delta_sensor_async.py took 0.038 seconds
[2024-09-28T08:06:44.769+0000] {processor.py:186} INFO - Started process (PID=11131) to work on /home/airflow/.local/lib/python3.12/site-packages/airflow/example_dags/example_time_delta_sensor_async.py
[2024-09-28T08:06:44.771+0000] {processor.py:914} INFO - Processing file /home/airflow/.local/lib/python3.12/site-packages/airflow/example_dags/example_time_delta_sensor_async.py for tasks to queue
[2024-09-28T08:06:44.773+0000] {logging_mixin.py:190} INFO - [2024-09-28T08:06:44.773+0000] {dagbag.py:588} INFO - Filling up the DagBag from /home/airflow/.local/lib/python3.12/site-packages/airflow/example_dags/example_time_delta_sensor_async.py
[2024-09-28T08:06:44.780+0000] {processor.py:925} INFO - DAG(s) 'example_time_delta_sensor_async' retrieved from /home/airflow/.local/lib/python3.12/site-packages/airflow/example_dags/example_time_delta_sensor_async.py
[2024-09-28T08:06:44.799+0000] {logging_mixin.py:190} INFO - [2024-09-28T08:06:44.799+0000] {dag.py:3239} INFO - Sync 1 DAGs
[2024-09-28T08:06:44.809+0000] {logging_mixin.py:190} INFO - [2024-09-28T08:06:44.809+0000] {dag.py:4180} INFO - Setting next_dagrun for example_time_delta_sensor_async to None, run_after=None
[2024-09-28T08:06:44.820+0000] {processor.py:208} INFO - Processing /home/airflow/.local/lib/python3.12/site-packages/airflow/example_dags/example_time_delta_sensor_async.py took 0.055 seconds
[2024-09-28T08:07:15.680+0000] {processor.py:186} INFO - Started process (PID=11417) to work on /home/airflow/.local/lib/python3.12/site-packages/airflow/example_dags/example_time_delta_sensor_async.py
[2024-09-28T08:07:15.682+0000] {processor.py:914} INFO - Processing file /home/airflow/.local/lib/python3.12/site-packages/airflow/example_dags/example_time_delta_sensor_async.py for tasks to queue
[2024-09-28T08:07:15.684+0000] {logging_mixin.py:190} INFO - [2024-09-28T08:07:15.683+0000] {dagbag.py:588} INFO - Filling up the DagBag from /home/airflow/.local/lib/python3.12/site-packages/airflow/example_dags/example_time_delta_sensor_async.py
[2024-09-28T08:07:15.687+0000] {processor.py:925} INFO - DAG(s) 'example_time_delta_sensor_async' retrieved from /home/airflow/.local/lib/python3.12/site-packages/airflow/example_dags/example_time_delta_sensor_async.py
[2024-09-28T08:07:15.696+0000] {logging_mixin.py:190} INFO - [2024-09-28T08:07:15.696+0000] {dag.py:3239} INFO - Sync 1 DAGs
[2024-09-28T08:07:15.703+0000] {logging_mixin.py:190} INFO - [2024-09-28T08:07:15.703+0000] {dag.py:4180} INFO - Setting next_dagrun for example_time_delta_sensor_async to None, run_after=None
[2024-09-28T08:07:15.713+0000] {processor.py:208} INFO - Processing /home/airflow/.local/lib/python3.12/site-packages/airflow/example_dags/example_time_delta_sensor_async.py took 0.036 seconds
[2024-09-28T08:07:46.307+0000] {processor.py:186} INFO - Started process (PID=11703) to work on /home/airflow/.local/lib/python3.12/site-packages/airflow/example_dags/example_time_delta_sensor_async.py
[2024-09-28T08:07:46.308+0000] {processor.py:914} INFO - Processing file /home/airflow/.local/lib/python3.12/site-packages/airflow/example_dags/example_time_delta_sensor_async.py for tasks to queue
[2024-09-28T08:07:46.309+0000] {logging_mixin.py:190} INFO - [2024-09-28T08:07:46.309+0000] {dagbag.py:588} INFO - Filling up the DagBag from /home/airflow/.local/lib/python3.12/site-packages/airflow/example_dags/example_time_delta_sensor_async.py
[2024-09-28T08:07:46.312+0000] {processor.py:925} INFO - DAG(s) 'example_time_delta_sensor_async' retrieved from /home/airflow/.local/lib/python3.12/site-packages/airflow/example_dags/example_time_delta_sensor_async.py
[2024-09-28T08:07:46.322+0000] {logging_mixin.py:190} INFO - [2024-09-28T08:07:46.322+0000] {dag.py:3239} INFO - Sync 1 DAGs
[2024-09-28T08:07:46.329+0000] {logging_mixin.py:190} INFO - [2024-09-28T08:07:46.329+0000] {dag.py:4180} INFO - Setting next_dagrun for example_time_delta_sensor_async to None, run_after=None
[2024-09-28T08:07:46.338+0000] {processor.py:208} INFO - Processing /home/airflow/.local/lib/python3.12/site-packages/airflow/example_dags/example_time_delta_sensor_async.py took 0.034 seconds
