[2024-09-28T07:47:26.952+0000] {processor.py:186} INFO - Started process (PID=254) to work on /home/airflow/.local/lib/python3.12/site-packages/airflow/example_dags/example_dataset_alias_with_no_taskflow.py
[2024-09-28T07:47:26.953+0000] {processor.py:914} INFO - Processing file /home/airflow/.local/lib/python3.12/site-packages/airflow/example_dags/example_dataset_alias_with_no_taskflow.py for tasks to queue
[2024-09-28T07:47:26.955+0000] {logging_mixin.py:190} INFO - [2024-09-28T07:47:26.955+0000] {dagbag.py:588} INFO - Filling up the DagBag from /home/airflow/.local/lib/python3.12/site-packages/airflow/example_dags/example_dataset_alias_with_no_taskflow.py
[2024-09-28T07:47:27.049+0000] {processor.py:925} INFO - DAG(s) 'dataset_alias_example_alias_consumer_with_no_taskflow', 'dataset_alias_example_alias_producer_with_no_taskflow', 'dataset_s3_bucket_consumer_with_no_taskflow', 'dataset_s3_bucket_producer_with_no_taskflow' retrieved from /home/airflow/.local/lib/python3.12/site-packages/airflow/example_dags/example_dataset_alias_with_no_taskflow.py
[2024-09-28T07:47:27.100+0000] {logging_mixin.py:190} INFO - [2024-09-28T07:47:27.100+0000] {override.py:1900} INFO - Created Permission View: can delete on DAG:dataset_alias_example_alias_consumer_with_no_taskflow
[2024-09-28T07:47:27.107+0000] {logging_mixin.py:190} INFO - [2024-09-28T07:47:27.107+0000] {override.py:1900} INFO - Created Permission View: can edit on DAG:dataset_alias_example_alias_consumer_with_no_taskflow
[2024-09-28T07:47:27.113+0000] {logging_mixin.py:190} INFO - [2024-09-28T07:47:27.113+0000] {override.py:1900} INFO - Created Permission View: can read on DAG:dataset_alias_example_alias_consumer_with_no_taskflow
[2024-09-28T07:47:27.119+0000] {logging_mixin.py:190} INFO - [2024-09-28T07:47:27.118+0000] {override.py:1900} INFO - Created Permission View: menu access on DAG Run:dataset_alias_example_alias_consumer_with_no_taskflow
[2024-09-28T07:47:27.123+0000] {logging_mixin.py:190} INFO - [2024-09-28T07:47:27.123+0000] {override.py:1900} INFO - Created Permission View: can delete on DAG Run:dataset_alias_example_alias_consumer_with_no_taskflow
[2024-09-28T07:47:27.125+0000] {logging_mixin.py:190} INFO - [2024-09-28T07:47:27.125+0000] {override.py:1900} INFO - Created Permission View: can create on DAG Run:dataset_alias_example_alias_consumer_with_no_taskflow
[2024-09-28T07:47:27.128+0000] {logging_mixin.py:190} INFO - [2024-09-28T07:47:27.128+0000] {override.py:1900} INFO - Created Permission View: can read on DAG Run:dataset_alias_example_alias_consumer_with_no_taskflow
[2024-09-28T07:47:27.134+0000] {logging_mixin.py:190} INFO - [2024-09-28T07:47:27.133+0000] {override.py:1900} INFO - Created Permission View: can delete on DAG:dataset_alias_example_alias_producer_with_no_taskflow
[2024-09-28T07:47:27.137+0000] {logging_mixin.py:190} INFO - [2024-09-28T07:47:27.137+0000] {override.py:1900} INFO - Created Permission View: can edit on DAG:dataset_alias_example_alias_producer_with_no_taskflow
[2024-09-28T07:47:27.158+0000] {logging_mixin.py:190} INFO - [2024-09-28T07:47:27.157+0000] {override.py:1900} INFO - Created Permission View: can read on DAG:dataset_alias_example_alias_producer_with_no_taskflow
[2024-09-28T07:47:27.171+0000] {logging_mixin.py:190} INFO - [2024-09-28T07:47:27.171+0000] {override.py:1900} INFO - Created Permission View: menu access on DAG Run:dataset_alias_example_alias_producer_with_no_taskflow
[2024-09-28T07:47:27.175+0000] {logging_mixin.py:190} INFO - [2024-09-28T07:47:27.175+0000] {override.py:1900} INFO - Created Permission View: can delete on DAG Run:dataset_alias_example_alias_producer_with_no_taskflow
[2024-09-28T07:47:27.179+0000] {logging_mixin.py:190} INFO - [2024-09-28T07:47:27.179+0000] {override.py:1900} INFO - Created Permission View: can create on DAG Run:dataset_alias_example_alias_producer_with_no_taskflow
[2024-09-28T07:47:27.182+0000] {logging_mixin.py:190} INFO - [2024-09-28T07:47:27.182+0000] {override.py:1900} INFO - Created Permission View: can read on DAG Run:dataset_alias_example_alias_producer_with_no_taskflow
[2024-09-28T07:47:27.189+0000] {logging_mixin.py:190} INFO - [2024-09-28T07:47:27.189+0000] {override.py:1900} INFO - Created Permission View: can delete on DAG:dataset_s3_bucket_consumer_with_no_taskflow
[2024-09-28T07:47:27.195+0000] {logging_mixin.py:190} INFO - [2024-09-28T07:47:27.194+0000] {override.py:1900} INFO - Created Permission View: can edit on DAG:dataset_s3_bucket_consumer_with_no_taskflow
[2024-09-28T07:47:27.199+0000] {logging_mixin.py:190} INFO - [2024-09-28T07:47:27.199+0000] {override.py:1900} INFO - Created Permission View: can read on DAG:dataset_s3_bucket_consumer_with_no_taskflow
[2024-09-28T07:47:27.205+0000] {logging_mixin.py:190} INFO - [2024-09-28T07:47:27.205+0000] {override.py:1900} INFO - Created Permission View: menu access on DAG Run:dataset_s3_bucket_consumer_with_no_taskflow
[2024-09-28T07:47:27.210+0000] {logging_mixin.py:190} INFO - [2024-09-28T07:47:27.209+0000] {override.py:1900} INFO - Created Permission View: can delete on DAG Run:dataset_s3_bucket_consumer_with_no_taskflow
[2024-09-28T07:47:27.215+0000] {logging_mixin.py:190} INFO - [2024-09-28T07:47:27.215+0000] {override.py:1900} INFO - Created Permission View: can create on DAG Run:dataset_s3_bucket_consumer_with_no_taskflow
[2024-09-28T07:47:27.223+0000] {logging_mixin.py:190} INFO - [2024-09-28T07:47:27.222+0000] {override.py:1900} INFO - Created Permission View: can read on DAG Run:dataset_s3_bucket_consumer_with_no_taskflow
[2024-09-28T07:47:27.233+0000] {logging_mixin.py:190} INFO - [2024-09-28T07:47:27.233+0000] {override.py:1900} INFO - Created Permission View: can delete on DAG:dataset_s3_bucket_producer_with_no_taskflow
[2024-09-28T07:47:27.240+0000] {logging_mixin.py:190} INFO - [2024-09-28T07:47:27.239+0000] {override.py:1900} INFO - Created Permission View: can edit on DAG:dataset_s3_bucket_producer_with_no_taskflow
[2024-09-28T07:47:27.247+0000] {logging_mixin.py:190} INFO - [2024-09-28T07:47:27.246+0000] {override.py:1900} INFO - Created Permission View: can read on DAG:dataset_s3_bucket_producer_with_no_taskflow
[2024-09-28T07:47:27.260+0000] {logging_mixin.py:190} INFO - [2024-09-28T07:47:27.260+0000] {override.py:1900} INFO - Created Permission View: menu access on DAG Run:dataset_s3_bucket_producer_with_no_taskflow
[2024-09-28T07:47:27.269+0000] {logging_mixin.py:190} INFO - [2024-09-28T07:47:27.269+0000] {override.py:1900} INFO - Created Permission View: can delete on DAG Run:dataset_s3_bucket_producer_with_no_taskflow
[2024-09-28T07:47:27.275+0000] {logging_mixin.py:190} INFO - [2024-09-28T07:47:27.274+0000] {override.py:1900} INFO - Created Permission View: can create on DAG Run:dataset_s3_bucket_producer_with_no_taskflow
[2024-09-28T07:47:27.279+0000] {logging_mixin.py:190} INFO - [2024-09-28T07:47:27.279+0000] {override.py:1900} INFO - Created Permission View: can read on DAG Run:dataset_s3_bucket_producer_with_no_taskflow
[2024-09-28T07:47:27.281+0000] {logging_mixin.py:190} INFO - [2024-09-28T07:47:27.281+0000] {dag.py:3239} INFO - Sync 4 DAGs
[2024-09-28T07:47:27.296+0000] {logging_mixin.py:190} INFO - [2024-09-28T07:47:27.296+0000] {dag.py:3262} INFO - Creating ORM DAG for dataset_s3_bucket_consumer_with_no_taskflow
[2024-09-28T07:47:27.297+0000] {logging_mixin.py:190} INFO - [2024-09-28T07:47:27.297+0000] {dag.py:3262} INFO - Creating ORM DAG for dataset_alias_example_alias_producer_with_no_taskflow
[2024-09-28T07:47:27.298+0000] {logging_mixin.py:190} INFO - [2024-09-28T07:47:27.297+0000] {dag.py:3262} INFO - Creating ORM DAG for dataset_s3_bucket_producer_with_no_taskflow
[2024-09-28T07:47:27.298+0000] {logging_mixin.py:190} INFO - [2024-09-28T07:47:27.298+0000] {dag.py:3262} INFO - Creating ORM DAG for dataset_alias_example_alias_consumer_with_no_taskflow
[2024-09-28T07:47:27.305+0000] {logging_mixin.py:190} INFO - [2024-09-28T07:47:27.304+0000] {dag.py:4180} INFO - Setting next_dagrun for dataset_alias_example_alias_consumer_with_no_taskflow to None, run_after=None
[2024-09-28T07:47:27.305+0000] {logging_mixin.py:190} INFO - [2024-09-28T07:47:27.305+0000] {dag.py:4180} INFO - Setting next_dagrun for dataset_alias_example_alias_producer_with_no_taskflow to None, run_after=None
[2024-09-28T07:47:27.306+0000] {logging_mixin.py:190} INFO - [2024-09-28T07:47:27.306+0000] {dag.py:4180} INFO - Setting next_dagrun for dataset_s3_bucket_consumer_with_no_taskflow to None, run_after=None
[2024-09-28T07:47:27.307+0000] {logging_mixin.py:190} INFO - [2024-09-28T07:47:27.307+0000] {dag.py:4180} INFO - Setting next_dagrun for dataset_s3_bucket_producer_with_no_taskflow to None, run_after=None
[2024-09-28T07:47:27.327+0000] {processor.py:208} INFO - Processing /home/airflow/.local/lib/python3.12/site-packages/airflow/example_dags/example_dataset_alias_with_no_taskflow.py took 0.380 seconds
[2024-09-28T07:47:58.299+0000] {processor.py:186} INFO - Started process (PID=546) to work on /home/airflow/.local/lib/python3.12/site-packages/airflow/example_dags/example_dataset_alias_with_no_taskflow.py
[2024-09-28T07:47:58.301+0000] {processor.py:914} INFO - Processing file /home/airflow/.local/lib/python3.12/site-packages/airflow/example_dags/example_dataset_alias_with_no_taskflow.py for tasks to queue
[2024-09-28T07:47:58.303+0000] {logging_mixin.py:190} INFO - [2024-09-28T07:47:58.303+0000] {dagbag.py:588} INFO - Filling up the DagBag from /home/airflow/.local/lib/python3.12/site-packages/airflow/example_dags/example_dataset_alias_with_no_taskflow.py
[2024-09-28T07:47:58.374+0000] {processor.py:925} INFO - DAG(s) 'dataset_s3_bucket_consumer_with_no_taskflow', 'dataset_alias_example_alias_consumer_with_no_taskflow', 'dataset_alias_example_alias_producer_with_no_taskflow', 'dataset_s3_bucket_producer_with_no_taskflow' retrieved from /home/airflow/.local/lib/python3.12/site-packages/airflow/example_dags/example_dataset_alias_with_no_taskflow.py
[2024-09-28T07:47:58.388+0000] {logging_mixin.py:190} INFO - [2024-09-28T07:47:58.387+0000] {dag.py:3239} INFO - Sync 4 DAGs
[2024-09-28T07:47:58.400+0000] {logging_mixin.py:190} INFO - [2024-09-28T07:47:58.400+0000] {dag.py:4180} INFO - Setting next_dagrun for dataset_alias_example_alias_consumer_with_no_taskflow to None, run_after=None
[2024-09-28T07:47:58.402+0000] {logging_mixin.py:190} INFO - [2024-09-28T07:47:58.402+0000] {dag.py:4180} INFO - Setting next_dagrun for dataset_alias_example_alias_producer_with_no_taskflow to None, run_after=None
[2024-09-28T07:47:58.402+0000] {logging_mixin.py:190} INFO - [2024-09-28T07:47:58.402+0000] {dag.py:4180} INFO - Setting next_dagrun for dataset_s3_bucket_consumer_with_no_taskflow to None, run_after=None
[2024-09-28T07:47:58.403+0000] {logging_mixin.py:190} INFO - [2024-09-28T07:47:58.403+0000] {dag.py:4180} INFO - Setting next_dagrun for dataset_s3_bucket_producer_with_no_taskflow to None, run_after=None
[2024-09-28T07:47:58.414+0000] {processor.py:208} INFO - Processing /home/airflow/.local/lib/python3.12/site-packages/airflow/example_dags/example_dataset_alias_with_no_taskflow.py took 0.118 seconds
[2024-09-28T07:48:28.737+0000] {processor.py:186} INFO - Started process (PID=832) to work on /home/airflow/.local/lib/python3.12/site-packages/airflow/example_dags/example_dataset_alias_with_no_taskflow.py
[2024-09-28T07:48:28.738+0000] {processor.py:914} INFO - Processing file /home/airflow/.local/lib/python3.12/site-packages/airflow/example_dags/example_dataset_alias_with_no_taskflow.py for tasks to queue
[2024-09-28T07:48:28.739+0000] {logging_mixin.py:190} INFO - [2024-09-28T07:48:28.739+0000] {dagbag.py:588} INFO - Filling up the DagBag from /home/airflow/.local/lib/python3.12/site-packages/airflow/example_dags/example_dataset_alias_with_no_taskflow.py
[2024-09-28T07:48:28.806+0000] {processor.py:925} INFO - DAG(s) 'dataset_s3_bucket_consumer_with_no_taskflow', 'dataset_alias_example_alias_consumer_with_no_taskflow', 'dataset_s3_bucket_producer_with_no_taskflow', 'dataset_alias_example_alias_producer_with_no_taskflow' retrieved from /home/airflow/.local/lib/python3.12/site-packages/airflow/example_dags/example_dataset_alias_with_no_taskflow.py
[2024-09-28T07:48:28.817+0000] {logging_mixin.py:190} INFO - [2024-09-28T07:48:28.817+0000] {dag.py:3239} INFO - Sync 4 DAGs
[2024-09-28T07:48:28.829+0000] {logging_mixin.py:190} INFO - [2024-09-28T07:48:28.829+0000] {dag.py:4180} INFO - Setting next_dagrun for dataset_alias_example_alias_consumer_with_no_taskflow to None, run_after=None
[2024-09-28T07:48:28.831+0000] {logging_mixin.py:190} INFO - [2024-09-28T07:48:28.830+0000] {dag.py:4180} INFO - Setting next_dagrun for dataset_alias_example_alias_producer_with_no_taskflow to None, run_after=None
[2024-09-28T07:48:28.831+0000] {logging_mixin.py:190} INFO - [2024-09-28T07:48:28.831+0000] {dag.py:4180} INFO - Setting next_dagrun for dataset_s3_bucket_consumer_with_no_taskflow to None, run_after=None
[2024-09-28T07:48:28.832+0000] {logging_mixin.py:190} INFO - [2024-09-28T07:48:28.832+0000] {dag.py:4180} INFO - Setting next_dagrun for dataset_s3_bucket_producer_with_no_taskflow to None, run_after=None
[2024-09-28T07:48:28.842+0000] {processor.py:208} INFO - Processing /home/airflow/.local/lib/python3.12/site-packages/airflow/example_dags/example_dataset_alias_with_no_taskflow.py took 0.108 seconds
[2024-09-28T07:48:59.015+0000] {processor.py:186} INFO - Started process (PID=1117) to work on /home/airflow/.local/lib/python3.12/site-packages/airflow/example_dags/example_dataset_alias_with_no_taskflow.py
[2024-09-28T07:48:59.017+0000] {processor.py:914} INFO - Processing file /home/airflow/.local/lib/python3.12/site-packages/airflow/example_dags/example_dataset_alias_with_no_taskflow.py for tasks to queue
[2024-09-28T07:48:59.019+0000] {logging_mixin.py:190} INFO - [2024-09-28T07:48:59.019+0000] {dagbag.py:588} INFO - Filling up the DagBag from /home/airflow/.local/lib/python3.12/site-packages/airflow/example_dags/example_dataset_alias_with_no_taskflow.py
[2024-09-28T07:48:59.102+0000] {processor.py:925} INFO - DAG(s) 'dataset_s3_bucket_consumer_with_no_taskflow', 'dataset_alias_example_alias_producer_with_no_taskflow', 'dataset_s3_bucket_producer_with_no_taskflow', 'dataset_alias_example_alias_consumer_with_no_taskflow' retrieved from /home/airflow/.local/lib/python3.12/site-packages/airflow/example_dags/example_dataset_alias_with_no_taskflow.py
[2024-09-28T07:48:59.113+0000] {logging_mixin.py:190} INFO - [2024-09-28T07:48:59.112+0000] {dag.py:3239} INFO - Sync 4 DAGs
[2024-09-28T07:48:59.126+0000] {logging_mixin.py:190} INFO - [2024-09-28T07:48:59.126+0000] {dag.py:4180} INFO - Setting next_dagrun for dataset_alias_example_alias_consumer_with_no_taskflow to None, run_after=None
[2024-09-28T07:48:59.127+0000] {logging_mixin.py:190} INFO - [2024-09-28T07:48:59.127+0000] {dag.py:4180} INFO - Setting next_dagrun for dataset_alias_example_alias_producer_with_no_taskflow to None, run_after=None
[2024-09-28T07:48:59.128+0000] {logging_mixin.py:190} INFO - [2024-09-28T07:48:59.128+0000] {dag.py:4180} INFO - Setting next_dagrun for dataset_s3_bucket_consumer_with_no_taskflow to None, run_after=None
[2024-09-28T07:48:59.129+0000] {logging_mixin.py:190} INFO - [2024-09-28T07:48:59.129+0000] {dag.py:4180} INFO - Setting next_dagrun for dataset_s3_bucket_producer_with_no_taskflow to None, run_after=None
[2024-09-28T07:48:59.141+0000] {processor.py:208} INFO - Processing /home/airflow/.local/lib/python3.12/site-packages/airflow/example_dags/example_dataset_alias_with_no_taskflow.py took 0.130 seconds
[2024-09-28T07:49:29.185+0000] {processor.py:186} INFO - Started process (PID=1424) to work on /home/airflow/.local/lib/python3.12/site-packages/airflow/example_dags/example_dataset_alias_with_no_taskflow.py
[2024-09-28T07:49:29.185+0000] {processor.py:914} INFO - Processing file /home/airflow/.local/lib/python3.12/site-packages/airflow/example_dags/example_dataset_alias_with_no_taskflow.py for tasks to queue
[2024-09-28T07:49:29.186+0000] {logging_mixin.py:190} INFO - [2024-09-28T07:49:29.186+0000] {dagbag.py:588} INFO - Filling up the DagBag from /home/airflow/.local/lib/python3.12/site-packages/airflow/example_dags/example_dataset_alias_with_no_taskflow.py
[2024-09-28T07:49:29.257+0000] {processor.py:925} INFO - DAG(s) 'dataset_alias_example_alias_consumer_with_no_taskflow', 'dataset_s3_bucket_producer_with_no_taskflow', 'dataset_s3_bucket_consumer_with_no_taskflow', 'dataset_alias_example_alias_producer_with_no_taskflow' retrieved from /home/airflow/.local/lib/python3.12/site-packages/airflow/example_dags/example_dataset_alias_with_no_taskflow.py
[2024-09-28T07:49:29.269+0000] {logging_mixin.py:190} INFO - [2024-09-28T07:49:29.269+0000] {dag.py:3239} INFO - Sync 4 DAGs
[2024-09-28T07:49:29.282+0000] {logging_mixin.py:190} INFO - [2024-09-28T07:49:29.282+0000] {dag.py:4180} INFO - Setting next_dagrun for dataset_alias_example_alias_consumer_with_no_taskflow to None, run_after=None
[2024-09-28T07:49:29.284+0000] {logging_mixin.py:190} INFO - [2024-09-28T07:49:29.284+0000] {dag.py:4180} INFO - Setting next_dagrun for dataset_alias_example_alias_producer_with_no_taskflow to None, run_after=None
[2024-09-28T07:49:29.285+0000] {logging_mixin.py:190} INFO - [2024-09-28T07:49:29.285+0000] {dag.py:4180} INFO - Setting next_dagrun for dataset_s3_bucket_consumer_with_no_taskflow to None, run_after=None
[2024-09-28T07:49:29.285+0000] {logging_mixin.py:190} INFO - [2024-09-28T07:49:29.285+0000] {dag.py:4180} INFO - Setting next_dagrun for dataset_s3_bucket_producer_with_no_taskflow to None, run_after=None
[2024-09-28T07:49:29.296+0000] {processor.py:208} INFO - Processing /home/airflow/.local/lib/python3.12/site-packages/airflow/example_dags/example_dataset_alias_with_no_taskflow.py took 0.114 seconds
[2024-09-28T07:49:59.319+0000] {processor.py:186} INFO - Started process (PID=1710) to work on /home/airflow/.local/lib/python3.12/site-packages/airflow/example_dags/example_dataset_alias_with_no_taskflow.py
[2024-09-28T07:49:59.322+0000] {processor.py:914} INFO - Processing file /home/airflow/.local/lib/python3.12/site-packages/airflow/example_dags/example_dataset_alias_with_no_taskflow.py for tasks to queue
[2024-09-28T07:49:59.324+0000] {logging_mixin.py:190} INFO - [2024-09-28T07:49:59.324+0000] {dagbag.py:588} INFO - Filling up the DagBag from /home/airflow/.local/lib/python3.12/site-packages/airflow/example_dags/example_dataset_alias_with_no_taskflow.py
[2024-09-28T07:49:59.396+0000] {processor.py:925} INFO - DAG(s) 'dataset_s3_bucket_consumer_with_no_taskflow', 'dataset_alias_example_alias_producer_with_no_taskflow', 'dataset_s3_bucket_producer_with_no_taskflow', 'dataset_alias_example_alias_consumer_with_no_taskflow' retrieved from /home/airflow/.local/lib/python3.12/site-packages/airflow/example_dags/example_dataset_alias_with_no_taskflow.py
[2024-09-28T07:49:59.407+0000] {logging_mixin.py:190} INFO - [2024-09-28T07:49:59.407+0000] {dag.py:3239} INFO - Sync 4 DAGs
[2024-09-28T07:49:59.421+0000] {logging_mixin.py:190} INFO - [2024-09-28T07:49:59.421+0000] {dag.py:4180} INFO - Setting next_dagrun for dataset_alias_example_alias_consumer_with_no_taskflow to None, run_after=None
[2024-09-28T07:49:59.423+0000] {logging_mixin.py:190} INFO - [2024-09-28T07:49:59.423+0000] {dag.py:4180} INFO - Setting next_dagrun for dataset_alias_example_alias_producer_with_no_taskflow to None, run_after=None
[2024-09-28T07:49:59.424+0000] {logging_mixin.py:190} INFO - [2024-09-28T07:49:59.424+0000] {dag.py:4180} INFO - Setting next_dagrun for dataset_s3_bucket_consumer_with_no_taskflow to None, run_after=None
[2024-09-28T07:49:59.424+0000] {logging_mixin.py:190} INFO - [2024-09-28T07:49:59.424+0000] {dag.py:4180} INFO - Setting next_dagrun for dataset_s3_bucket_producer_with_no_taskflow to None, run_after=None
[2024-09-28T07:49:59.436+0000] {processor.py:208} INFO - Processing /home/airflow/.local/lib/python3.12/site-packages/airflow/example_dags/example_dataset_alias_with_no_taskflow.py took 0.120 seconds
[2024-09-28T07:50:29.595+0000] {processor.py:186} INFO - Started process (PID=1993) to work on /home/airflow/.local/lib/python3.12/site-packages/airflow/example_dags/example_dataset_alias_with_no_taskflow.py
[2024-09-28T07:50:29.598+0000] {processor.py:914} INFO - Processing file /home/airflow/.local/lib/python3.12/site-packages/airflow/example_dags/example_dataset_alias_with_no_taskflow.py for tasks to queue
[2024-09-28T07:50:29.600+0000] {logging_mixin.py:190} INFO - [2024-09-28T07:50:29.600+0000] {dagbag.py:588} INFO - Filling up the DagBag from /home/airflow/.local/lib/python3.12/site-packages/airflow/example_dags/example_dataset_alias_with_no_taskflow.py
[2024-09-28T07:50:29.688+0000] {processor.py:925} INFO - DAG(s) 'dataset_alias_example_alias_producer_with_no_taskflow', 'dataset_alias_example_alias_consumer_with_no_taskflow', 'dataset_s3_bucket_consumer_with_no_taskflow', 'dataset_s3_bucket_producer_with_no_taskflow' retrieved from /home/airflow/.local/lib/python3.12/site-packages/airflow/example_dags/example_dataset_alias_with_no_taskflow.py
[2024-09-28T07:50:29.700+0000] {logging_mixin.py:190} INFO - [2024-09-28T07:50:29.700+0000] {dag.py:3239} INFO - Sync 4 DAGs
[2024-09-28T07:50:29.713+0000] {logging_mixin.py:190} INFO - [2024-09-28T07:50:29.713+0000] {dag.py:4180} INFO - Setting next_dagrun for dataset_alias_example_alias_consumer_with_no_taskflow to None, run_after=None
[2024-09-28T07:50:29.715+0000] {logging_mixin.py:190} INFO - [2024-09-28T07:50:29.715+0000] {dag.py:4180} INFO - Setting next_dagrun for dataset_alias_example_alias_producer_with_no_taskflow to None, run_after=None
[2024-09-28T07:50:29.716+0000] {logging_mixin.py:190} INFO - [2024-09-28T07:50:29.716+0000] {dag.py:4180} INFO - Setting next_dagrun for dataset_s3_bucket_consumer_with_no_taskflow to None, run_after=None
[2024-09-28T07:50:29.716+0000] {logging_mixin.py:190} INFO - [2024-09-28T07:50:29.716+0000] {dag.py:4180} INFO - Setting next_dagrun for dataset_s3_bucket_producer_with_no_taskflow to None, run_after=None
[2024-09-28T07:50:29.727+0000] {processor.py:208} INFO - Processing /home/airflow/.local/lib/python3.12/site-packages/airflow/example_dags/example_dataset_alias_with_no_taskflow.py took 0.136 seconds
[2024-09-28T07:50:59.979+0000] {processor.py:186} INFO - Started process (PID=2287) to work on /home/airflow/.local/lib/python3.12/site-packages/airflow/example_dags/example_dataset_alias_with_no_taskflow.py
[2024-09-28T07:50:59.980+0000] {processor.py:914} INFO - Processing file /home/airflow/.local/lib/python3.12/site-packages/airflow/example_dags/example_dataset_alias_with_no_taskflow.py for tasks to queue
[2024-09-28T07:50:59.981+0000] {logging_mixin.py:190} INFO - [2024-09-28T07:50:59.981+0000] {dagbag.py:588} INFO - Filling up the DagBag from /home/airflow/.local/lib/python3.12/site-packages/airflow/example_dags/example_dataset_alias_with_no_taskflow.py
[2024-09-28T07:51:00.055+0000] {processor.py:925} INFO - DAG(s) 'dataset_s3_bucket_producer_with_no_taskflow', 'dataset_alias_example_alias_producer_with_no_taskflow', 'dataset_alias_example_alias_consumer_with_no_taskflow', 'dataset_s3_bucket_consumer_with_no_taskflow' retrieved from /home/airflow/.local/lib/python3.12/site-packages/airflow/example_dags/example_dataset_alias_with_no_taskflow.py
[2024-09-28T07:51:00.065+0000] {logging_mixin.py:190} INFO - [2024-09-28T07:51:00.065+0000] {dag.py:3239} INFO - Sync 4 DAGs
[2024-09-28T07:51:00.078+0000] {logging_mixin.py:190} INFO - [2024-09-28T07:51:00.078+0000] {dag.py:4180} INFO - Setting next_dagrun for dataset_alias_example_alias_consumer_with_no_taskflow to None, run_after=None
[2024-09-28T07:51:00.080+0000] {logging_mixin.py:190} INFO - [2024-09-28T07:51:00.080+0000] {dag.py:4180} INFO - Setting next_dagrun for dataset_alias_example_alias_producer_with_no_taskflow to None, run_after=None
[2024-09-28T07:51:00.080+0000] {logging_mixin.py:190} INFO - [2024-09-28T07:51:00.080+0000] {dag.py:4180} INFO - Setting next_dagrun for dataset_s3_bucket_consumer_with_no_taskflow to None, run_after=None
[2024-09-28T07:51:00.081+0000] {logging_mixin.py:190} INFO - [2024-09-28T07:51:00.081+0000] {dag.py:4180} INFO - Setting next_dagrun for dataset_s3_bucket_producer_with_no_taskflow to None, run_after=None
[2024-09-28T07:51:00.092+0000] {processor.py:208} INFO - Processing /home/airflow/.local/lib/python3.12/site-packages/airflow/example_dags/example_dataset_alias_with_no_taskflow.py took 0.116 seconds
[2024-09-28T07:51:30.207+0000] {processor.py:186} INFO - Started process (PID=2567) to work on /home/airflow/.local/lib/python3.12/site-packages/airflow/example_dags/example_dataset_alias_with_no_taskflow.py
[2024-09-28T07:51:30.209+0000] {processor.py:914} INFO - Processing file /home/airflow/.local/lib/python3.12/site-packages/airflow/example_dags/example_dataset_alias_with_no_taskflow.py for tasks to queue
[2024-09-28T07:51:30.210+0000] {logging_mixin.py:190} INFO - [2024-09-28T07:51:30.210+0000] {dagbag.py:588} INFO - Filling up the DagBag from /home/airflow/.local/lib/python3.12/site-packages/airflow/example_dags/example_dataset_alias_with_no_taskflow.py
[2024-09-28T07:51:30.277+0000] {processor.py:925} INFO - DAG(s) 'dataset_s3_bucket_consumer_with_no_taskflow', 'dataset_s3_bucket_producer_with_no_taskflow', 'dataset_alias_example_alias_consumer_with_no_taskflow', 'dataset_alias_example_alias_producer_with_no_taskflow' retrieved from /home/airflow/.local/lib/python3.12/site-packages/airflow/example_dags/example_dataset_alias_with_no_taskflow.py
[2024-09-28T07:51:30.287+0000] {logging_mixin.py:190} INFO - [2024-09-28T07:51:30.287+0000] {dag.py:3239} INFO - Sync 4 DAGs
[2024-09-28T07:51:30.300+0000] {logging_mixin.py:190} INFO - [2024-09-28T07:51:30.300+0000] {dag.py:4180} INFO - Setting next_dagrun for dataset_alias_example_alias_consumer_with_no_taskflow to None, run_after=None
[2024-09-28T07:51:30.302+0000] {logging_mixin.py:190} INFO - [2024-09-28T07:51:30.301+0000] {dag.py:4180} INFO - Setting next_dagrun for dataset_alias_example_alias_producer_with_no_taskflow to None, run_after=None
[2024-09-28T07:51:30.302+0000] {logging_mixin.py:190} INFO - [2024-09-28T07:51:30.302+0000] {dag.py:4180} INFO - Setting next_dagrun for dataset_s3_bucket_consumer_with_no_taskflow to None, run_after=None
[2024-09-28T07:51:30.303+0000] {logging_mixin.py:190} INFO - [2024-09-28T07:51:30.303+0000] {dag.py:4180} INFO - Setting next_dagrun for dataset_s3_bucket_producer_with_no_taskflow to None, run_after=None
[2024-09-28T07:51:30.312+0000] {processor.py:208} INFO - Processing /home/airflow/.local/lib/python3.12/site-packages/airflow/example_dags/example_dataset_alias_with_no_taskflow.py took 0.107 seconds
[2024-09-28T07:52:00.383+0000] {processor.py:186} INFO - Started process (PID=2858) to work on /home/airflow/.local/lib/python3.12/site-packages/airflow/example_dags/example_dataset_alias_with_no_taskflow.py
[2024-09-28T07:52:00.387+0000] {processor.py:914} INFO - Processing file /home/airflow/.local/lib/python3.12/site-packages/airflow/example_dags/example_dataset_alias_with_no_taskflow.py for tasks to queue
[2024-09-28T07:52:00.388+0000] {logging_mixin.py:190} INFO - [2024-09-28T07:52:00.388+0000] {dagbag.py:588} INFO - Filling up the DagBag from /home/airflow/.local/lib/python3.12/site-packages/airflow/example_dags/example_dataset_alias_with_no_taskflow.py
[2024-09-28T07:52:00.460+0000] {processor.py:925} INFO - DAG(s) 'dataset_s3_bucket_consumer_with_no_taskflow', 'dataset_alias_example_alias_producer_with_no_taskflow', 'dataset_s3_bucket_producer_with_no_taskflow', 'dataset_alias_example_alias_consumer_with_no_taskflow' retrieved from /home/airflow/.local/lib/python3.12/site-packages/airflow/example_dags/example_dataset_alias_with_no_taskflow.py
[2024-09-28T07:52:00.470+0000] {logging_mixin.py:190} INFO - [2024-09-28T07:52:00.469+0000] {dag.py:3239} INFO - Sync 4 DAGs
[2024-09-28T07:52:00.483+0000] {logging_mixin.py:190} INFO - [2024-09-28T07:52:00.483+0000] {dag.py:4180} INFO - Setting next_dagrun for dataset_alias_example_alias_consumer_with_no_taskflow to None, run_after=None
[2024-09-28T07:52:00.485+0000] {logging_mixin.py:190} INFO - [2024-09-28T07:52:00.485+0000] {dag.py:4180} INFO - Setting next_dagrun for dataset_alias_example_alias_producer_with_no_taskflow to None, run_after=None
[2024-09-28T07:52:00.486+0000] {logging_mixin.py:190} INFO - [2024-09-28T07:52:00.486+0000] {dag.py:4180} INFO - Setting next_dagrun for dataset_s3_bucket_consumer_with_no_taskflow to None, run_after=None
[2024-09-28T07:52:00.488+0000] {logging_mixin.py:190} INFO - [2024-09-28T07:52:00.488+0000] {dag.py:4180} INFO - Setting next_dagrun for dataset_s3_bucket_producer_with_no_taskflow to None, run_after=None
[2024-09-28T07:52:00.497+0000] {processor.py:208} INFO - Processing /home/airflow/.local/lib/python3.12/site-packages/airflow/example_dags/example_dataset_alias_with_no_taskflow.py took 0.117 seconds
[2024-09-28T07:52:31.577+0000] {processor.py:186} INFO - Started process (PID=3139) to work on /home/airflow/.local/lib/python3.12/site-packages/airflow/example_dags/example_dataset_alias_with_no_taskflow.py
[2024-09-28T07:52:31.577+0000] {processor.py:914} INFO - Processing file /home/airflow/.local/lib/python3.12/site-packages/airflow/example_dags/example_dataset_alias_with_no_taskflow.py for tasks to queue
[2024-09-28T07:52:31.579+0000] {logging_mixin.py:190} INFO - [2024-09-28T07:52:31.579+0000] {dagbag.py:588} INFO - Filling up the DagBag from /home/airflow/.local/lib/python3.12/site-packages/airflow/example_dags/example_dataset_alias_with_no_taskflow.py
[2024-09-28T07:52:31.660+0000] {processor.py:925} INFO - DAG(s) 'dataset_s3_bucket_consumer_with_no_taskflow', 'dataset_alias_example_alias_producer_with_no_taskflow', 'dataset_alias_example_alias_consumer_with_no_taskflow', 'dataset_s3_bucket_producer_with_no_taskflow' retrieved from /home/airflow/.local/lib/python3.12/site-packages/airflow/example_dags/example_dataset_alias_with_no_taskflow.py
[2024-09-28T07:52:31.670+0000] {logging_mixin.py:190} INFO - [2024-09-28T07:52:31.670+0000] {dag.py:3239} INFO - Sync 4 DAGs
[2024-09-28T07:52:31.681+0000] {logging_mixin.py:190} INFO - [2024-09-28T07:52:31.681+0000] {dag.py:4180} INFO - Setting next_dagrun for dataset_alias_example_alias_consumer_with_no_taskflow to None, run_after=None
[2024-09-28T07:52:31.685+0000] {logging_mixin.py:190} INFO - [2024-09-28T07:52:31.685+0000] {dag.py:4180} INFO - Setting next_dagrun for dataset_alias_example_alias_producer_with_no_taskflow to None, run_after=None
[2024-09-28T07:52:31.685+0000] {logging_mixin.py:190} INFO - [2024-09-28T07:52:31.685+0000] {dag.py:4180} INFO - Setting next_dagrun for dataset_s3_bucket_consumer_with_no_taskflow to None, run_after=None
[2024-09-28T07:52:31.686+0000] {logging_mixin.py:190} INFO - [2024-09-28T07:52:31.686+0000] {dag.py:4180} INFO - Setting next_dagrun for dataset_s3_bucket_producer_with_no_taskflow to None, run_after=None
[2024-09-28T07:52:31.695+0000] {processor.py:208} INFO - Processing /home/airflow/.local/lib/python3.12/site-packages/airflow/example_dags/example_dataset_alias_with_no_taskflow.py took 0.123 seconds
[2024-09-28T07:53:01.821+0000] {processor.py:186} INFO - Started process (PID=3425) to work on /home/airflow/.local/lib/python3.12/site-packages/airflow/example_dags/example_dataset_alias_with_no_taskflow.py
[2024-09-28T07:53:01.824+0000] {processor.py:914} INFO - Processing file /home/airflow/.local/lib/python3.12/site-packages/airflow/example_dags/example_dataset_alias_with_no_taskflow.py for tasks to queue
[2024-09-28T07:53:01.825+0000] {logging_mixin.py:190} INFO - [2024-09-28T07:53:01.825+0000] {dagbag.py:588} INFO - Filling up the DagBag from /home/airflow/.local/lib/python3.12/site-packages/airflow/example_dags/example_dataset_alias_with_no_taskflow.py
[2024-09-28T07:53:01.892+0000] {processor.py:925} INFO - DAG(s) 'dataset_alias_example_alias_consumer_with_no_taskflow', 'dataset_s3_bucket_consumer_with_no_taskflow', 'dataset_alias_example_alias_producer_with_no_taskflow', 'dataset_s3_bucket_producer_with_no_taskflow' retrieved from /home/airflow/.local/lib/python3.12/site-packages/airflow/example_dags/example_dataset_alias_with_no_taskflow.py
[2024-09-28T07:53:01.906+0000] {logging_mixin.py:190} INFO - [2024-09-28T07:53:01.905+0000] {dag.py:3239} INFO - Sync 4 DAGs
[2024-09-28T07:53:01.917+0000] {logging_mixin.py:190} INFO - [2024-09-28T07:53:01.917+0000] {dag.py:4180} INFO - Setting next_dagrun for dataset_alias_example_alias_consumer_with_no_taskflow to None, run_after=None
[2024-09-28T07:53:01.918+0000] {logging_mixin.py:190} INFO - [2024-09-28T07:53:01.918+0000] {dag.py:4180} INFO - Setting next_dagrun for dataset_alias_example_alias_producer_with_no_taskflow to None, run_after=None
[2024-09-28T07:53:01.919+0000] {logging_mixin.py:190} INFO - [2024-09-28T07:53:01.919+0000] {dag.py:4180} INFO - Setting next_dagrun for dataset_s3_bucket_consumer_with_no_taskflow to None, run_after=None
[2024-09-28T07:53:01.920+0000] {logging_mixin.py:190} INFO - [2024-09-28T07:53:01.920+0000] {dag.py:4180} INFO - Setting next_dagrun for dataset_s3_bucket_producer_with_no_taskflow to None, run_after=None
[2024-09-28T07:53:01.930+0000] {processor.py:208} INFO - Processing /home/airflow/.local/lib/python3.12/site-packages/airflow/example_dags/example_dataset_alias_with_no_taskflow.py took 0.112 seconds
[2024-09-28T07:53:32.170+0000] {processor.py:186} INFO - Started process (PID=3711) to work on /home/airflow/.local/lib/python3.12/site-packages/airflow/example_dags/example_dataset_alias_with_no_taskflow.py
[2024-09-28T07:53:32.171+0000] {processor.py:914} INFO - Processing file /home/airflow/.local/lib/python3.12/site-packages/airflow/example_dags/example_dataset_alias_with_no_taskflow.py for tasks to queue
[2024-09-28T07:53:32.172+0000] {logging_mixin.py:190} INFO - [2024-09-28T07:53:32.172+0000] {dagbag.py:588} INFO - Filling up the DagBag from /home/airflow/.local/lib/python3.12/site-packages/airflow/example_dags/example_dataset_alias_with_no_taskflow.py
[2024-09-28T07:53:32.250+0000] {processor.py:925} INFO - DAG(s) 'dataset_s3_bucket_consumer_with_no_taskflow', 'dataset_alias_example_alias_consumer_with_no_taskflow', 'dataset_s3_bucket_producer_with_no_taskflow', 'dataset_alias_example_alias_producer_with_no_taskflow' retrieved from /home/airflow/.local/lib/python3.12/site-packages/airflow/example_dags/example_dataset_alias_with_no_taskflow.py
[2024-09-28T07:53:32.265+0000] {logging_mixin.py:190} INFO - [2024-09-28T07:53:32.265+0000] {dag.py:3239} INFO - Sync 4 DAGs
[2024-09-28T07:53:32.282+0000] {logging_mixin.py:190} INFO - [2024-09-28T07:53:32.282+0000] {dag.py:4180} INFO - Setting next_dagrun for dataset_alias_example_alias_consumer_with_no_taskflow to None, run_after=None
[2024-09-28T07:53:32.284+0000] {logging_mixin.py:190} INFO - [2024-09-28T07:53:32.284+0000] {dag.py:4180} INFO - Setting next_dagrun for dataset_alias_example_alias_producer_with_no_taskflow to None, run_after=None
[2024-09-28T07:53:32.288+0000] {logging_mixin.py:190} INFO - [2024-09-28T07:53:32.287+0000] {dag.py:4180} INFO - Setting next_dagrun for dataset_s3_bucket_consumer_with_no_taskflow to None, run_after=None
[2024-09-28T07:53:32.290+0000] {logging_mixin.py:190} INFO - [2024-09-28T07:53:32.290+0000] {dag.py:4180} INFO - Setting next_dagrun for dataset_s3_bucket_producer_with_no_taskflow to None, run_after=None
[2024-09-28T07:53:32.305+0000] {processor.py:208} INFO - Processing /home/airflow/.local/lib/python3.12/site-packages/airflow/example_dags/example_dataset_alias_with_no_taskflow.py took 0.139 seconds
[2024-09-28T07:54:02.400+0000] {processor.py:186} INFO - Started process (PID=3997) to work on /home/airflow/.local/lib/python3.12/site-packages/airflow/example_dags/example_dataset_alias_with_no_taskflow.py
[2024-09-28T07:54:02.401+0000] {processor.py:914} INFO - Processing file /home/airflow/.local/lib/python3.12/site-packages/airflow/example_dags/example_dataset_alias_with_no_taskflow.py for tasks to queue
[2024-09-28T07:54:02.403+0000] {logging_mixin.py:190} INFO - [2024-09-28T07:54:02.403+0000] {dagbag.py:588} INFO - Filling up the DagBag from /home/airflow/.local/lib/python3.12/site-packages/airflow/example_dags/example_dataset_alias_with_no_taskflow.py
[2024-09-28T07:54:02.475+0000] {processor.py:925} INFO - DAG(s) 'dataset_s3_bucket_consumer_with_no_taskflow', 'dataset_alias_example_alias_producer_with_no_taskflow', 'dataset_alias_example_alias_consumer_with_no_taskflow', 'dataset_s3_bucket_producer_with_no_taskflow' retrieved from /home/airflow/.local/lib/python3.12/site-packages/airflow/example_dags/example_dataset_alias_with_no_taskflow.py
[2024-09-28T07:54:02.486+0000] {logging_mixin.py:190} INFO - [2024-09-28T07:54:02.486+0000] {dag.py:3239} INFO - Sync 4 DAGs
[2024-09-28T07:54:02.499+0000] {logging_mixin.py:190} INFO - [2024-09-28T07:54:02.499+0000] {dag.py:4180} INFO - Setting next_dagrun for dataset_alias_example_alias_consumer_with_no_taskflow to None, run_after=None
[2024-09-28T07:54:02.507+0000] {logging_mixin.py:190} INFO - [2024-09-28T07:54:02.507+0000] {dag.py:4180} INFO - Setting next_dagrun for dataset_alias_example_alias_producer_with_no_taskflow to None, run_after=None
[2024-09-28T07:54:02.508+0000] {logging_mixin.py:190} INFO - [2024-09-28T07:54:02.508+0000] {dag.py:4180} INFO - Setting next_dagrun for dataset_s3_bucket_consumer_with_no_taskflow to None, run_after=None
[2024-09-28T07:54:02.510+0000] {logging_mixin.py:190} INFO - [2024-09-28T07:54:02.509+0000] {dag.py:4180} INFO - Setting next_dagrun for dataset_s3_bucket_producer_with_no_taskflow to None, run_after=None
[2024-09-28T07:54:02.528+0000] {processor.py:208} INFO - Processing /home/airflow/.local/lib/python3.12/site-packages/airflow/example_dags/example_dataset_alias_with_no_taskflow.py took 0.132 seconds
[2024-09-28T07:54:32.709+0000] {processor.py:186} INFO - Started process (PID=4288) to work on /home/airflow/.local/lib/python3.12/site-packages/airflow/example_dags/example_dataset_alias_with_no_taskflow.py
[2024-09-28T07:54:32.713+0000] {processor.py:914} INFO - Processing file /home/airflow/.local/lib/python3.12/site-packages/airflow/example_dags/example_dataset_alias_with_no_taskflow.py for tasks to queue
[2024-09-28T07:54:32.716+0000] {logging_mixin.py:190} INFO - [2024-09-28T07:54:32.715+0000] {dagbag.py:588} INFO - Filling up the DagBag from /home/airflow/.local/lib/python3.12/site-packages/airflow/example_dags/example_dataset_alias_with_no_taskflow.py
[2024-09-28T07:54:32.794+0000] {processor.py:925} INFO - DAG(s) 'dataset_alias_example_alias_producer_with_no_taskflow', 'dataset_s3_bucket_producer_with_no_taskflow', 'dataset_s3_bucket_consumer_with_no_taskflow', 'dataset_alias_example_alias_consumer_with_no_taskflow' retrieved from /home/airflow/.local/lib/python3.12/site-packages/airflow/example_dags/example_dataset_alias_with_no_taskflow.py
[2024-09-28T07:54:32.809+0000] {logging_mixin.py:190} INFO - [2024-09-28T07:54:32.809+0000] {dag.py:3239} INFO - Sync 4 DAGs
[2024-09-28T07:54:32.823+0000] {logging_mixin.py:190} INFO - [2024-09-28T07:54:32.823+0000] {dag.py:4180} INFO - Setting next_dagrun for dataset_alias_example_alias_consumer_with_no_taskflow to None, run_after=None
[2024-09-28T07:54:32.824+0000] {logging_mixin.py:190} INFO - [2024-09-28T07:54:32.824+0000] {dag.py:4180} INFO - Setting next_dagrun for dataset_alias_example_alias_producer_with_no_taskflow to None, run_after=None
[2024-09-28T07:54:32.825+0000] {logging_mixin.py:190} INFO - [2024-09-28T07:54:32.825+0000] {dag.py:4180} INFO - Setting next_dagrun for dataset_s3_bucket_consumer_with_no_taskflow to None, run_after=None
[2024-09-28T07:54:32.827+0000] {logging_mixin.py:190} INFO - [2024-09-28T07:54:32.827+0000] {dag.py:4180} INFO - Setting next_dagrun for dataset_s3_bucket_producer_with_no_taskflow to None, run_after=None
[2024-09-28T07:54:32.842+0000] {processor.py:208} INFO - Processing /home/airflow/.local/lib/python3.12/site-packages/airflow/example_dags/example_dataset_alias_with_no_taskflow.py took 0.137 seconds
[2024-09-28T07:55:03.215+0000] {processor.py:186} INFO - Started process (PID=4569) to work on /home/airflow/.local/lib/python3.12/site-packages/airflow/example_dags/example_dataset_alias_with_no_taskflow.py
[2024-09-28T07:55:03.219+0000] {processor.py:914} INFO - Processing file /home/airflow/.local/lib/python3.12/site-packages/airflow/example_dags/example_dataset_alias_with_no_taskflow.py for tasks to queue
[2024-09-28T07:55:03.221+0000] {logging_mixin.py:190} INFO - [2024-09-28T07:55:03.220+0000] {dagbag.py:588} INFO - Filling up the DagBag from /home/airflow/.local/lib/python3.12/site-packages/airflow/example_dags/example_dataset_alias_with_no_taskflow.py
[2024-09-28T07:55:03.286+0000] {processor.py:925} INFO - DAG(s) 'dataset_alias_example_alias_producer_with_no_taskflow', 'dataset_s3_bucket_consumer_with_no_taskflow', 'dataset_alias_example_alias_consumer_with_no_taskflow', 'dataset_s3_bucket_producer_with_no_taskflow' retrieved from /home/airflow/.local/lib/python3.12/site-packages/airflow/example_dags/example_dataset_alias_with_no_taskflow.py
[2024-09-28T07:55:03.295+0000] {logging_mixin.py:190} INFO - [2024-09-28T07:55:03.295+0000] {dag.py:3239} INFO - Sync 4 DAGs
[2024-09-28T07:55:03.307+0000] {logging_mixin.py:190} INFO - [2024-09-28T07:55:03.307+0000] {dag.py:4180} INFO - Setting next_dagrun for dataset_alias_example_alias_consumer_with_no_taskflow to None, run_after=None
[2024-09-28T07:55:03.312+0000] {logging_mixin.py:190} INFO - [2024-09-28T07:55:03.312+0000] {dag.py:4180} INFO - Setting next_dagrun for dataset_alias_example_alias_producer_with_no_taskflow to None, run_after=None
[2024-09-28T07:55:03.314+0000] {logging_mixin.py:190} INFO - [2024-09-28T07:55:03.314+0000] {dag.py:4180} INFO - Setting next_dagrun for dataset_s3_bucket_consumer_with_no_taskflow to None, run_after=None
[2024-09-28T07:55:03.315+0000] {logging_mixin.py:190} INFO - [2024-09-28T07:55:03.315+0000] {dag.py:4180} INFO - Setting next_dagrun for dataset_s3_bucket_producer_with_no_taskflow to None, run_after=None
[2024-09-28T07:55:03.326+0000] {processor.py:208} INFO - Processing /home/airflow/.local/lib/python3.12/site-packages/airflow/example_dags/example_dataset_alias_with_no_taskflow.py took 0.114 seconds
[2024-09-28T07:55:33.564+0000] {processor.py:186} INFO - Started process (PID=4855) to work on /home/airflow/.local/lib/python3.12/site-packages/airflow/example_dags/example_dataset_alias_with_no_taskflow.py
[2024-09-28T07:55:33.568+0000] {processor.py:914} INFO - Processing file /home/airflow/.local/lib/python3.12/site-packages/airflow/example_dags/example_dataset_alias_with_no_taskflow.py for tasks to queue
[2024-09-28T07:55:33.571+0000] {logging_mixin.py:190} INFO - [2024-09-28T07:55:33.571+0000] {dagbag.py:588} INFO - Filling up the DagBag from /home/airflow/.local/lib/python3.12/site-packages/airflow/example_dags/example_dataset_alias_with_no_taskflow.py
[2024-09-28T07:55:33.652+0000] {processor.py:925} INFO - DAG(s) 'dataset_alias_example_alias_producer_with_no_taskflow', 'dataset_s3_bucket_consumer_with_no_taskflow', 'dataset_s3_bucket_producer_with_no_taskflow', 'dataset_alias_example_alias_consumer_with_no_taskflow' retrieved from /home/airflow/.local/lib/python3.12/site-packages/airflow/example_dags/example_dataset_alias_with_no_taskflow.py
[2024-09-28T07:55:33.668+0000] {logging_mixin.py:190} INFO - [2024-09-28T07:55:33.668+0000] {dag.py:3239} INFO - Sync 4 DAGs
[2024-09-28T07:55:33.680+0000] {logging_mixin.py:190} INFO - [2024-09-28T07:55:33.680+0000] {dag.py:4180} INFO - Setting next_dagrun for dataset_alias_example_alias_consumer_with_no_taskflow to None, run_after=None
[2024-09-28T07:55:33.682+0000] {logging_mixin.py:190} INFO - [2024-09-28T07:55:33.682+0000] {dag.py:4180} INFO - Setting next_dagrun for dataset_alias_example_alias_producer_with_no_taskflow to None, run_after=None
[2024-09-28T07:55:33.683+0000] {logging_mixin.py:190} INFO - [2024-09-28T07:55:33.683+0000] {dag.py:4180} INFO - Setting next_dagrun for dataset_s3_bucket_consumer_with_no_taskflow to None, run_after=None
[2024-09-28T07:55:33.684+0000] {logging_mixin.py:190} INFO - [2024-09-28T07:55:33.684+0000] {dag.py:4180} INFO - Setting next_dagrun for dataset_s3_bucket_producer_with_no_taskflow to None, run_after=None
[2024-09-28T07:55:33.697+0000] {processor.py:208} INFO - Processing /home/airflow/.local/lib/python3.12/site-packages/airflow/example_dags/example_dataset_alias_with_no_taskflow.py took 0.136 seconds
[2024-09-28T07:56:03.949+0000] {processor.py:186} INFO - Started process (PID=5141) to work on /home/airflow/.local/lib/python3.12/site-packages/airflow/example_dags/example_dataset_alias_with_no_taskflow.py
[2024-09-28T07:56:03.950+0000] {processor.py:914} INFO - Processing file /home/airflow/.local/lib/python3.12/site-packages/airflow/example_dags/example_dataset_alias_with_no_taskflow.py for tasks to queue
[2024-09-28T07:56:03.951+0000] {logging_mixin.py:190} INFO - [2024-09-28T07:56:03.951+0000] {dagbag.py:588} INFO - Filling up the DagBag from /home/airflow/.local/lib/python3.12/site-packages/airflow/example_dags/example_dataset_alias_with_no_taskflow.py
[2024-09-28T07:56:04.024+0000] {processor.py:925} INFO - DAG(s) 'dataset_s3_bucket_producer_with_no_taskflow', 'dataset_alias_example_alias_producer_with_no_taskflow', 'dataset_alias_example_alias_consumer_with_no_taskflow', 'dataset_s3_bucket_consumer_with_no_taskflow' retrieved from /home/airflow/.local/lib/python3.12/site-packages/airflow/example_dags/example_dataset_alias_with_no_taskflow.py
[2024-09-28T07:56:04.037+0000] {logging_mixin.py:190} INFO - [2024-09-28T07:56:04.037+0000] {dag.py:3239} INFO - Sync 4 DAGs
[2024-09-28T07:56:04.048+0000] {logging_mixin.py:190} INFO - [2024-09-28T07:56:04.048+0000] {dag.py:4180} INFO - Setting next_dagrun for dataset_alias_example_alias_consumer_with_no_taskflow to None, run_after=None
[2024-09-28T07:56:04.051+0000] {logging_mixin.py:190} INFO - [2024-09-28T07:56:04.051+0000] {dag.py:4180} INFO - Setting next_dagrun for dataset_alias_example_alias_producer_with_no_taskflow to None, run_after=None
[2024-09-28T07:56:04.054+0000] {logging_mixin.py:190} INFO - [2024-09-28T07:56:04.053+0000] {dag.py:4180} INFO - Setting next_dagrun for dataset_s3_bucket_consumer_with_no_taskflow to None, run_after=None
[2024-09-28T07:56:04.055+0000] {logging_mixin.py:190} INFO - [2024-09-28T07:56:04.055+0000] {dag.py:4180} INFO - Setting next_dagrun for dataset_s3_bucket_producer_with_no_taskflow to None, run_after=None
[2024-09-28T07:56:04.074+0000] {processor.py:208} INFO - Processing /home/airflow/.local/lib/python3.12/site-packages/airflow/example_dags/example_dataset_alias_with_no_taskflow.py took 0.128 seconds
[2024-09-28T07:56:34.381+0000] {processor.py:186} INFO - Started process (PID=5427) to work on /home/airflow/.local/lib/python3.12/site-packages/airflow/example_dags/example_dataset_alias_with_no_taskflow.py
[2024-09-28T07:56:34.385+0000] {processor.py:914} INFO - Processing file /home/airflow/.local/lib/python3.12/site-packages/airflow/example_dags/example_dataset_alias_with_no_taskflow.py for tasks to queue
[2024-09-28T07:56:34.389+0000] {logging_mixin.py:190} INFO - [2024-09-28T07:56:34.388+0000] {dagbag.py:588} INFO - Filling up the DagBag from /home/airflow/.local/lib/python3.12/site-packages/airflow/example_dags/example_dataset_alias_with_no_taskflow.py
[2024-09-28T07:56:34.474+0000] {processor.py:925} INFO - DAG(s) 'dataset_s3_bucket_consumer_with_no_taskflow', 'dataset_s3_bucket_producer_with_no_taskflow', 'dataset_alias_example_alias_producer_with_no_taskflow', 'dataset_alias_example_alias_consumer_with_no_taskflow' retrieved from /home/airflow/.local/lib/python3.12/site-packages/airflow/example_dags/example_dataset_alias_with_no_taskflow.py
[2024-09-28T07:56:34.486+0000] {logging_mixin.py:190} INFO - [2024-09-28T07:56:34.486+0000] {dag.py:3239} INFO - Sync 4 DAGs
[2024-09-28T07:56:34.497+0000] {logging_mixin.py:190} INFO - [2024-09-28T07:56:34.497+0000] {dag.py:4180} INFO - Setting next_dagrun for dataset_alias_example_alias_consumer_with_no_taskflow to None, run_after=None
[2024-09-28T07:56:34.501+0000] {logging_mixin.py:190} INFO - [2024-09-28T07:56:34.501+0000] {dag.py:4180} INFO - Setting next_dagrun for dataset_alias_example_alias_producer_with_no_taskflow to None, run_after=None
[2024-09-28T07:56:34.502+0000] {logging_mixin.py:190} INFO - [2024-09-28T07:56:34.502+0000] {dag.py:4180} INFO - Setting next_dagrun for dataset_s3_bucket_consumer_with_no_taskflow to None, run_after=None
[2024-09-28T07:56:34.503+0000] {logging_mixin.py:190} INFO - [2024-09-28T07:56:34.503+0000] {dag.py:4180} INFO - Setting next_dagrun for dataset_s3_bucket_producer_with_no_taskflow to None, run_after=None
[2024-09-28T07:56:34.515+0000] {processor.py:208} INFO - Processing /home/airflow/.local/lib/python3.12/site-packages/airflow/example_dags/example_dataset_alias_with_no_taskflow.py took 0.138 seconds
[2024-09-28T07:57:04.681+0000] {processor.py:186} INFO - Started process (PID=5713) to work on /home/airflow/.local/lib/python3.12/site-packages/airflow/example_dags/example_dataset_alias_with_no_taskflow.py
[2024-09-28T07:57:04.685+0000] {processor.py:914} INFO - Processing file /home/airflow/.local/lib/python3.12/site-packages/airflow/example_dags/example_dataset_alias_with_no_taskflow.py for tasks to queue
[2024-09-28T07:57:04.687+0000] {logging_mixin.py:190} INFO - [2024-09-28T07:57:04.687+0000] {dagbag.py:588} INFO - Filling up the DagBag from /home/airflow/.local/lib/python3.12/site-packages/airflow/example_dags/example_dataset_alias_with_no_taskflow.py
[2024-09-28T07:57:04.786+0000] {processor.py:925} INFO - DAG(s) 'dataset_s3_bucket_consumer_with_no_taskflow', 'dataset_alias_example_alias_producer_with_no_taskflow', 'dataset_s3_bucket_producer_with_no_taskflow', 'dataset_alias_example_alias_consumer_with_no_taskflow' retrieved from /home/airflow/.local/lib/python3.12/site-packages/airflow/example_dags/example_dataset_alias_with_no_taskflow.py
[2024-09-28T07:57:04.803+0000] {logging_mixin.py:190} INFO - [2024-09-28T07:57:04.803+0000] {dag.py:3239} INFO - Sync 4 DAGs
[2024-09-28T07:57:04.818+0000] {logging_mixin.py:190} INFO - [2024-09-28T07:57:04.818+0000] {dag.py:4180} INFO - Setting next_dagrun for dataset_alias_example_alias_consumer_with_no_taskflow to None, run_after=None
[2024-09-28T07:57:04.822+0000] {logging_mixin.py:190} INFO - [2024-09-28T07:57:04.821+0000] {dag.py:4180} INFO - Setting next_dagrun for dataset_alias_example_alias_producer_with_no_taskflow to None, run_after=None
[2024-09-28T07:57:04.823+0000] {logging_mixin.py:190} INFO - [2024-09-28T07:57:04.823+0000] {dag.py:4180} INFO - Setting next_dagrun for dataset_s3_bucket_consumer_with_no_taskflow to None, run_after=None
[2024-09-28T07:57:04.824+0000] {logging_mixin.py:190} INFO - [2024-09-28T07:57:04.823+0000] {dag.py:4180} INFO - Setting next_dagrun for dataset_s3_bucket_producer_with_no_taskflow to None, run_after=None
[2024-09-28T07:57:04.834+0000] {processor.py:208} INFO - Processing /home/airflow/.local/lib/python3.12/site-packages/airflow/example_dags/example_dataset_alias_with_no_taskflow.py took 0.156 seconds
[2024-09-28T07:57:35.035+0000] {processor.py:186} INFO - Started process (PID=6001) to work on /home/airflow/.local/lib/python3.12/site-packages/airflow/example_dags/example_dataset_alias_with_no_taskflow.py
[2024-09-28T07:57:35.037+0000] {processor.py:914} INFO - Processing file /home/airflow/.local/lib/python3.12/site-packages/airflow/example_dags/example_dataset_alias_with_no_taskflow.py for tasks to queue
[2024-09-28T07:57:35.038+0000] {logging_mixin.py:190} INFO - [2024-09-28T07:57:35.038+0000] {dagbag.py:588} INFO - Filling up the DagBag from /home/airflow/.local/lib/python3.12/site-packages/airflow/example_dags/example_dataset_alias_with_no_taskflow.py
[2024-09-28T07:57:35.108+0000] {processor.py:925} INFO - DAG(s) 'dataset_s3_bucket_producer_with_no_taskflow', 'dataset_alias_example_alias_producer_with_no_taskflow', 'dataset_alias_example_alias_consumer_with_no_taskflow', 'dataset_s3_bucket_consumer_with_no_taskflow' retrieved from /home/airflow/.local/lib/python3.12/site-packages/airflow/example_dags/example_dataset_alias_with_no_taskflow.py
[2024-09-28T07:57:35.123+0000] {logging_mixin.py:190} INFO - [2024-09-28T07:57:35.123+0000] {dag.py:3239} INFO - Sync 4 DAGs
[2024-09-28T07:57:35.143+0000] {logging_mixin.py:190} INFO - [2024-09-28T07:57:35.143+0000] {dag.py:4180} INFO - Setting next_dagrun for dataset_alias_example_alias_consumer_with_no_taskflow to None, run_after=None
[2024-09-28T07:57:35.146+0000] {logging_mixin.py:190} INFO - [2024-09-28T07:57:35.146+0000] {dag.py:4180} INFO - Setting next_dagrun for dataset_alias_example_alias_producer_with_no_taskflow to None, run_after=None
[2024-09-28T07:57:35.149+0000] {logging_mixin.py:190} INFO - [2024-09-28T07:57:35.149+0000] {dag.py:4180} INFO - Setting next_dagrun for dataset_s3_bucket_consumer_with_no_taskflow to None, run_after=None
[2024-09-28T07:57:35.149+0000] {logging_mixin.py:190} INFO - [2024-09-28T07:57:35.149+0000] {dag.py:4180} INFO - Setting next_dagrun for dataset_s3_bucket_producer_with_no_taskflow to None, run_after=None
[2024-09-28T07:57:35.160+0000] {processor.py:208} INFO - Processing /home/airflow/.local/lib/python3.12/site-packages/airflow/example_dags/example_dataset_alias_with_no_taskflow.py took 0.129 seconds
[2024-09-28T07:58:05.272+0000] {processor.py:186} INFO - Started process (PID=6284) to work on /home/airflow/.local/lib/python3.12/site-packages/airflow/example_dags/example_dataset_alias_with_no_taskflow.py
[2024-09-28T07:58:05.274+0000] {processor.py:914} INFO - Processing file /home/airflow/.local/lib/python3.12/site-packages/airflow/example_dags/example_dataset_alias_with_no_taskflow.py for tasks to queue
[2024-09-28T07:58:05.276+0000] {logging_mixin.py:190} INFO - [2024-09-28T07:58:05.275+0000] {dagbag.py:588} INFO - Filling up the DagBag from /home/airflow/.local/lib/python3.12/site-packages/airflow/example_dags/example_dataset_alias_with_no_taskflow.py
[2024-09-28T07:58:05.348+0000] {processor.py:925} INFO - DAG(s) 'dataset_s3_bucket_consumer_with_no_taskflow', 'dataset_alias_example_alias_consumer_with_no_taskflow', 'dataset_s3_bucket_producer_with_no_taskflow', 'dataset_alias_example_alias_producer_with_no_taskflow' retrieved from /home/airflow/.local/lib/python3.12/site-packages/airflow/example_dags/example_dataset_alias_with_no_taskflow.py
[2024-09-28T07:58:05.361+0000] {logging_mixin.py:190} INFO - [2024-09-28T07:58:05.361+0000] {dag.py:3239} INFO - Sync 4 DAGs
[2024-09-28T07:58:05.373+0000] {logging_mixin.py:190} INFO - [2024-09-28T07:58:05.373+0000] {dag.py:4180} INFO - Setting next_dagrun for dataset_alias_example_alias_consumer_with_no_taskflow to None, run_after=None
[2024-09-28T07:58:05.375+0000] {logging_mixin.py:190} INFO - [2024-09-28T07:58:05.375+0000] {dag.py:4180} INFO - Setting next_dagrun for dataset_alias_example_alias_producer_with_no_taskflow to None, run_after=None
[2024-09-28T07:58:05.375+0000] {logging_mixin.py:190} INFO - [2024-09-28T07:58:05.375+0000] {dag.py:4180} INFO - Setting next_dagrun for dataset_s3_bucket_consumer_with_no_taskflow to None, run_after=None
[2024-09-28T07:58:05.376+0000] {logging_mixin.py:190} INFO - [2024-09-28T07:58:05.376+0000] {dag.py:4180} INFO - Setting next_dagrun for dataset_s3_bucket_producer_with_no_taskflow to None, run_after=None
[2024-09-28T07:58:05.386+0000] {processor.py:208} INFO - Processing /home/airflow/.local/lib/python3.12/site-packages/airflow/example_dags/example_dataset_alias_with_no_taskflow.py took 0.118 seconds
[2024-09-28T07:58:35.660+0000] {processor.py:186} INFO - Started process (PID=6570) to work on /home/airflow/.local/lib/python3.12/site-packages/airflow/example_dags/example_dataset_alias_with_no_taskflow.py
[2024-09-28T07:58:35.661+0000] {processor.py:914} INFO - Processing file /home/airflow/.local/lib/python3.12/site-packages/airflow/example_dags/example_dataset_alias_with_no_taskflow.py for tasks to queue
[2024-09-28T07:58:35.662+0000] {logging_mixin.py:190} INFO - [2024-09-28T07:58:35.662+0000] {dagbag.py:588} INFO - Filling up the DagBag from /home/airflow/.local/lib/python3.12/site-packages/airflow/example_dags/example_dataset_alias_with_no_taskflow.py
[2024-09-28T07:58:35.741+0000] {processor.py:925} INFO - DAG(s) 'dataset_alias_example_alias_consumer_with_no_taskflow', 'dataset_s3_bucket_consumer_with_no_taskflow', 'dataset_s3_bucket_producer_with_no_taskflow', 'dataset_alias_example_alias_producer_with_no_taskflow' retrieved from /home/airflow/.local/lib/python3.12/site-packages/airflow/example_dags/example_dataset_alias_with_no_taskflow.py
[2024-09-28T07:58:35.751+0000] {logging_mixin.py:190} INFO - [2024-09-28T07:58:35.751+0000] {dag.py:3239} INFO - Sync 4 DAGs
[2024-09-28T07:58:35.764+0000] {logging_mixin.py:190} INFO - [2024-09-28T07:58:35.764+0000] {dag.py:4180} INFO - Setting next_dagrun for dataset_alias_example_alias_consumer_with_no_taskflow to None, run_after=None
[2024-09-28T07:58:35.769+0000] {logging_mixin.py:190} INFO - [2024-09-28T07:58:35.769+0000] {dag.py:4180} INFO - Setting next_dagrun for dataset_alias_example_alias_producer_with_no_taskflow to None, run_after=None
[2024-09-28T07:58:35.772+0000] {logging_mixin.py:190} INFO - [2024-09-28T07:58:35.772+0000] {dag.py:4180} INFO - Setting next_dagrun for dataset_s3_bucket_consumer_with_no_taskflow to None, run_after=None
[2024-09-28T07:58:35.773+0000] {logging_mixin.py:190} INFO - [2024-09-28T07:58:35.773+0000] {dag.py:4180} INFO - Setting next_dagrun for dataset_s3_bucket_producer_with_no_taskflow to None, run_after=None
[2024-09-28T07:58:35.784+0000] {processor.py:208} INFO - Processing /home/airflow/.local/lib/python3.12/site-packages/airflow/example_dags/example_dataset_alias_with_no_taskflow.py took 0.127 seconds
[2024-09-28T07:59:06.045+0000] {processor.py:186} INFO - Started process (PID=6856) to work on /home/airflow/.local/lib/python3.12/site-packages/airflow/example_dags/example_dataset_alias_with_no_taskflow.py
[2024-09-28T07:59:06.045+0000] {processor.py:914} INFO - Processing file /home/airflow/.local/lib/python3.12/site-packages/airflow/example_dags/example_dataset_alias_with_no_taskflow.py for tasks to queue
[2024-09-28T07:59:06.046+0000] {logging_mixin.py:190} INFO - [2024-09-28T07:59:06.046+0000] {dagbag.py:588} INFO - Filling up the DagBag from /home/airflow/.local/lib/python3.12/site-packages/airflow/example_dags/example_dataset_alias_with_no_taskflow.py
[2024-09-28T07:59:06.133+0000] {processor.py:925} INFO - DAG(s) 'dataset_s3_bucket_consumer_with_no_taskflow', 'dataset_alias_example_alias_producer_with_no_taskflow', 'dataset_s3_bucket_producer_with_no_taskflow', 'dataset_alias_example_alias_consumer_with_no_taskflow' retrieved from /home/airflow/.local/lib/python3.12/site-packages/airflow/example_dags/example_dataset_alias_with_no_taskflow.py
[2024-09-28T07:59:06.143+0000] {logging_mixin.py:190} INFO - [2024-09-28T07:59:06.143+0000] {dag.py:3239} INFO - Sync 4 DAGs
[2024-09-28T07:59:06.156+0000] {logging_mixin.py:190} INFO - [2024-09-28T07:59:06.156+0000] {dag.py:4180} INFO - Setting next_dagrun for dataset_alias_example_alias_consumer_with_no_taskflow to None, run_after=None
[2024-09-28T07:59:06.160+0000] {logging_mixin.py:190} INFO - [2024-09-28T07:59:06.160+0000] {dag.py:4180} INFO - Setting next_dagrun for dataset_alias_example_alias_producer_with_no_taskflow to None, run_after=None
[2024-09-28T07:59:06.162+0000] {logging_mixin.py:190} INFO - [2024-09-28T07:59:06.162+0000] {dag.py:4180} INFO - Setting next_dagrun for dataset_s3_bucket_consumer_with_no_taskflow to None, run_after=None
[2024-09-28T07:59:06.167+0000] {logging_mixin.py:190} INFO - [2024-09-28T07:59:06.167+0000] {dag.py:4180} INFO - Setting next_dagrun for dataset_s3_bucket_producer_with_no_taskflow to None, run_after=None
[2024-09-28T07:59:06.177+0000] {processor.py:208} INFO - Processing /home/airflow/.local/lib/python3.12/site-packages/airflow/example_dags/example_dataset_alias_with_no_taskflow.py took 0.136 seconds
[2024-09-28T07:59:36.564+0000] {processor.py:186} INFO - Started process (PID=7142) to work on /home/airflow/.local/lib/python3.12/site-packages/airflow/example_dags/example_dataset_alias_with_no_taskflow.py
[2024-09-28T07:59:36.566+0000] {processor.py:914} INFO - Processing file /home/airflow/.local/lib/python3.12/site-packages/airflow/example_dags/example_dataset_alias_with_no_taskflow.py for tasks to queue
[2024-09-28T07:59:36.568+0000] {logging_mixin.py:190} INFO - [2024-09-28T07:59:36.568+0000] {dagbag.py:588} INFO - Filling up the DagBag from /home/airflow/.local/lib/python3.12/site-packages/airflow/example_dags/example_dataset_alias_with_no_taskflow.py
[2024-09-28T07:59:36.642+0000] {processor.py:925} INFO - DAG(s) 'dataset_alias_example_alias_consumer_with_no_taskflow', 'dataset_alias_example_alias_producer_with_no_taskflow', 'dataset_s3_bucket_producer_with_no_taskflow', 'dataset_s3_bucket_consumer_with_no_taskflow' retrieved from /home/airflow/.local/lib/python3.12/site-packages/airflow/example_dags/example_dataset_alias_with_no_taskflow.py
[2024-09-28T07:59:36.655+0000] {logging_mixin.py:190} INFO - [2024-09-28T07:59:36.655+0000] {dag.py:3239} INFO - Sync 4 DAGs
[2024-09-28T07:59:36.667+0000] {logging_mixin.py:190} INFO - [2024-09-28T07:59:36.667+0000] {dag.py:4180} INFO - Setting next_dagrun for dataset_alias_example_alias_consumer_with_no_taskflow to None, run_after=None
[2024-09-28T07:59:36.671+0000] {logging_mixin.py:190} INFO - [2024-09-28T07:59:36.671+0000] {dag.py:4180} INFO - Setting next_dagrun for dataset_alias_example_alias_producer_with_no_taskflow to None, run_after=None
[2024-09-28T07:59:36.674+0000] {logging_mixin.py:190} INFO - [2024-09-28T07:59:36.674+0000] {dag.py:4180} INFO - Setting next_dagrun for dataset_s3_bucket_consumer_with_no_taskflow to None, run_after=None
[2024-09-28T07:59:36.675+0000] {logging_mixin.py:190} INFO - [2024-09-28T07:59:36.675+0000] {dag.py:4180} INFO - Setting next_dagrun for dataset_s3_bucket_producer_with_no_taskflow to None, run_after=None
[2024-09-28T07:59:36.687+0000] {processor.py:208} INFO - Processing /home/airflow/.local/lib/python3.12/site-packages/airflow/example_dags/example_dataset_alias_with_no_taskflow.py took 0.127 seconds
[2024-09-28T08:00:06.971+0000] {processor.py:186} INFO - Started process (PID=7428) to work on /home/airflow/.local/lib/python3.12/site-packages/airflow/example_dags/example_dataset_alias_with_no_taskflow.py
[2024-09-28T08:00:06.972+0000] {processor.py:914} INFO - Processing file /home/airflow/.local/lib/python3.12/site-packages/airflow/example_dags/example_dataset_alias_with_no_taskflow.py for tasks to queue
[2024-09-28T08:00:06.973+0000] {logging_mixin.py:190} INFO - [2024-09-28T08:00:06.973+0000] {dagbag.py:588} INFO - Filling up the DagBag from /home/airflow/.local/lib/python3.12/site-packages/airflow/example_dags/example_dataset_alias_with_no_taskflow.py
[2024-09-28T08:00:07.045+0000] {processor.py:925} INFO - DAG(s) 'dataset_s3_bucket_consumer_with_no_taskflow', 'dataset_alias_example_alias_consumer_with_no_taskflow', 'dataset_s3_bucket_producer_with_no_taskflow', 'dataset_alias_example_alias_producer_with_no_taskflow' retrieved from /home/airflow/.local/lib/python3.12/site-packages/airflow/example_dags/example_dataset_alias_with_no_taskflow.py
[2024-09-28T08:00:07.058+0000] {logging_mixin.py:190} INFO - [2024-09-28T08:00:07.058+0000] {dag.py:3239} INFO - Sync 4 DAGs
[2024-09-28T08:00:07.070+0000] {logging_mixin.py:190} INFO - [2024-09-28T08:00:07.070+0000] {dag.py:4180} INFO - Setting next_dagrun for dataset_alias_example_alias_consumer_with_no_taskflow to None, run_after=None
[2024-09-28T08:00:07.072+0000] {logging_mixin.py:190} INFO - [2024-09-28T08:00:07.072+0000] {dag.py:4180} INFO - Setting next_dagrun for dataset_alias_example_alias_producer_with_no_taskflow to None, run_after=None
[2024-09-28T08:00:07.072+0000] {logging_mixin.py:190} INFO - [2024-09-28T08:00:07.072+0000] {dag.py:4180} INFO - Setting next_dagrun for dataset_s3_bucket_consumer_with_no_taskflow to None, run_after=None
[2024-09-28T08:00:07.073+0000] {logging_mixin.py:190} INFO - [2024-09-28T08:00:07.073+0000] {dag.py:4180} INFO - Setting next_dagrun for dataset_s3_bucket_producer_with_no_taskflow to None, run_after=None
[2024-09-28T08:00:07.084+0000] {processor.py:208} INFO - Processing /home/airflow/.local/lib/python3.12/site-packages/airflow/example_dags/example_dataset_alias_with_no_taskflow.py took 0.116 seconds
[2024-09-28T08:00:37.303+0000] {processor.py:186} INFO - Started process (PID=7714) to work on /home/airflow/.local/lib/python3.12/site-packages/airflow/example_dags/example_dataset_alias_with_no_taskflow.py
[2024-09-28T08:00:37.304+0000] {processor.py:914} INFO - Processing file /home/airflow/.local/lib/python3.12/site-packages/airflow/example_dags/example_dataset_alias_with_no_taskflow.py for tasks to queue
[2024-09-28T08:00:37.306+0000] {logging_mixin.py:190} INFO - [2024-09-28T08:00:37.305+0000] {dagbag.py:588} INFO - Filling up the DagBag from /home/airflow/.local/lib/python3.12/site-packages/airflow/example_dags/example_dataset_alias_with_no_taskflow.py
[2024-09-28T08:00:37.388+0000] {processor.py:925} INFO - DAG(s) 'dataset_alias_example_alias_consumer_with_no_taskflow', 'dataset_s3_bucket_consumer_with_no_taskflow', 'dataset_alias_example_alias_producer_with_no_taskflow', 'dataset_s3_bucket_producer_with_no_taskflow' retrieved from /home/airflow/.local/lib/python3.12/site-packages/airflow/example_dags/example_dataset_alias_with_no_taskflow.py
[2024-09-28T08:00:37.399+0000] {logging_mixin.py:190} INFO - [2024-09-28T08:00:37.399+0000] {dag.py:3239} INFO - Sync 4 DAGs
[2024-09-28T08:00:37.413+0000] {logging_mixin.py:190} INFO - [2024-09-28T08:00:37.412+0000] {dag.py:4180} INFO - Setting next_dagrun for dataset_alias_example_alias_consumer_with_no_taskflow to None, run_after=None
[2024-09-28T08:00:37.561+0000] {logging_mixin.py:190} INFO - [2024-09-28T08:00:37.561+0000] {dag.py:4180} INFO - Setting next_dagrun for dataset_alias_example_alias_producer_with_no_taskflow to None, run_after=None
[2024-09-28T08:00:37.562+0000] {logging_mixin.py:190} INFO - [2024-09-28T08:00:37.562+0000] {dag.py:4180} INFO - Setting next_dagrun for dataset_s3_bucket_consumer_with_no_taskflow to None, run_after=None
[2024-09-28T08:00:37.563+0000] {logging_mixin.py:190} INFO - [2024-09-28T08:00:37.563+0000] {dag.py:4180} INFO - Setting next_dagrun for dataset_s3_bucket_producer_with_no_taskflow to None, run_after=None
[2024-09-28T08:00:37.576+0000] {processor.py:208} INFO - Processing /home/airflow/.local/lib/python3.12/site-packages/airflow/example_dags/example_dataset_alias_with_no_taskflow.py took 0.277 seconds
[2024-09-28T08:01:07.942+0000] {processor.py:186} INFO - Started process (PID=8002) to work on /home/airflow/.local/lib/python3.12/site-packages/airflow/example_dags/example_dataset_alias_with_no_taskflow.py
[2024-09-28T08:01:07.943+0000] {processor.py:914} INFO - Processing file /home/airflow/.local/lib/python3.12/site-packages/airflow/example_dags/example_dataset_alias_with_no_taskflow.py for tasks to queue
[2024-09-28T08:01:07.944+0000] {logging_mixin.py:190} INFO - [2024-09-28T08:01:07.944+0000] {dagbag.py:588} INFO - Filling up the DagBag from /home/airflow/.local/lib/python3.12/site-packages/airflow/example_dags/example_dataset_alias_with_no_taskflow.py
[2024-09-28T08:01:08.008+0000] {processor.py:925} INFO - DAG(s) 'dataset_s3_bucket_producer_with_no_taskflow', 'dataset_alias_example_alias_producer_with_no_taskflow', 'dataset_s3_bucket_consumer_with_no_taskflow', 'dataset_alias_example_alias_consumer_with_no_taskflow' retrieved from /home/airflow/.local/lib/python3.12/site-packages/airflow/example_dags/example_dataset_alias_with_no_taskflow.py
[2024-09-28T08:01:08.016+0000] {logging_mixin.py:190} INFO - [2024-09-28T08:01:08.016+0000] {dag.py:3239} INFO - Sync 4 DAGs
[2024-09-28T08:01:08.027+0000] {logging_mixin.py:190} INFO - [2024-09-28T08:01:08.027+0000] {dag.py:4180} INFO - Setting next_dagrun for dataset_alias_example_alias_consumer_with_no_taskflow to None, run_after=None
[2024-09-28T08:01:08.128+0000] {logging_mixin.py:190} INFO - [2024-09-28T08:01:08.128+0000] {dag.py:4180} INFO - Setting next_dagrun for dataset_alias_example_alias_producer_with_no_taskflow to None, run_after=None
[2024-09-28T08:01:08.128+0000] {logging_mixin.py:190} INFO - [2024-09-28T08:01:08.128+0000] {dag.py:4180} INFO - Setting next_dagrun for dataset_s3_bucket_consumer_with_no_taskflow to None, run_after=None
[2024-09-28T08:01:08.129+0000] {logging_mixin.py:190} INFO - [2024-09-28T08:01:08.129+0000] {dag.py:4180} INFO - Setting next_dagrun for dataset_s3_bucket_producer_with_no_taskflow to None, run_after=None
[2024-09-28T08:01:08.137+0000] {processor.py:208} INFO - Processing /home/airflow/.local/lib/python3.12/site-packages/airflow/example_dags/example_dataset_alias_with_no_taskflow.py took 0.198 seconds
[2024-09-28T08:01:38.509+0000] {processor.py:186} INFO - Started process (PID=8286) to work on /home/airflow/.local/lib/python3.12/site-packages/airflow/example_dags/example_dataset_alias_with_no_taskflow.py
[2024-09-28T08:01:38.511+0000] {processor.py:914} INFO - Processing file /home/airflow/.local/lib/python3.12/site-packages/airflow/example_dags/example_dataset_alias_with_no_taskflow.py for tasks to queue
[2024-09-28T08:01:38.512+0000] {logging_mixin.py:190} INFO - [2024-09-28T08:01:38.512+0000] {dagbag.py:588} INFO - Filling up the DagBag from /home/airflow/.local/lib/python3.12/site-packages/airflow/example_dags/example_dataset_alias_with_no_taskflow.py
[2024-09-28T08:01:38.596+0000] {processor.py:925} INFO - DAG(s) 'dataset_alias_example_alias_producer_with_no_taskflow', 'dataset_s3_bucket_consumer_with_no_taskflow', 'dataset_alias_example_alias_consumer_with_no_taskflow', 'dataset_s3_bucket_producer_with_no_taskflow' retrieved from /home/airflow/.local/lib/python3.12/site-packages/airflow/example_dags/example_dataset_alias_with_no_taskflow.py
[2024-09-28T08:01:38.610+0000] {logging_mixin.py:190} INFO - [2024-09-28T08:01:38.610+0000] {dag.py:3239} INFO - Sync 4 DAGs
[2024-09-28T08:01:38.627+0000] {logging_mixin.py:190} INFO - [2024-09-28T08:01:38.627+0000] {dag.py:4180} INFO - Setting next_dagrun for dataset_alias_example_alias_consumer_with_no_taskflow to None, run_after=None
[2024-09-28T08:01:38.746+0000] {logging_mixin.py:190} INFO - [2024-09-28T08:01:38.746+0000] {dag.py:4180} INFO - Setting next_dagrun for dataset_alias_example_alias_producer_with_no_taskflow to None, run_after=None
[2024-09-28T08:01:38.748+0000] {logging_mixin.py:190} INFO - [2024-09-28T08:01:38.748+0000] {dag.py:4180} INFO - Setting next_dagrun for dataset_s3_bucket_consumer_with_no_taskflow to None, run_after=None
[2024-09-28T08:01:38.749+0000] {logging_mixin.py:190} INFO - [2024-09-28T08:01:38.749+0000] {dag.py:4180} INFO - Setting next_dagrun for dataset_s3_bucket_producer_with_no_taskflow to None, run_after=None
[2024-09-28T08:01:38.760+0000] {processor.py:208} INFO - Processing /home/airflow/.local/lib/python3.12/site-packages/airflow/example_dags/example_dataset_alias_with_no_taskflow.py took 0.255 seconds
[2024-09-28T08:02:09.204+0000] {processor.py:186} INFO - Started process (PID=8572) to work on /home/airflow/.local/lib/python3.12/site-packages/airflow/example_dags/example_dataset_alias_with_no_taskflow.py
[2024-09-28T08:02:09.205+0000] {processor.py:914} INFO - Processing file /home/airflow/.local/lib/python3.12/site-packages/airflow/example_dags/example_dataset_alias_with_no_taskflow.py for tasks to queue
[2024-09-28T08:02:09.207+0000] {logging_mixin.py:190} INFO - [2024-09-28T08:02:09.207+0000] {dagbag.py:588} INFO - Filling up the DagBag from /home/airflow/.local/lib/python3.12/site-packages/airflow/example_dags/example_dataset_alias_with_no_taskflow.py
[2024-09-28T08:02:09.282+0000] {processor.py:925} INFO - DAG(s) 'dataset_alias_example_alias_consumer_with_no_taskflow', 'dataset_s3_bucket_consumer_with_no_taskflow', 'dataset_alias_example_alias_producer_with_no_taskflow', 'dataset_s3_bucket_producer_with_no_taskflow' retrieved from /home/airflow/.local/lib/python3.12/site-packages/airflow/example_dags/example_dataset_alias_with_no_taskflow.py
[2024-09-28T08:02:09.295+0000] {logging_mixin.py:190} INFO - [2024-09-28T08:02:09.295+0000] {dag.py:3239} INFO - Sync 4 DAGs
[2024-09-28T08:02:09.308+0000] {logging_mixin.py:190} INFO - [2024-09-28T08:02:09.308+0000] {dag.py:4180} INFO - Setting next_dagrun for dataset_alias_example_alias_consumer_with_no_taskflow to None, run_after=None
[2024-09-28T08:02:09.426+0000] {logging_mixin.py:190} INFO - [2024-09-28T08:02:09.426+0000] {dag.py:4180} INFO - Setting next_dagrun for dataset_alias_example_alias_producer_with_no_taskflow to None, run_after=None
[2024-09-28T08:02:09.432+0000] {logging_mixin.py:190} INFO - [2024-09-28T08:02:09.432+0000] {dag.py:4180} INFO - Setting next_dagrun for dataset_s3_bucket_consumer_with_no_taskflow to None, run_after=None
[2024-09-28T08:02:09.435+0000] {logging_mixin.py:190} INFO - [2024-09-28T08:02:09.435+0000] {dag.py:4180} INFO - Setting next_dagrun for dataset_s3_bucket_producer_with_no_taskflow to None, run_after=None
[2024-09-28T08:02:09.450+0000] {processor.py:208} INFO - Processing /home/airflow/.local/lib/python3.12/site-packages/airflow/example_dags/example_dataset_alias_with_no_taskflow.py took 0.250 seconds
[2024-09-28T08:02:39.908+0000] {processor.py:186} INFO - Started process (PID=8858) to work on /home/airflow/.local/lib/python3.12/site-packages/airflow/example_dags/example_dataset_alias_with_no_taskflow.py
[2024-09-28T08:02:39.910+0000] {processor.py:914} INFO - Processing file /home/airflow/.local/lib/python3.12/site-packages/airflow/example_dags/example_dataset_alias_with_no_taskflow.py for tasks to queue
[2024-09-28T08:02:39.912+0000] {logging_mixin.py:190} INFO - [2024-09-28T08:02:39.911+0000] {dagbag.py:588} INFO - Filling up the DagBag from /home/airflow/.local/lib/python3.12/site-packages/airflow/example_dags/example_dataset_alias_with_no_taskflow.py
[2024-09-28T08:02:40.006+0000] {processor.py:925} INFO - DAG(s) 'dataset_s3_bucket_consumer_with_no_taskflow', 'dataset_alias_example_alias_consumer_with_no_taskflow', 'dataset_alias_example_alias_producer_with_no_taskflow', 'dataset_s3_bucket_producer_with_no_taskflow' retrieved from /home/airflow/.local/lib/python3.12/site-packages/airflow/example_dags/example_dataset_alias_with_no_taskflow.py
[2024-09-28T08:02:40.020+0000] {logging_mixin.py:190} INFO - [2024-09-28T08:02:40.019+0000] {dag.py:3239} INFO - Sync 4 DAGs
[2024-09-28T08:02:40.155+0000] {logging_mixin.py:190} INFO - [2024-09-28T08:02:40.155+0000] {dag.py:4180} INFO - Setting next_dagrun for dataset_alias_example_alias_consumer_with_no_taskflow to None, run_after=None
[2024-09-28T08:02:40.157+0000] {logging_mixin.py:190} INFO - [2024-09-28T08:02:40.156+0000] {dag.py:4180} INFO - Setting next_dagrun for dataset_alias_example_alias_producer_with_no_taskflow to None, run_after=None
[2024-09-28T08:02:40.157+0000] {logging_mixin.py:190} INFO - [2024-09-28T08:02:40.157+0000] {dag.py:4180} INFO - Setting next_dagrun for dataset_s3_bucket_consumer_with_no_taskflow to None, run_after=None
[2024-09-28T08:02:40.158+0000] {logging_mixin.py:190} INFO - [2024-09-28T08:02:40.158+0000] {dag.py:4180} INFO - Setting next_dagrun for dataset_s3_bucket_producer_with_no_taskflow to None, run_after=None
[2024-09-28T08:02:40.168+0000] {processor.py:208} INFO - Processing /home/airflow/.local/lib/python3.12/site-packages/airflow/example_dags/example_dataset_alias_with_no_taskflow.py took 0.263 seconds
[2024-09-28T08:03:10.515+0000] {processor.py:186} INFO - Started process (PID=9146) to work on /home/airflow/.local/lib/python3.12/site-packages/airflow/example_dags/example_dataset_alias_with_no_taskflow.py
[2024-09-28T08:03:10.516+0000] {processor.py:914} INFO - Processing file /home/airflow/.local/lib/python3.12/site-packages/airflow/example_dags/example_dataset_alias_with_no_taskflow.py for tasks to queue
[2024-09-28T08:03:10.517+0000] {logging_mixin.py:190} INFO - [2024-09-28T08:03:10.517+0000] {dagbag.py:588} INFO - Filling up the DagBag from /home/airflow/.local/lib/python3.12/site-packages/airflow/example_dags/example_dataset_alias_with_no_taskflow.py
[2024-09-28T08:03:10.588+0000] {processor.py:925} INFO - DAG(s) 'dataset_alias_example_alias_producer_with_no_taskflow', 'dataset_s3_bucket_producer_with_no_taskflow', 'dataset_s3_bucket_consumer_with_no_taskflow', 'dataset_alias_example_alias_consumer_with_no_taskflow' retrieved from /home/airflow/.local/lib/python3.12/site-packages/airflow/example_dags/example_dataset_alias_with_no_taskflow.py
[2024-09-28T08:03:10.598+0000] {logging_mixin.py:190} INFO - [2024-09-28T08:03:10.598+0000] {dag.py:3239} INFO - Sync 4 DAGs
[2024-09-28T08:03:10.715+0000] {logging_mixin.py:190} INFO - [2024-09-28T08:03:10.715+0000] {dag.py:4180} INFO - Setting next_dagrun for dataset_alias_example_alias_consumer_with_no_taskflow to None, run_after=None
[2024-09-28T08:03:10.716+0000] {logging_mixin.py:190} INFO - [2024-09-28T08:03:10.716+0000] {dag.py:4180} INFO - Setting next_dagrun for dataset_alias_example_alias_producer_with_no_taskflow to None, run_after=None
[2024-09-28T08:03:10.717+0000] {logging_mixin.py:190} INFO - [2024-09-28T08:03:10.717+0000] {dag.py:4180} INFO - Setting next_dagrun for dataset_s3_bucket_consumer_with_no_taskflow to None, run_after=None
[2024-09-28T08:03:10.718+0000] {logging_mixin.py:190} INFO - [2024-09-28T08:03:10.718+0000] {dag.py:4180} INFO - Setting next_dagrun for dataset_s3_bucket_producer_with_no_taskflow to None, run_after=None
[2024-09-28T08:03:10.727+0000] {processor.py:208} INFO - Processing /home/airflow/.local/lib/python3.12/site-packages/airflow/example_dags/example_dataset_alias_with_no_taskflow.py took 0.216 seconds
[2024-09-28T08:03:41.025+0000] {processor.py:186} INFO - Started process (PID=9440) to work on /home/airflow/.local/lib/python3.12/site-packages/airflow/example_dags/example_dataset_alias_with_no_taskflow.py
[2024-09-28T08:03:41.026+0000] {processor.py:914} INFO - Processing file /home/airflow/.local/lib/python3.12/site-packages/airflow/example_dags/example_dataset_alias_with_no_taskflow.py for tasks to queue
[2024-09-28T08:03:41.028+0000] {logging_mixin.py:190} INFO - [2024-09-28T08:03:41.027+0000] {dagbag.py:588} INFO - Filling up the DagBag from /home/airflow/.local/lib/python3.12/site-packages/airflow/example_dags/example_dataset_alias_with_no_taskflow.py
[2024-09-28T08:03:41.095+0000] {processor.py:925} INFO - DAG(s) 'dataset_s3_bucket_producer_with_no_taskflow', 'dataset_s3_bucket_consumer_with_no_taskflow', 'dataset_alias_example_alias_consumer_with_no_taskflow', 'dataset_alias_example_alias_producer_with_no_taskflow' retrieved from /home/airflow/.local/lib/python3.12/site-packages/airflow/example_dags/example_dataset_alias_with_no_taskflow.py
[2024-09-28T08:03:41.104+0000] {logging_mixin.py:190} INFO - [2024-09-28T08:03:41.104+0000] {dag.py:3239} INFO - Sync 4 DAGs
[2024-09-28T08:03:41.222+0000] {logging_mixin.py:190} INFO - [2024-09-28T08:03:41.222+0000] {dag.py:4180} INFO - Setting next_dagrun for dataset_alias_example_alias_consumer_with_no_taskflow to None, run_after=None
[2024-09-28T08:03:41.224+0000] {logging_mixin.py:190} INFO - [2024-09-28T08:03:41.224+0000] {dag.py:4180} INFO - Setting next_dagrun for dataset_alias_example_alias_producer_with_no_taskflow to None, run_after=None
[2024-09-28T08:03:41.224+0000] {logging_mixin.py:190} INFO - [2024-09-28T08:03:41.224+0000] {dag.py:4180} INFO - Setting next_dagrun for dataset_s3_bucket_consumer_with_no_taskflow to None, run_after=None
[2024-09-28T08:03:41.225+0000] {logging_mixin.py:190} INFO - [2024-09-28T08:03:41.225+0000] {dag.py:4180} INFO - Setting next_dagrun for dataset_s3_bucket_producer_with_no_taskflow to None, run_after=None
[2024-09-28T08:03:41.234+0000] {processor.py:208} INFO - Processing /home/airflow/.local/lib/python3.12/site-packages/airflow/example_dags/example_dataset_alias_with_no_taskflow.py took 0.214 seconds
[2024-09-28T08:04:11.573+0000] {processor.py:186} INFO - Started process (PID=9716) to work on /home/airflow/.local/lib/python3.12/site-packages/airflow/example_dags/example_dataset_alias_with_no_taskflow.py
[2024-09-28T08:04:11.574+0000] {processor.py:914} INFO - Processing file /home/airflow/.local/lib/python3.12/site-packages/airflow/example_dags/example_dataset_alias_with_no_taskflow.py for tasks to queue
[2024-09-28T08:04:11.576+0000] {logging_mixin.py:190} INFO - [2024-09-28T08:04:11.576+0000] {dagbag.py:588} INFO - Filling up the DagBag from /home/airflow/.local/lib/python3.12/site-packages/airflow/example_dags/example_dataset_alias_with_no_taskflow.py
[2024-09-28T08:04:11.657+0000] {processor.py:925} INFO - DAG(s) 'dataset_alias_example_alias_consumer_with_no_taskflow', 'dataset_s3_bucket_consumer_with_no_taskflow', 'dataset_alias_example_alias_producer_with_no_taskflow', 'dataset_s3_bucket_producer_with_no_taskflow' retrieved from /home/airflow/.local/lib/python3.12/site-packages/airflow/example_dags/example_dataset_alias_with_no_taskflow.py
[2024-09-28T08:04:11.670+0000] {logging_mixin.py:190} INFO - [2024-09-28T08:04:11.670+0000] {dag.py:3239} INFO - Sync 4 DAGs
[2024-09-28T08:04:11.681+0000] {logging_mixin.py:190} INFO - [2024-09-28T08:04:11.681+0000] {dag.py:4180} INFO - Setting next_dagrun for dataset_alias_example_alias_consumer_with_no_taskflow to None, run_after=None
[2024-09-28T08:04:11.779+0000] {logging_mixin.py:190} INFO - [2024-09-28T08:04:11.779+0000] {dag.py:4180} INFO - Setting next_dagrun for dataset_alias_example_alias_producer_with_no_taskflow to None, run_after=None
[2024-09-28T08:04:11.780+0000] {logging_mixin.py:190} INFO - [2024-09-28T08:04:11.780+0000] {dag.py:4180} INFO - Setting next_dagrun for dataset_s3_bucket_consumer_with_no_taskflow to None, run_after=None
[2024-09-28T08:04:11.781+0000] {logging_mixin.py:190} INFO - [2024-09-28T08:04:11.781+0000] {dag.py:4180} INFO - Setting next_dagrun for dataset_s3_bucket_producer_with_no_taskflow to None, run_after=None
[2024-09-28T08:04:11.790+0000] {processor.py:208} INFO - Processing /home/airflow/.local/lib/python3.12/site-packages/airflow/example_dags/example_dataset_alias_with_no_taskflow.py took 0.221 seconds
[2024-09-28T08:04:42.238+0000] {processor.py:186} INFO - Started process (PID=10004) to work on /home/airflow/.local/lib/python3.12/site-packages/airflow/example_dags/example_dataset_alias_with_no_taskflow.py
[2024-09-28T08:04:42.242+0000] {processor.py:914} INFO - Processing file /home/airflow/.local/lib/python3.12/site-packages/airflow/example_dags/example_dataset_alias_with_no_taskflow.py for tasks to queue
[2024-09-28T08:04:42.244+0000] {logging_mixin.py:190} INFO - [2024-09-28T08:04:42.244+0000] {dagbag.py:588} INFO - Filling up the DagBag from /home/airflow/.local/lib/python3.12/site-packages/airflow/example_dags/example_dataset_alias_with_no_taskflow.py
[2024-09-28T08:04:42.416+0000] {processor.py:925} INFO - DAG(s) 'dataset_s3_bucket_consumer_with_no_taskflow', 'dataset_alias_example_alias_producer_with_no_taskflow', 'dataset_s3_bucket_producer_with_no_taskflow', 'dataset_alias_example_alias_consumer_with_no_taskflow' retrieved from /home/airflow/.local/lib/python3.12/site-packages/airflow/example_dags/example_dataset_alias_with_no_taskflow.py
[2024-09-28T08:04:42.426+0000] {logging_mixin.py:190} INFO - [2024-09-28T08:04:42.425+0000] {dag.py:3239} INFO - Sync 4 DAGs
[2024-09-28T08:04:42.437+0000] {logging_mixin.py:190} INFO - [2024-09-28T08:04:42.436+0000] {dag.py:4180} INFO - Setting next_dagrun for dataset_alias_example_alias_consumer_with_no_taskflow to None, run_after=None
[2024-09-28T08:04:42.438+0000] {logging_mixin.py:190} INFO - [2024-09-28T08:04:42.438+0000] {dag.py:4180} INFO - Setting next_dagrun for dataset_alias_example_alias_producer_with_no_taskflow to None, run_after=None
[2024-09-28T08:04:42.439+0000] {logging_mixin.py:190} INFO - [2024-09-28T08:04:42.439+0000] {dag.py:4180} INFO - Setting next_dagrun for dataset_s3_bucket_consumer_with_no_taskflow to None, run_after=None
[2024-09-28T08:04:42.439+0000] {logging_mixin.py:190} INFO - [2024-09-28T08:04:42.439+0000] {dag.py:4180} INFO - Setting next_dagrun for dataset_s3_bucket_producer_with_no_taskflow to None, run_after=None
[2024-09-28T08:04:42.449+0000] {processor.py:208} INFO - Processing /home/airflow/.local/lib/python3.12/site-packages/airflow/example_dags/example_dataset_alias_with_no_taskflow.py took 0.215 seconds
[2024-09-28T08:05:12.707+0000] {processor.py:186} INFO - Started process (PID=10293) to work on /home/airflow/.local/lib/python3.12/site-packages/airflow/example_dags/example_dataset_alias_with_no_taskflow.py
[2024-09-28T08:05:12.711+0000] {processor.py:914} INFO - Processing file /home/airflow/.local/lib/python3.12/site-packages/airflow/example_dags/example_dataset_alias_with_no_taskflow.py for tasks to queue
[2024-09-28T08:05:12.712+0000] {logging_mixin.py:190} INFO - [2024-09-28T08:05:12.712+0000] {dagbag.py:588} INFO - Filling up the DagBag from /home/airflow/.local/lib/python3.12/site-packages/airflow/example_dags/example_dataset_alias_with_no_taskflow.py
[2024-09-28T08:05:12.877+0000] {processor.py:925} INFO - DAG(s) 'dataset_s3_bucket_consumer_with_no_taskflow', 'dataset_alias_example_alias_producer_with_no_taskflow', 'dataset_alias_example_alias_consumer_with_no_taskflow', 'dataset_s3_bucket_producer_with_no_taskflow' retrieved from /home/airflow/.local/lib/python3.12/site-packages/airflow/example_dags/example_dataset_alias_with_no_taskflow.py
[2024-09-28T08:05:12.889+0000] {logging_mixin.py:190} INFO - [2024-09-28T08:05:12.889+0000] {dag.py:3239} INFO - Sync 4 DAGs
[2024-09-28T08:05:12.899+0000] {logging_mixin.py:190} INFO - [2024-09-28T08:05:12.899+0000] {dag.py:4180} INFO - Setting next_dagrun for dataset_alias_example_alias_consumer_with_no_taskflow to None, run_after=None
[2024-09-28T08:05:12.901+0000] {logging_mixin.py:190} INFO - [2024-09-28T08:05:12.901+0000] {dag.py:4180} INFO - Setting next_dagrun for dataset_alias_example_alias_producer_with_no_taskflow to None, run_after=None
[2024-09-28T08:05:12.901+0000] {logging_mixin.py:190} INFO - [2024-09-28T08:05:12.901+0000] {dag.py:4180} INFO - Setting next_dagrun for dataset_s3_bucket_consumer_with_no_taskflow to None, run_after=None
[2024-09-28T08:05:12.902+0000] {logging_mixin.py:190} INFO - [2024-09-28T08:05:12.902+0000] {dag.py:4180} INFO - Setting next_dagrun for dataset_s3_bucket_producer_with_no_taskflow to None, run_after=None
[2024-09-28T08:05:12.910+0000] {processor.py:208} INFO - Processing /home/airflow/.local/lib/python3.12/site-packages/airflow/example_dags/example_dataset_alias_with_no_taskflow.py took 0.206 seconds
[2024-09-28T08:05:43.180+0000] {processor.py:186} INFO - Started process (PID=10579) to work on /home/airflow/.local/lib/python3.12/site-packages/airflow/example_dags/example_dataset_alias_with_no_taskflow.py
[2024-09-28T08:05:43.181+0000] {processor.py:914} INFO - Processing file /home/airflow/.local/lib/python3.12/site-packages/airflow/example_dags/example_dataset_alias_with_no_taskflow.py for tasks to queue
[2024-09-28T08:05:43.182+0000] {logging_mixin.py:190} INFO - [2024-09-28T08:05:43.182+0000] {dagbag.py:588} INFO - Filling up the DagBag from /home/airflow/.local/lib/python3.12/site-packages/airflow/example_dags/example_dataset_alias_with_no_taskflow.py
[2024-09-28T08:05:43.353+0000] {processor.py:925} INFO - DAG(s) 'dataset_s3_bucket_producer_with_no_taskflow', 'dataset_s3_bucket_consumer_with_no_taskflow', 'dataset_alias_example_alias_producer_with_no_taskflow', 'dataset_alias_example_alias_consumer_with_no_taskflow' retrieved from /home/airflow/.local/lib/python3.12/site-packages/airflow/example_dags/example_dataset_alias_with_no_taskflow.py
[2024-09-28T08:05:43.366+0000] {logging_mixin.py:190} INFO - [2024-09-28T08:05:43.366+0000] {dag.py:3239} INFO - Sync 4 DAGs
[2024-09-28T08:05:43.377+0000] {logging_mixin.py:190} INFO - [2024-09-28T08:05:43.377+0000] {dag.py:4180} INFO - Setting next_dagrun for dataset_alias_example_alias_consumer_with_no_taskflow to None, run_after=None
[2024-09-28T08:05:43.379+0000] {logging_mixin.py:190} INFO - [2024-09-28T08:05:43.379+0000] {dag.py:4180} INFO - Setting next_dagrun for dataset_alias_example_alias_producer_with_no_taskflow to None, run_after=None
[2024-09-28T08:05:43.380+0000] {logging_mixin.py:190} INFO - [2024-09-28T08:05:43.379+0000] {dag.py:4180} INFO - Setting next_dagrun for dataset_s3_bucket_consumer_with_no_taskflow to None, run_after=None
[2024-09-28T08:05:43.380+0000] {logging_mixin.py:190} INFO - [2024-09-28T08:05:43.380+0000] {dag.py:4180} INFO - Setting next_dagrun for dataset_s3_bucket_producer_with_no_taskflow to None, run_after=None
[2024-09-28T08:05:43.389+0000] {processor.py:208} INFO - Processing /home/airflow/.local/lib/python3.12/site-packages/airflow/example_dags/example_dataset_alias_with_no_taskflow.py took 0.212 seconds
[2024-09-28T08:06:13.780+0000] {processor.py:186} INFO - Started process (PID=10860) to work on /home/airflow/.local/lib/python3.12/site-packages/airflow/example_dags/example_dataset_alias_with_no_taskflow.py
[2024-09-28T08:06:13.781+0000] {processor.py:914} INFO - Processing file /home/airflow/.local/lib/python3.12/site-packages/airflow/example_dags/example_dataset_alias_with_no_taskflow.py for tasks to queue
[2024-09-28T08:06:13.782+0000] {logging_mixin.py:190} INFO - [2024-09-28T08:06:13.782+0000] {dagbag.py:588} INFO - Filling up the DagBag from /home/airflow/.local/lib/python3.12/site-packages/airflow/example_dags/example_dataset_alias_with_no_taskflow.py
[2024-09-28T08:06:13.953+0000] {processor.py:925} INFO - DAG(s) 'dataset_s3_bucket_consumer_with_no_taskflow', 'dataset_s3_bucket_producer_with_no_taskflow', 'dataset_alias_example_alias_producer_with_no_taskflow', 'dataset_alias_example_alias_consumer_with_no_taskflow' retrieved from /home/airflow/.local/lib/python3.12/site-packages/airflow/example_dags/example_dataset_alias_with_no_taskflow.py
[2024-09-28T08:06:13.968+0000] {logging_mixin.py:190} INFO - [2024-09-28T08:06:13.967+0000] {dag.py:3239} INFO - Sync 4 DAGs
[2024-09-28T08:06:13.979+0000] {logging_mixin.py:190} INFO - [2024-09-28T08:06:13.978+0000] {dag.py:4180} INFO - Setting next_dagrun for dataset_alias_example_alias_consumer_with_no_taskflow to None, run_after=None
[2024-09-28T08:06:13.980+0000] {logging_mixin.py:190} INFO - [2024-09-28T08:06:13.980+0000] {dag.py:4180} INFO - Setting next_dagrun for dataset_alias_example_alias_producer_with_no_taskflow to None, run_after=None
[2024-09-28T08:06:13.981+0000] {logging_mixin.py:190} INFO - [2024-09-28T08:06:13.981+0000] {dag.py:4180} INFO - Setting next_dagrun for dataset_s3_bucket_consumer_with_no_taskflow to None, run_after=None
[2024-09-28T08:06:13.982+0000] {logging_mixin.py:190} INFO - [2024-09-28T08:06:13.981+0000] {dag.py:4180} INFO - Setting next_dagrun for dataset_s3_bucket_producer_with_no_taskflow to None, run_after=None
[2024-09-28T08:06:13.991+0000] {processor.py:208} INFO - Processing /home/airflow/.local/lib/python3.12/site-packages/airflow/example_dags/example_dataset_alias_with_no_taskflow.py took 0.214 seconds
[2024-09-28T08:06:44.905+0000] {processor.py:186} INFO - Started process (PID=11146) to work on /home/airflow/.local/lib/python3.12/site-packages/airflow/example_dags/example_dataset_alias_with_no_taskflow.py
[2024-09-28T08:06:44.906+0000] {processor.py:914} INFO - Processing file /home/airflow/.local/lib/python3.12/site-packages/airflow/example_dags/example_dataset_alias_with_no_taskflow.py for tasks to queue
[2024-09-28T08:06:44.909+0000] {logging_mixin.py:190} INFO - [2024-09-28T08:06:44.909+0000] {dagbag.py:588} INFO - Filling up the DagBag from /home/airflow/.local/lib/python3.12/site-packages/airflow/example_dags/example_dataset_alias_with_no_taskflow.py
[2024-09-28T08:06:45.115+0000] {processor.py:925} INFO - DAG(s) 'dataset_alias_example_alias_producer_with_no_taskflow', 'dataset_s3_bucket_producer_with_no_taskflow', 'dataset_s3_bucket_consumer_with_no_taskflow', 'dataset_alias_example_alias_consumer_with_no_taskflow' retrieved from /home/airflow/.local/lib/python3.12/site-packages/airflow/example_dags/example_dataset_alias_with_no_taskflow.py
[2024-09-28T08:06:45.125+0000] {logging_mixin.py:190} INFO - [2024-09-28T08:06:45.125+0000] {dag.py:3239} INFO - Sync 4 DAGs
[2024-09-28T08:06:45.137+0000] {logging_mixin.py:190} INFO - [2024-09-28T08:06:45.137+0000] {dag.py:4180} INFO - Setting next_dagrun for dataset_alias_example_alias_consumer_with_no_taskflow to None, run_after=None
[2024-09-28T08:06:45.139+0000] {logging_mixin.py:190} INFO - [2024-09-28T08:06:45.139+0000] {dag.py:4180} INFO - Setting next_dagrun for dataset_alias_example_alias_producer_with_no_taskflow to None, run_after=None
[2024-09-28T08:06:45.140+0000] {logging_mixin.py:190} INFO - [2024-09-28T08:06:45.140+0000] {dag.py:4180} INFO - Setting next_dagrun for dataset_s3_bucket_consumer_with_no_taskflow to None, run_after=None
[2024-09-28T08:06:45.141+0000] {logging_mixin.py:190} INFO - [2024-09-28T08:06:45.141+0000] {dag.py:4180} INFO - Setting next_dagrun for dataset_s3_bucket_producer_with_no_taskflow to None, run_after=None
[2024-09-28T08:06:45.156+0000] {processor.py:208} INFO - Processing /home/airflow/.local/lib/python3.12/site-packages/airflow/example_dags/example_dataset_alias_with_no_taskflow.py took 0.257 seconds
[2024-09-28T08:07:15.766+0000] {processor.py:186} INFO - Started process (PID=11432) to work on /home/airflow/.local/lib/python3.12/site-packages/airflow/example_dags/example_dataset_alias_with_no_taskflow.py
[2024-09-28T08:07:15.768+0000] {processor.py:914} INFO - Processing file /home/airflow/.local/lib/python3.12/site-packages/airflow/example_dags/example_dataset_alias_with_no_taskflow.py for tasks to queue
[2024-09-28T08:07:15.769+0000] {logging_mixin.py:190} INFO - [2024-09-28T08:07:15.769+0000] {dagbag.py:588} INFO - Filling up the DagBag from /home/airflow/.local/lib/python3.12/site-packages/airflow/example_dags/example_dataset_alias_with_no_taskflow.py
[2024-09-28T08:07:15.946+0000] {processor.py:925} INFO - DAG(s) 'dataset_alias_example_alias_consumer_with_no_taskflow', 'dataset_s3_bucket_consumer_with_no_taskflow', 'dataset_s3_bucket_producer_with_no_taskflow', 'dataset_alias_example_alias_producer_with_no_taskflow' retrieved from /home/airflow/.local/lib/python3.12/site-packages/airflow/example_dags/example_dataset_alias_with_no_taskflow.py
[2024-09-28T08:07:15.955+0000] {logging_mixin.py:190} INFO - [2024-09-28T08:07:15.955+0000] {dag.py:3239} INFO - Sync 4 DAGs
[2024-09-28T08:07:15.966+0000] {logging_mixin.py:190} INFO - [2024-09-28T08:07:15.965+0000] {dag.py:4180} INFO - Setting next_dagrun for dataset_alias_example_alias_consumer_with_no_taskflow to None, run_after=None
[2024-09-28T08:07:15.967+0000] {logging_mixin.py:190} INFO - [2024-09-28T08:07:15.967+0000] {dag.py:4180} INFO - Setting next_dagrun for dataset_alias_example_alias_producer_with_no_taskflow to None, run_after=None
[2024-09-28T08:07:15.968+0000] {logging_mixin.py:190} INFO - [2024-09-28T08:07:15.968+0000] {dag.py:4180} INFO - Setting next_dagrun for dataset_s3_bucket_consumer_with_no_taskflow to None, run_after=None
[2024-09-28T08:07:15.969+0000] {logging_mixin.py:190} INFO - [2024-09-28T08:07:15.969+0000] {dag.py:4180} INFO - Setting next_dagrun for dataset_s3_bucket_producer_with_no_taskflow to None, run_after=None
[2024-09-28T08:07:15.979+0000] {processor.py:208} INFO - Processing /home/airflow/.local/lib/python3.12/site-packages/airflow/example_dags/example_dataset_alias_with_no_taskflow.py took 0.216 seconds
[2024-09-28T08:07:46.388+0000] {processor.py:186} INFO - Started process (PID=11718) to work on /home/airflow/.local/lib/python3.12/site-packages/airflow/example_dags/example_dataset_alias_with_no_taskflow.py
[2024-09-28T08:07:46.389+0000] {processor.py:914} INFO - Processing file /home/airflow/.local/lib/python3.12/site-packages/airflow/example_dags/example_dataset_alias_with_no_taskflow.py for tasks to queue
[2024-09-28T08:07:46.391+0000] {logging_mixin.py:190} INFO - [2024-09-28T08:07:46.390+0000] {dagbag.py:588} INFO - Filling up the DagBag from /home/airflow/.local/lib/python3.12/site-packages/airflow/example_dags/example_dataset_alias_with_no_taskflow.py
[2024-09-28T08:07:46.556+0000] {processor.py:925} INFO - DAG(s) 'dataset_s3_bucket_producer_with_no_taskflow', 'dataset_alias_example_alias_consumer_with_no_taskflow', 'dataset_alias_example_alias_producer_with_no_taskflow', 'dataset_s3_bucket_consumer_with_no_taskflow' retrieved from /home/airflow/.local/lib/python3.12/site-packages/airflow/example_dags/example_dataset_alias_with_no_taskflow.py
[2024-09-28T08:07:46.568+0000] {logging_mixin.py:190} INFO - [2024-09-28T08:07:46.568+0000] {dag.py:3239} INFO - Sync 4 DAGs
[2024-09-28T08:07:46.578+0000] {logging_mixin.py:190} INFO - [2024-09-28T08:07:46.578+0000] {dag.py:4180} INFO - Setting next_dagrun for dataset_alias_example_alias_consumer_with_no_taskflow to None, run_after=None
[2024-09-28T08:07:46.581+0000] {logging_mixin.py:190} INFO - [2024-09-28T08:07:46.581+0000] {dag.py:4180} INFO - Setting next_dagrun for dataset_alias_example_alias_producer_with_no_taskflow to None, run_after=None
[2024-09-28T08:07:46.582+0000] {logging_mixin.py:190} INFO - [2024-09-28T08:07:46.582+0000] {dag.py:4180} INFO - Setting next_dagrun for dataset_s3_bucket_consumer_with_no_taskflow to None, run_after=None
[2024-09-28T08:07:46.583+0000] {logging_mixin.py:190} INFO - [2024-09-28T08:07:46.583+0000] {dag.py:4180} INFO - Setting next_dagrun for dataset_s3_bucket_producer_with_no_taskflow to None, run_after=None
[2024-09-28T08:07:46.592+0000] {processor.py:208} INFO - Processing /home/airflow/.local/lib/python3.12/site-packages/airflow/example_dags/example_dataset_alias_with_no_taskflow.py took 0.207 seconds
