[2024-09-28T07:47:29.088+0000] {processor.py:186} INFO - Started process (PID=374) to work on /home/airflow/.local/lib/python3.12/site-packages/airflow/example_dags/example_setup_teardown_taskflow.py
[2024-09-28T07:47:29.089+0000] {processor.py:914} INFO - Processing file /home/airflow/.local/lib/python3.12/site-packages/airflow/example_dags/example_setup_teardown_taskflow.py for tasks to queue
[2024-09-28T07:47:29.090+0000] {logging_mixin.py:190} INFO - [2024-09-28T07:47:29.090+0000] {dagbag.py:588} INFO - Filling up the DagBag from /home/airflow/.local/lib/python3.12/site-packages/airflow/example_dags/example_setup_teardown_taskflow.py
[2024-09-28T07:47:29.096+0000] {processor.py:925} INFO - DAG(s) 'example_setup_teardown_taskflow' retrieved from /home/airflow/.local/lib/python3.12/site-packages/airflow/example_dags/example_setup_teardown_taskflow.py
[2024-09-28T07:47:29.153+0000] {logging_mixin.py:190} INFO - [2024-09-28T07:47:29.152+0000] {override.py:1900} INFO - Created Permission View: can delete on DAG:example_setup_teardown_taskflow
[2024-09-28T07:47:29.157+0000] {logging_mixin.py:190} INFO - [2024-09-28T07:47:29.157+0000] {override.py:1900} INFO - Created Permission View: can edit on DAG:example_setup_teardown_taskflow
[2024-09-28T07:47:29.160+0000] {logging_mixin.py:190} INFO - [2024-09-28T07:47:29.160+0000] {override.py:1900} INFO - Created Permission View: can read on DAG:example_setup_teardown_taskflow
[2024-09-28T07:47:29.170+0000] {logging_mixin.py:190} INFO - [2024-09-28T07:47:29.170+0000] {override.py:1900} INFO - Created Permission View: menu access on DAG Run:example_setup_teardown_taskflow
[2024-09-28T07:47:29.174+0000] {logging_mixin.py:190} INFO - [2024-09-28T07:47:29.174+0000] {override.py:1900} INFO - Created Permission View: can delete on DAG Run:example_setup_teardown_taskflow
[2024-09-28T07:47:29.177+0000] {logging_mixin.py:190} INFO - [2024-09-28T07:47:29.177+0000] {override.py:1900} INFO - Created Permission View: can create on DAG Run:example_setup_teardown_taskflow
[2024-09-28T07:47:29.182+0000] {logging_mixin.py:190} INFO - [2024-09-28T07:47:29.182+0000] {override.py:1900} INFO - Created Permission View: can read on DAG Run:example_setup_teardown_taskflow
[2024-09-28T07:47:29.182+0000] {logging_mixin.py:190} INFO - [2024-09-28T07:47:29.182+0000] {dag.py:3239} INFO - Sync 1 DAGs
[2024-09-28T07:47:29.189+0000] {logging_mixin.py:190} INFO - [2024-09-28T07:47:29.189+0000] {dag.py:3262} INFO - Creating ORM DAG for example_setup_teardown_taskflow
[2024-09-28T07:47:29.190+0000] {logging_mixin.py:190} INFO - [2024-09-28T07:47:29.190+0000] {dag.py:4180} INFO - Setting next_dagrun for example_setup_teardown_taskflow to None, run_after=None
[2024-09-28T07:47:29.202+0000] {processor.py:208} INFO - Processing /home/airflow/.local/lib/python3.12/site-packages/airflow/example_dags/example_setup_teardown_taskflow.py took 0.118 seconds
[2024-09-28T07:47:59.285+0000] {processor.py:186} INFO - Started process (PID=659) to work on /home/airflow/.local/lib/python3.12/site-packages/airflow/example_dags/example_setup_teardown_taskflow.py
[2024-09-28T07:47:59.286+0000] {processor.py:914} INFO - Processing file /home/airflow/.local/lib/python3.12/site-packages/airflow/example_dags/example_setup_teardown_taskflow.py for tasks to queue
[2024-09-28T07:47:59.289+0000] {logging_mixin.py:190} INFO - [2024-09-28T07:47:59.289+0000] {dagbag.py:588} INFO - Filling up the DagBag from /home/airflow/.local/lib/python3.12/site-packages/airflow/example_dags/example_setup_teardown_taskflow.py
[2024-09-28T07:47:59.294+0000] {processor.py:925} INFO - DAG(s) 'example_setup_teardown_taskflow' retrieved from /home/airflow/.local/lib/python3.12/site-packages/airflow/example_dags/example_setup_teardown_taskflow.py
[2024-09-28T07:47:59.306+0000] {logging_mixin.py:190} INFO - [2024-09-28T07:47:59.306+0000] {dag.py:3239} INFO - Sync 1 DAGs
[2024-09-28T07:47:59.313+0000] {logging_mixin.py:190} INFO - [2024-09-28T07:47:59.312+0000] {dag.py:4180} INFO - Setting next_dagrun for example_setup_teardown_taskflow to None, run_after=None
[2024-09-28T07:47:59.321+0000] {processor.py:208} INFO - Processing /home/airflow/.local/lib/python3.12/site-packages/airflow/example_dags/example_setup_teardown_taskflow.py took 0.038 seconds
[2024-09-28T07:48:29.566+0000] {processor.py:186} INFO - Started process (PID=945) to work on /home/airflow/.local/lib/python3.12/site-packages/airflow/example_dags/example_setup_teardown_taskflow.py
[2024-09-28T07:48:29.568+0000] {processor.py:914} INFO - Processing file /home/airflow/.local/lib/python3.12/site-packages/airflow/example_dags/example_setup_teardown_taskflow.py for tasks to queue
[2024-09-28T07:48:29.569+0000] {logging_mixin.py:190} INFO - [2024-09-28T07:48:29.569+0000] {dagbag.py:588} INFO - Filling up the DagBag from /home/airflow/.local/lib/python3.12/site-packages/airflow/example_dags/example_setup_teardown_taskflow.py
[2024-09-28T07:48:29.577+0000] {processor.py:925} INFO - DAG(s) 'example_setup_teardown_taskflow' retrieved from /home/airflow/.local/lib/python3.12/site-packages/airflow/example_dags/example_setup_teardown_taskflow.py
[2024-09-28T07:48:29.591+0000] {logging_mixin.py:190} INFO - [2024-09-28T07:48:29.591+0000] {dag.py:3239} INFO - Sync 1 DAGs
[2024-09-28T07:48:29.601+0000] {logging_mixin.py:190} INFO - [2024-09-28T07:48:29.601+0000] {dag.py:4180} INFO - Setting next_dagrun for example_setup_teardown_taskflow to None, run_after=None
[2024-09-28T07:48:29.614+0000] {processor.py:208} INFO - Processing /home/airflow/.local/lib/python3.12/site-packages/airflow/example_dags/example_setup_teardown_taskflow.py took 0.051 seconds
[2024-09-28T07:48:59.760+0000] {processor.py:186} INFO - Started process (PID=1235) to work on /home/airflow/.local/lib/python3.12/site-packages/airflow/example_dags/example_setup_teardown_taskflow.py
[2024-09-28T07:48:59.762+0000] {processor.py:914} INFO - Processing file /home/airflow/.local/lib/python3.12/site-packages/airflow/example_dags/example_setup_teardown_taskflow.py for tasks to queue
[2024-09-28T07:48:59.764+0000] {logging_mixin.py:190} INFO - [2024-09-28T07:48:59.764+0000] {dagbag.py:588} INFO - Filling up the DagBag from /home/airflow/.local/lib/python3.12/site-packages/airflow/example_dags/example_setup_teardown_taskflow.py
[2024-09-28T07:48:59.772+0000] {processor.py:925} INFO - DAG(s) 'example_setup_teardown_taskflow' retrieved from /home/airflow/.local/lib/python3.12/site-packages/airflow/example_dags/example_setup_teardown_taskflow.py
[2024-09-28T07:48:59.784+0000] {logging_mixin.py:190} INFO - [2024-09-28T07:48:59.784+0000] {dag.py:3239} INFO - Sync 1 DAGs
[2024-09-28T07:48:59.791+0000] {logging_mixin.py:190} INFO - [2024-09-28T07:48:59.791+0000] {dag.py:4180} INFO - Setting next_dagrun for example_setup_teardown_taskflow to None, run_after=None
[2024-09-28T07:48:59.799+0000] {processor.py:208} INFO - Processing /home/airflow/.local/lib/python3.12/site-packages/airflow/example_dags/example_setup_teardown_taskflow.py took 0.042 seconds
[2024-09-28T07:49:29.945+0000] {processor.py:186} INFO - Started process (PID=1545) to work on /home/airflow/.local/lib/python3.12/site-packages/airflow/example_dags/example_setup_teardown_taskflow.py
[2024-09-28T07:49:29.946+0000] {processor.py:914} INFO - Processing file /home/airflow/.local/lib/python3.12/site-packages/airflow/example_dags/example_setup_teardown_taskflow.py for tasks to queue
[2024-09-28T07:49:29.947+0000] {logging_mixin.py:190} INFO - [2024-09-28T07:49:29.947+0000] {dagbag.py:588} INFO - Filling up the DagBag from /home/airflow/.local/lib/python3.12/site-packages/airflow/example_dags/example_setup_teardown_taskflow.py
[2024-09-28T07:49:29.953+0000] {processor.py:925} INFO - DAG(s) 'example_setup_teardown_taskflow' retrieved from /home/airflow/.local/lib/python3.12/site-packages/airflow/example_dags/example_setup_teardown_taskflow.py
[2024-09-28T07:49:29.966+0000] {logging_mixin.py:190} INFO - [2024-09-28T07:49:29.966+0000] {dag.py:3239} INFO - Sync 1 DAGs
[2024-09-28T07:49:29.973+0000] {logging_mixin.py:190} INFO - [2024-09-28T07:49:29.973+0000] {dag.py:4180} INFO - Setting next_dagrun for example_setup_teardown_taskflow to None, run_after=None
[2024-09-28T07:49:29.984+0000] {processor.py:208} INFO - Processing /home/airflow/.local/lib/python3.12/site-packages/airflow/example_dags/example_setup_teardown_taskflow.py took 0.043 seconds
[2024-09-28T07:50:00.157+0000] {processor.py:186} INFO - Started process (PID=1831) to work on /home/airflow/.local/lib/python3.12/site-packages/airflow/example_dags/example_setup_teardown_taskflow.py
[2024-09-28T07:50:00.158+0000] {processor.py:914} INFO - Processing file /home/airflow/.local/lib/python3.12/site-packages/airflow/example_dags/example_setup_teardown_taskflow.py for tasks to queue
[2024-09-28T07:50:00.160+0000] {logging_mixin.py:190} INFO - [2024-09-28T07:50:00.159+0000] {dagbag.py:588} INFO - Filling up the DagBag from /home/airflow/.local/lib/python3.12/site-packages/airflow/example_dags/example_setup_teardown_taskflow.py
[2024-09-28T07:50:00.165+0000] {processor.py:925} INFO - DAG(s) 'example_setup_teardown_taskflow' retrieved from /home/airflow/.local/lib/python3.12/site-packages/airflow/example_dags/example_setup_teardown_taskflow.py
[2024-09-28T07:50:00.175+0000] {logging_mixin.py:190} INFO - [2024-09-28T07:50:00.175+0000] {dag.py:3239} INFO - Sync 1 DAGs
[2024-09-28T07:50:00.182+0000] {logging_mixin.py:190} INFO - [2024-09-28T07:50:00.182+0000] {dag.py:4180} INFO - Setting next_dagrun for example_setup_teardown_taskflow to None, run_after=None
[2024-09-28T07:50:00.190+0000] {processor.py:208} INFO - Processing /home/airflow/.local/lib/python3.12/site-packages/airflow/example_dags/example_setup_teardown_taskflow.py took 0.036 seconds
[2024-09-28T07:50:30.478+0000] {processor.py:186} INFO - Started process (PID=2117) to work on /home/airflow/.local/lib/python3.12/site-packages/airflow/example_dags/example_setup_teardown_taskflow.py
[2024-09-28T07:50:30.479+0000] {processor.py:914} INFO - Processing file /home/airflow/.local/lib/python3.12/site-packages/airflow/example_dags/example_setup_teardown_taskflow.py for tasks to queue
[2024-09-28T07:50:30.480+0000] {logging_mixin.py:190} INFO - [2024-09-28T07:50:30.480+0000] {dagbag.py:588} INFO - Filling up the DagBag from /home/airflow/.local/lib/python3.12/site-packages/airflow/example_dags/example_setup_teardown_taskflow.py
[2024-09-28T07:50:30.485+0000] {processor.py:925} INFO - DAG(s) 'example_setup_teardown_taskflow' retrieved from /home/airflow/.local/lib/python3.12/site-packages/airflow/example_dags/example_setup_teardown_taskflow.py
[2024-09-28T07:50:30.496+0000] {logging_mixin.py:190} INFO - [2024-09-28T07:50:30.496+0000] {dag.py:3239} INFO - Sync 1 DAGs
[2024-09-28T07:50:30.503+0000] {logging_mixin.py:190} INFO - [2024-09-28T07:50:30.503+0000] {dag.py:4180} INFO - Setting next_dagrun for example_setup_teardown_taskflow to None, run_after=None
[2024-09-28T07:50:30.514+0000] {processor.py:208} INFO - Processing /home/airflow/.local/lib/python3.12/site-packages/airflow/example_dags/example_setup_teardown_taskflow.py took 0.038 seconds
[2024-09-28T07:51:00.791+0000] {processor.py:186} INFO - Started process (PID=2402) to work on /home/airflow/.local/lib/python3.12/site-packages/airflow/example_dags/example_setup_teardown_taskflow.py
[2024-09-28T07:51:00.792+0000] {processor.py:914} INFO - Processing file /home/airflow/.local/lib/python3.12/site-packages/airflow/example_dags/example_setup_teardown_taskflow.py for tasks to queue
[2024-09-28T07:51:00.793+0000] {logging_mixin.py:190} INFO - [2024-09-28T07:51:00.793+0000] {dagbag.py:588} INFO - Filling up the DagBag from /home/airflow/.local/lib/python3.12/site-packages/airflow/example_dags/example_setup_teardown_taskflow.py
[2024-09-28T07:51:00.801+0000] {processor.py:925} INFO - DAG(s) 'example_setup_teardown_taskflow' retrieved from /home/airflow/.local/lib/python3.12/site-packages/airflow/example_dags/example_setup_teardown_taskflow.py
[2024-09-28T07:51:00.813+0000] {logging_mixin.py:190} INFO - [2024-09-28T07:51:00.813+0000] {dag.py:3239} INFO - Sync 1 DAGs
[2024-09-28T07:51:00.820+0000] {logging_mixin.py:190} INFO - [2024-09-28T07:51:00.820+0000] {dag.py:4180} INFO - Setting next_dagrun for example_setup_teardown_taskflow to None, run_after=None
[2024-09-28T07:51:00.828+0000] {processor.py:208} INFO - Processing /home/airflow/.local/lib/python3.12/site-packages/airflow/example_dags/example_setup_teardown_taskflow.py took 0.040 seconds
[2024-09-28T07:51:31.041+0000] {processor.py:186} INFO - Started process (PID=2687) to work on /home/airflow/.local/lib/python3.12/site-packages/airflow/example_dags/example_setup_teardown_taskflow.py
[2024-09-28T07:51:31.044+0000] {processor.py:914} INFO - Processing file /home/airflow/.local/lib/python3.12/site-packages/airflow/example_dags/example_setup_teardown_taskflow.py for tasks to queue
[2024-09-28T07:51:31.048+0000] {logging_mixin.py:190} INFO - [2024-09-28T07:51:31.048+0000] {dagbag.py:588} INFO - Filling up the DagBag from /home/airflow/.local/lib/python3.12/site-packages/airflow/example_dags/example_setup_teardown_taskflow.py
[2024-09-28T07:51:31.053+0000] {processor.py:925} INFO - DAG(s) 'example_setup_teardown_taskflow' retrieved from /home/airflow/.local/lib/python3.12/site-packages/airflow/example_dags/example_setup_teardown_taskflow.py
[2024-09-28T07:51:31.065+0000] {logging_mixin.py:190} INFO - [2024-09-28T07:51:31.064+0000] {dag.py:3239} INFO - Sync 1 DAGs
[2024-09-28T07:51:31.072+0000] {logging_mixin.py:190} INFO - [2024-09-28T07:51:31.072+0000] {dag.py:4180} INFO - Setting next_dagrun for example_setup_teardown_taskflow to None, run_after=None
[2024-09-28T07:51:31.082+0000] {processor.py:208} INFO - Processing /home/airflow/.local/lib/python3.12/site-packages/airflow/example_dags/example_setup_teardown_taskflow.py took 0.044 seconds
[2024-09-28T07:52:01.231+0000] {processor.py:186} INFO - Started process (PID=2973) to work on /home/airflow/.local/lib/python3.12/site-packages/airflow/example_dags/example_setup_teardown_taskflow.py
[2024-09-28T07:52:01.233+0000] {processor.py:914} INFO - Processing file /home/airflow/.local/lib/python3.12/site-packages/airflow/example_dags/example_setup_teardown_taskflow.py for tasks to queue
[2024-09-28T07:52:01.234+0000] {logging_mixin.py:190} INFO - [2024-09-28T07:52:01.234+0000] {dagbag.py:588} INFO - Filling up the DagBag from /home/airflow/.local/lib/python3.12/site-packages/airflow/example_dags/example_setup_teardown_taskflow.py
[2024-09-28T07:52:01.239+0000] {processor.py:925} INFO - DAG(s) 'example_setup_teardown_taskflow' retrieved from /home/airflow/.local/lib/python3.12/site-packages/airflow/example_dags/example_setup_teardown_taskflow.py
[2024-09-28T07:52:01.249+0000] {logging_mixin.py:190} INFO - [2024-09-28T07:52:01.249+0000] {dag.py:3239} INFO - Sync 1 DAGs
[2024-09-28T07:52:01.256+0000] {logging_mixin.py:190} INFO - [2024-09-28T07:52:01.256+0000] {dag.py:4180} INFO - Setting next_dagrun for example_setup_teardown_taskflow to None, run_after=None
[2024-09-28T07:52:01.266+0000] {processor.py:208} INFO - Processing /home/airflow/.local/lib/python3.12/site-packages/airflow/example_dags/example_setup_teardown_taskflow.py took 0.038 seconds
[2024-09-28T07:52:32.432+0000] {processor.py:186} INFO - Started process (PID=3259) to work on /home/airflow/.local/lib/python3.12/site-packages/airflow/example_dags/example_setup_teardown_taskflow.py
[2024-09-28T07:52:32.435+0000] {processor.py:914} INFO - Processing file /home/airflow/.local/lib/python3.12/site-packages/airflow/example_dags/example_setup_teardown_taskflow.py for tasks to queue
[2024-09-28T07:52:32.436+0000] {logging_mixin.py:190} INFO - [2024-09-28T07:52:32.436+0000] {dagbag.py:588} INFO - Filling up the DagBag from /home/airflow/.local/lib/python3.12/site-packages/airflow/example_dags/example_setup_teardown_taskflow.py
[2024-09-28T07:52:32.444+0000] {processor.py:925} INFO - DAG(s) 'example_setup_teardown_taskflow' retrieved from /home/airflow/.local/lib/python3.12/site-packages/airflow/example_dags/example_setup_teardown_taskflow.py
[2024-09-28T07:52:32.456+0000] {logging_mixin.py:190} INFO - [2024-09-28T07:52:32.456+0000] {dag.py:3239} INFO - Sync 1 DAGs
[2024-09-28T07:52:32.463+0000] {logging_mixin.py:190} INFO - [2024-09-28T07:52:32.463+0000] {dag.py:4180} INFO - Setting next_dagrun for example_setup_teardown_taskflow to None, run_after=None
[2024-09-28T07:52:32.473+0000] {processor.py:208} INFO - Processing /home/airflow/.local/lib/python3.12/site-packages/airflow/example_dags/example_setup_teardown_taskflow.py took 0.045 seconds
[2024-09-28T07:53:02.706+0000] {processor.py:186} INFO - Started process (PID=3545) to work on /home/airflow/.local/lib/python3.12/site-packages/airflow/example_dags/example_setup_teardown_taskflow.py
[2024-09-28T07:53:02.710+0000] {processor.py:914} INFO - Processing file /home/airflow/.local/lib/python3.12/site-packages/airflow/example_dags/example_setup_teardown_taskflow.py for tasks to queue
[2024-09-28T07:53:02.711+0000] {logging_mixin.py:190} INFO - [2024-09-28T07:53:02.711+0000] {dagbag.py:588} INFO - Filling up the DagBag from /home/airflow/.local/lib/python3.12/site-packages/airflow/example_dags/example_setup_teardown_taskflow.py
[2024-09-28T07:53:02.718+0000] {processor.py:925} INFO - DAG(s) 'example_setup_teardown_taskflow' retrieved from /home/airflow/.local/lib/python3.12/site-packages/airflow/example_dags/example_setup_teardown_taskflow.py
[2024-09-28T07:53:02.737+0000] {logging_mixin.py:190} INFO - [2024-09-28T07:53:02.736+0000] {dag.py:3239} INFO - Sync 1 DAGs
[2024-09-28T07:53:02.745+0000] {logging_mixin.py:190} INFO - [2024-09-28T07:53:02.745+0000] {dag.py:4180} INFO - Setting next_dagrun for example_setup_teardown_taskflow to None, run_after=None
[2024-09-28T07:53:02.760+0000] {processor.py:208} INFO - Processing /home/airflow/.local/lib/python3.12/site-packages/airflow/example_dags/example_setup_teardown_taskflow.py took 0.060 seconds
[2024-09-28T07:53:33.010+0000] {processor.py:186} INFO - Started process (PID=3831) to work on /home/airflow/.local/lib/python3.12/site-packages/airflow/example_dags/example_setup_teardown_taskflow.py
[2024-09-28T07:53:33.011+0000] {processor.py:914} INFO - Processing file /home/airflow/.local/lib/python3.12/site-packages/airflow/example_dags/example_setup_teardown_taskflow.py for tasks to queue
[2024-09-28T07:53:33.013+0000] {logging_mixin.py:190} INFO - [2024-09-28T07:53:33.013+0000] {dagbag.py:588} INFO - Filling up the DagBag from /home/airflow/.local/lib/python3.12/site-packages/airflow/example_dags/example_setup_teardown_taskflow.py
[2024-09-28T07:53:33.019+0000] {processor.py:925} INFO - DAG(s) 'example_setup_teardown_taskflow' retrieved from /home/airflow/.local/lib/python3.12/site-packages/airflow/example_dags/example_setup_teardown_taskflow.py
[2024-09-28T07:53:33.032+0000] {logging_mixin.py:190} INFO - [2024-09-28T07:53:33.032+0000] {dag.py:3239} INFO - Sync 1 DAGs
[2024-09-28T07:53:33.039+0000] {logging_mixin.py:190} INFO - [2024-09-28T07:53:33.038+0000] {dag.py:4180} INFO - Setting next_dagrun for example_setup_teardown_taskflow to None, run_after=None
[2024-09-28T07:53:33.048+0000] {processor.py:208} INFO - Processing /home/airflow/.local/lib/python3.12/site-packages/airflow/example_dags/example_setup_teardown_taskflow.py took 0.041 seconds
[2024-09-28T07:54:03.277+0000] {processor.py:186} INFO - Started process (PID=4117) to work on /home/airflow/.local/lib/python3.12/site-packages/airflow/example_dags/example_setup_teardown_taskflow.py
[2024-09-28T07:54:03.278+0000] {processor.py:914} INFO - Processing file /home/airflow/.local/lib/python3.12/site-packages/airflow/example_dags/example_setup_teardown_taskflow.py for tasks to queue
[2024-09-28T07:54:03.279+0000] {logging_mixin.py:190} INFO - [2024-09-28T07:54:03.279+0000] {dagbag.py:588} INFO - Filling up the DagBag from /home/airflow/.local/lib/python3.12/site-packages/airflow/example_dags/example_setup_teardown_taskflow.py
[2024-09-28T07:54:03.284+0000] {processor.py:925} INFO - DAG(s) 'example_setup_teardown_taskflow' retrieved from /home/airflow/.local/lib/python3.12/site-packages/airflow/example_dags/example_setup_teardown_taskflow.py
[2024-09-28T07:54:03.296+0000] {logging_mixin.py:190} INFO - [2024-09-28T07:54:03.296+0000] {dag.py:3239} INFO - Sync 1 DAGs
[2024-09-28T07:54:03.302+0000] {logging_mixin.py:190} INFO - [2024-09-28T07:54:03.302+0000] {dag.py:4180} INFO - Setting next_dagrun for example_setup_teardown_taskflow to None, run_after=None
[2024-09-28T07:54:03.312+0000] {processor.py:208} INFO - Processing /home/airflow/.local/lib/python3.12/site-packages/airflow/example_dags/example_setup_teardown_taskflow.py took 0.038 seconds
[2024-09-28T07:54:33.806+0000] {processor.py:186} INFO - Started process (PID=4405) to work on /home/airflow/.local/lib/python3.12/site-packages/airflow/example_dags/example_setup_teardown_taskflow.py
[2024-09-28T07:54:33.807+0000] {processor.py:914} INFO - Processing file /home/airflow/.local/lib/python3.12/site-packages/airflow/example_dags/example_setup_teardown_taskflow.py for tasks to queue
[2024-09-28T07:54:33.808+0000] {logging_mixin.py:190} INFO - [2024-09-28T07:54:33.808+0000] {dagbag.py:588} INFO - Filling up the DagBag from /home/airflow/.local/lib/python3.12/site-packages/airflow/example_dags/example_setup_teardown_taskflow.py
[2024-09-28T07:54:33.814+0000] {processor.py:925} INFO - DAG(s) 'example_setup_teardown_taskflow' retrieved from /home/airflow/.local/lib/python3.12/site-packages/airflow/example_dags/example_setup_teardown_taskflow.py
[2024-09-28T07:54:33.827+0000] {logging_mixin.py:190} INFO - [2024-09-28T07:54:33.827+0000] {dag.py:3239} INFO - Sync 1 DAGs
[2024-09-28T07:54:33.833+0000] {logging_mixin.py:190} INFO - [2024-09-28T07:54:33.833+0000] {dag.py:4180} INFO - Setting next_dagrun for example_setup_teardown_taskflow to None, run_after=None
[2024-09-28T07:54:33.843+0000] {processor.py:208} INFO - Processing /home/airflow/.local/lib/python3.12/site-packages/airflow/example_dags/example_setup_teardown_taskflow.py took 0.040 seconds
[2024-09-28T07:55:04.187+0000] {processor.py:186} INFO - Started process (PID=4689) to work on /home/airflow/.local/lib/python3.12/site-packages/airflow/example_dags/example_setup_teardown_taskflow.py
[2024-09-28T07:55:04.188+0000] {processor.py:914} INFO - Processing file /home/airflow/.local/lib/python3.12/site-packages/airflow/example_dags/example_setup_teardown_taskflow.py for tasks to queue
[2024-09-28T07:55:04.192+0000] {logging_mixin.py:190} INFO - [2024-09-28T07:55:04.191+0000] {dagbag.py:588} INFO - Filling up the DagBag from /home/airflow/.local/lib/python3.12/site-packages/airflow/example_dags/example_setup_teardown_taskflow.py
[2024-09-28T07:55:04.197+0000] {processor.py:925} INFO - DAG(s) 'example_setup_teardown_taskflow' retrieved from /home/airflow/.local/lib/python3.12/site-packages/airflow/example_dags/example_setup_teardown_taskflow.py
[2024-09-28T07:55:04.210+0000] {logging_mixin.py:190} INFO - [2024-09-28T07:55:04.210+0000] {dag.py:3239} INFO - Sync 1 DAGs
[2024-09-28T07:55:04.218+0000] {logging_mixin.py:190} INFO - [2024-09-28T07:55:04.218+0000] {dag.py:4180} INFO - Setting next_dagrun for example_setup_teardown_taskflow to None, run_after=None
[2024-09-28T07:55:04.231+0000] {processor.py:208} INFO - Processing /home/airflow/.local/lib/python3.12/site-packages/airflow/example_dags/example_setup_teardown_taskflow.py took 0.049 seconds
[2024-09-28T07:55:34.478+0000] {processor.py:186} INFO - Started process (PID=4975) to work on /home/airflow/.local/lib/python3.12/site-packages/airflow/example_dags/example_setup_teardown_taskflow.py
[2024-09-28T07:55:34.478+0000] {processor.py:914} INFO - Processing file /home/airflow/.local/lib/python3.12/site-packages/airflow/example_dags/example_setup_teardown_taskflow.py for tasks to queue
[2024-09-28T07:55:34.480+0000] {logging_mixin.py:190} INFO - [2024-09-28T07:55:34.480+0000] {dagbag.py:588} INFO - Filling up the DagBag from /home/airflow/.local/lib/python3.12/site-packages/airflow/example_dags/example_setup_teardown_taskflow.py
[2024-09-28T07:55:34.485+0000] {processor.py:925} INFO - DAG(s) 'example_setup_teardown_taskflow' retrieved from /home/airflow/.local/lib/python3.12/site-packages/airflow/example_dags/example_setup_teardown_taskflow.py
[2024-09-28T07:55:34.497+0000] {logging_mixin.py:190} INFO - [2024-09-28T07:55:34.497+0000] {dag.py:3239} INFO - Sync 1 DAGs
[2024-09-28T07:55:34.505+0000] {logging_mixin.py:190} INFO - [2024-09-28T07:55:34.505+0000] {dag.py:4180} INFO - Setting next_dagrun for example_setup_teardown_taskflow to None, run_after=None
[2024-09-28T07:55:34.515+0000] {processor.py:208} INFO - Processing /home/airflow/.local/lib/python3.12/site-packages/airflow/example_dags/example_setup_teardown_taskflow.py took 0.041 seconds
[2024-09-28T07:56:04.850+0000] {processor.py:186} INFO - Started process (PID=5261) to work on /home/airflow/.local/lib/python3.12/site-packages/airflow/example_dags/example_setup_teardown_taskflow.py
[2024-09-28T07:56:04.854+0000] {processor.py:914} INFO - Processing file /home/airflow/.local/lib/python3.12/site-packages/airflow/example_dags/example_setup_teardown_taskflow.py for tasks to queue
[2024-09-28T07:56:04.857+0000] {logging_mixin.py:190} INFO - [2024-09-28T07:56:04.857+0000] {dagbag.py:588} INFO - Filling up the DagBag from /home/airflow/.local/lib/python3.12/site-packages/airflow/example_dags/example_setup_teardown_taskflow.py
[2024-09-28T07:56:04.867+0000] {processor.py:925} INFO - DAG(s) 'example_setup_teardown_taskflow' retrieved from /home/airflow/.local/lib/python3.12/site-packages/airflow/example_dags/example_setup_teardown_taskflow.py
[2024-09-28T07:56:04.882+0000] {logging_mixin.py:190} INFO - [2024-09-28T07:56:04.882+0000] {dag.py:3239} INFO - Sync 1 DAGs
[2024-09-28T07:56:04.893+0000] {logging_mixin.py:190} INFO - [2024-09-28T07:56:04.893+0000] {dag.py:4180} INFO - Setting next_dagrun for example_setup_teardown_taskflow to None, run_after=None
[2024-09-28T07:56:04.905+0000] {processor.py:208} INFO - Processing /home/airflow/.local/lib/python3.12/site-packages/airflow/example_dags/example_setup_teardown_taskflow.py took 0.062 seconds
[2024-09-28T07:56:35.321+0000] {processor.py:186} INFO - Started process (PID=5547) to work on /home/airflow/.local/lib/python3.12/site-packages/airflow/example_dags/example_setup_teardown_taskflow.py
[2024-09-28T07:56:35.322+0000] {processor.py:914} INFO - Processing file /home/airflow/.local/lib/python3.12/site-packages/airflow/example_dags/example_setup_teardown_taskflow.py for tasks to queue
[2024-09-28T07:56:35.323+0000] {logging_mixin.py:190} INFO - [2024-09-28T07:56:35.323+0000] {dagbag.py:588} INFO - Filling up the DagBag from /home/airflow/.local/lib/python3.12/site-packages/airflow/example_dags/example_setup_teardown_taskflow.py
[2024-09-28T07:56:35.329+0000] {processor.py:925} INFO - DAG(s) 'example_setup_teardown_taskflow' retrieved from /home/airflow/.local/lib/python3.12/site-packages/airflow/example_dags/example_setup_teardown_taskflow.py
[2024-09-28T07:56:35.341+0000] {logging_mixin.py:190} INFO - [2024-09-28T07:56:35.341+0000] {dag.py:3239} INFO - Sync 1 DAGs
[2024-09-28T07:56:35.348+0000] {logging_mixin.py:190} INFO - [2024-09-28T07:56:35.348+0000] {dag.py:4180} INFO - Setting next_dagrun for example_setup_teardown_taskflow to None, run_after=None
[2024-09-28T07:56:35.359+0000] {processor.py:208} INFO - Processing /home/airflow/.local/lib/python3.12/site-packages/airflow/example_dags/example_setup_teardown_taskflow.py took 0.041 seconds
[2024-09-28T07:57:05.633+0000] {processor.py:186} INFO - Started process (PID=5833) to work on /home/airflow/.local/lib/python3.12/site-packages/airflow/example_dags/example_setup_teardown_taskflow.py
[2024-09-28T07:57:05.634+0000] {processor.py:914} INFO - Processing file /home/airflow/.local/lib/python3.12/site-packages/airflow/example_dags/example_setup_teardown_taskflow.py for tasks to queue
[2024-09-28T07:57:05.637+0000] {logging_mixin.py:190} INFO - [2024-09-28T07:57:05.636+0000] {dagbag.py:588} INFO - Filling up the DagBag from /home/airflow/.local/lib/python3.12/site-packages/airflow/example_dags/example_setup_teardown_taskflow.py
[2024-09-28T07:57:05.646+0000] {processor.py:925} INFO - DAG(s) 'example_setup_teardown_taskflow' retrieved from /home/airflow/.local/lib/python3.12/site-packages/airflow/example_dags/example_setup_teardown_taskflow.py
[2024-09-28T07:57:05.661+0000] {logging_mixin.py:190} INFO - [2024-09-28T07:57:05.661+0000] {dag.py:3239} INFO - Sync 1 DAGs
[2024-09-28T07:57:05.669+0000] {logging_mixin.py:190} INFO - [2024-09-28T07:57:05.669+0000] {dag.py:4180} INFO - Setting next_dagrun for example_setup_teardown_taskflow to None, run_after=None
[2024-09-28T07:57:05.680+0000] {processor.py:208} INFO - Processing /home/airflow/.local/lib/python3.12/site-packages/airflow/example_dags/example_setup_teardown_taskflow.py took 0.051 seconds
[2024-09-28T07:57:35.943+0000] {processor.py:186} INFO - Started process (PID=6119) to work on /home/airflow/.local/lib/python3.12/site-packages/airflow/example_dags/example_setup_teardown_taskflow.py
[2024-09-28T07:57:35.944+0000] {processor.py:914} INFO - Processing file /home/airflow/.local/lib/python3.12/site-packages/airflow/example_dags/example_setup_teardown_taskflow.py for tasks to queue
[2024-09-28T07:57:35.945+0000] {logging_mixin.py:190} INFO - [2024-09-28T07:57:35.945+0000] {dagbag.py:588} INFO - Filling up the DagBag from /home/airflow/.local/lib/python3.12/site-packages/airflow/example_dags/example_setup_teardown_taskflow.py
[2024-09-28T07:57:35.950+0000] {processor.py:925} INFO - DAG(s) 'example_setup_teardown_taskflow' retrieved from /home/airflow/.local/lib/python3.12/site-packages/airflow/example_dags/example_setup_teardown_taskflow.py
[2024-09-28T07:57:35.961+0000] {logging_mixin.py:190} INFO - [2024-09-28T07:57:35.961+0000] {dag.py:3239} INFO - Sync 1 DAGs
[2024-09-28T07:57:35.968+0000] {logging_mixin.py:190} INFO - [2024-09-28T07:57:35.968+0000] {dag.py:4180} INFO - Setting next_dagrun for example_setup_teardown_taskflow to None, run_after=None
[2024-09-28T07:57:35.978+0000] {processor.py:208} INFO - Processing /home/airflow/.local/lib/python3.12/site-packages/airflow/example_dags/example_setup_teardown_taskflow.py took 0.038 seconds
[2024-09-28T07:58:06.182+0000] {processor.py:186} INFO - Started process (PID=6404) to work on /home/airflow/.local/lib/python3.12/site-packages/airflow/example_dags/example_setup_teardown_taskflow.py
[2024-09-28T07:58:06.183+0000] {processor.py:914} INFO - Processing file /home/airflow/.local/lib/python3.12/site-packages/airflow/example_dags/example_setup_teardown_taskflow.py for tasks to queue
[2024-09-28T07:58:06.185+0000] {logging_mixin.py:190} INFO - [2024-09-28T07:58:06.185+0000] {dagbag.py:588} INFO - Filling up the DagBag from /home/airflow/.local/lib/python3.12/site-packages/airflow/example_dags/example_setup_teardown_taskflow.py
[2024-09-28T07:58:06.190+0000] {processor.py:925} INFO - DAG(s) 'example_setup_teardown_taskflow' retrieved from /home/airflow/.local/lib/python3.12/site-packages/airflow/example_dags/example_setup_teardown_taskflow.py
[2024-09-28T07:58:06.201+0000] {logging_mixin.py:190} INFO - [2024-09-28T07:58:06.201+0000] {dag.py:3239} INFO - Sync 1 DAGs
[2024-09-28T07:58:06.208+0000] {logging_mixin.py:190} INFO - [2024-09-28T07:58:06.208+0000] {dag.py:4180} INFO - Setting next_dagrun for example_setup_teardown_taskflow to None, run_after=None
[2024-09-28T07:58:06.216+0000] {processor.py:208} INFO - Processing /home/airflow/.local/lib/python3.12/site-packages/airflow/example_dags/example_setup_teardown_taskflow.py took 0.037 seconds
[2024-09-28T07:58:36.558+0000] {processor.py:186} INFO - Started process (PID=6690) to work on /home/airflow/.local/lib/python3.12/site-packages/airflow/example_dags/example_setup_teardown_taskflow.py
[2024-09-28T07:58:36.561+0000] {processor.py:914} INFO - Processing file /home/airflow/.local/lib/python3.12/site-packages/airflow/example_dags/example_setup_teardown_taskflow.py for tasks to queue
[2024-09-28T07:58:36.563+0000] {logging_mixin.py:190} INFO - [2024-09-28T07:58:36.563+0000] {dagbag.py:588} INFO - Filling up the DagBag from /home/airflow/.local/lib/python3.12/site-packages/airflow/example_dags/example_setup_teardown_taskflow.py
[2024-09-28T07:58:36.569+0000] {processor.py:925} INFO - DAG(s) 'example_setup_teardown_taskflow' retrieved from /home/airflow/.local/lib/python3.12/site-packages/airflow/example_dags/example_setup_teardown_taskflow.py
[2024-09-28T07:58:36.582+0000] {logging_mixin.py:190} INFO - [2024-09-28T07:58:36.582+0000] {dag.py:3239} INFO - Sync 1 DAGs
[2024-09-28T07:58:36.590+0000] {logging_mixin.py:190} INFO - [2024-09-28T07:58:36.589+0000] {dag.py:4180} INFO - Setting next_dagrun for example_setup_teardown_taskflow to None, run_after=None
[2024-09-28T07:58:36.601+0000] {processor.py:208} INFO - Processing /home/airflow/.local/lib/python3.12/site-packages/airflow/example_dags/example_setup_teardown_taskflow.py took 0.046 seconds
[2024-09-28T07:59:07.218+0000] {processor.py:186} INFO - Started process (PID=6978) to work on /home/airflow/.local/lib/python3.12/site-packages/airflow/example_dags/example_setup_teardown_taskflow.py
[2024-09-28T07:59:07.219+0000] {processor.py:914} INFO - Processing file /home/airflow/.local/lib/python3.12/site-packages/airflow/example_dags/example_setup_teardown_taskflow.py for tasks to queue
[2024-09-28T07:59:07.220+0000] {logging_mixin.py:190} INFO - [2024-09-28T07:59:07.220+0000] {dagbag.py:588} INFO - Filling up the DagBag from /home/airflow/.local/lib/python3.12/site-packages/airflow/example_dags/example_setup_teardown_taskflow.py
[2024-09-28T07:59:07.225+0000] {processor.py:925} INFO - DAG(s) 'example_setup_teardown_taskflow' retrieved from /home/airflow/.local/lib/python3.12/site-packages/airflow/example_dags/example_setup_teardown_taskflow.py
[2024-09-28T07:59:07.237+0000] {logging_mixin.py:190} INFO - [2024-09-28T07:59:07.236+0000] {dag.py:3239} INFO - Sync 1 DAGs
[2024-09-28T07:59:07.245+0000] {logging_mixin.py:190} INFO - [2024-09-28T07:59:07.245+0000] {dag.py:4180} INFO - Setting next_dagrun for example_setup_teardown_taskflow to None, run_after=None
[2024-09-28T07:59:07.252+0000] {processor.py:208} INFO - Processing /home/airflow/.local/lib/python3.12/site-packages/airflow/example_dags/example_setup_teardown_taskflow.py took 0.037 seconds
[2024-09-28T07:59:37.569+0000] {processor.py:186} INFO - Started process (PID=7262) to work on /home/airflow/.local/lib/python3.12/site-packages/airflow/example_dags/example_setup_teardown_taskflow.py
[2024-09-28T07:59:37.570+0000] {processor.py:914} INFO - Processing file /home/airflow/.local/lib/python3.12/site-packages/airflow/example_dags/example_setup_teardown_taskflow.py for tasks to queue
[2024-09-28T07:59:37.571+0000] {logging_mixin.py:190} INFO - [2024-09-28T07:59:37.571+0000] {dagbag.py:588} INFO - Filling up the DagBag from /home/airflow/.local/lib/python3.12/site-packages/airflow/example_dags/example_setup_teardown_taskflow.py
[2024-09-28T07:59:37.577+0000] {processor.py:925} INFO - DAG(s) 'example_setup_teardown_taskflow' retrieved from /home/airflow/.local/lib/python3.12/site-packages/airflow/example_dags/example_setup_teardown_taskflow.py
[2024-09-28T07:59:37.590+0000] {logging_mixin.py:190} INFO - [2024-09-28T07:59:37.590+0000] {dag.py:3239} INFO - Sync 1 DAGs
[2024-09-28T07:59:37.601+0000] {logging_mixin.py:190} INFO - [2024-09-28T07:59:37.600+0000] {dag.py:4180} INFO - Setting next_dagrun for example_setup_teardown_taskflow to None, run_after=None
[2024-09-28T07:59:37.611+0000] {processor.py:208} INFO - Processing /home/airflow/.local/lib/python3.12/site-packages/airflow/example_dags/example_setup_teardown_taskflow.py took 0.045 seconds
[2024-09-28T08:00:07.845+0000] {processor.py:186} INFO - Started process (PID=7548) to work on /home/airflow/.local/lib/python3.12/site-packages/airflow/example_dags/example_setup_teardown_taskflow.py
[2024-09-28T08:00:07.849+0000] {processor.py:914} INFO - Processing file /home/airflow/.local/lib/python3.12/site-packages/airflow/example_dags/example_setup_teardown_taskflow.py for tasks to queue
[2024-09-28T08:00:07.850+0000] {logging_mixin.py:190} INFO - [2024-09-28T08:00:07.850+0000] {dagbag.py:588} INFO - Filling up the DagBag from /home/airflow/.local/lib/python3.12/site-packages/airflow/example_dags/example_setup_teardown_taskflow.py
[2024-09-28T08:00:07.858+0000] {processor.py:925} INFO - DAG(s) 'example_setup_teardown_taskflow' retrieved from /home/airflow/.local/lib/python3.12/site-packages/airflow/example_dags/example_setup_teardown_taskflow.py
[2024-09-28T08:00:07.871+0000] {logging_mixin.py:190} INFO - [2024-09-28T08:00:07.870+0000] {dag.py:3239} INFO - Sync 1 DAGs
[2024-09-28T08:00:07.880+0000] {logging_mixin.py:190} INFO - [2024-09-28T08:00:07.880+0000] {dag.py:4180} INFO - Setting next_dagrun for example_setup_teardown_taskflow to None, run_after=None
[2024-09-28T08:00:07.888+0000] {processor.py:208} INFO - Processing /home/airflow/.local/lib/python3.12/site-packages/airflow/example_dags/example_setup_teardown_taskflow.py took 0.047 seconds
[2024-09-28T08:00:38.357+0000] {processor.py:186} INFO - Started process (PID=7834) to work on /home/airflow/.local/lib/python3.12/site-packages/airflow/example_dags/example_setup_teardown_taskflow.py
[2024-09-28T08:00:38.358+0000] {processor.py:914} INFO - Processing file /home/airflow/.local/lib/python3.12/site-packages/airflow/example_dags/example_setup_teardown_taskflow.py for tasks to queue
[2024-09-28T08:00:38.361+0000] {logging_mixin.py:190} INFO - [2024-09-28T08:00:38.361+0000] {dagbag.py:588} INFO - Filling up the DagBag from /home/airflow/.local/lib/python3.12/site-packages/airflow/example_dags/example_setup_teardown_taskflow.py
[2024-09-28T08:00:38.370+0000] {processor.py:925} INFO - DAG(s) 'example_setup_teardown_taskflow' retrieved from /home/airflow/.local/lib/python3.12/site-packages/airflow/example_dags/example_setup_teardown_taskflow.py
[2024-09-28T08:00:38.387+0000] {logging_mixin.py:190} INFO - [2024-09-28T08:00:38.386+0000] {dag.py:3239} INFO - Sync 1 DAGs
[2024-09-28T08:00:38.396+0000] {logging_mixin.py:190} INFO - [2024-09-28T08:00:38.396+0000] {dag.py:4180} INFO - Setting next_dagrun for example_setup_teardown_taskflow to None, run_after=None
[2024-09-28T08:00:38.406+0000] {processor.py:208} INFO - Processing /home/airflow/.local/lib/python3.12/site-packages/airflow/example_dags/example_setup_teardown_taskflow.py took 0.053 seconds
[2024-09-28T08:01:08.923+0000] {processor.py:186} INFO - Started process (PID=8120) to work on /home/airflow/.local/lib/python3.12/site-packages/airflow/example_dags/example_setup_teardown_taskflow.py
[2024-09-28T08:01:08.924+0000] {processor.py:914} INFO - Processing file /home/airflow/.local/lib/python3.12/site-packages/airflow/example_dags/example_setup_teardown_taskflow.py for tasks to queue
[2024-09-28T08:01:08.926+0000] {logging_mixin.py:190} INFO - [2024-09-28T08:01:08.926+0000] {dagbag.py:588} INFO - Filling up the DagBag from /home/airflow/.local/lib/python3.12/site-packages/airflow/example_dags/example_setup_teardown_taskflow.py
[2024-09-28T08:01:08.932+0000] {processor.py:925} INFO - DAG(s) 'example_setup_teardown_taskflow' retrieved from /home/airflow/.local/lib/python3.12/site-packages/airflow/example_dags/example_setup_teardown_taskflow.py
[2024-09-28T08:01:08.942+0000] {logging_mixin.py:190} INFO - [2024-09-28T08:01:08.942+0000] {dag.py:3239} INFO - Sync 1 DAGs
[2024-09-28T08:01:08.950+0000] {logging_mixin.py:190} INFO - [2024-09-28T08:01:08.949+0000] {dag.py:4180} INFO - Setting next_dagrun for example_setup_teardown_taskflow to None, run_after=None
[2024-09-28T08:01:08.962+0000] {processor.py:208} INFO - Processing /home/airflow/.local/lib/python3.12/site-packages/airflow/example_dags/example_setup_teardown_taskflow.py took 0.042 seconds
[2024-09-28T08:01:39.550+0000] {processor.py:186} INFO - Started process (PID=8406) to work on /home/airflow/.local/lib/python3.12/site-packages/airflow/example_dags/example_setup_teardown_taskflow.py
[2024-09-28T08:01:39.551+0000] {processor.py:914} INFO - Processing file /home/airflow/.local/lib/python3.12/site-packages/airflow/example_dags/example_setup_teardown_taskflow.py for tasks to queue
[2024-09-28T08:01:39.552+0000] {logging_mixin.py:190} INFO - [2024-09-28T08:01:39.552+0000] {dagbag.py:588} INFO - Filling up the DagBag from /home/airflow/.local/lib/python3.12/site-packages/airflow/example_dags/example_setup_teardown_taskflow.py
[2024-09-28T08:01:39.558+0000] {processor.py:925} INFO - DAG(s) 'example_setup_teardown_taskflow' retrieved from /home/airflow/.local/lib/python3.12/site-packages/airflow/example_dags/example_setup_teardown_taskflow.py
[2024-09-28T08:01:39.571+0000] {logging_mixin.py:190} INFO - [2024-09-28T08:01:39.571+0000] {dag.py:3239} INFO - Sync 1 DAGs
[2024-09-28T08:01:39.581+0000] {logging_mixin.py:190} INFO - [2024-09-28T08:01:39.581+0000] {dag.py:4180} INFO - Setting next_dagrun for example_setup_teardown_taskflow to None, run_after=None
[2024-09-28T08:01:39.595+0000] {processor.py:208} INFO - Processing /home/airflow/.local/lib/python3.12/site-packages/airflow/example_dags/example_setup_teardown_taskflow.py took 0.048 seconds
[2024-09-28T08:02:10.305+0000] {processor.py:186} INFO - Started process (PID=8692) to work on /home/airflow/.local/lib/python3.12/site-packages/airflow/example_dags/example_setup_teardown_taskflow.py
[2024-09-28T08:02:10.308+0000] {processor.py:914} INFO - Processing file /home/airflow/.local/lib/python3.12/site-packages/airflow/example_dags/example_setup_teardown_taskflow.py for tasks to queue
[2024-09-28T08:02:10.310+0000] {logging_mixin.py:190} INFO - [2024-09-28T08:02:10.310+0000] {dagbag.py:588} INFO - Filling up the DagBag from /home/airflow/.local/lib/python3.12/site-packages/airflow/example_dags/example_setup_teardown_taskflow.py
[2024-09-28T08:02:10.315+0000] {processor.py:925} INFO - DAG(s) 'example_setup_teardown_taskflow' retrieved from /home/airflow/.local/lib/python3.12/site-packages/airflow/example_dags/example_setup_teardown_taskflow.py
[2024-09-28T08:02:10.325+0000] {logging_mixin.py:190} INFO - [2024-09-28T08:02:10.325+0000] {dag.py:3239} INFO - Sync 1 DAGs
[2024-09-28T08:02:10.332+0000] {logging_mixin.py:190} INFO - [2024-09-28T08:02:10.332+0000] {dag.py:4180} INFO - Setting next_dagrun for example_setup_teardown_taskflow to None, run_after=None
[2024-09-28T08:02:10.342+0000] {processor.py:208} INFO - Processing /home/airflow/.local/lib/python3.12/site-packages/airflow/example_dags/example_setup_teardown_taskflow.py took 0.039 seconds
[2024-09-28T08:02:40.895+0000] {processor.py:186} INFO - Started process (PID=8978) to work on /home/airflow/.local/lib/python3.12/site-packages/airflow/example_dags/example_setup_teardown_taskflow.py
[2024-09-28T08:02:40.896+0000] {processor.py:914} INFO - Processing file /home/airflow/.local/lib/python3.12/site-packages/airflow/example_dags/example_setup_teardown_taskflow.py for tasks to queue
[2024-09-28T08:02:40.900+0000] {logging_mixin.py:190} INFO - [2024-09-28T08:02:40.900+0000] {dagbag.py:588} INFO - Filling up the DagBag from /home/airflow/.local/lib/python3.12/site-packages/airflow/example_dags/example_setup_teardown_taskflow.py
[2024-09-28T08:02:40.905+0000] {processor.py:925} INFO - DAG(s) 'example_setup_teardown_taskflow' retrieved from /home/airflow/.local/lib/python3.12/site-packages/airflow/example_dags/example_setup_teardown_taskflow.py
[2024-09-28T08:02:40.917+0000] {logging_mixin.py:190} INFO - [2024-09-28T08:02:40.916+0000] {dag.py:3239} INFO - Sync 1 DAGs
[2024-09-28T08:02:40.923+0000] {logging_mixin.py:190} INFO - [2024-09-28T08:02:40.923+0000] {dag.py:4180} INFO - Setting next_dagrun for example_setup_teardown_taskflow to None, run_after=None
[2024-09-28T08:02:40.932+0000] {processor.py:208} INFO - Processing /home/airflow/.local/lib/python3.12/site-packages/airflow/example_dags/example_setup_teardown_taskflow.py took 0.040 seconds
[2024-09-28T08:03:11.516+0000] {processor.py:186} INFO - Started process (PID=9264) to work on /home/airflow/.local/lib/python3.12/site-packages/airflow/example_dags/example_setup_teardown_taskflow.py
[2024-09-28T08:03:11.517+0000] {processor.py:914} INFO - Processing file /home/airflow/.local/lib/python3.12/site-packages/airflow/example_dags/example_setup_teardown_taskflow.py for tasks to queue
[2024-09-28T08:03:11.520+0000] {logging_mixin.py:190} INFO - [2024-09-28T08:03:11.520+0000] {dagbag.py:588} INFO - Filling up the DagBag from /home/airflow/.local/lib/python3.12/site-packages/airflow/example_dags/example_setup_teardown_taskflow.py
[2024-09-28T08:03:11.526+0000] {processor.py:925} INFO - DAG(s) 'example_setup_teardown_taskflow' retrieved from /home/airflow/.local/lib/python3.12/site-packages/airflow/example_dags/example_setup_teardown_taskflow.py
[2024-09-28T08:03:11.537+0000] {logging_mixin.py:190} INFO - [2024-09-28T08:03:11.536+0000] {dag.py:3239} INFO - Sync 1 DAGs
[2024-09-28T08:03:11.543+0000] {logging_mixin.py:190} INFO - [2024-09-28T08:03:11.543+0000] {dag.py:4180} INFO - Setting next_dagrun for example_setup_teardown_taskflow to None, run_after=None
[2024-09-28T08:03:11.552+0000] {processor.py:208} INFO - Processing /home/airflow/.local/lib/python3.12/site-packages/airflow/example_dags/example_setup_teardown_taskflow.py took 0.039 seconds
[2024-09-28T08:03:41.951+0000] {processor.py:186} INFO - Started process (PID=9550) to work on /home/airflow/.local/lib/python3.12/site-packages/airflow/example_dags/example_setup_teardown_taskflow.py
[2024-09-28T08:03:41.953+0000] {processor.py:914} INFO - Processing file /home/airflow/.local/lib/python3.12/site-packages/airflow/example_dags/example_setup_teardown_taskflow.py for tasks to queue
[2024-09-28T08:03:41.956+0000] {logging_mixin.py:190} INFO - [2024-09-28T08:03:41.955+0000] {dagbag.py:588} INFO - Filling up the DagBag from /home/airflow/.local/lib/python3.12/site-packages/airflow/example_dags/example_setup_teardown_taskflow.py
[2024-09-28T08:03:41.961+0000] {processor.py:925} INFO - DAG(s) 'example_setup_teardown_taskflow' retrieved from /home/airflow/.local/lib/python3.12/site-packages/airflow/example_dags/example_setup_teardown_taskflow.py
[2024-09-28T08:03:41.973+0000] {logging_mixin.py:190} INFO - [2024-09-28T08:03:41.973+0000] {dag.py:3239} INFO - Sync 1 DAGs
[2024-09-28T08:03:41.980+0000] {logging_mixin.py:190} INFO - [2024-09-28T08:03:41.980+0000] {dag.py:4180} INFO - Setting next_dagrun for example_setup_teardown_taskflow to None, run_after=None
[2024-09-28T08:03:41.991+0000] {processor.py:208} INFO - Processing /home/airflow/.local/lib/python3.12/site-packages/airflow/example_dags/example_setup_teardown_taskflow.py took 0.043 seconds
[2024-09-28T08:04:12.527+0000] {processor.py:186} INFO - Started process (PID=9836) to work on /home/airflow/.local/lib/python3.12/site-packages/airflow/example_dags/example_setup_teardown_taskflow.py
[2024-09-28T08:04:12.528+0000] {processor.py:914} INFO - Processing file /home/airflow/.local/lib/python3.12/site-packages/airflow/example_dags/example_setup_teardown_taskflow.py for tasks to queue
[2024-09-28T08:04:12.529+0000] {logging_mixin.py:190} INFO - [2024-09-28T08:04:12.529+0000] {dagbag.py:588} INFO - Filling up the DagBag from /home/airflow/.local/lib/python3.12/site-packages/airflow/example_dags/example_setup_teardown_taskflow.py
[2024-09-28T08:04:12.536+0000] {processor.py:925} INFO - DAG(s) 'example_setup_teardown_taskflow' retrieved from /home/airflow/.local/lib/python3.12/site-packages/airflow/example_dags/example_setup_teardown_taskflow.py
[2024-09-28T08:04:12.551+0000] {logging_mixin.py:190} INFO - [2024-09-28T08:04:12.551+0000] {dag.py:3239} INFO - Sync 1 DAGs
[2024-09-28T08:04:12.559+0000] {logging_mixin.py:190} INFO - [2024-09-28T08:04:12.559+0000] {dag.py:4180} INFO - Setting next_dagrun for example_setup_teardown_taskflow to None, run_after=None
[2024-09-28T08:04:12.569+0000] {processor.py:208} INFO - Processing /home/airflow/.local/lib/python3.12/site-packages/airflow/example_dags/example_setup_teardown_taskflow.py took 0.045 seconds
[2024-09-28T08:04:43.185+0000] {processor.py:186} INFO - Started process (PID=10122) to work on /home/airflow/.local/lib/python3.12/site-packages/airflow/example_dags/example_setup_teardown_taskflow.py
[2024-09-28T08:04:43.186+0000] {processor.py:914} INFO - Processing file /home/airflow/.local/lib/python3.12/site-packages/airflow/example_dags/example_setup_teardown_taskflow.py for tasks to queue
[2024-09-28T08:04:43.190+0000] {logging_mixin.py:190} INFO - [2024-09-28T08:04:43.189+0000] {dagbag.py:588} INFO - Filling up the DagBag from /home/airflow/.local/lib/python3.12/site-packages/airflow/example_dags/example_setup_teardown_taskflow.py
[2024-09-28T08:04:43.200+0000] {processor.py:925} INFO - DAG(s) 'example_setup_teardown_taskflow' retrieved from /home/airflow/.local/lib/python3.12/site-packages/airflow/example_dags/example_setup_teardown_taskflow.py
[2024-09-28T08:04:43.217+0000] {logging_mixin.py:190} INFO - [2024-09-28T08:04:43.217+0000] {dag.py:3239} INFO - Sync 1 DAGs
[2024-09-28T08:04:43.227+0000] {logging_mixin.py:190} INFO - [2024-09-28T08:04:43.227+0000] {dag.py:4180} INFO - Setting next_dagrun for example_setup_teardown_taskflow to None, run_after=None
[2024-09-28T08:04:43.236+0000] {processor.py:208} INFO - Processing /home/airflow/.local/lib/python3.12/site-packages/airflow/example_dags/example_setup_teardown_taskflow.py took 0.055 seconds
[2024-09-28T08:05:13.619+0000] {processor.py:186} INFO - Started process (PID=10408) to work on /home/airflow/.local/lib/python3.12/site-packages/airflow/example_dags/example_setup_teardown_taskflow.py
[2024-09-28T08:05:13.620+0000] {processor.py:914} INFO - Processing file /home/airflow/.local/lib/python3.12/site-packages/airflow/example_dags/example_setup_teardown_taskflow.py for tasks to queue
[2024-09-28T08:05:13.621+0000] {logging_mixin.py:190} INFO - [2024-09-28T08:05:13.621+0000] {dagbag.py:588} INFO - Filling up the DagBag from /home/airflow/.local/lib/python3.12/site-packages/airflow/example_dags/example_setup_teardown_taskflow.py
[2024-09-28T08:05:13.626+0000] {processor.py:925} INFO - DAG(s) 'example_setup_teardown_taskflow' retrieved from /home/airflow/.local/lib/python3.12/site-packages/airflow/example_dags/example_setup_teardown_taskflow.py
[2024-09-28T08:05:13.638+0000] {logging_mixin.py:190} INFO - [2024-09-28T08:05:13.638+0000] {dag.py:3239} INFO - Sync 1 DAGs
[2024-09-28T08:05:13.646+0000] {logging_mixin.py:190} INFO - [2024-09-28T08:05:13.645+0000] {dag.py:4180} INFO - Setting next_dagrun for example_setup_teardown_taskflow to None, run_after=None
[2024-09-28T08:05:13.654+0000] {processor.py:208} INFO - Processing /home/airflow/.local/lib/python3.12/site-packages/airflow/example_dags/example_setup_teardown_taskflow.py took 0.038 seconds
[2024-09-28T08:05:44.096+0000] {processor.py:186} INFO - Started process (PID=10694) to work on /home/airflow/.local/lib/python3.12/site-packages/airflow/example_dags/example_setup_teardown_taskflow.py
[2024-09-28T08:05:44.099+0000] {processor.py:914} INFO - Processing file /home/airflow/.local/lib/python3.12/site-packages/airflow/example_dags/example_setup_teardown_taskflow.py for tasks to queue
[2024-09-28T08:05:44.101+0000] {logging_mixin.py:190} INFO - [2024-09-28T08:05:44.101+0000] {dagbag.py:588} INFO - Filling up the DagBag from /home/airflow/.local/lib/python3.12/site-packages/airflow/example_dags/example_setup_teardown_taskflow.py
[2024-09-28T08:05:44.108+0000] {processor.py:925} INFO - DAG(s) 'example_setup_teardown_taskflow' retrieved from /home/airflow/.local/lib/python3.12/site-packages/airflow/example_dags/example_setup_teardown_taskflow.py
[2024-09-28T08:05:44.119+0000] {logging_mixin.py:190} INFO - [2024-09-28T08:05:44.119+0000] {dag.py:3239} INFO - Sync 1 DAGs
[2024-09-28T08:05:44.127+0000] {logging_mixin.py:190} INFO - [2024-09-28T08:05:44.127+0000] {dag.py:4180} INFO - Setting next_dagrun for example_setup_teardown_taskflow to None, run_after=None
[2024-09-28T08:05:44.136+0000] {processor.py:208} INFO - Processing /home/airflow/.local/lib/python3.12/site-packages/airflow/example_dags/example_setup_teardown_taskflow.py took 0.043 seconds
[2024-09-28T08:06:14.974+0000] {processor.py:186} INFO - Started process (PID=10980) to work on /home/airflow/.local/lib/python3.12/site-packages/airflow/example_dags/example_setup_teardown_taskflow.py
[2024-09-28T08:06:14.974+0000] {processor.py:914} INFO - Processing file /home/airflow/.local/lib/python3.12/site-packages/airflow/example_dags/example_setup_teardown_taskflow.py for tasks to queue
[2024-09-28T08:06:14.975+0000] {logging_mixin.py:190} INFO - [2024-09-28T08:06:14.975+0000] {dagbag.py:588} INFO - Filling up the DagBag from /home/airflow/.local/lib/python3.12/site-packages/airflow/example_dags/example_setup_teardown_taskflow.py
[2024-09-28T08:06:14.981+0000] {processor.py:925} INFO - DAG(s) 'example_setup_teardown_taskflow' retrieved from /home/airflow/.local/lib/python3.12/site-packages/airflow/example_dags/example_setup_teardown_taskflow.py
[2024-09-28T08:06:14.992+0000] {logging_mixin.py:190} INFO - [2024-09-28T08:06:14.991+0000] {dag.py:3239} INFO - Sync 1 DAGs
[2024-09-28T08:06:14.998+0000] {logging_mixin.py:190} INFO - [2024-09-28T08:06:14.998+0000] {dag.py:4180} INFO - Setting next_dagrun for example_setup_teardown_taskflow to None, run_after=None
[2024-09-28T08:06:15.008+0000] {processor.py:208} INFO - Processing /home/airflow/.local/lib/python3.12/site-packages/airflow/example_dags/example_setup_teardown_taskflow.py took 0.038 seconds
[2024-09-28T08:06:45.981+0000] {processor.py:186} INFO - Started process (PID=11266) to work on /home/airflow/.local/lib/python3.12/site-packages/airflow/example_dags/example_setup_teardown_taskflow.py
[2024-09-28T08:06:45.984+0000] {processor.py:914} INFO - Processing file /home/airflow/.local/lib/python3.12/site-packages/airflow/example_dags/example_setup_teardown_taskflow.py for tasks to queue
[2024-09-28T08:06:45.985+0000] {logging_mixin.py:190} INFO - [2024-09-28T08:06:45.985+0000] {dagbag.py:588} INFO - Filling up the DagBag from /home/airflow/.local/lib/python3.12/site-packages/airflow/example_dags/example_setup_teardown_taskflow.py
[2024-09-28T08:06:45.992+0000] {processor.py:925} INFO - DAG(s) 'example_setup_teardown_taskflow' retrieved from /home/airflow/.local/lib/python3.12/site-packages/airflow/example_dags/example_setup_teardown_taskflow.py
[2024-09-28T08:06:46.003+0000] {logging_mixin.py:190} INFO - [2024-09-28T08:06:46.003+0000] {dag.py:3239} INFO - Sync 1 DAGs
[2024-09-28T08:06:46.013+0000] {logging_mixin.py:190} INFO - [2024-09-28T08:06:46.013+0000] {dag.py:4180} INFO - Setting next_dagrun for example_setup_teardown_taskflow to None, run_after=None
[2024-09-28T08:06:46.022+0000] {processor.py:208} INFO - Processing /home/airflow/.local/lib/python3.12/site-packages/airflow/example_dags/example_setup_teardown_taskflow.py took 0.044 seconds
[2024-09-28T08:07:16.748+0000] {processor.py:186} INFO - Started process (PID=11554) to work on /home/airflow/.local/lib/python3.12/site-packages/airflow/example_dags/example_setup_teardown_taskflow.py
[2024-09-28T08:07:16.749+0000] {processor.py:914} INFO - Processing file /home/airflow/.local/lib/python3.12/site-packages/airflow/example_dags/example_setup_teardown_taskflow.py for tasks to queue
[2024-09-28T08:07:16.751+0000] {logging_mixin.py:190} INFO - [2024-09-28T08:07:16.751+0000] {dagbag.py:588} INFO - Filling up the DagBag from /home/airflow/.local/lib/python3.12/site-packages/airflow/example_dags/example_setup_teardown_taskflow.py
[2024-09-28T08:07:16.757+0000] {processor.py:925} INFO - DAG(s) 'example_setup_teardown_taskflow' retrieved from /home/airflow/.local/lib/python3.12/site-packages/airflow/example_dags/example_setup_teardown_taskflow.py
[2024-09-28T08:07:16.769+0000] {logging_mixin.py:190} INFO - [2024-09-28T08:07:16.769+0000] {dag.py:3239} INFO - Sync 1 DAGs
[2024-09-28T08:07:16.776+0000] {logging_mixin.py:190} INFO - [2024-09-28T08:07:16.776+0000] {dag.py:4180} INFO - Setting next_dagrun for example_setup_teardown_taskflow to None, run_after=None
[2024-09-28T08:07:16.784+0000] {processor.py:208} INFO - Processing /home/airflow/.local/lib/python3.12/site-packages/airflow/example_dags/example_setup_teardown_taskflow.py took 0.041 seconds
[2024-09-28T08:07:47.328+0000] {processor.py:186} INFO - Started process (PID=11838) to work on /home/airflow/.local/lib/python3.12/site-packages/airflow/example_dags/example_setup_teardown_taskflow.py
[2024-09-28T08:07:47.329+0000] {processor.py:914} INFO - Processing file /home/airflow/.local/lib/python3.12/site-packages/airflow/example_dags/example_setup_teardown_taskflow.py for tasks to queue
[2024-09-28T08:07:47.331+0000] {logging_mixin.py:190} INFO - [2024-09-28T08:07:47.331+0000] {dagbag.py:588} INFO - Filling up the DagBag from /home/airflow/.local/lib/python3.12/site-packages/airflow/example_dags/example_setup_teardown_taskflow.py
[2024-09-28T08:07:47.338+0000] {processor.py:925} INFO - DAG(s) 'example_setup_teardown_taskflow' retrieved from /home/airflow/.local/lib/python3.12/site-packages/airflow/example_dags/example_setup_teardown_taskflow.py
[2024-09-28T08:07:47.350+0000] {logging_mixin.py:190} INFO - [2024-09-28T08:07:47.350+0000] {dag.py:3239} INFO - Sync 1 DAGs
[2024-09-28T08:07:47.357+0000] {logging_mixin.py:190} INFO - [2024-09-28T08:07:47.357+0000] {dag.py:4180} INFO - Setting next_dagrun for example_setup_teardown_taskflow to None, run_after=None
[2024-09-28T08:07:47.368+0000] {processor.py:208} INFO - Processing /home/airflow/.local/lib/python3.12/site-packages/airflow/example_dags/example_setup_teardown_taskflow.py took 0.042 seconds
