[2024-09-28T07:47:26.080+0000] {processor.py:186} INFO - Started process (PID=209) to work on /home/airflow/.local/lib/python3.12/site-packages/airflow/example_dags/example_local_kubernetes_executor.py
[2024-09-28T07:47:26.080+0000] {processor.py:914} INFO - Processing file /home/airflow/.local/lib/python3.12/site-packages/airflow/example_dags/example_local_kubernetes_executor.py for tasks to queue
[2024-09-28T07:47:26.082+0000] {logging_mixin.py:190} INFO - [2024-09-28T07:47:26.082+0000] {dagbag.py:588} INFO - Filling up the DagBag from /home/airflow/.local/lib/python3.12/site-packages/airflow/example_dags/example_local_kubernetes_executor.py
[2024-09-28T07:47:26.087+0000] {processor.py:925} INFO - DAG(s) 'example_local_kubernetes_executor' retrieved from /home/airflow/.local/lib/python3.12/site-packages/airflow/example_dags/example_local_kubernetes_executor.py
[2024-09-28T07:47:26.148+0000] {logging_mixin.py:190} INFO - [2024-09-28T07:47:26.148+0000] {override.py:1900} INFO - Created Permission View: can delete on DAG:example_local_kubernetes_executor
[2024-09-28T07:47:26.154+0000] {logging_mixin.py:190} INFO - [2024-09-28T07:47:26.153+0000] {override.py:1900} INFO - Created Permission View: can edit on DAG:example_local_kubernetes_executor
[2024-09-28T07:47:26.157+0000] {logging_mixin.py:190} INFO - [2024-09-28T07:47:26.157+0000] {override.py:1900} INFO - Created Permission View: can read on DAG:example_local_kubernetes_executor
[2024-09-28T07:47:26.163+0000] {logging_mixin.py:190} INFO - [2024-09-28T07:47:26.163+0000] {override.py:1900} INFO - Created Permission View: menu access on DAG Run:example_local_kubernetes_executor
[2024-09-28T07:47:26.165+0000] {logging_mixin.py:190} INFO - [2024-09-28T07:47:26.165+0000] {override.py:1900} INFO - Created Permission View: can delete on DAG Run:example_local_kubernetes_executor
[2024-09-28T07:47:26.167+0000] {logging_mixin.py:190} INFO - [2024-09-28T07:47:26.167+0000] {override.py:1900} INFO - Created Permission View: can create on DAG Run:example_local_kubernetes_executor
[2024-09-28T07:47:26.170+0000] {logging_mixin.py:190} INFO - [2024-09-28T07:47:26.169+0000] {override.py:1900} INFO - Created Permission View: can read on DAG Run:example_local_kubernetes_executor
[2024-09-28T07:47:26.170+0000] {logging_mixin.py:190} INFO - [2024-09-28T07:47:26.170+0000] {dag.py:3239} INFO - Sync 1 DAGs
[2024-09-28T07:47:26.176+0000] {logging_mixin.py:190} INFO - [2024-09-28T07:47:26.176+0000] {dag.py:3262} INFO - Creating ORM DAG for example_local_kubernetes_executor
[2024-09-28T07:47:26.177+0000] {logging_mixin.py:190} INFO - [2024-09-28T07:47:26.177+0000] {dag.py:4180} INFO - Setting next_dagrun for example_local_kubernetes_executor to None, run_after=None
[2024-09-28T07:47:26.183+0000] {processor.py:208} INFO - Processing /home/airflow/.local/lib/python3.12/site-packages/airflow/example_dags/example_local_kubernetes_executor.py took 0.107 seconds
[2024-09-28T07:47:56.987+0000] {processor.py:186} INFO - Started process (PID=494) to work on /home/airflow/.local/lib/python3.12/site-packages/airflow/example_dags/example_local_kubernetes_executor.py
[2024-09-28T07:47:56.988+0000] {processor.py:914} INFO - Processing file /home/airflow/.local/lib/python3.12/site-packages/airflow/example_dags/example_local_kubernetes_executor.py for tasks to queue
[2024-09-28T07:47:56.990+0000] {logging_mixin.py:190} INFO - [2024-09-28T07:47:56.990+0000] {dagbag.py:588} INFO - Filling up the DagBag from /home/airflow/.local/lib/python3.12/site-packages/airflow/example_dags/example_local_kubernetes_executor.py
[2024-09-28T07:47:56.996+0000] {processor.py:925} INFO - DAG(s) 'example_local_kubernetes_executor' retrieved from /home/airflow/.local/lib/python3.12/site-packages/airflow/example_dags/example_local_kubernetes_executor.py
[2024-09-28T07:47:57.017+0000] {logging_mixin.py:190} INFO - [2024-09-28T07:47:57.016+0000] {dag.py:3239} INFO - Sync 1 DAGs
[2024-09-28T07:47:57.026+0000] {logging_mixin.py:190} INFO - [2024-09-28T07:47:57.025+0000] {dag.py:4180} INFO - Setting next_dagrun for example_local_kubernetes_executor to None, run_after=None
[2024-09-28T07:47:57.038+0000] {processor.py:208} INFO - Processing /home/airflow/.local/lib/python3.12/site-packages/airflow/example_dags/example_local_kubernetes_executor.py took 0.055 seconds
[2024-09-28T07:48:27.444+0000] {processor.py:186} INFO - Started process (PID=782) to work on /home/airflow/.local/lib/python3.12/site-packages/airflow/example_dags/example_local_kubernetes_executor.py
[2024-09-28T07:48:27.445+0000] {processor.py:914} INFO - Processing file /home/airflow/.local/lib/python3.12/site-packages/airflow/example_dags/example_local_kubernetes_executor.py for tasks to queue
[2024-09-28T07:48:27.446+0000] {logging_mixin.py:190} INFO - [2024-09-28T07:48:27.446+0000] {dagbag.py:588} INFO - Filling up the DagBag from /home/airflow/.local/lib/python3.12/site-packages/airflow/example_dags/example_local_kubernetes_executor.py
[2024-09-28T07:48:27.451+0000] {processor.py:925} INFO - DAG(s) 'example_local_kubernetes_executor' retrieved from /home/airflow/.local/lib/python3.12/site-packages/airflow/example_dags/example_local_kubernetes_executor.py
[2024-09-28T07:48:27.466+0000] {logging_mixin.py:190} INFO - [2024-09-28T07:48:27.466+0000] {dag.py:3239} INFO - Sync 1 DAGs
[2024-09-28T07:48:27.472+0000] {logging_mixin.py:190} INFO - [2024-09-28T07:48:27.472+0000] {dag.py:4180} INFO - Setting next_dagrun for example_local_kubernetes_executor to None, run_after=None
[2024-09-28T07:48:27.479+0000] {processor.py:208} INFO - Processing /home/airflow/.local/lib/python3.12/site-packages/airflow/example_dags/example_local_kubernetes_executor.py took 0.038 seconds
[2024-09-28T07:48:57.672+0000] {processor.py:186} INFO - Started process (PID=1065) to work on /home/airflow/.local/lib/python3.12/site-packages/airflow/example_dags/example_local_kubernetes_executor.py
[2024-09-28T07:48:57.675+0000] {processor.py:914} INFO - Processing file /home/airflow/.local/lib/python3.12/site-packages/airflow/example_dags/example_local_kubernetes_executor.py for tasks to queue
[2024-09-28T07:48:57.676+0000] {logging_mixin.py:190} INFO - [2024-09-28T07:48:57.676+0000] {dagbag.py:588} INFO - Filling up the DagBag from /home/airflow/.local/lib/python3.12/site-packages/airflow/example_dags/example_local_kubernetes_executor.py
[2024-09-28T07:48:57.681+0000] {processor.py:925} INFO - DAG(s) 'example_local_kubernetes_executor' retrieved from /home/airflow/.local/lib/python3.12/site-packages/airflow/example_dags/example_local_kubernetes_executor.py
[2024-09-28T07:48:57.698+0000] {logging_mixin.py:190} INFO - [2024-09-28T07:48:57.698+0000] {dag.py:3239} INFO - Sync 1 DAGs
[2024-09-28T07:48:57.707+0000] {logging_mixin.py:190} INFO - [2024-09-28T07:48:57.707+0000] {dag.py:4180} INFO - Setting next_dagrun for example_local_kubernetes_executor to None, run_after=None
[2024-09-28T07:48:57.715+0000] {processor.py:208} INFO - Processing /home/airflow/.local/lib/python3.12/site-packages/airflow/example_dags/example_local_kubernetes_executor.py took 0.046 seconds
[2024-09-28T07:49:28.842+0000] {processor.py:186} INFO - Started process (PID=1379) to work on /home/airflow/.local/lib/python3.12/site-packages/airflow/example_dags/example_local_kubernetes_executor.py
[2024-09-28T07:49:28.842+0000] {processor.py:914} INFO - Processing file /home/airflow/.local/lib/python3.12/site-packages/airflow/example_dags/example_local_kubernetes_executor.py for tasks to queue
[2024-09-28T07:49:28.843+0000] {logging_mixin.py:190} INFO - [2024-09-28T07:49:28.843+0000] {dagbag.py:588} INFO - Filling up the DagBag from /home/airflow/.local/lib/python3.12/site-packages/airflow/example_dags/example_local_kubernetes_executor.py
[2024-09-28T07:49:28.850+0000] {processor.py:925} INFO - DAG(s) 'example_local_kubernetes_executor' retrieved from /home/airflow/.local/lib/python3.12/site-packages/airflow/example_dags/example_local_kubernetes_executor.py
[2024-09-28T07:49:28.869+0000] {logging_mixin.py:190} INFO - [2024-09-28T07:49:28.869+0000] {dag.py:3239} INFO - Sync 1 DAGs
[2024-09-28T07:49:28.880+0000] {logging_mixin.py:190} INFO - [2024-09-28T07:49:28.880+0000] {dag.py:4180} INFO - Setting next_dagrun for example_local_kubernetes_executor to None, run_after=None
[2024-09-28T07:49:28.890+0000] {processor.py:208} INFO - Processing /home/airflow/.local/lib/python3.12/site-packages/airflow/example_dags/example_local_kubernetes_executor.py took 0.052 seconds
[2024-09-28T07:49:58.980+0000] {processor.py:186} INFO - Started process (PID=1662) to work on /home/airflow/.local/lib/python3.12/site-packages/airflow/example_dags/example_local_kubernetes_executor.py
[2024-09-28T07:49:58.981+0000] {processor.py:914} INFO - Processing file /home/airflow/.local/lib/python3.12/site-packages/airflow/example_dags/example_local_kubernetes_executor.py for tasks to queue
[2024-09-28T07:49:58.982+0000] {logging_mixin.py:190} INFO - [2024-09-28T07:49:58.982+0000] {dagbag.py:588} INFO - Filling up the DagBag from /home/airflow/.local/lib/python3.12/site-packages/airflow/example_dags/example_local_kubernetes_executor.py
[2024-09-28T07:49:58.987+0000] {processor.py:925} INFO - DAG(s) 'example_local_kubernetes_executor' retrieved from /home/airflow/.local/lib/python3.12/site-packages/airflow/example_dags/example_local_kubernetes_executor.py
[2024-09-28T07:49:59.004+0000] {logging_mixin.py:190} INFO - [2024-09-28T07:49:59.004+0000] {dag.py:3239} INFO - Sync 1 DAGs
[2024-09-28T07:49:59.010+0000] {logging_mixin.py:190} INFO - [2024-09-28T07:49:59.010+0000] {dag.py:4180} INFO - Setting next_dagrun for example_local_kubernetes_executor to None, run_after=None
[2024-09-28T07:49:59.018+0000] {processor.py:208} INFO - Processing /home/airflow/.local/lib/python3.12/site-packages/airflow/example_dags/example_local_kubernetes_executor.py took 0.041 seconds
[2024-09-28T07:50:29.277+0000] {processor.py:186} INFO - Started process (PID=1951) to work on /home/airflow/.local/lib/python3.12/site-packages/airflow/example_dags/example_local_kubernetes_executor.py
[2024-09-28T07:50:29.278+0000] {processor.py:914} INFO - Processing file /home/airflow/.local/lib/python3.12/site-packages/airflow/example_dags/example_local_kubernetes_executor.py for tasks to queue
[2024-09-28T07:50:29.280+0000] {logging_mixin.py:190} INFO - [2024-09-28T07:50:29.279+0000] {dagbag.py:588} INFO - Filling up the DagBag from /home/airflow/.local/lib/python3.12/site-packages/airflow/example_dags/example_local_kubernetes_executor.py
[2024-09-28T07:50:29.285+0000] {processor.py:925} INFO - DAG(s) 'example_local_kubernetes_executor' retrieved from /home/airflow/.local/lib/python3.12/site-packages/airflow/example_dags/example_local_kubernetes_executor.py
[2024-09-28T07:50:29.304+0000] {logging_mixin.py:190} INFO - [2024-09-28T07:50:29.304+0000] {dag.py:3239} INFO - Sync 1 DAGs
[2024-09-28T07:50:29.312+0000] {logging_mixin.py:190} INFO - [2024-09-28T07:50:29.312+0000] {dag.py:4180} INFO - Setting next_dagrun for example_local_kubernetes_executor to None, run_after=None
[2024-09-28T07:50:29.323+0000] {processor.py:208} INFO - Processing /home/airflow/.local/lib/python3.12/site-packages/airflow/example_dags/example_local_kubernetes_executor.py took 0.049 seconds
[2024-09-28T07:50:59.696+0000] {processor.py:186} INFO - Started process (PID=2239) to work on /home/airflow/.local/lib/python3.12/site-packages/airflow/example_dags/example_local_kubernetes_executor.py
[2024-09-28T07:50:59.698+0000] {processor.py:914} INFO - Processing file /home/airflow/.local/lib/python3.12/site-packages/airflow/example_dags/example_local_kubernetes_executor.py for tasks to queue
[2024-09-28T07:50:59.699+0000] {logging_mixin.py:190} INFO - [2024-09-28T07:50:59.699+0000] {dagbag.py:588} INFO - Filling up the DagBag from /home/airflow/.local/lib/python3.12/site-packages/airflow/example_dags/example_local_kubernetes_executor.py
[2024-09-28T07:50:59.705+0000] {processor.py:925} INFO - DAG(s) 'example_local_kubernetes_executor' retrieved from /home/airflow/.local/lib/python3.12/site-packages/airflow/example_dags/example_local_kubernetes_executor.py
[2024-09-28T07:50:59.725+0000] {logging_mixin.py:190} INFO - [2024-09-28T07:50:59.724+0000] {dag.py:3239} INFO - Sync 1 DAGs
[2024-09-28T07:50:59.732+0000] {logging_mixin.py:190} INFO - [2024-09-28T07:50:59.732+0000] {dag.py:4180} INFO - Setting next_dagrun for example_local_kubernetes_executor to None, run_after=None
[2024-09-28T07:50:59.742+0000] {processor.py:208} INFO - Processing /home/airflow/.local/lib/python3.12/site-packages/airflow/example_dags/example_local_kubernetes_executor.py took 0.050 seconds
[2024-09-28T07:51:29.943+0000] {processor.py:186} INFO - Started process (PID=2527) to work on /home/airflow/.local/lib/python3.12/site-packages/airflow/example_dags/example_local_kubernetes_executor.py
[2024-09-28T07:51:29.944+0000] {processor.py:914} INFO - Processing file /home/airflow/.local/lib/python3.12/site-packages/airflow/example_dags/example_local_kubernetes_executor.py for tasks to queue
[2024-09-28T07:51:29.948+0000] {logging_mixin.py:190} INFO - [2024-09-28T07:51:29.947+0000] {dagbag.py:588} INFO - Filling up the DagBag from /home/airflow/.local/lib/python3.12/site-packages/airflow/example_dags/example_local_kubernetes_executor.py
[2024-09-28T07:51:29.953+0000] {processor.py:925} INFO - DAG(s) 'example_local_kubernetes_executor' retrieved from /home/airflow/.local/lib/python3.12/site-packages/airflow/example_dags/example_local_kubernetes_executor.py
[2024-09-28T07:51:29.969+0000] {logging_mixin.py:190} INFO - [2024-09-28T07:51:29.968+0000] {dag.py:3239} INFO - Sync 1 DAGs
[2024-09-28T07:51:29.977+0000] {logging_mixin.py:190} INFO - [2024-09-28T07:51:29.977+0000] {dag.py:4180} INFO - Setting next_dagrun for example_local_kubernetes_executor to None, run_after=None
[2024-09-28T07:51:29.985+0000] {processor.py:208} INFO - Processing /home/airflow/.local/lib/python3.12/site-packages/airflow/example_dags/example_local_kubernetes_executor.py took 0.046 seconds
[2024-09-28T07:52:00.071+0000] {processor.py:186} INFO - Started process (PID=2808) to work on /home/airflow/.local/lib/python3.12/site-packages/airflow/example_dags/example_local_kubernetes_executor.py
[2024-09-28T07:52:00.072+0000] {processor.py:914} INFO - Processing file /home/airflow/.local/lib/python3.12/site-packages/airflow/example_dags/example_local_kubernetes_executor.py for tasks to queue
[2024-09-28T07:52:00.075+0000] {logging_mixin.py:190} INFO - [2024-09-28T07:52:00.075+0000] {dagbag.py:588} INFO - Filling up the DagBag from /home/airflow/.local/lib/python3.12/site-packages/airflow/example_dags/example_local_kubernetes_executor.py
[2024-09-28T07:52:00.081+0000] {processor.py:925} INFO - DAG(s) 'example_local_kubernetes_executor' retrieved from /home/airflow/.local/lib/python3.12/site-packages/airflow/example_dags/example_local_kubernetes_executor.py
[2024-09-28T07:52:00.098+0000] {logging_mixin.py:190} INFO - [2024-09-28T07:52:00.098+0000] {dag.py:3239} INFO - Sync 1 DAGs
[2024-09-28T07:52:00.104+0000] {logging_mixin.py:190} INFO - [2024-09-28T07:52:00.104+0000] {dag.py:4180} INFO - Setting next_dagrun for example_local_kubernetes_executor to None, run_after=None
[2024-09-28T07:52:00.112+0000] {processor.py:208} INFO - Processing /home/airflow/.local/lib/python3.12/site-packages/airflow/example_dags/example_local_kubernetes_executor.py took 0.044 seconds
[2024-09-28T07:52:31.298+0000] {processor.py:186} INFO - Started process (PID=3101) to work on /home/airflow/.local/lib/python3.12/site-packages/airflow/example_dags/example_local_kubernetes_executor.py
[2024-09-28T07:52:31.299+0000] {processor.py:914} INFO - Processing file /home/airflow/.local/lib/python3.12/site-packages/airflow/example_dags/example_local_kubernetes_executor.py for tasks to queue
[2024-09-28T07:52:31.301+0000] {logging_mixin.py:190} INFO - [2024-09-28T07:52:31.301+0000] {dagbag.py:588} INFO - Filling up the DagBag from /home/airflow/.local/lib/python3.12/site-packages/airflow/example_dags/example_local_kubernetes_executor.py
[2024-09-28T07:52:31.306+0000] {processor.py:925} INFO - DAG(s) 'example_local_kubernetes_executor' retrieved from /home/airflow/.local/lib/python3.12/site-packages/airflow/example_dags/example_local_kubernetes_executor.py
[2024-09-28T07:52:31.324+0000] {logging_mixin.py:190} INFO - [2024-09-28T07:52:31.323+0000] {dag.py:3239} INFO - Sync 1 DAGs
[2024-09-28T07:52:31.332+0000] {logging_mixin.py:190} INFO - [2024-09-28T07:52:31.332+0000] {dag.py:4180} INFO - Setting next_dagrun for example_local_kubernetes_executor to None, run_after=None
[2024-09-28T07:52:31.346+0000] {processor.py:208} INFO - Processing /home/airflow/.local/lib/python3.12/site-packages/airflow/example_dags/example_local_kubernetes_executor.py took 0.051 seconds
[2024-09-28T07:53:01.543+0000] {processor.py:186} INFO - Started process (PID=3385) to work on /home/airflow/.local/lib/python3.12/site-packages/airflow/example_dags/example_local_kubernetes_executor.py
[2024-09-28T07:53:01.543+0000] {processor.py:914} INFO - Processing file /home/airflow/.local/lib/python3.12/site-packages/airflow/example_dags/example_local_kubernetes_executor.py for tasks to queue
[2024-09-28T07:53:01.545+0000] {logging_mixin.py:190} INFO - [2024-09-28T07:53:01.545+0000] {dagbag.py:588} INFO - Filling up the DagBag from /home/airflow/.local/lib/python3.12/site-packages/airflow/example_dags/example_local_kubernetes_executor.py
[2024-09-28T07:53:01.550+0000] {processor.py:925} INFO - DAG(s) 'example_local_kubernetes_executor' retrieved from /home/airflow/.local/lib/python3.12/site-packages/airflow/example_dags/example_local_kubernetes_executor.py
[2024-09-28T07:53:01.567+0000] {logging_mixin.py:190} INFO - [2024-09-28T07:53:01.567+0000] {dag.py:3239} INFO - Sync 1 DAGs
[2024-09-28T07:53:01.577+0000] {logging_mixin.py:190} INFO - [2024-09-28T07:53:01.576+0000] {dag.py:4180} INFO - Setting next_dagrun for example_local_kubernetes_executor to None, run_after=None
[2024-09-28T07:53:01.587+0000] {processor.py:208} INFO - Processing /home/airflow/.local/lib/python3.12/site-packages/airflow/example_dags/example_local_kubernetes_executor.py took 0.047 seconds
[2024-09-28T07:53:31.915+0000] {processor.py:186} INFO - Started process (PID=3673) to work on /home/airflow/.local/lib/python3.12/site-packages/airflow/example_dags/example_local_kubernetes_executor.py
[2024-09-28T07:53:31.916+0000] {processor.py:914} INFO - Processing file /home/airflow/.local/lib/python3.12/site-packages/airflow/example_dags/example_local_kubernetes_executor.py for tasks to queue
[2024-09-28T07:53:31.917+0000] {logging_mixin.py:190} INFO - [2024-09-28T07:53:31.917+0000] {dagbag.py:588} INFO - Filling up the DagBag from /home/airflow/.local/lib/python3.12/site-packages/airflow/example_dags/example_local_kubernetes_executor.py
[2024-09-28T07:53:31.923+0000] {processor.py:925} INFO - DAG(s) 'example_local_kubernetes_executor' retrieved from /home/airflow/.local/lib/python3.12/site-packages/airflow/example_dags/example_local_kubernetes_executor.py
[2024-09-28T07:53:31.944+0000] {logging_mixin.py:190} INFO - [2024-09-28T07:53:31.943+0000] {dag.py:3239} INFO - Sync 1 DAGs
[2024-09-28T07:53:31.952+0000] {logging_mixin.py:190} INFO - [2024-09-28T07:53:31.951+0000] {dag.py:4180} INFO - Setting next_dagrun for example_local_kubernetes_executor to None, run_after=None
[2024-09-28T07:53:31.961+0000] {processor.py:208} INFO - Processing /home/airflow/.local/lib/python3.12/site-packages/airflow/example_dags/example_local_kubernetes_executor.py took 0.049 seconds
[2024-09-28T07:54:02.135+0000] {processor.py:186} INFO - Started process (PID=3959) to work on /home/airflow/.local/lib/python3.12/site-packages/airflow/example_dags/example_local_kubernetes_executor.py
[2024-09-28T07:54:02.136+0000] {processor.py:914} INFO - Processing file /home/airflow/.local/lib/python3.12/site-packages/airflow/example_dags/example_local_kubernetes_executor.py for tasks to queue
[2024-09-28T07:54:02.137+0000] {logging_mixin.py:190} INFO - [2024-09-28T07:54:02.137+0000] {dagbag.py:588} INFO - Filling up the DagBag from /home/airflow/.local/lib/python3.12/site-packages/airflow/example_dags/example_local_kubernetes_executor.py
[2024-09-28T07:54:02.142+0000] {processor.py:925} INFO - DAG(s) 'example_local_kubernetes_executor' retrieved from /home/airflow/.local/lib/python3.12/site-packages/airflow/example_dags/example_local_kubernetes_executor.py
[2024-09-28T07:54:02.160+0000] {logging_mixin.py:190} INFO - [2024-09-28T07:54:02.160+0000] {dag.py:3239} INFO - Sync 1 DAGs
[2024-09-28T07:54:02.167+0000] {logging_mixin.py:190} INFO - [2024-09-28T07:54:02.166+0000] {dag.py:4180} INFO - Setting next_dagrun for example_local_kubernetes_executor to None, run_after=None
[2024-09-28T07:54:02.175+0000] {processor.py:208} INFO - Processing /home/airflow/.local/lib/python3.12/site-packages/airflow/example_dags/example_local_kubernetes_executor.py took 0.042 seconds
[2024-09-28T07:54:32.335+0000] {processor.py:186} INFO - Started process (PID=4243) to work on /home/airflow/.local/lib/python3.12/site-packages/airflow/example_dags/example_local_kubernetes_executor.py
[2024-09-28T07:54:32.339+0000] {processor.py:914} INFO - Processing file /home/airflow/.local/lib/python3.12/site-packages/airflow/example_dags/example_local_kubernetes_executor.py for tasks to queue
[2024-09-28T07:54:32.341+0000] {logging_mixin.py:190} INFO - [2024-09-28T07:54:32.341+0000] {dagbag.py:588} INFO - Filling up the DagBag from /home/airflow/.local/lib/python3.12/site-packages/airflow/example_dags/example_local_kubernetes_executor.py
[2024-09-28T07:54:32.347+0000] {processor.py:925} INFO - DAG(s) 'example_local_kubernetes_executor' retrieved from /home/airflow/.local/lib/python3.12/site-packages/airflow/example_dags/example_local_kubernetes_executor.py
[2024-09-28T07:54:32.372+0000] {logging_mixin.py:190} INFO - [2024-09-28T07:54:32.372+0000] {dag.py:3239} INFO - Sync 1 DAGs
[2024-09-28T07:54:32.380+0000] {logging_mixin.py:190} INFO - [2024-09-28T07:54:32.380+0000] {dag.py:4180} INFO - Setting next_dagrun for example_local_kubernetes_executor to None, run_after=None
[2024-09-28T07:54:32.390+0000] {processor.py:208} INFO - Processing /home/airflow/.local/lib/python3.12/site-packages/airflow/example_dags/example_local_kubernetes_executor.py took 0.058 seconds
[2024-09-28T07:55:02.950+0000] {processor.py:186} INFO - Started process (PID=4529) to work on /home/airflow/.local/lib/python3.12/site-packages/airflow/example_dags/example_local_kubernetes_executor.py
[2024-09-28T07:55:02.952+0000] {processor.py:914} INFO - Processing file /home/airflow/.local/lib/python3.12/site-packages/airflow/example_dags/example_local_kubernetes_executor.py for tasks to queue
[2024-09-28T07:55:02.953+0000] {logging_mixin.py:190} INFO - [2024-09-28T07:55:02.953+0000] {dagbag.py:588} INFO - Filling up the DagBag from /home/airflow/.local/lib/python3.12/site-packages/airflow/example_dags/example_local_kubernetes_executor.py
[2024-09-28T07:55:02.960+0000] {processor.py:925} INFO - DAG(s) 'example_local_kubernetes_executor' retrieved from /home/airflow/.local/lib/python3.12/site-packages/airflow/example_dags/example_local_kubernetes_executor.py
[2024-09-28T07:55:02.980+0000] {logging_mixin.py:190} INFO - [2024-09-28T07:55:02.980+0000] {dag.py:3239} INFO - Sync 1 DAGs
[2024-09-28T07:55:02.991+0000] {logging_mixin.py:190} INFO - [2024-09-28T07:55:02.990+0000] {dag.py:4180} INFO - Setting next_dagrun for example_local_kubernetes_executor to None, run_after=None
[2024-09-28T07:55:02.999+0000] {processor.py:208} INFO - Processing /home/airflow/.local/lib/python3.12/site-packages/airflow/example_dags/example_local_kubernetes_executor.py took 0.052 seconds
[2024-09-28T07:55:33.240+0000] {processor.py:186} INFO - Started process (PID=4815) to work on /home/airflow/.local/lib/python3.12/site-packages/airflow/example_dags/example_local_kubernetes_executor.py
[2024-09-28T07:55:33.242+0000] {processor.py:914} INFO - Processing file /home/airflow/.local/lib/python3.12/site-packages/airflow/example_dags/example_local_kubernetes_executor.py for tasks to queue
[2024-09-28T07:55:33.243+0000] {logging_mixin.py:190} INFO - [2024-09-28T07:55:33.243+0000] {dagbag.py:588} INFO - Filling up the DagBag from /home/airflow/.local/lib/python3.12/site-packages/airflow/example_dags/example_local_kubernetes_executor.py
[2024-09-28T07:55:33.248+0000] {processor.py:925} INFO - DAG(s) 'example_local_kubernetes_executor' retrieved from /home/airflow/.local/lib/python3.12/site-packages/airflow/example_dags/example_local_kubernetes_executor.py
[2024-09-28T07:55:33.267+0000] {logging_mixin.py:190} INFO - [2024-09-28T07:55:33.267+0000] {dag.py:3239} INFO - Sync 1 DAGs
[2024-09-28T07:55:33.276+0000] {logging_mixin.py:190} INFO - [2024-09-28T07:55:33.276+0000] {dag.py:4180} INFO - Setting next_dagrun for example_local_kubernetes_executor to None, run_after=None
[2024-09-28T07:55:33.287+0000] {processor.py:208} INFO - Processing /home/airflow/.local/lib/python3.12/site-packages/airflow/example_dags/example_local_kubernetes_executor.py took 0.049 seconds
[2024-09-28T07:56:03.689+0000] {processor.py:186} INFO - Started process (PID=5101) to work on /home/airflow/.local/lib/python3.12/site-packages/airflow/example_dags/example_local_kubernetes_executor.py
[2024-09-28T07:56:03.689+0000] {processor.py:914} INFO - Processing file /home/airflow/.local/lib/python3.12/site-packages/airflow/example_dags/example_local_kubernetes_executor.py for tasks to queue
[2024-09-28T07:56:03.691+0000] {logging_mixin.py:190} INFO - [2024-09-28T07:56:03.690+0000] {dagbag.py:588} INFO - Filling up the DagBag from /home/airflow/.local/lib/python3.12/site-packages/airflow/example_dags/example_local_kubernetes_executor.py
[2024-09-28T07:56:03.696+0000] {processor.py:925} INFO - DAG(s) 'example_local_kubernetes_executor' retrieved from /home/airflow/.local/lib/python3.12/site-packages/airflow/example_dags/example_local_kubernetes_executor.py
[2024-09-28T07:56:03.713+0000] {logging_mixin.py:190} INFO - [2024-09-28T07:56:03.713+0000] {dag.py:3239} INFO - Sync 1 DAGs
[2024-09-28T07:56:03.721+0000] {logging_mixin.py:190} INFO - [2024-09-28T07:56:03.721+0000] {dag.py:4180} INFO - Setting next_dagrun for example_local_kubernetes_executor to None, run_after=None
[2024-09-28T07:56:03.733+0000] {processor.py:208} INFO - Processing /home/airflow/.local/lib/python3.12/site-packages/airflow/example_dags/example_local_kubernetes_executor.py took 0.048 seconds
[2024-09-28T07:56:34.082+0000] {processor.py:186} INFO - Started process (PID=5387) to work on /home/airflow/.local/lib/python3.12/site-packages/airflow/example_dags/example_local_kubernetes_executor.py
[2024-09-28T07:56:34.083+0000] {processor.py:914} INFO - Processing file /home/airflow/.local/lib/python3.12/site-packages/airflow/example_dags/example_local_kubernetes_executor.py for tasks to queue
[2024-09-28T07:56:34.084+0000] {logging_mixin.py:190} INFO - [2024-09-28T07:56:34.084+0000] {dagbag.py:588} INFO - Filling up the DagBag from /home/airflow/.local/lib/python3.12/site-packages/airflow/example_dags/example_local_kubernetes_executor.py
[2024-09-28T07:56:34.089+0000] {processor.py:925} INFO - DAG(s) 'example_local_kubernetes_executor' retrieved from /home/airflow/.local/lib/python3.12/site-packages/airflow/example_dags/example_local_kubernetes_executor.py
[2024-09-28T07:56:34.108+0000] {logging_mixin.py:190} INFO - [2024-09-28T07:56:34.108+0000] {dag.py:3239} INFO - Sync 1 DAGs
[2024-09-28T07:56:34.115+0000] {logging_mixin.py:190} INFO - [2024-09-28T07:56:34.115+0000] {dag.py:4180} INFO - Setting next_dagrun for example_local_kubernetes_executor to None, run_after=None
[2024-09-28T07:56:34.124+0000] {processor.py:208} INFO - Processing /home/airflow/.local/lib/python3.12/site-packages/airflow/example_dags/example_local_kubernetes_executor.py took 0.045 seconds
[2024-09-28T07:57:04.349+0000] {processor.py:186} INFO - Started process (PID=5673) to work on /home/airflow/.local/lib/python3.12/site-packages/airflow/example_dags/example_local_kubernetes_executor.py
[2024-09-28T07:57:04.350+0000] {processor.py:914} INFO - Processing file /home/airflow/.local/lib/python3.12/site-packages/airflow/example_dags/example_local_kubernetes_executor.py for tasks to queue
[2024-09-28T07:57:04.351+0000] {logging_mixin.py:190} INFO - [2024-09-28T07:57:04.351+0000] {dagbag.py:588} INFO - Filling up the DagBag from /home/airflow/.local/lib/python3.12/site-packages/airflow/example_dags/example_local_kubernetes_executor.py
[2024-09-28T07:57:04.356+0000] {processor.py:925} INFO - DAG(s) 'example_local_kubernetes_executor' retrieved from /home/airflow/.local/lib/python3.12/site-packages/airflow/example_dags/example_local_kubernetes_executor.py
[2024-09-28T07:57:04.380+0000] {logging_mixin.py:190} INFO - [2024-09-28T07:57:04.380+0000] {dag.py:3239} INFO - Sync 1 DAGs
[2024-09-28T07:57:04.387+0000] {logging_mixin.py:190} INFO - [2024-09-28T07:57:04.387+0000] {dag.py:4180} INFO - Setting next_dagrun for example_local_kubernetes_executor to None, run_after=None
[2024-09-28T07:57:04.399+0000] {processor.py:208} INFO - Processing /home/airflow/.local/lib/python3.12/site-packages/airflow/example_dags/example_local_kubernetes_executor.py took 0.054 seconds
[2024-09-28T07:57:34.740+0000] {processor.py:186} INFO - Started process (PID=5959) to work on /home/airflow/.local/lib/python3.12/site-packages/airflow/example_dags/example_local_kubernetes_executor.py
[2024-09-28T07:57:34.741+0000] {processor.py:914} INFO - Processing file /home/airflow/.local/lib/python3.12/site-packages/airflow/example_dags/example_local_kubernetes_executor.py for tasks to queue
[2024-09-28T07:57:34.743+0000] {logging_mixin.py:190} INFO - [2024-09-28T07:57:34.743+0000] {dagbag.py:588} INFO - Filling up the DagBag from /home/airflow/.local/lib/python3.12/site-packages/airflow/example_dags/example_local_kubernetes_executor.py
[2024-09-28T07:57:34.748+0000] {processor.py:925} INFO - DAG(s) 'example_local_kubernetes_executor' retrieved from /home/airflow/.local/lib/python3.12/site-packages/airflow/example_dags/example_local_kubernetes_executor.py
[2024-09-28T07:57:34.767+0000] {logging_mixin.py:190} INFO - [2024-09-28T07:57:34.766+0000] {dag.py:3239} INFO - Sync 1 DAGs
[2024-09-28T07:57:34.774+0000] {logging_mixin.py:190} INFO - [2024-09-28T07:57:34.774+0000] {dag.py:4180} INFO - Setting next_dagrun for example_local_kubernetes_executor to None, run_after=None
[2024-09-28T07:57:34.786+0000] {processor.py:208} INFO - Processing /home/airflow/.local/lib/python3.12/site-packages/airflow/example_dags/example_local_kubernetes_executor.py took 0.049 seconds
[2024-09-28T07:58:04.970+0000] {processor.py:186} INFO - Started process (PID=6244) to work on /home/airflow/.local/lib/python3.12/site-packages/airflow/example_dags/example_local_kubernetes_executor.py
[2024-09-28T07:58:04.971+0000] {processor.py:914} INFO - Processing file /home/airflow/.local/lib/python3.12/site-packages/airflow/example_dags/example_local_kubernetes_executor.py for tasks to queue
[2024-09-28T07:58:04.973+0000] {logging_mixin.py:190} INFO - [2024-09-28T07:58:04.973+0000] {dagbag.py:588} INFO - Filling up the DagBag from /home/airflow/.local/lib/python3.12/site-packages/airflow/example_dags/example_local_kubernetes_executor.py
[2024-09-28T07:58:04.979+0000] {processor.py:925} INFO - DAG(s) 'example_local_kubernetes_executor' retrieved from /home/airflow/.local/lib/python3.12/site-packages/airflow/example_dags/example_local_kubernetes_executor.py
[2024-09-28T07:58:05.002+0000] {logging_mixin.py:190} INFO - [2024-09-28T07:58:05.002+0000] {dag.py:3239} INFO - Sync 1 DAGs
[2024-09-28T07:58:05.009+0000] {logging_mixin.py:190} INFO - [2024-09-28T07:58:05.009+0000] {dag.py:4180} INFO - Setting next_dagrun for example_local_kubernetes_executor to None, run_after=None
[2024-09-28T07:58:05.020+0000] {processor.py:208} INFO - Processing /home/airflow/.local/lib/python3.12/site-packages/airflow/example_dags/example_local_kubernetes_executor.py took 0.054 seconds
[2024-09-28T07:58:35.423+0000] {processor.py:186} INFO - Started process (PID=6532) to work on /home/airflow/.local/lib/python3.12/site-packages/airflow/example_dags/example_local_kubernetes_executor.py
[2024-09-28T07:58:35.424+0000] {processor.py:914} INFO - Processing file /home/airflow/.local/lib/python3.12/site-packages/airflow/example_dags/example_local_kubernetes_executor.py for tasks to queue
[2024-09-28T07:58:35.425+0000] {logging_mixin.py:190} INFO - [2024-09-28T07:58:35.425+0000] {dagbag.py:588} INFO - Filling up the DagBag from /home/airflow/.local/lib/python3.12/site-packages/airflow/example_dags/example_local_kubernetes_executor.py
[2024-09-28T07:58:35.432+0000] {processor.py:925} INFO - DAG(s) 'example_local_kubernetes_executor' retrieved from /home/airflow/.local/lib/python3.12/site-packages/airflow/example_dags/example_local_kubernetes_executor.py
[2024-09-28T07:58:35.454+0000] {logging_mixin.py:190} INFO - [2024-09-28T07:58:35.453+0000] {dag.py:3239} INFO - Sync 1 DAGs
[2024-09-28T07:58:35.461+0000] {logging_mixin.py:190} INFO - [2024-09-28T07:58:35.461+0000] {dag.py:4180} INFO - Setting next_dagrun for example_local_kubernetes_executor to None, run_after=None
[2024-09-28T07:58:35.472+0000] {processor.py:208} INFO - Processing /home/airflow/.local/lib/python3.12/site-packages/airflow/example_dags/example_local_kubernetes_executor.py took 0.052 seconds
[2024-09-28T07:59:05.787+0000] {processor.py:186} INFO - Started process (PID=6818) to work on /home/airflow/.local/lib/python3.12/site-packages/airflow/example_dags/example_local_kubernetes_executor.py
[2024-09-28T07:59:05.788+0000] {processor.py:914} INFO - Processing file /home/airflow/.local/lib/python3.12/site-packages/airflow/example_dags/example_local_kubernetes_executor.py for tasks to queue
[2024-09-28T07:59:05.790+0000] {logging_mixin.py:190} INFO - [2024-09-28T07:59:05.790+0000] {dagbag.py:588} INFO - Filling up the DagBag from /home/airflow/.local/lib/python3.12/site-packages/airflow/example_dags/example_local_kubernetes_executor.py
[2024-09-28T07:59:05.795+0000] {processor.py:925} INFO - DAG(s) 'example_local_kubernetes_executor' retrieved from /home/airflow/.local/lib/python3.12/site-packages/airflow/example_dags/example_local_kubernetes_executor.py
[2024-09-28T07:59:05.818+0000] {logging_mixin.py:190} INFO - [2024-09-28T07:59:05.818+0000] {dag.py:3239} INFO - Sync 1 DAGs
[2024-09-28T07:59:05.825+0000] {logging_mixin.py:190} INFO - [2024-09-28T07:59:05.825+0000] {dag.py:4180} INFO - Setting next_dagrun for example_local_kubernetes_executor to None, run_after=None
[2024-09-28T07:59:05.837+0000] {processor.py:208} INFO - Processing /home/airflow/.local/lib/python3.12/site-packages/airflow/example_dags/example_local_kubernetes_executor.py took 0.053 seconds
[2024-09-28T07:59:36.272+0000] {processor.py:186} INFO - Started process (PID=7102) to work on /home/airflow/.local/lib/python3.12/site-packages/airflow/example_dags/example_local_kubernetes_executor.py
[2024-09-28T07:59:36.273+0000] {processor.py:914} INFO - Processing file /home/airflow/.local/lib/python3.12/site-packages/airflow/example_dags/example_local_kubernetes_executor.py for tasks to queue
[2024-09-28T07:59:36.275+0000] {logging_mixin.py:190} INFO - [2024-09-28T07:59:36.275+0000] {dagbag.py:588} INFO - Filling up the DagBag from /home/airflow/.local/lib/python3.12/site-packages/airflow/example_dags/example_local_kubernetes_executor.py
[2024-09-28T07:59:36.281+0000] {processor.py:925} INFO - DAG(s) 'example_local_kubernetes_executor' retrieved from /home/airflow/.local/lib/python3.12/site-packages/airflow/example_dags/example_local_kubernetes_executor.py
[2024-09-28T07:59:36.299+0000] {logging_mixin.py:190} INFO - [2024-09-28T07:59:36.299+0000] {dag.py:3239} INFO - Sync 1 DAGs
[2024-09-28T07:59:36.307+0000] {logging_mixin.py:190} INFO - [2024-09-28T07:59:36.307+0000] {dag.py:4180} INFO - Setting next_dagrun for example_local_kubernetes_executor to None, run_after=None
[2024-09-28T07:59:36.315+0000] {processor.py:208} INFO - Processing /home/airflow/.local/lib/python3.12/site-packages/airflow/example_dags/example_local_kubernetes_executor.py took 0.047 seconds
[2024-09-28T08:00:06.663+0000] {processor.py:186} INFO - Started process (PID=7388) to work on /home/airflow/.local/lib/python3.12/site-packages/airflow/example_dags/example_local_kubernetes_executor.py
[2024-09-28T08:00:06.664+0000] {processor.py:914} INFO - Processing file /home/airflow/.local/lib/python3.12/site-packages/airflow/example_dags/example_local_kubernetes_executor.py for tasks to queue
[2024-09-28T08:00:06.665+0000] {logging_mixin.py:190} INFO - [2024-09-28T08:00:06.665+0000] {dagbag.py:588} INFO - Filling up the DagBag from /home/airflow/.local/lib/python3.12/site-packages/airflow/example_dags/example_local_kubernetes_executor.py
[2024-09-28T08:00:06.670+0000] {processor.py:925} INFO - DAG(s) 'example_local_kubernetes_executor' retrieved from /home/airflow/.local/lib/python3.12/site-packages/airflow/example_dags/example_local_kubernetes_executor.py
[2024-09-28T08:00:06.695+0000] {logging_mixin.py:190} INFO - [2024-09-28T08:00:06.695+0000] {dag.py:3239} INFO - Sync 1 DAGs
[2024-09-28T08:00:06.703+0000] {logging_mixin.py:190} INFO - [2024-09-28T08:00:06.703+0000] {dag.py:4180} INFO - Setting next_dagrun for example_local_kubernetes_executor to None, run_after=None
[2024-09-28T08:00:06.715+0000] {processor.py:208} INFO - Processing /home/airflow/.local/lib/python3.12/site-packages/airflow/example_dags/example_local_kubernetes_executor.py took 0.056 seconds
[2024-09-28T08:00:36.991+0000] {processor.py:186} INFO - Started process (PID=7674) to work on /home/airflow/.local/lib/python3.12/site-packages/airflow/example_dags/example_local_kubernetes_executor.py
[2024-09-28T08:00:36.995+0000] {processor.py:914} INFO - Processing file /home/airflow/.local/lib/python3.12/site-packages/airflow/example_dags/example_local_kubernetes_executor.py for tasks to queue
[2024-09-28T08:00:36.997+0000] {logging_mixin.py:190} INFO - [2024-09-28T08:00:36.997+0000] {dagbag.py:588} INFO - Filling up the DagBag from /home/airflow/.local/lib/python3.12/site-packages/airflow/example_dags/example_local_kubernetes_executor.py
[2024-09-28T08:00:37.002+0000] {processor.py:925} INFO - DAG(s) 'example_local_kubernetes_executor' retrieved from /home/airflow/.local/lib/python3.12/site-packages/airflow/example_dags/example_local_kubernetes_executor.py
[2024-09-28T08:00:37.027+0000] {logging_mixin.py:190} INFO - [2024-09-28T08:00:37.027+0000] {dag.py:3239} INFO - Sync 1 DAGs
[2024-09-28T08:00:37.034+0000] {logging_mixin.py:190} INFO - [2024-09-28T08:00:37.034+0000] {dag.py:4180} INFO - Setting next_dagrun for example_local_kubernetes_executor to None, run_after=None
[2024-09-28T08:00:37.043+0000] {processor.py:208} INFO - Processing /home/airflow/.local/lib/python3.12/site-packages/airflow/example_dags/example_local_kubernetes_executor.py took 0.055 seconds
[2024-09-28T08:01:07.668+0000] {processor.py:186} INFO - Started process (PID=7962) to work on /home/airflow/.local/lib/python3.12/site-packages/airflow/example_dags/example_local_kubernetes_executor.py
[2024-09-28T08:01:07.669+0000] {processor.py:914} INFO - Processing file /home/airflow/.local/lib/python3.12/site-packages/airflow/example_dags/example_local_kubernetes_executor.py for tasks to queue
[2024-09-28T08:01:07.671+0000] {logging_mixin.py:190} INFO - [2024-09-28T08:01:07.671+0000] {dagbag.py:588} INFO - Filling up the DagBag from /home/airflow/.local/lib/python3.12/site-packages/airflow/example_dags/example_local_kubernetes_executor.py
[2024-09-28T08:01:07.678+0000] {processor.py:925} INFO - DAG(s) 'example_local_kubernetes_executor' retrieved from /home/airflow/.local/lib/python3.12/site-packages/airflow/example_dags/example_local_kubernetes_executor.py
[2024-09-28T08:01:07.703+0000] {logging_mixin.py:190} INFO - [2024-09-28T08:01:07.703+0000] {dag.py:3239} INFO - Sync 1 DAGs
[2024-09-28T08:01:07.713+0000] {logging_mixin.py:190} INFO - [2024-09-28T08:01:07.713+0000] {dag.py:4180} INFO - Setting next_dagrun for example_local_kubernetes_executor to None, run_after=None
[2024-09-28T08:01:07.727+0000] {processor.py:208} INFO - Processing /home/airflow/.local/lib/python3.12/site-packages/airflow/example_dags/example_local_kubernetes_executor.py took 0.063 seconds
[2024-09-28T08:01:38.252+0000] {processor.py:186} INFO - Started process (PID=8248) to work on /home/airflow/.local/lib/python3.12/site-packages/airflow/example_dags/example_local_kubernetes_executor.py
[2024-09-28T08:01:38.253+0000] {processor.py:914} INFO - Processing file /home/airflow/.local/lib/python3.12/site-packages/airflow/example_dags/example_local_kubernetes_executor.py for tasks to queue
[2024-09-28T08:01:38.255+0000] {logging_mixin.py:190} INFO - [2024-09-28T08:01:38.255+0000] {dagbag.py:588} INFO - Filling up the DagBag from /home/airflow/.local/lib/python3.12/site-packages/airflow/example_dags/example_local_kubernetes_executor.py
[2024-09-28T08:01:38.261+0000] {processor.py:925} INFO - DAG(s) 'example_local_kubernetes_executor' retrieved from /home/airflow/.local/lib/python3.12/site-packages/airflow/example_dags/example_local_kubernetes_executor.py
[2024-09-28T08:01:38.284+0000] {logging_mixin.py:190} INFO - [2024-09-28T08:01:38.284+0000] {dag.py:3239} INFO - Sync 1 DAGs
[2024-09-28T08:01:38.291+0000] {logging_mixin.py:190} INFO - [2024-09-28T08:01:38.291+0000] {dag.py:4180} INFO - Setting next_dagrun for example_local_kubernetes_executor to None, run_after=None
[2024-09-28T08:01:38.299+0000] {processor.py:208} INFO - Processing /home/airflow/.local/lib/python3.12/site-packages/airflow/example_dags/example_local_kubernetes_executor.py took 0.050 seconds
[2024-09-28T08:02:08.876+0000] {processor.py:186} INFO - Started process (PID=8532) to work on /home/airflow/.local/lib/python3.12/site-packages/airflow/example_dags/example_local_kubernetes_executor.py
[2024-09-28T08:02:08.878+0000] {processor.py:914} INFO - Processing file /home/airflow/.local/lib/python3.12/site-packages/airflow/example_dags/example_local_kubernetes_executor.py for tasks to queue
[2024-09-28T08:02:08.879+0000] {logging_mixin.py:190} INFO - [2024-09-28T08:02:08.879+0000] {dagbag.py:588} INFO - Filling up the DagBag from /home/airflow/.local/lib/python3.12/site-packages/airflow/example_dags/example_local_kubernetes_executor.py
[2024-09-28T08:02:08.884+0000] {processor.py:925} INFO - DAG(s) 'example_local_kubernetes_executor' retrieved from /home/airflow/.local/lib/python3.12/site-packages/airflow/example_dags/example_local_kubernetes_executor.py
[2024-09-28T08:02:08.901+0000] {logging_mixin.py:190} INFO - [2024-09-28T08:02:08.901+0000] {dag.py:3239} INFO - Sync 1 DAGs
[2024-09-28T08:02:08.911+0000] {logging_mixin.py:190} INFO - [2024-09-28T08:02:08.911+0000] {dag.py:4180} INFO - Setting next_dagrun for example_local_kubernetes_executor to None, run_after=None
[2024-09-28T08:02:08.920+0000] {processor.py:208} INFO - Processing /home/airflow/.local/lib/python3.12/site-packages/airflow/example_dags/example_local_kubernetes_executor.py took 0.047 seconds
[2024-09-28T08:02:39.645+0000] {processor.py:186} INFO - Started process (PID=8818) to work on /home/airflow/.local/lib/python3.12/site-packages/airflow/example_dags/example_local_kubernetes_executor.py
[2024-09-28T08:02:39.646+0000] {processor.py:914} INFO - Processing file /home/airflow/.local/lib/python3.12/site-packages/airflow/example_dags/example_local_kubernetes_executor.py for tasks to queue
[2024-09-28T08:02:39.648+0000] {logging_mixin.py:190} INFO - [2024-09-28T08:02:39.647+0000] {dagbag.py:588} INFO - Filling up the DagBag from /home/airflow/.local/lib/python3.12/site-packages/airflow/example_dags/example_local_kubernetes_executor.py
[2024-09-28T08:02:39.652+0000] {processor.py:925} INFO - DAG(s) 'example_local_kubernetes_executor' retrieved from /home/airflow/.local/lib/python3.12/site-packages/airflow/example_dags/example_local_kubernetes_executor.py
[2024-09-28T08:02:39.672+0000] {logging_mixin.py:190} INFO - [2024-09-28T08:02:39.672+0000] {dag.py:3239} INFO - Sync 1 DAGs
[2024-09-28T08:02:39.679+0000] {logging_mixin.py:190} INFO - [2024-09-28T08:02:39.679+0000] {dag.py:4180} INFO - Setting next_dagrun for example_local_kubernetes_executor to None, run_after=None
[2024-09-28T08:02:39.688+0000] {processor.py:208} INFO - Processing /home/airflow/.local/lib/python3.12/site-packages/airflow/example_dags/example_local_kubernetes_executor.py took 0.046 seconds
[2024-09-28T08:03:10.234+0000] {processor.py:186} INFO - Started process (PID=9104) to work on /home/airflow/.local/lib/python3.12/site-packages/airflow/example_dags/example_local_kubernetes_executor.py
[2024-09-28T08:03:10.235+0000] {processor.py:914} INFO - Processing file /home/airflow/.local/lib/python3.12/site-packages/airflow/example_dags/example_local_kubernetes_executor.py for tasks to queue
[2024-09-28T08:03:10.236+0000] {logging_mixin.py:190} INFO - [2024-09-28T08:03:10.236+0000] {dagbag.py:588} INFO - Filling up the DagBag from /home/airflow/.local/lib/python3.12/site-packages/airflow/example_dags/example_local_kubernetes_executor.py
[2024-09-28T08:03:10.241+0000] {processor.py:925} INFO - DAG(s) 'example_local_kubernetes_executor' retrieved from /home/airflow/.local/lib/python3.12/site-packages/airflow/example_dags/example_local_kubernetes_executor.py
[2024-09-28T08:03:10.262+0000] {logging_mixin.py:190} INFO - [2024-09-28T08:03:10.262+0000] {dag.py:3239} INFO - Sync 1 DAGs
[2024-09-28T08:03:10.269+0000] {logging_mixin.py:190} INFO - [2024-09-28T08:03:10.269+0000] {dag.py:4180} INFO - Setting next_dagrun for example_local_kubernetes_executor to None, run_after=None
[2024-09-28T08:03:10.281+0000] {processor.py:208} INFO - Processing /home/airflow/.local/lib/python3.12/site-packages/airflow/example_dags/example_local_kubernetes_executor.py took 0.051 seconds
[2024-09-28T08:03:40.723+0000] {processor.py:186} INFO - Started process (PID=9390) to work on /home/airflow/.local/lib/python3.12/site-packages/airflow/example_dags/example_local_kubernetes_executor.py
[2024-09-28T08:03:40.723+0000] {processor.py:914} INFO - Processing file /home/airflow/.local/lib/python3.12/site-packages/airflow/example_dags/example_local_kubernetes_executor.py for tasks to queue
[2024-09-28T08:03:40.725+0000] {logging_mixin.py:190} INFO - [2024-09-28T08:03:40.724+0000] {dagbag.py:588} INFO - Filling up the DagBag from /home/airflow/.local/lib/python3.12/site-packages/airflow/example_dags/example_local_kubernetes_executor.py
[2024-09-28T08:03:40.730+0000] {processor.py:925} INFO - DAG(s) 'example_local_kubernetes_executor' retrieved from /home/airflow/.local/lib/python3.12/site-packages/airflow/example_dags/example_local_kubernetes_executor.py
[2024-09-28T08:03:40.746+0000] {logging_mixin.py:190} INFO - [2024-09-28T08:03:40.746+0000] {dag.py:3239} INFO - Sync 1 DAGs
[2024-09-28T08:03:40.752+0000] {logging_mixin.py:190} INFO - [2024-09-28T08:03:40.752+0000] {dag.py:4180} INFO - Setting next_dagrun for example_local_kubernetes_executor to None, run_after=None
[2024-09-28T08:03:40.759+0000] {processor.py:208} INFO - Processing /home/airflow/.local/lib/python3.12/site-packages/airflow/example_dags/example_local_kubernetes_executor.py took 0.039 seconds
[2024-09-28T08:04:11.299+0000] {processor.py:186} INFO - Started process (PID=9676) to work on /home/airflow/.local/lib/python3.12/site-packages/airflow/example_dags/example_local_kubernetes_executor.py
[2024-09-28T08:04:11.300+0000] {processor.py:914} INFO - Processing file /home/airflow/.local/lib/python3.12/site-packages/airflow/example_dags/example_local_kubernetes_executor.py for tasks to queue
[2024-09-28T08:04:11.305+0000] {logging_mixin.py:190} INFO - [2024-09-28T08:04:11.304+0000] {dagbag.py:588} INFO - Filling up the DagBag from /home/airflow/.local/lib/python3.12/site-packages/airflow/example_dags/example_local_kubernetes_executor.py
[2024-09-28T08:04:11.310+0000] {processor.py:925} INFO - DAG(s) 'example_local_kubernetes_executor' retrieved from /home/airflow/.local/lib/python3.12/site-packages/airflow/example_dags/example_local_kubernetes_executor.py
[2024-09-28T08:04:11.326+0000] {logging_mixin.py:190} INFO - [2024-09-28T08:04:11.326+0000] {dag.py:3239} INFO - Sync 1 DAGs
[2024-09-28T08:04:11.336+0000] {logging_mixin.py:190} INFO - [2024-09-28T08:04:11.336+0000] {dag.py:4180} INFO - Setting next_dagrun for example_local_kubernetes_executor to None, run_after=None
[2024-09-28T08:04:11.344+0000] {processor.py:208} INFO - Processing /home/airflow/.local/lib/python3.12/site-packages/airflow/example_dags/example_local_kubernetes_executor.py took 0.048 seconds
[2024-09-28T08:04:41.950+0000] {processor.py:186} INFO - Started process (PID=9962) to work on /home/airflow/.local/lib/python3.12/site-packages/airflow/example_dags/example_local_kubernetes_executor.py
[2024-09-28T08:04:41.951+0000] {processor.py:914} INFO - Processing file /home/airflow/.local/lib/python3.12/site-packages/airflow/example_dags/example_local_kubernetes_executor.py for tasks to queue
[2024-09-28T08:04:41.952+0000] {logging_mixin.py:190} INFO - [2024-09-28T08:04:41.952+0000] {dagbag.py:588} INFO - Filling up the DagBag from /home/airflow/.local/lib/python3.12/site-packages/airflow/example_dags/example_local_kubernetes_executor.py
[2024-09-28T08:04:41.956+0000] {processor.py:925} INFO - DAG(s) 'example_local_kubernetes_executor' retrieved from /home/airflow/.local/lib/python3.12/site-packages/airflow/example_dags/example_local_kubernetes_executor.py
[2024-09-28T08:04:41.973+0000] {logging_mixin.py:190} INFO - [2024-09-28T08:04:41.973+0000] {dag.py:3239} INFO - Sync 1 DAGs
[2024-09-28T08:04:41.979+0000] {logging_mixin.py:190} INFO - [2024-09-28T08:04:41.979+0000] {dag.py:4180} INFO - Setting next_dagrun for example_local_kubernetes_executor to None, run_after=None
[2024-09-28T08:04:41.987+0000] {processor.py:208} INFO - Processing /home/airflow/.local/lib/python3.12/site-packages/airflow/example_dags/example_local_kubernetes_executor.py took 0.040 seconds
[2024-09-28T08:05:12.417+0000] {processor.py:186} INFO - Started process (PID=10248) to work on /home/airflow/.local/lib/python3.12/site-packages/airflow/example_dags/example_local_kubernetes_executor.py
[2024-09-28T08:05:12.420+0000] {processor.py:914} INFO - Processing file /home/airflow/.local/lib/python3.12/site-packages/airflow/example_dags/example_local_kubernetes_executor.py for tasks to queue
[2024-09-28T08:05:12.421+0000] {logging_mixin.py:190} INFO - [2024-09-28T08:05:12.421+0000] {dagbag.py:588} INFO - Filling up the DagBag from /home/airflow/.local/lib/python3.12/site-packages/airflow/example_dags/example_local_kubernetes_executor.py
[2024-09-28T08:05:12.426+0000] {processor.py:925} INFO - DAG(s) 'example_local_kubernetes_executor' retrieved from /home/airflow/.local/lib/python3.12/site-packages/airflow/example_dags/example_local_kubernetes_executor.py
[2024-09-28T08:05:12.444+0000] {logging_mixin.py:190} INFO - [2024-09-28T08:05:12.444+0000] {dag.py:3239} INFO - Sync 1 DAGs
[2024-09-28T08:05:12.453+0000] {logging_mixin.py:190} INFO - [2024-09-28T08:05:12.453+0000] {dag.py:4180} INFO - Setting next_dagrun for example_local_kubernetes_executor to None, run_after=None
[2024-09-28T08:05:12.461+0000] {processor.py:208} INFO - Processing /home/airflow/.local/lib/python3.12/site-packages/airflow/example_dags/example_local_kubernetes_executor.py took 0.048 seconds
[2024-09-28T08:05:42.896+0000] {processor.py:186} INFO - Started process (PID=10534) to work on /home/airflow/.local/lib/python3.12/site-packages/airflow/example_dags/example_local_kubernetes_executor.py
[2024-09-28T08:05:42.897+0000] {processor.py:914} INFO - Processing file /home/airflow/.local/lib/python3.12/site-packages/airflow/example_dags/example_local_kubernetes_executor.py for tasks to queue
[2024-09-28T08:05:42.898+0000] {logging_mixin.py:190} INFO - [2024-09-28T08:05:42.898+0000] {dagbag.py:588} INFO - Filling up the DagBag from /home/airflow/.local/lib/python3.12/site-packages/airflow/example_dags/example_local_kubernetes_executor.py
[2024-09-28T08:05:42.905+0000] {processor.py:925} INFO - DAG(s) 'example_local_kubernetes_executor' retrieved from /home/airflow/.local/lib/python3.12/site-packages/airflow/example_dags/example_local_kubernetes_executor.py
[2024-09-28T08:05:42.923+0000] {logging_mixin.py:190} INFO - [2024-09-28T08:05:42.923+0000] {dag.py:3239} INFO - Sync 1 DAGs
[2024-09-28T08:05:42.930+0000] {logging_mixin.py:190} INFO - [2024-09-28T08:05:42.930+0000] {dag.py:4180} INFO - Setting next_dagrun for example_local_kubernetes_executor to None, run_after=None
[2024-09-28T08:05:42.937+0000] {processor.py:208} INFO - Processing /home/airflow/.local/lib/python3.12/site-packages/airflow/example_dags/example_local_kubernetes_executor.py took 0.046 seconds
[2024-09-28T08:06:13.548+0000] {processor.py:186} INFO - Started process (PID=10822) to work on /home/airflow/.local/lib/python3.12/site-packages/airflow/example_dags/example_local_kubernetes_executor.py
[2024-09-28T08:06:13.548+0000] {processor.py:914} INFO - Processing file /home/airflow/.local/lib/python3.12/site-packages/airflow/example_dags/example_local_kubernetes_executor.py for tasks to queue
[2024-09-28T08:06:13.550+0000] {logging_mixin.py:190} INFO - [2024-09-28T08:06:13.549+0000] {dagbag.py:588} INFO - Filling up the DagBag from /home/airflow/.local/lib/python3.12/site-packages/airflow/example_dags/example_local_kubernetes_executor.py
[2024-09-28T08:06:13.554+0000] {processor.py:925} INFO - DAG(s) 'example_local_kubernetes_executor' retrieved from /home/airflow/.local/lib/python3.12/site-packages/airflow/example_dags/example_local_kubernetes_executor.py
[2024-09-28T08:06:13.569+0000] {logging_mixin.py:190} INFO - [2024-09-28T08:06:13.569+0000] {dag.py:3239} INFO - Sync 1 DAGs
[2024-09-28T08:06:13.575+0000] {logging_mixin.py:190} INFO - [2024-09-28T08:06:13.575+0000] {dag.py:4180} INFO - Setting next_dagrun for example_local_kubernetes_executor to None, run_after=None
[2024-09-28T08:06:13.582+0000] {processor.py:208} INFO - Processing /home/airflow/.local/lib/python3.12/site-packages/airflow/example_dags/example_local_kubernetes_executor.py took 0.037 seconds
[2024-09-28T08:06:44.453+0000] {processor.py:186} INFO - Started process (PID=11106) to work on /home/airflow/.local/lib/python3.12/site-packages/airflow/example_dags/example_local_kubernetes_executor.py
[2024-09-28T08:06:44.454+0000] {processor.py:914} INFO - Processing file /home/airflow/.local/lib/python3.12/site-packages/airflow/example_dags/example_local_kubernetes_executor.py for tasks to queue
[2024-09-28T08:06:44.455+0000] {logging_mixin.py:190} INFO - [2024-09-28T08:06:44.455+0000] {dagbag.py:588} INFO - Filling up the DagBag from /home/airflow/.local/lib/python3.12/site-packages/airflow/example_dags/example_local_kubernetes_executor.py
[2024-09-28T08:06:44.460+0000] {processor.py:925} INFO - DAG(s) 'example_local_kubernetes_executor' retrieved from /home/airflow/.local/lib/python3.12/site-packages/airflow/example_dags/example_local_kubernetes_executor.py
[2024-09-28T08:06:44.478+0000] {logging_mixin.py:190} INFO - [2024-09-28T08:06:44.478+0000] {dag.py:3239} INFO - Sync 1 DAGs
[2024-09-28T08:06:44.488+0000] {logging_mixin.py:190} INFO - [2024-09-28T08:06:44.488+0000] {dag.py:4180} INFO - Setting next_dagrun for example_local_kubernetes_executor to None, run_after=None
[2024-09-28T08:06:44.496+0000] {processor.py:208} INFO - Processing /home/airflow/.local/lib/python3.12/site-packages/airflow/example_dags/example_local_kubernetes_executor.py took 0.046 seconds
[2024-09-28T08:07:15.470+0000] {processor.py:186} INFO - Started process (PID=11392) to work on /home/airflow/.local/lib/python3.12/site-packages/airflow/example_dags/example_local_kubernetes_executor.py
[2024-09-28T08:07:15.471+0000] {processor.py:914} INFO - Processing file /home/airflow/.local/lib/python3.12/site-packages/airflow/example_dags/example_local_kubernetes_executor.py for tasks to queue
[2024-09-28T08:07:15.472+0000] {logging_mixin.py:190} INFO - [2024-09-28T08:07:15.472+0000] {dagbag.py:588} INFO - Filling up the DagBag from /home/airflow/.local/lib/python3.12/site-packages/airflow/example_dags/example_local_kubernetes_executor.py
[2024-09-28T08:07:15.477+0000] {processor.py:925} INFO - DAG(s) 'example_local_kubernetes_executor' retrieved from /home/airflow/.local/lib/python3.12/site-packages/airflow/example_dags/example_local_kubernetes_executor.py
[2024-09-28T08:07:15.500+0000] {logging_mixin.py:190} INFO - [2024-09-28T08:07:15.500+0000] {dag.py:3239} INFO - Sync 1 DAGs
[2024-09-28T08:07:15.510+0000] {logging_mixin.py:190} INFO - [2024-09-28T08:07:15.509+0000] {dag.py:4180} INFO - Setting next_dagrun for example_local_kubernetes_executor to None, run_after=None
[2024-09-28T08:07:15.519+0000] {processor.py:208} INFO - Processing /home/airflow/.local/lib/python3.12/site-packages/airflow/example_dags/example_local_kubernetes_executor.py took 0.052 seconds
[2024-09-28T08:07:46.027+0000] {processor.py:186} INFO - Started process (PID=11675) to work on /home/airflow/.local/lib/python3.12/site-packages/airflow/example_dags/example_local_kubernetes_executor.py
[2024-09-28T08:07:46.028+0000] {processor.py:914} INFO - Processing file /home/airflow/.local/lib/python3.12/site-packages/airflow/example_dags/example_local_kubernetes_executor.py for tasks to queue
[2024-09-28T08:07:46.029+0000] {logging_mixin.py:190} INFO - [2024-09-28T08:07:46.029+0000] {dagbag.py:588} INFO - Filling up the DagBag from /home/airflow/.local/lib/python3.12/site-packages/airflow/example_dags/example_local_kubernetes_executor.py
[2024-09-28T08:07:46.033+0000] {processor.py:925} INFO - DAG(s) 'example_local_kubernetes_executor' retrieved from /home/airflow/.local/lib/python3.12/site-packages/airflow/example_dags/example_local_kubernetes_executor.py
[2024-09-28T08:07:46.049+0000] {logging_mixin.py:190} INFO - [2024-09-28T08:07:46.049+0000] {dag.py:3239} INFO - Sync 1 DAGs
[2024-09-28T08:07:46.055+0000] {logging_mixin.py:190} INFO - [2024-09-28T08:07:46.055+0000] {dag.py:4180} INFO - Setting next_dagrun for example_local_kubernetes_executor to None, run_after=None
[2024-09-28T08:07:46.062+0000] {processor.py:208} INFO - Processing /home/airflow/.local/lib/python3.12/site-packages/airflow/example_dags/example_local_kubernetes_executor.py took 0.038 seconds
