[2024-09-28T07:47:25.257+0000] {processor.py:186} INFO - Started process (PID=171) to work on /home/airflow/.local/lib/python3.12/site-packages/airflow/example_dags/example_external_task_marker_dag.py
[2024-09-28T07:47:25.259+0000] {processor.py:914} INFO - Processing file /home/airflow/.local/lib/python3.12/site-packages/airflow/example_dags/example_external_task_marker_dag.py for tasks to queue
[2024-09-28T07:47:25.264+0000] {logging_mixin.py:190} INFO - [2024-09-28T07:47:25.263+0000] {dagbag.py:588} INFO - Filling up the DagBag from /home/airflow/.local/lib/python3.12/site-packages/airflow/example_dags/example_external_task_marker_dag.py
[2024-09-28T07:47:25.281+0000] {processor.py:925} INFO - DAG(s) 'example_external_task_marker_parent', 'example_external_task_marker_child' retrieved from /home/airflow/.local/lib/python3.12/site-packages/airflow/example_dags/example_external_task_marker_dag.py
[2024-09-28T07:47:25.423+0000] {logging_mixin.py:190} INFO - [2024-09-28T07:47:25.422+0000] {override.py:1900} INFO - Created Permission View: can delete on DAG:example_external_task_marker_parent
[2024-09-28T07:47:25.427+0000] {logging_mixin.py:190} INFO - [2024-09-28T07:47:25.427+0000] {override.py:1900} INFO - Created Permission View: can edit on DAG:example_external_task_marker_parent
[2024-09-28T07:47:25.431+0000] {logging_mixin.py:190} INFO - [2024-09-28T07:47:25.431+0000] {override.py:1900} INFO - Created Permission View: can read on DAG:example_external_task_marker_parent
[2024-09-28T07:47:25.435+0000] {logging_mixin.py:190} INFO - [2024-09-28T07:47:25.435+0000] {override.py:1900} INFO - Created Permission View: menu access on DAG Run:example_external_task_marker_parent
[2024-09-28T07:47:25.437+0000] {logging_mixin.py:190} INFO - [2024-09-28T07:47:25.437+0000] {override.py:1900} INFO - Created Permission View: can delete on DAG Run:example_external_task_marker_parent
[2024-09-28T07:47:25.440+0000] {logging_mixin.py:190} INFO - [2024-09-28T07:47:25.440+0000] {override.py:1900} INFO - Created Permission View: can create on DAG Run:example_external_task_marker_parent
[2024-09-28T07:47:25.442+0000] {logging_mixin.py:190} INFO - [2024-09-28T07:47:25.442+0000] {override.py:1900} INFO - Created Permission View: can read on DAG Run:example_external_task_marker_parent
[2024-09-28T07:47:25.448+0000] {logging_mixin.py:190} INFO - [2024-09-28T07:47:25.448+0000] {override.py:1900} INFO - Created Permission View: can delete on DAG:example_external_task_marker_child
[2024-09-28T07:47:25.452+0000] {logging_mixin.py:190} INFO - [2024-09-28T07:47:25.452+0000] {override.py:1900} INFO - Created Permission View: can edit on DAG:example_external_task_marker_child
[2024-09-28T07:47:25.456+0000] {logging_mixin.py:190} INFO - [2024-09-28T07:47:25.456+0000] {override.py:1900} INFO - Created Permission View: can read on DAG:example_external_task_marker_child
[2024-09-28T07:47:25.459+0000] {logging_mixin.py:190} INFO - [2024-09-28T07:47:25.459+0000] {override.py:1900} INFO - Created Permission View: menu access on DAG Run:example_external_task_marker_child
[2024-09-28T07:47:25.462+0000] {logging_mixin.py:190} INFO - [2024-09-28T07:47:25.462+0000] {override.py:1900} INFO - Created Permission View: can delete on DAG Run:example_external_task_marker_child
[2024-09-28T07:47:25.469+0000] {logging_mixin.py:190} INFO - [2024-09-28T07:47:25.468+0000] {override.py:1900} INFO - Created Permission View: can create on DAG Run:example_external_task_marker_child
[2024-09-28T07:47:25.475+0000] {logging_mixin.py:190} INFO - [2024-09-28T07:47:25.475+0000] {override.py:1900} INFO - Created Permission View: can read on DAG Run:example_external_task_marker_child
[2024-09-28T07:47:25.475+0000] {logging_mixin.py:190} INFO - [2024-09-28T07:47:25.475+0000] {dag.py:3239} INFO - Sync 2 DAGs
[2024-09-28T07:47:25.481+0000] {logging_mixin.py:190} INFO - [2024-09-28T07:47:25.480+0000] {dag.py:3262} INFO - Creating ORM DAG for example_external_task_marker_parent
[2024-09-28T07:47:25.482+0000] {logging_mixin.py:190} INFO - [2024-09-28T07:47:25.481+0000] {dag.py:3262} INFO - Creating ORM DAG for example_external_task_marker_child
[2024-09-28T07:47:25.482+0000] {logging_mixin.py:190} INFO - [2024-09-28T07:47:25.482+0000] {dag.py:4180} INFO - Setting next_dagrun for example_external_task_marker_child to None, run_after=None
[2024-09-28T07:47:25.482+0000] {logging_mixin.py:190} INFO - [2024-09-28T07:47:25.482+0000] {dag.py:4180} INFO - Setting next_dagrun for example_external_task_marker_parent to None, run_after=None
[2024-09-28T07:47:25.498+0000] {processor.py:208} INFO - Processing /home/airflow/.local/lib/python3.12/site-packages/airflow/example_dags/example_external_task_marker_dag.py took 0.250 seconds
[2024-09-28T07:47:55.569+0000] {processor.py:186} INFO - Started process (PID=459) to work on /home/airflow/.local/lib/python3.12/site-packages/airflow/example_dags/example_external_task_marker_dag.py
[2024-09-28T07:47:55.570+0000] {processor.py:914} INFO - Processing file /home/airflow/.local/lib/python3.12/site-packages/airflow/example_dags/example_external_task_marker_dag.py for tasks to queue
[2024-09-28T07:47:55.573+0000] {logging_mixin.py:190} INFO - [2024-09-28T07:47:55.573+0000] {dagbag.py:588} INFO - Filling up the DagBag from /home/airflow/.local/lib/python3.12/site-packages/airflow/example_dags/example_external_task_marker_dag.py
[2024-09-28T07:47:55.582+0000] {processor.py:925} INFO - DAG(s) 'example_external_task_marker_child', 'example_external_task_marker_parent' retrieved from /home/airflow/.local/lib/python3.12/site-packages/airflow/example_dags/example_external_task_marker_dag.py
[2024-09-28T07:47:55.597+0000] {logging_mixin.py:190} INFO - [2024-09-28T07:47:55.597+0000] {dag.py:3239} INFO - Sync 2 DAGs
[2024-09-28T07:47:55.609+0000] {logging_mixin.py:190} INFO - [2024-09-28T07:47:55.609+0000] {dag.py:4180} INFO - Setting next_dagrun for example_external_task_marker_child to None, run_after=None
[2024-09-28T07:47:55.611+0000] {logging_mixin.py:190} INFO - [2024-09-28T07:47:55.611+0000] {dag.py:4180} INFO - Setting next_dagrun for example_external_task_marker_parent to None, run_after=None
[2024-09-28T07:47:55.620+0000] {processor.py:208} INFO - Processing /home/airflow/.local/lib/python3.12/site-packages/airflow/example_dags/example_external_task_marker_dag.py took 0.058 seconds
[2024-09-28T07:48:25.971+0000] {processor.py:186} INFO - Started process (PID=742) to work on /home/airflow/.local/lib/python3.12/site-packages/airflow/example_dags/example_external_task_marker_dag.py
[2024-09-28T07:48:25.973+0000] {processor.py:914} INFO - Processing file /home/airflow/.local/lib/python3.12/site-packages/airflow/example_dags/example_external_task_marker_dag.py for tasks to queue
[2024-09-28T07:48:25.977+0000] {logging_mixin.py:190} INFO - [2024-09-28T07:48:25.977+0000] {dagbag.py:588} INFO - Filling up the DagBag from /home/airflow/.local/lib/python3.12/site-packages/airflow/example_dags/example_external_task_marker_dag.py
[2024-09-28T07:48:25.989+0000] {processor.py:925} INFO - DAG(s) 'example_external_task_marker_parent', 'example_external_task_marker_child' retrieved from /home/airflow/.local/lib/python3.12/site-packages/airflow/example_dags/example_external_task_marker_dag.py
[2024-09-28T07:48:26.009+0000] {logging_mixin.py:190} INFO - [2024-09-28T07:48:26.009+0000] {dag.py:3239} INFO - Sync 2 DAGs
[2024-09-28T07:48:26.020+0000] {logging_mixin.py:190} INFO - [2024-09-28T07:48:26.020+0000] {dag.py:4180} INFO - Setting next_dagrun for example_external_task_marker_child to None, run_after=None
[2024-09-28T07:48:26.022+0000] {logging_mixin.py:190} INFO - [2024-09-28T07:48:26.022+0000] {dag.py:4180} INFO - Setting next_dagrun for example_external_task_marker_parent to None, run_after=None
[2024-09-28T07:48:26.030+0000] {processor.py:208} INFO - Processing /home/airflow/.local/lib/python3.12/site-packages/airflow/example_dags/example_external_task_marker_dag.py took 0.068 seconds
[2024-09-28T07:48:56.355+0000] {processor.py:186} INFO - Started process (PID=1027) to work on /home/airflow/.local/lib/python3.12/site-packages/airflow/example_dags/example_external_task_marker_dag.py
[2024-09-28T07:48:56.357+0000] {processor.py:914} INFO - Processing file /home/airflow/.local/lib/python3.12/site-packages/airflow/example_dags/example_external_task_marker_dag.py for tasks to queue
[2024-09-28T07:48:56.361+0000] {logging_mixin.py:190} INFO - [2024-09-28T07:48:56.360+0000] {dagbag.py:588} INFO - Filling up the DagBag from /home/airflow/.local/lib/python3.12/site-packages/airflow/example_dags/example_external_task_marker_dag.py
[2024-09-28T07:48:56.372+0000] {processor.py:925} INFO - DAG(s) 'example_external_task_marker_child', 'example_external_task_marker_parent' retrieved from /home/airflow/.local/lib/python3.12/site-packages/airflow/example_dags/example_external_task_marker_dag.py
[2024-09-28T07:48:56.393+0000] {logging_mixin.py:190} INFO - [2024-09-28T07:48:56.393+0000] {dag.py:3239} INFO - Sync 2 DAGs
[2024-09-28T07:48:56.404+0000] {logging_mixin.py:190} INFO - [2024-09-28T07:48:56.404+0000] {dag.py:4180} INFO - Setting next_dagrun for example_external_task_marker_child to None, run_after=None
[2024-09-28T07:48:56.406+0000] {logging_mixin.py:190} INFO - [2024-09-28T07:48:56.406+0000] {dag.py:4180} INFO - Setting next_dagrun for example_external_task_marker_parent to None, run_after=None
[2024-09-28T07:48:56.416+0000] {processor.py:208} INFO - Processing /home/airflow/.local/lib/python3.12/site-packages/airflow/example_dags/example_external_task_marker_dag.py took 0.070 seconds
[2024-09-28T07:49:26.504+0000] {processor.py:186} INFO - Started process (PID=1341) to work on /home/airflow/.local/lib/python3.12/site-packages/airflow/example_dags/example_external_task_marker_dag.py
[2024-09-28T07:49:26.507+0000] {processor.py:914} INFO - Processing file /home/airflow/.local/lib/python3.12/site-packages/airflow/example_dags/example_external_task_marker_dag.py for tasks to queue
[2024-09-28T07:49:26.508+0000] {logging_mixin.py:190} INFO - [2024-09-28T07:49:26.508+0000] {dagbag.py:588} INFO - Filling up the DagBag from /home/airflow/.local/lib/python3.12/site-packages/airflow/example_dags/example_external_task_marker_dag.py
[2024-09-28T07:49:26.513+0000] {processor.py:925} INFO - DAG(s) 'example_external_task_marker_child', 'example_external_task_marker_parent' retrieved from /home/airflow/.local/lib/python3.12/site-packages/airflow/example_dags/example_external_task_marker_dag.py
[2024-09-28T07:49:26.527+0000] {logging_mixin.py:190} INFO - [2024-09-28T07:49:26.527+0000] {dag.py:3239} INFO - Sync 2 DAGs
[2024-09-28T07:49:26.534+0000] {logging_mixin.py:190} INFO - [2024-09-28T07:49:26.534+0000] {dag.py:4180} INFO - Setting next_dagrun for example_external_task_marker_child to None, run_after=None
[2024-09-28T07:49:26.537+0000] {logging_mixin.py:190} INFO - [2024-09-28T07:49:26.537+0000] {dag.py:4180} INFO - Setting next_dagrun for example_external_task_marker_parent to None, run_after=None
[2024-09-28T07:49:26.545+0000] {processor.py:208} INFO - Processing /home/airflow/.local/lib/python3.12/site-packages/airflow/example_dags/example_external_task_marker_dag.py took 0.046 seconds
[2024-09-28T07:49:56.679+0000] {processor.py:186} INFO - Started process (PID=1627) to work on /home/airflow/.local/lib/python3.12/site-packages/airflow/example_dags/example_external_task_marker_dag.py
[2024-09-28T07:49:56.683+0000] {processor.py:914} INFO - Processing file /home/airflow/.local/lib/python3.12/site-packages/airflow/example_dags/example_external_task_marker_dag.py for tasks to queue
[2024-09-28T07:49:56.686+0000] {logging_mixin.py:190} INFO - [2024-09-28T07:49:56.685+0000] {dagbag.py:588} INFO - Filling up the DagBag from /home/airflow/.local/lib/python3.12/site-packages/airflow/example_dags/example_external_task_marker_dag.py
[2024-09-28T07:49:56.693+0000] {processor.py:925} INFO - DAG(s) 'example_external_task_marker_parent', 'example_external_task_marker_child' retrieved from /home/airflow/.local/lib/python3.12/site-packages/airflow/example_dags/example_external_task_marker_dag.py
[2024-09-28T07:49:56.713+0000] {logging_mixin.py:190} INFO - [2024-09-28T07:49:56.713+0000] {dag.py:3239} INFO - Sync 2 DAGs
[2024-09-28T07:49:56.724+0000] {logging_mixin.py:190} INFO - [2024-09-28T07:49:56.724+0000] {dag.py:4180} INFO - Setting next_dagrun for example_external_task_marker_child to None, run_after=None
[2024-09-28T07:49:56.726+0000] {logging_mixin.py:190} INFO - [2024-09-28T07:49:56.726+0000] {dag.py:4180} INFO - Setting next_dagrun for example_external_task_marker_parent to None, run_after=None
[2024-09-28T07:49:56.735+0000] {processor.py:208} INFO - Processing /home/airflow/.local/lib/python3.12/site-packages/airflow/example_dags/example_external_task_marker_dag.py took 0.063 seconds
[2024-09-28T07:50:26.888+0000] {processor.py:186} INFO - Started process (PID=1913) to work on /home/airflow/.local/lib/python3.12/site-packages/airflow/example_dags/example_external_task_marker_dag.py
[2024-09-28T07:50:26.893+0000] {processor.py:914} INFO - Processing file /home/airflow/.local/lib/python3.12/site-packages/airflow/example_dags/example_external_task_marker_dag.py for tasks to queue
[2024-09-28T07:50:26.896+0000] {logging_mixin.py:190} INFO - [2024-09-28T07:50:26.896+0000] {dagbag.py:588} INFO - Filling up the DagBag from /home/airflow/.local/lib/python3.12/site-packages/airflow/example_dags/example_external_task_marker_dag.py
[2024-09-28T07:50:26.904+0000] {processor.py:925} INFO - DAG(s) 'example_external_task_marker_child', 'example_external_task_marker_parent' retrieved from /home/airflow/.local/lib/python3.12/site-packages/airflow/example_dags/example_external_task_marker_dag.py
[2024-09-28T07:50:26.922+0000] {logging_mixin.py:190} INFO - [2024-09-28T07:50:26.921+0000] {dag.py:3239} INFO - Sync 2 DAGs
[2024-09-28T07:50:26.932+0000] {logging_mixin.py:190} INFO - [2024-09-28T07:50:26.932+0000] {dag.py:4180} INFO - Setting next_dagrun for example_external_task_marker_child to None, run_after=None
[2024-09-28T07:50:26.935+0000] {logging_mixin.py:190} INFO - [2024-09-28T07:50:26.935+0000] {dag.py:4180} INFO - Setting next_dagrun for example_external_task_marker_parent to None, run_after=None
[2024-09-28T07:50:26.943+0000] {processor.py:208} INFO - Processing /home/airflow/.local/lib/python3.12/site-packages/airflow/example_dags/example_external_task_marker_dag.py took 0.062 seconds
[2024-09-28T07:50:57.232+0000] {processor.py:186} INFO - Started process (PID=2199) to work on /home/airflow/.local/lib/python3.12/site-packages/airflow/example_dags/example_external_task_marker_dag.py
[2024-09-28T07:50:57.237+0000] {processor.py:914} INFO - Processing file /home/airflow/.local/lib/python3.12/site-packages/airflow/example_dags/example_external_task_marker_dag.py for tasks to queue
[2024-09-28T07:50:57.239+0000] {logging_mixin.py:190} INFO - [2024-09-28T07:50:57.239+0000] {dagbag.py:588} INFO - Filling up the DagBag from /home/airflow/.local/lib/python3.12/site-packages/airflow/example_dags/example_external_task_marker_dag.py
[2024-09-28T07:50:57.246+0000] {processor.py:925} INFO - DAG(s) 'example_external_task_marker_parent', 'example_external_task_marker_child' retrieved from /home/airflow/.local/lib/python3.12/site-packages/airflow/example_dags/example_external_task_marker_dag.py
[2024-09-28T07:50:57.267+0000] {logging_mixin.py:190} INFO - [2024-09-28T07:50:57.267+0000] {dag.py:3239} INFO - Sync 2 DAGs
[2024-09-28T07:50:57.281+0000] {logging_mixin.py:190} INFO - [2024-09-28T07:50:57.280+0000] {dag.py:4180} INFO - Setting next_dagrun for example_external_task_marker_child to None, run_after=None
[2024-09-28T07:50:57.283+0000] {logging_mixin.py:190} INFO - [2024-09-28T07:50:57.283+0000] {dag.py:4180} INFO - Setting next_dagrun for example_external_task_marker_parent to None, run_after=None
[2024-09-28T07:50:57.293+0000] {processor.py:208} INFO - Processing /home/airflow/.local/lib/python3.12/site-packages/airflow/example_dags/example_external_task_marker_dag.py took 0.069 seconds
[2024-09-28T07:51:27.545+0000] {processor.py:186} INFO - Started process (PID=2484) to work on /home/airflow/.local/lib/python3.12/site-packages/airflow/example_dags/example_external_task_marker_dag.py
[2024-09-28T07:51:27.548+0000] {processor.py:914} INFO - Processing file /home/airflow/.local/lib/python3.12/site-packages/airflow/example_dags/example_external_task_marker_dag.py for tasks to queue
[2024-09-28T07:51:27.550+0000] {logging_mixin.py:190} INFO - [2024-09-28T07:51:27.550+0000] {dagbag.py:588} INFO - Filling up the DagBag from /home/airflow/.local/lib/python3.12/site-packages/airflow/example_dags/example_external_task_marker_dag.py
[2024-09-28T07:51:27.555+0000] {processor.py:925} INFO - DAG(s) 'example_external_task_marker_child', 'example_external_task_marker_parent' retrieved from /home/airflow/.local/lib/python3.12/site-packages/airflow/example_dags/example_external_task_marker_dag.py
[2024-09-28T07:51:27.571+0000] {logging_mixin.py:190} INFO - [2024-09-28T07:51:27.571+0000] {dag.py:3239} INFO - Sync 2 DAGs
[2024-09-28T07:51:27.588+0000] {logging_mixin.py:190} INFO - [2024-09-28T07:51:27.588+0000] {dag.py:4180} INFO - Setting next_dagrun for example_external_task_marker_child to None, run_after=None
[2024-09-28T07:51:27.592+0000] {logging_mixin.py:190} INFO - [2024-09-28T07:51:27.592+0000] {dag.py:4180} INFO - Setting next_dagrun for example_external_task_marker_parent to None, run_after=None
[2024-09-28T07:51:27.605+0000] {processor.py:208} INFO - Processing /home/airflow/.local/lib/python3.12/site-packages/airflow/example_dags/example_external_task_marker_dag.py took 0.064 seconds
[2024-09-28T07:51:57.760+0000] {processor.py:186} INFO - Started process (PID=2769) to work on /home/airflow/.local/lib/python3.12/site-packages/airflow/example_dags/example_external_task_marker_dag.py
[2024-09-28T07:51:57.762+0000] {processor.py:914} INFO - Processing file /home/airflow/.local/lib/python3.12/site-packages/airflow/example_dags/example_external_task_marker_dag.py for tasks to queue
[2024-09-28T07:51:57.765+0000] {logging_mixin.py:190} INFO - [2024-09-28T07:51:57.764+0000] {dagbag.py:588} INFO - Filling up the DagBag from /home/airflow/.local/lib/python3.12/site-packages/airflow/example_dags/example_external_task_marker_dag.py
[2024-09-28T07:51:57.772+0000] {processor.py:925} INFO - DAG(s) 'example_external_task_marker_parent', 'example_external_task_marker_child' retrieved from /home/airflow/.local/lib/python3.12/site-packages/airflow/example_dags/example_external_task_marker_dag.py
[2024-09-28T07:51:57.793+0000] {logging_mixin.py:190} INFO - [2024-09-28T07:51:57.793+0000] {dag.py:3239} INFO - Sync 2 DAGs
[2024-09-28T07:51:57.803+0000] {logging_mixin.py:190} INFO - [2024-09-28T07:51:57.803+0000] {dag.py:4180} INFO - Setting next_dagrun for example_external_task_marker_child to None, run_after=None
[2024-09-28T07:51:57.806+0000] {logging_mixin.py:190} INFO - [2024-09-28T07:51:57.806+0000] {dag.py:4180} INFO - Setting next_dagrun for example_external_task_marker_parent to None, run_after=None
[2024-09-28T07:51:57.815+0000] {processor.py:208} INFO - Processing /home/airflow/.local/lib/python3.12/site-packages/airflow/example_dags/example_external_task_marker_dag.py took 0.062 seconds
[2024-09-28T07:52:27.873+0000] {processor.py:186} INFO - Started process (PID=3055) to work on /home/airflow/.local/lib/python3.12/site-packages/airflow/example_dags/example_external_task_marker_dag.py
[2024-09-28T07:52:27.874+0000] {processor.py:914} INFO - Processing file /home/airflow/.local/lib/python3.12/site-packages/airflow/example_dags/example_external_task_marker_dag.py for tasks to queue
[2024-09-28T07:52:27.875+0000] {logging_mixin.py:190} INFO - [2024-09-28T07:52:27.875+0000] {dagbag.py:588} INFO - Filling up the DagBag from /home/airflow/.local/lib/python3.12/site-packages/airflow/example_dags/example_external_task_marker_dag.py
[2024-09-28T07:52:27.879+0000] {processor.py:925} INFO - DAG(s) 'example_external_task_marker_child', 'example_external_task_marker_parent' retrieved from /home/airflow/.local/lib/python3.12/site-packages/airflow/example_dags/example_external_task_marker_dag.py
[2024-09-28T07:52:27.900+0000] {logging_mixin.py:190} INFO - [2024-09-28T07:52:27.899+0000] {dag.py:3239} INFO - Sync 2 DAGs
[2024-09-28T07:52:27.911+0000] {logging_mixin.py:190} INFO - [2024-09-28T07:52:27.911+0000] {dag.py:4180} INFO - Setting next_dagrun for example_external_task_marker_child to None, run_after=None
[2024-09-28T07:52:27.915+0000] {logging_mixin.py:190} INFO - [2024-09-28T07:52:27.915+0000] {dag.py:4180} INFO - Setting next_dagrun for example_external_task_marker_parent to None, run_after=None
[2024-09-28T07:52:27.926+0000] {processor.py:208} INFO - Processing /home/airflow/.local/lib/python3.12/site-packages/airflow/example_dags/example_external_task_marker_dag.py took 0.056 seconds
[2024-09-28T07:52:58.132+0000] {processor.py:186} INFO - Started process (PID=3341) to work on /home/airflow/.local/lib/python3.12/site-packages/airflow/example_dags/example_external_task_marker_dag.py
[2024-09-28T07:52:58.135+0000] {processor.py:914} INFO - Processing file /home/airflow/.local/lib/python3.12/site-packages/airflow/example_dags/example_external_task_marker_dag.py for tasks to queue
[2024-09-28T07:52:58.138+0000] {logging_mixin.py:190} INFO - [2024-09-28T07:52:58.138+0000] {dagbag.py:588} INFO - Filling up the DagBag from /home/airflow/.local/lib/python3.12/site-packages/airflow/example_dags/example_external_task_marker_dag.py
[2024-09-28T07:52:58.143+0000] {processor.py:925} INFO - DAG(s) 'example_external_task_marker_parent', 'example_external_task_marker_child' retrieved from /home/airflow/.local/lib/python3.12/site-packages/airflow/example_dags/example_external_task_marker_dag.py
[2024-09-28T07:52:58.162+0000] {logging_mixin.py:190} INFO - [2024-09-28T07:52:58.162+0000] {dag.py:3239} INFO - Sync 2 DAGs
[2024-09-28T07:52:58.170+0000] {logging_mixin.py:190} INFO - [2024-09-28T07:52:58.170+0000] {dag.py:4180} INFO - Setting next_dagrun for example_external_task_marker_child to None, run_after=None
[2024-09-28T07:52:58.175+0000] {logging_mixin.py:190} INFO - [2024-09-28T07:52:58.175+0000] {dag.py:4180} INFO - Setting next_dagrun for example_external_task_marker_parent to None, run_after=None
[2024-09-28T07:52:58.186+0000] {processor.py:208} INFO - Processing /home/airflow/.local/lib/python3.12/site-packages/airflow/example_dags/example_external_task_marker_dag.py took 0.059 seconds
[2024-09-28T07:53:28.466+0000] {processor.py:186} INFO - Started process (PID=3627) to work on /home/airflow/.local/lib/python3.12/site-packages/airflow/example_dags/example_external_task_marker_dag.py
[2024-09-28T07:53:28.470+0000] {processor.py:914} INFO - Processing file /home/airflow/.local/lib/python3.12/site-packages/airflow/example_dags/example_external_task_marker_dag.py for tasks to queue
[2024-09-28T07:53:28.472+0000] {logging_mixin.py:190} INFO - [2024-09-28T07:53:28.472+0000] {dagbag.py:588} INFO - Filling up the DagBag from /home/airflow/.local/lib/python3.12/site-packages/airflow/example_dags/example_external_task_marker_dag.py
[2024-09-28T07:53:28.477+0000] {processor.py:925} INFO - DAG(s) 'example_external_task_marker_parent', 'example_external_task_marker_child' retrieved from /home/airflow/.local/lib/python3.12/site-packages/airflow/example_dags/example_external_task_marker_dag.py
[2024-09-28T07:53:28.494+0000] {logging_mixin.py:190} INFO - [2024-09-28T07:53:28.494+0000] {dag.py:3239} INFO - Sync 2 DAGs
[2024-09-28T07:53:28.504+0000] {logging_mixin.py:190} INFO - [2024-09-28T07:53:28.504+0000] {dag.py:4180} INFO - Setting next_dagrun for example_external_task_marker_child to None, run_after=None
[2024-09-28T07:53:28.509+0000] {logging_mixin.py:190} INFO - [2024-09-28T07:53:28.508+0000] {dag.py:4180} INFO - Setting next_dagrun for example_external_task_marker_parent to None, run_after=None
[2024-09-28T07:53:28.522+0000] {processor.py:208} INFO - Processing /home/airflow/.local/lib/python3.12/site-packages/airflow/example_dags/example_external_task_marker_dag.py took 0.061 seconds
[2024-09-28T07:53:58.690+0000] {processor.py:186} INFO - Started process (PID=3913) to work on /home/airflow/.local/lib/python3.12/site-packages/airflow/example_dags/example_external_task_marker_dag.py
[2024-09-28T07:53:58.691+0000] {processor.py:914} INFO - Processing file /home/airflow/.local/lib/python3.12/site-packages/airflow/example_dags/example_external_task_marker_dag.py for tasks to queue
[2024-09-28T07:53:58.692+0000] {logging_mixin.py:190} INFO - [2024-09-28T07:53:58.692+0000] {dagbag.py:588} INFO - Filling up the DagBag from /home/airflow/.local/lib/python3.12/site-packages/airflow/example_dags/example_external_task_marker_dag.py
[2024-09-28T07:53:58.697+0000] {processor.py:925} INFO - DAG(s) 'example_external_task_marker_child', 'example_external_task_marker_parent' retrieved from /home/airflow/.local/lib/python3.12/site-packages/airflow/example_dags/example_external_task_marker_dag.py
[2024-09-28T07:53:58.711+0000] {logging_mixin.py:190} INFO - [2024-09-28T07:53:58.711+0000] {dag.py:3239} INFO - Sync 2 DAGs
[2024-09-28T07:53:58.722+0000] {logging_mixin.py:190} INFO - [2024-09-28T07:53:58.722+0000] {dag.py:4180} INFO - Setting next_dagrun for example_external_task_marker_child to None, run_after=None
[2024-09-28T07:53:58.725+0000] {logging_mixin.py:190} INFO - [2024-09-28T07:53:58.725+0000] {dag.py:4180} INFO - Setting next_dagrun for example_external_task_marker_parent to None, run_after=None
[2024-09-28T07:53:58.734+0000] {processor.py:208} INFO - Processing /home/airflow/.local/lib/python3.12/site-packages/airflow/example_dags/example_external_task_marker_dag.py took 0.048 seconds
[2024-09-28T07:54:28.944+0000] {processor.py:186} INFO - Started process (PID=4199) to work on /home/airflow/.local/lib/python3.12/site-packages/airflow/example_dags/example_external_task_marker_dag.py
[2024-09-28T07:54:28.945+0000] {processor.py:914} INFO - Processing file /home/airflow/.local/lib/python3.12/site-packages/airflow/example_dags/example_external_task_marker_dag.py for tasks to queue
[2024-09-28T07:54:28.947+0000] {logging_mixin.py:190} INFO - [2024-09-28T07:54:28.947+0000] {dagbag.py:588} INFO - Filling up the DagBag from /home/airflow/.local/lib/python3.12/site-packages/airflow/example_dags/example_external_task_marker_dag.py
[2024-09-28T07:54:28.951+0000] {processor.py:925} INFO - DAG(s) 'example_external_task_marker_parent', 'example_external_task_marker_child' retrieved from /home/airflow/.local/lib/python3.12/site-packages/airflow/example_dags/example_external_task_marker_dag.py
[2024-09-28T07:54:28.966+0000] {logging_mixin.py:190} INFO - [2024-09-28T07:54:28.965+0000] {dag.py:3239} INFO - Sync 2 DAGs
[2024-09-28T07:54:28.975+0000] {logging_mixin.py:190} INFO - [2024-09-28T07:54:28.974+0000] {dag.py:4180} INFO - Setting next_dagrun for example_external_task_marker_child to None, run_after=None
[2024-09-28T07:54:28.977+0000] {logging_mixin.py:190} INFO - [2024-09-28T07:54:28.977+0000] {dag.py:4180} INFO - Setting next_dagrun for example_external_task_marker_parent to None, run_after=None
[2024-09-28T07:54:28.992+0000] {processor.py:208} INFO - Processing /home/airflow/.local/lib/python3.12/site-packages/airflow/example_dags/example_external_task_marker_dag.py took 0.055 seconds
[2024-09-28T07:54:59.569+0000] {processor.py:186} INFO - Started process (PID=4485) to work on /home/airflow/.local/lib/python3.12/site-packages/airflow/example_dags/example_external_task_marker_dag.py
[2024-09-28T07:54:59.571+0000] {processor.py:914} INFO - Processing file /home/airflow/.local/lib/python3.12/site-packages/airflow/example_dags/example_external_task_marker_dag.py for tasks to queue
[2024-09-28T07:54:59.574+0000] {logging_mixin.py:190} INFO - [2024-09-28T07:54:59.574+0000] {dagbag.py:588} INFO - Filling up the DagBag from /home/airflow/.local/lib/python3.12/site-packages/airflow/example_dags/example_external_task_marker_dag.py
[2024-09-28T07:54:59.584+0000] {processor.py:925} INFO - DAG(s) 'example_external_task_marker_child', 'example_external_task_marker_parent' retrieved from /home/airflow/.local/lib/python3.12/site-packages/airflow/example_dags/example_external_task_marker_dag.py
[2024-09-28T07:54:59.606+0000] {logging_mixin.py:190} INFO - [2024-09-28T07:54:59.606+0000] {dag.py:3239} INFO - Sync 2 DAGs
[2024-09-28T07:54:59.619+0000] {logging_mixin.py:190} INFO - [2024-09-28T07:54:59.619+0000] {dag.py:4180} INFO - Setting next_dagrun for example_external_task_marker_child to None, run_after=None
[2024-09-28T07:54:59.622+0000] {logging_mixin.py:190} INFO - [2024-09-28T07:54:59.622+0000] {dag.py:4180} INFO - Setting next_dagrun for example_external_task_marker_parent to None, run_after=None
[2024-09-28T07:54:59.632+0000] {processor.py:208} INFO - Processing /home/airflow/.local/lib/python3.12/site-packages/airflow/example_dags/example_external_task_marker_dag.py took 0.073 seconds
[2024-09-28T07:55:29.882+0000] {processor.py:186} INFO - Started process (PID=4771) to work on /home/airflow/.local/lib/python3.12/site-packages/airflow/example_dags/example_external_task_marker_dag.py
[2024-09-28T07:55:29.884+0000] {processor.py:914} INFO - Processing file /home/airflow/.local/lib/python3.12/site-packages/airflow/example_dags/example_external_task_marker_dag.py for tasks to queue
[2024-09-28T07:55:29.885+0000] {logging_mixin.py:190} INFO - [2024-09-28T07:55:29.885+0000] {dagbag.py:588} INFO - Filling up the DagBag from /home/airflow/.local/lib/python3.12/site-packages/airflow/example_dags/example_external_task_marker_dag.py
[2024-09-28T07:55:29.890+0000] {processor.py:925} INFO - DAG(s) 'example_external_task_marker_parent', 'example_external_task_marker_child' retrieved from /home/airflow/.local/lib/python3.12/site-packages/airflow/example_dags/example_external_task_marker_dag.py
[2024-09-28T07:55:29.912+0000] {logging_mixin.py:190} INFO - [2024-09-28T07:55:29.912+0000] {dag.py:3239} INFO - Sync 2 DAGs
[2024-09-28T07:55:29.925+0000] {logging_mixin.py:190} INFO - [2024-09-28T07:55:29.925+0000] {dag.py:4180} INFO - Setting next_dagrun for example_external_task_marker_child to None, run_after=None
[2024-09-28T07:55:29.928+0000] {logging_mixin.py:190} INFO - [2024-09-28T07:55:29.928+0000] {dag.py:4180} INFO - Setting next_dagrun for example_external_task_marker_parent to None, run_after=None
[2024-09-28T07:55:29.941+0000] {processor.py:208} INFO - Processing /home/airflow/.local/lib/python3.12/site-packages/airflow/example_dags/example_external_task_marker_dag.py took 0.063 seconds
[2024-09-28T07:56:00.279+0000] {processor.py:186} INFO - Started process (PID=5057) to work on /home/airflow/.local/lib/python3.12/site-packages/airflow/example_dags/example_external_task_marker_dag.py
[2024-09-28T07:56:00.283+0000] {processor.py:914} INFO - Processing file /home/airflow/.local/lib/python3.12/site-packages/airflow/example_dags/example_external_task_marker_dag.py for tasks to queue
[2024-09-28T07:56:00.286+0000] {logging_mixin.py:190} INFO - [2024-09-28T07:56:00.286+0000] {dagbag.py:588} INFO - Filling up the DagBag from /home/airflow/.local/lib/python3.12/site-packages/airflow/example_dags/example_external_task_marker_dag.py
[2024-09-28T07:56:00.297+0000] {processor.py:925} INFO - DAG(s) 'example_external_task_marker_parent', 'example_external_task_marker_child' retrieved from /home/airflow/.local/lib/python3.12/site-packages/airflow/example_dags/example_external_task_marker_dag.py
[2024-09-28T07:56:00.314+0000] {logging_mixin.py:190} INFO - [2024-09-28T07:56:00.314+0000] {dag.py:3239} INFO - Sync 2 DAGs
[2024-09-28T07:56:00.327+0000] {logging_mixin.py:190} INFO - [2024-09-28T07:56:00.326+0000] {dag.py:4180} INFO - Setting next_dagrun for example_external_task_marker_child to None, run_after=None
[2024-09-28T07:56:00.331+0000] {logging_mixin.py:190} INFO - [2024-09-28T07:56:00.331+0000] {dag.py:4180} INFO - Setting next_dagrun for example_external_task_marker_parent to None, run_after=None
[2024-09-28T07:56:00.342+0000] {processor.py:208} INFO - Processing /home/airflow/.local/lib/python3.12/site-packages/airflow/example_dags/example_external_task_marker_dag.py took 0.073 seconds
[2024-09-28T07:56:30.631+0000] {processor.py:186} INFO - Started process (PID=5349) to work on /home/airflow/.local/lib/python3.12/site-packages/airflow/example_dags/example_external_task_marker_dag.py
[2024-09-28T07:56:30.633+0000] {processor.py:914} INFO - Processing file /home/airflow/.local/lib/python3.12/site-packages/airflow/example_dags/example_external_task_marker_dag.py for tasks to queue
[2024-09-28T07:56:30.635+0000] {logging_mixin.py:190} INFO - [2024-09-28T07:56:30.635+0000] {dagbag.py:588} INFO - Filling up the DagBag from /home/airflow/.local/lib/python3.12/site-packages/airflow/example_dags/example_external_task_marker_dag.py
[2024-09-28T07:56:30.645+0000] {processor.py:925} INFO - DAG(s) 'example_external_task_marker_child', 'example_external_task_marker_parent' retrieved from /home/airflow/.local/lib/python3.12/site-packages/airflow/example_dags/example_external_task_marker_dag.py
[2024-09-28T07:56:30.664+0000] {logging_mixin.py:190} INFO - [2024-09-28T07:56:30.664+0000] {dag.py:3239} INFO - Sync 2 DAGs
[2024-09-28T07:56:30.675+0000] {logging_mixin.py:190} INFO - [2024-09-28T07:56:30.674+0000] {dag.py:4180} INFO - Setting next_dagrun for example_external_task_marker_child to None, run_after=None
[2024-09-28T07:56:30.677+0000] {logging_mixin.py:190} INFO - [2024-09-28T07:56:30.677+0000] {dag.py:4180} INFO - Setting next_dagrun for example_external_task_marker_parent to None, run_after=None
[2024-09-28T07:56:30.697+0000] {processor.py:208} INFO - Processing /home/airflow/.local/lib/python3.12/site-packages/airflow/example_dags/example_external_task_marker_dag.py took 0.072 seconds
[2024-09-28T07:57:01.016+0000] {processor.py:186} INFO - Started process (PID=5635) to work on /home/airflow/.local/lib/python3.12/site-packages/airflow/example_dags/example_external_task_marker_dag.py
[2024-09-28T07:57:01.019+0000] {processor.py:914} INFO - Processing file /home/airflow/.local/lib/python3.12/site-packages/airflow/example_dags/example_external_task_marker_dag.py for tasks to queue
[2024-09-28T07:57:01.023+0000] {logging_mixin.py:190} INFO - [2024-09-28T07:57:01.023+0000] {dagbag.py:588} INFO - Filling up the DagBag from /home/airflow/.local/lib/python3.12/site-packages/airflow/example_dags/example_external_task_marker_dag.py
[2024-09-28T07:57:01.031+0000] {processor.py:925} INFO - DAG(s) 'example_external_task_marker_parent', 'example_external_task_marker_child' retrieved from /home/airflow/.local/lib/python3.12/site-packages/airflow/example_dags/example_external_task_marker_dag.py
[2024-09-28T07:57:01.050+0000] {logging_mixin.py:190} INFO - [2024-09-28T07:57:01.050+0000] {dag.py:3239} INFO - Sync 2 DAGs
[2024-09-28T07:57:01.061+0000] {logging_mixin.py:190} INFO - [2024-09-28T07:57:01.061+0000] {dag.py:4180} INFO - Setting next_dagrun for example_external_task_marker_child to None, run_after=None
[2024-09-28T07:57:01.064+0000] {logging_mixin.py:190} INFO - [2024-09-28T07:57:01.064+0000] {dag.py:4180} INFO - Setting next_dagrun for example_external_task_marker_parent to None, run_after=None
[2024-09-28T07:57:01.073+0000] {processor.py:208} INFO - Processing /home/airflow/.local/lib/python3.12/site-packages/airflow/example_dags/example_external_task_marker_dag.py took 0.067 seconds
[2024-09-28T07:57:31.358+0000] {processor.py:186} INFO - Started process (PID=5921) to work on /home/airflow/.local/lib/python3.12/site-packages/airflow/example_dags/example_external_task_marker_dag.py
[2024-09-28T07:57:31.360+0000] {processor.py:914} INFO - Processing file /home/airflow/.local/lib/python3.12/site-packages/airflow/example_dags/example_external_task_marker_dag.py for tasks to queue
[2024-09-28T07:57:31.365+0000] {logging_mixin.py:190} INFO - [2024-09-28T07:57:31.365+0000] {dagbag.py:588} INFO - Filling up the DagBag from /home/airflow/.local/lib/python3.12/site-packages/airflow/example_dags/example_external_task_marker_dag.py
[2024-09-28T07:57:31.376+0000] {processor.py:925} INFO - DAG(s) 'example_external_task_marker_parent', 'example_external_task_marker_child' retrieved from /home/airflow/.local/lib/python3.12/site-packages/airflow/example_dags/example_external_task_marker_dag.py
[2024-09-28T07:57:31.396+0000] {logging_mixin.py:190} INFO - [2024-09-28T07:57:31.395+0000] {dag.py:3239} INFO - Sync 2 DAGs
[2024-09-28T07:57:31.406+0000] {logging_mixin.py:190} INFO - [2024-09-28T07:57:31.406+0000] {dag.py:4180} INFO - Setting next_dagrun for example_external_task_marker_child to None, run_after=None
[2024-09-28T07:57:31.409+0000] {logging_mixin.py:190} INFO - [2024-09-28T07:57:31.408+0000] {dag.py:4180} INFO - Setting next_dagrun for example_external_task_marker_parent to None, run_after=None
[2024-09-28T07:57:31.419+0000] {processor.py:208} INFO - Processing /home/airflow/.local/lib/python3.12/site-packages/airflow/example_dags/example_external_task_marker_dag.py took 0.067 seconds
[2024-09-28T07:58:01.572+0000] {processor.py:186} INFO - Started process (PID=6206) to work on /home/airflow/.local/lib/python3.12/site-packages/airflow/example_dags/example_external_task_marker_dag.py
[2024-09-28T07:58:01.573+0000] {processor.py:914} INFO - Processing file /home/airflow/.local/lib/python3.12/site-packages/airflow/example_dags/example_external_task_marker_dag.py for tasks to queue
[2024-09-28T07:58:01.575+0000] {logging_mixin.py:190} INFO - [2024-09-28T07:58:01.574+0000] {dagbag.py:588} INFO - Filling up the DagBag from /home/airflow/.local/lib/python3.12/site-packages/airflow/example_dags/example_external_task_marker_dag.py
[2024-09-28T07:58:01.581+0000] {processor.py:925} INFO - DAG(s) 'example_external_task_marker_parent', 'example_external_task_marker_child' retrieved from /home/airflow/.local/lib/python3.12/site-packages/airflow/example_dags/example_external_task_marker_dag.py
[2024-09-28T07:58:01.598+0000] {logging_mixin.py:190} INFO - [2024-09-28T07:58:01.598+0000] {dag.py:3239} INFO - Sync 2 DAGs
[2024-09-28T07:58:01.611+0000] {logging_mixin.py:190} INFO - [2024-09-28T07:58:01.611+0000] {dag.py:4180} INFO - Setting next_dagrun for example_external_task_marker_child to None, run_after=None
[2024-09-28T07:58:01.615+0000] {logging_mixin.py:190} INFO - [2024-09-28T07:58:01.615+0000] {dag.py:4180} INFO - Setting next_dagrun for example_external_task_marker_parent to None, run_after=None
[2024-09-28T07:58:01.626+0000] {processor.py:208} INFO - Processing /home/airflow/.local/lib/python3.12/site-packages/airflow/example_dags/example_external_task_marker_dag.py took 0.057 seconds
[2024-09-28T07:58:31.914+0000] {processor.py:186} INFO - Started process (PID=6492) to work on /home/airflow/.local/lib/python3.12/site-packages/airflow/example_dags/example_external_task_marker_dag.py
[2024-09-28T07:58:31.918+0000] {processor.py:914} INFO - Processing file /home/airflow/.local/lib/python3.12/site-packages/airflow/example_dags/example_external_task_marker_dag.py for tasks to queue
[2024-09-28T07:58:31.920+0000] {logging_mixin.py:190} INFO - [2024-09-28T07:58:31.920+0000] {dagbag.py:588} INFO - Filling up the DagBag from /home/airflow/.local/lib/python3.12/site-packages/airflow/example_dags/example_external_task_marker_dag.py
[2024-09-28T07:58:31.928+0000] {processor.py:925} INFO - DAG(s) 'example_external_task_marker_parent', 'example_external_task_marker_child' retrieved from /home/airflow/.local/lib/python3.12/site-packages/airflow/example_dags/example_external_task_marker_dag.py
[2024-09-28T07:58:31.950+0000] {logging_mixin.py:190} INFO - [2024-09-28T07:58:31.950+0000] {dag.py:3239} INFO - Sync 2 DAGs
[2024-09-28T07:58:31.969+0000] {logging_mixin.py:190} INFO - [2024-09-28T07:58:31.969+0000] {dag.py:4180} INFO - Setting next_dagrun for example_external_task_marker_child to None, run_after=None
[2024-09-28T07:58:31.972+0000] {logging_mixin.py:190} INFO - [2024-09-28T07:58:31.972+0000] {dag.py:4180} INFO - Setting next_dagrun for example_external_task_marker_parent to None, run_after=None
[2024-09-28T07:58:31.984+0000] {processor.py:208} INFO - Processing /home/airflow/.local/lib/python3.12/site-packages/airflow/example_dags/example_external_task_marker_dag.py took 0.078 seconds
[2024-09-28T07:59:02.261+0000] {processor.py:186} INFO - Started process (PID=6778) to work on /home/airflow/.local/lib/python3.12/site-packages/airflow/example_dags/example_external_task_marker_dag.py
[2024-09-28T07:59:02.263+0000] {processor.py:914} INFO - Processing file /home/airflow/.local/lib/python3.12/site-packages/airflow/example_dags/example_external_task_marker_dag.py for tasks to queue
[2024-09-28T07:59:02.267+0000] {logging_mixin.py:190} INFO - [2024-09-28T07:59:02.267+0000] {dagbag.py:588} INFO - Filling up the DagBag from /home/airflow/.local/lib/python3.12/site-packages/airflow/example_dags/example_external_task_marker_dag.py
[2024-09-28T07:59:02.275+0000] {processor.py:925} INFO - DAG(s) 'example_external_task_marker_parent', 'example_external_task_marker_child' retrieved from /home/airflow/.local/lib/python3.12/site-packages/airflow/example_dags/example_external_task_marker_dag.py
[2024-09-28T07:59:02.294+0000] {logging_mixin.py:190} INFO - [2024-09-28T07:59:02.294+0000] {dag.py:3239} INFO - Sync 2 DAGs
[2024-09-28T07:59:02.313+0000] {logging_mixin.py:190} INFO - [2024-09-28T07:59:02.313+0000] {dag.py:4180} INFO - Setting next_dagrun for example_external_task_marker_child to None, run_after=None
[2024-09-28T07:59:02.316+0000] {logging_mixin.py:190} INFO - [2024-09-28T07:59:02.316+0000] {dag.py:4180} INFO - Setting next_dagrun for example_external_task_marker_parent to None, run_after=None
[2024-09-28T07:59:02.329+0000] {processor.py:208} INFO - Processing /home/airflow/.local/lib/python3.12/site-packages/airflow/example_dags/example_external_task_marker_dag.py took 0.076 seconds
[2024-09-28T07:59:32.868+0000] {processor.py:186} INFO - Started process (PID=7064) to work on /home/airflow/.local/lib/python3.12/site-packages/airflow/example_dags/example_external_task_marker_dag.py
[2024-09-28T07:59:32.869+0000] {processor.py:914} INFO - Processing file /home/airflow/.local/lib/python3.12/site-packages/airflow/example_dags/example_external_task_marker_dag.py for tasks to queue
[2024-09-28T07:59:32.872+0000] {logging_mixin.py:190} INFO - [2024-09-28T07:59:32.872+0000] {dagbag.py:588} INFO - Filling up the DagBag from /home/airflow/.local/lib/python3.12/site-packages/airflow/example_dags/example_external_task_marker_dag.py
[2024-09-28T07:59:32.881+0000] {processor.py:925} INFO - DAG(s) 'example_external_task_marker_parent', 'example_external_task_marker_child' retrieved from /home/airflow/.local/lib/python3.12/site-packages/airflow/example_dags/example_external_task_marker_dag.py
[2024-09-28T07:59:32.899+0000] {logging_mixin.py:190} INFO - [2024-09-28T07:59:32.899+0000] {dag.py:3239} INFO - Sync 2 DAGs
[2024-09-28T07:59:32.912+0000] {logging_mixin.py:190} INFO - [2024-09-28T07:59:32.911+0000] {dag.py:4180} INFO - Setting next_dagrun for example_external_task_marker_child to None, run_after=None
[2024-09-28T07:59:32.918+0000] {logging_mixin.py:190} INFO - [2024-09-28T07:59:32.918+0000] {dag.py:4180} INFO - Setting next_dagrun for example_external_task_marker_parent to None, run_after=None
[2024-09-28T07:59:32.932+0000] {processor.py:208} INFO - Processing /home/airflow/.local/lib/python3.12/site-packages/airflow/example_dags/example_external_task_marker_dag.py took 0.070 seconds
[2024-09-28T08:00:03.272+0000] {processor.py:186} INFO - Started process (PID=7350) to work on /home/airflow/.local/lib/python3.12/site-packages/airflow/example_dags/example_external_task_marker_dag.py
[2024-09-28T08:00:03.275+0000] {processor.py:914} INFO - Processing file /home/airflow/.local/lib/python3.12/site-packages/airflow/example_dags/example_external_task_marker_dag.py for tasks to queue
[2024-09-28T08:00:03.277+0000] {logging_mixin.py:190} INFO - [2024-09-28T08:00:03.277+0000] {dagbag.py:588} INFO - Filling up the DagBag from /home/airflow/.local/lib/python3.12/site-packages/airflow/example_dags/example_external_task_marker_dag.py
[2024-09-28T08:00:03.281+0000] {processor.py:925} INFO - DAG(s) 'example_external_task_marker_child', 'example_external_task_marker_parent' retrieved from /home/airflow/.local/lib/python3.12/site-packages/airflow/example_dags/example_external_task_marker_dag.py
[2024-09-28T08:00:03.298+0000] {logging_mixin.py:190} INFO - [2024-09-28T08:00:03.298+0000] {dag.py:3239} INFO - Sync 2 DAGs
[2024-09-28T08:00:03.314+0000] {logging_mixin.py:190} INFO - [2024-09-28T08:00:03.313+0000] {dag.py:4180} INFO - Setting next_dagrun for example_external_task_marker_child to None, run_after=None
[2024-09-28T08:00:03.316+0000] {logging_mixin.py:190} INFO - [2024-09-28T08:00:03.316+0000] {dag.py:4180} INFO - Setting next_dagrun for example_external_task_marker_parent to None, run_after=None
[2024-09-28T08:00:03.328+0000] {processor.py:208} INFO - Processing /home/airflow/.local/lib/python3.12/site-packages/airflow/example_dags/example_external_task_marker_dag.py took 0.061 seconds
[2024-09-28T08:00:33.560+0000] {processor.py:186} INFO - Started process (PID=7636) to work on /home/airflow/.local/lib/python3.12/site-packages/airflow/example_dags/example_external_task_marker_dag.py
[2024-09-28T08:00:33.568+0000] {processor.py:914} INFO - Processing file /home/airflow/.local/lib/python3.12/site-packages/airflow/example_dags/example_external_task_marker_dag.py for tasks to queue
[2024-09-28T08:00:33.569+0000] {logging_mixin.py:190} INFO - [2024-09-28T08:00:33.569+0000] {dagbag.py:588} INFO - Filling up the DagBag from /home/airflow/.local/lib/python3.12/site-packages/airflow/example_dags/example_external_task_marker_dag.py
[2024-09-28T08:00:33.574+0000] {processor.py:925} INFO - DAG(s) 'example_external_task_marker_parent', 'example_external_task_marker_child' retrieved from /home/airflow/.local/lib/python3.12/site-packages/airflow/example_dags/example_external_task_marker_dag.py
[2024-09-28T08:00:33.592+0000] {logging_mixin.py:190} INFO - [2024-09-28T08:00:33.592+0000] {dag.py:3239} INFO - Sync 2 DAGs
[2024-09-28T08:00:33.607+0000] {logging_mixin.py:190} INFO - [2024-09-28T08:00:33.607+0000] {dag.py:4180} INFO - Setting next_dagrun for example_external_task_marker_child to None, run_after=None
[2024-09-28T08:00:33.611+0000] {logging_mixin.py:190} INFO - [2024-09-28T08:00:33.611+0000] {dag.py:4180} INFO - Setting next_dagrun for example_external_task_marker_parent to None, run_after=None
[2024-09-28T08:00:33.623+0000] {processor.py:208} INFO - Processing /home/airflow/.local/lib/python3.12/site-packages/airflow/example_dags/example_external_task_marker_dag.py took 0.067 seconds
[2024-09-28T08:01:04.068+0000] {processor.py:186} INFO - Started process (PID=7922) to work on /home/airflow/.local/lib/python3.12/site-packages/airflow/example_dags/example_external_task_marker_dag.py
[2024-09-28T08:01:04.070+0000] {processor.py:914} INFO - Processing file /home/airflow/.local/lib/python3.12/site-packages/airflow/example_dags/example_external_task_marker_dag.py for tasks to queue
[2024-09-28T08:01:04.072+0000] {logging_mixin.py:190} INFO - [2024-09-28T08:01:04.072+0000] {dagbag.py:588} INFO - Filling up the DagBag from /home/airflow/.local/lib/python3.12/site-packages/airflow/example_dags/example_external_task_marker_dag.py
[2024-09-28T08:01:04.077+0000] {processor.py:925} INFO - DAG(s) 'example_external_task_marker_child', 'example_external_task_marker_parent' retrieved from /home/airflow/.local/lib/python3.12/site-packages/airflow/example_dags/example_external_task_marker_dag.py
[2024-09-28T08:01:04.094+0000] {logging_mixin.py:190} INFO - [2024-09-28T08:01:04.094+0000] {dag.py:3239} INFO - Sync 2 DAGs
[2024-09-28T08:01:04.105+0000] {logging_mixin.py:190} INFO - [2024-09-28T08:01:04.105+0000] {dag.py:4180} INFO - Setting next_dagrun for example_external_task_marker_child to None, run_after=None
[2024-09-28T08:01:04.108+0000] {logging_mixin.py:190} INFO - [2024-09-28T08:01:04.107+0000] {dag.py:4180} INFO - Setting next_dagrun for example_external_task_marker_parent to None, run_after=None
[2024-09-28T08:01:04.117+0000] {processor.py:208} INFO - Processing /home/airflow/.local/lib/python3.12/site-packages/airflow/example_dags/example_external_task_marker_dag.py took 0.052 seconds
[2024-09-28T08:01:34.574+0000] {processor.py:186} INFO - Started process (PID=8208) to work on /home/airflow/.local/lib/python3.12/site-packages/airflow/example_dags/example_external_task_marker_dag.py
[2024-09-28T08:01:34.578+0000] {processor.py:914} INFO - Processing file /home/airflow/.local/lib/python3.12/site-packages/airflow/example_dags/example_external_task_marker_dag.py for tasks to queue
[2024-09-28T08:01:34.580+0000] {logging_mixin.py:190} INFO - [2024-09-28T08:01:34.580+0000] {dagbag.py:588} INFO - Filling up the DagBag from /home/airflow/.local/lib/python3.12/site-packages/airflow/example_dags/example_external_task_marker_dag.py
[2024-09-28T08:01:34.586+0000] {processor.py:925} INFO - DAG(s) 'example_external_task_marker_parent', 'example_external_task_marker_child' retrieved from /home/airflow/.local/lib/python3.12/site-packages/airflow/example_dags/example_external_task_marker_dag.py
[2024-09-28T08:01:34.603+0000] {logging_mixin.py:190} INFO - [2024-09-28T08:01:34.603+0000] {dag.py:3239} INFO - Sync 2 DAGs
[2024-09-28T08:01:34.616+0000] {logging_mixin.py:190} INFO - [2024-09-28T08:01:34.616+0000] {dag.py:4180} INFO - Setting next_dagrun for example_external_task_marker_child to None, run_after=None
[2024-09-28T08:01:34.619+0000] {logging_mixin.py:190} INFO - [2024-09-28T08:01:34.619+0000] {dag.py:4180} INFO - Setting next_dagrun for example_external_task_marker_parent to None, run_after=None
[2024-09-28T08:01:34.634+0000] {processor.py:208} INFO - Processing /home/airflow/.local/lib/python3.12/site-packages/airflow/example_dags/example_external_task_marker_dag.py took 0.064 seconds
[2024-09-28T08:02:05.333+0000] {processor.py:186} INFO - Started process (PID=8494) to work on /home/airflow/.local/lib/python3.12/site-packages/airflow/example_dags/example_external_task_marker_dag.py
[2024-09-28T08:02:05.334+0000] {processor.py:914} INFO - Processing file /home/airflow/.local/lib/python3.12/site-packages/airflow/example_dags/example_external_task_marker_dag.py for tasks to queue
[2024-09-28T08:02:05.338+0000] {logging_mixin.py:190} INFO - [2024-09-28T08:02:05.338+0000] {dagbag.py:588} INFO - Filling up the DagBag from /home/airflow/.local/lib/python3.12/site-packages/airflow/example_dags/example_external_task_marker_dag.py
[2024-09-28T08:02:05.350+0000] {processor.py:925} INFO - DAG(s) 'example_external_task_marker_child', 'example_external_task_marker_parent' retrieved from /home/airflow/.local/lib/python3.12/site-packages/airflow/example_dags/example_external_task_marker_dag.py
[2024-09-28T08:02:05.373+0000] {logging_mixin.py:190} INFO - [2024-09-28T08:02:05.373+0000] {dag.py:3239} INFO - Sync 2 DAGs
[2024-09-28T08:02:05.383+0000] {logging_mixin.py:190} INFO - [2024-09-28T08:02:05.383+0000] {dag.py:4180} INFO - Setting next_dagrun for example_external_task_marker_child to None, run_after=None
[2024-09-28T08:02:05.386+0000] {logging_mixin.py:190} INFO - [2024-09-28T08:02:05.386+0000] {dag.py:4180} INFO - Setting next_dagrun for example_external_task_marker_parent to None, run_after=None
[2024-09-28T08:02:05.397+0000] {processor.py:208} INFO - Processing /home/airflow/.local/lib/python3.12/site-packages/airflow/example_dags/example_external_task_marker_dag.py took 0.074 seconds
[2024-09-28T08:02:36.064+0000] {processor.py:186} INFO - Started process (PID=8780) to work on /home/airflow/.local/lib/python3.12/site-packages/airflow/example_dags/example_external_task_marker_dag.py
[2024-09-28T08:02:36.067+0000] {processor.py:914} INFO - Processing file /home/airflow/.local/lib/python3.12/site-packages/airflow/example_dags/example_external_task_marker_dag.py for tasks to queue
[2024-09-28T08:02:36.070+0000] {logging_mixin.py:190} INFO - [2024-09-28T08:02:36.070+0000] {dagbag.py:588} INFO - Filling up the DagBag from /home/airflow/.local/lib/python3.12/site-packages/airflow/example_dags/example_external_task_marker_dag.py
[2024-09-28T08:02:36.078+0000] {processor.py:925} INFO - DAG(s) 'example_external_task_marker_parent', 'example_external_task_marker_child' retrieved from /home/airflow/.local/lib/python3.12/site-packages/airflow/example_dags/example_external_task_marker_dag.py
[2024-09-28T08:02:36.100+0000] {logging_mixin.py:190} INFO - [2024-09-28T08:02:36.100+0000] {dag.py:3239} INFO - Sync 2 DAGs
[2024-09-28T08:02:36.116+0000] {logging_mixin.py:190} INFO - [2024-09-28T08:02:36.116+0000] {dag.py:4180} INFO - Setting next_dagrun for example_external_task_marker_child to None, run_after=None
[2024-09-28T08:02:36.120+0000] {logging_mixin.py:190} INFO - [2024-09-28T08:02:36.119+0000] {dag.py:4180} INFO - Setting next_dagrun for example_external_task_marker_parent to None, run_after=None
[2024-09-28T08:02:36.129+0000] {processor.py:208} INFO - Processing /home/airflow/.local/lib/python3.12/site-packages/airflow/example_dags/example_external_task_marker_dag.py took 0.074 seconds
[2024-09-28T08:03:06.620+0000] {processor.py:186} INFO - Started process (PID=9066) to work on /home/airflow/.local/lib/python3.12/site-packages/airflow/example_dags/example_external_task_marker_dag.py
[2024-09-28T08:03:06.622+0000] {processor.py:914} INFO - Processing file /home/airflow/.local/lib/python3.12/site-packages/airflow/example_dags/example_external_task_marker_dag.py for tasks to queue
[2024-09-28T08:03:06.626+0000] {logging_mixin.py:190} INFO - [2024-09-28T08:03:06.625+0000] {dagbag.py:588} INFO - Filling up the DagBag from /home/airflow/.local/lib/python3.12/site-packages/airflow/example_dags/example_external_task_marker_dag.py
[2024-09-28T08:03:06.633+0000] {processor.py:925} INFO - DAG(s) 'example_external_task_marker_parent', 'example_external_task_marker_child' retrieved from /home/airflow/.local/lib/python3.12/site-packages/airflow/example_dags/example_external_task_marker_dag.py
[2024-09-28T08:03:06.662+0000] {logging_mixin.py:190} INFO - [2024-09-28T08:03:06.662+0000] {dag.py:3239} INFO - Sync 2 DAGs
[2024-09-28T08:03:06.677+0000] {logging_mixin.py:190} INFO - [2024-09-28T08:03:06.677+0000] {dag.py:4180} INFO - Setting next_dagrun for example_external_task_marker_child to None, run_after=None
[2024-09-28T08:03:06.680+0000] {logging_mixin.py:190} INFO - [2024-09-28T08:03:06.680+0000] {dag.py:4180} INFO - Setting next_dagrun for example_external_task_marker_parent to None, run_after=None
[2024-09-28T08:03:06.693+0000] {processor.py:208} INFO - Processing /home/airflow/.local/lib/python3.12/site-packages/airflow/example_dags/example_external_task_marker_dag.py took 0.079 seconds
[2024-09-28T08:03:37.117+0000] {processor.py:186} INFO - Started process (PID=9352) to work on /home/airflow/.local/lib/python3.12/site-packages/airflow/example_dags/example_external_task_marker_dag.py
[2024-09-28T08:03:37.118+0000] {processor.py:914} INFO - Processing file /home/airflow/.local/lib/python3.12/site-packages/airflow/example_dags/example_external_task_marker_dag.py for tasks to queue
[2024-09-28T08:03:37.119+0000] {logging_mixin.py:190} INFO - [2024-09-28T08:03:37.119+0000] {dagbag.py:588} INFO - Filling up the DagBag from /home/airflow/.local/lib/python3.12/site-packages/airflow/example_dags/example_external_task_marker_dag.py
[2024-09-28T08:03:37.126+0000] {processor.py:925} INFO - DAG(s) 'example_external_task_marker_parent', 'example_external_task_marker_child' retrieved from /home/airflow/.local/lib/python3.12/site-packages/airflow/example_dags/example_external_task_marker_dag.py
[2024-09-28T08:03:37.144+0000] {logging_mixin.py:190} INFO - [2024-09-28T08:03:37.143+0000] {dag.py:3239} INFO - Sync 2 DAGs
[2024-09-28T08:03:37.156+0000] {logging_mixin.py:190} INFO - [2024-09-28T08:03:37.155+0000] {dag.py:4180} INFO - Setting next_dagrun for example_external_task_marker_child to None, run_after=None
[2024-09-28T08:03:37.158+0000] {logging_mixin.py:190} INFO - [2024-09-28T08:03:37.158+0000] {dag.py:4180} INFO - Setting next_dagrun for example_external_task_marker_parent to None, run_after=None
[2024-09-28T08:03:37.169+0000] {processor.py:208} INFO - Processing /home/airflow/.local/lib/python3.12/site-packages/airflow/example_dags/example_external_task_marker_dag.py took 0.056 seconds
[2024-09-28T08:04:07.650+0000] {processor.py:186} INFO - Started process (PID=9638) to work on /home/airflow/.local/lib/python3.12/site-packages/airflow/example_dags/example_external_task_marker_dag.py
[2024-09-28T08:04:07.652+0000] {processor.py:914} INFO - Processing file /home/airflow/.local/lib/python3.12/site-packages/airflow/example_dags/example_external_task_marker_dag.py for tasks to queue
[2024-09-28T08:04:07.655+0000] {logging_mixin.py:190} INFO - [2024-09-28T08:04:07.655+0000] {dagbag.py:588} INFO - Filling up the DagBag from /home/airflow/.local/lib/python3.12/site-packages/airflow/example_dags/example_external_task_marker_dag.py
[2024-09-28T08:04:07.663+0000] {processor.py:925} INFO - DAG(s) 'example_external_task_marker_child', 'example_external_task_marker_parent' retrieved from /home/airflow/.local/lib/python3.12/site-packages/airflow/example_dags/example_external_task_marker_dag.py
[2024-09-28T08:04:07.683+0000] {logging_mixin.py:190} INFO - [2024-09-28T08:04:07.683+0000] {dag.py:3239} INFO - Sync 2 DAGs
[2024-09-28T08:04:07.698+0000] {logging_mixin.py:190} INFO - [2024-09-28T08:04:07.698+0000] {dag.py:4180} INFO - Setting next_dagrun for example_external_task_marker_child to None, run_after=None
[2024-09-28T08:04:07.701+0000] {logging_mixin.py:190} INFO - [2024-09-28T08:04:07.701+0000] {dag.py:4180} INFO - Setting next_dagrun for example_external_task_marker_parent to None, run_after=None
[2024-09-28T08:04:07.713+0000] {processor.py:208} INFO - Processing /home/airflow/.local/lib/python3.12/site-packages/airflow/example_dags/example_external_task_marker_dag.py took 0.071 seconds
[2024-09-28T08:04:38.307+0000] {processor.py:186} INFO - Started process (PID=9924) to work on /home/airflow/.local/lib/python3.12/site-packages/airflow/example_dags/example_external_task_marker_dag.py
[2024-09-28T08:04:38.308+0000] {processor.py:914} INFO - Processing file /home/airflow/.local/lib/python3.12/site-packages/airflow/example_dags/example_external_task_marker_dag.py for tasks to queue
[2024-09-28T08:04:38.310+0000] {logging_mixin.py:190} INFO - [2024-09-28T08:04:38.310+0000] {dagbag.py:588} INFO - Filling up the DagBag from /home/airflow/.local/lib/python3.12/site-packages/airflow/example_dags/example_external_task_marker_dag.py
[2024-09-28T08:04:38.318+0000] {processor.py:925} INFO - DAG(s) 'example_external_task_marker_parent', 'example_external_task_marker_child' retrieved from /home/airflow/.local/lib/python3.12/site-packages/airflow/example_dags/example_external_task_marker_dag.py
[2024-09-28T08:04:38.341+0000] {logging_mixin.py:190} INFO - [2024-09-28T08:04:38.341+0000] {dag.py:3239} INFO - Sync 2 DAGs
[2024-09-28T08:04:38.356+0000] {logging_mixin.py:190} INFO - [2024-09-28T08:04:38.356+0000] {dag.py:4180} INFO - Setting next_dagrun for example_external_task_marker_child to None, run_after=None
[2024-09-28T08:04:38.359+0000] {logging_mixin.py:190} INFO - [2024-09-28T08:04:38.358+0000] {dag.py:4180} INFO - Setting next_dagrun for example_external_task_marker_parent to None, run_after=None
[2024-09-28T08:04:38.370+0000] {processor.py:208} INFO - Processing /home/airflow/.local/lib/python3.12/site-packages/airflow/example_dags/example_external_task_marker_dag.py took 0.071 seconds
[2024-09-28T08:05:08.863+0000] {processor.py:186} INFO - Started process (PID=10210) to work on /home/airflow/.local/lib/python3.12/site-packages/airflow/example_dags/example_external_task_marker_dag.py
[2024-09-28T08:05:08.866+0000] {processor.py:914} INFO - Processing file /home/airflow/.local/lib/python3.12/site-packages/airflow/example_dags/example_external_task_marker_dag.py for tasks to queue
[2024-09-28T08:05:08.869+0000] {logging_mixin.py:190} INFO - [2024-09-28T08:05:08.869+0000] {dagbag.py:588} INFO - Filling up the DagBag from /home/airflow/.local/lib/python3.12/site-packages/airflow/example_dags/example_external_task_marker_dag.py
[2024-09-28T08:05:08.877+0000] {processor.py:925} INFO - DAG(s) 'example_external_task_marker_child', 'example_external_task_marker_parent' retrieved from /home/airflow/.local/lib/python3.12/site-packages/airflow/example_dags/example_external_task_marker_dag.py
[2024-09-28T08:05:08.898+0000] {logging_mixin.py:190} INFO - [2024-09-28T08:05:08.898+0000] {dag.py:3239} INFO - Sync 2 DAGs
[2024-09-28T08:05:08.907+0000] {logging_mixin.py:190} INFO - [2024-09-28T08:05:08.907+0000] {dag.py:4180} INFO - Setting next_dagrun for example_external_task_marker_child to None, run_after=None
[2024-09-28T08:05:08.911+0000] {logging_mixin.py:190} INFO - [2024-09-28T08:05:08.910+0000] {dag.py:4180} INFO - Setting next_dagrun for example_external_task_marker_parent to None, run_after=None
[2024-09-28T08:05:08.919+0000] {processor.py:208} INFO - Processing /home/airflow/.local/lib/python3.12/site-packages/airflow/example_dags/example_external_task_marker_dag.py took 0.064 seconds
[2024-09-28T08:05:39.263+0000] {processor.py:186} INFO - Started process (PID=10496) to work on /home/airflow/.local/lib/python3.12/site-packages/airflow/example_dags/example_external_task_marker_dag.py
[2024-09-28T08:05:39.267+0000] {processor.py:914} INFO - Processing file /home/airflow/.local/lib/python3.12/site-packages/airflow/example_dags/example_external_task_marker_dag.py for tasks to queue
[2024-09-28T08:05:39.270+0000] {logging_mixin.py:190} INFO - [2024-09-28T08:05:39.270+0000] {dagbag.py:588} INFO - Filling up the DagBag from /home/airflow/.local/lib/python3.12/site-packages/airflow/example_dags/example_external_task_marker_dag.py
[2024-09-28T08:05:39.279+0000] {processor.py:925} INFO - DAG(s) 'example_external_task_marker_parent', 'example_external_task_marker_child' retrieved from /home/airflow/.local/lib/python3.12/site-packages/airflow/example_dags/example_external_task_marker_dag.py
[2024-09-28T08:05:39.308+0000] {logging_mixin.py:190} INFO - [2024-09-28T08:05:39.308+0000] {dag.py:3239} INFO - Sync 2 DAGs
[2024-09-28T08:05:39.325+0000] {logging_mixin.py:190} INFO - [2024-09-28T08:05:39.324+0000] {dag.py:4180} INFO - Setting next_dagrun for example_external_task_marker_child to None, run_after=None
[2024-09-28T08:05:39.335+0000] {logging_mixin.py:190} INFO - [2024-09-28T08:05:39.335+0000] {dag.py:4180} INFO - Setting next_dagrun for example_external_task_marker_parent to None, run_after=None
[2024-09-28T08:05:39.347+0000] {processor.py:208} INFO - Processing /home/airflow/.local/lib/python3.12/site-packages/airflow/example_dags/example_external_task_marker_dag.py took 0.094 seconds
[2024-09-28T08:06:09.865+0000] {processor.py:186} INFO - Started process (PID=10782) to work on /home/airflow/.local/lib/python3.12/site-packages/airflow/example_dags/example_external_task_marker_dag.py
[2024-09-28T08:06:09.868+0000] {processor.py:914} INFO - Processing file /home/airflow/.local/lib/python3.12/site-packages/airflow/example_dags/example_external_task_marker_dag.py for tasks to queue
[2024-09-28T08:06:09.870+0000] {logging_mixin.py:190} INFO - [2024-09-28T08:06:09.870+0000] {dagbag.py:588} INFO - Filling up the DagBag from /home/airflow/.local/lib/python3.12/site-packages/airflow/example_dags/example_external_task_marker_dag.py
[2024-09-28T08:06:09.877+0000] {processor.py:925} INFO - DAG(s) 'example_external_task_marker_child', 'example_external_task_marker_parent' retrieved from /home/airflow/.local/lib/python3.12/site-packages/airflow/example_dags/example_external_task_marker_dag.py
[2024-09-28T08:06:09.895+0000] {logging_mixin.py:190} INFO - [2024-09-28T08:06:09.895+0000] {dag.py:3239} INFO - Sync 2 DAGs
[2024-09-28T08:06:09.903+0000] {logging_mixin.py:190} INFO - [2024-09-28T08:06:09.903+0000] {dag.py:4180} INFO - Setting next_dagrun for example_external_task_marker_child to None, run_after=None
[2024-09-28T08:06:09.905+0000] {logging_mixin.py:190} INFO - [2024-09-28T08:06:09.905+0000] {dag.py:4180} INFO - Setting next_dagrun for example_external_task_marker_parent to None, run_after=None
[2024-09-28T08:06:09.913+0000] {processor.py:208} INFO - Processing /home/airflow/.local/lib/python3.12/site-packages/airflow/example_dags/example_external_task_marker_dag.py took 0.057 seconds
[2024-09-28T08:06:40.724+0000] {processor.py:186} INFO - Started process (PID=11068) to work on /home/airflow/.local/lib/python3.12/site-packages/airflow/example_dags/example_external_task_marker_dag.py
[2024-09-28T08:06:40.725+0000] {processor.py:914} INFO - Processing file /home/airflow/.local/lib/python3.12/site-packages/airflow/example_dags/example_external_task_marker_dag.py for tasks to queue
[2024-09-28T08:06:40.728+0000] {logging_mixin.py:190} INFO - [2024-09-28T08:06:40.728+0000] {dagbag.py:588} INFO - Filling up the DagBag from /home/airflow/.local/lib/python3.12/site-packages/airflow/example_dags/example_external_task_marker_dag.py
[2024-09-28T08:06:40.746+0000] {processor.py:925} INFO - DAG(s) 'example_external_task_marker_parent', 'example_external_task_marker_child' retrieved from /home/airflow/.local/lib/python3.12/site-packages/airflow/example_dags/example_external_task_marker_dag.py
[2024-09-28T08:06:40.769+0000] {logging_mixin.py:190} INFO - [2024-09-28T08:06:40.769+0000] {dag.py:3239} INFO - Sync 2 DAGs
[2024-09-28T08:06:40.784+0000] {logging_mixin.py:190} INFO - [2024-09-28T08:06:40.784+0000] {dag.py:4180} INFO - Setting next_dagrun for example_external_task_marker_child to None, run_after=None
[2024-09-28T08:06:40.788+0000] {logging_mixin.py:190} INFO - [2024-09-28T08:06:40.788+0000] {dag.py:4180} INFO - Setting next_dagrun for example_external_task_marker_parent to None, run_after=None
[2024-09-28T08:06:40.797+0000] {processor.py:208} INFO - Processing /home/airflow/.local/lib/python3.12/site-packages/airflow/example_dags/example_external_task_marker_dag.py took 0.083 seconds
[2024-09-28T08:07:11.761+0000] {processor.py:186} INFO - Started process (PID=11354) to work on /home/airflow/.local/lib/python3.12/site-packages/airflow/example_dags/example_external_task_marker_dag.py
[2024-09-28T08:07:11.764+0000] {processor.py:914} INFO - Processing file /home/airflow/.local/lib/python3.12/site-packages/airflow/example_dags/example_external_task_marker_dag.py for tasks to queue
[2024-09-28T08:07:11.766+0000] {logging_mixin.py:190} INFO - [2024-09-28T08:07:11.766+0000] {dagbag.py:588} INFO - Filling up the DagBag from /home/airflow/.local/lib/python3.12/site-packages/airflow/example_dags/example_external_task_marker_dag.py
[2024-09-28T08:07:11.776+0000] {processor.py:925} INFO - DAG(s) 'example_external_task_marker_child', 'example_external_task_marker_parent' retrieved from /home/airflow/.local/lib/python3.12/site-packages/airflow/example_dags/example_external_task_marker_dag.py
[2024-09-28T08:07:11.793+0000] {logging_mixin.py:190} INFO - [2024-09-28T08:07:11.793+0000] {dag.py:3239} INFO - Sync 2 DAGs
[2024-09-28T08:07:11.802+0000] {logging_mixin.py:190} INFO - [2024-09-28T08:07:11.802+0000] {dag.py:4180} INFO - Setting next_dagrun for example_external_task_marker_child to None, run_after=None
[2024-09-28T08:07:11.804+0000] {logging_mixin.py:190} INFO - [2024-09-28T08:07:11.804+0000] {dag.py:4180} INFO - Setting next_dagrun for example_external_task_marker_parent to None, run_after=None
[2024-09-28T08:07:11.817+0000] {processor.py:208} INFO - Processing /home/airflow/.local/lib/python3.12/site-packages/airflow/example_dags/example_external_task_marker_dag.py took 0.064 seconds
[2024-09-28T08:07:42.508+0000] {processor.py:186} INFO - Started process (PID=11640) to work on /home/airflow/.local/lib/python3.12/site-packages/airflow/example_dags/example_external_task_marker_dag.py
[2024-09-28T08:07:42.513+0000] {processor.py:914} INFO - Processing file /home/airflow/.local/lib/python3.12/site-packages/airflow/example_dags/example_external_task_marker_dag.py for tasks to queue
[2024-09-28T08:07:42.515+0000] {logging_mixin.py:190} INFO - [2024-09-28T08:07:42.515+0000] {dagbag.py:588} INFO - Filling up the DagBag from /home/airflow/.local/lib/python3.12/site-packages/airflow/example_dags/example_external_task_marker_dag.py
[2024-09-28T08:07:42.525+0000] {processor.py:925} INFO - DAG(s) 'example_external_task_marker_parent', 'example_external_task_marker_child' retrieved from /home/airflow/.local/lib/python3.12/site-packages/airflow/example_dags/example_external_task_marker_dag.py
[2024-09-28T08:07:42.542+0000] {logging_mixin.py:190} INFO - [2024-09-28T08:07:42.541+0000] {dag.py:3239} INFO - Sync 2 DAGs
[2024-09-28T08:07:42.550+0000] {logging_mixin.py:190} INFO - [2024-09-28T08:07:42.550+0000] {dag.py:4180} INFO - Setting next_dagrun for example_external_task_marker_child to None, run_after=None
[2024-09-28T08:07:42.552+0000] {logging_mixin.py:190} INFO - [2024-09-28T08:07:42.552+0000] {dag.py:4180} INFO - Setting next_dagrun for example_external_task_marker_parent to None, run_after=None
[2024-09-28T08:07:42.560+0000] {processor.py:208} INFO - Processing /home/airflow/.local/lib/python3.12/site-packages/airflow/example_dags/example_external_task_marker_dag.py took 0.060 seconds
