[2024-09-28T11:30:06.434+0000] {local_task_job_runner.py:123} INFO - ::group::Pre task execution logs
[2024-09-28T11:30:06.465+0000] {taskinstance.py:2612} INFO - Dependencies all met for dep_context=non-requeueable deps ti=<TaskInstance: first_dag_v4.task_one manual__2024-09-28T11:30:06.171984+00:00 [queued]>
[2024-09-28T11:30:06.474+0000] {taskinstance.py:2612} INFO - Dependencies all met for dep_context=requeueable deps ti=<TaskInstance: first_dag_v4.task_one manual__2024-09-28T11:30:06.171984+00:00 [queued]>
[2024-09-28T11:30:06.474+0000] {taskinstance.py:2865} INFO - Starting attempt 1 of 6
[2024-09-28T11:30:06.489+0000] {taskinstance.py:2888} INFO - Executing <Task(BashOperator): task_one> on 2024-09-28 11:30:06.171984+00:00
[2024-09-28T11:30:06.496+0000] {standard_task_runner.py:104} INFO - Running: ['***', 'tasks', 'run', 'first_dag_v4', 'task_one', 'manual__2024-09-28T11:30:06.171984+00:00', '--job-id', '32', '--raw', '--subdir', 'DAGS_FOLDER/first_dag.py', '--cfg-path', '/tmp/tmpujv1ej2x']
[2024-09-28T11:30:06.500+0000] {standard_task_runner.py:105} INFO - Job 32: Subtask task_one
[2024-09-28T11:30:06.500+0000] {logging_mixin.py:190} WARNING - /home/***/.local/lib/python3.12/site-packages/***/task/task_runner/standard_task_runner.py:70 DeprecationWarning: This process (pid=1521) is multi-threaded, use of fork() may lead to deadlocks in the child.
[2024-09-28T11:30:06.502+0000] {standard_task_runner.py:72} INFO - Started process 1522 to run task
[2024-09-28T11:30:06.539+0000] {task_command.py:467} INFO - Running <TaskInstance: first_dag_v4.task_one manual__2024-09-28T11:30:06.171984+00:00 [running]> on host f9a59cccd6d1
[2024-09-28T11:30:06.639+0000] {taskinstance.py:3131} INFO - Exporting env vars: AIRFLOW_CTX_DAG_OWNER='admin' AIRFLOW_CTX_DAG_ID='first_dag_v4' AIRFLOW_CTX_TASK_ID='task_one' AIRFLOW_CTX_EXECUTION_DATE='2024-09-28T11:30:06.171984+00:00' AIRFLOW_CTX_TRY_NUMBER='1' AIRFLOW_CTX_DAG_RUN_ID='manual__2024-09-28T11:30:06.171984+00:00'
[2024-09-28T11:30:06.640+0000] {taskinstance.py:731} INFO - ::endgroup::
[2024-09-28T11:30:06.660+0000] {subprocess.py:63} INFO - Tmp dir root location: /tmp
[2024-09-28T11:30:06.662+0000] {subprocess.py:75} INFO - Running command: ['/usr/bin/bash', '-c', 'echo hello world, this is task one.']
[2024-09-28T11:30:06.674+0000] {subprocess.py:86} INFO - Output:
[2024-09-28T11:30:06.677+0000] {subprocess.py:93} INFO - hello world, this is task one.
[2024-09-28T11:30:06.679+0000] {subprocess.py:97} INFO - Command exited with return code 0
[2024-09-28T11:30:06.730+0000] {taskinstance.py:340} INFO - ::group::Post task execution logs
[2024-09-28T11:30:06.733+0000] {taskinstance.py:352} INFO - Marking task as SUCCESS. dag_id=first_dag_v4, task_id=task_one, run_id=manual__2024-09-28T11:30:06.171984+00:00, execution_date=20240928T113006, start_date=20240928T113006, end_date=20240928T113006
[2024-09-28T11:30:06.766+0000] {local_task_job_runner.py:266} INFO - Task exited with return code 0
[2024-09-28T11:30:06.792+0000] {taskinstance.py:3900} INFO - 1 downstream tasks scheduled from follow-on schedule check
[2024-09-28T11:30:06.793+0000] {local_task_job_runner.py:245} INFO - ::endgroup::
