[2024-09-29T08:09:59.621+0000] {local_task_job_runner.py:123} INFO - ::group::Pre task execution logs
[2024-09-29T08:09:59.732+0000] {taskinstance.py:2612} INFO - Dependencies all met for dep_context=non-requeueable deps ti=<TaskInstance: dag_with_python_dependencies_v02.get_scikit_learn scheduled__2024-09-09T00:00:00+00:00 [queued]>
[2024-09-29T08:09:59.785+0000] {taskinstance.py:2612} INFO - Dependencies all met for dep_context=requeueable deps ti=<TaskInstance: dag_with_python_dependencies_v02.get_scikit_learn scheduled__2024-09-09T00:00:00+00:00 [queued]>
[2024-09-29T08:09:59.794+0000] {taskinstance.py:2865} INFO - Starting attempt 1 of 6
[2024-09-29T08:09:59.873+0000] {taskinstance.py:2888} INFO - Executing <Task(PythonOperator): get_scikit_learn> on 2024-09-09 00:00:00+00:00
[2024-09-29T08:09:59.900+0000] {standard_task_runner.py:104} INFO - Running: ['***', 'tasks', 'run', 'dag_with_python_dependencies_v02', 'get_scikit_learn', 'scheduled__2024-09-09T00:00:00+00:00', '--job-id', '616', '--raw', '--subdir', 'DAGS_FOLDER/dag_with_python_dependencies.py', '--cfg-path', '/tmp/tmp4uh4dv8z']
[2024-09-29T08:09:59.907+0000] {standard_task_runner.py:105} INFO - Job 616: Subtask get_scikit_learn
[2024-09-29T08:09:59.909+0000] {logging_mixin.py:190} WARNING - /home/***/.local/lib/python3.12/site-packages/***/task/task_runner/standard_task_runner.py:70 DeprecationWarning: This process (pid=3662) is multi-threaded, use of fork() may lead to deadlocks in the child.
[2024-09-29T08:09:59.920+0000] {standard_task_runner.py:72} INFO - Started process 3680 to run task
[2024-09-29T08:09:59.957+0000] {logging_mixin.py:190} WARNING - /home/***/.local/lib/python3.12/site-packages/***/settings.py:209 DeprecationWarning: The sql_alchemy_conn option in [core] has been moved to the sql_alchemy_conn option in [database] - the old setting has been used, but please update your config.
[2024-09-29T08:10:00.153+0000] {task_command.py:467} INFO - Running <TaskInstance: dag_with_python_dependencies_v02.get_scikit_learn scheduled__2024-09-09T00:00:00+00:00 [running]> on host 6851fee35b72
[2024-09-29T08:10:00.158+0000] {logging_mixin.py:190} WARNING - /home/***/.local/lib/python3.12/site-packages/***/settings.py:470 DeprecationWarning: The sql_alchemy_conn option in [core] has been moved to the sql_alchemy_conn option in [database] - the old setting has been used, but please update your config.
[2024-09-29T08:10:00.412+0000] {taskinstance.py:3131} INFO - Exporting env vars: AIRFLOW_CTX_DAG_OWNER='admin' AIRFLOW_CTX_DAG_ID='dag_with_python_dependencies_v02' AIRFLOW_CTX_TASK_ID='get_scikit_learn' AIRFLOW_CTX_EXECUTION_DATE='2024-09-09T00:00:00+00:00' AIRFLOW_CTX_TRY_NUMBER='1' AIRFLOW_CTX_DAG_RUN_ID='scheduled__2024-09-09T00:00:00+00:00'
[2024-09-29T08:10:00.414+0000] {taskinstance.py:731} INFO - ::endgroup::
[2024-09-29T08:10:12.719+0000] {logging_mixin.py:190} INFO - scikit-learn version:1.5.2
[2024-09-29T08:10:12.727+0000] {python.py:240} INFO - Done. Returned value was: None
[2024-09-29T08:10:12.848+0000] {taskinstance.py:340} INFO - ::group::Post task execution logs
[2024-09-29T08:10:12.852+0000] {taskinstance.py:352} INFO - Marking task as SUCCESS. dag_id=dag_with_python_dependencies_v02, task_id=get_scikit_learn, run_id=scheduled__2024-09-09T00:00:00+00:00, execution_date=20240909T000000, start_date=20240929T080959, end_date=20240929T081012
[2024-09-29T08:10:13.041+0000] {local_task_job_runner.py:266} INFO - Task exited with return code 0
[2024-09-29T08:10:13.279+0000] {taskinstance.py:3900} INFO - 1 downstream tasks scheduled from follow-on schedule check
[2024-09-29T08:10:13.287+0000] {local_task_job_runner.py:245} INFO - ::endgroup::
[2024-09-29T08:12:01.949+0000] {local_task_job_runner.py:123} INFO - ::group::Pre task execution logs
[2024-09-29T08:12:02.027+0000] {taskinstance.py:2612} INFO - Dependencies all met for dep_context=non-requeueable deps ti=<TaskInstance: dag_with_python_dependencies_v02.get_scikit_learn scheduled__2024-09-09T00:00:00+00:00 [queued]>
[2024-09-29T08:12:02.062+0000] {taskinstance.py:2612} INFO - Dependencies all met for dep_context=requeueable deps ti=<TaskInstance: dag_with_python_dependencies_v02.get_scikit_learn scheduled__2024-09-09T00:00:00+00:00 [queued]>
[2024-09-29T08:12:02.066+0000] {taskinstance.py:2865} INFO - Starting attempt 1 of 6
[2024-09-29T08:12:02.099+0000] {taskinstance.py:2888} INFO - Executing <Task(PythonOperator): get_scikit_learn> on 2024-09-09 00:00:00+00:00
[2024-09-29T08:12:02.123+0000] {standard_task_runner.py:104} INFO - Running: ['***', 'tasks', 'run', 'dag_with_python_dependencies_v02', 'get_scikit_learn', 'scheduled__2024-09-09T00:00:00+00:00', '--job-id', '648', '--raw', '--subdir', 'DAGS_FOLDER/dag_with_python_dependencies.py', '--cfg-path', '/tmp/tmpd9tj3mb5']
[2024-09-29T08:12:02.119+0000] {logging_mixin.py:190} WARNING - /home/***/.local/lib/python3.12/site-packages/***/task/task_runner/standard_task_runner.py:70 DeprecationWarning: This process (pid=4199) is multi-threaded, use of fork() may lead to deadlocks in the child.
[2024-09-29T08:12:02.140+0000] {standard_task_runner.py:72} INFO - Started process 4222 to run task
[2024-09-29T08:12:02.140+0000] {standard_task_runner.py:105} INFO - Job 648: Subtask get_scikit_learn
[2024-09-29T08:12:02.178+0000] {logging_mixin.py:190} WARNING - /home/***/.local/lib/python3.12/site-packages/***/settings.py:209 DeprecationWarning: The sql_alchemy_conn option in [core] has been moved to the sql_alchemy_conn option in [database] - the old setting has been used, but please update your config.
[2024-09-29T08:12:02.295+0000] {task_command.py:467} INFO - Running <TaskInstance: dag_with_python_dependencies_v02.get_scikit_learn scheduled__2024-09-09T00:00:00+00:00 [running]> on host 6851fee35b72
[2024-09-29T08:12:02.298+0000] {logging_mixin.py:190} WARNING - /home/***/.local/lib/python3.12/site-packages/***/settings.py:470 DeprecationWarning: The sql_alchemy_conn option in [core] has been moved to the sql_alchemy_conn option in [database] - the old setting has been used, but please update your config.
[2024-09-29T08:12:02.514+0000] {taskinstance.py:3131} INFO - Exporting env vars: AIRFLOW_CTX_DAG_OWNER='admin' AIRFLOW_CTX_DAG_ID='dag_with_python_dependencies_v02' AIRFLOW_CTX_TASK_ID='get_scikit_learn' AIRFLOW_CTX_EXECUTION_DATE='2024-09-09T00:00:00+00:00' AIRFLOW_CTX_TRY_NUMBER='1' AIRFLOW_CTX_DAG_RUN_ID='scheduled__2024-09-09T00:00:00+00:00'
[2024-09-29T08:12:02.515+0000] {taskinstance.py:731} INFO - ::endgroup::
[2024-09-29T08:12:14.878+0000] {logging_mixin.py:190} INFO - scikit-learn version:1.5.2
[2024-09-29T08:12:14.891+0000] {python.py:240} INFO - Done. Returned value was: None
[2024-09-29T08:12:15.087+0000] {taskinstance.py:340} INFO - ::group::Post task execution logs
[2024-09-29T08:12:15.093+0000] {taskinstance.py:352} INFO - Marking task as SUCCESS. dag_id=dag_with_python_dependencies_v02, task_id=get_scikit_learn, run_id=scheduled__2024-09-09T00:00:00+00:00, execution_date=20240909T000000, start_date=20240929T081202, end_date=20240929T081215
[2024-09-29T08:12:15.497+0000] {local_task_job_runner.py:266} INFO - Task exited with return code 0
[2024-09-29T08:12:15.618+0000] {taskinstance.py:3900} INFO - 1 downstream tasks scheduled from follow-on schedule check
[2024-09-29T08:12:15.622+0000] {local_task_job_runner.py:245} INFO - ::endgroup::
