[2024-09-29T03:05:58.501+0000] {local_task_job_runner.py:123} INFO - ::group::Pre task execution logs
[2024-09-29T03:05:58.519+0000] {taskinstance.py:2612} INFO - Dependencies all met for dep_context=non-requeueable deps ti=<TaskInstance: dag_with_postgres_operator_v02.create_postgres_table scheduled__2024-09-15T00:00:00+00:00 [queued]>
[2024-09-29T03:05:58.530+0000] {taskinstance.py:2612} INFO - Dependencies all met for dep_context=requeueable deps ti=<TaskInstance: dag_with_postgres_operator_v02.create_postgres_table scheduled__2024-09-15T00:00:00+00:00 [queued]>
[2024-09-29T03:05:58.532+0000] {taskinstance.py:2865} INFO - Starting attempt 1 of 6
[2024-09-29T03:05:58.548+0000] {taskinstance.py:2888} INFO - Executing <Task(PostgresOperator): create_postgres_table> on 2024-09-15 00:00:00+00:00
[2024-09-29T03:05:58.563+0000] {logging_mixin.py:190} WARNING - /home/***/.local/lib/python3.12/site-packages/***/task/task_runner/standard_task_runner.py:70 DeprecationWarning: This process (pid=17107) is multi-threaded, use of fork() may lead to deadlocks in the child.
[2024-09-29T03:05:58.566+0000] {standard_task_runner.py:72} INFO - Started process 17117 to run task
[2024-09-29T03:05:58.565+0000] {standard_task_runner.py:104} INFO - Running: ['***', 'tasks', 'run', 'dag_with_postgres_operator_v02', 'create_postgres_table', 'scheduled__2024-09-15T00:00:00+00:00', '--job-id', '227', '--raw', '--subdir', 'DAGS_FOLDER/dag_with_postgres_operator.py', '--cfg-path', '/tmp/tmpltqgb9u4']
[2024-09-29T03:05:58.569+0000] {standard_task_runner.py:105} INFO - Job 227: Subtask create_postgres_table
[2024-09-29T03:05:58.615+0000] {task_command.py:467} INFO - Running <TaskInstance: dag_with_postgres_operator_v02.create_postgres_table scheduled__2024-09-15T00:00:00+00:00 [running]> on host f9a59cccd6d1
[2024-09-29T03:05:58.698+0000] {taskinstance.py:3131} INFO - Exporting env vars: AIRFLOW_CTX_DAG_OWNER='admin' AIRFLOW_CTX_DAG_ID='dag_with_postgres_operator_v02' AIRFLOW_CTX_TASK_ID='create_postgres_table' AIRFLOW_CTX_EXECUTION_DATE='2024-09-15T00:00:00+00:00' AIRFLOW_CTX_TRY_NUMBER='1' AIRFLOW_CTX_DAG_RUN_ID='scheduled__2024-09-15T00:00:00+00:00'
[2024-09-29T03:05:58.701+0000] {taskinstance.py:731} INFO - ::endgroup::
[2024-09-29T03:05:58.713+0000] {sql.py:266} INFO - Executing: 
            create table if not exists dag_runs (
                dt date,
                dag_id character varying,
                primary key (dt,dag_id)
                )
            
[2024-09-29T03:05:58.720+0000] {base.py:84} INFO - Retrieving connection 'postgres_localhost'
[2024-09-29T03:05:58.731+0000] {base.py:84} INFO - Retrieving connection 'postgres_localhost'
[2024-09-29T03:05:58.738+0000] {sql.py:509} INFO - Running statement: 
            create table if not exists dag_runs (
                dt date,
                dag_id character varying,
                primary key (dt,dag_id)
                )
            , parameters: None
[2024-09-29T03:05:58.746+0000] {taskinstance.py:340} INFO - ::group::Post task execution logs
[2024-09-29T03:05:58.748+0000] {taskinstance.py:352} INFO - Marking task as SUCCESS. dag_id=dag_with_postgres_operator_v02, task_id=create_postgres_table, run_id=scheduled__2024-09-15T00:00:00+00:00, execution_date=20240915T000000, start_date=20240929T030558, end_date=20240929T030558
[2024-09-29T03:05:58.792+0000] {local_task_job_runner.py:266} INFO - Task exited with return code 0
[2024-09-29T03:05:58.803+0000] {taskinstance.py:3900} INFO - 0 downstream tasks scheduled from follow-on schedule check
[2024-09-29T03:05:58.805+0000] {local_task_job_runner.py:245} INFO - ::endgroup::
