[2024-09-28T13:54:00.146+0000] {local_task_job_runner.py:123} INFO - ::group::Pre task execution logs
[2024-09-28T13:54:00.186+0000] {taskinstance.py:2612} INFO - Dependencies all met for dep_context=non-requeueable deps ti=<TaskInstance: dag_with_cron_expression_v01.task1 scheduled__2024-09-24T00:00:00+00:00 [queued]>
[2024-09-28T13:54:00.200+0000] {taskinstance.py:2612} INFO - Dependencies all met for dep_context=requeueable deps ti=<TaskInstance: dag_with_cron_expression_v01.task1 scheduled__2024-09-24T00:00:00+00:00 [queued]>
[2024-09-28T13:54:00.204+0000] {taskinstance.py:2865} INFO - Starting attempt 1 of 6
[2024-09-28T13:54:00.239+0000] {taskinstance.py:2888} INFO - Executing <Task(BashOperator): task1> on 2024-09-24 00:00:00+00:00
[2024-09-28T13:54:00.250+0000] {standard_task_runner.py:104} INFO - Running: ['***', 'tasks', 'run', 'dag_with_cron_expression_v01', 'task1', 'scheduled__2024-09-24T00:00:00+00:00', '--job-id', '138', '--raw', '--subdir', 'DAGS_FOLDER/dag_with_cron_expression.py', '--cfg-path', '/tmp/tmpcahx1osy']
[2024-09-28T13:54:00.269+0000] {standard_task_runner.py:105} INFO - Job 138: Subtask task1
[2024-09-28T13:54:00.270+0000] {logging_mixin.py:190} WARNING - /home/***/.local/lib/python3.12/site-packages/***/task/task_runner/standard_task_runner.py:70 DeprecationWarning: This process (pid=6799) is multi-threaded, use of fork() may lead to deadlocks in the child.
[2024-09-28T13:54:00.272+0000] {standard_task_runner.py:72} INFO - Started process 6810 to run task
[2024-09-28T13:54:00.413+0000] {task_command.py:467} INFO - Running <TaskInstance: dag_with_cron_expression_v01.task1 scheduled__2024-09-24T00:00:00+00:00 [running]> on host f9a59cccd6d1
[2024-09-28T13:54:00.566+0000] {taskinstance.py:3131} INFO - Exporting env vars: AIRFLOW_CTX_DAG_OWNER='admin' AIRFLOW_CTX_DAG_ID='dag_with_cron_expression_v01' AIRFLOW_CTX_TASK_ID='task1' AIRFLOW_CTX_EXECUTION_DATE='2024-09-24T00:00:00+00:00' AIRFLOW_CTX_TRY_NUMBER='1' AIRFLOW_CTX_DAG_RUN_ID='scheduled__2024-09-24T00:00:00+00:00'
[2024-09-28T13:54:00.569+0000] {taskinstance.py:731} INFO - ::endgroup::
[2024-09-28T13:54:00.590+0000] {subprocess.py:63} INFO - Tmp dir root location: /tmp
[2024-09-28T13:54:00.591+0000] {subprocess.py:75} INFO - Running command: ['/usr/bin/bash', '-c', 'echo dag with cron expression']
[2024-09-28T13:54:00.596+0000] {subprocess.py:86} INFO - Output:
[2024-09-28T13:54:00.596+0000] {subprocess.py:93} INFO - dag with cron expression
[2024-09-28T13:54:00.597+0000] {subprocess.py:97} INFO - Command exited with return code 0
[2024-09-28T13:54:00.613+0000] {taskinstance.py:340} INFO - ::group::Post task execution logs
[2024-09-28T13:54:00.614+0000] {taskinstance.py:352} INFO - Marking task as SUCCESS. dag_id=dag_with_cron_expression_v01, task_id=task1, run_id=scheduled__2024-09-24T00:00:00+00:00, execution_date=20240924T000000, start_date=20240928T135400, end_date=20240928T135400
[2024-09-28T13:54:00.639+0000] {local_task_job_runner.py:266} INFO - Task exited with return code 0
[2024-09-28T13:54:00.652+0000] {taskinstance.py:3900} INFO - 0 downstream tasks scheduled from follow-on schedule check
[2024-09-28T13:54:00.653+0000] {local_task_job_runner.py:245} INFO - ::endgroup::
