[2024-09-29T12:42:44.035+0000] {local_task_job_runner.py:123} INFO - ::group::Pre task execution logs
[2024-09-29T12:42:44.079+0000] {taskinstance.py:2612} INFO - Dependencies all met for dep_context=non-requeueable deps ti=<TaskInstance: dag_with_postgres_hooks_v04.postgres_to_s3 manual__2024-09-29T12:42:42.397906+00:00 [queued]>
[2024-09-29T12:42:44.186+0000] {taskinstance.py:2612} INFO - Dependencies all met for dep_context=requeueable deps ti=<TaskInstance: dag_with_postgres_hooks_v04.postgres_to_s3 manual__2024-09-29T12:42:42.397906+00:00 [queued]>
[2024-09-29T12:42:44.195+0000] {taskinstance.py:2865} INFO - Starting attempt 1 of 6
[2024-09-29T12:42:44.411+0000] {taskinstance.py:2888} INFO - Executing <Task(PythonOperator): postgres_to_s3> on 2024-09-29 12:42:42.397906+00:00
[2024-09-29T12:42:44.461+0000] {standard_task_runner.py:104} INFO - Running: ['***', 'tasks', 'run', 'dag_with_postgres_hooks_v04', 'postgres_to_s3', 'manual__2024-09-29T12:42:42.397906+00:00', '--job-id', '896', '--raw', '--subdir', 'DAGS_FOLDER/dag_with_postgres_hooks.py', '--cfg-path', '/tmp/tmpb27dh54b']
[2024-09-29T12:42:44.477+0000] {standard_task_runner.py:105} INFO - Job 896: Subtask postgres_to_s3
[2024-09-29T12:42:44.475+0000] {logging_mixin.py:190} WARNING - /home/***/.local/lib/python3.12/site-packages/***/task/task_runner/standard_task_runner.py:70 DeprecationWarning: This process (pid=21583) is multi-threaded, use of fork() may lead to deadlocks in the child.
[2024-09-29T12:42:44.483+0000] {standard_task_runner.py:72} INFO - Started process 21611 to run task
[2024-09-29T12:42:44.575+0000] {logging_mixin.py:190} WARNING - /home/***/.local/lib/python3.12/site-packages/***/settings.py:209 DeprecationWarning: The sql_alchemy_conn option in [core] has been moved to the sql_alchemy_conn option in [database] - the old setting has been used, but please update your config.
[2024-09-29T12:42:45.011+0000] {task_command.py:467} INFO - Running <TaskInstance: dag_with_postgres_hooks_v04.postgres_to_s3 manual__2024-09-29T12:42:42.397906+00:00 [running]> on host 6851fee35b72
[2024-09-29T12:42:46.071+0000] {taskinstance.py:3131} INFO - Exporting env vars: AIRFLOW_CTX_DAG_OWNER='coder2j' AIRFLOW_CTX_DAG_ID='dag_with_postgres_hooks_v04' AIRFLOW_CTX_TASK_ID='postgres_to_s3' AIRFLOW_CTX_EXECUTION_DATE='2024-09-29T12:42:42.397906+00:00' AIRFLOW_CTX_TRY_NUMBER='1' AIRFLOW_CTX_DAG_RUN_ID='manual__2024-09-29T12:42:42.397906+00:00'
[2024-09-29T12:42:46.091+0000] {taskinstance.py:731} INFO - ::endgroup::
[2024-09-29T12:42:46.207+0000] {logging_mixin.py:190} WARNING - /home/***/.local/lib/python3.12/site-packages/***/utils/operator_helpers.py:175 AirflowContextDeprecationWarning: Accessing 'next_ds_nodash' from the template is deprecated and will be removed in a future version. Please use '{{ data_interval_end | ds_nodash }}' instead.
[2024-09-29T12:42:46.306+0000] {base.py:84} INFO - Retrieving connection 'postgres_localhost'
[2024-09-29T12:42:46.348+0000] {dag_with_postgres_hooks.py:34} INFO - Saved orders data in text file: dags/get_orders_20240929.txt
[2024-09-29T12:42:46.378+0000] {base.py:84} INFO - Retrieving connection 'minio_conn'
[2024-09-29T12:42:46.384+0000] {connection_wrapper.py:391} INFO - AWS Connection (conn_id='minio_conn', conn_type='aws') credentials retrieved from extra.
[2024-09-29T12:42:46.390+0000] {logging_mixin.py:190} WARNING - <string>:9 AirflowProviderDeprecationWarning: extra['host'] is deprecated and will be removed in a future release. Please set extra['endpoint_url'] instead
[2024-09-29T12:43:00.394+0000] {dag_with_postgres_hooks.py:43} INFO - Orders file /tmp/tmpxxtttozd20240929 has been pushed to S3!
[2024-09-29T12:43:00.512+0000] {python.py:240} INFO - Done. Returned value was: None
[2024-09-29T12:43:00.930+0000] {taskinstance.py:340} INFO - ::group::Post task execution logs
[2024-09-29T12:43:00.935+0000] {taskinstance.py:352} INFO - Marking task as SUCCESS. dag_id=dag_with_postgres_hooks_v04, task_id=postgres_to_s3, run_id=manual__2024-09-29T12:42:42.397906+00:00, execution_date=20240929T124242, start_date=20240929T124244, end_date=20240929T124300
[2024-09-29T12:43:01.912+0000] {local_task_job_runner.py:266} INFO - Task exited with return code 0
[2024-09-29T12:43:02.685+0000] {taskinstance.py:3900} INFO - 0 downstream tasks scheduled from follow-on schedule check
[2024-09-29T12:43:02.719+0000] {local_task_job_runner.py:245} INFO - ::endgroup::
