[2024-10-03T05:56:18.532+0000] {local_task_job_runner.py:123} INFO - ::group::Pre task execution logs
[2024-10-03T05:56:18.761+0000] {taskinstance.py:2612} INFO - Dependencies all met for dep_context=non-requeueable deps ti=<TaskInstance: dag_with_postgres_operator_v04.delete_from_table scheduled__2024-10-02T00:00:00+00:00 [queued]>
[2024-10-03T05:56:18.912+0000] {taskinstance.py:2612} INFO - Dependencies all met for dep_context=requeueable deps ti=<TaskInstance: dag_with_postgres_operator_v04.delete_from_table scheduled__2024-10-02T00:00:00+00:00 [queued]>
[2024-10-03T05:56:18.927+0000] {taskinstance.py:2865} INFO - Starting attempt 1 of 6
[2024-10-03T05:56:19.414+0000] {taskinstance.py:2888} INFO - Executing <Task(PostgresOperator): delete_from_table> on 2024-10-02 00:00:00+00:00
[2024-10-03T05:56:19.471+0000] {logging_mixin.py:190} WARNING - /home/***/.local/lib/python3.12/site-packages/***/task/task_runner/standard_task_runner.py:70 DeprecationWarning: This process (pid=407) is multi-threaded, use of fork() may lead to deadlocks in the child.
[2024-10-03T05:56:19.482+0000] {standard_task_runner.py:72} INFO - Started process 443 to run task
[2024-10-03T05:56:19.534+0000] {standard_task_runner.py:104} INFO - Running: ['***', 'tasks', 'run', 'dag_with_postgres_operator_v04', 'delete_from_table', 'scheduled__2024-10-02T00:00:00+00:00', '--job-id', '1291', '--raw', '--subdir', 'DAGS_FOLDER/dag_with_postgres_operator.py', '--cfg-path', '/tmp/tmpbbxhv2xr']
[2024-10-03T05:56:19.578+0000] {standard_task_runner.py:105} INFO - Job 1291: Subtask delete_from_table
[2024-10-03T05:56:19.928+0000] {logging_mixin.py:190} WARNING - /home/***/.local/lib/python3.12/site-packages/***/settings.py:209 DeprecationWarning: The sql_alchemy_conn option in [core] has been moved to the sql_alchemy_conn option in [database] - the old setting has been used, but please update your config.
[2024-10-03T05:56:20.581+0000] {task_command.py:467} INFO - Running <TaskInstance: dag_with_postgres_operator_v04.delete_from_table scheduled__2024-10-02T00:00:00+00:00 [running]> on host 6851fee35b72
[2024-10-03T05:56:20.652+0000] {logging_mixin.py:190} WARNING - /home/***/.local/lib/python3.12/site-packages/***/settings.py:470 DeprecationWarning: The sql_alchemy_conn option in [core] has been moved to the sql_alchemy_conn option in [database] - the old setting has been used, but please update your config.
[2024-10-03T05:56:21.396+0000] {taskinstance.py:3131} INFO - Exporting env vars: AIRFLOW_CTX_DAG_OWNER='admin' AIRFLOW_CTX_DAG_ID='dag_with_postgres_operator_v04' AIRFLOW_CTX_TASK_ID='delete_from_table' AIRFLOW_CTX_EXECUTION_DATE='2024-10-02T00:00:00+00:00' AIRFLOW_CTX_TRY_NUMBER='1' AIRFLOW_CTX_DAG_RUN_ID='scheduled__2024-10-02T00:00:00+00:00'
[2024-10-03T05:56:21.399+0000] {taskinstance.py:731} INFO - ::endgroup::
[2024-10-03T05:56:21.427+0000] {sql.py:266} INFO - Executing: 
            delete from dag_runs where dt = '2024-10-02' and dag_id = 'dag_with_postgres_operator_v04';
            
[2024-10-03T05:56:21.450+0000] {base.py:84} INFO - Retrieving connection 'postgres_localhost'
[2024-10-03T05:56:21.492+0000] {base.py:84} INFO - Retrieving connection 'postgres_localhost'
[2024-10-03T05:56:21.510+0000] {sql.py:509} INFO - Running statement: 
            delete from dag_runs where dt = '2024-10-02' and dag_id = 'dag_with_postgres_operator_v04';
            , parameters: None
[2024-10-03T05:56:21.522+0000] {sql.py:518} INFO - Rows affected: 0
[2024-10-03T05:56:21.558+0000] {taskinstance.py:340} INFO - ::group::Post task execution logs
[2024-10-03T05:56:21.559+0000] {taskinstance.py:352} INFO - Marking task as SUCCESS. dag_id=dag_with_postgres_operator_v04, task_id=delete_from_table, run_id=scheduled__2024-10-02T00:00:00+00:00, execution_date=20241002T000000, start_date=20241003T055618, end_date=20241003T055621
[2024-10-03T05:56:21.606+0000] {local_task_job_runner.py:266} INFO - Task exited with return code 0
[2024-10-03T05:56:21.633+0000] {logging_mixin.py:190} WARNING - /home/***/.local/lib/python3.12/site-packages/***/models/baseoperator.py:1378 AirflowProviderDeprecationWarning: Call to deprecated class PostgresOperator. (Please use `***.providers.common.sql.operators.sql.SQLExecuteQueryOperator`.Also, you can provide `hook_params={'schema': <database>}`.)
[2024-10-03T05:56:21.646+0000] {taskinstance.py:3900} INFO - 1 downstream tasks scheduled from follow-on schedule check
[2024-10-03T05:56:21.647+0000] {local_task_job_runner.py:245} INFO - ::endgroup::
