[2024-09-29T08:17:34.812+0000] {local_task_job_runner.py:123} INFO - ::group::Pre task execution logs
[2024-09-29T08:17:34.854+0000] {taskinstance.py:2612} INFO - Dependencies all met for dep_context=non-requeueable deps ti=<TaskInstance: dag_with_python_dependencies_v02.get_scikit_learn scheduled__2024-09-27T00:00:00+00:00 [queued]>
[2024-09-29T08:17:34.864+0000] {taskinstance.py:2612} INFO - Dependencies all met for dep_context=requeueable deps ti=<TaskInstance: dag_with_python_dependencies_v02.get_scikit_learn scheduled__2024-09-27T00:00:00+00:00 [queued]>
[2024-09-29T08:17:34.865+0000] {taskinstance.py:2865} INFO - Starting attempt 1 of 6
[2024-09-29T08:17:34.901+0000] {taskinstance.py:2888} INFO - Executing <Task(PythonOperator): get_scikit_learn> on 2024-09-27 00:00:00+00:00
[2024-09-29T08:17:34.911+0000] {logging_mixin.py:190} WARNING - /home/***/.local/lib/python3.12/site-packages/***/task/task_runner/standard_task_runner.py:70 DeprecationWarning: This process (pid=5577) is multi-threaded, use of fork() may lead to deadlocks in the child.
[2024-09-29T08:17:34.912+0000] {standard_task_runner.py:72} INFO - Started process 5586 to run task
[2024-09-29T08:17:34.908+0000] {standard_task_runner.py:104} INFO - Running: ['***', 'tasks', 'run', 'dag_with_python_dependencies_v02', 'get_scikit_learn', 'scheduled__2024-09-27T00:00:00+00:00', '--job-id', '703', '--raw', '--subdir', 'DAGS_FOLDER/dag_with_python_dependencies.py', '--cfg-path', '/tmp/tmpcf4v5o65']
[2024-09-29T08:17:34.915+0000] {standard_task_runner.py:105} INFO - Job 703: Subtask get_scikit_learn
[2024-09-29T08:17:34.934+0000] {logging_mixin.py:190} WARNING - /home/***/.local/lib/python3.12/site-packages/***/settings.py:209 DeprecationWarning: The sql_alchemy_conn option in [core] has been moved to the sql_alchemy_conn option in [database] - the old setting has been used, but please update your config.
[2024-09-29T08:17:34.978+0000] {task_command.py:467} INFO - Running <TaskInstance: dag_with_python_dependencies_v02.get_scikit_learn scheduled__2024-09-27T00:00:00+00:00 [running]> on host 6851fee35b72
[2024-09-29T08:17:34.979+0000] {logging_mixin.py:190} WARNING - /home/***/.local/lib/python3.12/site-packages/***/settings.py:470 DeprecationWarning: The sql_alchemy_conn option in [core] has been moved to the sql_alchemy_conn option in [database] - the old setting has been used, but please update your config.
[2024-09-29T08:17:35.228+0000] {taskinstance.py:3131} INFO - Exporting env vars: AIRFLOW_CTX_DAG_OWNER='admin' AIRFLOW_CTX_DAG_ID='dag_with_python_dependencies_v02' AIRFLOW_CTX_TASK_ID='get_scikit_learn' AIRFLOW_CTX_EXECUTION_DATE='2024-09-27T00:00:00+00:00' AIRFLOW_CTX_TRY_NUMBER='1' AIRFLOW_CTX_DAG_RUN_ID='scheduled__2024-09-27T00:00:00+00:00'
[2024-09-29T08:17:35.242+0000] {taskinstance.py:731} INFO - ::endgroup::
[2024-09-29T08:17:36.586+0000] {logging_mixin.py:190} INFO - scikit-learn version:1.5.2
[2024-09-29T08:17:36.588+0000] {python.py:240} INFO - Done. Returned value was: None
[2024-09-29T08:17:36.603+0000] {taskinstance.py:340} INFO - ::group::Post task execution logs
[2024-09-29T08:17:36.604+0000] {taskinstance.py:352} INFO - Marking task as SUCCESS. dag_id=dag_with_python_dependencies_v02, task_id=get_scikit_learn, run_id=scheduled__2024-09-27T00:00:00+00:00, execution_date=20240927T000000, start_date=20240929T081734, end_date=20240929T081736
[2024-09-29T08:17:36.678+0000] {local_task_job_runner.py:266} INFO - Task exited with return code 0
[2024-09-29T08:17:36.730+0000] {taskinstance.py:3900} INFO - 1 downstream tasks scheduled from follow-on schedule check
[2024-09-29T08:17:36.737+0000] {local_task_job_runner.py:245} INFO - ::endgroup::
