[2024-09-28T11:33:50.448+0000] {local_task_job_runner.py:123} INFO - ::group::Pre task execution logs
[2024-09-28T11:33:50.464+0000] {taskinstance.py:2612} INFO - Dependencies all met for dep_context=non-requeueable deps ti=<TaskInstance: first_dag_v6.task_two manual__2024-09-28T11:33:48.912415+00:00 [queued]>
[2024-09-28T11:33:50.468+0000] {taskinstance.py:2612} INFO - Dependencies all met for dep_context=requeueable deps ti=<TaskInstance: first_dag_v6.task_two manual__2024-09-28T11:33:48.912415+00:00 [queued]>
[2024-09-28T11:33:50.468+0000] {taskinstance.py:2865} INFO - Starting attempt 1 of 6
[2024-09-28T11:33:50.474+0000] {taskinstance.py:2888} INFO - Executing <Task(BashOperator): task_two> on 2024-09-28 11:33:48.912415+00:00
[2024-09-28T11:33:50.480+0000] {logging_mixin.py:190} WARNING - /home/***/.local/lib/python3.12/site-packages/***/task/task_runner/standard_task_runner.py:70 DeprecationWarning: This process (pid=1654) is multi-threaded, use of fork() may lead to deadlocks in the child.
[2024-09-28T11:33:50.482+0000] {standard_task_runner.py:72} INFO - Started process 1655 to run task
[2024-09-28T11:33:50.480+0000] {standard_task_runner.py:104} INFO - Running: ['***', 'tasks', 'run', 'first_dag_v6', 'task_two', 'manual__2024-09-28T11:33:48.912415+00:00', '--job-id', '42', '--raw', '--subdir', 'DAGS_FOLDER/first_dag.py', '--cfg-path', '/tmp/tmp46ex0bdq']
[2024-09-28T11:33:50.482+0000] {standard_task_runner.py:105} INFO - Job 42: Subtask task_two
[2024-09-28T11:33:50.515+0000] {task_command.py:467} INFO - Running <TaskInstance: first_dag_v6.task_two manual__2024-09-28T11:33:48.912415+00:00 [running]> on host f9a59cccd6d1
[2024-09-28T11:33:50.559+0000] {taskinstance.py:3131} INFO - Exporting env vars: AIRFLOW_CTX_DAG_OWNER='admin' AIRFLOW_CTX_DAG_ID='first_dag_v6' AIRFLOW_CTX_TASK_ID='task_two' AIRFLOW_CTX_EXECUTION_DATE='2024-09-28T11:33:48.912415+00:00' AIRFLOW_CTX_TRY_NUMBER='1' AIRFLOW_CTX_DAG_RUN_ID='manual__2024-09-28T11:33:48.912415+00:00'
[2024-09-28T11:33:50.559+0000] {taskinstance.py:731} INFO - ::endgroup::
[2024-09-28T11:33:50.568+0000] {subprocess.py:63} INFO - Tmp dir root location: /tmp
[2024-09-28T11:33:50.569+0000] {subprocess.py:75} INFO - Running command: ['/usr/bin/bash', '-c', 'echo hello planet, this will be run after task one.']
[2024-09-28T11:33:50.574+0000] {subprocess.py:86} INFO - Output:
[2024-09-28T11:33:50.575+0000] {subprocess.py:93} INFO - hello planet, this will be run after task one.
[2024-09-28T11:33:50.575+0000] {subprocess.py:97} INFO - Command exited with return code 0
[2024-09-28T11:33:50.605+0000] {taskinstance.py:340} INFO - ::group::Post task execution logs
[2024-09-28T11:33:50.606+0000] {taskinstance.py:352} INFO - Marking task as SUCCESS. dag_id=first_dag_v6, task_id=task_two, run_id=manual__2024-09-28T11:33:48.912415+00:00, execution_date=20240928T113348, start_date=20240928T113350, end_date=20240928T113350
[2024-09-28T11:33:50.623+0000] {local_task_job_runner.py:266} INFO - Task exited with return code 0
[2024-09-28T11:33:50.637+0000] {taskinstance.py:3900} INFO - 1 downstream tasks scheduled from follow-on schedule check
[2024-09-28T11:33:50.638+0000] {local_task_job_runner.py:245} INFO - ::endgroup::
