[2024-09-29T03:34:33.060+0000] {local_task_job_runner.py:123} INFO - ::group::Pre task execution logs
[2024-09-29T03:34:33.092+0000] {taskinstance.py:2612} INFO - Dependencies all met for dep_context=non-requeueable deps ti=<TaskInstance: dag_with_postgres_operator_v04.create_postgres_table manual__2024-09-29T03:34:32.261152+00:00 [queued]>
[2024-09-29T03:34:33.102+0000] {taskinstance.py:2612} INFO - Dependencies all met for dep_context=requeueable deps ti=<TaskInstance: dag_with_postgres_operator_v04.create_postgres_table manual__2024-09-29T03:34:32.261152+00:00 [queued]>
[2024-09-29T03:34:33.104+0000] {taskinstance.py:2865} INFO - Starting attempt 1 of 6
[2024-09-29T03:34:33.155+0000] {taskinstance.py:2888} INFO - Executing <Task(PostgresOperator): create_postgres_table> on 2024-09-29 03:34:32.261152+00:00
[2024-09-29T03:34:33.191+0000] {logging_mixin.py:190} WARNING - /home/***/.local/lib/python3.12/site-packages/***/task/task_runner/standard_task_runner.py:70 DeprecationWarning: This process (pid=19800) is multi-threaded, use of fork() may lead to deadlocks in the child.
[2024-09-29T03:34:33.202+0000] {standard_task_runner.py:72} INFO - Started process 19807 to run task
[2024-09-29T03:34:33.182+0000] {standard_task_runner.py:104} INFO - Running: ['***', 'tasks', 'run', 'dag_with_postgres_operator_v04', 'create_postgres_table', 'manual__2024-09-29T03:34:32.261152+00:00', '--job-id', '442', '--raw', '--subdir', 'DAGS_FOLDER/dag_with_postgres_operator.py', '--cfg-path', '/tmp/tmpy9t_v2qg']
[2024-09-29T03:34:33.204+0000] {standard_task_runner.py:105} INFO - Job 442: Subtask create_postgres_table
[2024-09-29T03:34:33.304+0000] {task_command.py:467} INFO - Running <TaskInstance: dag_with_postgres_operator_v04.create_postgres_table manual__2024-09-29T03:34:32.261152+00:00 [running]> on host f9a59cccd6d1
[2024-09-29T03:34:33.560+0000] {taskinstance.py:3131} INFO - Exporting env vars: AIRFLOW_CTX_DAG_OWNER='admin' AIRFLOW_CTX_DAG_ID='dag_with_postgres_operator_v04' AIRFLOW_CTX_TASK_ID='create_postgres_table' AIRFLOW_CTX_EXECUTION_DATE='2024-09-29T03:34:32.261152+00:00' AIRFLOW_CTX_TRY_NUMBER='1' AIRFLOW_CTX_DAG_RUN_ID='manual__2024-09-29T03:34:32.261152+00:00'
[2024-09-29T03:34:33.563+0000] {taskinstance.py:731} INFO - ::endgroup::
[2024-09-29T03:34:33.600+0000] {sql.py:266} INFO - Executing: 
            create table if not exists dag_runs (
                ds date,
                dag_id character varying,
                primary key (ds,dag_id)
                )
            
[2024-09-29T03:34:33.628+0000] {base.py:84} INFO - Retrieving connection 'postgres_localhost'
[2024-09-29T03:34:33.657+0000] {base.py:84} INFO - Retrieving connection 'postgres_localhost'
[2024-09-29T03:34:33.671+0000] {sql.py:509} INFO - Running statement: 
            create table if not exists dag_runs (
                ds date,
                dag_id character varying,
                primary key (ds,dag_id)
                )
            , parameters: None
[2024-09-29T03:34:33.698+0000] {taskinstance.py:340} INFO - ::group::Post task execution logs
[2024-09-29T03:34:33.699+0000] {taskinstance.py:352} INFO - Marking task as SUCCESS. dag_id=dag_with_postgres_operator_v04, task_id=create_postgres_table, run_id=manual__2024-09-29T03:34:32.261152+00:00, execution_date=20240929T033432, start_date=20240929T033433, end_date=20240929T033433
[2024-09-29T03:34:33.763+0000] {local_task_job_runner.py:266} INFO - Task exited with return code 0
[2024-09-29T03:34:33.806+0000] {local_task_job_runner.py:245} INFO - ::endgroup::
