[2024-09-30T10:31:32.059+0000] {logging_mixin.py:190} WARNING - /home/airflow/.local/lib/python3.12/site-packages/airflow/settings.py:470 DeprecationWarning: The sql_alchemy_conn option in [core] has been moved to the sql_alchemy_conn option in [database] - the old setting has been used, but please update your config.
[2024-09-30T10:31:32.192+0000] {processor.py:186} INFO - Started process (PID=213) to work on /opt/airflow/dags/dag_with_python_dependencies.py
[2024-09-30T10:31:32.200+0000] {processor.py:914} INFO - Processing file /opt/airflow/dags/dag_with_python_dependencies.py for tasks to queue
[2024-09-30T10:31:32.405+0000] {logging_mixin.py:190} INFO - [2024-09-30T10:31:32.405+0000] {dagbag.py:587} INFO - Filling up the DagBag from /opt/airflow/dags/dag_with_python_dependencies.py
[2024-09-30T10:31:32.596+0000] {processor.py:925} INFO - DAG(s) 'dag_with_python_dependencies_v02' retrieved from /opt/airflow/dags/dag_with_python_dependencies.py
[2024-09-30T10:31:38.208+0000] {logging_mixin.py:190} INFO - [2024-09-30T10:31:38.205+0000] {dag.py:3229} INFO - Sync 1 DAGs
[2024-09-30T10:31:38.656+0000] {logging_mixin.py:190} INFO - [2024-09-30T10:31:38.645+0000] {dag.py:4156} INFO - Setting next_dagrun for dag_with_python_dependencies_v02 to 2024-09-30 00:00:00+00:00, run_after=2024-10-01 00:00:00+00:00
[2024-09-30T10:31:38.922+0000] {processor.py:208} INFO - Processing /opt/airflow/dags/dag_with_python_dependencies.py took 6.891 seconds
[2024-09-30T10:31:52.158+0000] {logging_mixin.py:190} WARNING - /home/airflow/.local/lib/python3.12/site-packages/airflow/settings.py:470 DeprecationWarning: The sql_alchemy_conn option in [core] has been moved to the sql_alchemy_conn option in [database] - the old setting has been used, but please update your config.
[2024-09-30T10:31:52.178+0000] {processor.py:186} INFO - Started process (PID=361) to work on /opt/airflow/dags/dag_with_python_dependencies.py
[2024-09-30T10:31:52.179+0000] {processor.py:914} INFO - Processing file /opt/airflow/dags/dag_with_python_dependencies.py for tasks to queue
[2024-09-30T10:31:52.183+0000] {logging_mixin.py:190} INFO - [2024-09-30T10:31:52.182+0000] {dagbag.py:587} INFO - Filling up the DagBag from /opt/airflow/dags/dag_with_python_dependencies.py
[2024-09-30T10:31:52.200+0000] {processor.py:925} INFO - DAG(s) 'dag_with_python_dependencies_v02' retrieved from /opt/airflow/dags/dag_with_python_dependencies.py
[2024-09-30T10:31:52.241+0000] {logging_mixin.py:190} INFO - [2024-09-30T10:31:52.241+0000] {dag.py:3229} INFO - Sync 1 DAGs
[2024-09-30T10:31:52.268+0000] {logging_mixin.py:190} INFO - [2024-09-30T10:31:52.268+0000] {dag.py:4156} INFO - Setting next_dagrun for dag_with_python_dependencies_v02 to 2024-09-30 00:00:00+00:00, run_after=2024-10-01 00:00:00+00:00
[2024-09-30T10:31:52.286+0000] {processor.py:208} INFO - Processing /opt/airflow/dags/dag_with_python_dependencies.py took 0.137 seconds
[2024-09-30T10:32:02.650+0000] {logging_mixin.py:190} WARNING - /home/airflow/.local/lib/python3.12/site-packages/airflow/settings.py:470 DeprecationWarning: The sql_alchemy_conn option in [core] has been moved to the sql_alchemy_conn option in [database] - the old setting has been used, but please update your config.
[2024-09-30T10:32:02.659+0000] {processor.py:186} INFO - Started process (PID=406) to work on /opt/airflow/dags/dag_with_python_dependencies.py
[2024-09-30T10:32:02.660+0000] {processor.py:914} INFO - Processing file /opt/airflow/dags/dag_with_python_dependencies.py for tasks to queue
[2024-09-30T10:32:02.662+0000] {logging_mixin.py:190} INFO - [2024-09-30T10:32:02.662+0000] {dagbag.py:587} INFO - Filling up the DagBag from /opt/airflow/dags/dag_with_python_dependencies.py
[2024-09-30T10:32:02.673+0000] {processor.py:925} INFO - DAG(s) 'dag_with_python_dependencies_v02' retrieved from /opt/airflow/dags/dag_with_python_dependencies.py
[2024-09-30T10:32:02.693+0000] {logging_mixin.py:190} INFO - [2024-09-30T10:32:02.693+0000] {dag.py:3229} INFO - Sync 1 DAGs
[2024-09-30T10:32:02.713+0000] {logging_mixin.py:190} INFO - [2024-09-30T10:32:02.713+0000] {dag.py:4156} INFO - Setting next_dagrun for dag_with_python_dependencies_v02 to 2024-09-30 00:00:00+00:00, run_after=2024-10-01 00:00:00+00:00
[2024-09-30T10:32:02.726+0000] {processor.py:208} INFO - Processing /opt/airflow/dags/dag_with_python_dependencies.py took 0.080 seconds
[2024-09-30T10:32:13.094+0000] {logging_mixin.py:190} WARNING - /home/airflow/.local/lib/python3.12/site-packages/airflow/settings.py:470 DeprecationWarning: The sql_alchemy_conn option in [core] has been moved to the sql_alchemy_conn option in [database] - the old setting has been used, but please update your config.
[2024-09-30T10:32:13.106+0000] {processor.py:186} INFO - Started process (PID=451) to work on /opt/airflow/dags/dag_with_python_dependencies.py
[2024-09-30T10:32:13.107+0000] {processor.py:914} INFO - Processing file /opt/airflow/dags/dag_with_python_dependencies.py for tasks to queue
[2024-09-30T10:32:13.109+0000] {logging_mixin.py:190} INFO - [2024-09-30T10:32:13.109+0000] {dagbag.py:587} INFO - Filling up the DagBag from /opt/airflow/dags/dag_with_python_dependencies.py
[2024-09-30T10:32:13.119+0000] {processor.py:925} INFO - DAG(s) 'dag_with_python_dependencies_v02' retrieved from /opt/airflow/dags/dag_with_python_dependencies.py
[2024-09-30T10:32:13.153+0000] {logging_mixin.py:190} INFO - [2024-09-30T10:32:13.152+0000] {dag.py:3229} INFO - Sync 1 DAGs
[2024-09-30T10:32:13.177+0000] {logging_mixin.py:190} INFO - [2024-09-30T10:32:13.176+0000] {dag.py:4156} INFO - Setting next_dagrun for dag_with_python_dependencies_v02 to 2024-09-30 00:00:00+00:00, run_after=2024-10-01 00:00:00+00:00
[2024-09-30T10:32:13.191+0000] {processor.py:208} INFO - Processing /opt/airflow/dags/dag_with_python_dependencies.py took 0.104 seconds
[2024-09-30T10:32:23.517+0000] {logging_mixin.py:190} WARNING - /home/airflow/.local/lib/python3.12/site-packages/airflow/settings.py:470 DeprecationWarning: The sql_alchemy_conn option in [core] has been moved to the sql_alchemy_conn option in [database] - the old setting has been used, but please update your config.
[2024-09-30T10:32:23.527+0000] {processor.py:186} INFO - Started process (PID=496) to work on /opt/airflow/dags/dag_with_python_dependencies.py
[2024-09-30T10:32:23.528+0000] {processor.py:914} INFO - Processing file /opt/airflow/dags/dag_with_python_dependencies.py for tasks to queue
[2024-09-30T10:32:23.530+0000] {logging_mixin.py:190} INFO - [2024-09-30T10:32:23.530+0000] {dagbag.py:587} INFO - Filling up the DagBag from /opt/airflow/dags/dag_with_python_dependencies.py
[2024-09-30T10:32:23.541+0000] {processor.py:925} INFO - DAG(s) 'dag_with_python_dependencies_v02' retrieved from /opt/airflow/dags/dag_with_python_dependencies.py
[2024-09-30T10:32:23.562+0000] {logging_mixin.py:190} INFO - [2024-09-30T10:32:23.561+0000] {dag.py:3229} INFO - Sync 1 DAGs
[2024-09-30T10:32:23.583+0000] {logging_mixin.py:190} INFO - [2024-09-30T10:32:23.582+0000] {dag.py:4156} INFO - Setting next_dagrun for dag_with_python_dependencies_v02 to 2024-09-30 00:00:00+00:00, run_after=2024-10-01 00:00:00+00:00
[2024-09-30T10:32:23.595+0000] {processor.py:208} INFO - Processing /opt/airflow/dags/dag_with_python_dependencies.py took 0.082 seconds
[2024-09-30T10:32:33.955+0000] {logging_mixin.py:190} WARNING - /home/airflow/.local/lib/python3.12/site-packages/airflow/settings.py:470 DeprecationWarning: The sql_alchemy_conn option in [core] has been moved to the sql_alchemy_conn option in [database] - the old setting has been used, but please update your config.
[2024-09-30T10:32:33.961+0000] {processor.py:186} INFO - Started process (PID=541) to work on /opt/airflow/dags/dag_with_python_dependencies.py
[2024-09-30T10:32:33.961+0000] {processor.py:914} INFO - Processing file /opt/airflow/dags/dag_with_python_dependencies.py for tasks to queue
[2024-09-30T10:32:33.963+0000] {logging_mixin.py:190} INFO - [2024-09-30T10:32:33.963+0000] {dagbag.py:587} INFO - Filling up the DagBag from /opt/airflow/dags/dag_with_python_dependencies.py
[2024-09-30T10:32:33.971+0000] {processor.py:925} INFO - DAG(s) 'dag_with_python_dependencies_v02' retrieved from /opt/airflow/dags/dag_with_python_dependencies.py
[2024-09-30T10:32:33.995+0000] {logging_mixin.py:190} INFO - [2024-09-30T10:32:33.994+0000] {dag.py:3229} INFO - Sync 1 DAGs
[2024-09-30T10:32:34.014+0000] {logging_mixin.py:190} INFO - [2024-09-30T10:32:34.014+0000] {dag.py:4156} INFO - Setting next_dagrun for dag_with_python_dependencies_v02 to 2024-09-30 00:00:00+00:00, run_after=2024-10-01 00:00:00+00:00
[2024-09-30T10:32:34.026+0000] {processor.py:208} INFO - Processing /opt/airflow/dags/dag_with_python_dependencies.py took 0.074 seconds
[2024-09-30T10:32:44.386+0000] {logging_mixin.py:190} WARNING - /home/airflow/.local/lib/python3.12/site-packages/airflow/settings.py:470 DeprecationWarning: The sql_alchemy_conn option in [core] has been moved to the sql_alchemy_conn option in [database] - the old setting has been used, but please update your config.
[2024-09-30T10:32:44.394+0000] {processor.py:186} INFO - Started process (PID=586) to work on /opt/airflow/dags/dag_with_python_dependencies.py
[2024-09-30T10:32:44.394+0000] {processor.py:914} INFO - Processing file /opt/airflow/dags/dag_with_python_dependencies.py for tasks to queue
[2024-09-30T10:32:44.397+0000] {logging_mixin.py:190} INFO - [2024-09-30T10:32:44.396+0000] {dagbag.py:587} INFO - Filling up the DagBag from /opt/airflow/dags/dag_with_python_dependencies.py
[2024-09-30T10:32:44.407+0000] {processor.py:925} INFO - DAG(s) 'dag_with_python_dependencies_v02' retrieved from /opt/airflow/dags/dag_with_python_dependencies.py
[2024-09-30T10:32:44.425+0000] {logging_mixin.py:190} INFO - [2024-09-30T10:32:44.425+0000] {dag.py:3229} INFO - Sync 1 DAGs
[2024-09-30T10:32:44.442+0000] {logging_mixin.py:190} INFO - [2024-09-30T10:32:44.442+0000] {dag.py:4156} INFO - Setting next_dagrun for dag_with_python_dependencies_v02 to 2024-09-30 00:00:00+00:00, run_after=2024-10-01 00:00:00+00:00
[2024-09-30T10:32:44.454+0000] {processor.py:208} INFO - Processing /opt/airflow/dags/dag_with_python_dependencies.py took 0.072 seconds
[2024-09-30T10:32:54.920+0000] {logging_mixin.py:190} WARNING - /home/airflow/.local/lib/python3.12/site-packages/airflow/settings.py:470 DeprecationWarning: The sql_alchemy_conn option in [core] has been moved to the sql_alchemy_conn option in [database] - the old setting has been used, but please update your config.
[2024-09-30T10:32:54.927+0000] {processor.py:186} INFO - Started process (PID=631) to work on /opt/airflow/dags/dag_with_python_dependencies.py
[2024-09-30T10:32:54.928+0000] {processor.py:914} INFO - Processing file /opt/airflow/dags/dag_with_python_dependencies.py for tasks to queue
[2024-09-30T10:32:54.930+0000] {logging_mixin.py:190} INFO - [2024-09-30T10:32:54.930+0000] {dagbag.py:587} INFO - Filling up the DagBag from /opt/airflow/dags/dag_with_python_dependencies.py
[2024-09-30T10:32:54.941+0000] {processor.py:925} INFO - DAG(s) 'dag_with_python_dependencies_v02' retrieved from /opt/airflow/dags/dag_with_python_dependencies.py
[2024-09-30T10:32:54.963+0000] {logging_mixin.py:190} INFO - [2024-09-30T10:32:54.963+0000] {dag.py:3229} INFO - Sync 1 DAGs
[2024-09-30T10:32:54.983+0000] {logging_mixin.py:190} INFO - [2024-09-30T10:32:54.983+0000] {dag.py:4156} INFO - Setting next_dagrun for dag_with_python_dependencies_v02 to 2024-09-30 00:00:00+00:00, run_after=2024-10-01 00:00:00+00:00
[2024-09-30T10:32:55.003+0000] {processor.py:208} INFO - Processing /opt/airflow/dags/dag_with_python_dependencies.py took 0.086 seconds
[2024-09-30T10:33:05.380+0000] {logging_mixin.py:190} WARNING - /home/airflow/.local/lib/python3.12/site-packages/airflow/settings.py:470 DeprecationWarning: The sql_alchemy_conn option in [core] has been moved to the sql_alchemy_conn option in [database] - the old setting has been used, but please update your config.
[2024-09-30T10:33:05.390+0000] {processor.py:186} INFO - Started process (PID=676) to work on /opt/airflow/dags/dag_with_python_dependencies.py
[2024-09-30T10:33:05.390+0000] {processor.py:914} INFO - Processing file /opt/airflow/dags/dag_with_python_dependencies.py for tasks to queue
[2024-09-30T10:33:05.394+0000] {logging_mixin.py:190} INFO - [2024-09-30T10:33:05.394+0000] {dagbag.py:587} INFO - Filling up the DagBag from /opt/airflow/dags/dag_with_python_dependencies.py
[2024-09-30T10:33:05.408+0000] {processor.py:925} INFO - DAG(s) 'dag_with_python_dependencies_v02' retrieved from /opt/airflow/dags/dag_with_python_dependencies.py
[2024-09-30T10:33:05.436+0000] {logging_mixin.py:190} INFO - [2024-09-30T10:33:05.436+0000] {dag.py:3229} INFO - Sync 1 DAGs
[2024-09-30T10:33:05.458+0000] {logging_mixin.py:190} INFO - [2024-09-30T10:33:05.458+0000] {dag.py:4156} INFO - Setting next_dagrun for dag_with_python_dependencies_v02 to 2024-09-30 00:00:00+00:00, run_after=2024-10-01 00:00:00+00:00
[2024-09-30T10:33:05.472+0000] {processor.py:208} INFO - Processing /opt/airflow/dags/dag_with_python_dependencies.py took 0.098 seconds
[2024-09-30T10:33:15.775+0000] {logging_mixin.py:190} WARNING - /home/airflow/.local/lib/python3.12/site-packages/airflow/settings.py:470 DeprecationWarning: The sql_alchemy_conn option in [core] has been moved to the sql_alchemy_conn option in [database] - the old setting has been used, but please update your config.
[2024-09-30T10:33:15.782+0000] {processor.py:186} INFO - Started process (PID=721) to work on /opt/airflow/dags/dag_with_python_dependencies.py
[2024-09-30T10:33:15.784+0000] {processor.py:914} INFO - Processing file /opt/airflow/dags/dag_with_python_dependencies.py for tasks to queue
[2024-09-30T10:33:15.787+0000] {logging_mixin.py:190} INFO - [2024-09-30T10:33:15.787+0000] {dagbag.py:587} INFO - Filling up the DagBag from /opt/airflow/dags/dag_with_python_dependencies.py
[2024-09-30T10:33:15.796+0000] {processor.py:925} INFO - DAG(s) 'dag_with_python_dependencies_v02' retrieved from /opt/airflow/dags/dag_with_python_dependencies.py
[2024-09-30T10:33:15.814+0000] {logging_mixin.py:190} INFO - [2024-09-30T10:33:15.814+0000] {dag.py:3229} INFO - Sync 1 DAGs
[2024-09-30T10:33:15.831+0000] {logging_mixin.py:190} INFO - [2024-09-30T10:33:15.831+0000] {dag.py:4156} INFO - Setting next_dagrun for dag_with_python_dependencies_v02 to 2024-09-30 00:00:00+00:00, run_after=2024-10-01 00:00:00+00:00
[2024-09-30T10:33:15.841+0000] {processor.py:208} INFO - Processing /opt/airflow/dags/dag_with_python_dependencies.py took 0.069 seconds
[2024-09-30T10:33:26.243+0000] {logging_mixin.py:190} WARNING - /home/airflow/.local/lib/python3.12/site-packages/airflow/settings.py:470 DeprecationWarning: The sql_alchemy_conn option in [core] has been moved to the sql_alchemy_conn option in [database] - the old setting has been used, but please update your config.
[2024-09-30T10:33:26.250+0000] {processor.py:186} INFO - Started process (PID=766) to work on /opt/airflow/dags/dag_with_python_dependencies.py
[2024-09-30T10:33:26.252+0000] {processor.py:914} INFO - Processing file /opt/airflow/dags/dag_with_python_dependencies.py for tasks to queue
[2024-09-30T10:33:26.254+0000] {logging_mixin.py:190} INFO - [2024-09-30T10:33:26.254+0000] {dagbag.py:587} INFO - Filling up the DagBag from /opt/airflow/dags/dag_with_python_dependencies.py
[2024-09-30T10:33:26.264+0000] {processor.py:925} INFO - DAG(s) 'dag_with_python_dependencies_v02' retrieved from /opt/airflow/dags/dag_with_python_dependencies.py
[2024-09-30T10:33:26.282+0000] {logging_mixin.py:190} INFO - [2024-09-30T10:33:26.282+0000] {dag.py:3229} INFO - Sync 1 DAGs
[2024-09-30T10:33:26.298+0000] {logging_mixin.py:190} INFO - [2024-09-30T10:33:26.298+0000] {dag.py:4156} INFO - Setting next_dagrun for dag_with_python_dependencies_v02 to 2024-09-30 00:00:00+00:00, run_after=2024-10-01 00:00:00+00:00
[2024-09-30T10:33:26.308+0000] {processor.py:208} INFO - Processing /opt/airflow/dags/dag_with_python_dependencies.py took 0.068 seconds
[2024-09-30T10:33:36.661+0000] {logging_mixin.py:190} WARNING - /home/airflow/.local/lib/python3.12/site-packages/airflow/settings.py:470 DeprecationWarning: The sql_alchemy_conn option in [core] has been moved to the sql_alchemy_conn option in [database] - the old setting has been used, but please update your config.
[2024-09-30T10:33:36.680+0000] {processor.py:186} INFO - Started process (PID=811) to work on /opt/airflow/dags/dag_with_python_dependencies.py
[2024-09-30T10:33:36.683+0000] {processor.py:914} INFO - Processing file /opt/airflow/dags/dag_with_python_dependencies.py for tasks to queue
[2024-09-30T10:33:36.691+0000] {logging_mixin.py:190} INFO - [2024-09-30T10:33:36.691+0000] {dagbag.py:587} INFO - Filling up the DagBag from /opt/airflow/dags/dag_with_python_dependencies.py
[2024-09-30T10:33:36.771+0000] {processor.py:925} INFO - DAG(s) 'dag_with_python_dependencies_v02' retrieved from /opt/airflow/dags/dag_with_python_dependencies.py
[2024-09-30T10:33:37.066+0000] {logging_mixin.py:190} INFO - [2024-09-30T10:33:37.064+0000] {dag.py:3229} INFO - Sync 1 DAGs
[2024-09-30T10:33:37.144+0000] {logging_mixin.py:190} INFO - [2024-09-30T10:33:37.144+0000] {dag.py:4156} INFO - Setting next_dagrun for dag_with_python_dependencies_v02 to 2024-09-30 00:00:00+00:00, run_after=2024-10-01 00:00:00+00:00
[2024-09-30T10:33:37.370+0000] {processor.py:208} INFO - Processing /opt/airflow/dags/dag_with_python_dependencies.py took 0.716 seconds
[2024-09-30T10:33:47.804+0000] {logging_mixin.py:190} WARNING - /home/airflow/.local/lib/python3.12/site-packages/airflow/settings.py:470 DeprecationWarning: The sql_alchemy_conn option in [core] has been moved to the sql_alchemy_conn option in [database] - the old setting has been used, but please update your config.
[2024-09-30T10:33:47.811+0000] {processor.py:186} INFO - Started process (PID=856) to work on /opt/airflow/dags/dag_with_python_dependencies.py
[2024-09-30T10:33:47.812+0000] {processor.py:914} INFO - Processing file /opt/airflow/dags/dag_with_python_dependencies.py for tasks to queue
[2024-09-30T10:33:47.814+0000] {logging_mixin.py:190} INFO - [2024-09-30T10:33:47.814+0000] {dagbag.py:587} INFO - Filling up the DagBag from /opt/airflow/dags/dag_with_python_dependencies.py
[2024-09-30T10:33:47.824+0000] {processor.py:925} INFO - DAG(s) 'dag_with_python_dependencies_v02' retrieved from /opt/airflow/dags/dag_with_python_dependencies.py
[2024-09-30T10:33:47.848+0000] {logging_mixin.py:190} INFO - [2024-09-30T10:33:47.848+0000] {dag.py:3229} INFO - Sync 1 DAGs
[2024-09-30T10:33:47.867+0000] {logging_mixin.py:190} INFO - [2024-09-30T10:33:47.867+0000] {dag.py:4156} INFO - Setting next_dagrun for dag_with_python_dependencies_v02 to 2024-09-30 00:00:00+00:00, run_after=2024-10-01 00:00:00+00:00
[2024-09-30T10:33:47.882+0000] {processor.py:208} INFO - Processing /opt/airflow/dags/dag_with_python_dependencies.py took 0.081 seconds
[2024-09-30T10:33:58.230+0000] {logging_mixin.py:190} WARNING - /home/airflow/.local/lib/python3.12/site-packages/airflow/settings.py:470 DeprecationWarning: The sql_alchemy_conn option in [core] has been moved to the sql_alchemy_conn option in [database] - the old setting has been used, but please update your config.
[2024-09-30T10:33:58.236+0000] {processor.py:186} INFO - Started process (PID=901) to work on /opt/airflow/dags/dag_with_python_dependencies.py
[2024-09-30T10:33:58.238+0000] {processor.py:914} INFO - Processing file /opt/airflow/dags/dag_with_python_dependencies.py for tasks to queue
[2024-09-30T10:33:58.244+0000] {logging_mixin.py:190} INFO - [2024-09-30T10:33:58.244+0000] {dagbag.py:587} INFO - Filling up the DagBag from /opt/airflow/dags/dag_with_python_dependencies.py
[2024-09-30T10:33:58.256+0000] {processor.py:925} INFO - DAG(s) 'dag_with_python_dependencies_v02' retrieved from /opt/airflow/dags/dag_with_python_dependencies.py
[2024-09-30T10:33:58.276+0000] {logging_mixin.py:190} INFO - [2024-09-30T10:33:58.276+0000] {dag.py:3229} INFO - Sync 1 DAGs
[2024-09-30T10:33:58.293+0000] {logging_mixin.py:190} INFO - [2024-09-30T10:33:58.293+0000] {dag.py:4156} INFO - Setting next_dagrun for dag_with_python_dependencies_v02 to 2024-09-30 00:00:00+00:00, run_after=2024-10-01 00:00:00+00:00
[2024-09-30T10:33:58.310+0000] {processor.py:208} INFO - Processing /opt/airflow/dags/dag_with_python_dependencies.py took 0.084 seconds
[2024-09-30T10:34:08.744+0000] {logging_mixin.py:190} WARNING - /home/airflow/.local/lib/python3.12/site-packages/airflow/settings.py:470 DeprecationWarning: The sql_alchemy_conn option in [core] has been moved to the sql_alchemy_conn option in [database] - the old setting has been used, but please update your config.
[2024-09-30T10:34:08.755+0000] {processor.py:186} INFO - Started process (PID=946) to work on /opt/airflow/dags/dag_with_python_dependencies.py
[2024-09-30T10:34:08.755+0000] {processor.py:914} INFO - Processing file /opt/airflow/dags/dag_with_python_dependencies.py for tasks to queue
[2024-09-30T10:34:08.761+0000] {logging_mixin.py:190} INFO - [2024-09-30T10:34:08.760+0000] {dagbag.py:587} INFO - Filling up the DagBag from /opt/airflow/dags/dag_with_python_dependencies.py
[2024-09-30T10:34:08.782+0000] {processor.py:925} INFO - DAG(s) 'dag_with_python_dependencies_v02' retrieved from /opt/airflow/dags/dag_with_python_dependencies.py
[2024-09-30T10:34:08.816+0000] {logging_mixin.py:190} INFO - [2024-09-30T10:34:08.816+0000] {dag.py:3229} INFO - Sync 1 DAGs
[2024-09-30T10:34:08.841+0000] {logging_mixin.py:190} INFO - [2024-09-30T10:34:08.841+0000] {dag.py:4156} INFO - Setting next_dagrun for dag_with_python_dependencies_v02 to 2024-09-30 00:00:00+00:00, run_after=2024-10-01 00:00:00+00:00
[2024-09-30T10:34:08.862+0000] {processor.py:208} INFO - Processing /opt/airflow/dags/dag_with_python_dependencies.py took 0.121 seconds
[2024-09-30T10:34:19.226+0000] {logging_mixin.py:190} WARNING - /home/airflow/.local/lib/python3.12/site-packages/airflow/settings.py:470 DeprecationWarning: The sql_alchemy_conn option in [core] has been moved to the sql_alchemy_conn option in [database] - the old setting has been used, but please update your config.
[2024-09-30T10:34:19.233+0000] {processor.py:186} INFO - Started process (PID=991) to work on /opt/airflow/dags/dag_with_python_dependencies.py
[2024-09-30T10:34:19.234+0000] {processor.py:914} INFO - Processing file /opt/airflow/dags/dag_with_python_dependencies.py for tasks to queue
[2024-09-30T10:34:19.237+0000] {logging_mixin.py:190} INFO - [2024-09-30T10:34:19.237+0000] {dagbag.py:587} INFO - Filling up the DagBag from /opt/airflow/dags/dag_with_python_dependencies.py
[2024-09-30T10:34:19.252+0000] {processor.py:925} INFO - DAG(s) 'dag_with_python_dependencies_v02' retrieved from /opt/airflow/dags/dag_with_python_dependencies.py
[2024-09-30T10:34:19.273+0000] {logging_mixin.py:190} INFO - [2024-09-30T10:34:19.273+0000] {dag.py:3229} INFO - Sync 1 DAGs
[2024-09-30T10:34:19.290+0000] {logging_mixin.py:190} INFO - [2024-09-30T10:34:19.290+0000] {dag.py:4156} INFO - Setting next_dagrun for dag_with_python_dependencies_v02 to 2024-09-30 00:00:00+00:00, run_after=2024-10-01 00:00:00+00:00
[2024-09-30T10:34:19.305+0000] {processor.py:208} INFO - Processing /opt/airflow/dags/dag_with_python_dependencies.py took 0.083 seconds
[2024-09-30T10:34:29.727+0000] {logging_mixin.py:190} WARNING - /home/airflow/.local/lib/python3.12/site-packages/airflow/settings.py:470 DeprecationWarning: The sql_alchemy_conn option in [core] has been moved to the sql_alchemy_conn option in [database] - the old setting has been used, but please update your config.
[2024-09-30T10:34:29.732+0000] {processor.py:186} INFO - Started process (PID=1036) to work on /opt/airflow/dags/dag_with_python_dependencies.py
[2024-09-30T10:34:29.736+0000] {processor.py:914} INFO - Processing file /opt/airflow/dags/dag_with_python_dependencies.py for tasks to queue
[2024-09-30T10:34:29.740+0000] {logging_mixin.py:190} INFO - [2024-09-30T10:34:29.740+0000] {dagbag.py:587} INFO - Filling up the DagBag from /opt/airflow/dags/dag_with_python_dependencies.py
[2024-09-30T10:34:29.754+0000] {processor.py:925} INFO - DAG(s) 'dag_with_python_dependencies_v02' retrieved from /opt/airflow/dags/dag_with_python_dependencies.py
[2024-09-30T10:34:29.781+0000] {logging_mixin.py:190} INFO - [2024-09-30T10:34:29.781+0000] {dag.py:3229} INFO - Sync 1 DAGs
[2024-09-30T10:34:29.802+0000] {logging_mixin.py:190} INFO - [2024-09-30T10:34:29.802+0000] {dag.py:4156} INFO - Setting next_dagrun for dag_with_python_dependencies_v02 to 2024-09-30 00:00:00+00:00, run_after=2024-10-01 00:00:00+00:00
[2024-09-30T10:34:29.825+0000] {processor.py:208} INFO - Processing /opt/airflow/dags/dag_with_python_dependencies.py took 0.102 seconds
[2024-09-30T10:34:40.407+0000] {logging_mixin.py:190} WARNING - /home/airflow/.local/lib/python3.12/site-packages/airflow/settings.py:470 DeprecationWarning: The sql_alchemy_conn option in [core] has been moved to the sql_alchemy_conn option in [database] - the old setting has been used, but please update your config.
[2024-09-30T10:34:40.418+0000] {processor.py:186} INFO - Started process (PID=1081) to work on /opt/airflow/dags/dag_with_python_dependencies.py
[2024-09-30T10:34:40.419+0000] {processor.py:914} INFO - Processing file /opt/airflow/dags/dag_with_python_dependencies.py for tasks to queue
[2024-09-30T10:34:40.425+0000] {logging_mixin.py:190} INFO - [2024-09-30T10:34:40.424+0000] {dagbag.py:587} INFO - Filling up the DagBag from /opt/airflow/dags/dag_with_python_dependencies.py
[2024-09-30T10:34:40.446+0000] {processor.py:925} INFO - DAG(s) 'dag_with_python_dependencies_v02' retrieved from /opt/airflow/dags/dag_with_python_dependencies.py
[2024-09-30T10:34:40.483+0000] {logging_mixin.py:190} INFO - [2024-09-30T10:34:40.483+0000] {dag.py:3229} INFO - Sync 1 DAGs
[2024-09-30T10:34:40.511+0000] {logging_mixin.py:190} INFO - [2024-09-30T10:34:40.511+0000] {dag.py:4156} INFO - Setting next_dagrun for dag_with_python_dependencies_v02 to 2024-09-30 00:00:00+00:00, run_after=2024-10-01 00:00:00+00:00
[2024-09-30T10:34:40.535+0000] {processor.py:208} INFO - Processing /opt/airflow/dags/dag_with_python_dependencies.py took 0.135 seconds
[2024-09-30T10:34:51.057+0000] {logging_mixin.py:190} WARNING - /home/airflow/.local/lib/python3.12/site-packages/airflow/settings.py:470 DeprecationWarning: The sql_alchemy_conn option in [core] has been moved to the sql_alchemy_conn option in [database] - the old setting has been used, but please update your config.
[2024-09-30T10:34:51.064+0000] {processor.py:186} INFO - Started process (PID=1126) to work on /opt/airflow/dags/dag_with_python_dependencies.py
[2024-09-30T10:34:51.067+0000] {processor.py:914} INFO - Processing file /opt/airflow/dags/dag_with_python_dependencies.py for tasks to queue
[2024-09-30T10:34:51.071+0000] {logging_mixin.py:190} INFO - [2024-09-30T10:34:51.071+0000] {dagbag.py:587} INFO - Filling up the DagBag from /opt/airflow/dags/dag_with_python_dependencies.py
[2024-09-30T10:34:51.084+0000] {processor.py:925} INFO - DAG(s) 'dag_with_python_dependencies_v02' retrieved from /opt/airflow/dags/dag_with_python_dependencies.py
[2024-09-30T10:34:51.113+0000] {logging_mixin.py:190} INFO - [2024-09-30T10:34:51.113+0000] {dag.py:3229} INFO - Sync 1 DAGs
[2024-09-30T10:34:51.139+0000] {logging_mixin.py:190} INFO - [2024-09-30T10:34:51.139+0000] {dag.py:4156} INFO - Setting next_dagrun for dag_with_python_dependencies_v02 to 2024-09-30 00:00:00+00:00, run_after=2024-10-01 00:00:00+00:00
[2024-09-30T10:34:51.158+0000] {processor.py:208} INFO - Processing /opt/airflow/dags/dag_with_python_dependencies.py took 0.104 seconds
[2024-09-30T10:35:01.648+0000] {logging_mixin.py:190} WARNING - /home/airflow/.local/lib/python3.12/site-packages/airflow/settings.py:470 DeprecationWarning: The sql_alchemy_conn option in [core] has been moved to the sql_alchemy_conn option in [database] - the old setting has been used, but please update your config.
[2024-09-30T10:35:01.689+0000] {processor.py:186} INFO - Started process (PID=1171) to work on /opt/airflow/dags/dag_with_python_dependencies.py
[2024-09-30T10:35:01.690+0000] {processor.py:914} INFO - Processing file /opt/airflow/dags/dag_with_python_dependencies.py for tasks to queue
[2024-09-30T10:35:01.698+0000] {logging_mixin.py:190} INFO - [2024-09-30T10:35:01.698+0000] {dagbag.py:587} INFO - Filling up the DagBag from /opt/airflow/dags/dag_with_python_dependencies.py
[2024-09-30T10:35:01.729+0000] {processor.py:925} INFO - DAG(s) 'dag_with_python_dependencies_v02' retrieved from /opt/airflow/dags/dag_with_python_dependencies.py
[2024-09-30T10:35:01.810+0000] {logging_mixin.py:190} INFO - [2024-09-30T10:35:01.810+0000] {dag.py:3229} INFO - Sync 1 DAGs
[2024-09-30T10:35:01.901+0000] {logging_mixin.py:190} INFO - [2024-09-30T10:35:01.901+0000] {dag.py:4156} INFO - Setting next_dagrun for dag_with_python_dependencies_v02 to 2024-09-30 00:00:00+00:00, run_after=2024-10-01 00:00:00+00:00
[2024-09-30T10:35:01.958+0000] {processor.py:208} INFO - Processing /opt/airflow/dags/dag_with_python_dependencies.py took 0.322 seconds
[2024-09-30T10:35:12.490+0000] {logging_mixin.py:190} WARNING - /home/airflow/.local/lib/python3.12/site-packages/airflow/settings.py:470 DeprecationWarning: The sql_alchemy_conn option in [core] has been moved to the sql_alchemy_conn option in [database] - the old setting has been used, but please update your config.
[2024-09-30T10:35:12.501+0000] {processor.py:186} INFO - Started process (PID=1216) to work on /opt/airflow/dags/dag_with_python_dependencies.py
[2024-09-30T10:35:12.502+0000] {processor.py:914} INFO - Processing file /opt/airflow/dags/dag_with_python_dependencies.py for tasks to queue
[2024-09-30T10:35:12.505+0000] {logging_mixin.py:190} INFO - [2024-09-30T10:35:12.505+0000] {dagbag.py:587} INFO - Filling up the DagBag from /opt/airflow/dags/dag_with_python_dependencies.py
[2024-09-30T10:35:12.517+0000] {processor.py:925} INFO - DAG(s) 'dag_with_python_dependencies_v02' retrieved from /opt/airflow/dags/dag_with_python_dependencies.py
[2024-09-30T10:35:12.544+0000] {logging_mixin.py:190} INFO - [2024-09-30T10:35:12.544+0000] {dag.py:3229} INFO - Sync 1 DAGs
[2024-09-30T10:35:12.567+0000] {logging_mixin.py:190} INFO - [2024-09-30T10:35:12.567+0000] {dag.py:4156} INFO - Setting next_dagrun for dag_with_python_dependencies_v02 to 2024-09-30 00:00:00+00:00, run_after=2024-10-01 00:00:00+00:00
[2024-09-30T10:35:12.585+0000] {processor.py:208} INFO - Processing /opt/airflow/dags/dag_with_python_dependencies.py took 0.100 seconds
[2024-09-30T10:35:22.981+0000] {logging_mixin.py:190} WARNING - /home/airflow/.local/lib/python3.12/site-packages/airflow/settings.py:470 DeprecationWarning: The sql_alchemy_conn option in [core] has been moved to the sql_alchemy_conn option in [database] - the old setting has been used, but please update your config.
[2024-09-30T10:35:22.994+0000] {processor.py:186} INFO - Started process (PID=1261) to work on /opt/airflow/dags/dag_with_python_dependencies.py
[2024-09-30T10:35:22.997+0000] {processor.py:914} INFO - Processing file /opt/airflow/dags/dag_with_python_dependencies.py for tasks to queue
[2024-09-30T10:35:23.006+0000] {logging_mixin.py:190} INFO - [2024-09-30T10:35:23.005+0000] {dagbag.py:587} INFO - Filling up the DagBag from /opt/airflow/dags/dag_with_python_dependencies.py
[2024-09-30T10:35:23.021+0000] {processor.py:925} INFO - DAG(s) 'dag_with_python_dependencies_v02' retrieved from /opt/airflow/dags/dag_with_python_dependencies.py
[2024-09-30T10:35:23.048+0000] {logging_mixin.py:190} INFO - [2024-09-30T10:35:23.047+0000] {dag.py:3229} INFO - Sync 1 DAGs
[2024-09-30T10:35:23.069+0000] {logging_mixin.py:190} INFO - [2024-09-30T10:35:23.069+0000] {dag.py:4156} INFO - Setting next_dagrun for dag_with_python_dependencies_v02 to 2024-09-30 00:00:00+00:00, run_after=2024-10-01 00:00:00+00:00
[2024-09-30T10:35:23.093+0000] {processor.py:208} INFO - Processing /opt/airflow/dags/dag_with_python_dependencies.py took 0.118 seconds
[2024-09-30T10:35:33.693+0000] {logging_mixin.py:190} WARNING - /home/airflow/.local/lib/python3.12/site-packages/airflow/settings.py:470 DeprecationWarning: The sql_alchemy_conn option in [core] has been moved to the sql_alchemy_conn option in [database] - the old setting has been used, but please update your config.
[2024-09-30T10:35:33.702+0000] {processor.py:186} INFO - Started process (PID=1306) to work on /opt/airflow/dags/dag_with_python_dependencies.py
[2024-09-30T10:35:33.704+0000] {processor.py:914} INFO - Processing file /opt/airflow/dags/dag_with_python_dependencies.py for tasks to queue
[2024-09-30T10:35:33.708+0000] {logging_mixin.py:190} INFO - [2024-09-30T10:35:33.708+0000] {dagbag.py:587} INFO - Filling up the DagBag from /opt/airflow/dags/dag_with_python_dependencies.py
[2024-09-30T10:35:33.721+0000] {processor.py:925} INFO - DAG(s) 'dag_with_python_dependencies_v02' retrieved from /opt/airflow/dags/dag_with_python_dependencies.py
[2024-09-30T10:35:33.745+0000] {logging_mixin.py:190} INFO - [2024-09-30T10:35:33.745+0000] {dag.py:3229} INFO - Sync 1 DAGs
[2024-09-30T10:35:33.767+0000] {logging_mixin.py:190} INFO - [2024-09-30T10:35:33.767+0000] {dag.py:4156} INFO - Setting next_dagrun for dag_with_python_dependencies_v02 to 2024-09-30 00:00:00+00:00, run_after=2024-10-01 00:00:00+00:00
[2024-09-30T10:35:33.786+0000] {processor.py:208} INFO - Processing /opt/airflow/dags/dag_with_python_dependencies.py took 0.096 seconds
[2024-09-30T10:35:44.167+0000] {logging_mixin.py:190} WARNING - /home/airflow/.local/lib/python3.12/site-packages/airflow/settings.py:470 DeprecationWarning: The sql_alchemy_conn option in [core] has been moved to the sql_alchemy_conn option in [database] - the old setting has been used, but please update your config.
[2024-09-30T10:35:44.172+0000] {processor.py:186} INFO - Started process (PID=1351) to work on /opt/airflow/dags/dag_with_python_dependencies.py
[2024-09-30T10:35:44.172+0000] {processor.py:914} INFO - Processing file /opt/airflow/dags/dag_with_python_dependencies.py for tasks to queue
[2024-09-30T10:35:44.174+0000] {logging_mixin.py:190} INFO - [2024-09-30T10:35:44.174+0000] {dagbag.py:587} INFO - Filling up the DagBag from /opt/airflow/dags/dag_with_python_dependencies.py
[2024-09-30T10:35:44.184+0000] {processor.py:925} INFO - DAG(s) 'dag_with_python_dependencies_v02' retrieved from /opt/airflow/dags/dag_with_python_dependencies.py
[2024-09-30T10:35:44.200+0000] {logging_mixin.py:190} INFO - [2024-09-30T10:35:44.200+0000] {dag.py:3229} INFO - Sync 1 DAGs
[2024-09-30T10:35:44.219+0000] {logging_mixin.py:190} INFO - [2024-09-30T10:35:44.219+0000] {dag.py:4156} INFO - Setting next_dagrun for dag_with_python_dependencies_v02 to 2024-09-30 00:00:00+00:00, run_after=2024-10-01 00:00:00+00:00
[2024-09-30T10:35:44.234+0000] {processor.py:208} INFO - Processing /opt/airflow/dags/dag_with_python_dependencies.py took 0.069 seconds
[2024-09-30T10:35:54.692+0000] {logging_mixin.py:190} WARNING - /home/airflow/.local/lib/python3.12/site-packages/airflow/settings.py:470 DeprecationWarning: The sql_alchemy_conn option in [core] has been moved to the sql_alchemy_conn option in [database] - the old setting has been used, but please update your config.
[2024-09-30T10:35:54.701+0000] {processor.py:186} INFO - Started process (PID=1396) to work on /opt/airflow/dags/dag_with_python_dependencies.py
[2024-09-30T10:35:54.703+0000] {processor.py:914} INFO - Processing file /opt/airflow/dags/dag_with_python_dependencies.py for tasks to queue
[2024-09-30T10:35:54.706+0000] {logging_mixin.py:190} INFO - [2024-09-30T10:35:54.706+0000] {dagbag.py:587} INFO - Filling up the DagBag from /opt/airflow/dags/dag_with_python_dependencies.py
[2024-09-30T10:35:54.720+0000] {processor.py:925} INFO - DAG(s) 'dag_with_python_dependencies_v02' retrieved from /opt/airflow/dags/dag_with_python_dependencies.py
[2024-09-30T10:35:54.745+0000] {logging_mixin.py:190} INFO - [2024-09-30T10:35:54.745+0000] {dag.py:3229} INFO - Sync 1 DAGs
[2024-09-30T10:35:54.765+0000] {logging_mixin.py:190} INFO - [2024-09-30T10:35:54.765+0000] {dag.py:4156} INFO - Setting next_dagrun for dag_with_python_dependencies_v02 to 2024-09-30 00:00:00+00:00, run_after=2024-10-01 00:00:00+00:00
[2024-09-30T10:35:54.779+0000] {processor.py:208} INFO - Processing /opt/airflow/dags/dag_with_python_dependencies.py took 0.093 seconds
[2024-09-30T10:36:05.164+0000] {logging_mixin.py:190} WARNING - /home/airflow/.local/lib/python3.12/site-packages/airflow/settings.py:470 DeprecationWarning: The sql_alchemy_conn option in [core] has been moved to the sql_alchemy_conn option in [database] - the old setting has been used, but please update your config.
[2024-09-30T10:36:05.172+0000] {processor.py:186} INFO - Started process (PID=1441) to work on /opt/airflow/dags/dag_with_python_dependencies.py
[2024-09-30T10:36:05.173+0000] {processor.py:914} INFO - Processing file /opt/airflow/dags/dag_with_python_dependencies.py for tasks to queue
[2024-09-30T10:36:05.177+0000] {logging_mixin.py:190} INFO - [2024-09-30T10:36:05.177+0000] {dagbag.py:587} INFO - Filling up the DagBag from /opt/airflow/dags/dag_with_python_dependencies.py
[2024-09-30T10:36:05.190+0000] {processor.py:925} INFO - DAG(s) 'dag_with_python_dependencies_v02' retrieved from /opt/airflow/dags/dag_with_python_dependencies.py
[2024-09-30T10:36:05.210+0000] {logging_mixin.py:190} INFO - [2024-09-30T10:36:05.210+0000] {dag.py:3229} INFO - Sync 1 DAGs
[2024-09-30T10:36:05.228+0000] {logging_mixin.py:190} INFO - [2024-09-30T10:36:05.228+0000] {dag.py:4156} INFO - Setting next_dagrun for dag_with_python_dependencies_v02 to 2024-09-30 00:00:00+00:00, run_after=2024-10-01 00:00:00+00:00
[2024-09-30T10:36:05.243+0000] {processor.py:208} INFO - Processing /opt/airflow/dags/dag_with_python_dependencies.py took 0.084 seconds
[2024-09-30T10:36:15.689+0000] {logging_mixin.py:190} WARNING - /home/airflow/.local/lib/python3.12/site-packages/airflow/settings.py:470 DeprecationWarning: The sql_alchemy_conn option in [core] has been moved to the sql_alchemy_conn option in [database] - the old setting has been used, but please update your config.
[2024-09-30T10:36:15.697+0000] {processor.py:186} INFO - Started process (PID=1486) to work on /opt/airflow/dags/dag_with_python_dependencies.py
[2024-09-30T10:36:15.697+0000] {processor.py:914} INFO - Processing file /opt/airflow/dags/dag_with_python_dependencies.py for tasks to queue
[2024-09-30T10:36:15.701+0000] {logging_mixin.py:190} INFO - [2024-09-30T10:36:15.701+0000] {dagbag.py:587} INFO - Filling up the DagBag from /opt/airflow/dags/dag_with_python_dependencies.py
[2024-09-30T10:36:15.710+0000] {processor.py:925} INFO - DAG(s) 'dag_with_python_dependencies_v02' retrieved from /opt/airflow/dags/dag_with_python_dependencies.py
[2024-09-30T10:36:15.729+0000] {logging_mixin.py:190} INFO - [2024-09-30T10:36:15.729+0000] {dag.py:3229} INFO - Sync 1 DAGs
[2024-09-30T10:36:15.747+0000] {logging_mixin.py:190} INFO - [2024-09-30T10:36:15.747+0000] {dag.py:4156} INFO - Setting next_dagrun for dag_with_python_dependencies_v02 to 2024-09-30 00:00:00+00:00, run_after=2024-10-01 00:00:00+00:00
[2024-09-30T10:36:15.763+0000] {processor.py:208} INFO - Processing /opt/airflow/dags/dag_with_python_dependencies.py took 0.076 seconds
[2024-09-30T10:36:26.128+0000] {logging_mixin.py:190} WARNING - /home/airflow/.local/lib/python3.12/site-packages/airflow/settings.py:470 DeprecationWarning: The sql_alchemy_conn option in [core] has been moved to the sql_alchemy_conn option in [database] - the old setting has been used, but please update your config.
[2024-09-30T10:36:26.134+0000] {processor.py:186} INFO - Started process (PID=1531) to work on /opt/airflow/dags/dag_with_python_dependencies.py
[2024-09-30T10:36:26.134+0000] {processor.py:914} INFO - Processing file /opt/airflow/dags/dag_with_python_dependencies.py for tasks to queue
[2024-09-30T10:36:26.137+0000] {logging_mixin.py:190} INFO - [2024-09-30T10:36:26.137+0000] {dagbag.py:587} INFO - Filling up the DagBag from /opt/airflow/dags/dag_with_python_dependencies.py
[2024-09-30T10:36:26.149+0000] {processor.py:925} INFO - DAG(s) 'dag_with_python_dependencies_v02' retrieved from /opt/airflow/dags/dag_with_python_dependencies.py
[2024-09-30T10:36:26.171+0000] {logging_mixin.py:190} INFO - [2024-09-30T10:36:26.171+0000] {dag.py:3229} INFO - Sync 1 DAGs
[2024-09-30T10:36:26.189+0000] {logging_mixin.py:190} INFO - [2024-09-30T10:36:26.189+0000] {dag.py:4156} INFO - Setting next_dagrun for dag_with_python_dependencies_v02 to 2024-09-30 00:00:00+00:00, run_after=2024-10-01 00:00:00+00:00
[2024-09-30T10:36:26.205+0000] {processor.py:208} INFO - Processing /opt/airflow/dags/dag_with_python_dependencies.py took 0.079 seconds
[2024-09-30T10:36:36.672+0000] {logging_mixin.py:190} WARNING - /home/airflow/.local/lib/python3.12/site-packages/airflow/settings.py:470 DeprecationWarning: The sql_alchemy_conn option in [core] has been moved to the sql_alchemy_conn option in [database] - the old setting has been used, but please update your config.
[2024-09-30T10:36:36.680+0000] {processor.py:186} INFO - Started process (PID=1576) to work on /opt/airflow/dags/dag_with_python_dependencies.py
[2024-09-30T10:36:36.681+0000] {processor.py:914} INFO - Processing file /opt/airflow/dags/dag_with_python_dependencies.py for tasks to queue
[2024-09-30T10:36:36.683+0000] {logging_mixin.py:190} INFO - [2024-09-30T10:36:36.683+0000] {dagbag.py:587} INFO - Filling up the DagBag from /opt/airflow/dags/dag_with_python_dependencies.py
[2024-09-30T10:36:36.692+0000] {processor.py:925} INFO - DAG(s) 'dag_with_python_dependencies_v02' retrieved from /opt/airflow/dags/dag_with_python_dependencies.py
[2024-09-30T10:36:36.711+0000] {logging_mixin.py:190} INFO - [2024-09-30T10:36:36.711+0000] {dag.py:3229} INFO - Sync 1 DAGs
[2024-09-30T10:36:36.728+0000] {logging_mixin.py:190} INFO - [2024-09-30T10:36:36.728+0000] {dag.py:4156} INFO - Setting next_dagrun for dag_with_python_dependencies_v02 to 2024-09-30 00:00:00+00:00, run_after=2024-10-01 00:00:00+00:00
[2024-09-30T10:36:36.740+0000] {processor.py:208} INFO - Processing /opt/airflow/dags/dag_with_python_dependencies.py took 0.072 seconds
[2024-09-30T10:36:47.197+0000] {logging_mixin.py:190} WARNING - /home/airflow/.local/lib/python3.12/site-packages/airflow/settings.py:470 DeprecationWarning: The sql_alchemy_conn option in [core] has been moved to the sql_alchemy_conn option in [database] - the old setting has been used, but please update your config.
[2024-09-30T10:36:47.207+0000] {processor.py:186} INFO - Started process (PID=1621) to work on /opt/airflow/dags/dag_with_python_dependencies.py
[2024-09-30T10:36:47.209+0000] {processor.py:914} INFO - Processing file /opt/airflow/dags/dag_with_python_dependencies.py for tasks to queue
[2024-09-30T10:36:47.212+0000] {logging_mixin.py:190} INFO - [2024-09-30T10:36:47.211+0000] {dagbag.py:587} INFO - Filling up the DagBag from /opt/airflow/dags/dag_with_python_dependencies.py
[2024-09-30T10:36:47.226+0000] {processor.py:925} INFO - DAG(s) 'dag_with_python_dependencies_v02' retrieved from /opt/airflow/dags/dag_with_python_dependencies.py
[2024-09-30T10:36:47.253+0000] {logging_mixin.py:190} INFO - [2024-09-30T10:36:47.253+0000] {dag.py:3229} INFO - Sync 1 DAGs
[2024-09-30T10:36:47.277+0000] {logging_mixin.py:190} INFO - [2024-09-30T10:36:47.277+0000] {dag.py:4156} INFO - Setting next_dagrun for dag_with_python_dependencies_v02 to 2024-09-30 00:00:00+00:00, run_after=2024-10-01 00:00:00+00:00
[2024-09-30T10:36:47.291+0000] {processor.py:208} INFO - Processing /opt/airflow/dags/dag_with_python_dependencies.py took 0.099 seconds
[2024-09-30T10:36:57.720+0000] {logging_mixin.py:190} WARNING - /home/airflow/.local/lib/python3.12/site-packages/airflow/settings.py:470 DeprecationWarning: The sql_alchemy_conn option in [core] has been moved to the sql_alchemy_conn option in [database] - the old setting has been used, but please update your config.
[2024-09-30T10:36:57.727+0000] {processor.py:186} INFO - Started process (PID=1669) to work on /opt/airflow/dags/dag_with_python_dependencies.py
[2024-09-30T10:36:57.728+0000] {processor.py:914} INFO - Processing file /opt/airflow/dags/dag_with_python_dependencies.py for tasks to queue
[2024-09-30T10:36:57.731+0000] {logging_mixin.py:190} INFO - [2024-09-30T10:36:57.730+0000] {dagbag.py:587} INFO - Filling up the DagBag from /opt/airflow/dags/dag_with_python_dependencies.py
[2024-09-30T10:36:57.741+0000] {processor.py:925} INFO - DAG(s) 'dag_with_python_dependencies_v02' retrieved from /opt/airflow/dags/dag_with_python_dependencies.py
[2024-09-30T10:36:57.763+0000] {logging_mixin.py:190} INFO - [2024-09-30T10:36:57.762+0000] {dag.py:3229} INFO - Sync 1 DAGs
[2024-09-30T10:36:57.785+0000] {logging_mixin.py:190} INFO - [2024-09-30T10:36:57.785+0000] {dag.py:4156} INFO - Setting next_dagrun for dag_with_python_dependencies_v02 to 2024-09-30 00:00:00+00:00, run_after=2024-10-01 00:00:00+00:00
[2024-09-30T10:36:57.799+0000] {processor.py:208} INFO - Processing /opt/airflow/dags/dag_with_python_dependencies.py took 0.083 seconds
[2024-09-30T10:37:08.192+0000] {logging_mixin.py:190} WARNING - /home/airflow/.local/lib/python3.12/site-packages/airflow/settings.py:470 DeprecationWarning: The sql_alchemy_conn option in [core] has been moved to the sql_alchemy_conn option in [database] - the old setting has been used, but please update your config.
[2024-09-30T10:37:08.200+0000] {processor.py:186} INFO - Started process (PID=1714) to work on /opt/airflow/dags/dag_with_python_dependencies.py
[2024-09-30T10:37:08.203+0000] {processor.py:914} INFO - Processing file /opt/airflow/dags/dag_with_python_dependencies.py for tasks to queue
[2024-09-30T10:37:08.206+0000] {logging_mixin.py:190} INFO - [2024-09-30T10:37:08.206+0000] {dagbag.py:587} INFO - Filling up the DagBag from /opt/airflow/dags/dag_with_python_dependencies.py
[2024-09-30T10:37:08.216+0000] {processor.py:925} INFO - DAG(s) 'dag_with_python_dependencies_v02' retrieved from /opt/airflow/dags/dag_with_python_dependencies.py
[2024-09-30T10:37:08.235+0000] {logging_mixin.py:190} INFO - [2024-09-30T10:37:08.235+0000] {dag.py:3229} INFO - Sync 1 DAGs
[2024-09-30T10:37:08.251+0000] {logging_mixin.py:190} INFO - [2024-09-30T10:37:08.251+0000] {dag.py:4156} INFO - Setting next_dagrun for dag_with_python_dependencies_v02 to 2024-09-30 00:00:00+00:00, run_after=2024-10-01 00:00:00+00:00
[2024-09-30T10:37:08.266+0000] {processor.py:208} INFO - Processing /opt/airflow/dags/dag_with_python_dependencies.py took 0.077 seconds
[2024-09-30T10:37:18.664+0000] {logging_mixin.py:190} WARNING - /home/airflow/.local/lib/python3.12/site-packages/airflow/settings.py:470 DeprecationWarning: The sql_alchemy_conn option in [core] has been moved to the sql_alchemy_conn option in [database] - the old setting has been used, but please update your config.
[2024-09-30T10:37:18.675+0000] {processor.py:186} INFO - Started process (PID=1759) to work on /opt/airflow/dags/dag_with_python_dependencies.py
[2024-09-30T10:37:18.677+0000] {processor.py:914} INFO - Processing file /opt/airflow/dags/dag_with_python_dependencies.py for tasks to queue
[2024-09-30T10:37:18.683+0000] {logging_mixin.py:190} INFO - [2024-09-30T10:37:18.682+0000] {dagbag.py:587} INFO - Filling up the DagBag from /opt/airflow/dags/dag_with_python_dependencies.py
[2024-09-30T10:37:18.708+0000] {processor.py:925} INFO - DAG(s) 'dag_with_python_dependencies_v02' retrieved from /opt/airflow/dags/dag_with_python_dependencies.py
[2024-09-30T10:37:18.786+0000] {logging_mixin.py:190} INFO - [2024-09-30T10:37:18.786+0000] {dag.py:3229} INFO - Sync 1 DAGs
[2024-09-30T10:37:18.841+0000] {logging_mixin.py:190} INFO - [2024-09-30T10:37:18.841+0000] {dag.py:4156} INFO - Setting next_dagrun for dag_with_python_dependencies_v02 to 2024-09-30 00:00:00+00:00, run_after=2024-10-01 00:00:00+00:00
[2024-09-30T10:37:18.881+0000] {processor.py:208} INFO - Processing /opt/airflow/dags/dag_with_python_dependencies.py took 0.220 seconds
[2024-09-30T10:37:29.368+0000] {logging_mixin.py:190} WARNING - /home/airflow/.local/lib/python3.12/site-packages/airflow/settings.py:470 DeprecationWarning: The sql_alchemy_conn option in [core] has been moved to the sql_alchemy_conn option in [database] - the old setting has been used, but please update your config.
[2024-09-30T10:37:29.375+0000] {processor.py:186} INFO - Started process (PID=1804) to work on /opt/airflow/dags/dag_with_python_dependencies.py
[2024-09-30T10:37:29.375+0000] {processor.py:914} INFO - Processing file /opt/airflow/dags/dag_with_python_dependencies.py for tasks to queue
[2024-09-30T10:37:29.378+0000] {logging_mixin.py:190} INFO - [2024-09-30T10:37:29.378+0000] {dagbag.py:587} INFO - Filling up the DagBag from /opt/airflow/dags/dag_with_python_dependencies.py
[2024-09-30T10:37:29.389+0000] {processor.py:925} INFO - DAG(s) 'dag_with_python_dependencies_v02' retrieved from /opt/airflow/dags/dag_with_python_dependencies.py
[2024-09-30T10:37:29.406+0000] {logging_mixin.py:190} INFO - [2024-09-30T10:37:29.406+0000] {dag.py:3229} INFO - Sync 1 DAGs
[2024-09-30T10:37:29.426+0000] {logging_mixin.py:190} INFO - [2024-09-30T10:37:29.426+0000] {dag.py:4156} INFO - Setting next_dagrun for dag_with_python_dependencies_v02 to 2024-09-30 00:00:00+00:00, run_after=2024-10-01 00:00:00+00:00
[2024-09-30T10:37:29.440+0000] {processor.py:208} INFO - Processing /opt/airflow/dags/dag_with_python_dependencies.py took 0.075 seconds
