[2024-09-30T10:31:28.688+0000] {logging_mixin.py:190} WARNING - /home/airflow/.local/lib/python3.12/site-packages/airflow/settings.py:470 DeprecationWarning: The sql_alchemy_conn option in [core] has been moved to the sql_alchemy_conn option in [database] - the old setting has been used, but please update your config.
[2024-09-30T10:31:28.766+0000] {processor.py:186} INFO - Started process (PID=171) to work on /opt/airflow/dags/dag_with_minio_s3.py
[2024-09-30T10:31:28.776+0000] {processor.py:914} INFO - Processing file /opt/airflow/dags/dag_with_minio_s3.py for tasks to queue
[2024-09-30T10:31:28.800+0000] {logging_mixin.py:190} INFO - [2024-09-30T10:31:28.799+0000] {dagbag.py:587} INFO - Filling up the DagBag from /opt/airflow/dags/dag_with_minio_s3.py
[2024-09-30T10:31:28.880+0000] {processor.py:925} INFO - DAG(s) 'dag_with_minio_s3_v02' retrieved from /opt/airflow/dags/dag_with_minio_s3.py
[2024-09-30T10:31:30.979+0000] {logging_mixin.py:190} INFO - [2024-09-30T10:31:30.979+0000] {dag.py:3229} INFO - Sync 1 DAGs
[2024-09-30T10:31:31.326+0000] {logging_mixin.py:190} INFO - [2024-09-30T10:31:31.307+0000] {dag.py:4156} INFO - Setting next_dagrun for dag_with_minio_s3_v02 to 2024-09-30 00:00:00+00:00, run_after=2024-10-01 00:00:00+00:00
[2024-09-30T10:31:31.558+0000] {processor.py:208} INFO - Processing /opt/airflow/dags/dag_with_minio_s3.py took 2.894 seconds
[2024-09-30T10:31:44.864+0000] {logging_mixin.py:190} WARNING - /home/airflow/.local/lib/python3.12/site-packages/airflow/settings.py:470 DeprecationWarning: The sql_alchemy_conn option in [core] has been moved to the sql_alchemy_conn option in [database] - the old setting has been used, but please update your config.
[2024-09-30T10:31:44.886+0000] {processor.py:186} INFO - Started process (PID=335) to work on /opt/airflow/dags/dag_with_minio_s3.py
[2024-09-30T10:31:44.887+0000] {processor.py:914} INFO - Processing file /opt/airflow/dags/dag_with_minio_s3.py for tasks to queue
[2024-09-30T10:31:44.894+0000] {logging_mixin.py:190} INFO - [2024-09-30T10:31:44.893+0000] {dagbag.py:587} INFO - Filling up the DagBag from /opt/airflow/dags/dag_with_minio_s3.py
[2024-09-30T10:31:44.921+0000] {processor.py:925} INFO - DAG(s) 'dag_with_minio_s3_v02' retrieved from /opt/airflow/dags/dag_with_minio_s3.py
[2024-09-30T10:31:44.972+0000] {logging_mixin.py:190} INFO - [2024-09-30T10:31:44.972+0000] {dag.py:3229} INFO - Sync 1 DAGs
[2024-09-30T10:31:45.005+0000] {logging_mixin.py:190} INFO - [2024-09-30T10:31:45.005+0000] {dag.py:4156} INFO - Setting next_dagrun for dag_with_minio_s3_v02 to 2024-09-30 00:00:00+00:00, run_after=2024-10-01 00:00:00+00:00
[2024-09-30T10:31:45.037+0000] {processor.py:208} INFO - Processing /opt/airflow/dags/dag_with_minio_s3.py took 0.183 seconds
[2024-09-30T10:31:55.378+0000] {logging_mixin.py:190} WARNING - /home/airflow/.local/lib/python3.12/site-packages/airflow/settings.py:470 DeprecationWarning: The sql_alchemy_conn option in [core] has been moved to the sql_alchemy_conn option in [database] - the old setting has been used, but please update your config.
[2024-09-30T10:31:55.384+0000] {processor.py:186} INFO - Started process (PID=389) to work on /opt/airflow/dags/dag_with_minio_s3.py
[2024-09-30T10:31:55.387+0000] {processor.py:914} INFO - Processing file /opt/airflow/dags/dag_with_minio_s3.py for tasks to queue
[2024-09-30T10:31:55.390+0000] {logging_mixin.py:190} INFO - [2024-09-30T10:31:55.390+0000] {dagbag.py:587} INFO - Filling up the DagBag from /opt/airflow/dags/dag_with_minio_s3.py
[2024-09-30T10:31:55.405+0000] {processor.py:925} INFO - DAG(s) 'dag_with_minio_s3_v02' retrieved from /opt/airflow/dags/dag_with_minio_s3.py
[2024-09-30T10:31:55.432+0000] {logging_mixin.py:190} INFO - [2024-09-30T10:31:55.432+0000] {dag.py:3229} INFO - Sync 1 DAGs
[2024-09-30T10:31:55.454+0000] {logging_mixin.py:190} INFO - [2024-09-30T10:31:55.454+0000] {dag.py:4156} INFO - Setting next_dagrun for dag_with_minio_s3_v02 to 2024-09-30 00:00:00+00:00, run_after=2024-10-01 00:00:00+00:00
[2024-09-30T10:31:55.473+0000] {processor.py:208} INFO - Processing /opt/airflow/dags/dag_with_minio_s3.py took 0.098 seconds
[2024-09-30T10:32:05.824+0000] {logging_mixin.py:190} WARNING - /home/airflow/.local/lib/python3.12/site-packages/airflow/settings.py:470 DeprecationWarning: The sql_alchemy_conn option in [core] has been moved to the sql_alchemy_conn option in [database] - the old setting has been used, but please update your config.
[2024-09-30T10:32:05.831+0000] {processor.py:186} INFO - Started process (PID=434) to work on /opt/airflow/dags/dag_with_minio_s3.py
[2024-09-30T10:32:05.831+0000] {processor.py:914} INFO - Processing file /opt/airflow/dags/dag_with_minio_s3.py for tasks to queue
[2024-09-30T10:32:05.835+0000] {logging_mixin.py:190} INFO - [2024-09-30T10:32:05.834+0000] {dagbag.py:587} INFO - Filling up the DagBag from /opt/airflow/dags/dag_with_minio_s3.py
[2024-09-30T10:32:05.848+0000] {processor.py:925} INFO - DAG(s) 'dag_with_minio_s3_v02' retrieved from /opt/airflow/dags/dag_with_minio_s3.py
[2024-09-30T10:32:05.868+0000] {logging_mixin.py:190} INFO - [2024-09-30T10:32:05.868+0000] {dag.py:3229} INFO - Sync 1 DAGs
[2024-09-30T10:32:05.888+0000] {logging_mixin.py:190} INFO - [2024-09-30T10:32:05.888+0000] {dag.py:4156} INFO - Setting next_dagrun for dag_with_minio_s3_v02 to 2024-09-30 00:00:00+00:00, run_after=2024-10-01 00:00:00+00:00
[2024-09-30T10:32:05.904+0000] {processor.py:208} INFO - Processing /opt/airflow/dags/dag_with_minio_s3.py took 0.083 seconds
[2024-09-30T10:32:16.267+0000] {logging_mixin.py:190} WARNING - /home/airflow/.local/lib/python3.12/site-packages/airflow/settings.py:470 DeprecationWarning: The sql_alchemy_conn option in [core] has been moved to the sql_alchemy_conn option in [database] - the old setting has been used, but please update your config.
[2024-09-30T10:32:16.274+0000] {processor.py:186} INFO - Started process (PID=479) to work on /opt/airflow/dags/dag_with_minio_s3.py
[2024-09-30T10:32:16.275+0000] {processor.py:914} INFO - Processing file /opt/airflow/dags/dag_with_minio_s3.py for tasks to queue
[2024-09-30T10:32:16.278+0000] {logging_mixin.py:190} INFO - [2024-09-30T10:32:16.278+0000] {dagbag.py:587} INFO - Filling up the DagBag from /opt/airflow/dags/dag_with_minio_s3.py
[2024-09-30T10:32:16.287+0000] {processor.py:925} INFO - DAG(s) 'dag_with_minio_s3_v02' retrieved from /opt/airflow/dags/dag_with_minio_s3.py
[2024-09-30T10:32:16.307+0000] {logging_mixin.py:190} INFO - [2024-09-30T10:32:16.307+0000] {dag.py:3229} INFO - Sync 1 DAGs
[2024-09-30T10:32:16.327+0000] {logging_mixin.py:190} INFO - [2024-09-30T10:32:16.327+0000] {dag.py:4156} INFO - Setting next_dagrun for dag_with_minio_s3_v02 to 2024-09-30 00:00:00+00:00, run_after=2024-10-01 00:00:00+00:00
[2024-09-30T10:32:16.341+0000] {processor.py:208} INFO - Processing /opt/airflow/dags/dag_with_minio_s3.py took 0.076 seconds
[2024-09-30T10:32:26.741+0000] {logging_mixin.py:190} WARNING - /home/airflow/.local/lib/python3.12/site-packages/airflow/settings.py:470 DeprecationWarning: The sql_alchemy_conn option in [core] has been moved to the sql_alchemy_conn option in [database] - the old setting has been used, but please update your config.
[2024-09-30T10:32:26.747+0000] {processor.py:186} INFO - Started process (PID=524) to work on /opt/airflow/dags/dag_with_minio_s3.py
[2024-09-30T10:32:26.748+0000] {processor.py:914} INFO - Processing file /opt/airflow/dags/dag_with_minio_s3.py for tasks to queue
[2024-09-30T10:32:26.749+0000] {logging_mixin.py:190} INFO - [2024-09-30T10:32:26.749+0000] {dagbag.py:587} INFO - Filling up the DagBag from /opt/airflow/dags/dag_with_minio_s3.py
[2024-09-30T10:32:26.763+0000] {processor.py:925} INFO - DAG(s) 'dag_with_minio_s3_v02' retrieved from /opt/airflow/dags/dag_with_minio_s3.py
[2024-09-30T10:32:26.778+0000] {logging_mixin.py:190} INFO - [2024-09-30T10:32:26.778+0000] {dag.py:3229} INFO - Sync 1 DAGs
[2024-09-30T10:32:26.799+0000] {logging_mixin.py:190} INFO - [2024-09-30T10:32:26.799+0000] {dag.py:4156} INFO - Setting next_dagrun for dag_with_minio_s3_v02 to 2024-09-30 00:00:00+00:00, run_after=2024-10-01 00:00:00+00:00
[2024-09-30T10:32:26.813+0000] {processor.py:208} INFO - Processing /opt/airflow/dags/dag_with_minio_s3.py took 0.074 seconds
[2024-09-30T10:32:37.119+0000] {logging_mixin.py:190} WARNING - /home/airflow/.local/lib/python3.12/site-packages/airflow/settings.py:470 DeprecationWarning: The sql_alchemy_conn option in [core] has been moved to the sql_alchemy_conn option in [database] - the old setting has been used, but please update your config.
[2024-09-30T10:32:37.128+0000] {processor.py:186} INFO - Started process (PID=569) to work on /opt/airflow/dags/dag_with_minio_s3.py
[2024-09-30T10:32:37.129+0000] {processor.py:914} INFO - Processing file /opt/airflow/dags/dag_with_minio_s3.py for tasks to queue
[2024-09-30T10:32:37.131+0000] {logging_mixin.py:190} INFO - [2024-09-30T10:32:37.131+0000] {dagbag.py:587} INFO - Filling up the DagBag from /opt/airflow/dags/dag_with_minio_s3.py
[2024-09-30T10:32:37.146+0000] {processor.py:925} INFO - DAG(s) 'dag_with_minio_s3_v02' retrieved from /opt/airflow/dags/dag_with_minio_s3.py
[2024-09-30T10:32:37.165+0000] {logging_mixin.py:190} INFO - [2024-09-30T10:32:37.165+0000] {dag.py:3229} INFO - Sync 1 DAGs
[2024-09-30T10:32:37.183+0000] {logging_mixin.py:190} INFO - [2024-09-30T10:32:37.183+0000] {dag.py:4156} INFO - Setting next_dagrun for dag_with_minio_s3_v02 to 2024-09-30 00:00:00+00:00, run_after=2024-10-01 00:00:00+00:00
[2024-09-30T10:32:37.197+0000] {processor.py:208} INFO - Processing /opt/airflow/dags/dag_with_minio_s3.py took 0.080 seconds
[2024-09-30T10:32:47.639+0000] {logging_mixin.py:190} WARNING - /home/airflow/.local/lib/python3.12/site-packages/airflow/settings.py:470 DeprecationWarning: The sql_alchemy_conn option in [core] has been moved to the sql_alchemy_conn option in [database] - the old setting has been used, but please update your config.
[2024-09-30T10:32:47.647+0000] {processor.py:186} INFO - Started process (PID=614) to work on /opt/airflow/dags/dag_with_minio_s3.py
[2024-09-30T10:32:47.648+0000] {processor.py:914} INFO - Processing file /opt/airflow/dags/dag_with_minio_s3.py for tasks to queue
[2024-09-30T10:32:47.651+0000] {logging_mixin.py:190} INFO - [2024-09-30T10:32:47.651+0000] {dagbag.py:587} INFO - Filling up the DagBag from /opt/airflow/dags/dag_with_minio_s3.py
[2024-09-30T10:32:47.662+0000] {processor.py:925} INFO - DAG(s) 'dag_with_minio_s3_v02' retrieved from /opt/airflow/dags/dag_with_minio_s3.py
[2024-09-30T10:32:47.687+0000] {logging_mixin.py:190} INFO - [2024-09-30T10:32:47.686+0000] {dag.py:3229} INFO - Sync 1 DAGs
[2024-09-30T10:32:47.709+0000] {logging_mixin.py:190} INFO - [2024-09-30T10:32:47.709+0000] {dag.py:4156} INFO - Setting next_dagrun for dag_with_minio_s3_v02 to 2024-09-30 00:00:00+00:00, run_after=2024-10-01 00:00:00+00:00
[2024-09-30T10:32:47.725+0000] {processor.py:208} INFO - Processing /opt/airflow/dags/dag_with_minio_s3.py took 0.088 seconds
[2024-09-30T10:32:58.109+0000] {logging_mixin.py:190} WARNING - /home/airflow/.local/lib/python3.12/site-packages/airflow/settings.py:470 DeprecationWarning: The sql_alchemy_conn option in [core] has been moved to the sql_alchemy_conn option in [database] - the old setting has been used, but please update your config.
[2024-09-30T10:32:58.117+0000] {processor.py:186} INFO - Started process (PID=659) to work on /opt/airflow/dags/dag_with_minio_s3.py
[2024-09-30T10:32:58.117+0000] {processor.py:914} INFO - Processing file /opt/airflow/dags/dag_with_minio_s3.py for tasks to queue
[2024-09-30T10:32:58.119+0000] {logging_mixin.py:190} INFO - [2024-09-30T10:32:58.118+0000] {dagbag.py:587} INFO - Filling up the DagBag from /opt/airflow/dags/dag_with_minio_s3.py
[2024-09-30T10:32:58.129+0000] {processor.py:925} INFO - DAG(s) 'dag_with_minio_s3_v02' retrieved from /opt/airflow/dags/dag_with_minio_s3.py
[2024-09-30T10:32:58.148+0000] {logging_mixin.py:190} INFO - [2024-09-30T10:32:58.148+0000] {dag.py:3229} INFO - Sync 1 DAGs
[2024-09-30T10:32:58.167+0000] {logging_mixin.py:190} INFO - [2024-09-30T10:32:58.166+0000] {dag.py:4156} INFO - Setting next_dagrun for dag_with_minio_s3_v02 to 2024-09-30 00:00:00+00:00, run_after=2024-10-01 00:00:00+00:00
[2024-09-30T10:32:58.183+0000] {processor.py:208} INFO - Processing /opt/airflow/dags/dag_with_minio_s3.py took 0.076 seconds
[2024-09-30T10:33:08.517+0000] {logging_mixin.py:190} WARNING - /home/airflow/.local/lib/python3.12/site-packages/airflow/settings.py:470 DeprecationWarning: The sql_alchemy_conn option in [core] has been moved to the sql_alchemy_conn option in [database] - the old setting has been used, but please update your config.
[2024-09-30T10:33:08.524+0000] {processor.py:186} INFO - Started process (PID=704) to work on /opt/airflow/dags/dag_with_minio_s3.py
[2024-09-30T10:33:08.525+0000] {processor.py:914} INFO - Processing file /opt/airflow/dags/dag_with_minio_s3.py for tasks to queue
[2024-09-30T10:33:08.527+0000] {logging_mixin.py:190} INFO - [2024-09-30T10:33:08.526+0000] {dagbag.py:587} INFO - Filling up the DagBag from /opt/airflow/dags/dag_with_minio_s3.py
[2024-09-30T10:33:08.549+0000] {processor.py:925} INFO - DAG(s) 'dag_with_minio_s3_v02' retrieved from /opt/airflow/dags/dag_with_minio_s3.py
[2024-09-30T10:33:08.576+0000] {logging_mixin.py:190} INFO - [2024-09-30T10:33:08.575+0000] {dag.py:3229} INFO - Sync 1 DAGs
[2024-09-30T10:33:08.599+0000] {logging_mixin.py:190} INFO - [2024-09-30T10:33:08.599+0000] {dag.py:4156} INFO - Setting next_dagrun for dag_with_minio_s3_v02 to 2024-09-30 00:00:00+00:00, run_after=2024-10-01 00:00:00+00:00
[2024-09-30T10:33:08.620+0000] {processor.py:208} INFO - Processing /opt/airflow/dags/dag_with_minio_s3.py took 0.106 seconds
[2024-09-30T10:33:18.986+0000] {logging_mixin.py:190} WARNING - /home/airflow/.local/lib/python3.12/site-packages/airflow/settings.py:470 DeprecationWarning: The sql_alchemy_conn option in [core] has been moved to the sql_alchemy_conn option in [database] - the old setting has been used, but please update your config.
[2024-09-30T10:33:18.996+0000] {processor.py:186} INFO - Started process (PID=749) to work on /opt/airflow/dags/dag_with_minio_s3.py
[2024-09-30T10:33:18.998+0000] {processor.py:914} INFO - Processing file /opt/airflow/dags/dag_with_minio_s3.py for tasks to queue
[2024-09-30T10:33:19.000+0000] {logging_mixin.py:190} INFO - [2024-09-30T10:33:19.000+0000] {dagbag.py:587} INFO - Filling up the DagBag from /opt/airflow/dags/dag_with_minio_s3.py
[2024-09-30T10:33:19.013+0000] {processor.py:925} INFO - DAG(s) 'dag_with_minio_s3_v02' retrieved from /opt/airflow/dags/dag_with_minio_s3.py
[2024-09-30T10:33:19.034+0000] {logging_mixin.py:190} INFO - [2024-09-30T10:33:19.034+0000] {dag.py:3229} INFO - Sync 1 DAGs
[2024-09-30T10:33:19.054+0000] {logging_mixin.py:190} INFO - [2024-09-30T10:33:19.054+0000] {dag.py:4156} INFO - Setting next_dagrun for dag_with_minio_s3_v02 to 2024-09-30 00:00:00+00:00, run_after=2024-10-01 00:00:00+00:00
[2024-09-30T10:33:19.070+0000] {processor.py:208} INFO - Processing /opt/airflow/dags/dag_with_minio_s3.py took 0.087 seconds
[2024-09-30T10:33:29.403+0000] {logging_mixin.py:190} WARNING - /home/airflow/.local/lib/python3.12/site-packages/airflow/settings.py:470 DeprecationWarning: The sql_alchemy_conn option in [core] has been moved to the sql_alchemy_conn option in [database] - the old setting has been used, but please update your config.
[2024-09-30T10:33:29.413+0000] {processor.py:186} INFO - Started process (PID=794) to work on /opt/airflow/dags/dag_with_minio_s3.py
[2024-09-30T10:33:29.413+0000] {processor.py:914} INFO - Processing file /opt/airflow/dags/dag_with_minio_s3.py for tasks to queue
[2024-09-30T10:33:29.415+0000] {logging_mixin.py:190} INFO - [2024-09-30T10:33:29.415+0000] {dagbag.py:587} INFO - Filling up the DagBag from /opt/airflow/dags/dag_with_minio_s3.py
[2024-09-30T10:33:29.424+0000] {processor.py:925} INFO - DAG(s) 'dag_with_minio_s3_v02' retrieved from /opt/airflow/dags/dag_with_minio_s3.py
[2024-09-30T10:33:29.442+0000] {logging_mixin.py:190} INFO - [2024-09-30T10:33:29.442+0000] {dag.py:3229} INFO - Sync 1 DAGs
[2024-09-30T10:33:29.459+0000] {logging_mixin.py:190} INFO - [2024-09-30T10:33:29.459+0000] {dag.py:4156} INFO - Setting next_dagrun for dag_with_minio_s3_v02 to 2024-09-30 00:00:00+00:00, run_after=2024-10-01 00:00:00+00:00
[2024-09-30T10:33:29.472+0000] {processor.py:208} INFO - Processing /opt/airflow/dags/dag_with_minio_s3.py took 0.071 seconds
[2024-09-30T10:33:39.523+0000] {logging_mixin.py:190} WARNING - /home/airflow/.local/lib/python3.12/site-packages/airflow/settings.py:470 DeprecationWarning: The sql_alchemy_conn option in [core] has been moved to the sql_alchemy_conn option in [database] - the old setting has been used, but please update your config.
[2024-09-30T10:33:39.533+0000] {processor.py:186} INFO - Started process (PID=839) to work on /opt/airflow/dags/dag_with_minio_s3.py
[2024-09-30T10:33:39.536+0000] {processor.py:914} INFO - Processing file /opt/airflow/dags/dag_with_minio_s3.py for tasks to queue
[2024-09-30T10:33:39.538+0000] {logging_mixin.py:190} INFO - [2024-09-30T10:33:39.538+0000] {dagbag.py:587} INFO - Filling up the DagBag from /opt/airflow/dags/dag_with_minio_s3.py
[2024-09-30T10:33:39.552+0000] {processor.py:925} INFO - DAG(s) 'dag_with_minio_s3_v02' retrieved from /opt/airflow/dags/dag_with_minio_s3.py
[2024-09-30T10:33:39.578+0000] {logging_mixin.py:190} INFO - [2024-09-30T10:33:39.577+0000] {dag.py:3229} INFO - Sync 1 DAGs
[2024-09-30T10:33:39.601+0000] {logging_mixin.py:190} INFO - [2024-09-30T10:33:39.601+0000] {dag.py:4156} INFO - Setting next_dagrun for dag_with_minio_s3_v02 to 2024-09-30 00:00:00+00:00, run_after=2024-10-01 00:00:00+00:00
[2024-09-30T10:33:39.618+0000] {processor.py:208} INFO - Processing /opt/airflow/dags/dag_with_minio_s3.py took 0.099 seconds
[2024-09-30T10:33:49.996+0000] {logging_mixin.py:190} WARNING - /home/airflow/.local/lib/python3.12/site-packages/airflow/settings.py:470 DeprecationWarning: The sql_alchemy_conn option in [core] has been moved to the sql_alchemy_conn option in [database] - the old setting has been used, but please update your config.
[2024-09-30T10:33:50.004+0000] {processor.py:186} INFO - Started process (PID=884) to work on /opt/airflow/dags/dag_with_minio_s3.py
[2024-09-30T10:33:50.005+0000] {processor.py:914} INFO - Processing file /opt/airflow/dags/dag_with_minio_s3.py for tasks to queue
[2024-09-30T10:33:50.006+0000] {logging_mixin.py:190} INFO - [2024-09-30T10:33:50.006+0000] {dagbag.py:587} INFO - Filling up the DagBag from /opt/airflow/dags/dag_with_minio_s3.py
[2024-09-30T10:33:50.015+0000] {processor.py:925} INFO - DAG(s) 'dag_with_minio_s3_v02' retrieved from /opt/airflow/dags/dag_with_minio_s3.py
[2024-09-30T10:33:50.033+0000] {logging_mixin.py:190} INFO - [2024-09-30T10:33:50.033+0000] {dag.py:3229} INFO - Sync 1 DAGs
[2024-09-30T10:33:50.052+0000] {logging_mixin.py:190} INFO - [2024-09-30T10:33:50.051+0000] {dag.py:4156} INFO - Setting next_dagrun for dag_with_minio_s3_v02 to 2024-09-30 00:00:00+00:00, run_after=2024-10-01 00:00:00+00:00
[2024-09-30T10:33:50.064+0000] {processor.py:208} INFO - Processing /opt/airflow/dags/dag_with_minio_s3.py took 0.069 seconds
[2024-09-30T10:34:00.480+0000] {logging_mixin.py:190} WARNING - /home/airflow/.local/lib/python3.12/site-packages/airflow/settings.py:470 DeprecationWarning: The sql_alchemy_conn option in [core] has been moved to the sql_alchemy_conn option in [database] - the old setting has been used, but please update your config.
[2024-09-30T10:34:00.490+0000] {processor.py:186} INFO - Started process (PID=929) to work on /opt/airflow/dags/dag_with_minio_s3.py
[2024-09-30T10:34:00.490+0000] {processor.py:914} INFO - Processing file /opt/airflow/dags/dag_with_minio_s3.py for tasks to queue
[2024-09-30T10:34:00.492+0000] {logging_mixin.py:190} INFO - [2024-09-30T10:34:00.492+0000] {dagbag.py:587} INFO - Filling up the DagBag from /opt/airflow/dags/dag_with_minio_s3.py
[2024-09-30T10:34:00.506+0000] {processor.py:925} INFO - DAG(s) 'dag_with_minio_s3_v02' retrieved from /opt/airflow/dags/dag_with_minio_s3.py
[2024-09-30T10:34:00.524+0000] {logging_mixin.py:190} INFO - [2024-09-30T10:34:00.524+0000] {dag.py:3229} INFO - Sync 1 DAGs
[2024-09-30T10:34:00.544+0000] {logging_mixin.py:190} INFO - [2024-09-30T10:34:00.544+0000] {dag.py:4156} INFO - Setting next_dagrun for dag_with_minio_s3_v02 to 2024-09-30 00:00:00+00:00, run_after=2024-10-01 00:00:00+00:00
[2024-09-30T10:34:00.561+0000] {processor.py:208} INFO - Processing /opt/airflow/dags/dag_with_minio_s3.py took 0.084 seconds
[2024-09-30T10:34:10.992+0000] {logging_mixin.py:190} WARNING - /home/airflow/.local/lib/python3.12/site-packages/airflow/settings.py:470 DeprecationWarning: The sql_alchemy_conn option in [core] has been moved to the sql_alchemy_conn option in [database] - the old setting has been used, but please update your config.
[2024-09-30T10:34:10.998+0000] {processor.py:186} INFO - Started process (PID=974) to work on /opt/airflow/dags/dag_with_minio_s3.py
[2024-09-30T10:34:10.999+0000] {processor.py:914} INFO - Processing file /opt/airflow/dags/dag_with_minio_s3.py for tasks to queue
[2024-09-30T10:34:11.001+0000] {logging_mixin.py:190} INFO - [2024-09-30T10:34:11.001+0000] {dagbag.py:587} INFO - Filling up the DagBag from /opt/airflow/dags/dag_with_minio_s3.py
[2024-09-30T10:34:11.012+0000] {processor.py:925} INFO - DAG(s) 'dag_with_minio_s3_v02' retrieved from /opt/airflow/dags/dag_with_minio_s3.py
[2024-09-30T10:34:11.036+0000] {logging_mixin.py:190} INFO - [2024-09-30T10:34:11.036+0000] {dag.py:3229} INFO - Sync 1 DAGs
[2024-09-30T10:34:11.055+0000] {logging_mixin.py:190} INFO - [2024-09-30T10:34:11.054+0000] {dag.py:4156} INFO - Setting next_dagrun for dag_with_minio_s3_v02 to 2024-09-30 00:00:00+00:00, run_after=2024-10-01 00:00:00+00:00
[2024-09-30T10:34:11.068+0000] {processor.py:208} INFO - Processing /opt/airflow/dags/dag_with_minio_s3.py took 0.077 seconds
[2024-09-30T10:34:21.477+0000] {logging_mixin.py:190} WARNING - /home/airflow/.local/lib/python3.12/site-packages/airflow/settings.py:470 DeprecationWarning: The sql_alchemy_conn option in [core] has been moved to the sql_alchemy_conn option in [database] - the old setting has been used, but please update your config.
[2024-09-30T10:34:21.485+0000] {processor.py:186} INFO - Started process (PID=1019) to work on /opt/airflow/dags/dag_with_minio_s3.py
[2024-09-30T10:34:21.485+0000] {processor.py:914} INFO - Processing file /opt/airflow/dags/dag_with_minio_s3.py for tasks to queue
[2024-09-30T10:34:21.487+0000] {logging_mixin.py:190} INFO - [2024-09-30T10:34:21.487+0000] {dagbag.py:587} INFO - Filling up the DagBag from /opt/airflow/dags/dag_with_minio_s3.py
[2024-09-30T10:34:21.498+0000] {processor.py:925} INFO - DAG(s) 'dag_with_minio_s3_v02' retrieved from /opt/airflow/dags/dag_with_minio_s3.py
[2024-09-30T10:34:21.521+0000] {logging_mixin.py:190} INFO - [2024-09-30T10:34:21.521+0000] {dag.py:3229} INFO - Sync 1 DAGs
[2024-09-30T10:34:21.539+0000] {logging_mixin.py:190} INFO - [2024-09-30T10:34:21.539+0000] {dag.py:4156} INFO - Setting next_dagrun for dag_with_minio_s3_v02 to 2024-09-30 00:00:00+00:00, run_after=2024-10-01 00:00:00+00:00
[2024-09-30T10:34:21.552+0000] {processor.py:208} INFO - Processing /opt/airflow/dags/dag_with_minio_s3.py took 0.077 seconds
[2024-09-30T10:34:31.999+0000] {logging_mixin.py:190} WARNING - /home/airflow/.local/lib/python3.12/site-packages/airflow/settings.py:470 DeprecationWarning: The sql_alchemy_conn option in [core] has been moved to the sql_alchemy_conn option in [database] - the old setting has been used, but please update your config.
[2024-09-30T10:34:32.008+0000] {processor.py:186} INFO - Started process (PID=1064) to work on /opt/airflow/dags/dag_with_minio_s3.py
[2024-09-30T10:34:32.010+0000] {processor.py:914} INFO - Processing file /opt/airflow/dags/dag_with_minio_s3.py for tasks to queue
[2024-09-30T10:34:32.013+0000] {logging_mixin.py:190} INFO - [2024-09-30T10:34:32.012+0000] {dagbag.py:587} INFO - Filling up the DagBag from /opt/airflow/dags/dag_with_minio_s3.py
[2024-09-30T10:34:32.023+0000] {processor.py:925} INFO - DAG(s) 'dag_with_minio_s3_v02' retrieved from /opt/airflow/dags/dag_with_minio_s3.py
[2024-09-30T10:34:32.042+0000] {logging_mixin.py:190} INFO - [2024-09-30T10:34:32.042+0000] {dag.py:3229} INFO - Sync 1 DAGs
[2024-09-30T10:34:32.061+0000] {logging_mixin.py:190} INFO - [2024-09-30T10:34:32.061+0000] {dag.py:4156} INFO - Setting next_dagrun for dag_with_minio_s3_v02 to 2024-09-30 00:00:00+00:00, run_after=2024-10-01 00:00:00+00:00
[2024-09-30T10:34:32.077+0000] {processor.py:208} INFO - Processing /opt/airflow/dags/dag_with_minio_s3.py took 0.080 seconds
[2024-09-30T10:34:42.692+0000] {logging_mixin.py:190} WARNING - /home/airflow/.local/lib/python3.12/site-packages/airflow/settings.py:470 DeprecationWarning: The sql_alchemy_conn option in [core] has been moved to the sql_alchemy_conn option in [database] - the old setting has been used, but please update your config.
[2024-09-30T10:34:42.729+0000] {processor.py:186} INFO - Started process (PID=1109) to work on /opt/airflow/dags/dag_with_minio_s3.py
[2024-09-30T10:34:42.731+0000] {processor.py:914} INFO - Processing file /opt/airflow/dags/dag_with_minio_s3.py for tasks to queue
[2024-09-30T10:34:42.737+0000] {logging_mixin.py:190} INFO - [2024-09-30T10:34:42.737+0000] {dagbag.py:587} INFO - Filling up the DagBag from /opt/airflow/dags/dag_with_minio_s3.py
[2024-09-30T10:34:42.750+0000] {processor.py:925} INFO - DAG(s) 'dag_with_minio_s3_v02' retrieved from /opt/airflow/dags/dag_with_minio_s3.py
[2024-09-30T10:34:42.794+0000] {logging_mixin.py:190} INFO - [2024-09-30T10:34:42.794+0000] {dag.py:3229} INFO - Sync 1 DAGs
[2024-09-30T10:34:42.844+0000] {logging_mixin.py:190} INFO - [2024-09-30T10:34:42.843+0000] {dag.py:4156} INFO - Setting next_dagrun for dag_with_minio_s3_v02 to 2024-09-30 00:00:00+00:00, run_after=2024-10-01 00:00:00+00:00
[2024-09-30T10:34:42.865+0000] {processor.py:208} INFO - Processing /opt/airflow/dags/dag_with_minio_s3.py took 0.176 seconds
[2024-09-30T10:34:53.318+0000] {logging_mixin.py:190} WARNING - /home/airflow/.local/lib/python3.12/site-packages/airflow/settings.py:470 DeprecationWarning: The sql_alchemy_conn option in [core] has been moved to the sql_alchemy_conn option in [database] - the old setting has been used, but please update your config.
[2024-09-30T10:34:53.323+0000] {processor.py:186} INFO - Started process (PID=1154) to work on /opt/airflow/dags/dag_with_minio_s3.py
[2024-09-30T10:34:53.325+0000] {processor.py:914} INFO - Processing file /opt/airflow/dags/dag_with_minio_s3.py for tasks to queue
[2024-09-30T10:34:53.327+0000] {logging_mixin.py:190} INFO - [2024-09-30T10:34:53.327+0000] {dagbag.py:587} INFO - Filling up the DagBag from /opt/airflow/dags/dag_with_minio_s3.py
[2024-09-30T10:34:53.339+0000] {processor.py:925} INFO - DAG(s) 'dag_with_minio_s3_v02' retrieved from /opt/airflow/dags/dag_with_minio_s3.py
[2024-09-30T10:34:53.358+0000] {logging_mixin.py:190} INFO - [2024-09-30T10:34:53.358+0000] {dag.py:3229} INFO - Sync 1 DAGs
[2024-09-30T10:34:53.380+0000] {logging_mixin.py:190} INFO - [2024-09-30T10:34:53.380+0000] {dag.py:4156} INFO - Setting next_dagrun for dag_with_minio_s3_v02 to 2024-09-30 00:00:00+00:00, run_after=2024-10-01 00:00:00+00:00
[2024-09-30T10:34:53.397+0000] {processor.py:208} INFO - Processing /opt/airflow/dags/dag_with_minio_s3.py took 0.083 seconds
[2024-09-30T10:35:04.137+0000] {logging_mixin.py:190} WARNING - /home/airflow/.local/lib/python3.12/site-packages/airflow/settings.py:470 DeprecationWarning: The sql_alchemy_conn option in [core] has been moved to the sql_alchemy_conn option in [database] - the old setting has been used, but please update your config.
[2024-09-30T10:35:04.150+0000] {processor.py:186} INFO - Started process (PID=1199) to work on /opt/airflow/dags/dag_with_minio_s3.py
[2024-09-30T10:35:04.152+0000] {processor.py:914} INFO - Processing file /opt/airflow/dags/dag_with_minio_s3.py for tasks to queue
[2024-09-30T10:35:04.155+0000] {logging_mixin.py:190} INFO - [2024-09-30T10:35:04.155+0000] {dagbag.py:587} INFO - Filling up the DagBag from /opt/airflow/dags/dag_with_minio_s3.py
[2024-09-30T10:35:04.174+0000] {processor.py:925} INFO - DAG(s) 'dag_with_minio_s3_v02' retrieved from /opt/airflow/dags/dag_with_minio_s3.py
[2024-09-30T10:35:04.215+0000] {logging_mixin.py:190} INFO - [2024-09-30T10:35:04.215+0000] {dag.py:3229} INFO - Sync 1 DAGs
[2024-09-30T10:35:04.249+0000] {logging_mixin.py:190} INFO - [2024-09-30T10:35:04.249+0000] {dag.py:4156} INFO - Setting next_dagrun for dag_with_minio_s3_v02 to 2024-09-30 00:00:00+00:00, run_after=2024-10-01 00:00:00+00:00
[2024-09-30T10:35:04.270+0000] {processor.py:208} INFO - Processing /opt/airflow/dags/dag_with_minio_s3.py took 0.137 seconds
[2024-09-30T10:35:14.705+0000] {logging_mixin.py:190} WARNING - /home/airflow/.local/lib/python3.12/site-packages/airflow/settings.py:470 DeprecationWarning: The sql_alchemy_conn option in [core] has been moved to the sql_alchemy_conn option in [database] - the old setting has been used, but please update your config.
[2024-09-30T10:35:14.717+0000] {processor.py:186} INFO - Started process (PID=1244) to work on /opt/airflow/dags/dag_with_minio_s3.py
[2024-09-30T10:35:14.718+0000] {processor.py:914} INFO - Processing file /opt/airflow/dags/dag_with_minio_s3.py for tasks to queue
[2024-09-30T10:35:14.720+0000] {logging_mixin.py:190} INFO - [2024-09-30T10:35:14.720+0000] {dagbag.py:587} INFO - Filling up the DagBag from /opt/airflow/dags/dag_with_minio_s3.py
[2024-09-30T10:35:14.737+0000] {processor.py:925} INFO - DAG(s) 'dag_with_minio_s3_v02' retrieved from /opt/airflow/dags/dag_with_minio_s3.py
[2024-09-30T10:35:14.769+0000] {logging_mixin.py:190} INFO - [2024-09-30T10:35:14.769+0000] {dag.py:3229} INFO - Sync 1 DAGs
[2024-09-30T10:35:14.795+0000] {logging_mixin.py:190} INFO - [2024-09-30T10:35:14.795+0000] {dag.py:4156} INFO - Setting next_dagrun for dag_with_minio_s3_v02 to 2024-09-30 00:00:00+00:00, run_after=2024-10-01 00:00:00+00:00
[2024-09-30T10:35:14.815+0000] {processor.py:208} INFO - Processing /opt/airflow/dags/dag_with_minio_s3.py took 0.113 seconds
[2024-09-30T10:35:25.266+0000] {logging_mixin.py:190} WARNING - /home/airflow/.local/lib/python3.12/site-packages/airflow/settings.py:470 DeprecationWarning: The sql_alchemy_conn option in [core] has been moved to the sql_alchemy_conn option in [database] - the old setting has been used, but please update your config.
[2024-09-30T10:35:25.274+0000] {processor.py:186} INFO - Started process (PID=1289) to work on /opt/airflow/dags/dag_with_minio_s3.py
[2024-09-30T10:35:25.275+0000] {processor.py:914} INFO - Processing file /opt/airflow/dags/dag_with_minio_s3.py for tasks to queue
[2024-09-30T10:35:25.276+0000] {logging_mixin.py:190} INFO - [2024-09-30T10:35:25.276+0000] {dagbag.py:587} INFO - Filling up the DagBag from /opt/airflow/dags/dag_with_minio_s3.py
[2024-09-30T10:35:25.286+0000] {processor.py:925} INFO - DAG(s) 'dag_with_minio_s3_v02' retrieved from /opt/airflow/dags/dag_with_minio_s3.py
[2024-09-30T10:35:25.304+0000] {logging_mixin.py:190} INFO - [2024-09-30T10:35:25.304+0000] {dag.py:3229} INFO - Sync 1 DAGs
[2024-09-30T10:35:25.326+0000] {logging_mixin.py:190} INFO - [2024-09-30T10:35:25.326+0000] {dag.py:4156} INFO - Setting next_dagrun for dag_with_minio_s3_v02 to 2024-09-30 00:00:00+00:00, run_after=2024-10-01 00:00:00+00:00
[2024-09-30T10:35:25.353+0000] {processor.py:208} INFO - Processing /opt/airflow/dags/dag_with_minio_s3.py took 0.089 seconds
[2024-09-30T10:35:35.906+0000] {logging_mixin.py:190} WARNING - /home/airflow/.local/lib/python3.12/site-packages/airflow/settings.py:470 DeprecationWarning: The sql_alchemy_conn option in [core] has been moved to the sql_alchemy_conn option in [database] - the old setting has been used, but please update your config.
[2024-09-30T10:35:35.915+0000] {processor.py:186} INFO - Started process (PID=1334) to work on /opt/airflow/dags/dag_with_minio_s3.py
[2024-09-30T10:35:35.915+0000] {processor.py:914} INFO - Processing file /opt/airflow/dags/dag_with_minio_s3.py for tasks to queue
[2024-09-30T10:35:35.917+0000] {logging_mixin.py:190} INFO - [2024-09-30T10:35:35.917+0000] {dagbag.py:587} INFO - Filling up the DagBag from /opt/airflow/dags/dag_with_minio_s3.py
[2024-09-30T10:35:35.930+0000] {processor.py:925} INFO - DAG(s) 'dag_with_minio_s3_v02' retrieved from /opt/airflow/dags/dag_with_minio_s3.py
[2024-09-30T10:35:35.949+0000] {logging_mixin.py:190} INFO - [2024-09-30T10:35:35.949+0000] {dag.py:3229} INFO - Sync 1 DAGs
[2024-09-30T10:35:35.967+0000] {logging_mixin.py:190} INFO - [2024-09-30T10:35:35.967+0000] {dag.py:4156} INFO - Setting next_dagrun for dag_with_minio_s3_v02 to 2024-09-30 00:00:00+00:00, run_after=2024-10-01 00:00:00+00:00
[2024-09-30T10:35:35.984+0000] {processor.py:208} INFO - Processing /opt/airflow/dags/dag_with_minio_s3.py took 0.080 seconds
[2024-09-30T10:35:46.391+0000] {logging_mixin.py:190} WARNING - /home/airflow/.local/lib/python3.12/site-packages/airflow/settings.py:470 DeprecationWarning: The sql_alchemy_conn option in [core] has been moved to the sql_alchemy_conn option in [database] - the old setting has been used, but please update your config.
[2024-09-30T10:35:46.401+0000] {processor.py:186} INFO - Started process (PID=1379) to work on /opt/airflow/dags/dag_with_minio_s3.py
[2024-09-30T10:35:46.401+0000] {processor.py:914} INFO - Processing file /opt/airflow/dags/dag_with_minio_s3.py for tasks to queue
[2024-09-30T10:35:46.405+0000] {logging_mixin.py:190} INFO - [2024-09-30T10:35:46.405+0000] {dagbag.py:587} INFO - Filling up the DagBag from /opt/airflow/dags/dag_with_minio_s3.py
[2024-09-30T10:35:46.422+0000] {processor.py:925} INFO - DAG(s) 'dag_with_minio_s3_v02' retrieved from /opt/airflow/dags/dag_with_minio_s3.py
[2024-09-30T10:35:46.448+0000] {logging_mixin.py:190} INFO - [2024-09-30T10:35:46.448+0000] {dag.py:3229} INFO - Sync 1 DAGs
[2024-09-30T10:35:46.471+0000] {logging_mixin.py:190} INFO - [2024-09-30T10:35:46.471+0000] {dag.py:4156} INFO - Setting next_dagrun for dag_with_minio_s3_v02 to 2024-09-30 00:00:00+00:00, run_after=2024-10-01 00:00:00+00:00
[2024-09-30T10:35:46.486+0000] {processor.py:208} INFO - Processing /opt/airflow/dags/dag_with_minio_s3.py took 0.098 seconds
[2024-09-30T10:35:56.912+0000] {logging_mixin.py:190} WARNING - /home/airflow/.local/lib/python3.12/site-packages/airflow/settings.py:470 DeprecationWarning: The sql_alchemy_conn option in [core] has been moved to the sql_alchemy_conn option in [database] - the old setting has been used, but please update your config.
[2024-09-30T10:35:56.919+0000] {processor.py:186} INFO - Started process (PID=1424) to work on /opt/airflow/dags/dag_with_minio_s3.py
[2024-09-30T10:35:56.920+0000] {processor.py:914} INFO - Processing file /opt/airflow/dags/dag_with_minio_s3.py for tasks to queue
[2024-09-30T10:35:56.922+0000] {logging_mixin.py:190} INFO - [2024-09-30T10:35:56.922+0000] {dagbag.py:587} INFO - Filling up the DagBag from /opt/airflow/dags/dag_with_minio_s3.py
[2024-09-30T10:35:56.929+0000] {processor.py:925} INFO - DAG(s) 'dag_with_minio_s3_v02' retrieved from /opt/airflow/dags/dag_with_minio_s3.py
[2024-09-30T10:35:56.947+0000] {logging_mixin.py:190} INFO - [2024-09-30T10:35:56.947+0000] {dag.py:3229} INFO - Sync 1 DAGs
[2024-09-30T10:35:56.963+0000] {logging_mixin.py:190} INFO - [2024-09-30T10:35:56.963+0000] {dag.py:4156} INFO - Setting next_dagrun for dag_with_minio_s3_v02 to 2024-09-30 00:00:00+00:00, run_after=2024-10-01 00:00:00+00:00
[2024-09-30T10:35:56.977+0000] {processor.py:208} INFO - Processing /opt/airflow/dags/dag_with_minio_s3.py took 0.068 seconds
[2024-09-30T10:36:07.433+0000] {logging_mixin.py:190} WARNING - /home/airflow/.local/lib/python3.12/site-packages/airflow/settings.py:470 DeprecationWarning: The sql_alchemy_conn option in [core] has been moved to the sql_alchemy_conn option in [database] - the old setting has been used, but please update your config.
[2024-09-30T10:36:07.442+0000] {processor.py:186} INFO - Started process (PID=1469) to work on /opt/airflow/dags/dag_with_minio_s3.py
[2024-09-30T10:36:07.442+0000] {processor.py:914} INFO - Processing file /opt/airflow/dags/dag_with_minio_s3.py for tasks to queue
[2024-09-30T10:36:07.447+0000] {logging_mixin.py:190} INFO - [2024-09-30T10:36:07.446+0000] {dagbag.py:587} INFO - Filling up the DagBag from /opt/airflow/dags/dag_with_minio_s3.py
[2024-09-30T10:36:07.456+0000] {processor.py:925} INFO - DAG(s) 'dag_with_minio_s3_v02' retrieved from /opt/airflow/dags/dag_with_minio_s3.py
[2024-09-30T10:36:07.481+0000] {logging_mixin.py:190} INFO - [2024-09-30T10:36:07.481+0000] {dag.py:3229} INFO - Sync 1 DAGs
[2024-09-30T10:36:07.497+0000] {logging_mixin.py:190} INFO - [2024-09-30T10:36:07.497+0000] {dag.py:4156} INFO - Setting next_dagrun for dag_with_minio_s3_v02 to 2024-09-30 00:00:00+00:00, run_after=2024-10-01 00:00:00+00:00
[2024-09-30T10:36:07.514+0000] {processor.py:208} INFO - Processing /opt/airflow/dags/dag_with_minio_s3.py took 0.083 seconds
[2024-09-30T10:36:17.883+0000] {logging_mixin.py:190} WARNING - /home/airflow/.local/lib/python3.12/site-packages/airflow/settings.py:470 DeprecationWarning: The sql_alchemy_conn option in [core] has been moved to the sql_alchemy_conn option in [database] - the old setting has been used, but please update your config.
[2024-09-30T10:36:17.891+0000] {processor.py:186} INFO - Started process (PID=1514) to work on /opt/airflow/dags/dag_with_minio_s3.py
[2024-09-30T10:36:17.891+0000] {processor.py:914} INFO - Processing file /opt/airflow/dags/dag_with_minio_s3.py for tasks to queue
[2024-09-30T10:36:17.893+0000] {logging_mixin.py:190} INFO - [2024-09-30T10:36:17.893+0000] {dagbag.py:587} INFO - Filling up the DagBag from /opt/airflow/dags/dag_with_minio_s3.py
[2024-09-30T10:36:17.905+0000] {processor.py:925} INFO - DAG(s) 'dag_with_minio_s3_v02' retrieved from /opt/airflow/dags/dag_with_minio_s3.py
[2024-09-30T10:36:17.922+0000] {logging_mixin.py:190} INFO - [2024-09-30T10:36:17.922+0000] {dag.py:3229} INFO - Sync 1 DAGs
[2024-09-30T10:36:17.940+0000] {logging_mixin.py:190} INFO - [2024-09-30T10:36:17.940+0000] {dag.py:4156} INFO - Setting next_dagrun for dag_with_minio_s3_v02 to 2024-09-30 00:00:00+00:00, run_after=2024-10-01 00:00:00+00:00
[2024-09-30T10:36:17.953+0000] {processor.py:208} INFO - Processing /opt/airflow/dags/dag_with_minio_s3.py took 0.073 seconds
[2024-09-30T10:36:28.397+0000] {logging_mixin.py:190} WARNING - /home/airflow/.local/lib/python3.12/site-packages/airflow/settings.py:470 DeprecationWarning: The sql_alchemy_conn option in [core] has been moved to the sql_alchemy_conn option in [database] - the old setting has been used, but please update your config.
[2024-09-30T10:36:28.405+0000] {processor.py:186} INFO - Started process (PID=1559) to work on /opt/airflow/dags/dag_with_minio_s3.py
[2024-09-30T10:36:28.407+0000] {processor.py:914} INFO - Processing file /opt/airflow/dags/dag_with_minio_s3.py for tasks to queue
[2024-09-30T10:36:28.410+0000] {logging_mixin.py:190} INFO - [2024-09-30T10:36:28.410+0000] {dagbag.py:587} INFO - Filling up the DagBag from /opt/airflow/dags/dag_with_minio_s3.py
[2024-09-30T10:36:28.423+0000] {processor.py:925} INFO - DAG(s) 'dag_with_minio_s3_v02' retrieved from /opt/airflow/dags/dag_with_minio_s3.py
[2024-09-30T10:36:28.450+0000] {logging_mixin.py:190} INFO - [2024-09-30T10:36:28.450+0000] {dag.py:3229} INFO - Sync 1 DAGs
[2024-09-30T10:36:28.471+0000] {logging_mixin.py:190} INFO - [2024-09-30T10:36:28.471+0000] {dag.py:4156} INFO - Setting next_dagrun for dag_with_minio_s3_v02 to 2024-09-30 00:00:00+00:00, run_after=2024-10-01 00:00:00+00:00
[2024-09-30T10:36:28.486+0000] {processor.py:208} INFO - Processing /opt/airflow/dags/dag_with_minio_s3.py took 0.094 seconds
[2024-09-30T10:36:38.927+0000] {logging_mixin.py:190} WARNING - /home/airflow/.local/lib/python3.12/site-packages/airflow/settings.py:470 DeprecationWarning: The sql_alchemy_conn option in [core] has been moved to the sql_alchemy_conn option in [database] - the old setting has been used, but please update your config.
[2024-09-30T10:36:38.938+0000] {processor.py:186} INFO - Started process (PID=1604) to work on /opt/airflow/dags/dag_with_minio_s3.py
[2024-09-30T10:36:38.939+0000] {processor.py:914} INFO - Processing file /opt/airflow/dags/dag_with_minio_s3.py for tasks to queue
[2024-09-30T10:36:38.940+0000] {logging_mixin.py:190} INFO - [2024-09-30T10:36:38.940+0000] {dagbag.py:587} INFO - Filling up the DagBag from /opt/airflow/dags/dag_with_minio_s3.py
[2024-09-30T10:36:38.951+0000] {processor.py:925} INFO - DAG(s) 'dag_with_minio_s3_v02' retrieved from /opt/airflow/dags/dag_with_minio_s3.py
[2024-09-30T10:36:38.974+0000] {logging_mixin.py:190} INFO - [2024-09-30T10:36:38.974+0000] {dag.py:3229} INFO - Sync 1 DAGs
[2024-09-30T10:36:38.995+0000] {logging_mixin.py:190} INFO - [2024-09-30T10:36:38.994+0000] {dag.py:4156} INFO - Setting next_dagrun for dag_with_minio_s3_v02 to 2024-09-30 00:00:00+00:00, run_after=2024-10-01 00:00:00+00:00
[2024-09-30T10:36:39.010+0000] {processor.py:208} INFO - Processing /opt/airflow/dags/dag_with_minio_s3.py took 0.086 seconds
[2024-09-30T10:36:49.438+0000] {logging_mixin.py:190} WARNING - /home/airflow/.local/lib/python3.12/site-packages/airflow/settings.py:470 DeprecationWarning: The sql_alchemy_conn option in [core] has been moved to the sql_alchemy_conn option in [database] - the old setting has been used, but please update your config.
[2024-09-30T10:36:49.445+0000] {processor.py:186} INFO - Started process (PID=1650) to work on /opt/airflow/dags/dag_with_minio_s3.py
[2024-09-30T10:36:49.446+0000] {processor.py:914} INFO - Processing file /opt/airflow/dags/dag_with_minio_s3.py for tasks to queue
[2024-09-30T10:36:49.450+0000] {logging_mixin.py:190} INFO - [2024-09-30T10:36:49.449+0000] {dagbag.py:587} INFO - Filling up the DagBag from /opt/airflow/dags/dag_with_minio_s3.py
[2024-09-30T10:36:49.466+0000] {processor.py:925} INFO - DAG(s) 'dag_with_minio_s3_v02' retrieved from /opt/airflow/dags/dag_with_minio_s3.py
[2024-09-30T10:36:49.486+0000] {logging_mixin.py:190} INFO - [2024-09-30T10:36:49.486+0000] {dag.py:3229} INFO - Sync 1 DAGs
[2024-09-30T10:36:49.515+0000] {logging_mixin.py:190} INFO - [2024-09-30T10:36:49.515+0000] {dag.py:4156} INFO - Setting next_dagrun for dag_with_minio_s3_v02 to 2024-09-30 00:00:00+00:00, run_after=2024-10-01 00:00:00+00:00
[2024-09-30T10:36:49.530+0000] {processor.py:208} INFO - Processing /opt/airflow/dags/dag_with_minio_s3.py took 0.098 seconds
[2024-09-30T10:36:59.967+0000] {logging_mixin.py:190} WARNING - /home/airflow/.local/lib/python3.12/site-packages/airflow/settings.py:470 DeprecationWarning: The sql_alchemy_conn option in [core] has been moved to the sql_alchemy_conn option in [database] - the old setting has been used, but please update your config.
[2024-09-30T10:36:59.973+0000] {processor.py:186} INFO - Started process (PID=1697) to work on /opt/airflow/dags/dag_with_minio_s3.py
[2024-09-30T10:36:59.974+0000] {processor.py:914} INFO - Processing file /opt/airflow/dags/dag_with_minio_s3.py for tasks to queue
[2024-09-30T10:36:59.976+0000] {logging_mixin.py:190} INFO - [2024-09-30T10:36:59.976+0000] {dagbag.py:587} INFO - Filling up the DagBag from /opt/airflow/dags/dag_with_minio_s3.py
[2024-09-30T10:36:59.986+0000] {processor.py:925} INFO - DAG(s) 'dag_with_minio_s3_v02' retrieved from /opt/airflow/dags/dag_with_minio_s3.py
[2024-09-30T10:37:00.004+0000] {logging_mixin.py:190} INFO - [2024-09-30T10:37:00.003+0000] {dag.py:3229} INFO - Sync 1 DAGs
[2024-09-30T10:37:00.020+0000] {logging_mixin.py:190} INFO - [2024-09-30T10:37:00.020+0000] {dag.py:4156} INFO - Setting next_dagrun for dag_with_minio_s3_v02 to 2024-09-30 00:00:00+00:00, run_after=2024-10-01 00:00:00+00:00
[2024-09-30T10:37:00.033+0000] {processor.py:208} INFO - Processing /opt/airflow/dags/dag_with_minio_s3.py took 0.069 seconds
[2024-09-30T10:37:10.383+0000] {logging_mixin.py:190} WARNING - /home/airflow/.local/lib/python3.12/site-packages/airflow/settings.py:470 DeprecationWarning: The sql_alchemy_conn option in [core] has been moved to the sql_alchemy_conn option in [database] - the old setting has been used, but please update your config.
[2024-09-30T10:37:10.388+0000] {processor.py:186} INFO - Started process (PID=1742) to work on /opt/airflow/dags/dag_with_minio_s3.py
[2024-09-30T10:37:10.388+0000] {processor.py:914} INFO - Processing file /opt/airflow/dags/dag_with_minio_s3.py for tasks to queue
[2024-09-30T10:37:10.390+0000] {logging_mixin.py:190} INFO - [2024-09-30T10:37:10.390+0000] {dagbag.py:587} INFO - Filling up the DagBag from /opt/airflow/dags/dag_with_minio_s3.py
[2024-09-30T10:37:10.402+0000] {processor.py:925} INFO - DAG(s) 'dag_with_minio_s3_v02' retrieved from /opt/airflow/dags/dag_with_minio_s3.py
[2024-09-30T10:37:10.426+0000] {logging_mixin.py:190} INFO - [2024-09-30T10:37:10.426+0000] {dag.py:3229} INFO - Sync 1 DAGs
[2024-09-30T10:37:10.449+0000] {logging_mixin.py:190} INFO - [2024-09-30T10:37:10.449+0000] {dag.py:4156} INFO - Setting next_dagrun for dag_with_minio_s3_v02 to 2024-09-30 00:00:00+00:00, run_after=2024-10-01 00:00:00+00:00
[2024-09-30T10:37:10.463+0000] {processor.py:208} INFO - Processing /opt/airflow/dags/dag_with_minio_s3.py took 0.083 seconds
[2024-09-30T10:37:21.130+0000] {logging_mixin.py:190} WARNING - /home/airflow/.local/lib/python3.12/site-packages/airflow/settings.py:470 DeprecationWarning: The sql_alchemy_conn option in [core] has been moved to the sql_alchemy_conn option in [database] - the old setting has been used, but please update your config.
[2024-09-30T10:37:21.139+0000] {processor.py:186} INFO - Started process (PID=1787) to work on /opt/airflow/dags/dag_with_minio_s3.py
[2024-09-30T10:37:21.140+0000] {processor.py:914} INFO - Processing file /opt/airflow/dags/dag_with_minio_s3.py for tasks to queue
[2024-09-30T10:37:21.141+0000] {logging_mixin.py:190} INFO - [2024-09-30T10:37:21.141+0000] {dagbag.py:587} INFO - Filling up the DagBag from /opt/airflow/dags/dag_with_minio_s3.py
[2024-09-30T10:37:21.157+0000] {processor.py:925} INFO - DAG(s) 'dag_with_minio_s3_v02' retrieved from /opt/airflow/dags/dag_with_minio_s3.py
[2024-09-30T10:37:21.178+0000] {logging_mixin.py:190} INFO - [2024-09-30T10:37:21.178+0000] {dag.py:3229} INFO - Sync 1 DAGs
[2024-09-30T10:37:21.197+0000] {logging_mixin.py:190} INFO - [2024-09-30T10:37:21.197+0000] {dag.py:4156} INFO - Setting next_dagrun for dag_with_minio_s3_v02 to 2024-09-30 00:00:00+00:00, run_after=2024-10-01 00:00:00+00:00
[2024-09-30T10:37:21.208+0000] {processor.py:208} INFO - Processing /opt/airflow/dags/dag_with_minio_s3.py took 0.081 seconds
[2024-09-30T10:37:31.600+0000] {logging_mixin.py:190} WARNING - /home/airflow/.local/lib/python3.12/site-packages/airflow/settings.py:470 DeprecationWarning: The sql_alchemy_conn option in [core] has been moved to the sql_alchemy_conn option in [database] - the old setting has been used, but please update your config.
[2024-09-30T10:37:31.608+0000] {processor.py:186} INFO - Started process (PID=1832) to work on /opt/airflow/dags/dag_with_minio_s3.py
[2024-09-30T10:37:31.608+0000] {processor.py:914} INFO - Processing file /opt/airflow/dags/dag_with_minio_s3.py for tasks to queue
[2024-09-30T10:37:31.610+0000] {logging_mixin.py:190} INFO - [2024-09-30T10:37:31.610+0000] {dagbag.py:587} INFO - Filling up the DagBag from /opt/airflow/dags/dag_with_minio_s3.py
[2024-09-30T10:37:31.622+0000] {processor.py:925} INFO - DAG(s) 'dag_with_minio_s3_v02' retrieved from /opt/airflow/dags/dag_with_minio_s3.py
[2024-09-30T10:37:31.640+0000] {logging_mixin.py:190} INFO - [2024-09-30T10:37:31.640+0000] {dag.py:3229} INFO - Sync 1 DAGs
[2024-09-30T10:37:31.657+0000] {logging_mixin.py:190} INFO - [2024-09-30T10:37:31.657+0000] {dag.py:4156} INFO - Setting next_dagrun for dag_with_minio_s3_v02 to 2024-09-30 00:00:00+00:00, run_after=2024-10-01 00:00:00+00:00
[2024-09-30T10:37:31.671+0000] {processor.py:208} INFO - Processing /opt/airflow/dags/dag_with_minio_s3.py took 0.073 seconds
