[2024-09-30T10:31:43.292+0000] {logging_mixin.py:190} WARNING - /home/airflow/.local/lib/python3.12/site-packages/airflow/settings.py:470 DeprecationWarning: The sql_alchemy_conn option in [core] has been moved to the sql_alchemy_conn option in [database] - the old setting has been used, but please update your config.
[2024-09-30T10:31:43.335+0000] {processor.py:186} INFO - Started process (PID=304) to work on /opt/airflow/dags/dag_with_taskflow_api.py
[2024-09-30T10:31:43.338+0000] {processor.py:914} INFO - Processing file /opt/airflow/dags/dag_with_taskflow_api.py for tasks to queue
[2024-09-30T10:31:43.355+0000] {logging_mixin.py:190} INFO - [2024-09-30T10:31:43.353+0000] {dagbag.py:587} INFO - Filling up the DagBag from /opt/airflow/dags/dag_with_taskflow_api.py
[2024-09-30T10:31:43.520+0000] {processor.py:925} INFO - DAG(s) 'dag_with_taskflow_api_v01' retrieved from /opt/airflow/dags/dag_with_taskflow_api.py
[2024-09-30T10:31:43.626+0000] {logging_mixin.py:190} INFO - [2024-09-30T10:31:43.625+0000] {dag.py:3229} INFO - Sync 1 DAGs
[2024-09-30T10:31:43.855+0000] {logging_mixin.py:190} INFO - [2024-09-30T10:31:43.852+0000] {dag.py:4156} INFO - Setting next_dagrun for dag_with_taskflow_api_v01 to 2024-09-30 00:00:00+00:00, run_after=2024-10-01 00:00:00+00:00
[2024-09-30T10:31:43.967+0000] {processor.py:208} INFO - Processing /opt/airflow/dags/dag_with_taskflow_api.py took 0.732 seconds
[2024-09-30T10:31:54.324+0000] {logging_mixin.py:190} WARNING - /home/airflow/.local/lib/python3.12/site-packages/airflow/settings.py:470 DeprecationWarning: The sql_alchemy_conn option in [core] has been moved to the sql_alchemy_conn option in [database] - the old setting has been used, but please update your config.
[2024-09-30T10:31:54.331+0000] {processor.py:186} INFO - Started process (PID=376) to work on /opt/airflow/dags/dag_with_taskflow_api.py
[2024-09-30T10:31:54.332+0000] {processor.py:914} INFO - Processing file /opt/airflow/dags/dag_with_taskflow_api.py for tasks to queue
[2024-09-30T10:31:54.335+0000] {logging_mixin.py:190} INFO - [2024-09-30T10:31:54.335+0000] {dagbag.py:587} INFO - Filling up the DagBag from /opt/airflow/dags/dag_with_taskflow_api.py
[2024-09-30T10:31:54.352+0000] {processor.py:925} INFO - DAG(s) 'dag_with_taskflow_api_v01' retrieved from /opt/airflow/dags/dag_with_taskflow_api.py
[2024-09-30T10:31:54.371+0000] {logging_mixin.py:190} INFO - [2024-09-30T10:31:54.371+0000] {dag.py:3229} INFO - Sync 1 DAGs
[2024-09-30T10:31:54.397+0000] {logging_mixin.py:190} INFO - [2024-09-30T10:31:54.397+0000] {dag.py:4156} INFO - Setting next_dagrun for dag_with_taskflow_api_v01 to 2024-09-30 00:00:00+00:00, run_after=2024-10-01 00:00:00+00:00
[2024-09-30T10:31:54.413+0000] {processor.py:208} INFO - Processing /opt/airflow/dags/dag_with_taskflow_api.py took 0.092 seconds
[2024-09-30T10:32:04.770+0000] {logging_mixin.py:190} WARNING - /home/airflow/.local/lib/python3.12/site-packages/airflow/settings.py:470 DeprecationWarning: The sql_alchemy_conn option in [core] has been moved to the sql_alchemy_conn option in [database] - the old setting has been used, but please update your config.
[2024-09-30T10:32:04.781+0000] {processor.py:186} INFO - Started process (PID=421) to work on /opt/airflow/dags/dag_with_taskflow_api.py
[2024-09-30T10:32:04.782+0000] {processor.py:914} INFO - Processing file /opt/airflow/dags/dag_with_taskflow_api.py for tasks to queue
[2024-09-30T10:32:04.785+0000] {logging_mixin.py:190} INFO - [2024-09-30T10:32:04.785+0000] {dagbag.py:587} INFO - Filling up the DagBag from /opt/airflow/dags/dag_with_taskflow_api.py
[2024-09-30T10:32:04.798+0000] {processor.py:925} INFO - DAG(s) 'dag_with_taskflow_api_v01' retrieved from /opt/airflow/dags/dag_with_taskflow_api.py
[2024-09-30T10:32:04.819+0000] {logging_mixin.py:190} INFO - [2024-09-30T10:32:04.819+0000] {dag.py:3229} INFO - Sync 1 DAGs
[2024-09-30T10:32:04.840+0000] {logging_mixin.py:190} INFO - [2024-09-30T10:32:04.840+0000] {dag.py:4156} INFO - Setting next_dagrun for dag_with_taskflow_api_v01 to 2024-09-30 00:00:00+00:00, run_after=2024-10-01 00:00:00+00:00
[2024-09-30T10:32:04.855+0000] {processor.py:208} INFO - Processing /opt/airflow/dags/dag_with_taskflow_api.py took 0.089 seconds
[2024-09-30T10:32:15.227+0000] {logging_mixin.py:190} WARNING - /home/airflow/.local/lib/python3.12/site-packages/airflow/settings.py:470 DeprecationWarning: The sql_alchemy_conn option in [core] has been moved to the sql_alchemy_conn option in [database] - the old setting has been used, but please update your config.
[2024-09-30T10:32:15.232+0000] {processor.py:186} INFO - Started process (PID=466) to work on /opt/airflow/dags/dag_with_taskflow_api.py
[2024-09-30T10:32:15.232+0000] {processor.py:914} INFO - Processing file /opt/airflow/dags/dag_with_taskflow_api.py for tasks to queue
[2024-09-30T10:32:15.234+0000] {logging_mixin.py:190} INFO - [2024-09-30T10:32:15.234+0000] {dagbag.py:587} INFO - Filling up the DagBag from /opt/airflow/dags/dag_with_taskflow_api.py
[2024-09-30T10:32:15.247+0000] {processor.py:925} INFO - DAG(s) 'dag_with_taskflow_api_v01' retrieved from /opt/airflow/dags/dag_with_taskflow_api.py
[2024-09-30T10:32:15.267+0000] {logging_mixin.py:190} INFO - [2024-09-30T10:32:15.266+0000] {dag.py:3229} INFO - Sync 1 DAGs
[2024-09-30T10:32:15.287+0000] {logging_mixin.py:190} INFO - [2024-09-30T10:32:15.287+0000] {dag.py:4156} INFO - Setting next_dagrun for dag_with_taskflow_api_v01 to 2024-09-30 00:00:00+00:00, run_after=2024-10-01 00:00:00+00:00
[2024-09-30T10:32:15.303+0000] {processor.py:208} INFO - Processing /opt/airflow/dags/dag_with_taskflow_api.py took 0.078 seconds
[2024-09-30T10:32:25.634+0000] {logging_mixin.py:190} WARNING - /home/airflow/.local/lib/python3.12/site-packages/airflow/settings.py:470 DeprecationWarning: The sql_alchemy_conn option in [core] has been moved to the sql_alchemy_conn option in [database] - the old setting has been used, but please update your config.
[2024-09-30T10:32:25.639+0000] {processor.py:186} INFO - Started process (PID=511) to work on /opt/airflow/dags/dag_with_taskflow_api.py
[2024-09-30T10:32:25.641+0000] {processor.py:914} INFO - Processing file /opt/airflow/dags/dag_with_taskflow_api.py for tasks to queue
[2024-09-30T10:32:25.644+0000] {logging_mixin.py:190} INFO - [2024-09-30T10:32:25.644+0000] {dagbag.py:587} INFO - Filling up the DagBag from /opt/airflow/dags/dag_with_taskflow_api.py
[2024-09-30T10:32:25.660+0000] {processor.py:925} INFO - DAG(s) 'dag_with_taskflow_api_v01' retrieved from /opt/airflow/dags/dag_with_taskflow_api.py
[2024-09-30T10:32:25.682+0000] {logging_mixin.py:190} INFO - [2024-09-30T10:32:25.682+0000] {dag.py:3229} INFO - Sync 1 DAGs
[2024-09-30T10:32:25.704+0000] {logging_mixin.py:190} INFO - [2024-09-30T10:32:25.704+0000] {dag.py:4156} INFO - Setting next_dagrun for dag_with_taskflow_api_v01 to 2024-09-30 00:00:00+00:00, run_after=2024-10-01 00:00:00+00:00
[2024-09-30T10:32:25.720+0000] {processor.py:208} INFO - Processing /opt/airflow/dags/dag_with_taskflow_api.py took 0.089 seconds
[2024-09-30T10:32:36.057+0000] {logging_mixin.py:190} WARNING - /home/airflow/.local/lib/python3.12/site-packages/airflow/settings.py:470 DeprecationWarning: The sql_alchemy_conn option in [core] has been moved to the sql_alchemy_conn option in [database] - the old setting has been used, but please update your config.
[2024-09-30T10:32:36.061+0000] {processor.py:186} INFO - Started process (PID=556) to work on /opt/airflow/dags/dag_with_taskflow_api.py
[2024-09-30T10:32:36.065+0000] {processor.py:914} INFO - Processing file /opt/airflow/dags/dag_with_taskflow_api.py for tasks to queue
[2024-09-30T10:32:36.067+0000] {logging_mixin.py:190} INFO - [2024-09-30T10:32:36.066+0000] {dagbag.py:587} INFO - Filling up the DagBag from /opt/airflow/dags/dag_with_taskflow_api.py
[2024-09-30T10:32:36.076+0000] {processor.py:925} INFO - DAG(s) 'dag_with_taskflow_api_v01' retrieved from /opt/airflow/dags/dag_with_taskflow_api.py
[2024-09-30T10:32:36.095+0000] {logging_mixin.py:190} INFO - [2024-09-30T10:32:36.095+0000] {dag.py:3229} INFO - Sync 1 DAGs
[2024-09-30T10:32:36.112+0000] {logging_mixin.py:190} INFO - [2024-09-30T10:32:36.112+0000] {dag.py:4156} INFO - Setting next_dagrun for dag_with_taskflow_api_v01 to 2024-09-30 00:00:00+00:00, run_after=2024-10-01 00:00:00+00:00
[2024-09-30T10:32:36.126+0000] {processor.py:208} INFO - Processing /opt/airflow/dags/dag_with_taskflow_api.py took 0.071 seconds
[2024-09-30T10:32:46.500+0000] {logging_mixin.py:190} WARNING - /home/airflow/.local/lib/python3.12/site-packages/airflow/settings.py:470 DeprecationWarning: The sql_alchemy_conn option in [core] has been moved to the sql_alchemy_conn option in [database] - the old setting has been used, but please update your config.
[2024-09-30T10:32:46.507+0000] {processor.py:186} INFO - Started process (PID=601) to work on /opt/airflow/dags/dag_with_taskflow_api.py
[2024-09-30T10:32:46.510+0000] {processor.py:914} INFO - Processing file /opt/airflow/dags/dag_with_taskflow_api.py for tasks to queue
[2024-09-30T10:32:46.513+0000] {logging_mixin.py:190} INFO - [2024-09-30T10:32:46.513+0000] {dagbag.py:587} INFO - Filling up the DagBag from /opt/airflow/dags/dag_with_taskflow_api.py
[2024-09-30T10:32:46.530+0000] {processor.py:925} INFO - DAG(s) 'dag_with_taskflow_api_v01' retrieved from /opt/airflow/dags/dag_with_taskflow_api.py
[2024-09-30T10:32:46.551+0000] {logging_mixin.py:190} INFO - [2024-09-30T10:32:46.551+0000] {dag.py:3229} INFO - Sync 1 DAGs
[2024-09-30T10:32:46.569+0000] {logging_mixin.py:190} INFO - [2024-09-30T10:32:46.568+0000] {dag.py:4156} INFO - Setting next_dagrun for dag_with_taskflow_api_v01 to 2024-09-30 00:00:00+00:00, run_after=2024-10-01 00:00:00+00:00
[2024-09-30T10:32:46.581+0000] {processor.py:208} INFO - Processing /opt/airflow/dags/dag_with_taskflow_api.py took 0.084 seconds
[2024-09-30T10:32:57.048+0000] {logging_mixin.py:190} WARNING - /home/airflow/.local/lib/python3.12/site-packages/airflow/settings.py:470 DeprecationWarning: The sql_alchemy_conn option in [core] has been moved to the sql_alchemy_conn option in [database] - the old setting has been used, but please update your config.
[2024-09-30T10:32:57.055+0000] {processor.py:186} INFO - Started process (PID=646) to work on /opt/airflow/dags/dag_with_taskflow_api.py
[2024-09-30T10:32:57.055+0000] {processor.py:914} INFO - Processing file /opt/airflow/dags/dag_with_taskflow_api.py for tasks to queue
[2024-09-30T10:32:57.057+0000] {logging_mixin.py:190} INFO - [2024-09-30T10:32:57.057+0000] {dagbag.py:587} INFO - Filling up the DagBag from /opt/airflow/dags/dag_with_taskflow_api.py
[2024-09-30T10:32:57.071+0000] {processor.py:925} INFO - DAG(s) 'dag_with_taskflow_api_v01' retrieved from /opt/airflow/dags/dag_with_taskflow_api.py
[2024-09-30T10:32:57.093+0000] {logging_mixin.py:190} INFO - [2024-09-30T10:32:57.093+0000] {dag.py:3229} INFO - Sync 1 DAGs
[2024-09-30T10:32:57.114+0000] {logging_mixin.py:190} INFO - [2024-09-30T10:32:57.114+0000] {dag.py:4156} INFO - Setting next_dagrun for dag_with_taskflow_api_v01 to 2024-09-30 00:00:00+00:00, run_after=2024-10-01 00:00:00+00:00
[2024-09-30T10:32:57.127+0000] {processor.py:208} INFO - Processing /opt/airflow/dags/dag_with_taskflow_api.py took 0.082 seconds
[2024-09-30T10:33:07.408+0000] {logging_mixin.py:190} WARNING - /home/airflow/.local/lib/python3.12/site-packages/airflow/settings.py:470 DeprecationWarning: The sql_alchemy_conn option in [core] has been moved to the sql_alchemy_conn option in [database] - the old setting has been used, but please update your config.
[2024-09-30T10:33:07.416+0000] {processor.py:186} INFO - Started process (PID=691) to work on /opt/airflow/dags/dag_with_taskflow_api.py
[2024-09-30T10:33:07.417+0000] {processor.py:914} INFO - Processing file /opt/airflow/dags/dag_with_taskflow_api.py for tasks to queue
[2024-09-30T10:33:07.419+0000] {logging_mixin.py:190} INFO - [2024-09-30T10:33:07.418+0000] {dagbag.py:587} INFO - Filling up the DagBag from /opt/airflow/dags/dag_with_taskflow_api.py
[2024-09-30T10:33:07.430+0000] {processor.py:925} INFO - DAG(s) 'dag_with_taskflow_api_v01' retrieved from /opt/airflow/dags/dag_with_taskflow_api.py
[2024-09-30T10:33:07.450+0000] {logging_mixin.py:190} INFO - [2024-09-30T10:33:07.450+0000] {dag.py:3229} INFO - Sync 1 DAGs
[2024-09-30T10:33:07.467+0000] {logging_mixin.py:190} INFO - [2024-09-30T10:33:07.467+0000] {dag.py:4156} INFO - Setting next_dagrun for dag_with_taskflow_api_v01 to 2024-09-30 00:00:00+00:00, run_after=2024-10-01 00:00:00+00:00
[2024-09-30T10:33:07.481+0000] {processor.py:208} INFO - Processing /opt/airflow/dags/dag_with_taskflow_api.py took 0.075 seconds
[2024-09-30T10:33:17.945+0000] {logging_mixin.py:190} WARNING - /home/airflow/.local/lib/python3.12/site-packages/airflow/settings.py:470 DeprecationWarning: The sql_alchemy_conn option in [core] has been moved to the sql_alchemy_conn option in [database] - the old setting has been used, but please update your config.
[2024-09-30T10:33:17.952+0000] {processor.py:186} INFO - Started process (PID=736) to work on /opt/airflow/dags/dag_with_taskflow_api.py
[2024-09-30T10:33:17.952+0000] {processor.py:914} INFO - Processing file /opt/airflow/dags/dag_with_taskflow_api.py for tasks to queue
[2024-09-30T10:33:17.954+0000] {logging_mixin.py:190} INFO - [2024-09-30T10:33:17.954+0000] {dagbag.py:587} INFO - Filling up the DagBag from /opt/airflow/dags/dag_with_taskflow_api.py
[2024-09-30T10:33:17.969+0000] {processor.py:925} INFO - DAG(s) 'dag_with_taskflow_api_v01' retrieved from /opt/airflow/dags/dag_with_taskflow_api.py
[2024-09-30T10:33:17.988+0000] {logging_mixin.py:190} INFO - [2024-09-30T10:33:17.988+0000] {dag.py:3229} INFO - Sync 1 DAGs
[2024-09-30T10:33:18.005+0000] {logging_mixin.py:190} INFO - [2024-09-30T10:33:18.004+0000] {dag.py:4156} INFO - Setting next_dagrun for dag_with_taskflow_api_v01 to 2024-09-30 00:00:00+00:00, run_after=2024-10-01 00:00:00+00:00
[2024-09-30T10:33:18.019+0000] {processor.py:208} INFO - Processing /opt/airflow/dags/dag_with_taskflow_api.py took 0.077 seconds
[2024-09-30T10:33:28.349+0000] {logging_mixin.py:190} WARNING - /home/airflow/.local/lib/python3.12/site-packages/airflow/settings.py:470 DeprecationWarning: The sql_alchemy_conn option in [core] has been moved to the sql_alchemy_conn option in [database] - the old setting has been used, but please update your config.
[2024-09-30T10:33:28.357+0000] {processor.py:186} INFO - Started process (PID=781) to work on /opt/airflow/dags/dag_with_taskflow_api.py
[2024-09-30T10:33:28.360+0000] {processor.py:914} INFO - Processing file /opt/airflow/dags/dag_with_taskflow_api.py for tasks to queue
[2024-09-30T10:33:28.364+0000] {logging_mixin.py:190} INFO - [2024-09-30T10:33:28.363+0000] {dagbag.py:587} INFO - Filling up the DagBag from /opt/airflow/dags/dag_with_taskflow_api.py
[2024-09-30T10:33:28.376+0000] {processor.py:925} INFO - DAG(s) 'dag_with_taskflow_api_v01' retrieved from /opt/airflow/dags/dag_with_taskflow_api.py
[2024-09-30T10:33:28.396+0000] {logging_mixin.py:190} INFO - [2024-09-30T10:33:28.396+0000] {dag.py:3229} INFO - Sync 1 DAGs
[2024-09-30T10:33:28.412+0000] {logging_mixin.py:190} INFO - [2024-09-30T10:33:28.412+0000] {dag.py:4156} INFO - Setting next_dagrun for dag_with_taskflow_api_v01 to 2024-09-30 00:00:00+00:00, run_after=2024-10-01 00:00:00+00:00
[2024-09-30T10:33:28.425+0000] {processor.py:208} INFO - Processing /opt/airflow/dags/dag_with_taskflow_api.py took 0.079 seconds
[2024-09-30T10:33:38.480+0000] {logging_mixin.py:190} WARNING - /home/airflow/.local/lib/python3.12/site-packages/airflow/settings.py:470 DeprecationWarning: The sql_alchemy_conn option in [core] has been moved to the sql_alchemy_conn option in [database] - the old setting has been used, but please update your config.
[2024-09-30T10:33:38.490+0000] {processor.py:186} INFO - Started process (PID=826) to work on /opt/airflow/dags/dag_with_taskflow_api.py
[2024-09-30T10:33:38.491+0000] {processor.py:914} INFO - Processing file /opt/airflow/dags/dag_with_taskflow_api.py for tasks to queue
[2024-09-30T10:33:38.493+0000] {logging_mixin.py:190} INFO - [2024-09-30T10:33:38.493+0000] {dagbag.py:587} INFO - Filling up the DagBag from /opt/airflow/dags/dag_with_taskflow_api.py
[2024-09-30T10:33:38.509+0000] {processor.py:925} INFO - DAG(s) 'dag_with_taskflow_api_v01' retrieved from /opt/airflow/dags/dag_with_taskflow_api.py
[2024-09-30T10:33:38.535+0000] {logging_mixin.py:190} INFO - [2024-09-30T10:33:38.535+0000] {dag.py:3229} INFO - Sync 1 DAGs
[2024-09-30T10:33:38.556+0000] {logging_mixin.py:190} INFO - [2024-09-30T10:33:38.556+0000] {dag.py:4156} INFO - Setting next_dagrun for dag_with_taskflow_api_v01 to 2024-09-30 00:00:00+00:00, run_after=2024-10-01 00:00:00+00:00
[2024-09-30T10:33:38.577+0000] {processor.py:208} INFO - Processing /opt/airflow/dags/dag_with_taskflow_api.py took 0.101 seconds
[2024-09-30T10:33:48.922+0000] {logging_mixin.py:190} WARNING - /home/airflow/.local/lib/python3.12/site-packages/airflow/settings.py:470 DeprecationWarning: The sql_alchemy_conn option in [core] has been moved to the sql_alchemy_conn option in [database] - the old setting has been used, but please update your config.
[2024-09-30T10:33:48.930+0000] {processor.py:186} INFO - Started process (PID=871) to work on /opt/airflow/dags/dag_with_taskflow_api.py
[2024-09-30T10:33:48.932+0000] {processor.py:914} INFO - Processing file /opt/airflow/dags/dag_with_taskflow_api.py for tasks to queue
[2024-09-30T10:33:48.936+0000] {logging_mixin.py:190} INFO - [2024-09-30T10:33:48.936+0000] {dagbag.py:587} INFO - Filling up the DagBag from /opt/airflow/dags/dag_with_taskflow_api.py
[2024-09-30T10:33:48.952+0000] {processor.py:925} INFO - DAG(s) 'dag_with_taskflow_api_v01' retrieved from /opt/airflow/dags/dag_with_taskflow_api.py
[2024-09-30T10:33:48.978+0000] {logging_mixin.py:190} INFO - [2024-09-30T10:33:48.978+0000] {dag.py:3229} INFO - Sync 1 DAGs
[2024-09-30T10:33:48.996+0000] {logging_mixin.py:190} INFO - [2024-09-30T10:33:48.996+0000] {dag.py:4156} INFO - Setting next_dagrun for dag_with_taskflow_api_v01 to 2024-09-30 00:00:00+00:00, run_after=2024-10-01 00:00:00+00:00
[2024-09-30T10:33:49.010+0000] {processor.py:208} INFO - Processing /opt/airflow/dags/dag_with_taskflow_api.py took 0.092 seconds
[2024-09-30T10:33:59.354+0000] {logging_mixin.py:190} WARNING - /home/airflow/.local/lib/python3.12/site-packages/airflow/settings.py:470 DeprecationWarning: The sql_alchemy_conn option in [core] has been moved to the sql_alchemy_conn option in [database] - the old setting has been used, but please update your config.
[2024-09-30T10:33:59.362+0000] {processor.py:186} INFO - Started process (PID=916) to work on /opt/airflow/dags/dag_with_taskflow_api.py
[2024-09-30T10:33:59.362+0000] {processor.py:914} INFO - Processing file /opt/airflow/dags/dag_with_taskflow_api.py for tasks to queue
[2024-09-30T10:33:59.364+0000] {logging_mixin.py:190} INFO - [2024-09-30T10:33:59.364+0000] {dagbag.py:587} INFO - Filling up the DagBag from /opt/airflow/dags/dag_with_taskflow_api.py
[2024-09-30T10:33:59.375+0000] {processor.py:925} INFO - DAG(s) 'dag_with_taskflow_api_v01' retrieved from /opt/airflow/dags/dag_with_taskflow_api.py
[2024-09-30T10:33:59.397+0000] {logging_mixin.py:190} INFO - [2024-09-30T10:33:59.397+0000] {dag.py:3229} INFO - Sync 1 DAGs
[2024-09-30T10:33:59.416+0000] {logging_mixin.py:190} INFO - [2024-09-30T10:33:59.416+0000] {dag.py:4156} INFO - Setting next_dagrun for dag_with_taskflow_api_v01 to 2024-09-30 00:00:00+00:00, run_after=2024-10-01 00:00:00+00:00
[2024-09-30T10:33:59.430+0000] {processor.py:208} INFO - Processing /opt/airflow/dags/dag_with_taskflow_api.py took 0.079 seconds
[2024-09-30T10:34:09.901+0000] {logging_mixin.py:190} WARNING - /home/airflow/.local/lib/python3.12/site-packages/airflow/settings.py:470 DeprecationWarning: The sql_alchemy_conn option in [core] has been moved to the sql_alchemy_conn option in [database] - the old setting has been used, but please update your config.
[2024-09-30T10:34:09.914+0000] {processor.py:186} INFO - Started process (PID=961) to work on /opt/airflow/dags/dag_with_taskflow_api.py
[2024-09-30T10:34:09.914+0000] {processor.py:914} INFO - Processing file /opt/airflow/dags/dag_with_taskflow_api.py for tasks to queue
[2024-09-30T10:34:09.918+0000] {logging_mixin.py:190} INFO - [2024-09-30T10:34:09.918+0000] {dagbag.py:587} INFO - Filling up the DagBag from /opt/airflow/dags/dag_with_taskflow_api.py
[2024-09-30T10:34:09.933+0000] {processor.py:925} INFO - DAG(s) 'dag_with_taskflow_api_v01' retrieved from /opt/airflow/dags/dag_with_taskflow_api.py
[2024-09-30T10:34:09.962+0000] {logging_mixin.py:190} INFO - [2024-09-30T10:34:09.962+0000] {dag.py:3229} INFO - Sync 1 DAGs
[2024-09-30T10:34:09.990+0000] {logging_mixin.py:190} INFO - [2024-09-30T10:34:09.990+0000] {dag.py:4156} INFO - Setting next_dagrun for dag_with_taskflow_api_v01 to 2024-09-30 00:00:00+00:00, run_after=2024-10-01 00:00:00+00:00
[2024-09-30T10:34:10.006+0000] {processor.py:208} INFO - Processing /opt/airflow/dags/dag_with_taskflow_api.py took 0.110 seconds
[2024-09-30T10:34:20.354+0000] {logging_mixin.py:190} WARNING - /home/airflow/.local/lib/python3.12/site-packages/airflow/settings.py:470 DeprecationWarning: The sql_alchemy_conn option in [core] has been moved to the sql_alchemy_conn option in [database] - the old setting has been used, but please update your config.
[2024-09-30T10:34:20.365+0000] {processor.py:186} INFO - Started process (PID=1006) to work on /opt/airflow/dags/dag_with_taskflow_api.py
[2024-09-30T10:34:20.366+0000] {processor.py:914} INFO - Processing file /opt/airflow/dags/dag_with_taskflow_api.py for tasks to queue
[2024-09-30T10:34:20.369+0000] {logging_mixin.py:190} INFO - [2024-09-30T10:34:20.368+0000] {dagbag.py:587} INFO - Filling up the DagBag from /opt/airflow/dags/dag_with_taskflow_api.py
[2024-09-30T10:34:20.379+0000] {processor.py:925} INFO - DAG(s) 'dag_with_taskflow_api_v01' retrieved from /opt/airflow/dags/dag_with_taskflow_api.py
[2024-09-30T10:34:20.399+0000] {logging_mixin.py:190} INFO - [2024-09-30T10:34:20.399+0000] {dag.py:3229} INFO - Sync 1 DAGs
[2024-09-30T10:34:20.418+0000] {logging_mixin.py:190} INFO - [2024-09-30T10:34:20.418+0000] {dag.py:4156} INFO - Setting next_dagrun for dag_with_taskflow_api_v01 to 2024-09-30 00:00:00+00:00, run_after=2024-10-01 00:00:00+00:00
[2024-09-30T10:34:20.434+0000] {processor.py:208} INFO - Processing /opt/airflow/dags/dag_with_taskflow_api.py took 0.084 seconds
[2024-09-30T10:34:30.867+0000] {logging_mixin.py:190} WARNING - /home/airflow/.local/lib/python3.12/site-packages/airflow/settings.py:470 DeprecationWarning: The sql_alchemy_conn option in [core] has been moved to the sql_alchemy_conn option in [database] - the old setting has been used, but please update your config.
[2024-09-30T10:34:30.877+0000] {processor.py:186} INFO - Started process (PID=1051) to work on /opt/airflow/dags/dag_with_taskflow_api.py
[2024-09-30T10:34:30.877+0000] {processor.py:914} INFO - Processing file /opt/airflow/dags/dag_with_taskflow_api.py for tasks to queue
[2024-09-30T10:34:30.880+0000] {logging_mixin.py:190} INFO - [2024-09-30T10:34:30.880+0000] {dagbag.py:587} INFO - Filling up the DagBag from /opt/airflow/dags/dag_with_taskflow_api.py
[2024-09-30T10:34:30.892+0000] {processor.py:925} INFO - DAG(s) 'dag_with_taskflow_api_v01' retrieved from /opt/airflow/dags/dag_with_taskflow_api.py
[2024-09-30T10:34:30.912+0000] {logging_mixin.py:190} INFO - [2024-09-30T10:34:30.912+0000] {dag.py:3229} INFO - Sync 1 DAGs
[2024-09-30T10:34:30.936+0000] {logging_mixin.py:190} INFO - [2024-09-30T10:34:30.936+0000] {dag.py:4156} INFO - Setting next_dagrun for dag_with_taskflow_api_v01 to 2024-09-30 00:00:00+00:00, run_after=2024-10-01 00:00:00+00:00
[2024-09-30T10:34:30.956+0000] {processor.py:208} INFO - Processing /opt/airflow/dags/dag_with_taskflow_api.py took 0.092 seconds
[2024-09-30T10:34:41.571+0000] {logging_mixin.py:190} WARNING - /home/airflow/.local/lib/python3.12/site-packages/airflow/settings.py:470 DeprecationWarning: The sql_alchemy_conn option in [core] has been moved to the sql_alchemy_conn option in [database] - the old setting has been used, but please update your config.
[2024-09-30T10:34:41.581+0000] {processor.py:186} INFO - Started process (PID=1096) to work on /opt/airflow/dags/dag_with_taskflow_api.py
[2024-09-30T10:34:41.584+0000] {processor.py:914} INFO - Processing file /opt/airflow/dags/dag_with_taskflow_api.py for tasks to queue
[2024-09-30T10:34:41.587+0000] {logging_mixin.py:190} INFO - [2024-09-30T10:34:41.587+0000] {dagbag.py:587} INFO - Filling up the DagBag from /opt/airflow/dags/dag_with_taskflow_api.py
[2024-09-30T10:34:41.600+0000] {processor.py:925} INFO - DAG(s) 'dag_with_taskflow_api_v01' retrieved from /opt/airflow/dags/dag_with_taskflow_api.py
[2024-09-30T10:34:41.622+0000] {logging_mixin.py:190} INFO - [2024-09-30T10:34:41.622+0000] {dag.py:3229} INFO - Sync 1 DAGs
[2024-09-30T10:34:41.643+0000] {logging_mixin.py:190} INFO - [2024-09-30T10:34:41.643+0000] {dag.py:4156} INFO - Setting next_dagrun for dag_with_taskflow_api_v01 to 2024-09-30 00:00:00+00:00, run_after=2024-10-01 00:00:00+00:00
[2024-09-30T10:34:41.658+0000] {processor.py:208} INFO - Processing /opt/airflow/dags/dag_with_taskflow_api.py took 0.089 seconds
[2024-09-30T10:34:52.209+0000] {logging_mixin.py:190} WARNING - /home/airflow/.local/lib/python3.12/site-packages/airflow/settings.py:470 DeprecationWarning: The sql_alchemy_conn option in [core] has been moved to the sql_alchemy_conn option in [database] - the old setting has been used, but please update your config.
[2024-09-30T10:34:52.220+0000] {processor.py:186} INFO - Started process (PID=1141) to work on /opt/airflow/dags/dag_with_taskflow_api.py
[2024-09-30T10:34:52.220+0000] {processor.py:914} INFO - Processing file /opt/airflow/dags/dag_with_taskflow_api.py for tasks to queue
[2024-09-30T10:34:52.222+0000] {logging_mixin.py:190} INFO - [2024-09-30T10:34:52.222+0000] {dagbag.py:587} INFO - Filling up the DagBag from /opt/airflow/dags/dag_with_taskflow_api.py
[2024-09-30T10:34:52.235+0000] {processor.py:925} INFO - DAG(s) 'dag_with_taskflow_api_v01' retrieved from /opt/airflow/dags/dag_with_taskflow_api.py
[2024-09-30T10:34:52.255+0000] {logging_mixin.py:190} INFO - [2024-09-30T10:34:52.255+0000] {dag.py:3229} INFO - Sync 1 DAGs
[2024-09-30T10:34:52.276+0000] {logging_mixin.py:190} INFO - [2024-09-30T10:34:52.275+0000] {dag.py:4156} INFO - Setting next_dagrun for dag_with_taskflow_api_v01 to 2024-09-30 00:00:00+00:00, run_after=2024-10-01 00:00:00+00:00
[2024-09-30T10:34:52.295+0000] {processor.py:208} INFO - Processing /opt/airflow/dags/dag_with_taskflow_api.py took 0.090 seconds
[2024-09-30T10:35:03.080+0000] {logging_mixin.py:190} WARNING - /home/airflow/.local/lib/python3.12/site-packages/airflow/settings.py:470 DeprecationWarning: The sql_alchemy_conn option in [core] has been moved to the sql_alchemy_conn option in [database] - the old setting has been used, but please update your config.
[2024-09-30T10:35:03.097+0000] {processor.py:186} INFO - Started process (PID=1186) to work on /opt/airflow/dags/dag_with_taskflow_api.py
[2024-09-30T10:35:03.101+0000] {processor.py:914} INFO - Processing file /opt/airflow/dags/dag_with_taskflow_api.py for tasks to queue
[2024-09-30T10:35:03.109+0000] {logging_mixin.py:190} INFO - [2024-09-30T10:35:03.108+0000] {dagbag.py:587} INFO - Filling up the DagBag from /opt/airflow/dags/dag_with_taskflow_api.py
[2024-09-30T10:35:03.130+0000] {processor.py:925} INFO - DAG(s) 'dag_with_taskflow_api_v01' retrieved from /opt/airflow/dags/dag_with_taskflow_api.py
[2024-09-30T10:35:03.170+0000] {logging_mixin.py:190} INFO - [2024-09-30T10:35:03.170+0000] {dag.py:3229} INFO - Sync 1 DAGs
[2024-09-30T10:35:03.203+0000] {logging_mixin.py:190} INFO - [2024-09-30T10:35:03.203+0000] {dag.py:4156} INFO - Setting next_dagrun for dag_with_taskflow_api_v01 to 2024-09-30 00:00:00+00:00, run_after=2024-10-01 00:00:00+00:00
[2024-09-30T10:35:03.230+0000] {processor.py:208} INFO - Processing /opt/airflow/dags/dag_with_taskflow_api.py took 0.157 seconds
[2024-09-30T10:35:13.630+0000] {logging_mixin.py:190} WARNING - /home/airflow/.local/lib/python3.12/site-packages/airflow/settings.py:470 DeprecationWarning: The sql_alchemy_conn option in [core] has been moved to the sql_alchemy_conn option in [database] - the old setting has been used, but please update your config.
[2024-09-30T10:35:13.641+0000] {processor.py:186} INFO - Started process (PID=1231) to work on /opt/airflow/dags/dag_with_taskflow_api.py
[2024-09-30T10:35:13.644+0000] {processor.py:914} INFO - Processing file /opt/airflow/dags/dag_with_taskflow_api.py for tasks to queue
[2024-09-30T10:35:13.646+0000] {logging_mixin.py:190} INFO - [2024-09-30T10:35:13.645+0000] {dagbag.py:587} INFO - Filling up the DagBag from /opt/airflow/dags/dag_with_taskflow_api.py
[2024-09-30T10:35:13.666+0000] {processor.py:925} INFO - DAG(s) 'dag_with_taskflow_api_v01' retrieved from /opt/airflow/dags/dag_with_taskflow_api.py
[2024-09-30T10:35:13.697+0000] {logging_mixin.py:190} INFO - [2024-09-30T10:35:13.697+0000] {dag.py:3229} INFO - Sync 1 DAGs
[2024-09-30T10:35:13.724+0000] {logging_mixin.py:190} INFO - [2024-09-30T10:35:13.723+0000] {dag.py:4156} INFO - Setting next_dagrun for dag_with_taskflow_api_v01 to 2024-09-30 00:00:00+00:00, run_after=2024-10-01 00:00:00+00:00
[2024-09-30T10:35:13.764+0000] {processor.py:208} INFO - Processing /opt/airflow/dags/dag_with_taskflow_api.py took 0.138 seconds
[2024-09-30T10:35:24.139+0000] {logging_mixin.py:190} WARNING - /home/airflow/.local/lib/python3.12/site-packages/airflow/settings.py:470 DeprecationWarning: The sql_alchemy_conn option in [core] has been moved to the sql_alchemy_conn option in [database] - the old setting has been used, but please update your config.
[2024-09-30T10:35:24.152+0000] {processor.py:186} INFO - Started process (PID=1276) to work on /opt/airflow/dags/dag_with_taskflow_api.py
[2024-09-30T10:35:24.152+0000] {processor.py:914} INFO - Processing file /opt/airflow/dags/dag_with_taskflow_api.py for tasks to queue
[2024-09-30T10:35:24.155+0000] {logging_mixin.py:190} INFO - [2024-09-30T10:35:24.154+0000] {dagbag.py:587} INFO - Filling up the DagBag from /opt/airflow/dags/dag_with_taskflow_api.py
[2024-09-30T10:35:24.174+0000] {processor.py:925} INFO - DAG(s) 'dag_with_taskflow_api_v01' retrieved from /opt/airflow/dags/dag_with_taskflow_api.py
[2024-09-30T10:35:24.199+0000] {logging_mixin.py:190} INFO - [2024-09-30T10:35:24.198+0000] {dag.py:3229} INFO - Sync 1 DAGs
[2024-09-30T10:35:24.216+0000] {logging_mixin.py:190} INFO - [2024-09-30T10:35:24.216+0000] {dag.py:4156} INFO - Setting next_dagrun for dag_with_taskflow_api_v01 to 2024-09-30 00:00:00+00:00, run_after=2024-10-01 00:00:00+00:00
[2024-09-30T10:35:24.242+0000] {processor.py:208} INFO - Processing /opt/airflow/dags/dag_with_taskflow_api.py took 0.106 seconds
[2024-09-30T10:35:34.836+0000] {logging_mixin.py:190} WARNING - /home/airflow/.local/lib/python3.12/site-packages/airflow/settings.py:470 DeprecationWarning: The sql_alchemy_conn option in [core] has been moved to the sql_alchemy_conn option in [database] - the old setting has been used, but please update your config.
[2024-09-30T10:35:34.847+0000] {processor.py:186} INFO - Started process (PID=1321) to work on /opt/airflow/dags/dag_with_taskflow_api.py
[2024-09-30T10:35:34.849+0000] {processor.py:914} INFO - Processing file /opt/airflow/dags/dag_with_taskflow_api.py for tasks to queue
[2024-09-30T10:35:34.851+0000] {logging_mixin.py:190} INFO - [2024-09-30T10:35:34.851+0000] {dagbag.py:587} INFO - Filling up the DagBag from /opt/airflow/dags/dag_with_taskflow_api.py
[2024-09-30T10:35:34.865+0000] {processor.py:925} INFO - DAG(s) 'dag_with_taskflow_api_v01' retrieved from /opt/airflow/dags/dag_with_taskflow_api.py
[2024-09-30T10:35:34.884+0000] {logging_mixin.py:190} INFO - [2024-09-30T10:35:34.884+0000] {dag.py:3229} INFO - Sync 1 DAGs
[2024-09-30T10:35:34.900+0000] {logging_mixin.py:190} INFO - [2024-09-30T10:35:34.900+0000] {dag.py:4156} INFO - Setting next_dagrun for dag_with_taskflow_api_v01 to 2024-09-30 00:00:00+00:00, run_after=2024-10-01 00:00:00+00:00
[2024-09-30T10:35:34.913+0000] {processor.py:208} INFO - Processing /opt/airflow/dags/dag_with_taskflow_api.py took 0.080 seconds
[2024-09-30T10:35:45.268+0000] {logging_mixin.py:190} WARNING - /home/airflow/.local/lib/python3.12/site-packages/airflow/settings.py:470 DeprecationWarning: The sql_alchemy_conn option in [core] has been moved to the sql_alchemy_conn option in [database] - the old setting has been used, but please update your config.
[2024-09-30T10:35:45.273+0000] {processor.py:186} INFO - Started process (PID=1366) to work on /opt/airflow/dags/dag_with_taskflow_api.py
[2024-09-30T10:35:45.274+0000] {processor.py:914} INFO - Processing file /opt/airflow/dags/dag_with_taskflow_api.py for tasks to queue
[2024-09-30T10:35:45.275+0000] {logging_mixin.py:190} INFO - [2024-09-30T10:35:45.275+0000] {dagbag.py:587} INFO - Filling up the DagBag from /opt/airflow/dags/dag_with_taskflow_api.py
[2024-09-30T10:35:45.286+0000] {processor.py:925} INFO - DAG(s) 'dag_with_taskflow_api_v01' retrieved from /opt/airflow/dags/dag_with_taskflow_api.py
[2024-09-30T10:35:45.311+0000] {logging_mixin.py:190} INFO - [2024-09-30T10:35:45.311+0000] {dag.py:3229} INFO - Sync 1 DAGs
[2024-09-30T10:35:45.333+0000] {logging_mixin.py:190} INFO - [2024-09-30T10:35:45.332+0000] {dag.py:4156} INFO - Setting next_dagrun for dag_with_taskflow_api_v01 to 2024-09-30 00:00:00+00:00, run_after=2024-10-01 00:00:00+00:00
[2024-09-30T10:35:45.350+0000] {processor.py:208} INFO - Processing /opt/airflow/dags/dag_with_taskflow_api.py took 0.084 seconds
[2024-09-30T10:35:55.825+0000] {logging_mixin.py:190} WARNING - /home/airflow/.local/lib/python3.12/site-packages/airflow/settings.py:470 DeprecationWarning: The sql_alchemy_conn option in [core] has been moved to the sql_alchemy_conn option in [database] - the old setting has been used, but please update your config.
[2024-09-30T10:35:55.834+0000] {processor.py:186} INFO - Started process (PID=1411) to work on /opt/airflow/dags/dag_with_taskflow_api.py
[2024-09-30T10:35:55.835+0000] {processor.py:914} INFO - Processing file /opt/airflow/dags/dag_with_taskflow_api.py for tasks to queue
[2024-09-30T10:35:55.837+0000] {logging_mixin.py:190} INFO - [2024-09-30T10:35:55.837+0000] {dagbag.py:587} INFO - Filling up the DagBag from /opt/airflow/dags/dag_with_taskflow_api.py
[2024-09-30T10:35:55.850+0000] {processor.py:925} INFO - DAG(s) 'dag_with_taskflow_api_v01' retrieved from /opt/airflow/dags/dag_with_taskflow_api.py
[2024-09-30T10:35:55.868+0000] {logging_mixin.py:190} INFO - [2024-09-30T10:35:55.868+0000] {dag.py:3229} INFO - Sync 1 DAGs
[2024-09-30T10:35:55.885+0000] {logging_mixin.py:190} INFO - [2024-09-30T10:35:55.884+0000] {dag.py:4156} INFO - Setting next_dagrun for dag_with_taskflow_api_v01 to 2024-09-30 00:00:00+00:00, run_after=2024-10-01 00:00:00+00:00
[2024-09-30T10:35:55.900+0000] {processor.py:208} INFO - Processing /opt/airflow/dags/dag_with_taskflow_api.py took 0.079 seconds
[2024-09-30T10:36:06.306+0000] {logging_mixin.py:190} WARNING - /home/airflow/.local/lib/python3.12/site-packages/airflow/settings.py:470 DeprecationWarning: The sql_alchemy_conn option in [core] has been moved to the sql_alchemy_conn option in [database] - the old setting has been used, but please update your config.
[2024-09-30T10:36:06.317+0000] {processor.py:186} INFO - Started process (PID=1456) to work on /opt/airflow/dags/dag_with_taskflow_api.py
[2024-09-30T10:36:06.318+0000] {processor.py:914} INFO - Processing file /opt/airflow/dags/dag_with_taskflow_api.py for tasks to queue
[2024-09-30T10:36:06.321+0000] {logging_mixin.py:190} INFO - [2024-09-30T10:36:06.321+0000] {dagbag.py:587} INFO - Filling up the DagBag from /opt/airflow/dags/dag_with_taskflow_api.py
[2024-09-30T10:36:06.337+0000] {processor.py:925} INFO - DAG(s) 'dag_with_taskflow_api_v01' retrieved from /opt/airflow/dags/dag_with_taskflow_api.py
[2024-09-30T10:36:06.355+0000] {logging_mixin.py:190} INFO - [2024-09-30T10:36:06.355+0000] {dag.py:3229} INFO - Sync 1 DAGs
[2024-09-30T10:36:06.373+0000] {logging_mixin.py:190} INFO - [2024-09-30T10:36:06.373+0000] {dag.py:4156} INFO - Setting next_dagrun for dag_with_taskflow_api_v01 to 2024-09-30 00:00:00+00:00, run_after=2024-10-01 00:00:00+00:00
[2024-09-30T10:36:06.387+0000] {processor.py:208} INFO - Processing /opt/airflow/dags/dag_with_taskflow_api.py took 0.087 seconds
[2024-09-30T10:36:16.820+0000] {logging_mixin.py:190} WARNING - /home/airflow/.local/lib/python3.12/site-packages/airflow/settings.py:470 DeprecationWarning: The sql_alchemy_conn option in [core] has been moved to the sql_alchemy_conn option in [database] - the old setting has been used, but please update your config.
[2024-09-30T10:36:16.828+0000] {processor.py:186} INFO - Started process (PID=1501) to work on /opt/airflow/dags/dag_with_taskflow_api.py
[2024-09-30T10:36:16.831+0000] {processor.py:914} INFO - Processing file /opt/airflow/dags/dag_with_taskflow_api.py for tasks to queue
[2024-09-30T10:36:16.835+0000] {logging_mixin.py:190} INFO - [2024-09-30T10:36:16.835+0000] {dagbag.py:587} INFO - Filling up the DagBag from /opt/airflow/dags/dag_with_taskflow_api.py
[2024-09-30T10:36:16.849+0000] {processor.py:925} INFO - DAG(s) 'dag_with_taskflow_api_v01' retrieved from /opt/airflow/dags/dag_with_taskflow_api.py
[2024-09-30T10:36:16.870+0000] {logging_mixin.py:190} INFO - [2024-09-30T10:36:16.870+0000] {dag.py:3229} INFO - Sync 1 DAGs
[2024-09-30T10:36:16.891+0000] {logging_mixin.py:190} INFO - [2024-09-30T10:36:16.891+0000] {dag.py:4156} INFO - Setting next_dagrun for dag_with_taskflow_api_v01 to 2024-09-30 00:00:00+00:00, run_after=2024-10-01 00:00:00+00:00
[2024-09-30T10:36:16.907+0000] {processor.py:208} INFO - Processing /opt/airflow/dags/dag_with_taskflow_api.py took 0.090 seconds
[2024-09-30T10:36:27.252+0000] {logging_mixin.py:190} WARNING - /home/airflow/.local/lib/python3.12/site-packages/airflow/settings.py:470 DeprecationWarning: The sql_alchemy_conn option in [core] has been moved to the sql_alchemy_conn option in [database] - the old setting has been used, but please update your config.
[2024-09-30T10:36:27.265+0000] {processor.py:186} INFO - Started process (PID=1546) to work on /opt/airflow/dags/dag_with_taskflow_api.py
[2024-09-30T10:36:27.265+0000] {processor.py:914} INFO - Processing file /opt/airflow/dags/dag_with_taskflow_api.py for tasks to queue
[2024-09-30T10:36:27.268+0000] {logging_mixin.py:190} INFO - [2024-09-30T10:36:27.267+0000] {dagbag.py:587} INFO - Filling up the DagBag from /opt/airflow/dags/dag_with_taskflow_api.py
[2024-09-30T10:36:27.278+0000] {processor.py:925} INFO - DAG(s) 'dag_with_taskflow_api_v01' retrieved from /opt/airflow/dags/dag_with_taskflow_api.py
[2024-09-30T10:36:27.296+0000] {logging_mixin.py:190} INFO - [2024-09-30T10:36:27.296+0000] {dag.py:3229} INFO - Sync 1 DAGs
[2024-09-30T10:36:27.313+0000] {logging_mixin.py:190} INFO - [2024-09-30T10:36:27.313+0000] {dag.py:4156} INFO - Setting next_dagrun for dag_with_taskflow_api_v01 to 2024-09-30 00:00:00+00:00, run_after=2024-10-01 00:00:00+00:00
[2024-09-30T10:36:27.331+0000] {processor.py:208} INFO - Processing /opt/airflow/dags/dag_with_taskflow_api.py took 0.082 seconds
[2024-09-30T10:36:37.790+0000] {logging_mixin.py:190} WARNING - /home/airflow/.local/lib/python3.12/site-packages/airflow/settings.py:470 DeprecationWarning: The sql_alchemy_conn option in [core] has been moved to the sql_alchemy_conn option in [database] - the old setting has been used, but please update your config.
[2024-09-30T10:36:37.803+0000] {processor.py:186} INFO - Started process (PID=1591) to work on /opt/airflow/dags/dag_with_taskflow_api.py
[2024-09-30T10:36:37.808+0000] {processor.py:914} INFO - Processing file /opt/airflow/dags/dag_with_taskflow_api.py for tasks to queue
[2024-09-30T10:36:37.811+0000] {logging_mixin.py:190} INFO - [2024-09-30T10:36:37.810+0000] {dagbag.py:587} INFO - Filling up the DagBag from /opt/airflow/dags/dag_with_taskflow_api.py
[2024-09-30T10:36:37.824+0000] {processor.py:925} INFO - DAG(s) 'dag_with_taskflow_api_v01' retrieved from /opt/airflow/dags/dag_with_taskflow_api.py
[2024-09-30T10:36:37.847+0000] {logging_mixin.py:190} INFO - [2024-09-30T10:36:37.846+0000] {dag.py:3229} INFO - Sync 1 DAGs
[2024-09-30T10:36:37.866+0000] {logging_mixin.py:190} INFO - [2024-09-30T10:36:37.866+0000] {dag.py:4156} INFO - Setting next_dagrun for dag_with_taskflow_api_v01 to 2024-09-30 00:00:00+00:00, run_after=2024-10-01 00:00:00+00:00
[2024-09-30T10:36:37.879+0000] {processor.py:208} INFO - Processing /opt/airflow/dags/dag_with_taskflow_api.py took 0.092 seconds
[2024-09-30T10:36:48.340+0000] {logging_mixin.py:190} WARNING - /home/airflow/.local/lib/python3.12/site-packages/airflow/settings.py:470 DeprecationWarning: The sql_alchemy_conn option in [core] has been moved to the sql_alchemy_conn option in [database] - the old setting has been used, but please update your config.
[2024-09-30T10:36:48.347+0000] {processor.py:186} INFO - Started process (PID=1636) to work on /opt/airflow/dags/dag_with_taskflow_api.py
[2024-09-30T10:36:48.348+0000] {processor.py:914} INFO - Processing file /opt/airflow/dags/dag_with_taskflow_api.py for tasks to queue
[2024-09-30T10:36:48.350+0000] {logging_mixin.py:190} INFO - [2024-09-30T10:36:48.350+0000] {dagbag.py:587} INFO - Filling up the DagBag from /opt/airflow/dags/dag_with_taskflow_api.py
[2024-09-30T10:36:48.363+0000] {processor.py:925} INFO - DAG(s) 'dag_with_taskflow_api_v01' retrieved from /opt/airflow/dags/dag_with_taskflow_api.py
[2024-09-30T10:36:48.382+0000] {logging_mixin.py:190} INFO - [2024-09-30T10:36:48.382+0000] {dag.py:3229} INFO - Sync 1 DAGs
[2024-09-30T10:36:48.398+0000] {logging_mixin.py:190} INFO - [2024-09-30T10:36:48.398+0000] {dag.py:4156} INFO - Setting next_dagrun for dag_with_taskflow_api_v01 to 2024-09-30 00:00:00+00:00, run_after=2024-10-01 00:00:00+00:00
[2024-09-30T10:36:48.413+0000] {processor.py:208} INFO - Processing /opt/airflow/dags/dag_with_taskflow_api.py took 0.076 seconds
[2024-09-30T10:36:58.871+0000] {logging_mixin.py:190} WARNING - /home/airflow/.local/lib/python3.12/site-packages/airflow/settings.py:470 DeprecationWarning: The sql_alchemy_conn option in [core] has been moved to the sql_alchemy_conn option in [database] - the old setting has been used, but please update your config.
[2024-09-30T10:36:58.880+0000] {processor.py:186} INFO - Started process (PID=1684) to work on /opt/airflow/dags/dag_with_taskflow_api.py
[2024-09-30T10:36:58.881+0000] {processor.py:914} INFO - Processing file /opt/airflow/dags/dag_with_taskflow_api.py for tasks to queue
[2024-09-30T10:36:58.883+0000] {logging_mixin.py:190} INFO - [2024-09-30T10:36:58.883+0000] {dagbag.py:587} INFO - Filling up the DagBag from /opt/airflow/dags/dag_with_taskflow_api.py
[2024-09-30T10:36:58.893+0000] {processor.py:925} INFO - DAG(s) 'dag_with_taskflow_api_v01' retrieved from /opt/airflow/dags/dag_with_taskflow_api.py
[2024-09-30T10:36:58.911+0000] {logging_mixin.py:190} INFO - [2024-09-30T10:36:58.911+0000] {dag.py:3229} INFO - Sync 1 DAGs
[2024-09-30T10:36:58.931+0000] {logging_mixin.py:190} INFO - [2024-09-30T10:36:58.930+0000] {dag.py:4156} INFO - Setting next_dagrun for dag_with_taskflow_api_v01 to 2024-09-30 00:00:00+00:00, run_after=2024-10-01 00:00:00+00:00
[2024-09-30T10:36:58.947+0000] {processor.py:208} INFO - Processing /opt/airflow/dags/dag_with_taskflow_api.py took 0.079 seconds
[2024-09-30T10:37:09.295+0000] {logging_mixin.py:190} WARNING - /home/airflow/.local/lib/python3.12/site-packages/airflow/settings.py:470 DeprecationWarning: The sql_alchemy_conn option in [core] has been moved to the sql_alchemy_conn option in [database] - the old setting has been used, but please update your config.
[2024-09-30T10:37:09.302+0000] {processor.py:186} INFO - Started process (PID=1729) to work on /opt/airflow/dags/dag_with_taskflow_api.py
[2024-09-30T10:37:09.303+0000] {processor.py:914} INFO - Processing file /opt/airflow/dags/dag_with_taskflow_api.py for tasks to queue
[2024-09-30T10:37:09.305+0000] {logging_mixin.py:190} INFO - [2024-09-30T10:37:09.305+0000] {dagbag.py:587} INFO - Filling up the DagBag from /opt/airflow/dags/dag_with_taskflow_api.py
[2024-09-30T10:37:09.315+0000] {processor.py:925} INFO - DAG(s) 'dag_with_taskflow_api_v01' retrieved from /opt/airflow/dags/dag_with_taskflow_api.py
[2024-09-30T10:37:09.333+0000] {logging_mixin.py:190} INFO - [2024-09-30T10:37:09.333+0000] {dag.py:3229} INFO - Sync 1 DAGs
[2024-09-30T10:37:09.349+0000] {logging_mixin.py:190} INFO - [2024-09-30T10:37:09.348+0000] {dag.py:4156} INFO - Setting next_dagrun for dag_with_taskflow_api_v01 to 2024-09-30 00:00:00+00:00, run_after=2024-10-01 00:00:00+00:00
[2024-09-30T10:37:09.363+0000] {processor.py:208} INFO - Processing /opt/airflow/dags/dag_with_taskflow_api.py took 0.069 seconds
[2024-09-30T10:37:20.001+0000] {logging_mixin.py:190} WARNING - /home/airflow/.local/lib/python3.12/site-packages/airflow/settings.py:470 DeprecationWarning: The sql_alchemy_conn option in [core] has been moved to the sql_alchemy_conn option in [database] - the old setting has been used, but please update your config.
[2024-09-30T10:37:20.007+0000] {processor.py:186} INFO - Started process (PID=1774) to work on /opt/airflow/dags/dag_with_taskflow_api.py
[2024-09-30T10:37:20.008+0000] {processor.py:914} INFO - Processing file /opt/airflow/dags/dag_with_taskflow_api.py for tasks to queue
[2024-09-30T10:37:20.010+0000] {logging_mixin.py:190} INFO - [2024-09-30T10:37:20.010+0000] {dagbag.py:587} INFO - Filling up the DagBag from /opt/airflow/dags/dag_with_taskflow_api.py
[2024-09-30T10:37:20.024+0000] {processor.py:925} INFO - DAG(s) 'dag_with_taskflow_api_v01' retrieved from /opt/airflow/dags/dag_with_taskflow_api.py
[2024-09-30T10:37:20.047+0000] {logging_mixin.py:190} INFO - [2024-09-30T10:37:20.047+0000] {dag.py:3229} INFO - Sync 1 DAGs
[2024-09-30T10:37:20.064+0000] {logging_mixin.py:190} INFO - [2024-09-30T10:37:20.064+0000] {dag.py:4156} INFO - Setting next_dagrun for dag_with_taskflow_api_v01 to 2024-09-30 00:00:00+00:00, run_after=2024-10-01 00:00:00+00:00
[2024-09-30T10:37:20.081+0000] {processor.py:208} INFO - Processing /opt/airflow/dags/dag_with_taskflow_api.py took 0.084 seconds
[2024-09-30T10:37:30.491+0000] {logging_mixin.py:190} WARNING - /home/airflow/.local/lib/python3.12/site-packages/airflow/settings.py:470 DeprecationWarning: The sql_alchemy_conn option in [core] has been moved to the sql_alchemy_conn option in [database] - the old setting has been used, but please update your config.
[2024-09-30T10:37:30.501+0000] {processor.py:186} INFO - Started process (PID=1819) to work on /opt/airflow/dags/dag_with_taskflow_api.py
[2024-09-30T10:37:30.501+0000] {processor.py:914} INFO - Processing file /opt/airflow/dags/dag_with_taskflow_api.py for tasks to queue
[2024-09-30T10:37:30.504+0000] {logging_mixin.py:190} INFO - [2024-09-30T10:37:30.504+0000] {dagbag.py:587} INFO - Filling up the DagBag from /opt/airflow/dags/dag_with_taskflow_api.py
[2024-09-30T10:37:30.516+0000] {processor.py:925} INFO - DAG(s) 'dag_with_taskflow_api_v01' retrieved from /opt/airflow/dags/dag_with_taskflow_api.py
[2024-09-30T10:37:30.535+0000] {logging_mixin.py:190} INFO - [2024-09-30T10:37:30.535+0000] {dag.py:3229} INFO - Sync 1 DAGs
[2024-09-30T10:37:30.553+0000] {logging_mixin.py:190} INFO - [2024-09-30T10:37:30.553+0000] {dag.py:4156} INFO - Setting next_dagrun for dag_with_taskflow_api_v01 to 2024-09-30 00:00:00+00:00, run_after=2024-10-01 00:00:00+00:00
[2024-09-30T10:37:30.566+0000] {processor.py:208} INFO - Processing /opt/airflow/dags/dag_with_taskflow_api.py took 0.079 seconds
