[2024-09-30T10:31:42.069+0000] {logging_mixin.py:190} WARNING - /home/airflow/.local/lib/python3.12/site-packages/airflow/settings.py:470 DeprecationWarning: The sql_alchemy_conn option in [core] has been moved to the sql_alchemy_conn option in [database] - the old setting has been used, but please update your config.
[2024-09-30T10:31:42.099+0000] {processor.py:186} INFO - Started process (PID=274) to work on /opt/airflow/dags/dag_with_cron_expression.py
[2024-09-30T10:31:42.103+0000] {processor.py:914} INFO - Processing file /opt/airflow/dags/dag_with_cron_expression.py for tasks to queue
[2024-09-30T10:31:42.117+0000] {logging_mixin.py:190} INFO - [2024-09-30T10:31:42.117+0000] {dagbag.py:587} INFO - Filling up the DagBag from /opt/airflow/dags/dag_with_cron_expression.py
[2024-09-30T10:31:42.222+0000] {processor.py:925} INFO - DAG(s) 'dag_with_cron_expression_v03' retrieved from /opt/airflow/dags/dag_with_cron_expression.py
[2024-09-30T10:31:42.471+0000] {logging_mixin.py:190} INFO - [2024-09-30T10:31:42.471+0000] {dag.py:3229} INFO - Sync 1 DAGs
[2024-09-30T10:31:42.658+0000] {logging_mixin.py:190} INFO - [2024-09-30T10:31:42.657+0000] {dag.py:4156} INFO - Setting next_dagrun for dag_with_cron_expression_v03 to 2024-09-27 03:00:00+00:00, run_after=2024-10-01 03:00:00+00:00
[2024-09-30T10:31:42.742+0000] {processor.py:208} INFO - Processing /opt/airflow/dags/dag_with_cron_expression.py took 0.688 seconds
[2024-09-30T10:31:53.238+0000] {logging_mixin.py:190} WARNING - /home/airflow/.local/lib/python3.12/site-packages/airflow/settings.py:470 DeprecationWarning: The sql_alchemy_conn option in [core] has been moved to the sql_alchemy_conn option in [database] - the old setting has been used, but please update your config.
[2024-09-30T10:31:53.246+0000] {processor.py:186} INFO - Started process (PID=366) to work on /opt/airflow/dags/dag_with_cron_expression.py
[2024-09-30T10:31:53.247+0000] {processor.py:914} INFO - Processing file /opt/airflow/dags/dag_with_cron_expression.py for tasks to queue
[2024-09-30T10:31:53.249+0000] {logging_mixin.py:190} INFO - [2024-09-30T10:31:53.249+0000] {dagbag.py:587} INFO - Filling up the DagBag from /opt/airflow/dags/dag_with_cron_expression.py
[2024-09-30T10:31:53.263+0000] {processor.py:925} INFO - DAG(s) 'dag_with_cron_expression_v03' retrieved from /opt/airflow/dags/dag_with_cron_expression.py
[2024-09-30T10:31:53.287+0000] {logging_mixin.py:190} INFO - [2024-09-30T10:31:53.287+0000] {dag.py:3229} INFO - Sync 1 DAGs
[2024-09-30T10:31:53.314+0000] {logging_mixin.py:190} INFO - [2024-09-30T10:31:53.314+0000] {dag.py:4156} INFO - Setting next_dagrun for dag_with_cron_expression_v03 to 2024-09-27 03:00:00+00:00, run_after=2024-10-01 03:00:00+00:00
[2024-09-30T10:31:53.334+0000] {processor.py:208} INFO - Processing /opt/airflow/dags/dag_with_cron_expression.py took 0.099 seconds
[2024-09-30T10:32:03.683+0000] {logging_mixin.py:190} WARNING - /home/airflow/.local/lib/python3.12/site-packages/airflow/settings.py:470 DeprecationWarning: The sql_alchemy_conn option in [core] has been moved to the sql_alchemy_conn option in [database] - the old setting has been used, but please update your config.
[2024-09-30T10:32:03.691+0000] {processor.py:186} INFO - Started process (PID=411) to work on /opt/airflow/dags/dag_with_cron_expression.py
[2024-09-30T10:32:03.694+0000] {processor.py:914} INFO - Processing file /opt/airflow/dags/dag_with_cron_expression.py for tasks to queue
[2024-09-30T10:32:03.696+0000] {logging_mixin.py:190} INFO - [2024-09-30T10:32:03.695+0000] {dagbag.py:587} INFO - Filling up the DagBag from /opt/airflow/dags/dag_with_cron_expression.py
[2024-09-30T10:32:03.710+0000] {processor.py:925} INFO - DAG(s) 'dag_with_cron_expression_v03' retrieved from /opt/airflow/dags/dag_with_cron_expression.py
[2024-09-30T10:32:03.731+0000] {logging_mixin.py:190} INFO - [2024-09-30T10:32:03.731+0000] {dag.py:3229} INFO - Sync 1 DAGs
[2024-09-30T10:32:03.752+0000] {logging_mixin.py:190} INFO - [2024-09-30T10:32:03.751+0000] {dag.py:4156} INFO - Setting next_dagrun for dag_with_cron_expression_v03 to 2024-09-27 03:00:00+00:00, run_after=2024-10-01 03:00:00+00:00
[2024-09-30T10:32:03.769+0000] {processor.py:208} INFO - Processing /opt/airflow/dags/dag_with_cron_expression.py took 0.090 seconds
[2024-09-30T10:32:14.140+0000] {logging_mixin.py:190} WARNING - /home/airflow/.local/lib/python3.12/site-packages/airflow/settings.py:470 DeprecationWarning: The sql_alchemy_conn option in [core] has been moved to the sql_alchemy_conn option in [database] - the old setting has been used, but please update your config.
[2024-09-30T10:32:14.147+0000] {processor.py:186} INFO - Started process (PID=456) to work on /opt/airflow/dags/dag_with_cron_expression.py
[2024-09-30T10:32:14.149+0000] {processor.py:914} INFO - Processing file /opt/airflow/dags/dag_with_cron_expression.py for tasks to queue
[2024-09-30T10:32:14.153+0000] {logging_mixin.py:190} INFO - [2024-09-30T10:32:14.153+0000] {dagbag.py:587} INFO - Filling up the DagBag from /opt/airflow/dags/dag_with_cron_expression.py
[2024-09-30T10:32:14.168+0000] {processor.py:925} INFO - DAG(s) 'dag_with_cron_expression_v03' retrieved from /opt/airflow/dags/dag_with_cron_expression.py
[2024-09-30T10:32:14.188+0000] {logging_mixin.py:190} INFO - [2024-09-30T10:32:14.188+0000] {dag.py:3229} INFO - Sync 1 DAGs
[2024-09-30T10:32:14.211+0000] {logging_mixin.py:190} INFO - [2024-09-30T10:32:14.211+0000] {dag.py:4156} INFO - Setting next_dagrun for dag_with_cron_expression_v03 to 2024-09-27 03:00:00+00:00, run_after=2024-10-01 03:00:00+00:00
[2024-09-30T10:32:14.227+0000] {processor.py:208} INFO - Processing /opt/airflow/dags/dag_with_cron_expression.py took 0.092 seconds
[2024-09-30T10:32:24.576+0000] {logging_mixin.py:190} WARNING - /home/airflow/.local/lib/python3.12/site-packages/airflow/settings.py:470 DeprecationWarning: The sql_alchemy_conn option in [core] has been moved to the sql_alchemy_conn option in [database] - the old setting has been used, but please update your config.
[2024-09-30T10:32:24.586+0000] {processor.py:186} INFO - Started process (PID=501) to work on /opt/airflow/dags/dag_with_cron_expression.py
[2024-09-30T10:32:24.588+0000] {processor.py:914} INFO - Processing file /opt/airflow/dags/dag_with_cron_expression.py for tasks to queue
[2024-09-30T10:32:24.592+0000] {logging_mixin.py:190} INFO - [2024-09-30T10:32:24.591+0000] {dagbag.py:587} INFO - Filling up the DagBag from /opt/airflow/dags/dag_with_cron_expression.py
[2024-09-30T10:32:24.606+0000] {processor.py:925} INFO - DAG(s) 'dag_with_cron_expression_v03' retrieved from /opt/airflow/dags/dag_with_cron_expression.py
[2024-09-30T10:32:24.644+0000] {logging_mixin.py:190} INFO - [2024-09-30T10:32:24.643+0000] {dag.py:3229} INFO - Sync 1 DAGs
[2024-09-30T10:32:24.672+0000] {logging_mixin.py:190} INFO - [2024-09-30T10:32:24.672+0000] {dag.py:4156} INFO - Setting next_dagrun for dag_with_cron_expression_v03 to 2024-09-27 03:00:00+00:00, run_after=2024-10-01 03:00:00+00:00
[2024-09-30T10:32:24.693+0000] {processor.py:208} INFO - Processing /opt/airflow/dags/dag_with_cron_expression.py took 0.122 seconds
[2024-09-30T10:32:34.995+0000] {logging_mixin.py:190} WARNING - /home/airflow/.local/lib/python3.12/site-packages/airflow/settings.py:470 DeprecationWarning: The sql_alchemy_conn option in [core] has been moved to the sql_alchemy_conn option in [database] - the old setting has been used, but please update your config.
[2024-09-30T10:32:35.000+0000] {processor.py:186} INFO - Started process (PID=546) to work on /opt/airflow/dags/dag_with_cron_expression.py
[2024-09-30T10:32:35.000+0000] {processor.py:914} INFO - Processing file /opt/airflow/dags/dag_with_cron_expression.py for tasks to queue
[2024-09-30T10:32:35.003+0000] {logging_mixin.py:190} INFO - [2024-09-30T10:32:35.003+0000] {dagbag.py:587} INFO - Filling up the DagBag from /opt/airflow/dags/dag_with_cron_expression.py
[2024-09-30T10:32:35.016+0000] {processor.py:925} INFO - DAG(s) 'dag_with_cron_expression_v03' retrieved from /opt/airflow/dags/dag_with_cron_expression.py
[2024-09-30T10:32:35.036+0000] {logging_mixin.py:190} INFO - [2024-09-30T10:32:35.036+0000] {dag.py:3229} INFO - Sync 1 DAGs
[2024-09-30T10:32:35.055+0000] {logging_mixin.py:190} INFO - [2024-09-30T10:32:35.054+0000] {dag.py:4156} INFO - Setting next_dagrun for dag_with_cron_expression_v03 to 2024-09-27 03:00:00+00:00, run_after=2024-10-01 03:00:00+00:00
[2024-09-30T10:32:35.070+0000] {processor.py:208} INFO - Processing /opt/airflow/dags/dag_with_cron_expression.py took 0.077 seconds
[2024-09-30T10:32:45.444+0000] {logging_mixin.py:190} WARNING - /home/airflow/.local/lib/python3.12/site-packages/airflow/settings.py:470 DeprecationWarning: The sql_alchemy_conn option in [core] has been moved to the sql_alchemy_conn option in [database] - the old setting has been used, but please update your config.
[2024-09-30T10:32:45.452+0000] {processor.py:186} INFO - Started process (PID=591) to work on /opt/airflow/dags/dag_with_cron_expression.py
[2024-09-30T10:32:45.453+0000] {processor.py:914} INFO - Processing file /opt/airflow/dags/dag_with_cron_expression.py for tasks to queue
[2024-09-30T10:32:45.454+0000] {logging_mixin.py:190} INFO - [2024-09-30T10:32:45.454+0000] {dagbag.py:587} INFO - Filling up the DagBag from /opt/airflow/dags/dag_with_cron_expression.py
[2024-09-30T10:32:45.470+0000] {processor.py:925} INFO - DAG(s) 'dag_with_cron_expression_v03' retrieved from /opt/airflow/dags/dag_with_cron_expression.py
[2024-09-30T10:32:45.491+0000] {logging_mixin.py:190} INFO - [2024-09-30T10:32:45.491+0000] {dag.py:3229} INFO - Sync 1 DAGs
[2024-09-30T10:32:45.510+0000] {logging_mixin.py:190} INFO - [2024-09-30T10:32:45.510+0000] {dag.py:4156} INFO - Setting next_dagrun for dag_with_cron_expression_v03 to 2024-09-27 03:00:00+00:00, run_after=2024-10-01 03:00:00+00:00
[2024-09-30T10:32:45.525+0000] {processor.py:208} INFO - Processing /opt/airflow/dags/dag_with_cron_expression.py took 0.085 seconds
[2024-09-30T10:32:55.960+0000] {logging_mixin.py:190} WARNING - /home/airflow/.local/lib/python3.12/site-packages/airflow/settings.py:470 DeprecationWarning: The sql_alchemy_conn option in [core] has been moved to the sql_alchemy_conn option in [database] - the old setting has been used, but please update your config.
[2024-09-30T10:32:55.971+0000] {processor.py:186} INFO - Started process (PID=636) to work on /opt/airflow/dags/dag_with_cron_expression.py
[2024-09-30T10:32:55.973+0000] {processor.py:914} INFO - Processing file /opt/airflow/dags/dag_with_cron_expression.py for tasks to queue
[2024-09-30T10:32:55.977+0000] {logging_mixin.py:190} INFO - [2024-09-30T10:32:55.977+0000] {dagbag.py:587} INFO - Filling up the DagBag from /opt/airflow/dags/dag_with_cron_expression.py
[2024-09-30T10:32:55.995+0000] {processor.py:925} INFO - DAG(s) 'dag_with_cron_expression_v03' retrieved from /opt/airflow/dags/dag_with_cron_expression.py
[2024-09-30T10:32:56.030+0000] {logging_mixin.py:190} INFO - [2024-09-30T10:32:56.030+0000] {dag.py:3229} INFO - Sync 1 DAGs
[2024-09-30T10:32:56.051+0000] {logging_mixin.py:190} INFO - [2024-09-30T10:32:56.051+0000] {dag.py:4156} INFO - Setting next_dagrun for dag_with_cron_expression_v03 to 2024-09-27 03:00:00+00:00, run_after=2024-10-01 03:00:00+00:00
[2024-09-30T10:32:56.067+0000] {processor.py:208} INFO - Processing /opt/airflow/dags/dag_with_cron_expression.py took 0.113 seconds
[2024-09-30T10:33:06.390+0000] {logging_mixin.py:190} WARNING - /home/airflow/.local/lib/python3.12/site-packages/airflow/settings.py:470 DeprecationWarning: The sql_alchemy_conn option in [core] has been moved to the sql_alchemy_conn option in [database] - the old setting has been used, but please update your config.
[2024-09-30T10:33:06.397+0000] {processor.py:186} INFO - Started process (PID=681) to work on /opt/airflow/dags/dag_with_cron_expression.py
[2024-09-30T10:33:06.397+0000] {processor.py:914} INFO - Processing file /opt/airflow/dags/dag_with_cron_expression.py for tasks to queue
[2024-09-30T10:33:06.398+0000] {logging_mixin.py:190} INFO - [2024-09-30T10:33:06.398+0000] {dagbag.py:587} INFO - Filling up the DagBag from /opt/airflow/dags/dag_with_cron_expression.py
[2024-09-30T10:33:06.409+0000] {processor.py:925} INFO - DAG(s) 'dag_with_cron_expression_v03' retrieved from /opt/airflow/dags/dag_with_cron_expression.py
[2024-09-30T10:33:06.429+0000] {logging_mixin.py:190} INFO - [2024-09-30T10:33:06.429+0000] {dag.py:3229} INFO - Sync 1 DAGs
[2024-09-30T10:33:06.447+0000] {logging_mixin.py:190} INFO - [2024-09-30T10:33:06.447+0000] {dag.py:4156} INFO - Setting next_dagrun for dag_with_cron_expression_v03 to 2024-09-27 03:00:00+00:00, run_after=2024-10-01 03:00:00+00:00
[2024-09-30T10:33:06.462+0000] {processor.py:208} INFO - Processing /opt/airflow/dags/dag_with_cron_expression.py took 0.074 seconds
[2024-09-30T10:33:16.821+0000] {logging_mixin.py:190} WARNING - /home/airflow/.local/lib/python3.12/site-packages/airflow/settings.py:470 DeprecationWarning: The sql_alchemy_conn option in [core] has been moved to the sql_alchemy_conn option in [database] - the old setting has been used, but please update your config.
[2024-09-30T10:33:16.833+0000] {processor.py:186} INFO - Started process (PID=726) to work on /opt/airflow/dags/dag_with_cron_expression.py
[2024-09-30T10:33:16.834+0000] {processor.py:914} INFO - Processing file /opt/airflow/dags/dag_with_cron_expression.py for tasks to queue
[2024-09-30T10:33:16.836+0000] {logging_mixin.py:190} INFO - [2024-09-30T10:33:16.836+0000] {dagbag.py:587} INFO - Filling up the DagBag from /opt/airflow/dags/dag_with_cron_expression.py
[2024-09-30T10:33:16.848+0000] {processor.py:925} INFO - DAG(s) 'dag_with_cron_expression_v03' retrieved from /opt/airflow/dags/dag_with_cron_expression.py
[2024-09-30T10:33:16.868+0000] {logging_mixin.py:190} INFO - [2024-09-30T10:33:16.868+0000] {dag.py:3229} INFO - Sync 1 DAGs
[2024-09-30T10:33:16.886+0000] {logging_mixin.py:190} INFO - [2024-09-30T10:33:16.885+0000] {dag.py:4156} INFO - Setting next_dagrun for dag_with_cron_expression_v03 to 2024-09-27 03:00:00+00:00, run_after=2024-10-01 03:00:00+00:00
[2024-09-30T10:33:16.900+0000] {processor.py:208} INFO - Processing /opt/airflow/dags/dag_with_cron_expression.py took 0.082 seconds
[2024-09-30T10:33:27.286+0000] {logging_mixin.py:190} WARNING - /home/airflow/.local/lib/python3.12/site-packages/airflow/settings.py:470 DeprecationWarning: The sql_alchemy_conn option in [core] has been moved to the sql_alchemy_conn option in [database] - the old setting has been used, but please update your config.
[2024-09-30T10:33:27.297+0000] {processor.py:186} INFO - Started process (PID=771) to work on /opt/airflow/dags/dag_with_cron_expression.py
[2024-09-30T10:33:27.298+0000] {processor.py:914} INFO - Processing file /opt/airflow/dags/dag_with_cron_expression.py for tasks to queue
[2024-09-30T10:33:27.301+0000] {logging_mixin.py:190} INFO - [2024-09-30T10:33:27.301+0000] {dagbag.py:587} INFO - Filling up the DagBag from /opt/airflow/dags/dag_with_cron_expression.py
[2024-09-30T10:33:27.312+0000] {processor.py:925} INFO - DAG(s) 'dag_with_cron_expression_v03' retrieved from /opt/airflow/dags/dag_with_cron_expression.py
[2024-09-30T10:33:27.329+0000] {logging_mixin.py:190} INFO - [2024-09-30T10:33:27.329+0000] {dag.py:3229} INFO - Sync 1 DAGs
[2024-09-30T10:33:27.347+0000] {logging_mixin.py:190} INFO - [2024-09-30T10:33:27.347+0000] {dag.py:4156} INFO - Setting next_dagrun for dag_with_cron_expression_v03 to 2024-09-27 03:00:00+00:00, run_after=2024-10-01 03:00:00+00:00
[2024-09-30T10:33:27.358+0000] {processor.py:208} INFO - Processing /opt/airflow/dags/dag_with_cron_expression.py took 0.075 seconds
[2024-09-30T10:33:37.448+0000] {logging_mixin.py:190} WARNING - /home/airflow/.local/lib/python3.12/site-packages/airflow/settings.py:470 DeprecationWarning: The sql_alchemy_conn option in [core] has been moved to the sql_alchemy_conn option in [database] - the old setting has been used, but please update your config.
[2024-09-30T10:33:37.459+0000] {processor.py:186} INFO - Started process (PID=816) to work on /opt/airflow/dags/dag_with_cron_expression.py
[2024-09-30T10:33:37.463+0000] {processor.py:914} INFO - Processing file /opt/airflow/dags/dag_with_cron_expression.py for tasks to queue
[2024-09-30T10:33:37.467+0000] {logging_mixin.py:190} INFO - [2024-09-30T10:33:37.467+0000] {dagbag.py:587} INFO - Filling up the DagBag from /opt/airflow/dags/dag_with_cron_expression.py
[2024-09-30T10:33:37.492+0000] {processor.py:925} INFO - DAG(s) 'dag_with_cron_expression_v03' retrieved from /opt/airflow/dags/dag_with_cron_expression.py
[2024-09-30T10:33:37.532+0000] {logging_mixin.py:190} INFO - [2024-09-30T10:33:37.532+0000] {dag.py:3229} INFO - Sync 1 DAGs
[2024-09-30T10:33:37.569+0000] {logging_mixin.py:190} INFO - [2024-09-30T10:33:37.569+0000] {dag.py:4156} INFO - Setting next_dagrun for dag_with_cron_expression_v03 to 2024-09-27 03:00:00+00:00, run_after=2024-10-01 03:00:00+00:00
[2024-09-30T10:33:37.598+0000] {processor.py:208} INFO - Processing /opt/airflow/dags/dag_with_cron_expression.py took 0.154 seconds
[2024-09-30T10:33:47.804+0000] {logging_mixin.py:190} WARNING - /home/airflow/.local/lib/python3.12/site-packages/airflow/settings.py:470 DeprecationWarning: The sql_alchemy_conn option in [core] has been moved to the sql_alchemy_conn option in [database] - the old setting has been used, but please update your config.
[2024-09-30T10:33:47.811+0000] {processor.py:186} INFO - Started process (PID=858) to work on /opt/airflow/dags/dag_with_cron_expression.py
[2024-09-30T10:33:47.811+0000] {processor.py:914} INFO - Processing file /opt/airflow/dags/dag_with_cron_expression.py for tasks to queue
[2024-09-30T10:33:47.813+0000] {logging_mixin.py:190} INFO - [2024-09-30T10:33:47.813+0000] {dagbag.py:587} INFO - Filling up the DagBag from /opt/airflow/dags/dag_with_cron_expression.py
[2024-09-30T10:33:47.824+0000] {processor.py:925} INFO - DAG(s) 'dag_with_cron_expression_v03' retrieved from /opt/airflow/dags/dag_with_cron_expression.py
[2024-09-30T10:33:47.847+0000] {logging_mixin.py:190} INFO - [2024-09-30T10:33:47.847+0000] {dag.py:3229} INFO - Sync 1 DAGs
[2024-09-30T10:33:47.867+0000] {logging_mixin.py:190} INFO - [2024-09-30T10:33:47.867+0000] {dag.py:4156} INFO - Setting next_dagrun for dag_with_cron_expression_v03 to 2024-09-27 03:00:00+00:00, run_after=2024-10-01 03:00:00+00:00
[2024-09-30T10:33:47.883+0000] {processor.py:208} INFO - Processing /opt/airflow/dags/dag_with_cron_expression.py took 0.082 seconds
[2024-09-30T10:33:58.233+0000] {logging_mixin.py:190} WARNING - /home/airflow/.local/lib/python3.12/site-packages/airflow/settings.py:470 DeprecationWarning: The sql_alchemy_conn option in [core] has been moved to the sql_alchemy_conn option in [database] - the old setting has been used, but please update your config.
[2024-09-30T10:33:58.243+0000] {processor.py:186} INFO - Started process (PID=904) to work on /opt/airflow/dags/dag_with_cron_expression.py
[2024-09-30T10:33:58.244+0000] {processor.py:914} INFO - Processing file /opt/airflow/dags/dag_with_cron_expression.py for tasks to queue
[2024-09-30T10:33:58.247+0000] {logging_mixin.py:190} INFO - [2024-09-30T10:33:58.247+0000] {dagbag.py:587} INFO - Filling up the DagBag from /opt/airflow/dags/dag_with_cron_expression.py
[2024-09-30T10:33:58.257+0000] {processor.py:925} INFO - DAG(s) 'dag_with_cron_expression_v03' retrieved from /opt/airflow/dags/dag_with_cron_expression.py
[2024-09-30T10:33:58.276+0000] {logging_mixin.py:190} INFO - [2024-09-30T10:33:58.276+0000] {dag.py:3229} INFO - Sync 1 DAGs
[2024-09-30T10:33:58.293+0000] {logging_mixin.py:190} INFO - [2024-09-30T10:33:58.293+0000] {dag.py:4156} INFO - Setting next_dagrun for dag_with_cron_expression_v03 to 2024-09-27 03:00:00+00:00, run_after=2024-10-01 03:00:00+00:00
[2024-09-30T10:33:58.310+0000] {processor.py:208} INFO - Processing /opt/airflow/dags/dag_with_cron_expression.py took 0.081 seconds
[2024-09-30T10:34:08.746+0000] {logging_mixin.py:190} WARNING - /home/airflow/.local/lib/python3.12/site-packages/airflow/settings.py:470 DeprecationWarning: The sql_alchemy_conn option in [core] has been moved to the sql_alchemy_conn option in [database] - the old setting has been used, but please update your config.
[2024-09-30T10:34:08.755+0000] {processor.py:186} INFO - Started process (PID=949) to work on /opt/airflow/dags/dag_with_cron_expression.py
[2024-09-30T10:34:08.756+0000] {processor.py:914} INFO - Processing file /opt/airflow/dags/dag_with_cron_expression.py for tasks to queue
[2024-09-30T10:34:08.761+0000] {logging_mixin.py:190} INFO - [2024-09-30T10:34:08.761+0000] {dagbag.py:587} INFO - Filling up the DagBag from /opt/airflow/dags/dag_with_cron_expression.py
[2024-09-30T10:34:08.782+0000] {processor.py:925} INFO - DAG(s) 'dag_with_cron_expression_v03' retrieved from /opt/airflow/dags/dag_with_cron_expression.py
[2024-09-30T10:34:08.820+0000] {logging_mixin.py:190} INFO - [2024-09-30T10:34:08.820+0000] {dag.py:3229} INFO - Sync 1 DAGs
[2024-09-30T10:34:08.846+0000] {logging_mixin.py:190} INFO - [2024-09-30T10:34:08.846+0000] {dag.py:4156} INFO - Setting next_dagrun for dag_with_cron_expression_v03 to 2024-09-27 03:00:00+00:00, run_after=2024-10-01 03:00:00+00:00
[2024-09-30T10:34:08.862+0000] {processor.py:208} INFO - Processing /opt/airflow/dags/dag_with_cron_expression.py took 0.119 seconds
[2024-09-30T10:34:19.233+0000] {logging_mixin.py:190} WARNING - /home/airflow/.local/lib/python3.12/site-packages/airflow/settings.py:470 DeprecationWarning: The sql_alchemy_conn option in [core] has been moved to the sql_alchemy_conn option in [database] - the old setting has been used, but please update your config.
[2024-09-30T10:34:19.241+0000] {processor.py:186} INFO - Started process (PID=994) to work on /opt/airflow/dags/dag_with_cron_expression.py
[2024-09-30T10:34:19.242+0000] {processor.py:914} INFO - Processing file /opt/airflow/dags/dag_with_cron_expression.py for tasks to queue
[2024-09-30T10:34:19.244+0000] {logging_mixin.py:190} INFO - [2024-09-30T10:34:19.243+0000] {dagbag.py:587} INFO - Filling up the DagBag from /opt/airflow/dags/dag_with_cron_expression.py
[2024-09-30T10:34:19.257+0000] {processor.py:925} INFO - DAG(s) 'dag_with_cron_expression_v03' retrieved from /opt/airflow/dags/dag_with_cron_expression.py
[2024-09-30T10:34:19.275+0000] {logging_mixin.py:190} INFO - [2024-09-30T10:34:19.275+0000] {dag.py:3229} INFO - Sync 1 DAGs
[2024-09-30T10:34:19.296+0000] {logging_mixin.py:190} INFO - [2024-09-30T10:34:19.295+0000] {dag.py:4156} INFO - Setting next_dagrun for dag_with_cron_expression_v03 to 2024-09-27 03:00:00+00:00, run_after=2024-10-01 03:00:00+00:00
[2024-09-30T10:34:19.310+0000] {processor.py:208} INFO - Processing /opt/airflow/dags/dag_with_cron_expression.py took 0.079 seconds
[2024-09-30T10:34:29.727+0000] {logging_mixin.py:190} WARNING - /home/airflow/.local/lib/python3.12/site-packages/airflow/settings.py:470 DeprecationWarning: The sql_alchemy_conn option in [core] has been moved to the sql_alchemy_conn option in [database] - the old setting has been used, but please update your config.
[2024-09-30T10:34:29.736+0000] {processor.py:186} INFO - Started process (PID=1039) to work on /opt/airflow/dags/dag_with_cron_expression.py
[2024-09-30T10:34:29.738+0000] {processor.py:914} INFO - Processing file /opt/airflow/dags/dag_with_cron_expression.py for tasks to queue
[2024-09-30T10:34:29.741+0000] {logging_mixin.py:190} INFO - [2024-09-30T10:34:29.741+0000] {dagbag.py:587} INFO - Filling up the DagBag from /opt/airflow/dags/dag_with_cron_expression.py
[2024-09-30T10:34:29.753+0000] {processor.py:925} INFO - DAG(s) 'dag_with_cron_expression_v03' retrieved from /opt/airflow/dags/dag_with_cron_expression.py
[2024-09-30T10:34:29.779+0000] {logging_mixin.py:190} INFO - [2024-09-30T10:34:29.779+0000] {dag.py:3229} INFO - Sync 1 DAGs
[2024-09-30T10:34:29.803+0000] {logging_mixin.py:190} INFO - [2024-09-30T10:34:29.803+0000] {dag.py:4156} INFO - Setting next_dagrun for dag_with_cron_expression_v03 to 2024-09-27 03:00:00+00:00, run_after=2024-10-01 03:00:00+00:00
[2024-09-30T10:34:29.817+0000] {processor.py:208} INFO - Processing /opt/airflow/dags/dag_with_cron_expression.py took 0.092 seconds
[2024-09-30T10:34:40.407+0000] {logging_mixin.py:190} WARNING - /home/airflow/.local/lib/python3.12/site-packages/airflow/settings.py:470 DeprecationWarning: The sql_alchemy_conn option in [core] has been moved to the sql_alchemy_conn option in [database] - the old setting has been used, but please update your config.
[2024-09-30T10:34:40.418+0000] {processor.py:186} INFO - Started process (PID=1084) to work on /opt/airflow/dags/dag_with_cron_expression.py
[2024-09-30T10:34:40.422+0000] {processor.py:914} INFO - Processing file /opt/airflow/dags/dag_with_cron_expression.py for tasks to queue
[2024-09-30T10:34:40.425+0000] {logging_mixin.py:190} INFO - [2024-09-30T10:34:40.424+0000] {dagbag.py:587} INFO - Filling up the DagBag from /opt/airflow/dags/dag_with_cron_expression.py
[2024-09-30T10:34:40.448+0000] {processor.py:925} INFO - DAG(s) 'dag_with_cron_expression_v03' retrieved from /opt/airflow/dags/dag_with_cron_expression.py
[2024-09-30T10:34:40.484+0000] {logging_mixin.py:190} INFO - [2024-09-30T10:34:40.484+0000] {dag.py:3229} INFO - Sync 1 DAGs
[2024-09-30T10:34:40.511+0000] {logging_mixin.py:190} INFO - [2024-09-30T10:34:40.510+0000] {dag.py:4156} INFO - Setting next_dagrun for dag_with_cron_expression_v03 to 2024-09-27 03:00:00+00:00, run_after=2024-10-01 03:00:00+00:00
[2024-09-30T10:34:40.534+0000] {processor.py:208} INFO - Processing /opt/airflow/dags/dag_with_cron_expression.py took 0.133 seconds
[2024-09-30T10:34:51.061+0000] {logging_mixin.py:190} WARNING - /home/airflow/.local/lib/python3.12/site-packages/airflow/settings.py:470 DeprecationWarning: The sql_alchemy_conn option in [core] has been moved to the sql_alchemy_conn option in [database] - the old setting has been used, but please update your config.
[2024-09-30T10:34:51.070+0000] {processor.py:186} INFO - Started process (PID=1129) to work on /opt/airflow/dags/dag_with_cron_expression.py
[2024-09-30T10:34:51.071+0000] {processor.py:914} INFO - Processing file /opt/airflow/dags/dag_with_cron_expression.py for tasks to queue
[2024-09-30T10:34:51.074+0000] {logging_mixin.py:190} INFO - [2024-09-30T10:34:51.074+0000] {dagbag.py:587} INFO - Filling up the DagBag from /opt/airflow/dags/dag_with_cron_expression.py
[2024-09-30T10:34:51.084+0000] {processor.py:925} INFO - DAG(s) 'dag_with_cron_expression_v03' retrieved from /opt/airflow/dags/dag_with_cron_expression.py
[2024-09-30T10:34:51.113+0000] {logging_mixin.py:190} INFO - [2024-09-30T10:34:51.113+0000] {dag.py:3229} INFO - Sync 1 DAGs
[2024-09-30T10:34:51.141+0000] {logging_mixin.py:190} INFO - [2024-09-30T10:34:51.140+0000] {dag.py:4156} INFO - Setting next_dagrun for dag_with_cron_expression_v03 to 2024-09-27 03:00:00+00:00, run_after=2024-10-01 03:00:00+00:00
[2024-09-30T10:34:51.158+0000] {processor.py:208} INFO - Processing /opt/airflow/dags/dag_with_cron_expression.py took 0.101 seconds
[2024-09-30T10:35:01.648+0000] {logging_mixin.py:190} WARNING - /home/airflow/.local/lib/python3.12/site-packages/airflow/settings.py:470 DeprecationWarning: The sql_alchemy_conn option in [core] has been moved to the sql_alchemy_conn option in [database] - the old setting has been used, but please update your config.
[2024-09-30T10:35:01.689+0000] {processor.py:186} INFO - Started process (PID=1173) to work on /opt/airflow/dags/dag_with_cron_expression.py
[2024-09-30T10:35:01.691+0000] {processor.py:914} INFO - Processing file /opt/airflow/dags/dag_with_cron_expression.py for tasks to queue
[2024-09-30T10:35:01.698+0000] {logging_mixin.py:190} INFO - [2024-09-30T10:35:01.697+0000] {dagbag.py:587} INFO - Filling up the DagBag from /opt/airflow/dags/dag_with_cron_expression.py
[2024-09-30T10:35:01.731+0000] {processor.py:925} INFO - DAG(s) 'dag_with_cron_expression_v03' retrieved from /opt/airflow/dags/dag_with_cron_expression.py
[2024-09-30T10:35:01.810+0000] {logging_mixin.py:190} INFO - [2024-09-30T10:35:01.809+0000] {dag.py:3229} INFO - Sync 1 DAGs
[2024-09-30T10:35:01.902+0000] {logging_mixin.py:190} INFO - [2024-09-30T10:35:01.901+0000] {dag.py:4156} INFO - Setting next_dagrun for dag_with_cron_expression_v03 to 2024-09-27 03:00:00+00:00, run_after=2024-10-01 03:00:00+00:00
[2024-09-30T10:35:01.961+0000] {processor.py:208} INFO - Processing /opt/airflow/dags/dag_with_cron_expression.py took 0.322 seconds
[2024-09-30T10:35:12.491+0000] {logging_mixin.py:190} WARNING - /home/airflow/.local/lib/python3.12/site-packages/airflow/settings.py:470 DeprecationWarning: The sql_alchemy_conn option in [core] has been moved to the sql_alchemy_conn option in [database] - the old setting has been used, but please update your config.
[2024-09-30T10:35:12.502+0000] {processor.py:186} INFO - Started process (PID=1219) to work on /opt/airflow/dags/dag_with_cron_expression.py
[2024-09-30T10:35:12.504+0000] {processor.py:914} INFO - Processing file /opt/airflow/dags/dag_with_cron_expression.py for tasks to queue
[2024-09-30T10:35:12.506+0000] {logging_mixin.py:190} INFO - [2024-09-30T10:35:12.506+0000] {dagbag.py:587} INFO - Filling up the DagBag from /opt/airflow/dags/dag_with_cron_expression.py
[2024-09-30T10:35:12.517+0000] {processor.py:925} INFO - DAG(s) 'dag_with_cron_expression_v03' retrieved from /opt/airflow/dags/dag_with_cron_expression.py
[2024-09-30T10:35:12.544+0000] {logging_mixin.py:190} INFO - [2024-09-30T10:35:12.544+0000] {dag.py:3229} INFO - Sync 1 DAGs
[2024-09-30T10:35:12.566+0000] {logging_mixin.py:190} INFO - [2024-09-30T10:35:12.566+0000] {dag.py:4156} INFO - Setting next_dagrun for dag_with_cron_expression_v03 to 2024-09-27 03:00:00+00:00, run_after=2024-10-01 03:00:00+00:00
[2024-09-30T10:35:12.585+0000] {processor.py:208} INFO - Processing /opt/airflow/dags/dag_with_cron_expression.py took 0.098 seconds
[2024-09-30T10:35:22.981+0000] {logging_mixin.py:190} WARNING - /home/airflow/.local/lib/python3.12/site-packages/airflow/settings.py:470 DeprecationWarning: The sql_alchemy_conn option in [core] has been moved to the sql_alchemy_conn option in [database] - the old setting has been used, but please update your config.
[2024-09-30T10:35:22.994+0000] {processor.py:186} INFO - Started process (PID=1264) to work on /opt/airflow/dags/dag_with_cron_expression.py
[2024-09-30T10:35:22.995+0000] {processor.py:914} INFO - Processing file /opt/airflow/dags/dag_with_cron_expression.py for tasks to queue
[2024-09-30T10:35:23.005+0000] {logging_mixin.py:190} INFO - [2024-09-30T10:35:23.005+0000] {dagbag.py:587} INFO - Filling up the DagBag from /opt/airflow/dags/dag_with_cron_expression.py
[2024-09-30T10:35:23.021+0000] {processor.py:925} INFO - DAG(s) 'dag_with_cron_expression_v03' retrieved from /opt/airflow/dags/dag_with_cron_expression.py
[2024-09-30T10:35:23.048+0000] {logging_mixin.py:190} INFO - [2024-09-30T10:35:23.048+0000] {dag.py:3229} INFO - Sync 1 DAGs
[2024-09-30T10:35:23.069+0000] {logging_mixin.py:190} INFO - [2024-09-30T10:35:23.069+0000] {dag.py:4156} INFO - Setting next_dagrun for dag_with_cron_expression_v03 to 2024-09-27 03:00:00+00:00, run_after=2024-10-01 03:00:00+00:00
[2024-09-30T10:35:23.093+0000] {processor.py:208} INFO - Processing /opt/airflow/dags/dag_with_cron_expression.py took 0.115 seconds
[2024-09-30T10:35:33.699+0000] {logging_mixin.py:190} WARNING - /home/airflow/.local/lib/python3.12/site-packages/airflow/settings.py:470 DeprecationWarning: The sql_alchemy_conn option in [core] has been moved to the sql_alchemy_conn option in [database] - the old setting has been used, but please update your config.
[2024-09-30T10:35:33.707+0000] {processor.py:186} INFO - Started process (PID=1309) to work on /opt/airflow/dags/dag_with_cron_expression.py
[2024-09-30T10:35:33.708+0000] {processor.py:914} INFO - Processing file /opt/airflow/dags/dag_with_cron_expression.py for tasks to queue
[2024-09-30T10:35:33.710+0000] {logging_mixin.py:190} INFO - [2024-09-30T10:35:33.710+0000] {dagbag.py:587} INFO - Filling up the DagBag from /opt/airflow/dags/dag_with_cron_expression.py
[2024-09-30T10:35:33.721+0000] {processor.py:925} INFO - DAG(s) 'dag_with_cron_expression_v03' retrieved from /opt/airflow/dags/dag_with_cron_expression.py
[2024-09-30T10:35:33.745+0000] {logging_mixin.py:190} INFO - [2024-09-30T10:35:33.745+0000] {dag.py:3229} INFO - Sync 1 DAGs
[2024-09-30T10:35:33.768+0000] {logging_mixin.py:190} INFO - [2024-09-30T10:35:33.768+0000] {dag.py:4156} INFO - Setting next_dagrun for dag_with_cron_expression_v03 to 2024-09-27 03:00:00+00:00, run_after=2024-10-01 03:00:00+00:00
[2024-09-30T10:35:33.787+0000] {processor.py:208} INFO - Processing /opt/airflow/dags/dag_with_cron_expression.py took 0.091 seconds
[2024-09-30T10:35:44.168+0000] {logging_mixin.py:190} WARNING - /home/airflow/.local/lib/python3.12/site-packages/airflow/settings.py:470 DeprecationWarning: The sql_alchemy_conn option in [core] has been moved to the sql_alchemy_conn option in [database] - the old setting has been used, but please update your config.
[2024-09-30T10:35:44.175+0000] {processor.py:186} INFO - Started process (PID=1354) to work on /opt/airflow/dags/dag_with_cron_expression.py
[2024-09-30T10:35:44.175+0000] {processor.py:914} INFO - Processing file /opt/airflow/dags/dag_with_cron_expression.py for tasks to queue
[2024-09-30T10:35:44.177+0000] {logging_mixin.py:190} INFO - [2024-09-30T10:35:44.177+0000] {dagbag.py:587} INFO - Filling up the DagBag from /opt/airflow/dags/dag_with_cron_expression.py
[2024-09-30T10:35:44.190+0000] {processor.py:925} INFO - DAG(s) 'dag_with_cron_expression_v03' retrieved from /opt/airflow/dags/dag_with_cron_expression.py
[2024-09-30T10:35:44.205+0000] {logging_mixin.py:190} INFO - [2024-09-30T10:35:44.205+0000] {dag.py:3229} INFO - Sync 1 DAGs
[2024-09-30T10:35:44.220+0000] {logging_mixin.py:190} INFO - [2024-09-30T10:35:44.220+0000] {dag.py:4156} INFO - Setting next_dagrun for dag_with_cron_expression_v03 to 2024-09-27 03:00:00+00:00, run_after=2024-10-01 03:00:00+00:00
[2024-09-30T10:35:44.234+0000] {processor.py:208} INFO - Processing /opt/airflow/dags/dag_with_cron_expression.py took 0.069 seconds
[2024-09-30T10:35:54.692+0000] {logging_mixin.py:190} WARNING - /home/airflow/.local/lib/python3.12/site-packages/airflow/settings.py:470 DeprecationWarning: The sql_alchemy_conn option in [core] has been moved to the sql_alchemy_conn option in [database] - the old setting has been used, but please update your config.
[2024-09-30T10:35:54.701+0000] {processor.py:186} INFO - Started process (PID=1398) to work on /opt/airflow/dags/dag_with_cron_expression.py
[2024-09-30T10:35:54.702+0000] {processor.py:914} INFO - Processing file /opt/airflow/dags/dag_with_cron_expression.py for tasks to queue
[2024-09-30T10:35:54.705+0000] {logging_mixin.py:190} INFO - [2024-09-30T10:35:54.705+0000] {dagbag.py:587} INFO - Filling up the DagBag from /opt/airflow/dags/dag_with_cron_expression.py
[2024-09-30T10:35:54.720+0000] {processor.py:925} INFO - DAG(s) 'dag_with_cron_expression_v03' retrieved from /opt/airflow/dags/dag_with_cron_expression.py
[2024-09-30T10:35:54.745+0000] {logging_mixin.py:190} INFO - [2024-09-30T10:35:54.745+0000] {dag.py:3229} INFO - Sync 1 DAGs
[2024-09-30T10:35:54.765+0000] {logging_mixin.py:190} INFO - [2024-09-30T10:35:54.765+0000] {dag.py:4156} INFO - Setting next_dagrun for dag_with_cron_expression_v03 to 2024-09-27 03:00:00+00:00, run_after=2024-10-01 03:00:00+00:00
[2024-09-30T10:35:54.779+0000] {processor.py:208} INFO - Processing /opt/airflow/dags/dag_with_cron_expression.py took 0.092 seconds
[2024-09-30T10:36:05.166+0000] {logging_mixin.py:190} WARNING - /home/airflow/.local/lib/python3.12/site-packages/airflow/settings.py:470 DeprecationWarning: The sql_alchemy_conn option in [core] has been moved to the sql_alchemy_conn option in [database] - the old setting has been used, but please update your config.
[2024-09-30T10:36:05.174+0000] {processor.py:186} INFO - Started process (PID=1444) to work on /opt/airflow/dags/dag_with_cron_expression.py
[2024-09-30T10:36:05.175+0000] {processor.py:914} INFO - Processing file /opt/airflow/dags/dag_with_cron_expression.py for tasks to queue
[2024-09-30T10:36:05.178+0000] {logging_mixin.py:190} INFO - [2024-09-30T10:36:05.178+0000] {dagbag.py:587} INFO - Filling up the DagBag from /opt/airflow/dags/dag_with_cron_expression.py
[2024-09-30T10:36:05.189+0000] {processor.py:925} INFO - DAG(s) 'dag_with_cron_expression_v03' retrieved from /opt/airflow/dags/dag_with_cron_expression.py
[2024-09-30T10:36:05.210+0000] {logging_mixin.py:190} INFO - [2024-09-30T10:36:05.210+0000] {dag.py:3229} INFO - Sync 1 DAGs
[2024-09-30T10:36:05.229+0000] {logging_mixin.py:190} INFO - [2024-09-30T10:36:05.228+0000] {dag.py:4156} INFO - Setting next_dagrun for dag_with_cron_expression_v03 to 2024-09-27 03:00:00+00:00, run_after=2024-10-01 03:00:00+00:00
[2024-09-30T10:36:05.244+0000] {processor.py:208} INFO - Processing /opt/airflow/dags/dag_with_cron_expression.py took 0.081 seconds
[2024-09-30T10:36:15.691+0000] {logging_mixin.py:190} WARNING - /home/airflow/.local/lib/python3.12/site-packages/airflow/settings.py:470 DeprecationWarning: The sql_alchemy_conn option in [core] has been moved to the sql_alchemy_conn option in [database] - the old setting has been used, but please update your config.
[2024-09-30T10:36:15.697+0000] {processor.py:186} INFO - Started process (PID=1489) to work on /opt/airflow/dags/dag_with_cron_expression.py
[2024-09-30T10:36:15.699+0000] {processor.py:914} INFO - Processing file /opt/airflow/dags/dag_with_cron_expression.py for tasks to queue
[2024-09-30T10:36:15.701+0000] {logging_mixin.py:190} INFO - [2024-09-30T10:36:15.701+0000] {dagbag.py:587} INFO - Filling up the DagBag from /opt/airflow/dags/dag_with_cron_expression.py
[2024-09-30T10:36:15.709+0000] {processor.py:925} INFO - DAG(s) 'dag_with_cron_expression_v03' retrieved from /opt/airflow/dags/dag_with_cron_expression.py
[2024-09-30T10:36:15.729+0000] {logging_mixin.py:190} INFO - [2024-09-30T10:36:15.729+0000] {dag.py:3229} INFO - Sync 1 DAGs
[2024-09-30T10:36:15.747+0000] {logging_mixin.py:190} INFO - [2024-09-30T10:36:15.747+0000] {dag.py:4156} INFO - Setting next_dagrun for dag_with_cron_expression_v03 to 2024-09-27 03:00:00+00:00, run_after=2024-10-01 03:00:00+00:00
[2024-09-30T10:36:15.763+0000] {processor.py:208} INFO - Processing /opt/airflow/dags/dag_with_cron_expression.py took 0.074 seconds
[2024-09-30T10:36:26.131+0000] {logging_mixin.py:190} WARNING - /home/airflow/.local/lib/python3.12/site-packages/airflow/settings.py:470 DeprecationWarning: The sql_alchemy_conn option in [core] has been moved to the sql_alchemy_conn option in [database] - the old setting has been used, but please update your config.
[2024-09-30T10:36:26.138+0000] {processor.py:186} INFO - Started process (PID=1534) to work on /opt/airflow/dags/dag_with_cron_expression.py
[2024-09-30T10:36:26.139+0000] {processor.py:914} INFO - Processing file /opt/airflow/dags/dag_with_cron_expression.py for tasks to queue
[2024-09-30T10:36:26.140+0000] {logging_mixin.py:190} INFO - [2024-09-30T10:36:26.140+0000] {dagbag.py:587} INFO - Filling up the DagBag from /opt/airflow/dags/dag_with_cron_expression.py
[2024-09-30T10:36:26.150+0000] {processor.py:925} INFO - DAG(s) 'dag_with_cron_expression_v03' retrieved from /opt/airflow/dags/dag_with_cron_expression.py
[2024-09-30T10:36:26.172+0000] {logging_mixin.py:190} INFO - [2024-09-30T10:36:26.172+0000] {dag.py:3229} INFO - Sync 1 DAGs
[2024-09-30T10:36:26.191+0000] {logging_mixin.py:190} INFO - [2024-09-30T10:36:26.191+0000] {dag.py:4156} INFO - Setting next_dagrun for dag_with_cron_expression_v03 to 2024-09-27 03:00:00+00:00, run_after=2024-10-01 03:00:00+00:00
[2024-09-30T10:36:26.205+0000] {processor.py:208} INFO - Processing /opt/airflow/dags/dag_with_cron_expression.py took 0.076 seconds
[2024-09-30T10:36:36.677+0000] {logging_mixin.py:190} WARNING - /home/airflow/.local/lib/python3.12/site-packages/airflow/settings.py:470 DeprecationWarning: The sql_alchemy_conn option in [core] has been moved to the sql_alchemy_conn option in [database] - the old setting has been used, but please update your config.
[2024-09-30T10:36:36.686+0000] {processor.py:186} INFO - Started process (PID=1579) to work on /opt/airflow/dags/dag_with_cron_expression.py
[2024-09-30T10:36:36.691+0000] {processor.py:914} INFO - Processing file /opt/airflow/dags/dag_with_cron_expression.py for tasks to queue
[2024-09-30T10:36:36.693+0000] {logging_mixin.py:190} INFO - [2024-09-30T10:36:36.693+0000] {dagbag.py:587} INFO - Filling up the DagBag from /opt/airflow/dags/dag_with_cron_expression.py
[2024-09-30T10:36:36.703+0000] {processor.py:925} INFO - DAG(s) 'dag_with_cron_expression_v03' retrieved from /opt/airflow/dags/dag_with_cron_expression.py
[2024-09-30T10:36:36.719+0000] {logging_mixin.py:190} INFO - [2024-09-30T10:36:36.719+0000] {dag.py:3229} INFO - Sync 1 DAGs
[2024-09-30T10:36:36.736+0000] {logging_mixin.py:190} INFO - [2024-09-30T10:36:36.736+0000] {dag.py:4156} INFO - Setting next_dagrun for dag_with_cron_expression_v03 to 2024-09-27 03:00:00+00:00, run_after=2024-10-01 03:00:00+00:00
[2024-09-30T10:36:36.750+0000] {processor.py:208} INFO - Processing /opt/airflow/dags/dag_with_cron_expression.py took 0.076 seconds
[2024-09-30T10:36:47.197+0000] {logging_mixin.py:190} WARNING - /home/airflow/.local/lib/python3.12/site-packages/airflow/settings.py:470 DeprecationWarning: The sql_alchemy_conn option in [core] has been moved to the sql_alchemy_conn option in [database] - the old setting has been used, but please update your config.
[2024-09-30T10:36:47.207+0000] {processor.py:186} INFO - Started process (PID=1624) to work on /opt/airflow/dags/dag_with_cron_expression.py
[2024-09-30T10:36:47.208+0000] {processor.py:914} INFO - Processing file /opt/airflow/dags/dag_with_cron_expression.py for tasks to queue
[2024-09-30T10:36:47.211+0000] {logging_mixin.py:190} INFO - [2024-09-30T10:36:47.211+0000] {dagbag.py:587} INFO - Filling up the DagBag from /opt/airflow/dags/dag_with_cron_expression.py
[2024-09-30T10:36:47.226+0000] {processor.py:925} INFO - DAG(s) 'dag_with_cron_expression_v03' retrieved from /opt/airflow/dags/dag_with_cron_expression.py
[2024-09-30T10:36:47.252+0000] {logging_mixin.py:190} INFO - [2024-09-30T10:36:47.252+0000] {dag.py:3229} INFO - Sync 1 DAGs
[2024-09-30T10:36:47.276+0000] {logging_mixin.py:190} INFO - [2024-09-30T10:36:47.275+0000] {dag.py:4156} INFO - Setting next_dagrun for dag_with_cron_expression_v03 to 2024-09-27 03:00:00+00:00, run_after=2024-10-01 03:00:00+00:00
[2024-09-30T10:36:47.290+0000] {processor.py:208} INFO - Processing /opt/airflow/dags/dag_with_cron_expression.py took 0.097 seconds
[2024-09-30T10:36:57.723+0000] {logging_mixin.py:190} WARNING - /home/airflow/.local/lib/python3.12/site-packages/airflow/settings.py:470 DeprecationWarning: The sql_alchemy_conn option in [core] has been moved to the sql_alchemy_conn option in [database] - the old setting has been used, but please update your config.
[2024-09-30T10:36:57.731+0000] {processor.py:186} INFO - Started process (PID=1672) to work on /opt/airflow/dags/dag_with_cron_expression.py
[2024-09-30T10:36:57.732+0000] {processor.py:914} INFO - Processing file /opt/airflow/dags/dag_with_cron_expression.py for tasks to queue
[2024-09-30T10:36:57.734+0000] {logging_mixin.py:190} INFO - [2024-09-30T10:36:57.734+0000] {dagbag.py:587} INFO - Filling up the DagBag from /opt/airflow/dags/dag_with_cron_expression.py
[2024-09-30T10:36:57.749+0000] {processor.py:925} INFO - DAG(s) 'dag_with_cron_expression_v03' retrieved from /opt/airflow/dags/dag_with_cron_expression.py
[2024-09-30T10:36:57.768+0000] {logging_mixin.py:190} INFO - [2024-09-30T10:36:57.768+0000] {dag.py:3229} INFO - Sync 1 DAGs
[2024-09-30T10:36:57.792+0000] {logging_mixin.py:190} INFO - [2024-09-30T10:36:57.792+0000] {dag.py:4156} INFO - Setting next_dagrun for dag_with_cron_expression_v03 to 2024-09-27 03:00:00+00:00, run_after=2024-10-01 03:00:00+00:00
[2024-09-30T10:36:57.808+0000] {processor.py:208} INFO - Processing /opt/airflow/dags/dag_with_cron_expression.py took 0.088 seconds
[2024-09-30T10:37:08.198+0000] {logging_mixin.py:190} WARNING - /home/airflow/.local/lib/python3.12/site-packages/airflow/settings.py:470 DeprecationWarning: The sql_alchemy_conn option in [core] has been moved to the sql_alchemy_conn option in [database] - the old setting has been used, but please update your config.
[2024-09-30T10:37:08.203+0000] {processor.py:186} INFO - Started process (PID=1717) to work on /opt/airflow/dags/dag_with_cron_expression.py
[2024-09-30T10:37:08.203+0000] {processor.py:914} INFO - Processing file /opt/airflow/dags/dag_with_cron_expression.py for tasks to queue
[2024-09-30T10:37:08.206+0000] {logging_mixin.py:190} INFO - [2024-09-30T10:37:08.206+0000] {dagbag.py:587} INFO - Filling up the DagBag from /opt/airflow/dags/dag_with_cron_expression.py
[2024-09-30T10:37:08.215+0000] {processor.py:925} INFO - DAG(s) 'dag_with_cron_expression_v03' retrieved from /opt/airflow/dags/dag_with_cron_expression.py
[2024-09-30T10:37:08.234+0000] {logging_mixin.py:190} INFO - [2024-09-30T10:37:08.234+0000] {dag.py:3229} INFO - Sync 1 DAGs
[2024-09-30T10:37:08.251+0000] {logging_mixin.py:190} INFO - [2024-09-30T10:37:08.251+0000] {dag.py:4156} INFO - Setting next_dagrun for dag_with_cron_expression_v03 to 2024-09-27 03:00:00+00:00, run_after=2024-10-01 03:00:00+00:00
[2024-09-30T10:37:08.265+0000] {processor.py:208} INFO - Processing /opt/airflow/dags/dag_with_cron_expression.py took 0.070 seconds
[2024-09-30T10:37:18.675+0000] {logging_mixin.py:190} WARNING - /home/airflow/.local/lib/python3.12/site-packages/airflow/settings.py:470 DeprecationWarning: The sql_alchemy_conn option in [core] has been moved to the sql_alchemy_conn option in [database] - the old setting has been used, but please update your config.
[2024-09-30T10:37:18.688+0000] {processor.py:186} INFO - Started process (PID=1762) to work on /opt/airflow/dags/dag_with_cron_expression.py
[2024-09-30T10:37:18.690+0000] {processor.py:914} INFO - Processing file /opt/airflow/dags/dag_with_cron_expression.py for tasks to queue
[2024-09-30T10:37:18.697+0000] {logging_mixin.py:190} INFO - [2024-09-30T10:37:18.696+0000] {dagbag.py:587} INFO - Filling up the DagBag from /opt/airflow/dags/dag_with_cron_expression.py
[2024-09-30T10:37:18.737+0000] {processor.py:925} INFO - DAG(s) 'dag_with_cron_expression_v03' retrieved from /opt/airflow/dags/dag_with_cron_expression.py
[2024-09-30T10:37:18.794+0000] {logging_mixin.py:190} INFO - [2024-09-30T10:37:18.794+0000] {dag.py:3229} INFO - Sync 1 DAGs
[2024-09-30T10:37:18.856+0000] {logging_mixin.py:190} INFO - [2024-09-30T10:37:18.854+0000] {dag.py:4156} INFO - Setting next_dagrun for dag_with_cron_expression_v03 to 2024-09-27 03:00:00+00:00, run_after=2024-10-01 03:00:00+00:00
[2024-09-30T10:37:18.913+0000] {processor.py:208} INFO - Processing /opt/airflow/dags/dag_with_cron_expression.py took 0.241 seconds
[2024-09-30T10:37:29.372+0000] {logging_mixin.py:190} WARNING - /home/airflow/.local/lib/python3.12/site-packages/airflow/settings.py:470 DeprecationWarning: The sql_alchemy_conn option in [core] has been moved to the sql_alchemy_conn option in [database] - the old setting has been used, but please update your config.
[2024-09-30T10:37:29.381+0000] {processor.py:186} INFO - Started process (PID=1807) to work on /opt/airflow/dags/dag_with_cron_expression.py
[2024-09-30T10:37:29.382+0000] {processor.py:914} INFO - Processing file /opt/airflow/dags/dag_with_cron_expression.py for tasks to queue
[2024-09-30T10:37:29.385+0000] {logging_mixin.py:190} INFO - [2024-09-30T10:37:29.385+0000] {dagbag.py:587} INFO - Filling up the DagBag from /opt/airflow/dags/dag_with_cron_expression.py
[2024-09-30T10:37:29.396+0000] {processor.py:925} INFO - DAG(s) 'dag_with_cron_expression_v03' retrieved from /opt/airflow/dags/dag_with_cron_expression.py
[2024-09-30T10:37:29.416+0000] {logging_mixin.py:190} INFO - [2024-09-30T10:37:29.415+0000] {dag.py:3229} INFO - Sync 1 DAGs
[2024-09-30T10:37:29.433+0000] {logging_mixin.py:190} INFO - [2024-09-30T10:37:29.433+0000] {dag.py:4156} INFO - Setting next_dagrun for dag_with_cron_expression_v03 to 2024-09-27 03:00:00+00:00, run_after=2024-10-01 03:00:00+00:00
[2024-09-30T10:37:29.447+0000] {processor.py:208} INFO - Processing /opt/airflow/dags/dag_with_cron_expression.py took 0.078 seconds
