[2024-09-30T10:31:44.118+0000] {logging_mixin.py:190} WARNING - /home/airflow/.local/lib/python3.12/site-packages/airflow/settings.py:470 DeprecationWarning: The sql_alchemy_conn option in [core] has been moved to the sql_alchemy_conn option in [database] - the old setting has been used, but please update your config.
[2024-09-30T10:31:44.135+0000] {processor.py:186} INFO - Started process (PID=325) to work on /opt/airflow/dags/first_dag.py
[2024-09-30T10:31:44.144+0000] {processor.py:914} INFO - Processing file /opt/airflow/dags/first_dag.py for tasks to queue
[2024-09-30T10:31:44.168+0000] {logging_mixin.py:190} INFO - [2024-09-30T10:31:44.165+0000] {dagbag.py:587} INFO - Filling up the DagBag from /opt/airflow/dags/first_dag.py
[2024-09-30T10:31:44.259+0000] {processor.py:925} INFO - DAG(s) 'first_dag_v6' retrieved from /opt/airflow/dags/first_dag.py
[2024-09-30T10:31:44.451+0000] {logging_mixin.py:190} INFO - [2024-09-30T10:31:44.451+0000] {dag.py:3229} INFO - Sync 1 DAGs
[2024-09-30T10:31:44.619+0000] {logging_mixin.py:190} INFO - [2024-09-30T10:31:44.608+0000] {dag.py:4156} INFO - Setting next_dagrun for first_dag_v6 to 2024-09-30 00:00:00+00:00, run_after=2024-10-01 00:00:00+00:00
[2024-09-30T10:31:44.758+0000] {processor.py:208} INFO - Processing /opt/airflow/dags/first_dag.py took 0.655 seconds
[2024-09-30T10:31:55.489+0000] {logging_mixin.py:190} WARNING - /home/airflow/.local/lib/python3.12/site-packages/airflow/settings.py:470 DeprecationWarning: The sql_alchemy_conn option in [core] has been moved to the sql_alchemy_conn option in [database] - the old setting has been used, but please update your config.
[2024-09-30T10:31:55.495+0000] {processor.py:186} INFO - Started process (PID=396) to work on /opt/airflow/dags/first_dag.py
[2024-09-30T10:31:55.495+0000] {processor.py:914} INFO - Processing file /opt/airflow/dags/first_dag.py for tasks to queue
[2024-09-30T10:31:55.497+0000] {logging_mixin.py:190} INFO - [2024-09-30T10:31:55.497+0000] {dagbag.py:587} INFO - Filling up the DagBag from /opt/airflow/dags/first_dag.py
[2024-09-30T10:31:55.507+0000] {processor.py:925} INFO - DAG(s) 'first_dag_v6' retrieved from /opt/airflow/dags/first_dag.py
[2024-09-30T10:31:55.523+0000] {logging_mixin.py:190} INFO - [2024-09-30T10:31:55.523+0000] {dag.py:3229} INFO - Sync 1 DAGs
[2024-09-30T10:31:55.542+0000] {logging_mixin.py:190} INFO - [2024-09-30T10:31:55.542+0000] {dag.py:4156} INFO - Setting next_dagrun for first_dag_v6 to 2024-09-30 00:00:00+00:00, run_after=2024-10-01 00:00:00+00:00
[2024-09-30T10:31:55.554+0000] {processor.py:208} INFO - Processing /opt/airflow/dags/first_dag.py took 0.067 seconds
[2024-09-30T10:32:05.924+0000] {logging_mixin.py:190} WARNING - /home/airflow/.local/lib/python3.12/site-packages/airflow/settings.py:470 DeprecationWarning: The sql_alchemy_conn option in [core] has been moved to the sql_alchemy_conn option in [database] - the old setting has been used, but please update your config.
[2024-09-30T10:32:05.934+0000] {processor.py:186} INFO - Started process (PID=441) to work on /opt/airflow/dags/first_dag.py
[2024-09-30T10:32:05.935+0000] {processor.py:914} INFO - Processing file /opt/airflow/dags/first_dag.py for tasks to queue
[2024-09-30T10:32:05.938+0000] {logging_mixin.py:190} INFO - [2024-09-30T10:32:05.938+0000] {dagbag.py:587} INFO - Filling up the DagBag from /opt/airflow/dags/first_dag.py
[2024-09-30T10:32:05.947+0000] {processor.py:925} INFO - DAG(s) 'first_dag_v6' retrieved from /opt/airflow/dags/first_dag.py
[2024-09-30T10:32:05.969+0000] {logging_mixin.py:190} INFO - [2024-09-30T10:32:05.969+0000] {dag.py:3229} INFO - Sync 1 DAGs
[2024-09-30T10:32:05.990+0000] {logging_mixin.py:190} INFO - [2024-09-30T10:32:05.989+0000] {dag.py:4156} INFO - Setting next_dagrun for first_dag_v6 to 2024-09-30 00:00:00+00:00, run_after=2024-10-01 00:00:00+00:00
[2024-09-30T10:32:06.002+0000] {processor.py:208} INFO - Processing /opt/airflow/dags/first_dag.py took 0.080 seconds
[2024-09-30T10:32:16.361+0000] {logging_mixin.py:190} WARNING - /home/airflow/.local/lib/python3.12/site-packages/airflow/settings.py:470 DeprecationWarning: The sql_alchemy_conn option in [core] has been moved to the sql_alchemy_conn option in [database] - the old setting has been used, but please update your config.
[2024-09-30T10:32:16.365+0000] {processor.py:186} INFO - Started process (PID=486) to work on /opt/airflow/dags/first_dag.py
[2024-09-30T10:32:16.366+0000] {processor.py:914} INFO - Processing file /opt/airflow/dags/first_dag.py for tasks to queue
[2024-09-30T10:32:16.368+0000] {logging_mixin.py:190} INFO - [2024-09-30T10:32:16.368+0000] {dagbag.py:587} INFO - Filling up the DagBag from /opt/airflow/dags/first_dag.py
[2024-09-30T10:32:16.377+0000] {processor.py:925} INFO - DAG(s) 'first_dag_v6' retrieved from /opt/airflow/dags/first_dag.py
[2024-09-30T10:32:16.403+0000] {logging_mixin.py:190} INFO - [2024-09-30T10:32:16.403+0000] {dag.py:3229} INFO - Sync 1 DAGs
[2024-09-30T10:32:16.425+0000] {logging_mixin.py:190} INFO - [2024-09-30T10:32:16.424+0000] {dag.py:4156} INFO - Setting next_dagrun for first_dag_v6 to 2024-09-30 00:00:00+00:00, run_after=2024-10-01 00:00:00+00:00
[2024-09-30T10:32:16.438+0000] {processor.py:208} INFO - Processing /opt/airflow/dags/first_dag.py took 0.079 seconds
[2024-09-30T10:32:26.823+0000] {logging_mixin.py:190} WARNING - /home/airflow/.local/lib/python3.12/site-packages/airflow/settings.py:470 DeprecationWarning: The sql_alchemy_conn option in [core] has been moved to the sql_alchemy_conn option in [database] - the old setting has been used, but please update your config.
[2024-09-30T10:32:26.828+0000] {processor.py:186} INFO - Started process (PID=530) to work on /opt/airflow/dags/first_dag.py
[2024-09-30T10:32:26.828+0000] {processor.py:914} INFO - Processing file /opt/airflow/dags/first_dag.py for tasks to queue
[2024-09-30T10:32:26.830+0000] {logging_mixin.py:190} INFO - [2024-09-30T10:32:26.830+0000] {dagbag.py:587} INFO - Filling up the DagBag from /opt/airflow/dags/first_dag.py
[2024-09-30T10:32:26.837+0000] {processor.py:925} INFO - DAG(s) 'first_dag_v6' retrieved from /opt/airflow/dags/first_dag.py
[2024-09-30T10:32:26.853+0000] {logging_mixin.py:190} INFO - [2024-09-30T10:32:26.853+0000] {dag.py:3229} INFO - Sync 1 DAGs
[2024-09-30T10:32:26.869+0000] {logging_mixin.py:190} INFO - [2024-09-30T10:32:26.868+0000] {dag.py:4156} INFO - Setting next_dagrun for first_dag_v6 to 2024-09-30 00:00:00+00:00, run_after=2024-10-01 00:00:00+00:00
[2024-09-30T10:32:26.879+0000] {processor.py:208} INFO - Processing /opt/airflow/dags/first_dag.py took 0.058 seconds
[2024-09-30T10:32:37.213+0000] {logging_mixin.py:190} WARNING - /home/airflow/.local/lib/python3.12/site-packages/airflow/settings.py:470 DeprecationWarning: The sql_alchemy_conn option in [core] has been moved to the sql_alchemy_conn option in [database] - the old setting has been used, but please update your config.
[2024-09-30T10:32:37.218+0000] {processor.py:186} INFO - Started process (PID=576) to work on /opt/airflow/dags/first_dag.py
[2024-09-30T10:32:37.218+0000] {processor.py:914} INFO - Processing file /opt/airflow/dags/first_dag.py for tasks to queue
[2024-09-30T10:32:37.219+0000] {logging_mixin.py:190} INFO - [2024-09-30T10:32:37.219+0000] {dagbag.py:587} INFO - Filling up the DagBag from /opt/airflow/dags/first_dag.py
[2024-09-30T10:32:37.239+0000] {processor.py:925} INFO - DAG(s) 'first_dag_v6' retrieved from /opt/airflow/dags/first_dag.py
[2024-09-30T10:32:37.268+0000] {logging_mixin.py:190} INFO - [2024-09-30T10:32:37.268+0000] {dag.py:3229} INFO - Sync 1 DAGs
[2024-09-30T10:32:37.290+0000] {logging_mixin.py:190} INFO - [2024-09-30T10:32:37.289+0000] {dag.py:4156} INFO - Setting next_dagrun for first_dag_v6 to 2024-09-30 00:00:00+00:00, run_after=2024-10-01 00:00:00+00:00
[2024-09-30T10:32:37.301+0000] {processor.py:208} INFO - Processing /opt/airflow/dags/first_dag.py took 0.090 seconds
[2024-09-30T10:32:47.735+0000] {logging_mixin.py:190} WARNING - /home/airflow/.local/lib/python3.12/site-packages/airflow/settings.py:470 DeprecationWarning: The sql_alchemy_conn option in [core] has been moved to the sql_alchemy_conn option in [database] - the old setting has been used, but please update your config.
[2024-09-30T10:32:47.741+0000] {processor.py:186} INFO - Started process (PID=620) to work on /opt/airflow/dags/first_dag.py
[2024-09-30T10:32:47.741+0000] {processor.py:914} INFO - Processing file /opt/airflow/dags/first_dag.py for tasks to queue
[2024-09-30T10:32:47.743+0000] {logging_mixin.py:190} INFO - [2024-09-30T10:32:47.743+0000] {dagbag.py:587} INFO - Filling up the DagBag from /opt/airflow/dags/first_dag.py
[2024-09-30T10:32:47.751+0000] {processor.py:925} INFO - DAG(s) 'first_dag_v6' retrieved from /opt/airflow/dags/first_dag.py
[2024-09-30T10:32:47.768+0000] {logging_mixin.py:190} INFO - [2024-09-30T10:32:47.767+0000] {dag.py:3229} INFO - Sync 1 DAGs
[2024-09-30T10:32:47.785+0000] {logging_mixin.py:190} INFO - [2024-09-30T10:32:47.785+0000] {dag.py:4156} INFO - Setting next_dagrun for first_dag_v6 to 2024-09-30 00:00:00+00:00, run_after=2024-10-01 00:00:00+00:00
[2024-09-30T10:32:47.797+0000] {processor.py:208} INFO - Processing /opt/airflow/dags/first_dag.py took 0.064 seconds
[2024-09-30T10:32:58.202+0000] {logging_mixin.py:190} WARNING - /home/airflow/.local/lib/python3.12/site-packages/airflow/settings.py:470 DeprecationWarning: The sql_alchemy_conn option in [core] has been moved to the sql_alchemy_conn option in [database] - the old setting has been used, but please update your config.
[2024-09-30T10:32:58.207+0000] {processor.py:186} INFO - Started process (PID=666) to work on /opt/airflow/dags/first_dag.py
[2024-09-30T10:32:58.207+0000] {processor.py:914} INFO - Processing file /opt/airflow/dags/first_dag.py for tasks to queue
[2024-09-30T10:32:58.209+0000] {logging_mixin.py:190} INFO - [2024-09-30T10:32:58.209+0000] {dagbag.py:587} INFO - Filling up the DagBag from /opt/airflow/dags/first_dag.py
[2024-09-30T10:32:58.217+0000] {processor.py:925} INFO - DAG(s) 'first_dag_v6' retrieved from /opt/airflow/dags/first_dag.py
[2024-09-30T10:32:58.236+0000] {logging_mixin.py:190} INFO - [2024-09-30T10:32:58.236+0000] {dag.py:3229} INFO - Sync 1 DAGs
[2024-09-30T10:32:58.253+0000] {logging_mixin.py:190} INFO - [2024-09-30T10:32:58.252+0000] {dag.py:4156} INFO - Setting next_dagrun for first_dag_v6 to 2024-09-30 00:00:00+00:00, run_after=2024-10-01 00:00:00+00:00
[2024-09-30T10:32:58.263+0000] {processor.py:208} INFO - Processing /opt/airflow/dags/first_dag.py took 0.063 seconds
[2024-09-30T10:33:08.633+0000] {logging_mixin.py:190} WARNING - /home/airflow/.local/lib/python3.12/site-packages/airflow/settings.py:470 DeprecationWarning: The sql_alchemy_conn option in [core] has been moved to the sql_alchemy_conn option in [database] - the old setting has been used, but please update your config.
[2024-09-30T10:33:08.639+0000] {processor.py:186} INFO - Started process (PID=711) to work on /opt/airflow/dags/first_dag.py
[2024-09-30T10:33:08.639+0000] {processor.py:914} INFO - Processing file /opt/airflow/dags/first_dag.py for tasks to queue
[2024-09-30T10:33:08.641+0000] {logging_mixin.py:190} INFO - [2024-09-30T10:33:08.641+0000] {dagbag.py:587} INFO - Filling up the DagBag from /opt/airflow/dags/first_dag.py
[2024-09-30T10:33:08.651+0000] {processor.py:925} INFO - DAG(s) 'first_dag_v6' retrieved from /opt/airflow/dags/first_dag.py
[2024-09-30T10:33:08.670+0000] {logging_mixin.py:190} INFO - [2024-09-30T10:33:08.669+0000] {dag.py:3229} INFO - Sync 1 DAGs
[2024-09-30T10:33:08.686+0000] {logging_mixin.py:190} INFO - [2024-09-30T10:33:08.686+0000] {dag.py:4156} INFO - Setting next_dagrun for first_dag_v6 to 2024-09-30 00:00:00+00:00, run_after=2024-10-01 00:00:00+00:00
[2024-09-30T10:33:08.697+0000] {processor.py:208} INFO - Processing /opt/airflow/dags/first_dag.py took 0.067 seconds
[2024-09-30T10:33:19.087+0000] {logging_mixin.py:190} WARNING - /home/airflow/.local/lib/python3.12/site-packages/airflow/settings.py:470 DeprecationWarning: The sql_alchemy_conn option in [core] has been moved to the sql_alchemy_conn option in [database] - the old setting has been used, but please update your config.
[2024-09-30T10:33:19.091+0000] {processor.py:186} INFO - Started process (PID=756) to work on /opt/airflow/dags/first_dag.py
[2024-09-30T10:33:19.092+0000] {processor.py:914} INFO - Processing file /opt/airflow/dags/first_dag.py for tasks to queue
[2024-09-30T10:33:19.093+0000] {logging_mixin.py:190} INFO - [2024-09-30T10:33:19.093+0000] {dagbag.py:587} INFO - Filling up the DagBag from /opt/airflow/dags/first_dag.py
[2024-09-30T10:33:19.101+0000] {processor.py:925} INFO - DAG(s) 'first_dag_v6' retrieved from /opt/airflow/dags/first_dag.py
[2024-09-30T10:33:19.116+0000] {logging_mixin.py:190} INFO - [2024-09-30T10:33:19.116+0000] {dag.py:3229} INFO - Sync 1 DAGs
[2024-09-30T10:33:19.131+0000] {logging_mixin.py:190} INFO - [2024-09-30T10:33:19.131+0000] {dag.py:4156} INFO - Setting next_dagrun for first_dag_v6 to 2024-09-30 00:00:00+00:00, run_after=2024-10-01 00:00:00+00:00
[2024-09-30T10:33:19.142+0000] {processor.py:208} INFO - Processing /opt/airflow/dags/first_dag.py took 0.057 seconds
[2024-09-30T10:33:29.488+0000] {logging_mixin.py:190} WARNING - /home/airflow/.local/lib/python3.12/site-packages/airflow/settings.py:470 DeprecationWarning: The sql_alchemy_conn option in [core] has been moved to the sql_alchemy_conn option in [database] - the old setting has been used, but please update your config.
[2024-09-30T10:33:29.492+0000] {processor.py:186} INFO - Started process (PID=801) to work on /opt/airflow/dags/first_dag.py
[2024-09-30T10:33:29.493+0000] {processor.py:914} INFO - Processing file /opt/airflow/dags/first_dag.py for tasks to queue
[2024-09-30T10:33:29.494+0000] {logging_mixin.py:190} INFO - [2024-09-30T10:33:29.494+0000] {dagbag.py:587} INFO - Filling up the DagBag from /opt/airflow/dags/first_dag.py
[2024-09-30T10:33:29.503+0000] {processor.py:925} INFO - DAG(s) 'first_dag_v6' retrieved from /opt/airflow/dags/first_dag.py
[2024-09-30T10:33:29.518+0000] {logging_mixin.py:190} INFO - [2024-09-30T10:33:29.518+0000] {dag.py:3229} INFO - Sync 1 DAGs
[2024-09-30T10:33:29.533+0000] {logging_mixin.py:190} INFO - [2024-09-30T10:33:29.533+0000] {dag.py:4156} INFO - Setting next_dagrun for first_dag_v6 to 2024-09-30 00:00:00+00:00, run_after=2024-10-01 00:00:00+00:00
[2024-09-30T10:33:29.543+0000] {processor.py:208} INFO - Processing /opt/airflow/dags/first_dag.py took 0.057 seconds
[2024-09-30T10:33:39.640+0000] {logging_mixin.py:190} WARNING - /home/airflow/.local/lib/python3.12/site-packages/airflow/settings.py:470 DeprecationWarning: The sql_alchemy_conn option in [core] has been moved to the sql_alchemy_conn option in [database] - the old setting has been used, but please update your config.
[2024-09-30T10:33:39.645+0000] {processor.py:186} INFO - Started process (PID=846) to work on /opt/airflow/dags/first_dag.py
[2024-09-30T10:33:39.645+0000] {processor.py:914} INFO - Processing file /opt/airflow/dags/first_dag.py for tasks to queue
[2024-09-30T10:33:39.647+0000] {logging_mixin.py:190} INFO - [2024-09-30T10:33:39.647+0000] {dagbag.py:587} INFO - Filling up the DagBag from /opt/airflow/dags/first_dag.py
[2024-09-30T10:33:39.657+0000] {processor.py:925} INFO - DAG(s) 'first_dag_v6' retrieved from /opt/airflow/dags/first_dag.py
[2024-09-30T10:33:39.674+0000] {logging_mixin.py:190} INFO - [2024-09-30T10:33:39.674+0000] {dag.py:3229} INFO - Sync 1 DAGs
[2024-09-30T10:33:39.691+0000] {logging_mixin.py:190} INFO - [2024-09-30T10:33:39.691+0000] {dag.py:4156} INFO - Setting next_dagrun for first_dag_v6 to 2024-09-30 00:00:00+00:00, run_after=2024-10-01 00:00:00+00:00
[2024-09-30T10:33:39.703+0000] {processor.py:208} INFO - Processing /opt/airflow/dags/first_dag.py took 0.066 seconds
[2024-09-30T10:33:50.081+0000] {logging_mixin.py:190} WARNING - /home/airflow/.local/lib/python3.12/site-packages/airflow/settings.py:470 DeprecationWarning: The sql_alchemy_conn option in [core] has been moved to the sql_alchemy_conn option in [database] - the old setting has been used, but please update your config.
[2024-09-30T10:33:50.086+0000] {processor.py:186} INFO - Started process (PID=891) to work on /opt/airflow/dags/first_dag.py
[2024-09-30T10:33:50.086+0000] {processor.py:914} INFO - Processing file /opt/airflow/dags/first_dag.py for tasks to queue
[2024-09-30T10:33:50.087+0000] {logging_mixin.py:190} INFO - [2024-09-30T10:33:50.087+0000] {dagbag.py:587} INFO - Filling up the DagBag from /opt/airflow/dags/first_dag.py
[2024-09-30T10:33:50.095+0000] {processor.py:925} INFO - DAG(s) 'first_dag_v6' retrieved from /opt/airflow/dags/first_dag.py
[2024-09-30T10:33:50.110+0000] {logging_mixin.py:190} INFO - [2024-09-30T10:33:50.110+0000] {dag.py:3229} INFO - Sync 1 DAGs
[2024-09-30T10:33:50.125+0000] {logging_mixin.py:190} INFO - [2024-09-30T10:33:50.125+0000] {dag.py:4156} INFO - Setting next_dagrun for first_dag_v6 to 2024-09-30 00:00:00+00:00, run_after=2024-10-01 00:00:00+00:00
[2024-09-30T10:33:50.136+0000] {processor.py:208} INFO - Processing /opt/airflow/dags/first_dag.py took 0.058 seconds
[2024-09-30T10:34:00.572+0000] {logging_mixin.py:190} WARNING - /home/airflow/.local/lib/python3.12/site-packages/airflow/settings.py:470 DeprecationWarning: The sql_alchemy_conn option in [core] has been moved to the sql_alchemy_conn option in [database] - the old setting has been used, but please update your config.
[2024-09-30T10:34:00.577+0000] {processor.py:186} INFO - Started process (PID=936) to work on /opt/airflow/dags/first_dag.py
[2024-09-30T10:34:00.577+0000] {processor.py:914} INFO - Processing file /opt/airflow/dags/first_dag.py for tasks to queue
[2024-09-30T10:34:00.578+0000] {logging_mixin.py:190} INFO - [2024-09-30T10:34:00.578+0000] {dagbag.py:587} INFO - Filling up the DagBag from /opt/airflow/dags/first_dag.py
[2024-09-30T10:34:00.586+0000] {processor.py:925} INFO - DAG(s) 'first_dag_v6' retrieved from /opt/airflow/dags/first_dag.py
[2024-09-30T10:34:00.601+0000] {logging_mixin.py:190} INFO - [2024-09-30T10:34:00.601+0000] {dag.py:3229} INFO - Sync 1 DAGs
[2024-09-30T10:34:00.616+0000] {logging_mixin.py:190} INFO - [2024-09-30T10:34:00.616+0000] {dag.py:4156} INFO - Setting next_dagrun for first_dag_v6 to 2024-09-30 00:00:00+00:00, run_after=2024-10-01 00:00:00+00:00
[2024-09-30T10:34:00.627+0000] {processor.py:208} INFO - Processing /opt/airflow/dags/first_dag.py took 0.057 seconds
[2024-09-30T10:34:11.084+0000] {logging_mixin.py:190} WARNING - /home/airflow/.local/lib/python3.12/site-packages/airflow/settings.py:470 DeprecationWarning: The sql_alchemy_conn option in [core] has been moved to the sql_alchemy_conn option in [database] - the old setting has been used, but please update your config.
[2024-09-30T10:34:11.089+0000] {processor.py:186} INFO - Started process (PID=981) to work on /opt/airflow/dags/first_dag.py
[2024-09-30T10:34:11.090+0000] {processor.py:914} INFO - Processing file /opt/airflow/dags/first_dag.py for tasks to queue
[2024-09-30T10:34:11.091+0000] {logging_mixin.py:190} INFO - [2024-09-30T10:34:11.091+0000] {dagbag.py:587} INFO - Filling up the DagBag from /opt/airflow/dags/first_dag.py
[2024-09-30T10:34:11.099+0000] {processor.py:925} INFO - DAG(s) 'first_dag_v6' retrieved from /opt/airflow/dags/first_dag.py
[2024-09-30T10:34:11.114+0000] {logging_mixin.py:190} INFO - [2024-09-30T10:34:11.114+0000] {dag.py:3229} INFO - Sync 1 DAGs
[2024-09-30T10:34:11.130+0000] {logging_mixin.py:190} INFO - [2024-09-30T10:34:11.129+0000] {dag.py:4156} INFO - Setting next_dagrun for first_dag_v6 to 2024-09-30 00:00:00+00:00, run_after=2024-10-01 00:00:00+00:00
[2024-09-30T10:34:11.140+0000] {processor.py:208} INFO - Processing /opt/airflow/dags/first_dag.py took 0.057 seconds
[2024-09-30T10:34:21.571+0000] {logging_mixin.py:190} WARNING - /home/airflow/.local/lib/python3.12/site-packages/airflow/settings.py:470 DeprecationWarning: The sql_alchemy_conn option in [core] has been moved to the sql_alchemy_conn option in [database] - the old setting has been used, but please update your config.
[2024-09-30T10:34:21.576+0000] {processor.py:186} INFO - Started process (PID=1026) to work on /opt/airflow/dags/first_dag.py
[2024-09-30T10:34:21.576+0000] {processor.py:914} INFO - Processing file /opt/airflow/dags/first_dag.py for tasks to queue
[2024-09-30T10:34:21.578+0000] {logging_mixin.py:190} INFO - [2024-09-30T10:34:21.578+0000] {dagbag.py:587} INFO - Filling up the DagBag from /opt/airflow/dags/first_dag.py
[2024-09-30T10:34:21.585+0000] {processor.py:925} INFO - DAG(s) 'first_dag_v6' retrieved from /opt/airflow/dags/first_dag.py
[2024-09-30T10:34:21.601+0000] {logging_mixin.py:190} INFO - [2024-09-30T10:34:21.601+0000] {dag.py:3229} INFO - Sync 1 DAGs
[2024-09-30T10:34:21.616+0000] {logging_mixin.py:190} INFO - [2024-09-30T10:34:21.616+0000] {dag.py:4156} INFO - Setting next_dagrun for first_dag_v6 to 2024-09-30 00:00:00+00:00, run_after=2024-10-01 00:00:00+00:00
[2024-09-30T10:34:21.628+0000] {processor.py:208} INFO - Processing /opt/airflow/dags/first_dag.py took 0.059 seconds
[2024-09-30T10:34:32.095+0000] {logging_mixin.py:190} WARNING - /home/airflow/.local/lib/python3.12/site-packages/airflow/settings.py:470 DeprecationWarning: The sql_alchemy_conn option in [core] has been moved to the sql_alchemy_conn option in [database] - the old setting has been used, but please update your config.
[2024-09-30T10:34:32.100+0000] {processor.py:186} INFO - Started process (PID=1071) to work on /opt/airflow/dags/first_dag.py
[2024-09-30T10:34:32.100+0000] {processor.py:914} INFO - Processing file /opt/airflow/dags/first_dag.py for tasks to queue
[2024-09-30T10:34:32.102+0000] {logging_mixin.py:190} INFO - [2024-09-30T10:34:32.101+0000] {dagbag.py:587} INFO - Filling up the DagBag from /opt/airflow/dags/first_dag.py
[2024-09-30T10:34:32.110+0000] {processor.py:925} INFO - DAG(s) 'first_dag_v6' retrieved from /opt/airflow/dags/first_dag.py
[2024-09-30T10:34:32.126+0000] {logging_mixin.py:190} INFO - [2024-09-30T10:34:32.126+0000] {dag.py:3229} INFO - Sync 1 DAGs
[2024-09-30T10:34:32.141+0000] {logging_mixin.py:190} INFO - [2024-09-30T10:34:32.141+0000] {dag.py:4156} INFO - Setting next_dagrun for first_dag_v6 to 2024-09-30 00:00:00+00:00, run_after=2024-10-01 00:00:00+00:00
[2024-09-30T10:34:32.152+0000] {processor.py:208} INFO - Processing /opt/airflow/dags/first_dag.py took 0.060 seconds
[2024-09-30T10:34:42.886+0000] {logging_mixin.py:190} WARNING - /home/airflow/.local/lib/python3.12/site-packages/airflow/settings.py:470 DeprecationWarning: The sql_alchemy_conn option in [core] has been moved to the sql_alchemy_conn option in [database] - the old setting has been used, but please update your config.
[2024-09-30T10:34:42.891+0000] {processor.py:186} INFO - Started process (PID=1116) to work on /opt/airflow/dags/first_dag.py
[2024-09-30T10:34:42.892+0000] {processor.py:914} INFO - Processing file /opt/airflow/dags/first_dag.py for tasks to queue
[2024-09-30T10:34:42.893+0000] {logging_mixin.py:190} INFO - [2024-09-30T10:34:42.893+0000] {dagbag.py:587} INFO - Filling up the DagBag from /opt/airflow/dags/first_dag.py
[2024-09-30T10:34:42.902+0000] {processor.py:925} INFO - DAG(s) 'first_dag_v6' retrieved from /opt/airflow/dags/first_dag.py
[2024-09-30T10:34:42.921+0000] {logging_mixin.py:190} INFO - [2024-09-30T10:34:42.921+0000] {dag.py:3229} INFO - Sync 1 DAGs
[2024-09-30T10:34:42.939+0000] {logging_mixin.py:190} INFO - [2024-09-30T10:34:42.939+0000] {dag.py:4156} INFO - Setting next_dagrun for first_dag_v6 to 2024-09-30 00:00:00+00:00, run_after=2024-10-01 00:00:00+00:00
[2024-09-30T10:34:42.954+0000] {processor.py:208} INFO - Processing /opt/airflow/dags/first_dag.py took 0.071 seconds
[2024-09-30T10:34:53.420+0000] {logging_mixin.py:190} WARNING - /home/airflow/.local/lib/python3.12/site-packages/airflow/settings.py:470 DeprecationWarning: The sql_alchemy_conn option in [core] has been moved to the sql_alchemy_conn option in [database] - the old setting has been used, but please update your config.
[2024-09-30T10:34:53.425+0000] {processor.py:186} INFO - Started process (PID=1161) to work on /opt/airflow/dags/first_dag.py
[2024-09-30T10:34:53.425+0000] {processor.py:914} INFO - Processing file /opt/airflow/dags/first_dag.py for tasks to queue
[2024-09-30T10:34:53.427+0000] {logging_mixin.py:190} INFO - [2024-09-30T10:34:53.426+0000] {dagbag.py:587} INFO - Filling up the DagBag from /opt/airflow/dags/first_dag.py
[2024-09-30T10:34:53.434+0000] {processor.py:925} INFO - DAG(s) 'first_dag_v6' retrieved from /opt/airflow/dags/first_dag.py
[2024-09-30T10:34:53.450+0000] {logging_mixin.py:190} INFO - [2024-09-30T10:34:53.450+0000] {dag.py:3229} INFO - Sync 1 DAGs
[2024-09-30T10:34:53.465+0000] {logging_mixin.py:190} INFO - [2024-09-30T10:34:53.465+0000] {dag.py:4156} INFO - Setting next_dagrun for first_dag_v6 to 2024-09-30 00:00:00+00:00, run_after=2024-10-01 00:00:00+00:00
[2024-09-30T10:34:53.475+0000] {processor.py:208} INFO - Processing /opt/airflow/dags/first_dag.py took 0.057 seconds
[2024-09-30T10:35:04.292+0000] {logging_mixin.py:190} WARNING - /home/airflow/.local/lib/python3.12/site-packages/airflow/settings.py:470 DeprecationWarning: The sql_alchemy_conn option in [core] has been moved to the sql_alchemy_conn option in [database] - the old setting has been used, but please update your config.
[2024-09-30T10:35:04.298+0000] {processor.py:186} INFO - Started process (PID=1206) to work on /opt/airflow/dags/first_dag.py
[2024-09-30T10:35:04.298+0000] {processor.py:914} INFO - Processing file /opt/airflow/dags/first_dag.py for tasks to queue
[2024-09-30T10:35:04.300+0000] {logging_mixin.py:190} INFO - [2024-09-30T10:35:04.300+0000] {dagbag.py:587} INFO - Filling up the DagBag from /opt/airflow/dags/first_dag.py
[2024-09-30T10:35:04.309+0000] {processor.py:925} INFO - DAG(s) 'first_dag_v6' retrieved from /opt/airflow/dags/first_dag.py
[2024-09-30T10:35:04.327+0000] {logging_mixin.py:190} INFO - [2024-09-30T10:35:04.326+0000] {dag.py:3229} INFO - Sync 1 DAGs
[2024-09-30T10:35:04.342+0000] {logging_mixin.py:190} INFO - [2024-09-30T10:35:04.342+0000] {dag.py:4156} INFO - Setting next_dagrun for first_dag_v6 to 2024-09-30 00:00:00+00:00, run_after=2024-10-01 00:00:00+00:00
[2024-09-30T10:35:04.353+0000] {processor.py:208} INFO - Processing /opt/airflow/dags/first_dag.py took 0.063 seconds
[2024-09-30T10:35:14.827+0000] {logging_mixin.py:190} WARNING - /home/airflow/.local/lib/python3.12/site-packages/airflow/settings.py:470 DeprecationWarning: The sql_alchemy_conn option in [core] has been moved to the sql_alchemy_conn option in [database] - the old setting has been used, but please update your config.
[2024-09-30T10:35:14.832+0000] {processor.py:186} INFO - Started process (PID=1250) to work on /opt/airflow/dags/first_dag.py
[2024-09-30T10:35:14.832+0000] {processor.py:914} INFO - Processing file /opt/airflow/dags/first_dag.py for tasks to queue
[2024-09-30T10:35:14.834+0000] {logging_mixin.py:190} INFO - [2024-09-30T10:35:14.834+0000] {dagbag.py:587} INFO - Filling up the DagBag from /opt/airflow/dags/first_dag.py
[2024-09-30T10:35:14.841+0000] {processor.py:925} INFO - DAG(s) 'first_dag_v6' retrieved from /opt/airflow/dags/first_dag.py
[2024-09-30T10:35:14.857+0000] {logging_mixin.py:190} INFO - [2024-09-30T10:35:14.857+0000] {dag.py:3229} INFO - Sync 1 DAGs
[2024-09-30T10:35:14.873+0000] {logging_mixin.py:190} INFO - [2024-09-30T10:35:14.873+0000] {dag.py:4156} INFO - Setting next_dagrun for first_dag_v6 to 2024-09-30 00:00:00+00:00, run_after=2024-10-01 00:00:00+00:00
[2024-09-30T10:35:14.885+0000] {processor.py:208} INFO - Processing /opt/airflow/dags/first_dag.py took 0.060 seconds
[2024-09-30T10:35:25.454+0000] {logging_mixin.py:190} WARNING - /home/airflow/.local/lib/python3.12/site-packages/airflow/settings.py:470 DeprecationWarning: The sql_alchemy_conn option in [core] has been moved to the sql_alchemy_conn option in [database] - the old setting has been used, but please update your config.
[2024-09-30T10:35:25.463+0000] {processor.py:186} INFO - Started process (PID=1296) to work on /opt/airflow/dags/first_dag.py
[2024-09-30T10:35:25.465+0000] {processor.py:914} INFO - Processing file /opt/airflow/dags/first_dag.py for tasks to queue
[2024-09-30T10:35:25.468+0000] {logging_mixin.py:190} INFO - [2024-09-30T10:35:25.468+0000] {dagbag.py:587} INFO - Filling up the DagBag from /opt/airflow/dags/first_dag.py
[2024-09-30T10:35:25.480+0000] {processor.py:925} INFO - DAG(s) 'first_dag_v6' retrieved from /opt/airflow/dags/first_dag.py
[2024-09-30T10:35:25.507+0000] {logging_mixin.py:190} INFO - [2024-09-30T10:35:25.506+0000] {dag.py:3229} INFO - Sync 1 DAGs
[2024-09-30T10:35:25.538+0000] {logging_mixin.py:190} INFO - [2024-09-30T10:35:25.537+0000] {dag.py:4156} INFO - Setting next_dagrun for first_dag_v6 to 2024-09-30 00:00:00+00:00, run_after=2024-10-01 00:00:00+00:00
[2024-09-30T10:35:25.559+0000] {processor.py:208} INFO - Processing /opt/airflow/dags/first_dag.py took 0.111 seconds
[2024-09-30T10:35:35.996+0000] {logging_mixin.py:190} WARNING - /home/airflow/.local/lib/python3.12/site-packages/airflow/settings.py:470 DeprecationWarning: The sql_alchemy_conn option in [core] has been moved to the sql_alchemy_conn option in [database] - the old setting has been used, but please update your config.
[2024-09-30T10:35:36.001+0000] {processor.py:186} INFO - Started process (PID=1341) to work on /opt/airflow/dags/first_dag.py
[2024-09-30T10:35:36.001+0000] {processor.py:914} INFO - Processing file /opt/airflow/dags/first_dag.py for tasks to queue
[2024-09-30T10:35:36.002+0000] {logging_mixin.py:190} INFO - [2024-09-30T10:35:36.002+0000] {dagbag.py:587} INFO - Filling up the DagBag from /opt/airflow/dags/first_dag.py
[2024-09-30T10:35:36.010+0000] {processor.py:925} INFO - DAG(s) 'first_dag_v6' retrieved from /opt/airflow/dags/first_dag.py
[2024-09-30T10:35:36.026+0000] {logging_mixin.py:190} INFO - [2024-09-30T10:35:36.026+0000] {dag.py:3229} INFO - Sync 1 DAGs
[2024-09-30T10:35:36.048+0000] {logging_mixin.py:190} INFO - [2024-09-30T10:35:36.047+0000] {dag.py:4156} INFO - Setting next_dagrun for first_dag_v6 to 2024-09-30 00:00:00+00:00, run_after=2024-10-01 00:00:00+00:00
[2024-09-30T10:35:36.069+0000] {processor.py:208} INFO - Processing /opt/airflow/dags/first_dag.py took 0.075 seconds
[2024-09-30T10:35:46.506+0000] {logging_mixin.py:190} WARNING - /home/airflow/.local/lib/python3.12/site-packages/airflow/settings.py:470 DeprecationWarning: The sql_alchemy_conn option in [core] has been moved to the sql_alchemy_conn option in [database] - the old setting has been used, but please update your config.
[2024-09-30T10:35:46.512+0000] {processor.py:186} INFO - Started process (PID=1386) to work on /opt/airflow/dags/first_dag.py
[2024-09-30T10:35:46.512+0000] {processor.py:914} INFO - Processing file /opt/airflow/dags/first_dag.py for tasks to queue
[2024-09-30T10:35:46.514+0000] {logging_mixin.py:190} INFO - [2024-09-30T10:35:46.514+0000] {dagbag.py:587} INFO - Filling up the DagBag from /opt/airflow/dags/first_dag.py
[2024-09-30T10:35:46.522+0000] {processor.py:925} INFO - DAG(s) 'first_dag_v6' retrieved from /opt/airflow/dags/first_dag.py
[2024-09-30T10:35:46.538+0000] {logging_mixin.py:190} INFO - [2024-09-30T10:35:46.537+0000] {dag.py:3229} INFO - Sync 1 DAGs
[2024-09-30T10:35:46.553+0000] {logging_mixin.py:190} INFO - [2024-09-30T10:35:46.552+0000] {dag.py:4156} INFO - Setting next_dagrun for first_dag_v6 to 2024-09-30 00:00:00+00:00, run_after=2024-10-01 00:00:00+00:00
[2024-09-30T10:35:46.563+0000] {processor.py:208} INFO - Processing /opt/airflow/dags/first_dag.py took 0.059 seconds
[2024-09-30T10:35:56.996+0000] {logging_mixin.py:190} WARNING - /home/airflow/.local/lib/python3.12/site-packages/airflow/settings.py:470 DeprecationWarning: The sql_alchemy_conn option in [core] has been moved to the sql_alchemy_conn option in [database] - the old setting has been used, but please update your config.
[2024-09-30T10:35:57.004+0000] {processor.py:186} INFO - Started process (PID=1431) to work on /opt/airflow/dags/first_dag.py
[2024-09-30T10:35:57.004+0000] {processor.py:914} INFO - Processing file /opt/airflow/dags/first_dag.py for tasks to queue
[2024-09-30T10:35:57.007+0000] {logging_mixin.py:190} INFO - [2024-09-30T10:35:57.007+0000] {dagbag.py:587} INFO - Filling up the DagBag from /opt/airflow/dags/first_dag.py
[2024-09-30T10:35:57.016+0000] {processor.py:925} INFO - DAG(s) 'first_dag_v6' retrieved from /opt/airflow/dags/first_dag.py
[2024-09-30T10:35:57.032+0000] {logging_mixin.py:190} INFO - [2024-09-30T10:35:57.032+0000] {dag.py:3229} INFO - Sync 1 DAGs
[2024-09-30T10:35:57.048+0000] {logging_mixin.py:190} INFO - [2024-09-30T10:35:57.047+0000] {dag.py:4156} INFO - Setting next_dagrun for first_dag_v6 to 2024-09-30 00:00:00+00:00, run_after=2024-10-01 00:00:00+00:00
[2024-09-30T10:35:57.059+0000] {processor.py:208} INFO - Processing /opt/airflow/dags/first_dag.py took 0.066 seconds
[2024-09-30T10:36:07.534+0000] {logging_mixin.py:190} WARNING - /home/airflow/.local/lib/python3.12/site-packages/airflow/settings.py:470 DeprecationWarning: The sql_alchemy_conn option in [core] has been moved to the sql_alchemy_conn option in [database] - the old setting has been used, but please update your config.
[2024-09-30T10:36:07.539+0000] {processor.py:186} INFO - Started process (PID=1476) to work on /opt/airflow/dags/first_dag.py
[2024-09-30T10:36:07.539+0000] {processor.py:914} INFO - Processing file /opt/airflow/dags/first_dag.py for tasks to queue
[2024-09-30T10:36:07.541+0000] {logging_mixin.py:190} INFO - [2024-09-30T10:36:07.541+0000] {dagbag.py:587} INFO - Filling up the DagBag from /opt/airflow/dags/first_dag.py
[2024-09-30T10:36:07.549+0000] {processor.py:925} INFO - DAG(s) 'first_dag_v6' retrieved from /opt/airflow/dags/first_dag.py
[2024-09-30T10:36:07.569+0000] {logging_mixin.py:190} INFO - [2024-09-30T10:36:07.569+0000] {dag.py:3229} INFO - Sync 1 DAGs
[2024-09-30T10:36:07.584+0000] {logging_mixin.py:190} INFO - [2024-09-30T10:36:07.584+0000] {dag.py:4156} INFO - Setting next_dagrun for first_dag_v6 to 2024-09-30 00:00:00+00:00, run_after=2024-10-01 00:00:00+00:00
[2024-09-30T10:36:07.595+0000] {processor.py:208} INFO - Processing /opt/airflow/dags/first_dag.py took 0.063 seconds
[2024-09-30T10:36:17.975+0000] {logging_mixin.py:190} WARNING - /home/airflow/.local/lib/python3.12/site-packages/airflow/settings.py:470 DeprecationWarning: The sql_alchemy_conn option in [core] has been moved to the sql_alchemy_conn option in [database] - the old setting has been used, but please update your config.
[2024-09-30T10:36:17.980+0000] {processor.py:186} INFO - Started process (PID=1521) to work on /opt/airflow/dags/first_dag.py
[2024-09-30T10:36:17.981+0000] {processor.py:914} INFO - Processing file /opt/airflow/dags/first_dag.py for tasks to queue
[2024-09-30T10:36:17.982+0000] {logging_mixin.py:190} INFO - [2024-09-30T10:36:17.982+0000] {dagbag.py:587} INFO - Filling up the DagBag from /opt/airflow/dags/first_dag.py
[2024-09-30T10:36:17.990+0000] {processor.py:925} INFO - DAG(s) 'first_dag_v6' retrieved from /opt/airflow/dags/first_dag.py
[2024-09-30T10:36:18.006+0000] {logging_mixin.py:190} INFO - [2024-09-30T10:36:18.006+0000] {dag.py:3229} INFO - Sync 1 DAGs
[2024-09-30T10:36:18.022+0000] {logging_mixin.py:190} INFO - [2024-09-30T10:36:18.021+0000] {dag.py:4156} INFO - Setting next_dagrun for first_dag_v6 to 2024-09-30 00:00:00+00:00, run_after=2024-10-01 00:00:00+00:00
[2024-09-30T10:36:18.032+0000] {processor.py:208} INFO - Processing /opt/airflow/dags/first_dag.py took 0.059 seconds
[2024-09-30T10:36:28.523+0000] {logging_mixin.py:190} WARNING - /home/airflow/.local/lib/python3.12/site-packages/airflow/settings.py:470 DeprecationWarning: The sql_alchemy_conn option in [core] has been moved to the sql_alchemy_conn option in [database] - the old setting has been used, but please update your config.
[2024-09-30T10:36:28.527+0000] {processor.py:186} INFO - Started process (PID=1566) to work on /opt/airflow/dags/first_dag.py
[2024-09-30T10:36:28.528+0000] {processor.py:914} INFO - Processing file /opt/airflow/dags/first_dag.py for tasks to queue
[2024-09-30T10:36:28.529+0000] {logging_mixin.py:190} INFO - [2024-09-30T10:36:28.529+0000] {dagbag.py:587} INFO - Filling up the DagBag from /opt/airflow/dags/first_dag.py
[2024-09-30T10:36:28.537+0000] {processor.py:925} INFO - DAG(s) 'first_dag_v6' retrieved from /opt/airflow/dags/first_dag.py
[2024-09-30T10:36:28.552+0000] {logging_mixin.py:190} INFO - [2024-09-30T10:36:28.552+0000] {dag.py:3229} INFO - Sync 1 DAGs
[2024-09-30T10:36:28.567+0000] {logging_mixin.py:190} INFO - [2024-09-30T10:36:28.567+0000] {dag.py:4156} INFO - Setting next_dagrun for first_dag_v6 to 2024-09-30 00:00:00+00:00, run_after=2024-10-01 00:00:00+00:00
[2024-09-30T10:36:28.578+0000] {processor.py:208} INFO - Processing /opt/airflow/dags/first_dag.py took 0.057 seconds
[2024-09-30T10:36:39.027+0000] {logging_mixin.py:190} WARNING - /home/airflow/.local/lib/python3.12/site-packages/airflow/settings.py:470 DeprecationWarning: The sql_alchemy_conn option in [core] has been moved to the sql_alchemy_conn option in [database] - the old setting has been used, but please update your config.
[2024-09-30T10:36:39.033+0000] {processor.py:186} INFO - Started process (PID=1611) to work on /opt/airflow/dags/first_dag.py
[2024-09-30T10:36:39.033+0000] {processor.py:914} INFO - Processing file /opt/airflow/dags/first_dag.py for tasks to queue
[2024-09-30T10:36:39.034+0000] {logging_mixin.py:190} INFO - [2024-09-30T10:36:39.034+0000] {dagbag.py:587} INFO - Filling up the DagBag from /opt/airflow/dags/first_dag.py
[2024-09-30T10:36:39.042+0000] {processor.py:925} INFO - DAG(s) 'first_dag_v6' retrieved from /opt/airflow/dags/first_dag.py
[2024-09-30T10:36:39.058+0000] {logging_mixin.py:190} INFO - [2024-09-30T10:36:39.058+0000] {dag.py:3229} INFO - Sync 1 DAGs
[2024-09-30T10:36:39.073+0000] {logging_mixin.py:190} INFO - [2024-09-30T10:36:39.073+0000] {dag.py:4156} INFO - Setting next_dagrun for first_dag_v6 to 2024-09-30 00:00:00+00:00, run_after=2024-10-01 00:00:00+00:00
[2024-09-30T10:36:39.084+0000] {processor.py:208} INFO - Processing /opt/airflow/dags/first_dag.py took 0.058 seconds
[2024-09-30T10:36:49.551+0000] {logging_mixin.py:190} WARNING - /home/airflow/.local/lib/python3.12/site-packages/airflow/settings.py:470 DeprecationWarning: The sql_alchemy_conn option in [core] has been moved to the sql_alchemy_conn option in [database] - the old setting has been used, but please update your config.
[2024-09-30T10:36:49.557+0000] {processor.py:186} INFO - Started process (PID=1659) to work on /opt/airflow/dags/first_dag.py
[2024-09-30T10:36:49.557+0000] {processor.py:914} INFO - Processing file /opt/airflow/dags/first_dag.py for tasks to queue
[2024-09-30T10:36:49.561+0000] {logging_mixin.py:190} INFO - [2024-09-30T10:36:49.561+0000] {dagbag.py:587} INFO - Filling up the DagBag from /opt/airflow/dags/first_dag.py
[2024-09-30T10:36:49.570+0000] {processor.py:925} INFO - DAG(s) 'first_dag_v6' retrieved from /opt/airflow/dags/first_dag.py
[2024-09-30T10:36:49.587+0000] {logging_mixin.py:190} INFO - [2024-09-30T10:36:49.586+0000] {dag.py:3229} INFO - Sync 1 DAGs
[2024-09-30T10:36:49.604+0000] {logging_mixin.py:190} INFO - [2024-09-30T10:36:49.604+0000] {dag.py:4156} INFO - Setting next_dagrun for first_dag_v6 to 2024-09-30 00:00:00+00:00, run_after=2024-10-01 00:00:00+00:00
[2024-09-30T10:36:49.617+0000] {processor.py:208} INFO - Processing /opt/airflow/dags/first_dag.py took 0.068 seconds
[2024-09-30T10:37:00.049+0000] {logging_mixin.py:190} WARNING - /home/airflow/.local/lib/python3.12/site-packages/airflow/settings.py:470 DeprecationWarning: The sql_alchemy_conn option in [core] has been moved to the sql_alchemy_conn option in [database] - the old setting has been used, but please update your config.
[2024-09-30T10:37:00.055+0000] {processor.py:186} INFO - Started process (PID=1704) to work on /opt/airflow/dags/first_dag.py
[2024-09-30T10:37:00.055+0000] {processor.py:914} INFO - Processing file /opt/airflow/dags/first_dag.py for tasks to queue
[2024-09-30T10:37:00.056+0000] {logging_mixin.py:190} INFO - [2024-09-30T10:37:00.056+0000] {dagbag.py:587} INFO - Filling up the DagBag from /opt/airflow/dags/first_dag.py
[2024-09-30T10:37:00.064+0000] {processor.py:925} INFO - DAG(s) 'first_dag_v6' retrieved from /opt/airflow/dags/first_dag.py
[2024-09-30T10:37:00.080+0000] {logging_mixin.py:190} INFO - [2024-09-30T10:37:00.080+0000] {dag.py:3229} INFO - Sync 1 DAGs
[2024-09-30T10:37:00.095+0000] {logging_mixin.py:190} INFO - [2024-09-30T10:37:00.095+0000] {dag.py:4156} INFO - Setting next_dagrun for first_dag_v6 to 2024-09-30 00:00:00+00:00, run_after=2024-10-01 00:00:00+00:00
[2024-09-30T10:37:00.106+0000] {processor.py:208} INFO - Processing /opt/airflow/dags/first_dag.py took 0.059 seconds
[2024-09-30T10:37:10.487+0000] {logging_mixin.py:190} WARNING - /home/airflow/.local/lib/python3.12/site-packages/airflow/settings.py:470 DeprecationWarning: The sql_alchemy_conn option in [core] has been moved to the sql_alchemy_conn option in [database] - the old setting has been used, but please update your config.
[2024-09-30T10:37:10.493+0000] {processor.py:186} INFO - Started process (PID=1749) to work on /opt/airflow/dags/first_dag.py
[2024-09-30T10:37:10.493+0000] {processor.py:914} INFO - Processing file /opt/airflow/dags/first_dag.py for tasks to queue
[2024-09-30T10:37:10.495+0000] {logging_mixin.py:190} INFO - [2024-09-30T10:37:10.494+0000] {dagbag.py:587} INFO - Filling up the DagBag from /opt/airflow/dags/first_dag.py
[2024-09-30T10:37:10.504+0000] {processor.py:925} INFO - DAG(s) 'first_dag_v6' retrieved from /opt/airflow/dags/first_dag.py
[2024-09-30T10:37:10.525+0000] {logging_mixin.py:190} INFO - [2024-09-30T10:37:10.525+0000] {dag.py:3229} INFO - Sync 1 DAGs
[2024-09-30T10:37:10.541+0000] {logging_mixin.py:190} INFO - [2024-09-30T10:37:10.541+0000] {dag.py:4156} INFO - Setting next_dagrun for first_dag_v6 to 2024-09-30 00:00:00+00:00, run_after=2024-10-01 00:00:00+00:00
[2024-09-30T10:37:10.553+0000] {processor.py:208} INFO - Processing /opt/airflow/dags/first_dag.py took 0.069 seconds
[2024-09-30T10:37:21.218+0000] {logging_mixin.py:190} WARNING - /home/airflow/.local/lib/python3.12/site-packages/airflow/settings.py:470 DeprecationWarning: The sql_alchemy_conn option in [core] has been moved to the sql_alchemy_conn option in [database] - the old setting has been used, but please update your config.
[2024-09-30T10:37:21.223+0000] {processor.py:186} INFO - Started process (PID=1792) to work on /opt/airflow/dags/first_dag.py
[2024-09-30T10:37:21.223+0000] {processor.py:914} INFO - Processing file /opt/airflow/dags/first_dag.py for tasks to queue
[2024-09-30T10:37:21.225+0000] {logging_mixin.py:190} INFO - [2024-09-30T10:37:21.225+0000] {dagbag.py:587} INFO - Filling up the DagBag from /opt/airflow/dags/first_dag.py
[2024-09-30T10:37:21.233+0000] {processor.py:925} INFO - DAG(s) 'first_dag_v6' retrieved from /opt/airflow/dags/first_dag.py
[2024-09-30T10:37:21.248+0000] {logging_mixin.py:190} INFO - [2024-09-30T10:37:21.248+0000] {dag.py:3229} INFO - Sync 1 DAGs
[2024-09-30T10:37:21.263+0000] {logging_mixin.py:190} INFO - [2024-09-30T10:37:21.263+0000] {dag.py:4156} INFO - Setting next_dagrun for first_dag_v6 to 2024-09-30 00:00:00+00:00, run_after=2024-10-01 00:00:00+00:00
[2024-09-30T10:37:21.273+0000] {processor.py:208} INFO - Processing /opt/airflow/dags/first_dag.py took 0.057 seconds
[2024-09-30T10:37:31.684+0000] {logging_mixin.py:190} WARNING - /home/airflow/.local/lib/python3.12/site-packages/airflow/settings.py:470 DeprecationWarning: The sql_alchemy_conn option in [core] has been moved to the sql_alchemy_conn option in [database] - the old setting has been used, but please update your config.
[2024-09-30T10:37:31.689+0000] {processor.py:186} INFO - Started process (PID=1839) to work on /opt/airflow/dags/first_dag.py
[2024-09-30T10:37:31.689+0000] {processor.py:914} INFO - Processing file /opt/airflow/dags/first_dag.py for tasks to queue
[2024-09-30T10:37:31.690+0000] {logging_mixin.py:190} INFO - [2024-09-30T10:37:31.690+0000] {dagbag.py:587} INFO - Filling up the DagBag from /opt/airflow/dags/first_dag.py
[2024-09-30T10:37:31.698+0000] {processor.py:925} INFO - DAG(s) 'first_dag_v6' retrieved from /opt/airflow/dags/first_dag.py
[2024-09-30T10:37:31.714+0000] {logging_mixin.py:190} INFO - [2024-09-30T10:37:31.714+0000] {dag.py:3229} INFO - Sync 1 DAGs
[2024-09-30T10:37:31.729+0000] {logging_mixin.py:190} INFO - [2024-09-30T10:37:31.729+0000] {dag.py:4156} INFO - Setting next_dagrun for first_dag_v6 to 2024-09-30 00:00:00+00:00, run_after=2024-10-01 00:00:00+00:00
[2024-09-30T10:37:31.740+0000] {processor.py:208} INFO - Processing /opt/airflow/dags/first_dag.py took 0.057 seconds
