[2024-09-28T13:54:00.000+0000] {local_task_job_runner.py:123} INFO - ::group::Pre task execution logs
[2024-09-28T13:54:00.014+0000] {taskinstance.py:2612} INFO - Dependencies all met for dep_context=non-requeueable deps ti=<TaskInstance: dag_with_cron_expression_v01.task1 scheduled__2024-09-23T00:00:00+00:00 [queued]>
[2024-09-28T13:54:00.021+0000] {taskinstance.py:2612} INFO - Dependencies all met for dep_context=requeueable deps ti=<TaskInstance: dag_with_cron_expression_v01.task1 scheduled__2024-09-23T00:00:00+00:00 [queued]>
[2024-09-28T13:54:00.021+0000] {taskinstance.py:2865} INFO - Starting attempt 1 of 6
[2024-09-28T13:54:00.056+0000] {taskinstance.py:2888} INFO - Executing <Task(BashOperator): task1> on 2024-09-23 00:00:00+00:00
[2024-09-28T13:54:00.066+0000] {logging_mixin.py:190} WARNING - /home/***/.local/lib/python3.12/site-packages/***/task/task_runner/standard_task_runner.py:70 DeprecationWarning: This process (pid=6798) is multi-threaded, use of fork() may lead to deadlocks in the child.
[2024-09-28T13:54:00.068+0000] {standard_task_runner.py:72} INFO - Started process 6807 to run task
[2024-09-28T13:54:00.066+0000] {standard_task_runner.py:104} INFO - Running: ['***', 'tasks', 'run', 'dag_with_cron_expression_v01', 'task1', 'scheduled__2024-09-23T00:00:00+00:00', '--job-id', '137', '--raw', '--subdir', 'DAGS_FOLDER/dag_with_cron_expression.py', '--cfg-path', '/tmp/tmp3vg6coq9']
[2024-09-28T13:54:00.070+0000] {standard_task_runner.py:105} INFO - Job 137: Subtask task1
[2024-09-28T13:54:00.206+0000] {task_command.py:467} INFO - Running <TaskInstance: dag_with_cron_expression_v01.task1 scheduled__2024-09-23T00:00:00+00:00 [running]> on host f9a59cccd6d1
[2024-09-28T13:54:00.370+0000] {taskinstance.py:3131} INFO - Exporting env vars: AIRFLOW_CTX_DAG_OWNER='admin' AIRFLOW_CTX_DAG_ID='dag_with_cron_expression_v01' AIRFLOW_CTX_TASK_ID='task1' AIRFLOW_CTX_EXECUTION_DATE='2024-09-23T00:00:00+00:00' AIRFLOW_CTX_TRY_NUMBER='1' AIRFLOW_CTX_DAG_RUN_ID='scheduled__2024-09-23T00:00:00+00:00'
[2024-09-28T13:54:00.375+0000] {taskinstance.py:731} INFO - ::endgroup::
[2024-09-28T13:54:00.414+0000] {subprocess.py:63} INFO - Tmp dir root location: /tmp
[2024-09-28T13:54:00.420+0000] {subprocess.py:75} INFO - Running command: ['/usr/bin/bash', '-c', 'echo dag with cron expression']
[2024-09-28T13:54:00.447+0000] {subprocess.py:86} INFO - Output:
[2024-09-28T13:54:00.450+0000] {subprocess.py:93} INFO - dag with cron expression
[2024-09-28T13:54:00.451+0000] {subprocess.py:97} INFO - Command exited with return code 0
[2024-09-28T13:54:00.504+0000] {taskinstance.py:340} INFO - ::group::Post task execution logs
[2024-09-28T13:54:00.504+0000] {taskinstance.py:352} INFO - Marking task as SUCCESS. dag_id=dag_with_cron_expression_v01, task_id=task1, run_id=scheduled__2024-09-23T00:00:00+00:00, execution_date=20240923T000000, start_date=20240928T135400, end_date=20240928T135400
[2024-09-28T13:54:00.545+0000] {local_task_job_runner.py:266} INFO - Task exited with return code 0
[2024-09-28T13:54:00.557+0000] {taskinstance.py:3900} INFO - 0 downstream tasks scheduled from follow-on schedule check
[2024-09-28T13:54:00.560+0000] {local_task_job_runner.py:245} INFO - ::endgroup::
