[2024-10-03T05:55:15.201+0000] {local_task_job_runner.py:123} INFO - ::group::Pre task execution logs
[2024-10-03T05:55:15.475+0000] {taskinstance.py:2612} INFO - Dependencies all met for dep_context=non-requeueable deps ti=<TaskInstance: first_dag_v6.task_one scheduled__2024-10-02T00:00:00+00:00 [queued]>
[2024-10-03T05:55:15.648+0000] {taskinstance.py:2612} INFO - Dependencies all met for dep_context=requeueable deps ti=<TaskInstance: first_dag_v6.task_one scheduled__2024-10-02T00:00:00+00:00 [queued]>
[2024-10-03T05:55:15.658+0000] {taskinstance.py:2865} INFO - Starting attempt 1 of 6
[2024-10-03T05:55:16.184+0000] {taskinstance.py:2888} INFO - Executing <Task(BashOperator): task_one> on 2024-10-02 00:00:00+00:00
[2024-10-03T05:55:16.278+0000] {standard_task_runner.py:104} INFO - Running: ['***', 'tasks', 'run', 'first_dag_v6', 'task_one', 'scheduled__2024-10-02T00:00:00+00:00', '--job-id', '1272', '--raw', '--subdir', 'DAGS_FOLDER/first_dag.py', '--cfg-path', '/tmp/tmp62ovt6nr']
[2024-10-03T05:55:16.322+0000] {standard_task_runner.py:105} INFO - Job 1272: Subtask task_one
[2024-10-03T05:55:16.332+0000] {logging_mixin.py:190} WARNING - /home/***/.local/lib/python3.12/site-packages/***/task/task_runner/standard_task_runner.py:70 DeprecationWarning: This process (pid=267) is multi-threaded, use of fork() may lead to deadlocks in the child.
[2024-10-03T05:55:16.440+0000] {standard_task_runner.py:72} INFO - Started process 300 to run task
[2024-10-03T05:55:37.854+0000] {logging_mixin.py:190} WARNING - /home/***/.local/lib/python3.12/site-packages/***/settings.py:209 DeprecationWarning: The sql_alchemy_conn option in [core] has been moved to the sql_alchemy_conn option in [database] - the old setting has been used, but please update your config.
[2024-10-03T05:55:43.828+0000] {job.py:229} INFO - Heartbeat recovered after 30.12 seconds
[2024-10-03T05:55:44.562+0000] {task_command.py:467} INFO - Running <TaskInstance: first_dag_v6.task_one scheduled__2024-10-02T00:00:00+00:00 [running]> on host 6851fee35b72
[2024-10-03T05:55:44.638+0000] {logging_mixin.py:190} WARNING - /home/***/.local/lib/python3.12/site-packages/***/settings.py:470 DeprecationWarning: The sql_alchemy_conn option in [core] has been moved to the sql_alchemy_conn option in [database] - the old setting has been used, but please update your config.
[2024-10-03T05:56:07.229+0000] {taskinstance.py:3131} INFO - Exporting env vars: AIRFLOW_CTX_DAG_OWNER='admin' AIRFLOW_CTX_DAG_ID='first_dag_v6' AIRFLOW_CTX_TASK_ID='task_one' AIRFLOW_CTX_EXECUTION_DATE='2024-10-02T00:00:00+00:00' AIRFLOW_CTX_TRY_NUMBER='1' AIRFLOW_CTX_DAG_RUN_ID='scheduled__2024-10-02T00:00:00+00:00'
[2024-10-03T05:56:07.275+0000] {taskinstance.py:731} INFO - ::endgroup::
[2024-10-03T05:56:07.520+0000] {subprocess.py:63} INFO - Tmp dir root location: /tmp
[2024-10-03T05:56:07.537+0000] {subprocess.py:75} INFO - Running command: ['/usr/bin/bash', '-c', 'echo hello world, this is task one.']
[2024-10-03T05:56:07.655+0000] {subprocess.py:86} INFO - Output:
[2024-10-03T05:56:07.693+0000] {subprocess.py:93} INFO - hello world, this is task one.
[2024-10-03T05:56:07.713+0000] {subprocess.py:97} INFO - Command exited with return code 0
[2024-10-03T05:56:08.647+0000] {taskinstance.py:340} INFO - ::group::Post task execution logs
[2024-10-03T05:56:08.661+0000] {taskinstance.py:352} INFO - Marking task as SUCCESS. dag_id=first_dag_v6, task_id=task_one, run_id=scheduled__2024-10-02T00:00:00+00:00, execution_date=20241002T000000, start_date=20241003T055515, end_date=20241003T055608
[2024-10-03T05:56:08.815+0000] {local_task_job_runner.py:266} INFO - Task exited with return code 0
[2024-10-03T05:56:09.483+0000] {taskinstance.py:3900} INFO - 1 downstream tasks scheduled from follow-on schedule check
[2024-10-03T05:56:09.520+0000] {local_task_job_runner.py:245} INFO - ::endgroup::
