[2024-09-28T11:27:05.990+0000] {local_task_job_runner.py:123} INFO - ::group::Pre task execution logs
[2024-09-28T11:27:05.999+0000] {taskinstance.py:2612} INFO - Dependencies all met for dep_context=non-requeueable deps ti=<TaskInstance: first_dag_v3.task_one manual__2024-09-28T11:27:04.941367+00:00 [queued]>
[2024-09-28T11:27:06.003+0000] {taskinstance.py:2612} INFO - Dependencies all met for dep_context=requeueable deps ti=<TaskInstance: first_dag_v3.task_one manual__2024-09-28T11:27:04.941367+00:00 [queued]>
[2024-09-28T11:27:06.003+0000] {taskinstance.py:2865} INFO - Starting attempt 1 of 6
[2024-09-28T11:27:06.010+0000] {taskinstance.py:2888} INFO - Executing <Task(BashOperator): task_one> on 2024-09-28 11:27:04.941367+00:00
[2024-09-28T11:27:06.015+0000] {standard_task_runner.py:104} INFO - Running: ['***', 'tasks', 'run', 'first_dag_v3', 'task_one', 'manual__2024-09-28T11:27:04.941367+00:00', '--job-id', '11', '--raw', '--subdir', 'DAGS_FOLDER/first_dag.py', '--cfg-path', '/tmp/tmpccdhjd6d']
[2024-09-28T11:27:06.023+0000] {logging_mixin.py:190} WARNING - /home/***/.local/lib/python3.12/site-packages/***/task/task_runner/standard_task_runner.py:70 DeprecationWarning: This process (pid=1371) is multi-threaded, use of fork() may lead to deadlocks in the child.
[2024-09-28T11:27:06.023+0000] {standard_task_runner.py:105} INFO - Job 11: Subtask task_one
[2024-09-28T11:27:06.023+0000] {standard_task_runner.py:72} INFO - Started process 1372 to run task
[2024-09-28T11:27:06.073+0000] {task_command.py:467} INFO - Running <TaskInstance: first_dag_v3.task_one manual__2024-09-28T11:27:04.941367+00:00 [running]> on host f9a59cccd6d1
[2024-09-28T11:27:06.133+0000] {taskinstance.py:3131} INFO - Exporting env vars: AIRFLOW_CTX_DAG_OWNER='admin' AIRFLOW_CTX_DAG_ID='first_dag_v3' AIRFLOW_CTX_TASK_ID='task_one' AIRFLOW_CTX_EXECUTION_DATE='2024-09-28T11:27:04.941367+00:00' AIRFLOW_CTX_TRY_NUMBER='1' AIRFLOW_CTX_DAG_RUN_ID='manual__2024-09-28T11:27:04.941367+00:00'
[2024-09-28T11:27:06.133+0000] {taskinstance.py:731} INFO - ::endgroup::
[2024-09-28T11:27:06.145+0000] {subprocess.py:63} INFO - Tmp dir root location: /tmp
[2024-09-28T11:27:06.146+0000] {subprocess.py:75} INFO - Running command: ['/usr/bin/bash', '-c', 'echo hello world, this is task one.']
[2024-09-28T11:27:06.151+0000] {subprocess.py:86} INFO - Output:
[2024-09-28T11:27:06.154+0000] {subprocess.py:93} INFO - hello world, this is task one.
[2024-09-28T11:27:06.154+0000] {subprocess.py:97} INFO - Command exited with return code 0
[2024-09-28T11:27:06.169+0000] {taskinstance.py:340} INFO - ::group::Post task execution logs
[2024-09-28T11:27:06.169+0000] {taskinstance.py:352} INFO - Marking task as SUCCESS. dag_id=first_dag_v3, task_id=task_one, run_id=manual__2024-09-28T11:27:04.941367+00:00, execution_date=20240928T112704, start_date=20240928T112706, end_date=20240928T112706
[2024-09-28T11:27:06.215+0000] {local_task_job_runner.py:266} INFO - Task exited with return code 0
[2024-09-28T11:27:06.227+0000] {taskinstance.py:3900} INFO - 2 downstream tasks scheduled from follow-on schedule check
[2024-09-28T11:27:06.228+0000] {local_task_job_runner.py:245} INFO - ::endgroup::
