[2024-09-29T08:10:04.533+0000] {local_task_job_runner.py:123} INFO - ::group::Pre task execution logs
[2024-09-29T08:10:04.634+0000] {taskinstance.py:2612} INFO - Dependencies all met for dep_context=non-requeueable deps ti=<TaskInstance: dag_with_python_dependencies_v02.get_scikit_learn scheduled__2024-09-14T00:00:00+00:00 [queued]>
[2024-09-29T08:10:04.703+0000] {taskinstance.py:2612} INFO - Dependencies all met for dep_context=requeueable deps ti=<TaskInstance: dag_with_python_dependencies_v02.get_scikit_learn scheduled__2024-09-14T00:00:00+00:00 [queued]>
[2024-09-29T08:10:04.714+0000] {taskinstance.py:2865} INFO - Starting attempt 1 of 6
[2024-09-29T08:10:05.170+0000] {taskinstance.py:2888} INFO - Executing <Task(PythonOperator): get_scikit_learn> on 2024-09-14 00:00:00+00:00
[2024-09-29T08:10:05.393+0000] {standard_task_runner.py:104} INFO - Running: ['***', 'tasks', 'run', 'dag_with_python_dependencies_v02', 'get_scikit_learn', 'scheduled__2024-09-14T00:00:00+00:00', '--job-id', '621', '--raw', '--subdir', 'DAGS_FOLDER/dag_with_python_dependencies.py', '--cfg-path', '/tmp/tmpbtwv559h']
[2024-09-29T08:10:05.419+0000] {standard_task_runner.py:105} INFO - Job 621: Subtask get_scikit_learn
[2024-09-29T08:10:05.411+0000] {logging_mixin.py:190} WARNING - /home/***/.local/lib/python3.12/site-packages/***/task/task_runner/standard_task_runner.py:70 DeprecationWarning: This process (pid=3701) is multi-threaded, use of fork() may lead to deadlocks in the child.
[2024-09-29T08:10:05.442+0000] {standard_task_runner.py:72} INFO - Started process 3724 to run task
[2024-09-29T08:10:05.717+0000] {logging_mixin.py:190} WARNING - /home/***/.local/lib/python3.12/site-packages/***/settings.py:209 DeprecationWarning: The sql_alchemy_conn option in [core] has been moved to the sql_alchemy_conn option in [database] - the old setting has been used, but please update your config.
[2024-09-29T08:10:06.222+0000] {task_command.py:467} INFO - Running <TaskInstance: dag_with_python_dependencies_v02.get_scikit_learn scheduled__2024-09-14T00:00:00+00:00 [running]> on host 6851fee35b72
[2024-09-29T08:10:06.230+0000] {logging_mixin.py:190} WARNING - /home/***/.local/lib/python3.12/site-packages/***/settings.py:470 DeprecationWarning: The sql_alchemy_conn option in [core] has been moved to the sql_alchemy_conn option in [database] - the old setting has been used, but please update your config.
[2024-09-29T08:10:07.647+0000] {taskinstance.py:3131} INFO - Exporting env vars: AIRFLOW_CTX_DAG_OWNER='admin' AIRFLOW_CTX_DAG_ID='dag_with_python_dependencies_v02' AIRFLOW_CTX_TASK_ID='get_scikit_learn' AIRFLOW_CTX_EXECUTION_DATE='2024-09-14T00:00:00+00:00' AIRFLOW_CTX_TRY_NUMBER='1' AIRFLOW_CTX_DAG_RUN_ID='scheduled__2024-09-14T00:00:00+00:00'
[2024-09-29T08:10:07.688+0000] {taskinstance.py:731} INFO - ::endgroup::
[2024-09-29T08:10:16.129+0000] {logging_mixin.py:190} INFO - scikit-learn version:1.5.2
[2024-09-29T08:10:16.137+0000] {python.py:240} INFO - Done. Returned value was: None
[2024-09-29T08:10:16.181+0000] {taskinstance.py:340} INFO - ::group::Post task execution logs
[2024-09-29T08:10:16.182+0000] {taskinstance.py:352} INFO - Marking task as SUCCESS. dag_id=dag_with_python_dependencies_v02, task_id=get_scikit_learn, run_id=scheduled__2024-09-14T00:00:00+00:00, execution_date=20240914T000000, start_date=20240929T081004, end_date=20240929T081016
[2024-09-29T08:10:16.292+0000] {local_task_job_runner.py:266} INFO - Task exited with return code 0
[2024-09-29T08:10:16.315+0000] {taskinstance.py:3900} INFO - 1 downstream tasks scheduled from follow-on schedule check
[2024-09-29T08:10:16.317+0000] {local_task_job_runner.py:245} INFO - ::endgroup::
[2024-09-29T08:12:04.107+0000] {local_task_job_runner.py:123} INFO - ::group::Pre task execution logs
[2024-09-29T08:12:04.304+0000] {taskinstance.py:2612} INFO - Dependencies all met for dep_context=non-requeueable deps ti=<TaskInstance: dag_with_python_dependencies_v02.get_scikit_learn scheduled__2024-09-14T00:00:00+00:00 [queued]>
[2024-09-29T08:12:04.384+0000] {taskinstance.py:2612} INFO - Dependencies all met for dep_context=requeueable deps ti=<TaskInstance: dag_with_python_dependencies_v02.get_scikit_learn scheduled__2024-09-14T00:00:00+00:00 [queued]>
[2024-09-29T08:12:04.392+0000] {taskinstance.py:2865} INFO - Starting attempt 1 of 6
[2024-09-29T08:12:05.356+0000] {taskinstance.py:2888} INFO - Executing <Task(PythonOperator): get_scikit_learn> on 2024-09-14 00:00:00+00:00
[2024-09-29T08:12:05.426+0000] {logging_mixin.py:190} WARNING - /home/***/.local/lib/python3.12/site-packages/***/task/task_runner/standard_task_runner.py:70 DeprecationWarning: This process (pid=4249) is multi-threaded, use of fork() may lead to deadlocks in the child.
[2024-09-29T08:12:05.444+0000] {standard_task_runner.py:72} INFO - Started process 4268 to run task
[2024-09-29T08:12:05.429+0000] {standard_task_runner.py:104} INFO - Running: ['***', 'tasks', 'run', 'dag_with_python_dependencies_v02', 'get_scikit_learn', 'scheduled__2024-09-14T00:00:00+00:00', '--job-id', '653', '--raw', '--subdir', 'DAGS_FOLDER/dag_with_python_dependencies.py', '--cfg-path', '/tmp/tmpbr9_idez']
[2024-09-29T08:12:05.453+0000] {standard_task_runner.py:105} INFO - Job 653: Subtask get_scikit_learn
[2024-09-29T08:12:05.599+0000] {logging_mixin.py:190} WARNING - /home/***/.local/lib/python3.12/site-packages/***/settings.py:209 DeprecationWarning: The sql_alchemy_conn option in [core] has been moved to the sql_alchemy_conn option in [database] - the old setting has been used, but please update your config.
[2024-09-29T08:12:05.960+0000] {task_command.py:467} INFO - Running <TaskInstance: dag_with_python_dependencies_v02.get_scikit_learn scheduled__2024-09-14T00:00:00+00:00 [running]> on host 6851fee35b72
[2024-09-29T08:12:05.980+0000] {logging_mixin.py:190} WARNING - /home/***/.local/lib/python3.12/site-packages/***/settings.py:470 DeprecationWarning: The sql_alchemy_conn option in [core] has been moved to the sql_alchemy_conn option in [database] - the old setting has been used, but please update your config.
[2024-09-29T08:12:07.396+0000] {taskinstance.py:3131} INFO - Exporting env vars: AIRFLOW_CTX_DAG_OWNER='admin' AIRFLOW_CTX_DAG_ID='dag_with_python_dependencies_v02' AIRFLOW_CTX_TASK_ID='get_scikit_learn' AIRFLOW_CTX_EXECUTION_DATE='2024-09-14T00:00:00+00:00' AIRFLOW_CTX_TRY_NUMBER='1' AIRFLOW_CTX_DAG_RUN_ID='scheduled__2024-09-14T00:00:00+00:00'
[2024-09-29T08:12:07.463+0000] {taskinstance.py:731} INFO - ::endgroup::
[2024-09-29T08:12:16.172+0000] {logging_mixin.py:190} INFO - scikit-learn version:1.5.2
[2024-09-29T08:12:16.175+0000] {python.py:240} INFO - Done. Returned value was: None
[2024-09-29T08:12:16.217+0000] {taskinstance.py:340} INFO - ::group::Post task execution logs
[2024-09-29T08:12:16.221+0000] {taskinstance.py:352} INFO - Marking task as SUCCESS. dag_id=dag_with_python_dependencies_v02, task_id=get_scikit_learn, run_id=scheduled__2024-09-14T00:00:00+00:00, execution_date=20240914T000000, start_date=20240929T081204, end_date=20240929T081216
[2024-09-29T08:12:16.309+0000] {local_task_job_runner.py:266} INFO - Task exited with return code 0
[2024-09-29T08:12:16.436+0000] {taskinstance.py:3900} INFO - 1 downstream tasks scheduled from follow-on schedule check
[2024-09-29T08:12:16.442+0000] {local_task_job_runner.py:245} INFO - ::endgroup::
