[2024-09-29T03:11:32.970+0000] {local_task_job_runner.py:123} INFO - ::group::Pre task execution logs
[2024-09-29T03:11:33.028+0000] {taskinstance.py:2612} INFO - Dependencies all met for dep_context=non-requeueable deps ti=<TaskInstance: dag_with_postgres_operator_v03.create_postgres_table scheduled__2024-09-08T00:00:00+00:00 [queued]>
[2024-09-29T03:11:33.099+0000] {taskinstance.py:2612} INFO - Dependencies all met for dep_context=requeueable deps ti=<TaskInstance: dag_with_postgres_operator_v03.create_postgres_table scheduled__2024-09-08T00:00:00+00:00 [queued]>
[2024-09-29T03:11:33.103+0000] {taskinstance.py:2865} INFO - Starting attempt 1 of 6
[2024-09-29T03:11:33.173+0000] {taskinstance.py:2888} INFO - Executing <Task(PostgresOperator): create_postgres_table> on 2024-09-08 00:00:00+00:00
[2024-09-29T03:11:33.181+0000] {standard_task_runner.py:104} INFO - Running: ['***', 'tasks', 'run', 'dag_with_postgres_operator_v03', 'create_postgres_table', 'scheduled__2024-09-08T00:00:00+00:00', '--job-id', '248', '--raw', '--subdir', 'DAGS_FOLDER/dag_with_postgres_operator.py', '--cfg-path', '/tmp/tmpt_b03cwh']
[2024-09-29T03:11:33.184+0000] {standard_task_runner.py:105} INFO - Job 248: Subtask create_postgres_table
[2024-09-29T03:11:33.182+0000] {logging_mixin.py:190} WARNING - /home/***/.local/lib/python3.12/site-packages/***/task/task_runner/standard_task_runner.py:70 DeprecationWarning: This process (pid=17568) is multi-threaded, use of fork() may lead to deadlocks in the child.
[2024-09-29T03:11:33.200+0000] {standard_task_runner.py:72} INFO - Started process 17578 to run task
[2024-09-29T03:11:33.287+0000] {task_command.py:467} INFO - Running <TaskInstance: dag_with_postgres_operator_v03.create_postgres_table scheduled__2024-09-08T00:00:00+00:00 [running]> on host f9a59cccd6d1
[2024-09-29T03:11:33.456+0000] {taskinstance.py:3131} INFO - Exporting env vars: AIRFLOW_CTX_DAG_OWNER='admin' AIRFLOW_CTX_DAG_ID='dag_with_postgres_operator_v03' AIRFLOW_CTX_TASK_ID='create_postgres_table' AIRFLOW_CTX_EXECUTION_DATE='2024-09-08T00:00:00+00:00' AIRFLOW_CTX_TRY_NUMBER='1' AIRFLOW_CTX_DAG_RUN_ID='scheduled__2024-09-08T00:00:00+00:00'
[2024-09-29T03:11:33.463+0000] {taskinstance.py:731} INFO - ::endgroup::
[2024-09-29T03:11:33.551+0000] {sql.py:266} INFO - Executing: 
            create table if not exists dag_runs (
                dt date,
                dag_id character varying,
                primary key (dt,dag_id)
                )
            
[2024-09-29T03:11:33.592+0000] {base.py:84} INFO - Retrieving connection 'postgres_localhost'
[2024-09-29T03:11:33.620+0000] {base.py:84} INFO - Retrieving connection 'postgres_localhost'
[2024-09-29T03:11:33.655+0000] {sql.py:509} INFO - Running statement: 
            create table if not exists dag_runs (
                dt date,
                dag_id character varying,
                primary key (dt,dag_id)
                )
            , parameters: None
[2024-09-29T03:11:33.673+0000] {taskinstance.py:340} INFO - ::group::Post task execution logs
[2024-09-29T03:11:33.675+0000] {taskinstance.py:352} INFO - Marking task as SUCCESS. dag_id=dag_with_postgres_operator_v03, task_id=create_postgres_table, run_id=scheduled__2024-09-08T00:00:00+00:00, execution_date=20240908T000000, start_date=20240929T031133, end_date=20240929T031133
[2024-09-29T03:11:33.724+0000] {local_task_job_runner.py:266} INFO - Task exited with return code 0
[2024-09-29T03:11:33.879+0000] {logging_mixin.py:190} WARNING - /home/***/.local/lib/python3.12/site-packages/***/models/baseoperator.py:1378 AirflowProviderDeprecationWarning: Call to deprecated class PostgresOperator. (Please use `***.providers.common.sql.operators.sql.SQLExecuteQueryOperator`.Also, you can provide `hook_params={'schema': <database>}`.)
[2024-09-29T03:11:33.963+0000] {taskinstance.py:3900} INFO - 1 downstream tasks scheduled from follow-on schedule check
[2024-09-29T03:11:33.968+0000] {local_task_job_runner.py:245} INFO - ::endgroup::
[2024-09-29T03:16:34.626+0000] {local_task_job_runner.py:123} INFO - ::group::Pre task execution logs
[2024-09-29T03:16:34.680+0000] {taskinstance.py:2612} INFO - Dependencies all met for dep_context=non-requeueable deps ti=<TaskInstance: dag_with_postgres_operator_v03.create_postgres_table scheduled__2024-09-08T00:00:00+00:00 [queued]>
[2024-09-29T03:16:34.738+0000] {taskinstance.py:2612} INFO - Dependencies all met for dep_context=requeueable deps ti=<TaskInstance: dag_with_postgres_operator_v03.create_postgres_table scheduled__2024-09-08T00:00:00+00:00 [queued]>
[2024-09-29T03:16:34.740+0000] {taskinstance.py:2865} INFO - Starting attempt 1 of 6
[2024-09-29T03:16:34.788+0000] {taskinstance.py:2888} INFO - Executing <Task(PostgresOperator): create_postgres_table> on 2024-09-08 00:00:00+00:00
[2024-09-29T03:16:34.810+0000] {logging_mixin.py:190} WARNING - /home/***/.local/lib/python3.12/site-packages/***/task/task_runner/standard_task_runner.py:70 DeprecationWarning: This process (pid=18016) is multi-threaded, use of fork() may lead to deadlocks in the child.
[2024-09-29T03:16:34.825+0000] {standard_task_runner.py:72} INFO - Started process 18034 to run task
[2024-09-29T03:16:34.861+0000] {standard_task_runner.py:104} INFO - Running: ['***', 'tasks', 'run', 'dag_with_postgres_operator_v03', 'create_postgres_table', 'scheduled__2024-09-08T00:00:00+00:00', '--job-id', '281', '--raw', '--subdir', 'DAGS_FOLDER/dag_with_postgres_operator.py', '--cfg-path', '/tmp/tmp2ryz94a5']
[2024-09-29T03:16:34.895+0000] {standard_task_runner.py:105} INFO - Job 281: Subtask create_postgres_table
[2024-09-29T03:16:35.037+0000] {task_command.py:467} INFO - Running <TaskInstance: dag_with_postgres_operator_v03.create_postgres_table scheduled__2024-09-08T00:00:00+00:00 [running]> on host f9a59cccd6d1
[2024-09-29T03:16:35.260+0000] {taskinstance.py:3131} INFO - Exporting env vars: AIRFLOW_CTX_DAG_OWNER='admin' AIRFLOW_CTX_DAG_ID='dag_with_postgres_operator_v03' AIRFLOW_CTX_TASK_ID='create_postgres_table' AIRFLOW_CTX_EXECUTION_DATE='2024-09-08T00:00:00+00:00' AIRFLOW_CTX_TRY_NUMBER='1' AIRFLOW_CTX_DAG_RUN_ID='scheduled__2024-09-08T00:00:00+00:00'
[2024-09-29T03:16:35.267+0000] {taskinstance.py:731} INFO - ::endgroup::
[2024-09-29T03:16:35.317+0000] {sql.py:266} INFO - Executing: 
            create table if not exists dag_runs (
                ds date,
                dag_id character varying,
                primary key (ds,dag_id)
                )
            
[2024-09-29T03:16:35.355+0000] {base.py:84} INFO - Retrieving connection 'postgres_localhost'
[2024-09-29T03:16:35.375+0000] {base.py:84} INFO - Retrieving connection 'postgres_localhost'
[2024-09-29T03:16:35.390+0000] {sql.py:509} INFO - Running statement: 
            create table if not exists dag_runs (
                ds date,
                dag_id character varying,
                primary key (ds,dag_id)
                )
            , parameters: None
[2024-09-29T03:16:35.429+0000] {taskinstance.py:340} INFO - ::group::Post task execution logs
[2024-09-29T03:16:35.439+0000] {taskinstance.py:352} INFO - Marking task as SUCCESS. dag_id=dag_with_postgres_operator_v03, task_id=create_postgres_table, run_id=scheduled__2024-09-08T00:00:00+00:00, execution_date=20240908T000000, start_date=20240929T031634, end_date=20240929T031635
[2024-09-29T03:16:35.517+0000] {local_task_job_runner.py:266} INFO - Task exited with return code 0
[2024-09-29T03:16:35.630+0000] {logging_mixin.py:190} WARNING - /home/***/.local/lib/python3.12/site-packages/***/models/baseoperator.py:1378 AirflowProviderDeprecationWarning: Call to deprecated class PostgresOperator. (Please use `***.providers.common.sql.operators.sql.SQLExecuteQueryOperator`.Also, you can provide `hook_params={'schema': <database>}`.)
[2024-09-29T03:16:35.736+0000] {taskinstance.py:3900} INFO - 1 downstream tasks scheduled from follow-on schedule check
[2024-09-29T03:16:35.741+0000] {local_task_job_runner.py:245} INFO - ::endgroup::
