[2024-09-29T08:10:00.733+0000] {local_task_job_runner.py:123} INFO - ::group::Pre task execution logs
[2024-09-29T08:10:00.998+0000] {taskinstance.py:2612} INFO - Dependencies all met for dep_context=non-requeueable deps ti=<TaskInstance: dag_with_python_dependencies_v02.get_scikit_learn scheduled__2024-09-11T00:00:00+00:00 [queued]>
[2024-09-29T08:10:01.050+0000] {taskinstance.py:2612} INFO - Dependencies all met for dep_context=requeueable deps ti=<TaskInstance: dag_with_python_dependencies_v02.get_scikit_learn scheduled__2024-09-11T00:00:00+00:00 [queued]>
[2024-09-29T08:10:01.057+0000] {taskinstance.py:2865} INFO - Starting attempt 1 of 6
[2024-09-29T08:10:01.196+0000] {taskinstance.py:2888} INFO - Executing <Task(PythonOperator): get_scikit_learn> on 2024-09-11 00:00:00+00:00
[2024-09-29T08:10:01.248+0000] {logging_mixin.py:190} WARNING - /home/***/.local/lib/python3.12/site-packages/***/task/task_runner/standard_task_runner.py:70 DeprecationWarning: This process (pid=3681) is multi-threaded, use of fork() may lead to deadlocks in the child.
[2024-09-29T08:10:01.251+0000] {standard_task_runner.py:72} INFO - Started process 3696 to run task
[2024-09-29T08:10:01.249+0000] {standard_task_runner.py:104} INFO - Running: ['***', 'tasks', 'run', 'dag_with_python_dependencies_v02', 'get_scikit_learn', 'scheduled__2024-09-11T00:00:00+00:00', '--job-id', '618', '--raw', '--subdir', 'DAGS_FOLDER/dag_with_python_dependencies.py', '--cfg-path', '/tmp/tmpsahe_oi0']
[2024-09-29T08:10:01.267+0000] {standard_task_runner.py:105} INFO - Job 618: Subtask get_scikit_learn
[2024-09-29T08:10:01.385+0000] {logging_mixin.py:190} WARNING - /home/***/.local/lib/python3.12/site-packages/***/settings.py:209 DeprecationWarning: The sql_alchemy_conn option in [core] has been moved to the sql_alchemy_conn option in [database] - the old setting has been used, but please update your config.
[2024-09-29T08:10:01.556+0000] {task_command.py:467} INFO - Running <TaskInstance: dag_with_python_dependencies_v02.get_scikit_learn scheduled__2024-09-11T00:00:00+00:00 [running]> on host 6851fee35b72
[2024-09-29T08:10:01.560+0000] {logging_mixin.py:190} WARNING - /home/***/.local/lib/python3.12/site-packages/***/settings.py:470 DeprecationWarning: The sql_alchemy_conn option in [core] has been moved to the sql_alchemy_conn option in [database] - the old setting has been used, but please update your config.
[2024-09-29T08:10:02.299+0000] {taskinstance.py:3131} INFO - Exporting env vars: AIRFLOW_CTX_DAG_OWNER='admin' AIRFLOW_CTX_DAG_ID='dag_with_python_dependencies_v02' AIRFLOW_CTX_TASK_ID='get_scikit_learn' AIRFLOW_CTX_EXECUTION_DATE='2024-09-11T00:00:00+00:00' AIRFLOW_CTX_TRY_NUMBER='1' AIRFLOW_CTX_DAG_RUN_ID='scheduled__2024-09-11T00:00:00+00:00'
[2024-09-29T08:10:02.303+0000] {taskinstance.py:731} INFO - ::endgroup::
[2024-09-29T08:10:11.289+0000] {logging_mixin.py:190} INFO - scikit-learn version:1.5.2
[2024-09-29T08:10:11.293+0000] {python.py:240} INFO - Done. Returned value was: None
[2024-09-29T08:10:11.349+0000] {taskinstance.py:340} INFO - ::group::Post task execution logs
[2024-09-29T08:10:11.352+0000] {taskinstance.py:352} INFO - Marking task as SUCCESS. dag_id=dag_with_python_dependencies_v02, task_id=get_scikit_learn, run_id=scheduled__2024-09-11T00:00:00+00:00, execution_date=20240911T000000, start_date=20240929T081001, end_date=20240929T081011
[2024-09-29T08:10:11.564+0000] {local_task_job_runner.py:266} INFO - Task exited with return code 0
[2024-09-29T08:10:11.723+0000] {local_task_job_runner.py:245} INFO - ::endgroup::
[2024-09-29T08:12:02.492+0000] {local_task_job_runner.py:123} INFO - ::group::Pre task execution logs
[2024-09-29T08:12:02.590+0000] {taskinstance.py:2612} INFO - Dependencies all met for dep_context=non-requeueable deps ti=<TaskInstance: dag_with_python_dependencies_v02.get_scikit_learn scheduled__2024-09-11T00:00:00+00:00 [queued]>
[2024-09-29T08:12:02.619+0000] {taskinstance.py:2612} INFO - Dependencies all met for dep_context=requeueable deps ti=<TaskInstance: dag_with_python_dependencies_v02.get_scikit_learn scheduled__2024-09-11T00:00:00+00:00 [queued]>
[2024-09-29T08:12:02.625+0000] {taskinstance.py:2865} INFO - Starting attempt 1 of 6
[2024-09-29T08:12:02.810+0000] {taskinstance.py:2888} INFO - Executing <Task(PythonOperator): get_scikit_learn> on 2024-09-11 00:00:00+00:00
[2024-09-29T08:12:02.842+0000] {logging_mixin.py:190} WARNING - /home/***/.local/lib/python3.12/site-packages/***/task/task_runner/standard_task_runner.py:70 DeprecationWarning: This process (pid=4208) is multi-threaded, use of fork() may lead to deadlocks in the child.
[2024-09-29T08:12:02.856+0000] {standard_task_runner.py:72} INFO - Started process 4245 to run task
[2024-09-29T08:12:02.848+0000] {standard_task_runner.py:104} INFO - Running: ['***', 'tasks', 'run', 'dag_with_python_dependencies_v02', 'get_scikit_learn', 'scheduled__2024-09-11T00:00:00+00:00', '--job-id', '650', '--raw', '--subdir', 'DAGS_FOLDER/dag_with_python_dependencies.py', '--cfg-path', '/tmp/tmpw05i4sqt']
[2024-09-29T08:12:02.871+0000] {standard_task_runner.py:105} INFO - Job 650: Subtask get_scikit_learn
[2024-09-29T08:12:02.935+0000] {logging_mixin.py:190} WARNING - /home/***/.local/lib/python3.12/site-packages/***/settings.py:209 DeprecationWarning: The sql_alchemy_conn option in [core] has been moved to the sql_alchemy_conn option in [database] - the old setting has been used, but please update your config.
[2024-09-29T08:12:03.230+0000] {task_command.py:467} INFO - Running <TaskInstance: dag_with_python_dependencies_v02.get_scikit_learn scheduled__2024-09-11T00:00:00+00:00 [running]> on host 6851fee35b72
[2024-09-29T08:12:03.233+0000] {logging_mixin.py:190} WARNING - /home/***/.local/lib/python3.12/site-packages/***/settings.py:470 DeprecationWarning: The sql_alchemy_conn option in [core] has been moved to the sql_alchemy_conn option in [database] - the old setting has been used, but please update your config.
[2024-09-29T08:12:04.102+0000] {taskinstance.py:3131} INFO - Exporting env vars: AIRFLOW_CTX_DAG_OWNER='admin' AIRFLOW_CTX_DAG_ID='dag_with_python_dependencies_v02' AIRFLOW_CTX_TASK_ID='get_scikit_learn' AIRFLOW_CTX_EXECUTION_DATE='2024-09-11T00:00:00+00:00' AIRFLOW_CTX_TRY_NUMBER='1' AIRFLOW_CTX_DAG_RUN_ID='scheduled__2024-09-11T00:00:00+00:00'
[2024-09-29T08:12:04.104+0000] {taskinstance.py:731} INFO - ::endgroup::
[2024-09-29T08:12:15.459+0000] {logging_mixin.py:190} INFO - scikit-learn version:1.5.2
[2024-09-29T08:12:15.469+0000] {python.py:240} INFO - Done. Returned value was: None
[2024-09-29T08:12:15.614+0000] {taskinstance.py:340} INFO - ::group::Post task execution logs
[2024-09-29T08:12:15.616+0000] {taskinstance.py:352} INFO - Marking task as SUCCESS. dag_id=dag_with_python_dependencies_v02, task_id=get_scikit_learn, run_id=scheduled__2024-09-11T00:00:00+00:00, execution_date=20240911T000000, start_date=20240929T081202, end_date=20240929T081215
[2024-09-29T08:12:15.744+0000] {local_task_job_runner.py:266} INFO - Task exited with return code 0
[2024-09-29T08:12:15.861+0000] {taskinstance.py:3900} INFO - 1 downstream tasks scheduled from follow-on schedule check
[2024-09-29T08:12:15.867+0000] {local_task_job_runner.py:245} INFO - ::endgroup::
