[2024-10-03T05:55:15.807+0000] {local_task_job_runner.py:123} INFO - ::group::Pre task execution logs
[2024-10-03T05:55:39.394+0000] {taskinstance.py:2612} INFO - Dependencies all met for dep_context=non-requeueable deps ti=<TaskInstance: first_dag_with_python_v6.get_age scheduled__2024-10-02T00:00:00+00:00 [queued]>
[2024-10-03T05:55:43.272+0000] {taskinstance.py:2612} INFO - Dependencies all met for dep_context=requeueable deps ti=<TaskInstance: first_dag_with_python_v6.get_age scheduled__2024-10-02T00:00:00+00:00 [queued]>
[2024-10-03T05:55:43.292+0000] {taskinstance.py:2865} INFO - Starting attempt 1 of 6
[2024-10-03T05:55:43.827+0000] {taskinstance.py:2888} INFO - Executing <Task(PythonOperator): get_age> on 2024-10-02 00:00:00+00:00
[2024-10-03T05:55:44.083+0000] {logging_mixin.py:190} WARNING - /home/***/.local/lib/python3.12/site-packages/***/task/task_runner/standard_task_runner.py:70 DeprecationWarning: This process (pid=274) is multi-threaded, use of fork() may lead to deadlocks in the child.
[2024-10-03T05:55:44.088+0000] {standard_task_runner.py:72} INFO - Started process 315 to run task
[2024-10-03T05:55:44.126+0000] {standard_task_runner.py:104} INFO - Running: ['***', 'tasks', 'run', 'first_dag_with_python_v6', 'get_age', 'scheduled__2024-10-02T00:00:00+00:00', '--job-id', '1277', '--raw', '--subdir', 'DAGS_FOLDER/create_dag_with_python_operator.py', '--cfg-path', '/tmp/tmpo783gmd6']
[2024-10-03T05:55:44.147+0000] {standard_task_runner.py:105} INFO - Job 1277: Subtask get_age
[2024-10-03T05:55:44.584+0000] {logging_mixin.py:190} WARNING - /home/***/.local/lib/python3.12/site-packages/***/settings.py:209 DeprecationWarning: The sql_alchemy_conn option in [core] has been moved to the sql_alchemy_conn option in [database] - the old setting has been used, but please update your config.
[2024-10-03T05:55:45.305+0000] {task_command.py:467} INFO - Running <TaskInstance: first_dag_with_python_v6.get_age scheduled__2024-10-02T00:00:00+00:00 [running]> on host 6851fee35b72
[2024-10-03T05:55:45.318+0000] {logging_mixin.py:190} WARNING - /home/***/.local/lib/python3.12/site-packages/***/settings.py:470 DeprecationWarning: The sql_alchemy_conn option in [core] has been moved to the sql_alchemy_conn option in [database] - the old setting has been used, but please update your config.
[2024-10-03T05:56:05.718+0000] {job.py:229} INFO - Heartbeat recovered after 52.05 seconds
[2024-10-03T05:56:07.992+0000] {taskinstance.py:3131} INFO - Exporting env vars: AIRFLOW_CTX_DAG_OWNER='admin' AIRFLOW_CTX_DAG_ID='first_dag_with_python_v6' AIRFLOW_CTX_TASK_ID='get_age' AIRFLOW_CTX_EXECUTION_DATE='2024-10-02T00:00:00+00:00' AIRFLOW_CTX_TRY_NUMBER='1' AIRFLOW_CTX_DAG_RUN_ID='scheduled__2024-10-02T00:00:00+00:00'
[2024-10-03T05:56:08.039+0000] {taskinstance.py:731} INFO - ::endgroup::
[2024-10-03T05:56:09.144+0000] {python.py:240} INFO - Done. Returned value was: None
[2024-10-03T05:56:09.647+0000] {taskinstance.py:340} INFO - ::group::Post task execution logs
[2024-10-03T05:56:09.682+0000] {taskinstance.py:352} INFO - Marking task as SUCCESS. dag_id=first_dag_with_python_v6, task_id=get_age, run_id=scheduled__2024-10-02T00:00:00+00:00, execution_date=20241002T000000, start_date=20241003T055542, end_date=20241003T055609
[2024-10-03T05:56:10.304+0000] {local_task_job_runner.py:266} INFO - Task exited with return code 0
[2024-10-03T05:56:10.432+0000] {local_task_job_runner.py:245} INFO - ::endgroup::
