[2024-09-29T03:11:33.381+0000] {local_task_job_runner.py:123} INFO - ::group::Pre task execution logs
[2024-09-29T03:11:33.401+0000] {taskinstance.py:2612} INFO - Dependencies all met for dep_context=non-requeueable deps ti=<TaskInstance: dag_with_postgres_operator_v03.create_postgres_table scheduled__2024-09-10T00:00:00+00:00 [queued]>
[2024-09-29T03:11:33.424+0000] {taskinstance.py:2612} INFO - Dependencies all met for dep_context=requeueable deps ti=<TaskInstance: dag_with_postgres_operator_v03.create_postgres_table scheduled__2024-09-10T00:00:00+00:00 [queued]>
[2024-09-29T03:11:33.426+0000] {taskinstance.py:2865} INFO - Starting attempt 1 of 6
[2024-09-29T03:11:33.459+0000] {taskinstance.py:2888} INFO - Executing <Task(PostgresOperator): create_postgres_table> on 2024-09-10 00:00:00+00:00
[2024-09-29T03:11:33.494+0000] {standard_task_runner.py:104} INFO - Running: ['***', 'tasks', 'run', 'dag_with_postgres_operator_v03', 'create_postgres_table', 'scheduled__2024-09-10T00:00:00+00:00', '--job-id', '250', '--raw', '--subdir', 'DAGS_FOLDER/dag_with_postgres_operator.py', '--cfg-path', '/tmp/tmp7218o4le']
[2024-09-29T03:11:33.511+0000] {logging_mixin.py:190} WARNING - /home/***/.local/lib/python3.12/site-packages/***/task/task_runner/standard_task_runner.py:70 DeprecationWarning: This process (pid=17575) is multi-threaded, use of fork() may lead to deadlocks in the child.
[2024-09-29T03:11:33.513+0000] {standard_task_runner.py:105} INFO - Job 250: Subtask create_postgres_table
[2024-09-29T03:11:33.520+0000] {standard_task_runner.py:72} INFO - Started process 17587 to run task
[2024-09-29T03:11:33.623+0000] {task_command.py:467} INFO - Running <TaskInstance: dag_with_postgres_operator_v03.create_postgres_table scheduled__2024-09-10T00:00:00+00:00 [running]> on host f9a59cccd6d1
[2024-09-29T03:11:33.880+0000] {taskinstance.py:3131} INFO - Exporting env vars: AIRFLOW_CTX_DAG_OWNER='admin' AIRFLOW_CTX_DAG_ID='dag_with_postgres_operator_v03' AIRFLOW_CTX_TASK_ID='create_postgres_table' AIRFLOW_CTX_EXECUTION_DATE='2024-09-10T00:00:00+00:00' AIRFLOW_CTX_TRY_NUMBER='1' AIRFLOW_CTX_DAG_RUN_ID='scheduled__2024-09-10T00:00:00+00:00'
[2024-09-29T03:11:33.881+0000] {taskinstance.py:731} INFO - ::endgroup::
[2024-09-29T03:11:33.956+0000] {sql.py:266} INFO - Executing: 
            create table if not exists dag_runs (
                dt date,
                dag_id character varying,
                primary key (dt,dag_id)
                )
            
[2024-09-29T03:11:33.975+0000] {base.py:84} INFO - Retrieving connection 'postgres_localhost'
[2024-09-29T03:11:34.019+0000] {base.py:84} INFO - Retrieving connection 'postgres_localhost'
[2024-09-29T03:11:34.031+0000] {sql.py:509} INFO - Running statement: 
            create table if not exists dag_runs (
                dt date,
                dag_id character varying,
                primary key (dt,dag_id)
                )
            , parameters: None
[2024-09-29T03:11:34.073+0000] {taskinstance.py:340} INFO - ::group::Post task execution logs
[2024-09-29T03:11:34.075+0000] {taskinstance.py:352} INFO - Marking task as SUCCESS. dag_id=dag_with_postgres_operator_v03, task_id=create_postgres_table, run_id=scheduled__2024-09-10T00:00:00+00:00, execution_date=20240910T000000, start_date=20240929T031133, end_date=20240929T031134
[2024-09-29T03:11:34.140+0000] {local_task_job_runner.py:266} INFO - Task exited with return code 0
[2024-09-29T03:11:34.227+0000] {logging_mixin.py:190} WARNING - /home/***/.local/lib/python3.12/site-packages/***/models/baseoperator.py:1378 AirflowProviderDeprecationWarning: Call to deprecated class PostgresOperator. (Please use `***.providers.common.sql.operators.sql.SQLExecuteQueryOperator`.Also, you can provide `hook_params={'schema': <database>}`.)
[2024-09-29T03:11:34.266+0000] {taskinstance.py:3900} INFO - 1 downstream tasks scheduled from follow-on schedule check
[2024-09-29T03:11:34.274+0000] {local_task_job_runner.py:245} INFO - ::endgroup::
[2024-09-29T03:16:34.915+0000] {local_task_job_runner.py:123} INFO - ::group::Pre task execution logs
[2024-09-29T03:16:34.980+0000] {taskinstance.py:2612} INFO - Dependencies all met for dep_context=non-requeueable deps ti=<TaskInstance: dag_with_postgres_operator_v03.create_postgres_table scheduled__2024-09-10T00:00:00+00:00 [queued]>
[2024-09-29T03:16:35.009+0000] {taskinstance.py:2612} INFO - Dependencies all met for dep_context=requeueable deps ti=<TaskInstance: dag_with_postgres_operator_v03.create_postgres_table scheduled__2024-09-10T00:00:00+00:00 [queued]>
[2024-09-29T03:16:35.010+0000] {taskinstance.py:2865} INFO - Starting attempt 1 of 6
[2024-09-29T03:16:35.059+0000] {taskinstance.py:2888} INFO - Executing <Task(PostgresOperator): create_postgres_table> on 2024-09-10 00:00:00+00:00
[2024-09-29T03:16:35.100+0000] {logging_mixin.py:190} WARNING - /home/***/.local/lib/python3.12/site-packages/***/task/task_runner/standard_task_runner.py:70 DeprecationWarning: This process (pid=18029) is multi-threaded, use of fork() may lead to deadlocks in the child.
[2024-09-29T03:16:35.110+0000] {standard_task_runner.py:72} INFO - Started process 18046 to run task
[2024-09-29T03:16:35.090+0000] {standard_task_runner.py:104} INFO - Running: ['***', 'tasks', 'run', 'dag_with_postgres_operator_v03', 'create_postgres_table', 'scheduled__2024-09-10T00:00:00+00:00', '--job-id', '283', '--raw', '--subdir', 'DAGS_FOLDER/dag_with_postgres_operator.py', '--cfg-path', '/tmp/tmpj8yln9p7']
[2024-09-29T03:16:35.114+0000] {standard_task_runner.py:105} INFO - Job 283: Subtask create_postgres_table
[2024-09-29T03:16:35.217+0000] {task_command.py:467} INFO - Running <TaskInstance: dag_with_postgres_operator_v03.create_postgres_table scheduled__2024-09-10T00:00:00+00:00 [running]> on host f9a59cccd6d1
[2024-09-29T03:16:35.383+0000] {taskinstance.py:3131} INFO - Exporting env vars: AIRFLOW_CTX_DAG_OWNER='admin' AIRFLOW_CTX_DAG_ID='dag_with_postgres_operator_v03' AIRFLOW_CTX_TASK_ID='create_postgres_table' AIRFLOW_CTX_EXECUTION_DATE='2024-09-10T00:00:00+00:00' AIRFLOW_CTX_TRY_NUMBER='1' AIRFLOW_CTX_DAG_RUN_ID='scheduled__2024-09-10T00:00:00+00:00'
[2024-09-29T03:16:35.387+0000] {taskinstance.py:731} INFO - ::endgroup::
[2024-09-29T03:16:35.453+0000] {sql.py:266} INFO - Executing: 
            create table if not exists dag_runs (
                ds date,
                dag_id character varying,
                primary key (ds,dag_id)
                )
            
[2024-09-29T03:16:35.483+0000] {base.py:84} INFO - Retrieving connection 'postgres_localhost'
[2024-09-29T03:16:35.534+0000] {base.py:84} INFO - Retrieving connection 'postgres_localhost'
[2024-09-29T03:16:35.616+0000] {sql.py:509} INFO - Running statement: 
            create table if not exists dag_runs (
                ds date,
                dag_id character varying,
                primary key (ds,dag_id)
                )
            , parameters: None
[2024-09-29T03:16:35.695+0000] {taskinstance.py:340} INFO - ::group::Post task execution logs
[2024-09-29T03:16:35.698+0000] {taskinstance.py:352} INFO - Marking task as SUCCESS. dag_id=dag_with_postgres_operator_v03, task_id=create_postgres_table, run_id=scheduled__2024-09-10T00:00:00+00:00, execution_date=20240910T000000, start_date=20240929T031634, end_date=20240929T031635
[2024-09-29T03:16:35.846+0000] {local_task_job_runner.py:266} INFO - Task exited with return code 0
[2024-09-29T03:16:35.913+0000] {logging_mixin.py:190} WARNING - /home/***/.local/lib/python3.12/site-packages/***/models/baseoperator.py:1378 AirflowProviderDeprecationWarning: Call to deprecated class PostgresOperator. (Please use `***.providers.common.sql.operators.sql.SQLExecuteQueryOperator`.Also, you can provide `hook_params={'schema': <database>}`.)
[2024-09-29T03:16:35.975+0000] {taskinstance.py:3900} INFO - 1 downstream tasks scheduled from follow-on schedule check
[2024-09-29T03:16:35.996+0000] {local_task_job_runner.py:245} INFO - ::endgroup::
