[2024-09-30T10:31:30.369+0000] {local_task_job_runner.py:123} INFO - ::group::Pre task execution logs
[2024-09-30T10:31:30.444+0000] {taskinstance.py:2612} INFO - Dependencies all met for dep_context=non-requeueable deps ti=<TaskInstance: first_dag_v6.task_one scheduled__2024-09-29T00:00:00+00:00 [queued]>
[2024-09-30T10:31:30.479+0000] {taskinstance.py:2612} INFO - Dependencies all met for dep_context=requeueable deps ti=<TaskInstance: first_dag_v6.task_one scheduled__2024-09-29T00:00:00+00:00 [queued]>
[2024-09-30T10:31:30.483+0000] {taskinstance.py:2865} INFO - Starting attempt 1 of 6
[2024-09-30T10:31:30.541+0000] {taskinstance.py:2888} INFO - Executing <Task(BashOperator): task_one> on 2024-09-29 00:00:00+00:00
[2024-09-30T10:31:30.577+0000] {logging_mixin.py:190} WARNING - /home/***/.local/lib/python3.12/site-packages/***/task/task_runner/standard_task_runner.py:70 DeprecationWarning: This process (pid=187) is multi-threaded, use of fork() may lead to deadlocks in the child.
[2024-09-30T10:31:30.596+0000] {standard_task_runner.py:72} INFO - Started process 196 to run task
[2024-09-30T10:31:30.626+0000] {standard_task_runner.py:104} INFO - Running: ['***', 'tasks', 'run', 'first_dag_v6', 'task_one', 'scheduled__2024-09-29T00:00:00+00:00', '--job-id', '1206', '--raw', '--subdir', 'DAGS_FOLDER/first_dag.py', '--cfg-path', '/tmp/tmpkb7ydsrv']
[2024-09-30T10:31:30.651+0000] {standard_task_runner.py:105} INFO - Job 1206: Subtask task_one
[2024-09-30T10:31:30.793+0000] {logging_mixin.py:190} WARNING - /home/***/.local/lib/python3.12/site-packages/***/settings.py:209 DeprecationWarning: The sql_alchemy_conn option in [core] has been moved to the sql_alchemy_conn option in [database] - the old setting has been used, but please update your config.
[2024-09-30T10:31:31.062+0000] {task_command.py:467} INFO - Running <TaskInstance: first_dag_v6.task_one scheduled__2024-09-29T00:00:00+00:00 [running]> on host 6851fee35b72
[2024-09-30T10:31:31.078+0000] {logging_mixin.py:190} WARNING - /home/***/.local/lib/python3.12/site-packages/***/settings.py:470 DeprecationWarning: The sql_alchemy_conn option in [core] has been moved to the sql_alchemy_conn option in [database] - the old setting has been used, but please update your config.
[2024-09-30T10:31:32.046+0000] {taskinstance.py:3131} INFO - Exporting env vars: AIRFLOW_CTX_DAG_OWNER='admin' AIRFLOW_CTX_DAG_ID='first_dag_v6' AIRFLOW_CTX_TASK_ID='task_one' AIRFLOW_CTX_EXECUTION_DATE='2024-09-29T00:00:00+00:00' AIRFLOW_CTX_TRY_NUMBER='1' AIRFLOW_CTX_DAG_RUN_ID='scheduled__2024-09-29T00:00:00+00:00'
[2024-09-30T10:31:32.063+0000] {taskinstance.py:731} INFO - ::endgroup::
[2024-09-30T10:31:32.347+0000] {subprocess.py:63} INFO - Tmp dir root location: /tmp
[2024-09-30T10:31:32.360+0000] {subprocess.py:75} INFO - Running command: ['/usr/bin/bash', '-c', 'echo hello world, this is task one.']
[2024-09-30T10:31:32.549+0000] {subprocess.py:86} INFO - Output:
[2024-09-30T10:31:32.593+0000] {subprocess.py:93} INFO - hello world, this is task one.
[2024-09-30T10:31:32.611+0000] {subprocess.py:97} INFO - Command exited with return code 0
[2024-09-30T10:31:32.900+0000] {taskinstance.py:340} INFO - ::group::Post task execution logs
[2024-09-30T10:31:32.905+0000] {taskinstance.py:352} INFO - Marking task as SUCCESS. dag_id=first_dag_v6, task_id=task_one, run_id=scheduled__2024-09-29T00:00:00+00:00, execution_date=20240929T000000, start_date=20240930T103130, end_date=20240930T103132
[2024-09-30T10:31:33.028+0000] {local_task_job_runner.py:266} INFO - Task exited with return code 0
[2024-09-30T10:31:33.359+0000] {local_task_job_runner.py:245} INFO - ::endgroup::
