[2024-09-29T08:10:06.186+0000] {local_task_job_runner.py:123} INFO - ::group::Pre task execution logs
[2024-09-29T08:10:06.314+0000] {taskinstance.py:2612} INFO - Dependencies all met for dep_context=non-requeueable deps ti=<TaskInstance: dag_with_python_dependencies_v02.get_scikit_learn scheduled__2024-09-16T00:00:00+00:00 [queued]>
[2024-09-29T08:10:06.410+0000] {taskinstance.py:2612} INFO - Dependencies all met for dep_context=requeueable deps ti=<TaskInstance: dag_with_python_dependencies_v02.get_scikit_learn scheduled__2024-09-16T00:00:00+00:00 [queued]>
[2024-09-29T08:10:06.417+0000] {taskinstance.py:2865} INFO - Starting attempt 1 of 6
[2024-09-29T08:10:06.659+0000] {taskinstance.py:2888} INFO - Executing <Task(PythonOperator): get_scikit_learn> on 2024-09-16 00:00:00+00:00
[2024-09-29T08:10:06.766+0000] {standard_task_runner.py:104} INFO - Running: ['***', 'tasks', 'run', 'dag_with_python_dependencies_v02', 'get_scikit_learn', 'scheduled__2024-09-16T00:00:00+00:00', '--job-id', '624', '--raw', '--subdir', 'DAGS_FOLDER/dag_with_python_dependencies.py', '--cfg-path', '/tmp/tmpa4od2ndi']
[2024-09-29T08:10:06.809+0000] {standard_task_runner.py:105} INFO - Job 624: Subtask get_scikit_learn
[2024-09-29T08:10:06.812+0000] {logging_mixin.py:190} WARNING - /home/***/.local/lib/python3.12/site-packages/***/task/task_runner/standard_task_runner.py:70 DeprecationWarning: This process (pid=3713) is multi-threaded, use of fork() may lead to deadlocks in the child.
[2024-09-29T08:10:06.813+0000] {standard_task_runner.py:72} INFO - Started process 3734 to run task
[2024-09-29T08:10:06.976+0000] {logging_mixin.py:190} WARNING - /home/***/.local/lib/python3.12/site-packages/***/settings.py:209 DeprecationWarning: The sql_alchemy_conn option in [core] has been moved to the sql_alchemy_conn option in [database] - the old setting has been used, but please update your config.
[2024-09-29T08:10:07.547+0000] {task_command.py:467} INFO - Running <TaskInstance: dag_with_python_dependencies_v02.get_scikit_learn scheduled__2024-09-16T00:00:00+00:00 [running]> on host 6851fee35b72
[2024-09-29T08:10:07.570+0000] {logging_mixin.py:190} WARNING - /home/***/.local/lib/python3.12/site-packages/***/settings.py:470 DeprecationWarning: The sql_alchemy_conn option in [core] has been moved to the sql_alchemy_conn option in [database] - the old setting has been used, but please update your config.
[2024-09-29T08:10:08.546+0000] {taskinstance.py:3131} INFO - Exporting env vars: AIRFLOW_CTX_DAG_OWNER='admin' AIRFLOW_CTX_DAG_ID='dag_with_python_dependencies_v02' AIRFLOW_CTX_TASK_ID='get_scikit_learn' AIRFLOW_CTX_EXECUTION_DATE='2024-09-16T00:00:00+00:00' AIRFLOW_CTX_TRY_NUMBER='1' AIRFLOW_CTX_DAG_RUN_ID='scheduled__2024-09-16T00:00:00+00:00'
[2024-09-29T08:10:08.560+0000] {taskinstance.py:731} INFO - ::endgroup::
[2024-09-29T08:10:15.938+0000] {logging_mixin.py:190} INFO - scikit-learn version:1.5.2
[2024-09-29T08:10:15.940+0000] {python.py:240} INFO - Done. Returned value was: None
[2024-09-29T08:10:15.974+0000] {taskinstance.py:340} INFO - ::group::Post task execution logs
[2024-09-29T08:10:15.978+0000] {taskinstance.py:352} INFO - Marking task as SUCCESS. dag_id=dag_with_python_dependencies_v02, task_id=get_scikit_learn, run_id=scheduled__2024-09-16T00:00:00+00:00, execution_date=20240916T000000, start_date=20240929T081006, end_date=20240929T081015
[2024-09-29T08:10:16.055+0000] {local_task_job_runner.py:266} INFO - Task exited with return code 0
[2024-09-29T08:10:16.127+0000] {taskinstance.py:3900} INFO - 1 downstream tasks scheduled from follow-on schedule check
[2024-09-29T08:10:16.133+0000] {local_task_job_runner.py:245} INFO - ::endgroup::
[2024-09-29T08:12:08.575+0000] {local_task_job_runner.py:123} INFO - ::group::Pre task execution logs
[2024-09-29T08:12:08.740+0000] {taskinstance.py:2612} INFO - Dependencies all met for dep_context=non-requeueable deps ti=<TaskInstance: dag_with_python_dependencies_v02.get_scikit_learn scheduled__2024-09-16T00:00:00+00:00 [queued]>
[2024-09-29T08:12:08.805+0000] {taskinstance.py:2612} INFO - Dependencies all met for dep_context=requeueable deps ti=<TaskInstance: dag_with_python_dependencies_v02.get_scikit_learn scheduled__2024-09-16T00:00:00+00:00 [queued]>
[2024-09-29T08:12:08.815+0000] {taskinstance.py:2865} INFO - Starting attempt 1 of 6
[2024-09-29T08:12:09.527+0000] {taskinstance.py:2888} INFO - Executing <Task(PythonOperator): get_scikit_learn> on 2024-09-16 00:00:00+00:00
[2024-09-29T08:12:09.631+0000] {logging_mixin.py:190} WARNING - /home/***/.local/lib/python3.12/site-packages/***/task/task_runner/standard_task_runner.py:70 DeprecationWarning: This process (pid=4270) is multi-threaded, use of fork() may lead to deadlocks in the child.
[2024-09-29T08:12:09.663+0000] {standard_task_runner.py:72} INFO - Started process 4297 to run task
[2024-09-29T08:12:09.647+0000] {standard_task_runner.py:104} INFO - Running: ['***', 'tasks', 'run', 'dag_with_python_dependencies_v02', 'get_scikit_learn', 'scheduled__2024-09-16T00:00:00+00:00', '--job-id', '655', '--raw', '--subdir', 'DAGS_FOLDER/dag_with_python_dependencies.py', '--cfg-path', '/tmp/tmpz_nimvsh']
[2024-09-29T08:12:09.713+0000] {standard_task_runner.py:105} INFO - Job 655: Subtask get_scikit_learn
[2024-09-29T08:12:10.053+0000] {logging_mixin.py:190} WARNING - /home/***/.local/lib/python3.12/site-packages/***/settings.py:209 DeprecationWarning: The sql_alchemy_conn option in [core] has been moved to the sql_alchemy_conn option in [database] - the old setting has been used, but please update your config.
[2024-09-29T08:12:10.475+0000] {task_command.py:467} INFO - Running <TaskInstance: dag_with_python_dependencies_v02.get_scikit_learn scheduled__2024-09-16T00:00:00+00:00 [running]> on host 6851fee35b72
[2024-09-29T08:12:10.478+0000] {logging_mixin.py:190} WARNING - /home/***/.local/lib/python3.12/site-packages/***/settings.py:470 DeprecationWarning: The sql_alchemy_conn option in [core] has been moved to the sql_alchemy_conn option in [database] - the old setting has been used, but please update your config.
[2024-09-29T08:12:11.143+0000] {taskinstance.py:3131} INFO - Exporting env vars: AIRFLOW_CTX_DAG_OWNER='admin' AIRFLOW_CTX_DAG_ID='dag_with_python_dependencies_v02' AIRFLOW_CTX_TASK_ID='get_scikit_learn' AIRFLOW_CTX_EXECUTION_DATE='2024-09-16T00:00:00+00:00' AIRFLOW_CTX_TRY_NUMBER='1' AIRFLOW_CTX_DAG_RUN_ID='scheduled__2024-09-16T00:00:00+00:00'
[2024-09-29T08:12:11.156+0000] {taskinstance.py:731} INFO - ::endgroup::
[2024-09-29T08:12:16.266+0000] {logging_mixin.py:190} INFO - scikit-learn version:1.5.2
[2024-09-29T08:12:16.267+0000] {python.py:240} INFO - Done. Returned value was: None
[2024-09-29T08:12:16.291+0000] {taskinstance.py:340} INFO - ::group::Post task execution logs
[2024-09-29T08:12:16.292+0000] {taskinstance.py:352} INFO - Marking task as SUCCESS. dag_id=dag_with_python_dependencies_v02, task_id=get_scikit_learn, run_id=scheduled__2024-09-16T00:00:00+00:00, execution_date=20240916T000000, start_date=20240929T081208, end_date=20240929T081216
[2024-09-29T08:12:16.436+0000] {local_task_job_runner.py:266} INFO - Task exited with return code 0
[2024-09-29T08:12:16.533+0000] {taskinstance.py:3900} INFO - 1 downstream tasks scheduled from follow-on schedule check
[2024-09-29T08:12:16.535+0000] {local_task_job_runner.py:245} INFO - ::endgroup::
