[2024-09-29T03:11:32.273+0000] {local_task_job_runner.py:123} INFO - ::group::Pre task execution logs
[2024-09-29T03:11:32.316+0000] {taskinstance.py:2612} INFO - Dependencies all met for dep_context=non-requeueable deps ti=<TaskInstance: dag_with_postgres_operator_v03.create_postgres_table scheduled__2024-09-04T00:00:00+00:00 [queued]>
[2024-09-29T03:11:32.332+0000] {taskinstance.py:2612} INFO - Dependencies all met for dep_context=requeueable deps ti=<TaskInstance: dag_with_postgres_operator_v03.create_postgres_table scheduled__2024-09-04T00:00:00+00:00 [queued]>
[2024-09-29T03:11:32.332+0000] {taskinstance.py:2865} INFO - Starting attempt 1 of 6
[2024-09-29T03:11:32.354+0000] {taskinstance.py:2888} INFO - Executing <Task(PostgresOperator): create_postgres_table> on 2024-09-04 00:00:00+00:00
[2024-09-29T03:11:32.389+0000] {logging_mixin.py:190} WARNING - /home/***/.local/lib/python3.12/site-packages/***/task/task_runner/standard_task_runner.py:70 DeprecationWarning: This process (pid=17555) is multi-threaded, use of fork() may lead to deadlocks in the child.
[2024-09-29T03:11:32.394+0000] {standard_task_runner.py:72} INFO - Started process 17565 to run task
[2024-09-29T03:11:32.391+0000] {standard_task_runner.py:104} INFO - Running: ['***', 'tasks', 'run', 'dag_with_postgres_operator_v03', 'create_postgres_table', 'scheduled__2024-09-04T00:00:00+00:00', '--job-id', '244', '--raw', '--subdir', 'DAGS_FOLDER/dag_with_postgres_operator.py', '--cfg-path', '/tmp/tmp3om79okj']
[2024-09-29T03:11:32.395+0000] {standard_task_runner.py:105} INFO - Job 244: Subtask create_postgres_table
[2024-09-29T03:11:32.517+0000] {task_command.py:467} INFO - Running <TaskInstance: dag_with_postgres_operator_v03.create_postgres_table scheduled__2024-09-04T00:00:00+00:00 [running]> on host f9a59cccd6d1
[2024-09-29T03:11:32.750+0000] {taskinstance.py:3131} INFO - Exporting env vars: AIRFLOW_CTX_DAG_OWNER='admin' AIRFLOW_CTX_DAG_ID='dag_with_postgres_operator_v03' AIRFLOW_CTX_TASK_ID='create_postgres_table' AIRFLOW_CTX_EXECUTION_DATE='2024-09-04T00:00:00+00:00' AIRFLOW_CTX_TRY_NUMBER='1' AIRFLOW_CTX_DAG_RUN_ID='scheduled__2024-09-04T00:00:00+00:00'
[2024-09-29T03:11:32.753+0000] {taskinstance.py:731} INFO - ::endgroup::
[2024-09-29T03:11:32.817+0000] {sql.py:266} INFO - Executing: 
            create table if not exists dag_runs (
                dt date,
                dag_id character varying,
                primary key (dt,dag_id)
                )
            
[2024-09-29T03:11:32.845+0000] {base.py:84} INFO - Retrieving connection 'postgres_localhost'
[2024-09-29T03:11:32.881+0000] {base.py:84} INFO - Retrieving connection 'postgres_localhost'
[2024-09-29T03:11:32.896+0000] {sql.py:509} INFO - Running statement: 
            create table if not exists dag_runs (
                dt date,
                dag_id character varying,
                primary key (dt,dag_id)
                )
            , parameters: None
[2024-09-29T03:11:32.919+0000] {taskinstance.py:340} INFO - ::group::Post task execution logs
[2024-09-29T03:11:32.920+0000] {taskinstance.py:352} INFO - Marking task as SUCCESS. dag_id=dag_with_postgres_operator_v03, task_id=create_postgres_table, run_id=scheduled__2024-09-04T00:00:00+00:00, execution_date=20240904T000000, start_date=20240929T031132, end_date=20240929T031132
[2024-09-29T03:11:32.989+0000] {local_task_job_runner.py:266} INFO - Task exited with return code 0
[2024-09-29T03:11:33.062+0000] {logging_mixin.py:190} WARNING - /home/***/.local/lib/python3.12/site-packages/***/models/baseoperator.py:1378 AirflowProviderDeprecationWarning: Call to deprecated class PostgresOperator. (Please use `***.providers.common.sql.operators.sql.SQLExecuteQueryOperator`.Also, you can provide `hook_params={'schema': <database>}`.)
[2024-09-29T03:11:33.152+0000] {taskinstance.py:3900} INFO - 1 downstream tasks scheduled from follow-on schedule check
[2024-09-29T03:11:33.159+0000] {local_task_job_runner.py:245} INFO - ::endgroup::
[2024-09-29T03:16:33.767+0000] {local_task_job_runner.py:123} INFO - ::group::Pre task execution logs
[2024-09-29T03:16:33.846+0000] {taskinstance.py:2612} INFO - Dependencies all met for dep_context=non-requeueable deps ti=<TaskInstance: dag_with_postgres_operator_v03.create_postgres_table scheduled__2024-09-04T00:00:00+00:00 [queued]>
[2024-09-29T03:16:33.874+0000] {taskinstance.py:2612} INFO - Dependencies all met for dep_context=requeueable deps ti=<TaskInstance: dag_with_postgres_operator_v03.create_postgres_table scheduled__2024-09-04T00:00:00+00:00 [queued]>
[2024-09-29T03:16:33.876+0000] {taskinstance.py:2865} INFO - Starting attempt 1 of 6
[2024-09-29T03:16:33.928+0000] {taskinstance.py:2888} INFO - Executing <Task(PostgresOperator): create_postgres_table> on 2024-09-04 00:00:00+00:00
[2024-09-29T03:16:33.950+0000] {logging_mixin.py:190} WARNING - /home/***/.local/lib/python3.12/site-packages/***/task/task_runner/standard_task_runner.py:70 DeprecationWarning: This process (pid=18000) is multi-threaded, use of fork() may lead to deadlocks in the child.
[2024-09-29T03:16:33.958+0000] {standard_task_runner.py:72} INFO - Started process 18017 to run task
[2024-09-29T03:16:33.951+0000] {standard_task_runner.py:104} INFO - Running: ['***', 'tasks', 'run', 'dag_with_postgres_operator_v03', 'create_postgres_table', 'scheduled__2024-09-04T00:00:00+00:00', '--job-id', '277', '--raw', '--subdir', 'DAGS_FOLDER/dag_with_postgres_operator.py', '--cfg-path', '/tmp/tmp1xz42c30']
[2024-09-29T03:16:33.963+0000] {standard_task_runner.py:105} INFO - Job 277: Subtask create_postgres_table
[2024-09-29T03:16:34.275+0000] {task_command.py:467} INFO - Running <TaskInstance: dag_with_postgres_operator_v03.create_postgres_table scheduled__2024-09-04T00:00:00+00:00 [running]> on host f9a59cccd6d1
[2024-09-29T03:16:34.568+0000] {taskinstance.py:3131} INFO - Exporting env vars: AIRFLOW_CTX_DAG_OWNER='admin' AIRFLOW_CTX_DAG_ID='dag_with_postgres_operator_v03' AIRFLOW_CTX_TASK_ID='create_postgres_table' AIRFLOW_CTX_EXECUTION_DATE='2024-09-04T00:00:00+00:00' AIRFLOW_CTX_TRY_NUMBER='1' AIRFLOW_CTX_DAG_RUN_ID='scheduled__2024-09-04T00:00:00+00:00'
[2024-09-29T03:16:34.573+0000] {taskinstance.py:731} INFO - ::endgroup::
[2024-09-29T03:16:34.618+0000] {sql.py:266} INFO - Executing: 
            create table if not exists dag_runs (
                ds date,
                dag_id character varying,
                primary key (ds,dag_id)
                )
            
[2024-09-29T03:16:34.648+0000] {base.py:84} INFO - Retrieving connection 'postgres_localhost'
[2024-09-29T03:16:34.690+0000] {base.py:84} INFO - Retrieving connection 'postgres_localhost'
[2024-09-29T03:16:34.715+0000] {sql.py:509} INFO - Running statement: 
            create table if not exists dag_runs (
                ds date,
                dag_id character varying,
                primary key (ds,dag_id)
                )
            , parameters: None
[2024-09-29T03:16:34.753+0000] {taskinstance.py:340} INFO - ::group::Post task execution logs
[2024-09-29T03:16:34.755+0000] {taskinstance.py:352} INFO - Marking task as SUCCESS. dag_id=dag_with_postgres_operator_v03, task_id=create_postgres_table, run_id=scheduled__2024-09-04T00:00:00+00:00, execution_date=20240904T000000, start_date=20240929T031633, end_date=20240929T031634
[2024-09-29T03:16:34.856+0000] {local_task_job_runner.py:266} INFO - Task exited with return code 0
[2024-09-29T03:16:34.911+0000] {logging_mixin.py:190} WARNING - /home/***/.local/lib/python3.12/site-packages/***/models/baseoperator.py:1378 AirflowProviderDeprecationWarning: Call to deprecated class PostgresOperator. (Please use `***.providers.common.sql.operators.sql.SQLExecuteQueryOperator`.Also, you can provide `hook_params={'schema': <database>}`.)
[2024-09-29T03:16:34.968+0000] {taskinstance.py:3900} INFO - 1 downstream tasks scheduled from follow-on schedule check
[2024-09-29T03:16:34.972+0000] {local_task_job_runner.py:245} INFO - ::endgroup::
