[2024-09-28T11:24:41.082+0000] {local_task_job_runner.py:123} INFO - ::group::Pre task execution logs
[2024-09-28T11:24:41.089+0000] {taskinstance.py:2612} INFO - Dependencies all met for dep_context=non-requeueable deps ti=<TaskInstance: first_dag_v2.task_two manual__2024-09-28T11:24:38.951953+00:00 [queued]>
[2024-09-28T11:24:41.092+0000] {taskinstance.py:2612} INFO - Dependencies all met for dep_context=requeueable deps ti=<TaskInstance: first_dag_v2.task_two manual__2024-09-28T11:24:38.951953+00:00 [queued]>
[2024-09-28T11:24:41.093+0000] {taskinstance.py:2865} INFO - Starting attempt 1 of 6
[2024-09-28T11:24:41.098+0000] {taskinstance.py:2888} INFO - Executing <Task(BashOperator): task_two> on 2024-09-28 11:24:38.951953+00:00
[2024-09-28T11:24:41.102+0000] {standard_task_runner.py:104} INFO - Running: ['***', 'tasks', 'run', 'first_dag_v2', 'task_two', 'manual__2024-09-28T11:24:38.951953+00:00', '--job-id', '8', '--raw', '--subdir', 'DAGS_FOLDER/first_dag.py', '--cfg-path', '/tmp/tmpnxmoh3xs']
[2024-09-28T11:24:41.103+0000] {standard_task_runner.py:105} INFO - Job 8: Subtask task_two
[2024-09-28T11:24:41.103+0000] {logging_mixin.py:190} WARNING - /home/***/.local/lib/python3.12/site-packages/***/task/task_runner/standard_task_runner.py:70 DeprecationWarning: This process (pid=1299) is multi-threaded, use of fork() may lead to deadlocks in the child.
[2024-09-28T11:24:41.105+0000] {standard_task_runner.py:72} INFO - Started process 1300 to run task
[2024-09-28T11:24:41.121+0000] {task_command.py:467} INFO - Running <TaskInstance: first_dag_v2.task_two manual__2024-09-28T11:24:38.951953+00:00 [running]> on host f9a59cccd6d1
[2024-09-28T11:24:41.153+0000] {taskinstance.py:3131} INFO - Exporting env vars: AIRFLOW_CTX_DAG_OWNER='admin' AIRFLOW_CTX_DAG_ID='first_dag_v2' AIRFLOW_CTX_TASK_ID='task_two' AIRFLOW_CTX_EXECUTION_DATE='2024-09-28T11:24:38.951953+00:00' AIRFLOW_CTX_TRY_NUMBER='1' AIRFLOW_CTX_DAG_RUN_ID='manual__2024-09-28T11:24:38.951953+00:00'
[2024-09-28T11:24:41.153+0000] {taskinstance.py:731} INFO - ::endgroup::
[2024-09-28T11:24:41.161+0000] {subprocess.py:63} INFO - Tmp dir root location: /tmp
[2024-09-28T11:24:41.162+0000] {subprocess.py:75} INFO - Running command: ['/usr/bin/bash', '-c', 'echo hello planet, this will be run after task one.']
[2024-09-28T11:24:41.165+0000] {subprocess.py:86} INFO - Output:
[2024-09-28T11:24:41.166+0000] {subprocess.py:93} INFO - hello planet, this will be run after task one.
[2024-09-28T11:24:41.166+0000] {subprocess.py:97} INFO - Command exited with return code 0
[2024-09-28T11:24:41.176+0000] {taskinstance.py:340} INFO - ::group::Post task execution logs
[2024-09-28T11:24:41.176+0000] {taskinstance.py:352} INFO - Marking task as SUCCESS. dag_id=first_dag_v2, task_id=task_two, run_id=manual__2024-09-28T11:24:38.951953+00:00, execution_date=20240928T112438, start_date=20240928T112441, end_date=20240928T112441
[2024-09-28T11:24:41.205+0000] {local_task_job_runner.py:266} INFO - Task exited with return code 0
[2024-09-28T11:24:41.213+0000] {taskinstance.py:3900} INFO - 0 downstream tasks scheduled from follow-on schedule check
[2024-09-28T11:24:41.214+0000] {local_task_job_runner.py:245} INFO - ::endgroup::
