[2024-10-03T05:56:15.853+0000] {local_task_job_runner.py:123} INFO - ::group::Pre task execution logs
[2024-10-03T05:56:16.130+0000] {taskinstance.py:2612} INFO - Dependencies all met for dep_context=non-requeueable deps ti=<TaskInstance: dag_with_taskflow_api_v01.greet scheduled__2024-10-01T00:00:00+00:00 [queued]>
[2024-10-03T05:56:16.217+0000] {taskinstance.py:2612} INFO - Dependencies all met for dep_context=requeueable deps ti=<TaskInstance: dag_with_taskflow_api_v01.greet scheduled__2024-10-01T00:00:00+00:00 [queued]>
[2024-10-03T05:56:16.220+0000] {taskinstance.py:2865} INFO - Starting attempt 1 of 6
[2024-10-03T05:56:16.336+0000] {taskinstance.py:2888} INFO - Executing <Task(_PythonDecoratedOperator): greet> on 2024-10-01 00:00:00+00:00
[2024-10-03T05:56:16.455+0000] {logging_mixin.py:190} WARNING - /home/***/.local/lib/python3.12/site-packages/***/task/task_runner/standard_task_runner.py:70 DeprecationWarning: This process (pid=375) is multi-threaded, use of fork() may lead to deadlocks in the child.
[2024-10-03T05:56:16.482+0000] {standard_task_runner.py:72} INFO - Started process 417 to run task
[2024-10-03T05:56:16.468+0000] {standard_task_runner.py:104} INFO - Running: ['***', 'tasks', 'run', 'dag_with_taskflow_api_v01', 'greet', 'scheduled__2024-10-01T00:00:00+00:00', '--job-id', '1288', '--raw', '--subdir', 'DAGS_FOLDER/dag_with_taskflow_api.py', '--cfg-path', '/tmp/tmphbntw1ii']
[2024-10-03T05:56:16.514+0000] {standard_task_runner.py:105} INFO - Job 1288: Subtask greet
[2024-10-03T05:56:16.887+0000] {logging_mixin.py:190} WARNING - /home/***/.local/lib/python3.12/site-packages/***/settings.py:209 DeprecationWarning: The sql_alchemy_conn option in [core] has been moved to the sql_alchemy_conn option in [database] - the old setting has been used, but please update your config.
[2024-10-03T05:56:17.379+0000] {task_command.py:467} INFO - Running <TaskInstance: dag_with_taskflow_api_v01.greet scheduled__2024-10-01T00:00:00+00:00 [running]> on host 6851fee35b72
[2024-10-03T05:56:17.490+0000] {logging_mixin.py:190} WARNING - /home/***/.local/lib/python3.12/site-packages/***/settings.py:470 DeprecationWarning: The sql_alchemy_conn option in [core] has been moved to the sql_alchemy_conn option in [database] - the old setting has been used, but please update your config.
[2024-10-03T05:56:19.669+0000] {taskinstance.py:3131} INFO - Exporting env vars: AIRFLOW_CTX_DAG_OWNER='admin' AIRFLOW_CTX_DAG_ID='dag_with_taskflow_api_v01' AIRFLOW_CTX_TASK_ID='greet' AIRFLOW_CTX_EXECUTION_DATE='2024-10-01T00:00:00+00:00' AIRFLOW_CTX_TRY_NUMBER='1' AIRFLOW_CTX_DAG_RUN_ID='scheduled__2024-10-01T00:00:00+00:00'
[2024-10-03T05:56:19.713+0000] {taskinstance.py:731} INFO - ::endgroup::
[2024-10-03T05:56:19.825+0000] {logging_mixin.py:190} INFO - hello world! my name is Jerry Dyllan. and i am 19 years old
[2024-10-03T05:56:19.840+0000] {python.py:240} INFO - Done. Returned value was: None
[2024-10-03T05:56:20.056+0000] {taskinstance.py:340} INFO - ::group::Post task execution logs
[2024-10-03T05:56:20.077+0000] {taskinstance.py:352} INFO - Marking task as SUCCESS. dag_id=dag_with_taskflow_api_v01, task_id=greet, run_id=scheduled__2024-10-01T00:00:00+00:00, execution_date=20241001T000000, start_date=20241003T055616, end_date=20241003T055620
[2024-10-03T05:56:20.323+0000] {local_task_job_runner.py:266} INFO - Task exited with return code 0
[2024-10-03T05:56:20.627+0000] {taskinstance.py:3900} INFO - 0 downstream tasks scheduled from follow-on schedule check
[2024-10-03T05:56:20.638+0000] {local_task_job_runner.py:245} INFO - ::endgroup::
