[2024-09-29T03:11:33.862+0000] {local_task_job_runner.py:123} INFO - ::group::Pre task execution logs
[2024-09-29T03:11:33.931+0000] {taskinstance.py:2612} INFO - Dependencies all met for dep_context=non-requeueable deps ti=<TaskInstance: dag_with_postgres_operator_v03.insert_into_table scheduled__2024-09-03T00:00:00+00:00 [queued]>
[2024-09-29T03:11:33.950+0000] {taskinstance.py:2612} INFO - Dependencies all met for dep_context=requeueable deps ti=<TaskInstance: dag_with_postgres_operator_v03.insert_into_table scheduled__2024-09-03T00:00:00+00:00 [queued]>
[2024-09-29T03:11:33.951+0000] {taskinstance.py:2865} INFO - Starting attempt 1 of 6
[2024-09-29T03:11:34.108+0000] {taskinstance.py:2888} INFO - Executing <Task(PostgresOperator): insert_into_table> on 2024-09-03 00:00:00+00:00
[2024-09-29T03:11:34.146+0000] {standard_task_runner.py:104} INFO - Running: ['***', 'tasks', 'run', 'dag_with_postgres_operator_v03', 'insert_into_table', 'scheduled__2024-09-03T00:00:00+00:00', '--job-id', '256', '--raw', '--subdir', 'DAGS_FOLDER/dag_with_postgres_operator.py', '--cfg-path', '/tmp/tmpk89yj8sm']
[2024-09-29T03:11:34.152+0000] {standard_task_runner.py:105} INFO - Job 256: Subtask insert_into_table
[2024-09-29T03:11:34.159+0000] {logging_mixin.py:190} WARNING - /home/***/.local/lib/python3.12/site-packages/***/task/task_runner/standard_task_runner.py:70 DeprecationWarning: This process (pid=17580) is multi-threaded, use of fork() may lead to deadlocks in the child.
[2024-09-29T03:11:34.167+0000] {standard_task_runner.py:72} INFO - Started process 17598 to run task
[2024-09-29T03:11:34.277+0000] {task_command.py:467} INFO - Running <TaskInstance: dag_with_postgres_operator_v03.insert_into_table scheduled__2024-09-03T00:00:00+00:00 [running]> on host f9a59cccd6d1
[2024-09-29T03:11:34.427+0000] {abstractoperator.py:778} ERROR - Exception rendering Jinja template for task 'insert_into_table', field 'sql'. Template: "\n            insert into dag_runs (dt, dag_id) values ('{{dt}}', '{{dag.dag_id}}')\n            "
Traceback (most recent call last):
  File "/home/airflow/.local/lib/python3.12/site-packages/airflow/models/abstractoperator.py", line 770, in _do_render_template_fields
    rendered_content = self.render_template(
                       ^^^^^^^^^^^^^^^^^^^^^
  File "/home/airflow/.local/lib/python3.12/site-packages/airflow/template/templater.py", line 171, in render_template
    return self._render(template, context)
           ^^^^^^^^^^^^^^^^^^^^^^^^^^^^^^^
  File "/home/airflow/.local/lib/python3.12/site-packages/airflow/models/abstractoperator.py", line 725, in _render
    return super()._render(template, context, dag=dag)
           ^^^^^^^^^^^^^^^^^^^^^^^^^^^^^^^^^^^^^^^^^^^
  File "/home/airflow/.local/lib/python3.12/site-packages/airflow/template/templater.py", line 127, in _render
    return render_template_to_string(template, context)
           ^^^^^^^^^^^^^^^^^^^^^^^^^^^^^^^^^^^^^^^^^^^^
  File "/home/airflow/.local/lib/python3.12/site-packages/airflow/utils/helpers.py", line 301, in render_template_to_string
    return render_template(template, cast(MutableMapping[str, Any], context), native=False)
           ^^^^^^^^^^^^^^^^^^^^^^^^^^^^^^^^^^^^^^^^^^^^^^^^^^^^^^^^^^^^^^^^^^^^^^^^^^^^^^^^
  File "/home/airflow/.local/lib/python3.12/site-packages/airflow/utils/helpers.py", line 296, in render_template
    return "".join(nodes)
           ^^^^^^^^^^^^^^
  File "<template>", line 14, in root
  File "/home/airflow/.local/lib/python3.12/site-packages/jinja2/runtime.py", line 857, in _fail_with_undefined_error
    raise self._undefined_exception(self._undefined_message)
jinja2.exceptions.UndefinedError: 'dt' is undefined
[2024-09-29T03:11:34.434+0000] {taskinstance.py:3310} ERROR - Task failed with exception
Traceback (most recent call last):
  File "/home/airflow/.local/lib/python3.12/site-packages/airflow/models/taskinstance.py", line 273, in _run_raw_task
    TaskInstance._execute_task_with_callbacks(
  File "/home/airflow/.local/lib/python3.12/site-packages/airflow/models/taskinstance.py", line 3114, in _execute_task_with_callbacks
    task_orig = self.render_templates(context=context, jinja_env=jinja_env)
                ^^^^^^^^^^^^^^^^^^^^^^^^^^^^^^^^^^^^^^^^^^^^^^^^^^^^^^^^^^^
  File "/home/airflow/.local/lib/python3.12/site-packages/airflow/models/taskinstance.py", line 3533, in render_templates
    original_task.render_template_fields(context, jinja_env)
  File "/home/airflow/.local/lib/python3.12/site-packages/airflow/models/baseoperator.py", line 1419, in render_template_fields
    self._do_render_template_fields(self, self.template_fields, context, jinja_env, set())
  File "/home/airflow/.local/lib/python3.12/site-packages/airflow/models/abstractoperator.py", line 770, in _do_render_template_fields
    rendered_content = self.render_template(
                       ^^^^^^^^^^^^^^^^^^^^^
  File "/home/airflow/.local/lib/python3.12/site-packages/airflow/template/templater.py", line 171, in render_template
    return self._render(template, context)
           ^^^^^^^^^^^^^^^^^^^^^^^^^^^^^^^
  File "/home/airflow/.local/lib/python3.12/site-packages/airflow/models/abstractoperator.py", line 725, in _render
    return super()._render(template, context, dag=dag)
           ^^^^^^^^^^^^^^^^^^^^^^^^^^^^^^^^^^^^^^^^^^^
  File "/home/airflow/.local/lib/python3.12/site-packages/airflow/template/templater.py", line 127, in _render
    return render_template_to_string(template, context)
           ^^^^^^^^^^^^^^^^^^^^^^^^^^^^^^^^^^^^^^^^^^^^
  File "/home/airflow/.local/lib/python3.12/site-packages/airflow/utils/helpers.py", line 301, in render_template_to_string
    return render_template(template, cast(MutableMapping[str, Any], context), native=False)
           ^^^^^^^^^^^^^^^^^^^^^^^^^^^^^^^^^^^^^^^^^^^^^^^^^^^^^^^^^^^^^^^^^^^^^^^^^^^^^^^^
  File "/home/airflow/.local/lib/python3.12/site-packages/airflow/utils/helpers.py", line 296, in render_template
    return "".join(nodes)
           ^^^^^^^^^^^^^^
  File "<template>", line 14, in root
  File "/home/airflow/.local/lib/python3.12/site-packages/jinja2/runtime.py", line 857, in _fail_with_undefined_error
    raise self._undefined_exception(self._undefined_message)
jinja2.exceptions.UndefinedError: 'dt' is undefined
[2024-09-29T03:11:34.448+0000] {taskinstance.py:1225} INFO - Marking task as UP_FOR_RETRY. dag_id=dag_with_postgres_operator_v03, task_id=insert_into_table, run_id=scheduled__2024-09-03T00:00:00+00:00, execution_date=20240903T000000, start_date=20240929T031133, end_date=20240929T031134
[2024-09-29T03:11:34.462+0000] {taskinstance.py:340} INFO - ::group::Post task execution logs
[2024-09-29T03:11:34.465+0000] {standard_task_runner.py:124} ERROR - Failed to execute job 256 for task insert_into_table ('dt' is undefined; 17598)
Traceback (most recent call last):
  File "/home/airflow/.local/lib/python3.12/site-packages/airflow/task/task_runner/standard_task_runner.py", line 117, in _start_by_fork
    ret = args.func(args, dag=self.dag)
          ^^^^^^^^^^^^^^^^^^^^^^^^^^^^^
  File "/home/airflow/.local/lib/python3.12/site-packages/airflow/cli/cli_config.py", line 49, in command
    return func(*args, **kwargs)
           ^^^^^^^^^^^^^^^^^^^^^
  File "/home/airflow/.local/lib/python3.12/site-packages/airflow/utils/cli.py", line 115, in wrapper
    return f(*args, **kwargs)
           ^^^^^^^^^^^^^^^^^^
  File "/home/airflow/.local/lib/python3.12/site-packages/airflow/cli/commands/task_command.py", line 483, in task_run
    task_return_code = _run_task_by_selected_method(args, _dag, ti)
                       ^^^^^^^^^^^^^^^^^^^^^^^^^^^^^^^^^^^^^^^^^^^^
  File "/home/airflow/.local/lib/python3.12/site-packages/airflow/cli/commands/task_command.py", line 256, in _run_task_by_selected_method
    return _run_raw_task(args, ti)
           ^^^^^^^^^^^^^^^^^^^^^^^
  File "/home/airflow/.local/lib/python3.12/site-packages/airflow/cli/commands/task_command.py", line 341, in _run_raw_task
    return ti._run_raw_task(
           ^^^^^^^^^^^^^^^^^
  File "/home/airflow/.local/lib/python3.12/site-packages/airflow/utils/session.py", line 97, in wrapper
    return func(*args, session=session, **kwargs)
           ^^^^^^^^^^^^^^^^^^^^^^^^^^^^^^^^^^^^^^
  File "/home/airflow/.local/lib/python3.12/site-packages/airflow/models/taskinstance.py", line 3004, in _run_raw_task
    return _run_raw_task(
           ^^^^^^^^^^^^^^
  File "/home/airflow/.local/lib/python3.12/site-packages/airflow/models/taskinstance.py", line 273, in _run_raw_task
    TaskInstance._execute_task_with_callbacks(
  File "/home/airflow/.local/lib/python3.12/site-packages/airflow/models/taskinstance.py", line 3114, in _execute_task_with_callbacks
    task_orig = self.render_templates(context=context, jinja_env=jinja_env)
                ^^^^^^^^^^^^^^^^^^^^^^^^^^^^^^^^^^^^^^^^^^^^^^^^^^^^^^^^^^^
  File "/home/airflow/.local/lib/python3.12/site-packages/airflow/models/taskinstance.py", line 3533, in render_templates
    original_task.render_template_fields(context, jinja_env)
  File "/home/airflow/.local/lib/python3.12/site-packages/airflow/models/baseoperator.py", line 1419, in render_template_fields
    self._do_render_template_fields(self, self.template_fields, context, jinja_env, set())
  File "/home/airflow/.local/lib/python3.12/site-packages/airflow/models/abstractoperator.py", line 770, in _do_render_template_fields
    rendered_content = self.render_template(
                       ^^^^^^^^^^^^^^^^^^^^^
  File "/home/airflow/.local/lib/python3.12/site-packages/airflow/template/templater.py", line 171, in render_template
    return self._render(template, context)
           ^^^^^^^^^^^^^^^^^^^^^^^^^^^^^^^
  File "/home/airflow/.local/lib/python3.12/site-packages/airflow/models/abstractoperator.py", line 725, in _render
    return super()._render(template, context, dag=dag)
           ^^^^^^^^^^^^^^^^^^^^^^^^^^^^^^^^^^^^^^^^^^^
  File "/home/airflow/.local/lib/python3.12/site-packages/airflow/template/templater.py", line 127, in _render
    return render_template_to_string(template, context)
           ^^^^^^^^^^^^^^^^^^^^^^^^^^^^^^^^^^^^^^^^^^^^
  File "/home/airflow/.local/lib/python3.12/site-packages/airflow/utils/helpers.py", line 301, in render_template_to_string
    return render_template(template, cast(MutableMapping[str, Any], context), native=False)
           ^^^^^^^^^^^^^^^^^^^^^^^^^^^^^^^^^^^^^^^^^^^^^^^^^^^^^^^^^^^^^^^^^^^^^^^^^^^^^^^^
  File "/home/airflow/.local/lib/python3.12/site-packages/airflow/utils/helpers.py", line 296, in render_template
    return "".join(nodes)
           ^^^^^^^^^^^^^^
  File "<template>", line 14, in root
  File "/home/airflow/.local/lib/python3.12/site-packages/jinja2/runtime.py", line 857, in _fail_with_undefined_error
    raise self._undefined_exception(self._undefined_message)
jinja2.exceptions.UndefinedError: 'dt' is undefined
[2024-09-29T03:11:34.491+0000] {local_task_job_runner.py:266} INFO - Task exited with return code 1
[2024-09-29T03:11:34.613+0000] {taskinstance.py:3900} INFO - 0 downstream tasks scheduled from follow-on schedule check
[2024-09-29T03:11:34.630+0000] {local_task_job_runner.py:245} INFO - ::endgroup::
[2024-09-29T03:16:35.695+0000] {local_task_job_runner.py:123} INFO - ::group::Pre task execution logs
[2024-09-29T03:16:35.812+0000] {taskinstance.py:2612} INFO - Dependencies all met for dep_context=non-requeueable deps ti=<TaskInstance: dag_with_postgres_operator_v03.insert_into_table scheduled__2024-09-03T00:00:00+00:00 [queued]>
[2024-09-29T03:16:35.868+0000] {taskinstance.py:2612} INFO - Dependencies all met for dep_context=requeueable deps ti=<TaskInstance: dag_with_postgres_operator_v03.insert_into_table scheduled__2024-09-03T00:00:00+00:00 [queued]>
[2024-09-29T03:16:35.875+0000] {taskinstance.py:2865} INFO - Starting attempt 1 of 6
[2024-09-29T03:16:36.018+0000] {taskinstance.py:2888} INFO - Executing <Task(PostgresOperator): insert_into_table> on 2024-09-03 00:00:00+00:00
[2024-09-29T03:16:36.045+0000] {standard_task_runner.py:104} INFO - Running: ['***', 'tasks', 'run', 'dag_with_postgres_operator_v03', 'insert_into_table', 'scheduled__2024-09-03T00:00:00+00:00', '--job-id', '288', '--raw', '--subdir', 'DAGS_FOLDER/dag_with_postgres_operator.py', '--cfg-path', '/tmp/tmpu7db9eep']
[2024-09-29T03:16:36.073+0000] {standard_task_runner.py:105} INFO - Job 288: Subtask insert_into_table
[2024-09-29T03:16:36.064+0000] {logging_mixin.py:190} WARNING - /home/***/.local/lib/python3.12/site-packages/***/task/task_runner/standard_task_runner.py:70 DeprecationWarning: This process (pid=18050) is multi-threaded, use of fork() may lead to deadlocks in the child.
[2024-09-29T03:16:36.083+0000] {standard_task_runner.py:72} INFO - Started process 18073 to run task
[2024-09-29T03:16:36.202+0000] {task_command.py:467} INFO - Running <TaskInstance: dag_with_postgres_operator_v03.insert_into_table scheduled__2024-09-03T00:00:00+00:00 [running]> on host f9a59cccd6d1
[2024-09-29T03:16:36.407+0000] {taskinstance.py:3131} INFO - Exporting env vars: AIRFLOW_CTX_DAG_OWNER='admin' AIRFLOW_CTX_DAG_ID='dag_with_postgres_operator_v03' AIRFLOW_CTX_TASK_ID='insert_into_table' AIRFLOW_CTX_EXECUTION_DATE='2024-09-03T00:00:00+00:00' AIRFLOW_CTX_TRY_NUMBER='1' AIRFLOW_CTX_DAG_RUN_ID='scheduled__2024-09-03T00:00:00+00:00'
[2024-09-29T03:16:36.411+0000] {taskinstance.py:731} INFO - ::endgroup::
[2024-09-29T03:16:36.485+0000] {sql.py:266} INFO - Executing: 
            insert into dag_runs (dt, dag_id) values ('2024-09-03', 'dag_with_postgres_operator_v03')
            
[2024-09-29T03:16:36.515+0000] {base.py:84} INFO - Retrieving connection 'postgres_localhost'
[2024-09-29T03:16:36.556+0000] {base.py:84} INFO - Retrieving connection 'postgres_localhost'
[2024-09-29T03:16:36.586+0000] {sql.py:509} INFO - Running statement: 
            insert into dag_runs (dt, dag_id) values ('2024-09-03', 'dag_with_postgres_operator_v03')
            , parameters: None
[2024-09-29T03:16:36.592+0000] {sql.py:518} INFO - Rows affected: 1
[2024-09-29T03:16:36.646+0000] {taskinstance.py:340} INFO - ::group::Post task execution logs
[2024-09-29T03:16:36.657+0000] {taskinstance.py:352} INFO - Marking task as SUCCESS. dag_id=dag_with_postgres_operator_v03, task_id=insert_into_table, run_id=scheduled__2024-09-03T00:00:00+00:00, execution_date=20240903T000000, start_date=20240929T031635, end_date=20240929T031636
[2024-09-29T03:16:36.777+0000] {local_task_job_runner.py:266} INFO - Task exited with return code 0
[2024-09-29T03:16:36.823+0000] {taskinstance.py:3900} INFO - 0 downstream tasks scheduled from follow-on schedule check
[2024-09-29T03:16:36.827+0000] {local_task_job_runner.py:245} INFO - ::endgroup::
