[2024-10-03T05:56:22.889+0000] {local_task_job_runner.py:123} INFO - ::group::Pre task execution logs
[2024-10-03T05:56:22.946+0000] {taskinstance.py:2612} INFO - Dependencies all met for dep_context=non-requeueable deps ti=<TaskInstance: dag_with_python_dependencies_v02.get_matplotlib scheduled__2024-09-30T00:00:00+00:00 [queued]>
[2024-10-03T05:56:22.963+0000] {taskinstance.py:2612} INFO - Dependencies all met for dep_context=requeueable deps ti=<TaskInstance: dag_with_python_dependencies_v02.get_matplotlib scheduled__2024-09-30T00:00:00+00:00 [queued]>
[2024-10-03T05:56:22.963+0000] {taskinstance.py:2865} INFO - Starting attempt 1 of 6
[2024-10-03T05:56:23.001+0000] {taskinstance.py:2888} INFO - Executing <Task(PythonOperator): get_matplotlib> on 2024-09-30 00:00:00+00:00
[2024-10-03T05:56:23.020+0000] {logging_mixin.py:190} WARNING - /home/***/.local/lib/python3.12/site-packages/***/task/task_runner/standard_task_runner.py:70 DeprecationWarning: This process (pid=462) is multi-threaded, use of fork() may lead to deadlocks in the child.
[2024-10-03T05:56:23.025+0000] {standard_task_runner.py:72} INFO - Started process 475 to run task
[2024-10-03T05:56:23.024+0000] {standard_task_runner.py:104} INFO - Running: ['***', 'tasks', 'run', 'dag_with_python_dependencies_v02', 'get_matplotlib', 'scheduled__2024-09-30T00:00:00+00:00', '--job-id', '1294', '--raw', '--subdir', 'DAGS_FOLDER/dag_with_python_dependencies.py', '--cfg-path', '/tmp/tmpnxecr6je']
[2024-10-03T05:56:23.029+0000] {standard_task_runner.py:105} INFO - Job 1294: Subtask get_matplotlib
[2024-10-03T05:56:23.081+0000] {logging_mixin.py:190} WARNING - /home/***/.local/lib/python3.12/site-packages/***/settings.py:209 DeprecationWarning: The sql_alchemy_conn option in [core] has been moved to the sql_alchemy_conn option in [database] - the old setting has been used, but please update your config.
[2024-10-03T05:56:23.159+0000] {task_command.py:467} INFO - Running <TaskInstance: dag_with_python_dependencies_v02.get_matplotlib scheduled__2024-09-30T00:00:00+00:00 [running]> on host 6851fee35b72
[2024-10-03T05:56:23.160+0000] {logging_mixin.py:190} WARNING - /home/***/.local/lib/python3.12/site-packages/***/settings.py:470 DeprecationWarning: The sql_alchemy_conn option in [core] has been moved to the sql_alchemy_conn option in [database] - the old setting has been used, but please update your config.
[2024-10-03T05:56:23.295+0000] {taskinstance.py:3131} INFO - Exporting env vars: AIRFLOW_CTX_DAG_OWNER='admin' AIRFLOW_CTX_DAG_ID='dag_with_python_dependencies_v02' AIRFLOW_CTX_TASK_ID='get_matplotlib' AIRFLOW_CTX_EXECUTION_DATE='2024-09-30T00:00:00+00:00' AIRFLOW_CTX_TRY_NUMBER='1' AIRFLOW_CTX_DAG_RUN_ID='scheduled__2024-09-30T00:00:00+00:00'
[2024-10-03T05:56:23.296+0000] {taskinstance.py:731} INFO - ::endgroup::
[2024-10-03T05:56:24.526+0000] {logging_mixin.py:190} INFO - matplotlib version:3.9.2
[2024-10-03T05:56:24.527+0000] {python.py:240} INFO - Done. Returned value was: None
[2024-10-03T05:56:24.557+0000] {taskinstance.py:340} INFO - ::group::Post task execution logs
[2024-10-03T05:56:24.564+0000] {taskinstance.py:352} INFO - Marking task as SUCCESS. dag_id=dag_with_python_dependencies_v02, task_id=get_matplotlib, run_id=scheduled__2024-09-30T00:00:00+00:00, execution_date=20240930T000000, start_date=20241003T055622, end_date=20241003T055624
[2024-10-03T05:56:24.663+0000] {local_task_job_runner.py:266} INFO - Task exited with return code 0
[2024-10-03T05:56:24.704+0000] {taskinstance.py:3900} INFO - 0 downstream tasks scheduled from follow-on schedule check
[2024-10-03T05:56:24.710+0000] {local_task_job_runner.py:245} INFO - ::endgroup::
