[2024-09-28T11:30:07.624+0000] {local_task_job_runner.py:123} INFO - ::group::Pre task execution logs
[2024-09-28T11:30:07.632+0000] {taskinstance.py:2612} INFO - Dependencies all met for dep_context=non-requeueable deps ti=<TaskInstance: first_dag_v4.task_two manual__2024-09-28T11:30:06.171984+00:00 [queued]>
[2024-09-28T11:30:07.636+0000] {taskinstance.py:2612} INFO - Dependencies all met for dep_context=requeueable deps ti=<TaskInstance: first_dag_v4.task_two manual__2024-09-28T11:30:06.171984+00:00 [queued]>
[2024-09-28T11:30:07.636+0000] {taskinstance.py:2865} INFO - Starting attempt 1 of 6
[2024-09-28T11:30:07.643+0000] {taskinstance.py:2888} INFO - Executing <Task(BashOperator): task_two> on 2024-09-28 11:30:06.171984+00:00
[2024-09-28T11:30:07.648+0000] {standard_task_runner.py:104} INFO - Running: ['***', 'tasks', 'run', 'first_dag_v4', 'task_two', 'manual__2024-09-28T11:30:06.171984+00:00', '--job-id', '33', '--raw', '--subdir', 'DAGS_FOLDER/first_dag.py', '--cfg-path', '/tmp/tmpkpy6lyan']
[2024-09-28T11:30:07.650+0000] {standard_task_runner.py:105} INFO - Job 33: Subtask task_two
[2024-09-28T11:30:07.650+0000] {logging_mixin.py:190} WARNING - /home/***/.local/lib/python3.12/site-packages/***/task/task_runner/standard_task_runner.py:70 DeprecationWarning: This process (pid=1525) is multi-threaded, use of fork() may lead to deadlocks in the child.
[2024-09-28T11:30:07.652+0000] {standard_task_runner.py:72} INFO - Started process 1526 to run task
[2024-09-28T11:30:07.675+0000] {task_command.py:467} INFO - Running <TaskInstance: first_dag_v4.task_two manual__2024-09-28T11:30:06.171984+00:00 [running]> on host f9a59cccd6d1
[2024-09-28T11:30:07.742+0000] {taskinstance.py:3131} INFO - Exporting env vars: AIRFLOW_CTX_DAG_OWNER='admin' AIRFLOW_CTX_DAG_ID='first_dag_v4' AIRFLOW_CTX_TASK_ID='task_two' AIRFLOW_CTX_EXECUTION_DATE='2024-09-28T11:30:06.171984+00:00' AIRFLOW_CTX_TRY_NUMBER='1' AIRFLOW_CTX_DAG_RUN_ID='manual__2024-09-28T11:30:06.171984+00:00'
[2024-09-28T11:30:07.744+0000] {taskinstance.py:731} INFO - ::endgroup::
[2024-09-28T11:30:07.758+0000] {subprocess.py:63} INFO - Tmp dir root location: /tmp
[2024-09-28T11:30:07.758+0000] {subprocess.py:75} INFO - Running command: ['/usr/bin/bash', '-c', 'echo hello planet, this will be run after task one.']
[2024-09-28T11:30:07.763+0000] {subprocess.py:86} INFO - Output:
[2024-09-28T11:30:07.764+0000] {subprocess.py:93} INFO - hello planet, this will be run after task one.
[2024-09-28T11:30:07.765+0000] {subprocess.py:97} INFO - Command exited with return code 0
[2024-09-28T11:30:07.778+0000] {taskinstance.py:340} INFO - ::group::Post task execution logs
[2024-09-28T11:30:07.779+0000] {taskinstance.py:352} INFO - Marking task as SUCCESS. dag_id=first_dag_v4, task_id=task_two, run_id=manual__2024-09-28T11:30:06.171984+00:00, execution_date=20240928T113006, start_date=20240928T113007, end_date=20240928T113007
[2024-09-28T11:30:07.792+0000] {local_task_job_runner.py:266} INFO - Task exited with return code 0
[2024-09-28T11:30:07.803+0000] {taskinstance.py:3900} INFO - 1 downstream tasks scheduled from follow-on schedule check
[2024-09-28T11:30:07.804+0000] {local_task_job_runner.py:245} INFO - ::endgroup::
