[2024-10-03T05:54:58.436+0000] {local_task_job_runner.py:123} INFO - ::group::Pre task execution logs
[2024-10-03T05:54:58.859+0000] {taskinstance.py:2612} INFO - Dependencies all met for dep_context=non-requeueable deps ti=<TaskInstance: dag_with_cron_expression_v03.task1 scheduled__2024-09-27T03:00:00+00:00 [queued]>
[2024-10-03T05:54:59.059+0000] {taskinstance.py:2612} INFO - Dependencies all met for dep_context=requeueable deps ti=<TaskInstance: dag_with_cron_expression_v03.task1 scheduled__2024-09-27T03:00:00+00:00 [queued]>
[2024-10-03T05:54:59.083+0000] {taskinstance.py:2865} INFO - Starting attempt 1 of 6
[2024-10-03T05:54:59.168+0000] {taskinstance.py:2888} INFO - Executing <Task(BashOperator): task1> on 2024-09-27 03:00:00+00:00
[2024-10-03T05:54:59.244+0000] {logging_mixin.py:190} WARNING - /home/***/.local/lib/python3.12/site-packages/***/task/task_runner/standard_task_runner.py:70 DeprecationWarning: This process (pid=201) is multi-threaded, use of fork() may lead to deadlocks in the child.
[2024-10-03T05:54:59.262+0000] {standard_task_runner.py:72} INFO - Started process 229 to run task
[2024-10-03T05:54:59.237+0000] {standard_task_runner.py:104} INFO - Running: ['***', 'tasks', 'run', 'dag_with_cron_expression_v03', 'task1', 'scheduled__2024-09-27T03:00:00+00:00', '--job-id', '1247', '--raw', '--subdir', 'DAGS_FOLDER/dag_with_cron_expression.py', '--cfg-path', '/tmp/tmp1omd9p74']
[2024-10-03T05:54:59.287+0000] {standard_task_runner.py:105} INFO - Job 1247: Subtask task1
[2024-10-03T05:54:59.717+0000] {logging_mixin.py:190} WARNING - /home/***/.local/lib/python3.12/site-packages/***/settings.py:209 DeprecationWarning: The sql_alchemy_conn option in [core] has been moved to the sql_alchemy_conn option in [database] - the old setting has been used, but please update your config.
[2024-10-03T05:55:01.886+0000] {task_command.py:467} INFO - Running <TaskInstance: dag_with_cron_expression_v03.task1 scheduled__2024-09-27T03:00:00+00:00 [running]> on host 6851fee35b72
[2024-10-03T05:55:02.013+0000] {logging_mixin.py:190} WARNING - /home/***/.local/lib/python3.12/site-packages/***/settings.py:470 DeprecationWarning: The sql_alchemy_conn option in [core] has been moved to the sql_alchemy_conn option in [database] - the old setting has been used, but please update your config.
[2024-10-03T05:55:04.322+0000] {taskinstance.py:3131} INFO - Exporting env vars: AIRFLOW_CTX_DAG_OWNER='admin' AIRFLOW_CTX_DAG_ID='dag_with_cron_expression_v03' AIRFLOW_CTX_TASK_ID='task1' AIRFLOW_CTX_EXECUTION_DATE='2024-09-27T03:00:00+00:00' AIRFLOW_CTX_TRY_NUMBER='1' AIRFLOW_CTX_DAG_RUN_ID='scheduled__2024-09-27T03:00:00+00:00'
[2024-10-03T05:55:04.354+0000] {taskinstance.py:731} INFO - ::endgroup::
[2024-10-03T05:55:04.440+0000] {subprocess.py:63} INFO - Tmp dir root location: /tmp
[2024-10-03T05:55:04.441+0000] {subprocess.py:75} INFO - Running command: ['/usr/bin/bash', '-c', 'echo dag with cron expression']
[2024-10-03T05:55:04.569+0000] {subprocess.py:86} INFO - Output:
[2024-10-03T05:55:04.602+0000] {subprocess.py:93} INFO - dag with cron expression
[2024-10-03T05:55:04.632+0000] {subprocess.py:97} INFO - Command exited with return code 0
[2024-10-03T05:55:05.094+0000] {taskinstance.py:340} INFO - ::group::Post task execution logs
[2024-10-03T05:55:05.103+0000] {taskinstance.py:352} INFO - Marking task as SUCCESS. dag_id=dag_with_cron_expression_v03, task_id=task1, run_id=scheduled__2024-09-27T03:00:00+00:00, execution_date=20240927T030000, start_date=20241003T055458, end_date=20241003T055505
[2024-10-03T05:55:05.323+0000] {local_task_job_runner.py:266} INFO - Task exited with return code 0
[2024-10-03T05:55:05.495+0000] {local_task_job_runner.py:245} INFO - ::endgroup::
