[2024-09-29T03:05:58.594+0000] {local_task_job_runner.py:123} INFO - ::group::Pre task execution logs
[2024-09-29T03:05:58.616+0000] {taskinstance.py:2612} INFO - Dependencies all met for dep_context=non-requeueable deps ti=<TaskInstance: dag_with_postgres_operator_v02.create_postgres_table scheduled__2024-09-16T00:00:00+00:00 [queued]>
[2024-09-29T03:05:58.628+0000] {taskinstance.py:2612} INFO - Dependencies all met for dep_context=requeueable deps ti=<TaskInstance: dag_with_postgres_operator_v02.create_postgres_table scheduled__2024-09-16T00:00:00+00:00 [queued]>
[2024-09-29T03:05:58.631+0000] {taskinstance.py:2865} INFO - Starting attempt 1 of 6
[2024-09-29T03:05:58.649+0000] {taskinstance.py:2888} INFO - Executing <Task(PostgresOperator): create_postgres_table> on 2024-09-16 00:00:00+00:00
[2024-09-29T03:05:58.656+0000] {logging_mixin.py:190} WARNING - /home/***/.local/lib/python3.12/site-packages/***/task/task_runner/standard_task_runner.py:70 DeprecationWarning: This process (pid=17113) is multi-threaded, use of fork() may lead to deadlocks in the child.
[2024-09-29T03:05:58.660+0000] {standard_task_runner.py:72} INFO - Started process 17120 to run task
[2024-09-29T03:05:58.663+0000] {standard_task_runner.py:104} INFO - Running: ['***', 'tasks', 'run', 'dag_with_postgres_operator_v02', 'create_postgres_table', 'scheduled__2024-09-16T00:00:00+00:00', '--job-id', '228', '--raw', '--subdir', 'DAGS_FOLDER/dag_with_postgres_operator.py', '--cfg-path', '/tmp/tmpvq6hflom']
[2024-09-29T03:05:58.671+0000] {standard_task_runner.py:105} INFO - Job 228: Subtask create_postgres_table
[2024-09-29T03:05:58.719+0000] {task_command.py:467} INFO - Running <TaskInstance: dag_with_postgres_operator_v02.create_postgres_table scheduled__2024-09-16T00:00:00+00:00 [running]> on host f9a59cccd6d1
[2024-09-29T03:05:58.775+0000] {taskinstance.py:3131} INFO - Exporting env vars: AIRFLOW_CTX_DAG_OWNER='admin' AIRFLOW_CTX_DAG_ID='dag_with_postgres_operator_v02' AIRFLOW_CTX_TASK_ID='create_postgres_table' AIRFLOW_CTX_EXECUTION_DATE='2024-09-16T00:00:00+00:00' AIRFLOW_CTX_TRY_NUMBER='1' AIRFLOW_CTX_DAG_RUN_ID='scheduled__2024-09-16T00:00:00+00:00'
[2024-09-29T03:05:58.777+0000] {taskinstance.py:731} INFO - ::endgroup::
[2024-09-29T03:05:58.790+0000] {sql.py:266} INFO - Executing: 
            create table if not exists dag_runs (
                dt date,
                dag_id character varying,
                primary key (dt,dag_id)
                )
            
[2024-09-29T03:05:58.801+0000] {base.py:84} INFO - Retrieving connection 'postgres_localhost'
[2024-09-29T03:05:58.809+0000] {base.py:84} INFO - Retrieving connection 'postgres_localhost'
[2024-09-29T03:05:58.816+0000] {sql.py:509} INFO - Running statement: 
            create table if not exists dag_runs (
                dt date,
                dag_id character varying,
                primary key (dt,dag_id)
                )
            , parameters: None
[2024-09-29T03:05:58.824+0000] {taskinstance.py:340} INFO - ::group::Post task execution logs
[2024-09-29T03:05:58.826+0000] {taskinstance.py:352} INFO - Marking task as SUCCESS. dag_id=dag_with_postgres_operator_v02, task_id=create_postgres_table, run_id=scheduled__2024-09-16T00:00:00+00:00, execution_date=20240916T000000, start_date=20240929T030558, end_date=20240929T030558
[2024-09-29T03:05:58.842+0000] {local_task_job_runner.py:266} INFO - Task exited with return code 0
[2024-09-29T03:05:58.851+0000] {taskinstance.py:3900} INFO - 0 downstream tasks scheduled from follow-on schedule check
[2024-09-29T03:05:58.851+0000] {local_task_job_runner.py:245} INFO - ::endgroup::
