[2024-09-29T08:17:19.074+0000] {local_task_job_runner.py:123} INFO - ::group::Pre task execution logs
[2024-09-29T08:17:19.107+0000] {taskinstance.py:2612} INFO - Dependencies all met for dep_context=non-requeueable deps ti=<TaskInstance: dag_with_python_dependencies_v02.get_matplotlib scheduled__2024-09-08T00:00:00+00:00 [queued]>
[2024-09-29T08:17:19.135+0000] {taskinstance.py:2612} INFO - Dependencies all met for dep_context=requeueable deps ti=<TaskInstance: dag_with_python_dependencies_v02.get_matplotlib scheduled__2024-09-08T00:00:00+00:00 [queued]>
[2024-09-29T08:17:19.138+0000] {taskinstance.py:2865} INFO - Starting attempt 2 of 6
[2024-09-29T08:17:19.162+0000] {taskinstance.py:2888} INFO - Executing <Task(PythonOperator): get_matplotlib> on 2024-09-08 00:00:00+00:00
[2024-09-29T08:17:19.185+0000] {logging_mixin.py:190} WARNING - /home/***/.local/lib/python3.12/site-packages/***/task/task_runner/standard_task_runner.py:70 DeprecationWarning: This process (pid=5445) is multi-threaded, use of fork() may lead to deadlocks in the child.
[2024-09-29T08:17:19.195+0000] {standard_task_runner.py:72} INFO - Started process 5459 to run task
[2024-09-29T08:17:19.193+0000] {standard_task_runner.py:104} INFO - Running: ['***', 'tasks', 'run', 'dag_with_python_dependencies_v02', 'get_matplotlib', 'scheduled__2024-09-08T00:00:00+00:00', '--job-id', '683', '--raw', '--subdir', 'DAGS_FOLDER/dag_with_python_dependencies.py', '--cfg-path', '/tmp/tmpna0fx33n']
[2024-09-29T08:17:19.202+0000] {standard_task_runner.py:105} INFO - Job 683: Subtask get_matplotlib
[2024-09-29T08:17:19.218+0000] {logging_mixin.py:190} WARNING - /home/***/.local/lib/python3.12/site-packages/***/settings.py:209 DeprecationWarning: The sql_alchemy_conn option in [core] has been moved to the sql_alchemy_conn option in [database] - the old setting has been used, but please update your config.
[2024-09-29T08:17:19.282+0000] {task_command.py:467} INFO - Running <TaskInstance: dag_with_python_dependencies_v02.get_matplotlib scheduled__2024-09-08T00:00:00+00:00 [running]> on host 6851fee35b72
[2024-09-29T08:17:19.287+0000] {logging_mixin.py:190} WARNING - /home/***/.local/lib/python3.12/site-packages/***/settings.py:470 DeprecationWarning: The sql_alchemy_conn option in [core] has been moved to the sql_alchemy_conn option in [database] - the old setting has been used, but please update your config.
[2024-09-29T08:17:19.692+0000] {taskinstance.py:3131} INFO - Exporting env vars: AIRFLOW_CTX_DAG_OWNER='admin' AIRFLOW_CTX_DAG_ID='dag_with_python_dependencies_v02' AIRFLOW_CTX_TASK_ID='get_matplotlib' AIRFLOW_CTX_EXECUTION_DATE='2024-09-08T00:00:00+00:00' AIRFLOW_CTX_TRY_NUMBER='2' AIRFLOW_CTX_DAG_RUN_ID='scheduled__2024-09-08T00:00:00+00:00'
[2024-09-29T08:17:19.705+0000] {taskinstance.py:731} INFO - ::endgroup::
[2024-09-29T08:17:26.608+0000] {logging_mixin.py:190} INFO - matplotlib version:3.9.2
[2024-09-29T08:17:26.627+0000] {python.py:240} INFO - Done. Returned value was: None
[2024-09-29T08:17:26.794+0000] {taskinstance.py:340} INFO - ::group::Post task execution logs
[2024-09-29T08:17:26.796+0000] {taskinstance.py:352} INFO - Marking task as SUCCESS. dag_id=dag_with_python_dependencies_v02, task_id=get_matplotlib, run_id=scheduled__2024-09-08T00:00:00+00:00, execution_date=20240908T000000, start_date=20240929T081719, end_date=20240929T081726
[2024-09-29T08:17:26.915+0000] {local_task_job_runner.py:266} INFO - Task exited with return code 0
[2024-09-29T08:17:27.046+0000] {local_task_job_runner.py:245} INFO - ::endgroup::
