[2024-09-29T03:11:32.205+0000] {local_task_job_runner.py:123} INFO - ::group::Pre task execution logs
[2024-09-29T03:11:32.229+0000] {taskinstance.py:2612} INFO - Dependencies all met for dep_context=non-requeueable deps ti=<TaskInstance: dag_with_postgres_operator_v03.create_postgres_table scheduled__2024-09-02T00:00:00+00:00 [queued]>
[2024-09-29T03:11:32.249+0000] {taskinstance.py:2612} INFO - Dependencies all met for dep_context=requeueable deps ti=<TaskInstance: dag_with_postgres_operator_v03.create_postgres_table scheduled__2024-09-02T00:00:00+00:00 [queued]>
[2024-09-29T03:11:32.250+0000] {taskinstance.py:2865} INFO - Starting attempt 1 of 6
[2024-09-29T03:11:32.269+0000] {taskinstance.py:2888} INFO - Executing <Task(PostgresOperator): create_postgres_table> on 2024-09-02 00:00:00+00:00
[2024-09-29T03:11:32.295+0000] {logging_mixin.py:190} WARNING - /home/***/.local/lib/python3.12/site-packages/***/task/task_runner/standard_task_runner.py:70 DeprecationWarning: This process (pid=17553) is multi-threaded, use of fork() may lead to deadlocks in the child.
[2024-09-29T03:11:32.303+0000] {standard_task_runner.py:72} INFO - Started process 17559 to run task
[2024-09-29T03:11:32.288+0000] {standard_task_runner.py:104} INFO - Running: ['***', 'tasks', 'run', 'dag_with_postgres_operator_v03', 'create_postgres_table', 'scheduled__2024-09-02T00:00:00+00:00', '--job-id', '242', '--raw', '--subdir', 'DAGS_FOLDER/dag_with_postgres_operator.py', '--cfg-path', '/tmp/tmpv1i09q_6']
[2024-09-29T03:11:32.305+0000] {standard_task_runner.py:105} INFO - Job 242: Subtask create_postgres_table
[2024-09-29T03:11:32.390+0000] {task_command.py:467} INFO - Running <TaskInstance: dag_with_postgres_operator_v03.create_postgres_table scheduled__2024-09-02T00:00:00+00:00 [running]> on host f9a59cccd6d1
[2024-09-29T03:11:32.581+0000] {taskinstance.py:3131} INFO - Exporting env vars: AIRFLOW_CTX_DAG_OWNER='admin' AIRFLOW_CTX_DAG_ID='dag_with_postgres_operator_v03' AIRFLOW_CTX_TASK_ID='create_postgres_table' AIRFLOW_CTX_EXECUTION_DATE='2024-09-02T00:00:00+00:00' AIRFLOW_CTX_TRY_NUMBER='1' AIRFLOW_CTX_DAG_RUN_ID='scheduled__2024-09-02T00:00:00+00:00'
[2024-09-29T03:11:32.588+0000] {taskinstance.py:731} INFO - ::endgroup::
[2024-09-29T03:11:32.659+0000] {sql.py:266} INFO - Executing: 
            create table if not exists dag_runs (
                dt date,
                dag_id character varying,
                primary key (dt,dag_id)
                )
            
[2024-09-29T03:11:32.683+0000] {base.py:84} INFO - Retrieving connection 'postgres_localhost'
[2024-09-29T03:11:32.719+0000] {base.py:84} INFO - Retrieving connection 'postgres_localhost'
[2024-09-29T03:11:32.757+0000] {sql.py:509} INFO - Running statement: 
            create table if not exists dag_runs (
                dt date,
                dag_id character varying,
                primary key (dt,dag_id)
                )
            , parameters: None
[2024-09-29T03:11:32.812+0000] {taskinstance.py:340} INFO - ::group::Post task execution logs
[2024-09-29T03:11:32.816+0000] {taskinstance.py:352} INFO - Marking task as SUCCESS. dag_id=dag_with_postgres_operator_v03, task_id=create_postgres_table, run_id=scheduled__2024-09-02T00:00:00+00:00, execution_date=20240902T000000, start_date=20240929T031132, end_date=20240929T031132
[2024-09-29T03:11:32.872+0000] {local_task_job_runner.py:266} INFO - Task exited with return code 0
[2024-09-29T03:11:32.929+0000] {local_task_job_runner.py:245} INFO - ::endgroup::
[2024-09-29T03:16:33.546+0000] {local_task_job_runner.py:123} INFO - ::group::Pre task execution logs
[2024-09-29T03:16:33.603+0000] {taskinstance.py:2612} INFO - Dependencies all met for dep_context=non-requeueable deps ti=<TaskInstance: dag_with_postgres_operator_v03.create_postgres_table scheduled__2024-09-02T00:00:00+00:00 [queued]>
[2024-09-29T03:16:33.648+0000] {taskinstance.py:2612} INFO - Dependencies all met for dep_context=requeueable deps ti=<TaskInstance: dag_with_postgres_operator_v03.create_postgres_table scheduled__2024-09-02T00:00:00+00:00 [queued]>
[2024-09-29T03:16:33.651+0000] {taskinstance.py:2865} INFO - Starting attempt 1 of 6
[2024-09-29T03:16:33.700+0000] {taskinstance.py:2888} INFO - Executing <Task(PostgresOperator): create_postgres_table> on 2024-09-02 00:00:00+00:00
[2024-09-29T03:16:33.762+0000] {logging_mixin.py:190} WARNING - /home/***/.local/lib/python3.12/site-packages/***/task/task_runner/standard_task_runner.py:70 DeprecationWarning: This process (pid=17998) is multi-threaded, use of fork() may lead to deadlocks in the child.
[2024-09-29T03:16:33.768+0000] {standard_task_runner.py:104} INFO - Running: ['***', 'tasks', 'run', 'dag_with_postgres_operator_v03', 'create_postgres_table', 'scheduled__2024-09-02T00:00:00+00:00', '--job-id', '274', '--raw', '--subdir', 'DAGS_FOLDER/dag_with_postgres_operator.py', '--cfg-path', '/tmp/tmp9aphl14t']
[2024-09-29T03:16:33.795+0000] {standard_task_runner.py:72} INFO - Started process 18008 to run task
[2024-09-29T03:16:33.798+0000] {standard_task_runner.py:105} INFO - Job 274: Subtask create_postgres_table
[2024-09-29T03:16:33.934+0000] {task_command.py:467} INFO - Running <TaskInstance: dag_with_postgres_operator_v03.create_postgres_table scheduled__2024-09-02T00:00:00+00:00 [running]> on host f9a59cccd6d1
[2024-09-29T03:16:34.310+0000] {taskinstance.py:3131} INFO - Exporting env vars: AIRFLOW_CTX_DAG_OWNER='admin' AIRFLOW_CTX_DAG_ID='dag_with_postgres_operator_v03' AIRFLOW_CTX_TASK_ID='create_postgres_table' AIRFLOW_CTX_EXECUTION_DATE='2024-09-02T00:00:00+00:00' AIRFLOW_CTX_TRY_NUMBER='1' AIRFLOW_CTX_DAG_RUN_ID='scheduled__2024-09-02T00:00:00+00:00'
[2024-09-29T03:16:34.318+0000] {taskinstance.py:731} INFO - ::endgroup::
[2024-09-29T03:16:34.368+0000] {sql.py:266} INFO - Executing: 
            create table if not exists dag_runs (
                ds date,
                dag_id character varying,
                primary key (ds,dag_id)
                )
            
[2024-09-29T03:16:34.407+0000] {base.py:84} INFO - Retrieving connection 'postgres_localhost'
[2024-09-29T03:16:34.450+0000] {base.py:84} INFO - Retrieving connection 'postgres_localhost'
[2024-09-29T03:16:34.478+0000] {sql.py:509} INFO - Running statement: 
            create table if not exists dag_runs (
                ds date,
                dag_id character varying,
                primary key (ds,dag_id)
                )
            , parameters: None
[2024-09-29T03:16:34.524+0000] {taskinstance.py:340} INFO - ::group::Post task execution logs
[2024-09-29T03:16:34.533+0000] {taskinstance.py:352} INFO - Marking task as SUCCESS. dag_id=dag_with_postgres_operator_v03, task_id=create_postgres_table, run_id=scheduled__2024-09-02T00:00:00+00:00, execution_date=20240902T000000, start_date=20240929T031633, end_date=20240929T031634
[2024-09-29T03:16:34.832+0000] {local_task_job_runner.py:266} INFO - Task exited with return code 0
[2024-09-29T03:16:34.943+0000] {logging_mixin.py:190} WARNING - /home/***/.local/lib/python3.12/site-packages/***/models/baseoperator.py:1378 AirflowProviderDeprecationWarning: Call to deprecated class PostgresOperator. (Please use `***.providers.common.sql.operators.sql.SQLExecuteQueryOperator`.Also, you can provide `hook_params={'schema': <database>}`.)
[2024-09-29T03:16:35.008+0000] {taskinstance.py:3900} INFO - 1 downstream tasks scheduled from follow-on schedule check
[2024-09-29T03:16:35.015+0000] {local_task_job_runner.py:245} INFO - ::endgroup::
