[2024-10-03T05:56:22.978+0000] {local_task_job_runner.py:123} INFO - ::group::Pre task execution logs
[2024-10-03T05:56:23.020+0000] {taskinstance.py:2612} INFO - Dependencies all met for dep_context=non-requeueable deps ti=<TaskInstance: dag_with_postgres_operator_v04.insert_into_table scheduled__2024-10-01T00:00:00+00:00 [queued]>
[2024-10-03T05:56:23.053+0000] {taskinstance.py:2612} INFO - Dependencies all met for dep_context=requeueable deps ti=<TaskInstance: dag_with_postgres_operator_v04.insert_into_table scheduled__2024-10-01T00:00:00+00:00 [queued]>
[2024-10-03T05:56:23.061+0000] {taskinstance.py:2865} INFO - Starting attempt 1 of 6
[2024-10-03T05:56:23.102+0000] {taskinstance.py:2888} INFO - Executing <Task(PostgresOperator): insert_into_table> on 2024-10-01 00:00:00+00:00
[2024-10-03T05:56:23.115+0000] {logging_mixin.py:190} WARNING - /home/***/.local/lib/python3.12/site-packages/***/task/task_runner/standard_task_runner.py:70 DeprecationWarning: This process (pid=463) is multi-threaded, use of fork() may lead to deadlocks in the child.
[2024-10-03T05:56:23.117+0000] {standard_task_runner.py:72} INFO - Started process 483 to run task
[2024-10-03T05:56:23.123+0000] {standard_task_runner.py:104} INFO - Running: ['***', 'tasks', 'run', 'dag_with_postgres_operator_v04', 'insert_into_table', 'scheduled__2024-10-01T00:00:00+00:00', '--job-id', '1298', '--raw', '--subdir', 'DAGS_FOLDER/dag_with_postgres_operator.py', '--cfg-path', '/tmp/tmpexs43otl']
[2024-10-03T05:56:23.128+0000] {standard_task_runner.py:105} INFO - Job 1298: Subtask insert_into_table
[2024-10-03T05:56:23.161+0000] {logging_mixin.py:190} WARNING - /home/***/.local/lib/python3.12/site-packages/***/settings.py:209 DeprecationWarning: The sql_alchemy_conn option in [core] has been moved to the sql_alchemy_conn option in [database] - the old setting has been used, but please update your config.
[2024-10-03T05:56:23.220+0000] {task_command.py:467} INFO - Running <TaskInstance: dag_with_postgres_operator_v04.insert_into_table scheduled__2024-10-01T00:00:00+00:00 [running]> on host 6851fee35b72
[2024-10-03T05:56:23.229+0000] {logging_mixin.py:190} WARNING - /home/***/.local/lib/python3.12/site-packages/***/settings.py:470 DeprecationWarning: The sql_alchemy_conn option in [core] has been moved to the sql_alchemy_conn option in [database] - the old setting has been used, but please update your config.
[2024-10-03T05:56:23.403+0000] {taskinstance.py:3131} INFO - Exporting env vars: AIRFLOW_CTX_DAG_OWNER='admin' AIRFLOW_CTX_DAG_ID='dag_with_postgres_operator_v04' AIRFLOW_CTX_TASK_ID='insert_into_table' AIRFLOW_CTX_EXECUTION_DATE='2024-10-01T00:00:00+00:00' AIRFLOW_CTX_TRY_NUMBER='1' AIRFLOW_CTX_DAG_RUN_ID='scheduled__2024-10-01T00:00:00+00:00'
[2024-10-03T05:56:23.408+0000] {taskinstance.py:731} INFO - ::endgroup::
[2024-10-03T05:56:23.471+0000] {sql.py:266} INFO - Executing: 
            insert into dag_runs (dt, dag_id) values ('2024-10-01', 'dag_with_postgres_operator_v04');
            
[2024-10-03T05:56:23.513+0000] {base.py:84} INFO - Retrieving connection 'postgres_localhost'
[2024-10-03T05:56:23.552+0000] {base.py:84} INFO - Retrieving connection 'postgres_localhost'
[2024-10-03T05:56:23.561+0000] {sql.py:509} INFO - Running statement: 
            insert into dag_runs (dt, dag_id) values ('2024-10-01', 'dag_with_postgres_operator_v04');
            , parameters: None
[2024-10-03T05:56:23.570+0000] {sql.py:518} INFO - Rows affected: 1
[2024-10-03T05:56:23.605+0000] {taskinstance.py:340} INFO - ::group::Post task execution logs
[2024-10-03T05:56:23.606+0000] {taskinstance.py:352} INFO - Marking task as SUCCESS. dag_id=dag_with_postgres_operator_v04, task_id=insert_into_table, run_id=scheduled__2024-10-01T00:00:00+00:00, execution_date=20241001T000000, start_date=20241003T055623, end_date=20241003T055623
[2024-10-03T05:56:23.691+0000] {local_task_job_runner.py:266} INFO - Task exited with return code 0
[2024-10-03T05:56:23.821+0000] {local_task_job_runner.py:245} INFO - ::endgroup::
