[2024-09-29T03:37:51.369+0000] {local_task_job_runner.py:123} INFO - ::group::Pre task execution logs
[2024-09-29T03:37:51.387+0000] {taskinstance.py:2612} INFO - Dependencies all met for dep_context=non-requeueable deps ti=<TaskInstance: dag_with_postgres_operator_v04.insert_into_table scheduled__2024-09-17T00:00:00+00:00 [queued]>
[2024-09-29T03:37:51.405+0000] {taskinstance.py:2612} INFO - Dependencies all met for dep_context=requeueable deps ti=<TaskInstance: dag_with_postgres_operator_v04.insert_into_table scheduled__2024-09-17T00:00:00+00:00 [queued]>
[2024-09-29T03:37:51.406+0000] {taskinstance.py:2865} INFO - Starting attempt 1 of 6
[2024-09-29T03:37:51.462+0000] {taskinstance.py:2888} INFO - Executing <Task(PostgresOperator): insert_into_table> on 2024-09-17 00:00:00+00:00
[2024-09-29T03:37:51.472+0000] {logging_mixin.py:190} WARNING - /home/***/.local/lib/python3.12/site-packages/***/task/task_runner/standard_task_runner.py:70 DeprecationWarning: This process (pid=20278) is multi-threaded, use of fork() may lead to deadlocks in the child.
[2024-09-29T03:37:51.474+0000] {standard_task_runner.py:72} INFO - Started process 20283 to run task
[2024-09-29T03:37:51.474+0000] {standard_task_runner.py:104} INFO - Running: ['***', 'tasks', 'run', 'dag_with_postgres_operator_v04', 'insert_into_table', 'scheduled__2024-09-17T00:00:00+00:00', '--job-id', '530', '--raw', '--subdir', 'DAGS_FOLDER/dag_with_postgres_operator.py', '--cfg-path', '/tmp/tmp3lxb56yy']
[2024-09-29T03:37:51.481+0000] {standard_task_runner.py:105} INFO - Job 530: Subtask insert_into_table
[2024-09-29T03:37:51.570+0000] {task_command.py:467} INFO - Running <TaskInstance: dag_with_postgres_operator_v04.insert_into_table scheduled__2024-09-17T00:00:00+00:00 [running]> on host f9a59cccd6d1
[2024-09-29T03:37:51.682+0000] {taskinstance.py:3131} INFO - Exporting env vars: AIRFLOW_CTX_DAG_OWNER='admin' AIRFLOW_CTX_DAG_ID='dag_with_postgres_operator_v04' AIRFLOW_CTX_TASK_ID='insert_into_table' AIRFLOW_CTX_EXECUTION_DATE='2024-09-17T00:00:00+00:00' AIRFLOW_CTX_TRY_NUMBER='1' AIRFLOW_CTX_DAG_RUN_ID='scheduled__2024-09-17T00:00:00+00:00'
[2024-09-29T03:37:51.686+0000] {taskinstance.py:731} INFO - ::endgroup::
[2024-09-29T03:37:51.723+0000] {sql.py:266} INFO - Executing: 
            insert into dag_runs (dt, dag_id) values ('2024-09-17', 'dag_with_postgres_operator_v04')
            
[2024-09-29T03:37:51.748+0000] {base.py:84} INFO - Retrieving connection 'postgres_localhost'
[2024-09-29T03:37:51.766+0000] {base.py:84} INFO - Retrieving connection 'postgres_localhost'
[2024-09-29T03:37:51.787+0000] {sql.py:509} INFO - Running statement: 
            insert into dag_runs (dt, dag_id) values ('2024-09-17', 'dag_with_postgres_operator_v04')
            , parameters: None
[2024-09-29T03:37:51.793+0000] {sql.py:518} INFO - Rows affected: 1
[2024-09-29T03:37:51.810+0000] {taskinstance.py:340} INFO - ::group::Post task execution logs
[2024-09-29T03:37:51.813+0000] {taskinstance.py:352} INFO - Marking task as SUCCESS. dag_id=dag_with_postgres_operator_v04, task_id=insert_into_table, run_id=scheduled__2024-09-17T00:00:00+00:00, execution_date=20240917T000000, start_date=20240929T033751, end_date=20240929T033751
[2024-09-29T03:37:51.892+0000] {local_task_job_runner.py:266} INFO - Task exited with return code 0
[2024-09-29T03:37:51.918+0000] {local_task_job_runner.py:245} INFO - ::endgroup::
