[2024-09-28T07:49:23.505+0000] {local_task_job_runner.py:123} INFO - ::group::Pre task execution logs
[2024-09-28T07:49:23.524+0000] {taskinstance.py:2612} INFO - Dependencies all met for dep_context=non-requeueable deps ti=<TaskInstance: example_bash_operator.runme_0 scheduled__2024-09-27T00:00:00+00:00 [queued]>
[2024-09-28T07:49:23.533+0000] {taskinstance.py:2612} INFO - Dependencies all met for dep_context=requeueable deps ti=<TaskInstance: example_bash_operator.runme_0 scheduled__2024-09-27T00:00:00+00:00 [queued]>
[2024-09-28T07:49:23.533+0000] {taskinstance.py:2865} INFO - Starting attempt 1 of 1
[2024-09-28T07:49:23.545+0000] {taskinstance.py:2888} INFO - Executing <Task(BashOperator): runme_0> on 2024-09-27 00:00:00+00:00
[2024-09-28T07:49:23.553+0000] {standard_task_runner.py:104} INFO - Running: ['***', 'tasks', 'run', 'example_bash_operator', 'runme_0', 'scheduled__2024-09-27T00:00:00+00:00', '--job-id', '3', '--raw', '--subdir', '/home/***/.local/lib/python3.12/site-packages/***/example_dags/example_bash_operator.py', '--cfg-path', '/tmp/tmphhue2nni']
[2024-09-28T07:49:23.555+0000] {logging_mixin.py:190} WARNING - /home/***/.local/lib/python3.12/site-packages/***/task/task_runner/standard_task_runner.py:70 DeprecationWarning: This process (pid=1315) is multi-threaded, use of fork() may lead to deadlocks in the child.
[2024-09-28T07:49:23.557+0000] {standard_task_runner.py:72} INFO - Started process 1319 to run task
[2024-09-28T07:49:23.555+0000] {standard_task_runner.py:105} INFO - Job 3: Subtask runme_0
[2024-09-28T07:49:23.630+0000] {task_command.py:467} INFO - Running <TaskInstance: example_bash_operator.runme_0 scheduled__2024-09-27T00:00:00+00:00 [running]> on host 1e94a4d7b11d
[2024-09-28T07:49:23.690+0000] {taskinstance.py:3131} INFO - Exporting env vars: AIRFLOW_CTX_DAG_OWNER='***' AIRFLOW_CTX_DAG_ID='example_bash_operator' AIRFLOW_CTX_TASK_ID='runme_0' AIRFLOW_CTX_EXECUTION_DATE='2024-09-27T00:00:00+00:00' AIRFLOW_CTX_TRY_NUMBER='1' AIRFLOW_CTX_DAG_RUN_ID='scheduled__2024-09-27T00:00:00+00:00'
[2024-09-28T07:49:23.692+0000] {logging_mixin.py:190} INFO - Task instance is in running state
[2024-09-28T07:49:23.693+0000] {logging_mixin.py:190} INFO -  Previous state of the Task instance: queued
[2024-09-28T07:49:23.695+0000] {logging_mixin.py:190} INFO - Current task name:runme_0 state:running start_date:2024-09-28 07:49:23.527113+00:00
[2024-09-28T07:49:23.695+0000] {logging_mixin.py:190} INFO - Dag name:example_bash_operator and current dag run status:running
[2024-09-28T07:49:23.695+0000] {taskinstance.py:731} INFO - ::endgroup::
[2024-09-28T07:49:23.696+0000] {subprocess.py:63} INFO - Tmp dir root location: /tmp
[2024-09-28T07:49:23.696+0000] {subprocess.py:75} INFO - Running command: ['/usr/bin/bash', '-c', 'echo "example_bash_operator__runme_0__20240927" && sleep 1']
[2024-09-28T07:49:23.705+0000] {subprocess.py:86} INFO - Output:
[2024-09-28T07:49:23.710+0000] {subprocess.py:93} INFO - example_bash_operator__runme_0__20240927
[2024-09-28T07:49:24.714+0000] {subprocess.py:97} INFO - Command exited with return code 0
[2024-09-28T07:49:24.751+0000] {taskinstance.py:340} INFO - ::group::Post task execution logs
[2024-09-28T07:49:24.753+0000] {taskinstance.py:352} INFO - Marking task as SUCCESS. dag_id=example_bash_operator, task_id=runme_0, run_id=scheduled__2024-09-27T00:00:00+00:00, execution_date=20240927T000000, start_date=20240928T074923, end_date=20240928T074924
[2024-09-28T07:49:24.769+0000] {logging_mixin.py:190} INFO - Task instance in success state
[2024-09-28T07:49:24.770+0000] {logging_mixin.py:190} INFO -  Previous state of the Task instance: running
[2024-09-28T07:49:24.770+0000] {logging_mixin.py:190} INFO - Dag name:example_bash_operator queued_at:2024-09-28 07:49:22.945208+00:00
[2024-09-28T07:49:24.770+0000] {logging_mixin.py:190} INFO - Task hostname:1e94a4d7b11d operator:BashOperator
[2024-09-28T07:49:24.815+0000] {local_task_job_runner.py:266} INFO - Task exited with return code 0
[2024-09-28T07:49:24.837+0000] {local_task_job_runner.py:245} INFO - ::endgroup::
