[2024-09-29T08:10:01.887+0000] {local_task_job_runner.py:123} INFO - ::group::Pre task execution logs
[2024-09-29T08:10:02.057+0000] {taskinstance.py:2612} INFO - Dependencies all met for dep_context=non-requeueable deps ti=<TaskInstance: dag_with_python_dependencies_v02.get_scikit_learn scheduled__2024-09-12T00:00:00+00:00 [queued]>
[2024-09-29T08:10:02.155+0000] {taskinstance.py:2612} INFO - Dependencies all met for dep_context=requeueable deps ti=<TaskInstance: dag_with_python_dependencies_v02.get_scikit_learn scheduled__2024-09-12T00:00:00+00:00 [queued]>
[2024-09-29T08:10:02.161+0000] {taskinstance.py:2865} INFO - Starting attempt 1 of 6
[2024-09-29T08:10:03.031+0000] {taskinstance.py:2888} INFO - Executing <Task(PythonOperator): get_scikit_learn> on 2024-09-12 00:00:00+00:00
[2024-09-29T08:10:03.150+0000] {logging_mixin.py:190} WARNING - /home/***/.local/lib/python3.12/site-packages/***/task/task_runner/standard_task_runner.py:70 DeprecationWarning: This process (pid=3684) is multi-threaded, use of fork() may lead to deadlocks in the child.
[2024-09-29T08:10:03.160+0000] {standard_task_runner.py:72} INFO - Started process 3705 to run task
[2024-09-29T08:10:03.147+0000] {standard_task_runner.py:104} INFO - Running: ['***', 'tasks', 'run', 'dag_with_python_dependencies_v02', 'get_scikit_learn', 'scheduled__2024-09-12T00:00:00+00:00', '--job-id', '619', '--raw', '--subdir', 'DAGS_FOLDER/dag_with_python_dependencies.py', '--cfg-path', '/tmp/tmps58w_15p']
[2024-09-29T08:10:03.162+0000] {standard_task_runner.py:105} INFO - Job 619: Subtask get_scikit_learn
[2024-09-29T08:10:03.255+0000] {logging_mixin.py:190} WARNING - /home/***/.local/lib/python3.12/site-packages/***/settings.py:209 DeprecationWarning: The sql_alchemy_conn option in [core] has been moved to the sql_alchemy_conn option in [database] - the old setting has been used, but please update your config.
[2024-09-29T08:10:03.488+0000] {task_command.py:467} INFO - Running <TaskInstance: dag_with_python_dependencies_v02.get_scikit_learn scheduled__2024-09-12T00:00:00+00:00 [running]> on host 6851fee35b72
[2024-09-29T08:10:03.506+0000] {logging_mixin.py:190} WARNING - /home/***/.local/lib/python3.12/site-packages/***/settings.py:470 DeprecationWarning: The sql_alchemy_conn option in [core] has been moved to the sql_alchemy_conn option in [database] - the old setting has been used, but please update your config.
[2024-09-29T08:10:04.502+0000] {taskinstance.py:3131} INFO - Exporting env vars: AIRFLOW_CTX_DAG_OWNER='admin' AIRFLOW_CTX_DAG_ID='dag_with_python_dependencies_v02' AIRFLOW_CTX_TASK_ID='get_scikit_learn' AIRFLOW_CTX_EXECUTION_DATE='2024-09-12T00:00:00+00:00' AIRFLOW_CTX_TRY_NUMBER='1' AIRFLOW_CTX_DAG_RUN_ID='scheduled__2024-09-12T00:00:00+00:00'
[2024-09-29T08:10:04.507+0000] {taskinstance.py:731} INFO - ::endgroup::
[2024-09-29T08:10:14.452+0000] {logging_mixin.py:190} INFO - scikit-learn version:1.5.2
[2024-09-29T08:10:14.460+0000] {python.py:240} INFO - Done. Returned value was: None
[2024-09-29T08:10:14.583+0000] {taskinstance.py:340} INFO - ::group::Post task execution logs
[2024-09-29T08:10:14.590+0000] {taskinstance.py:352} INFO - Marking task as SUCCESS. dag_id=dag_with_python_dependencies_v02, task_id=get_scikit_learn, run_id=scheduled__2024-09-12T00:00:00+00:00, execution_date=20240912T000000, start_date=20240929T081002, end_date=20240929T081014
[2024-09-29T08:10:14.983+0000] {local_task_job_runner.py:266} INFO - Task exited with return code 0
[2024-09-29T08:10:15.093+0000] {local_task_job_runner.py:245} INFO - ::endgroup::
[2024-09-29T08:12:02.693+0000] {local_task_job_runner.py:123} INFO - ::group::Pre task execution logs
[2024-09-29T08:12:02.741+0000] {taskinstance.py:2612} INFO - Dependencies all met for dep_context=non-requeueable deps ti=<TaskInstance: dag_with_python_dependencies_v02.get_scikit_learn scheduled__2024-09-12T00:00:00+00:00 [queued]>
[2024-09-29T08:12:02.754+0000] {taskinstance.py:2612} INFO - Dependencies all met for dep_context=requeueable deps ti=<TaskInstance: dag_with_python_dependencies_v02.get_scikit_learn scheduled__2024-09-12T00:00:00+00:00 [queued]>
[2024-09-29T08:12:02.755+0000] {taskinstance.py:2865} INFO - Starting attempt 1 of 6
[2024-09-29T08:12:02.777+0000] {taskinstance.py:2888} INFO - Executing <Task(PythonOperator): get_scikit_learn> on 2024-09-12 00:00:00+00:00
[2024-09-29T08:12:02.809+0000] {logging_mixin.py:190} WARNING - /home/***/.local/lib/python3.12/site-packages/***/task/task_runner/standard_task_runner.py:70 DeprecationWarning: This process (pid=4225) is multi-threaded, use of fork() may lead to deadlocks in the child.
[2024-09-29T08:12:02.816+0000] {standard_task_runner.py:72} INFO - Started process 4244 to run task
[2024-09-29T08:12:02.813+0000] {standard_task_runner.py:104} INFO - Running: ['***', 'tasks', 'run', 'dag_with_python_dependencies_v02', 'get_scikit_learn', 'scheduled__2024-09-12T00:00:00+00:00', '--job-id', '651', '--raw', '--subdir', 'DAGS_FOLDER/dag_with_python_dependencies.py', '--cfg-path', '/tmp/tmp3i43ahbf']
[2024-09-29T08:12:02.850+0000] {standard_task_runner.py:105} INFO - Job 651: Subtask get_scikit_learn
[2024-09-29T08:12:02.867+0000] {logging_mixin.py:190} WARNING - /home/***/.local/lib/python3.12/site-packages/***/settings.py:209 DeprecationWarning: The sql_alchemy_conn option in [core] has been moved to the sql_alchemy_conn option in [database] - the old setting has been used, but please update your config.
[2024-09-29T08:12:03.087+0000] {task_command.py:467} INFO - Running <TaskInstance: dag_with_python_dependencies_v02.get_scikit_learn scheduled__2024-09-12T00:00:00+00:00 [running]> on host 6851fee35b72
[2024-09-29T08:12:03.099+0000] {logging_mixin.py:190} WARNING - /home/***/.local/lib/python3.12/site-packages/***/settings.py:470 DeprecationWarning: The sql_alchemy_conn option in [core] has been moved to the sql_alchemy_conn option in [database] - the old setting has been used, but please update your config.
[2024-09-29T08:12:04.100+0000] {taskinstance.py:3131} INFO - Exporting env vars: AIRFLOW_CTX_DAG_OWNER='admin' AIRFLOW_CTX_DAG_ID='dag_with_python_dependencies_v02' AIRFLOW_CTX_TASK_ID='get_scikit_learn' AIRFLOW_CTX_EXECUTION_DATE='2024-09-12T00:00:00+00:00' AIRFLOW_CTX_TRY_NUMBER='1' AIRFLOW_CTX_DAG_RUN_ID='scheduled__2024-09-12T00:00:00+00:00'
[2024-09-29T08:12:04.107+0000] {taskinstance.py:731} INFO - ::endgroup::
[2024-09-29T08:12:16.116+0000] {logging_mixin.py:190} INFO - scikit-learn version:1.5.2
[2024-09-29T08:12:16.123+0000] {python.py:240} INFO - Done. Returned value was: None
[2024-09-29T08:12:16.166+0000] {taskinstance.py:340} INFO - ::group::Post task execution logs
[2024-09-29T08:12:16.169+0000] {taskinstance.py:352} INFO - Marking task as SUCCESS. dag_id=dag_with_python_dependencies_v02, task_id=get_scikit_learn, run_id=scheduled__2024-09-12T00:00:00+00:00, execution_date=20240912T000000, start_date=20240929T081202, end_date=20240929T081216
[2024-09-29T08:12:16.273+0000] {local_task_job_runner.py:266} INFO - Task exited with return code 0
[2024-09-29T08:12:16.420+0000] {taskinstance.py:3900} INFO - 1 downstream tasks scheduled from follow-on schedule check
[2024-09-29T08:12:16.429+0000] {local_task_job_runner.py:245} INFO - ::endgroup::
