[2024-09-29T08:17:18.891+0000] {local_task_job_runner.py:123} INFO - ::group::Pre task execution logs
[2024-09-29T08:17:18.999+0000] {taskinstance.py:2612} INFO - Dependencies all met for dep_context=non-requeueable deps ti=<TaskInstance: dag_with_python_dependencies_v02.get_matplotlib scheduled__2024-09-09T00:00:00+00:00 [queued]>
[2024-09-29T08:17:19.018+0000] {taskinstance.py:2612} INFO - Dependencies all met for dep_context=requeueable deps ti=<TaskInstance: dag_with_python_dependencies_v02.get_matplotlib scheduled__2024-09-09T00:00:00+00:00 [queued]>
[2024-09-29T08:17:19.019+0000] {taskinstance.py:2865} INFO - Starting attempt 2 of 6
[2024-09-29T08:17:19.297+0000] {taskinstance.py:2888} INFO - Executing <Task(PythonOperator): get_matplotlib> on 2024-09-09 00:00:00+00:00
[2024-09-29T08:17:19.331+0000] {logging_mixin.py:190} WARNING - /home/***/.local/lib/python3.12/site-packages/***/task/task_runner/standard_task_runner.py:70 DeprecationWarning: This process (pid=5441) is multi-threaded, use of fork() may lead to deadlocks in the child.
[2024-09-29T08:17:19.348+0000] {standard_task_runner.py:72} INFO - Started process 5472 to run task
[2024-09-29T08:17:19.368+0000] {standard_task_runner.py:104} INFO - Running: ['***', 'tasks', 'run', 'dag_with_python_dependencies_v02', 'get_matplotlib', 'scheduled__2024-09-09T00:00:00+00:00', '--job-id', '678', '--raw', '--subdir', 'DAGS_FOLDER/dag_with_python_dependencies.py', '--cfg-path', '/tmp/tmpzdvbnipj']
[2024-09-29T08:17:19.387+0000] {standard_task_runner.py:105} INFO - Job 678: Subtask get_matplotlib
[2024-09-29T08:17:19.444+0000] {logging_mixin.py:190} WARNING - /home/***/.local/lib/python3.12/site-packages/***/settings.py:209 DeprecationWarning: The sql_alchemy_conn option in [core] has been moved to the sql_alchemy_conn option in [database] - the old setting has been used, but please update your config.
[2024-09-29T08:17:19.597+0000] {task_command.py:467} INFO - Running <TaskInstance: dag_with_python_dependencies_v02.get_matplotlib scheduled__2024-09-09T00:00:00+00:00 [running]> on host 6851fee35b72
[2024-09-29T08:17:19.616+0000] {logging_mixin.py:190} WARNING - /home/***/.local/lib/python3.12/site-packages/***/settings.py:470 DeprecationWarning: The sql_alchemy_conn option in [core] has been moved to the sql_alchemy_conn option in [database] - the old setting has been used, but please update your config.
[2024-09-29T08:17:20.397+0000] {taskinstance.py:3131} INFO - Exporting env vars: AIRFLOW_CTX_DAG_OWNER='admin' AIRFLOW_CTX_DAG_ID='dag_with_python_dependencies_v02' AIRFLOW_CTX_TASK_ID='get_matplotlib' AIRFLOW_CTX_EXECUTION_DATE='2024-09-09T00:00:00+00:00' AIRFLOW_CTX_TRY_NUMBER='2' AIRFLOW_CTX_DAG_RUN_ID='scheduled__2024-09-09T00:00:00+00:00'
[2024-09-29T08:17:20.441+0000] {taskinstance.py:731} INFO - ::endgroup::
[2024-09-29T08:17:27.086+0000] {logging_mixin.py:190} INFO - matplotlib version:3.9.2
[2024-09-29T08:17:27.091+0000] {python.py:240} INFO - Done. Returned value was: None
[2024-09-29T08:17:27.170+0000] {taskinstance.py:340} INFO - ::group::Post task execution logs
[2024-09-29T08:17:27.176+0000] {taskinstance.py:352} INFO - Marking task as SUCCESS. dag_id=dag_with_python_dependencies_v02, task_id=get_matplotlib, run_id=scheduled__2024-09-09T00:00:00+00:00, execution_date=20240909T000000, start_date=20240929T081718, end_date=20240929T081727
[2024-09-29T08:17:27.655+0000] {local_task_job_runner.py:266} INFO - Task exited with return code 0
[2024-09-29T08:17:27.885+0000] {taskinstance.py:3900} INFO - 0 downstream tasks scheduled from follow-on schedule check
[2024-09-29T08:17:27.898+0000] {local_task_job_runner.py:245} INFO - ::endgroup::
