[2024-09-28T13:53:50.974+0000] {local_task_job_runner.py:123} INFO - ::group::Pre task execution logs
[2024-09-28T13:53:50.992+0000] {taskinstance.py:2612} INFO - Dependencies all met for dep_context=non-requeueable deps ti=<TaskInstance: dag_with_cron_expression_v01.task1 scheduled__2024-09-05T00:00:00+00:00 [queued]>
[2024-09-28T13:53:51.003+0000] {taskinstance.py:2612} INFO - Dependencies all met for dep_context=requeueable deps ti=<TaskInstance: dag_with_cron_expression_v01.task1 scheduled__2024-09-05T00:00:00+00:00 [queued]>
[2024-09-28T13:53:51.003+0000] {taskinstance.py:2865} INFO - Starting attempt 1 of 6
[2024-09-28T13:53:51.040+0000] {taskinstance.py:2888} INFO - Executing <Task(BashOperator): task1> on 2024-09-05 00:00:00+00:00
[2024-09-28T13:53:51.057+0000] {logging_mixin.py:190} WARNING - /home/***/.local/lib/python3.12/site-packages/***/task/task_runner/standard_task_runner.py:70 DeprecationWarning: This process (pid=6723) is multi-threaded, use of fork() may lead to deadlocks in the child.
[2024-09-28T13:53:51.058+0000] {standard_task_runner.py:72} INFO - Started process 6734 to run task
[2024-09-28T13:53:51.057+0000] {standard_task_runner.py:104} INFO - Running: ['***', 'tasks', 'run', 'dag_with_cron_expression_v01', 'task1', 'scheduled__2024-09-05T00:00:00+00:00', '--job-id', '119', '--raw', '--subdir', 'DAGS_FOLDER/dag_with_cron_expression.py', '--cfg-path', '/tmp/tmpqu663gi6']
[2024-09-28T13:53:51.066+0000] {standard_task_runner.py:105} INFO - Job 119: Subtask task1
[2024-09-28T13:53:51.180+0000] {task_command.py:467} INFO - Running <TaskInstance: dag_with_cron_expression_v01.task1 scheduled__2024-09-05T00:00:00+00:00 [running]> on host f9a59cccd6d1
[2024-09-28T13:53:51.566+0000] {taskinstance.py:3131} INFO - Exporting env vars: AIRFLOW_CTX_DAG_OWNER='admin' AIRFLOW_CTX_DAG_ID='dag_with_cron_expression_v01' AIRFLOW_CTX_TASK_ID='task1' AIRFLOW_CTX_EXECUTION_DATE='2024-09-05T00:00:00+00:00' AIRFLOW_CTX_TRY_NUMBER='1' AIRFLOW_CTX_DAG_RUN_ID='scheduled__2024-09-05T00:00:00+00:00'
[2024-09-28T13:53:51.567+0000] {taskinstance.py:731} INFO - ::endgroup::
[2024-09-28T13:53:51.624+0000] {subprocess.py:63} INFO - Tmp dir root location: /tmp
[2024-09-28T13:53:51.625+0000] {subprocess.py:75} INFO - Running command: ['/usr/bin/bash', '-c', 'echo dag with cron expression']
[2024-09-28T13:53:51.635+0000] {subprocess.py:86} INFO - Output:
[2024-09-28T13:53:51.637+0000] {subprocess.py:93} INFO - dag with cron expression
[2024-09-28T13:53:51.637+0000] {subprocess.py:97} INFO - Command exited with return code 0
[2024-09-28T13:53:51.708+0000] {taskinstance.py:340} INFO - ::group::Post task execution logs
[2024-09-28T13:53:51.710+0000] {taskinstance.py:352} INFO - Marking task as SUCCESS. dag_id=dag_with_cron_expression_v01, task_id=task1, run_id=scheduled__2024-09-05T00:00:00+00:00, execution_date=20240905T000000, start_date=20240928T135350, end_date=20240928T135351
[2024-09-28T13:53:51.816+0000] {local_task_job_runner.py:266} INFO - Task exited with return code 0
[2024-09-28T13:53:51.868+0000] {local_task_job_runner.py:245} INFO - ::endgroup::
