[2024-09-29T03:21:36.408+0000] {local_task_job_runner.py:123} INFO - ::group::Pre task execution logs
[2024-09-29T03:21:36.460+0000] {taskinstance.py:2612} INFO - Dependencies all met for dep_context=non-requeueable deps ti=<TaskInstance: dag_with_postgres_operator_v04.create_postgres_table scheduled__2024-09-04T00:00:00+00:00 [queued]>
[2024-09-29T03:21:36.481+0000] {taskinstance.py:2612} INFO - Dependencies all met for dep_context=requeueable deps ti=<TaskInstance: dag_with_postgres_operator_v04.create_postgres_table scheduled__2024-09-04T00:00:00+00:00 [queued]>
[2024-09-29T03:21:36.482+0000] {taskinstance.py:2865} INFO - Starting attempt 1 of 6
[2024-09-29T03:21:36.538+0000] {taskinstance.py:2888} INFO - Executing <Task(PostgresOperator): create_postgres_table> on 2024-09-04 00:00:00+00:00
[2024-09-29T03:21:36.558+0000] {logging_mixin.py:190} WARNING - /home/***/.local/lib/python3.12/site-packages/***/task/task_runner/standard_task_runner.py:70 DeprecationWarning: This process (pid=18532) is multi-threaded, use of fork() may lead to deadlocks in the child.
[2024-09-29T03:21:36.569+0000] {standard_task_runner.py:72} INFO - Started process 18542 to run task
[2024-09-29T03:21:36.562+0000] {standard_task_runner.py:104} INFO - Running: ['***', 'tasks', 'run', 'dag_with_postgres_operator_v04', 'create_postgres_table', 'scheduled__2024-09-04T00:00:00+00:00', '--job-id', '333', '--raw', '--subdir', 'DAGS_FOLDER/dag_with_postgres_operator.py', '--cfg-path', '/tmp/tmpzc2x8bpp']
[2024-09-29T03:21:36.582+0000] {standard_task_runner.py:105} INFO - Job 333: Subtask create_postgres_table
[2024-09-29T03:21:36.770+0000] {task_command.py:467} INFO - Running <TaskInstance: dag_with_postgres_operator_v04.create_postgres_table scheduled__2024-09-04T00:00:00+00:00 [running]> on host f9a59cccd6d1
[2024-09-29T03:21:37.002+0000] {taskinstance.py:3131} INFO - Exporting env vars: AIRFLOW_CTX_DAG_OWNER='admin' AIRFLOW_CTX_DAG_ID='dag_with_postgres_operator_v04' AIRFLOW_CTX_TASK_ID='create_postgres_table' AIRFLOW_CTX_EXECUTION_DATE='2024-09-04T00:00:00+00:00' AIRFLOW_CTX_TRY_NUMBER='1' AIRFLOW_CTX_DAG_RUN_ID='scheduled__2024-09-04T00:00:00+00:00'
[2024-09-29T03:21:37.007+0000] {taskinstance.py:731} INFO - ::endgroup::
[2024-09-29T03:21:37.081+0000] {sql.py:266} INFO - Executing: 
            create table if not exists dag_runs (
                ds date,
                dag_id character varying,
                primary key (ds,dag_id)
                )
            
[2024-09-29T03:21:37.108+0000] {base.py:84} INFO - Retrieving connection 'postgres_localhost'
[2024-09-29T03:21:37.116+0000] {base.py:84} INFO - Retrieving connection 'postgres_localhost'
[2024-09-29T03:21:37.137+0000] {sql.py:509} INFO - Running statement: 
            create table if not exists dag_runs (
                ds date,
                dag_id character varying,
                primary key (ds,dag_id)
                )
            , parameters: None
[2024-09-29T03:21:37.164+0000] {taskinstance.py:340} INFO - ::group::Post task execution logs
[2024-09-29T03:21:37.167+0000] {taskinstance.py:352} INFO - Marking task as SUCCESS. dag_id=dag_with_postgres_operator_v04, task_id=create_postgres_table, run_id=scheduled__2024-09-04T00:00:00+00:00, execution_date=20240904T000000, start_date=20240929T032136, end_date=20240929T032137
[2024-09-29T03:21:37.225+0000] {local_task_job_runner.py:266} INFO - Task exited with return code 0
[2024-09-29T03:21:37.294+0000] {logging_mixin.py:190} WARNING - /home/***/.local/lib/python3.12/site-packages/***/models/baseoperator.py:1378 AirflowProviderDeprecationWarning: Call to deprecated class PostgresOperator. (Please use `***.providers.common.sql.operators.sql.SQLExecuteQueryOperator`.Also, you can provide `hook_params={'schema': <database>}`.)
[2024-09-29T03:21:37.349+0000] {taskinstance.py:3900} INFO - 1 downstream tasks scheduled from follow-on schedule check
[2024-09-29T03:21:37.360+0000] {local_task_job_runner.py:245} INFO - ::endgroup::
[2024-09-29T03:24:10.367+0000] {local_task_job_runner.py:123} INFO - ::group::Pre task execution logs
[2024-09-29T03:24:10.398+0000] {taskinstance.py:2612} INFO - Dependencies all met for dep_context=non-requeueable deps ti=<TaskInstance: dag_with_postgres_operator_v04.create_postgres_table scheduled__2024-09-04T00:00:00+00:00 [queued]>
[2024-09-29T03:24:10.412+0000] {taskinstance.py:2612} INFO - Dependencies all met for dep_context=requeueable deps ti=<TaskInstance: dag_with_postgres_operator_v04.create_postgres_table scheduled__2024-09-04T00:00:00+00:00 [queued]>
[2024-09-29T03:24:10.414+0000] {taskinstance.py:2865} INFO - Starting attempt 1 of 6
[2024-09-29T03:24:10.472+0000] {taskinstance.py:2888} INFO - Executing <Task(PostgresOperator): create_postgres_table> on 2024-09-04 00:00:00+00:00
[2024-09-29T03:24:10.488+0000] {logging_mixin.py:190} WARNING - /home/***/.local/lib/python3.12/site-packages/***/task/task_runner/standard_task_runner.py:70 DeprecationWarning: This process (pid=18856) is multi-threaded, use of fork() may lead to deadlocks in the child.
[2024-09-29T03:24:10.489+0000] {standard_task_runner.py:104} INFO - Running: ['***', 'tasks', 'run', 'dag_with_postgres_operator_v04', 'create_postgres_table', 'scheduled__2024-09-04T00:00:00+00:00', '--job-id', '381', '--raw', '--subdir', 'DAGS_FOLDER/dag_with_postgres_operator.py', '--cfg-path', '/tmp/tmp2qpm02a5']
[2024-09-29T03:24:10.493+0000] {standard_task_runner.py:105} INFO - Job 381: Subtask create_postgres_table
[2024-09-29T03:24:10.491+0000] {standard_task_runner.py:72} INFO - Started process 18865 to run task
[2024-09-29T03:24:10.644+0000] {task_command.py:467} INFO - Running <TaskInstance: dag_with_postgres_operator_v04.create_postgres_table scheduled__2024-09-04T00:00:00+00:00 [running]> on host f9a59cccd6d1
[2024-09-29T03:24:10.843+0000] {taskinstance.py:3131} INFO - Exporting env vars: AIRFLOW_CTX_DAG_OWNER='admin' AIRFLOW_CTX_DAG_ID='dag_with_postgres_operator_v04' AIRFLOW_CTX_TASK_ID='create_postgres_table' AIRFLOW_CTX_EXECUTION_DATE='2024-09-04T00:00:00+00:00' AIRFLOW_CTX_TRY_NUMBER='1' AIRFLOW_CTX_DAG_RUN_ID='scheduled__2024-09-04T00:00:00+00:00'
[2024-09-29T03:24:10.846+0000] {taskinstance.py:731} INFO - ::endgroup::
[2024-09-29T03:24:10.879+0000] {sql.py:266} INFO - Executing: 
            create table if not exists dag_runs (
                ds date,
                dag_id character varying,
                primary key (ds,dag_id)
                )
            
[2024-09-29T03:24:10.901+0000] {base.py:84} INFO - Retrieving connection 'postgres_localhost'
[2024-09-29T03:24:10.909+0000] {base.py:84} INFO - Retrieving connection 'postgres_localhost'
[2024-09-29T03:24:10.919+0000] {sql.py:509} INFO - Running statement: 
            create table if not exists dag_runs (
                ds date,
                dag_id character varying,
                primary key (ds,dag_id)
                )
            , parameters: None
[2024-09-29T03:24:10.927+0000] {taskinstance.py:340} INFO - ::group::Post task execution logs
[2024-09-29T03:24:10.928+0000] {taskinstance.py:352} INFO - Marking task as SUCCESS. dag_id=dag_with_postgres_operator_v04, task_id=create_postgres_table, run_id=scheduled__2024-09-04T00:00:00+00:00, execution_date=20240904T000000, start_date=20240929T032410, end_date=20240929T032410
[2024-09-29T03:24:10.981+0000] {local_task_job_runner.py:266} INFO - Task exited with return code 0
[2024-09-29T03:24:11.007+0000] {local_task_job_runner.py:245} INFO - ::endgroup::
[2024-09-29T03:26:50.366+0000] {local_task_job_runner.py:123} INFO - ::group::Pre task execution logs
[2024-09-29T03:26:50.394+0000] {taskinstance.py:2612} INFO - Dependencies all met for dep_context=non-requeueable deps ti=<TaskInstance: dag_with_postgres_operator_v04.create_postgres_table scheduled__2024-09-04T00:00:00+00:00 [queued]>
[2024-09-29T03:26:50.417+0000] {taskinstance.py:2612} INFO - Dependencies all met for dep_context=requeueable deps ti=<TaskInstance: dag_with_postgres_operator_v04.create_postgres_table scheduled__2024-09-04T00:00:00+00:00 [queued]>
[2024-09-29T03:26:50.418+0000] {taskinstance.py:2865} INFO - Starting attempt 1 of 6
[2024-09-29T03:26:50.468+0000] {taskinstance.py:2888} INFO - Executing <Task(PostgresOperator): create_postgres_table> on 2024-09-04 00:00:00+00:00
[2024-09-29T03:26:50.489+0000] {logging_mixin.py:190} WARNING - /home/***/.local/lib/python3.12/site-packages/***/task/task_runner/standard_task_runner.py:70 DeprecationWarning: This process (pid=19162) is multi-threaded, use of fork() may lead to deadlocks in the child.
[2024-09-29T03:26:50.494+0000] {standard_task_runner.py:72} INFO - Started process 19171 to run task
[2024-09-29T03:26:50.494+0000] {standard_task_runner.py:104} INFO - Running: ['***', 'tasks', 'run', 'dag_with_postgres_operator_v04', 'create_postgres_table', 'scheduled__2024-09-04T00:00:00+00:00', '--job-id', '413', '--raw', '--subdir', 'DAGS_FOLDER/dag_with_postgres_operator.py', '--cfg-path', '/tmp/tmpzpvi7fck']
[2024-09-29T03:26:50.515+0000] {standard_task_runner.py:105} INFO - Job 413: Subtask create_postgres_table
[2024-09-29T03:26:50.640+0000] {task_command.py:467} INFO - Running <TaskInstance: dag_with_postgres_operator_v04.create_postgres_table scheduled__2024-09-04T00:00:00+00:00 [running]> on host f9a59cccd6d1
[2024-09-29T03:26:50.799+0000] {taskinstance.py:3131} INFO - Exporting env vars: AIRFLOW_CTX_DAG_OWNER='admin' AIRFLOW_CTX_DAG_ID='dag_with_postgres_operator_v04' AIRFLOW_CTX_TASK_ID='create_postgres_table' AIRFLOW_CTX_EXECUTION_DATE='2024-09-04T00:00:00+00:00' AIRFLOW_CTX_TRY_NUMBER='1' AIRFLOW_CTX_DAG_RUN_ID='scheduled__2024-09-04T00:00:00+00:00'
[2024-09-29T03:26:50.801+0000] {taskinstance.py:731} INFO - ::endgroup::
[2024-09-29T03:26:50.824+0000] {sql.py:266} INFO - Executing: 
            create table if not exists dag_runs (
                ds date,
                dag_id character varying,
                primary key (ds,dag_id)
                )
            
[2024-09-29T03:26:50.845+0000] {base.py:84} INFO - Retrieving connection 'postgres_localhost'
[2024-09-29T03:26:50.861+0000] {base.py:84} INFO - Retrieving connection 'postgres_localhost'
[2024-09-29T03:26:50.879+0000] {sql.py:509} INFO - Running statement: 
            create table if not exists dag_runs (
                ds date,
                dag_id character varying,
                primary key (ds,dag_id)
                )
            , parameters: None
[2024-09-29T03:26:50.903+0000] {taskinstance.py:340} INFO - ::group::Post task execution logs
[2024-09-29T03:26:50.905+0000] {taskinstance.py:352} INFO - Marking task as SUCCESS. dag_id=dag_with_postgres_operator_v04, task_id=create_postgres_table, run_id=scheduled__2024-09-04T00:00:00+00:00, execution_date=20240904T000000, start_date=20240929T032650, end_date=20240929T032650
[2024-09-29T03:26:50.943+0000] {local_task_job_runner.py:266} INFO - Task exited with return code 0
[2024-09-29T03:26:50.957+0000] {local_task_job_runner.py:245} INFO - ::endgroup::
[2024-09-29T03:34:33.194+0000] {local_task_job_runner.py:123} INFO - ::group::Pre task execution logs
[2024-09-29T03:34:33.231+0000] {taskinstance.py:2612} INFO - Dependencies all met for dep_context=non-requeueable deps ti=<TaskInstance: dag_with_postgres_operator_v04.create_postgres_table scheduled__2024-09-04T00:00:00+00:00 [queued]>
[2024-09-29T03:34:33.242+0000] {taskinstance.py:2612} INFO - Dependencies all met for dep_context=requeueable deps ti=<TaskInstance: dag_with_postgres_operator_v04.create_postgres_table scheduled__2024-09-04T00:00:00+00:00 [queued]>
[2024-09-29T03:34:33.244+0000] {taskinstance.py:2865} INFO - Starting attempt 1 of 6
[2024-09-29T03:34:33.305+0000] {taskinstance.py:2888} INFO - Executing <Task(PostgresOperator): create_postgres_table> on 2024-09-04 00:00:00+00:00
[2024-09-29T03:34:33.333+0000] {standard_task_runner.py:104} INFO - Running: ['***', 'tasks', 'run', 'dag_with_postgres_operator_v04', 'create_postgres_table', 'scheduled__2024-09-04T00:00:00+00:00', '--job-id', '445', '--raw', '--subdir', 'DAGS_FOLDER/dag_with_postgres_operator.py', '--cfg-path', '/tmp/tmpmfaot893']
[2024-09-29T03:34:33.336+0000] {standard_task_runner.py:105} INFO - Job 445: Subtask create_postgres_table
[2024-09-29T03:34:33.333+0000] {logging_mixin.py:190} WARNING - /home/***/.local/lib/python3.12/site-packages/***/task/task_runner/standard_task_runner.py:70 DeprecationWarning: This process (pid=19803) is multi-threaded, use of fork() may lead to deadlocks in the child.
[2024-09-29T03:34:33.340+0000] {standard_task_runner.py:72} INFO - Started process 19812 to run task
[2024-09-29T03:34:33.541+0000] {task_command.py:467} INFO - Running <TaskInstance: dag_with_postgres_operator_v04.create_postgres_table scheduled__2024-09-04T00:00:00+00:00 [running]> on host f9a59cccd6d1
[2024-09-29T03:34:33.708+0000] {taskinstance.py:3131} INFO - Exporting env vars: AIRFLOW_CTX_DAG_OWNER='admin' AIRFLOW_CTX_DAG_ID='dag_with_postgres_operator_v04' AIRFLOW_CTX_TASK_ID='create_postgres_table' AIRFLOW_CTX_EXECUTION_DATE='2024-09-04T00:00:00+00:00' AIRFLOW_CTX_TRY_NUMBER='1' AIRFLOW_CTX_DAG_RUN_ID='scheduled__2024-09-04T00:00:00+00:00'
[2024-09-29T03:34:33.710+0000] {taskinstance.py:731} INFO - ::endgroup::
[2024-09-29T03:34:33.722+0000] {sql.py:266} INFO - Executing: 
            create table if not exists dag_runs (
                ds date,
                dag_id character varying,
                primary key (ds,dag_id)
                )
            
[2024-09-29T03:34:33.742+0000] {base.py:84} INFO - Retrieving connection 'postgres_localhost'
[2024-09-29T03:34:33.761+0000] {base.py:84} INFO - Retrieving connection 'postgres_localhost'
[2024-09-29T03:34:33.784+0000] {sql.py:509} INFO - Running statement: 
            create table if not exists dag_runs (
                ds date,
                dag_id character varying,
                primary key (ds,dag_id)
                )
            , parameters: None
[2024-09-29T03:34:33.809+0000] {taskinstance.py:340} INFO - ::group::Post task execution logs
[2024-09-29T03:34:33.811+0000] {taskinstance.py:352} INFO - Marking task as SUCCESS. dag_id=dag_with_postgres_operator_v04, task_id=create_postgres_table, run_id=scheduled__2024-09-04T00:00:00+00:00, execution_date=20240904T000000, start_date=20240929T033433, end_date=20240929T033433
[2024-09-29T03:34:33.951+0000] {local_task_job_runner.py:266} INFO - Task exited with return code 0
[2024-09-29T03:34:33.998+0000] {logging_mixin.py:190} WARNING - /home/***/.local/lib/python3.12/site-packages/***/models/baseoperator.py:1378 AirflowProviderDeprecationWarning: Call to deprecated class PostgresOperator. (Please use `***.providers.common.sql.operators.sql.SQLExecuteQueryOperator`.Also, you can provide `hook_params={'schema': <database>}`.)
[2024-09-29T03:34:34.023+0000] {taskinstance.py:3900} INFO - 1 downstream tasks scheduled from follow-on schedule check
[2024-09-29T03:34:34.026+0000] {local_task_job_runner.py:245} INFO - ::endgroup::
[2024-09-29T03:37:42.607+0000] {local_task_job_runner.py:123} INFO - ::group::Pre task execution logs
[2024-09-29T03:37:42.642+0000] {taskinstance.py:2612} INFO - Dependencies all met for dep_context=non-requeueable deps ti=<TaskInstance: dag_with_postgres_operator_v04.create_postgres_table scheduled__2024-09-04T00:00:00+00:00 [queued]>
[2024-09-29T03:37:42.655+0000] {taskinstance.py:2612} INFO - Dependencies all met for dep_context=requeueable deps ti=<TaskInstance: dag_with_postgres_operator_v04.create_postgres_table scheduled__2024-09-04T00:00:00+00:00 [queued]>
[2024-09-29T03:37:42.657+0000] {taskinstance.py:2865} INFO - Starting attempt 1 of 6
[2024-09-29T03:37:42.697+0000] {taskinstance.py:2888} INFO - Executing <Task(PostgresOperator): create_postgres_table> on 2024-09-04 00:00:00+00:00
[2024-09-29T03:37:42.729+0000] {logging_mixin.py:190} WARNING - /home/***/.local/lib/python3.12/site-packages/***/task/task_runner/standard_task_runner.py:70 DeprecationWarning: This process (pid=20115) is multi-threaded, use of fork() may lead to deadlocks in the child.
[2024-09-29T03:37:42.739+0000] {standard_task_runner.py:72} INFO - Started process 20125 to run task
[2024-09-29T03:37:42.732+0000] {standard_task_runner.py:104} INFO - Running: ['***', 'tasks', 'run', 'dag_with_postgres_operator_v04', 'create_postgres_table', 'scheduled__2024-09-04T00:00:00+00:00', '--job-id', '477', '--raw', '--subdir', 'DAGS_FOLDER/dag_with_postgres_operator.py', '--cfg-path', '/tmp/tmpdihvisbg']
[2024-09-29T03:37:42.768+0000] {standard_task_runner.py:105} INFO - Job 477: Subtask create_postgres_table
[2024-09-29T03:37:42.920+0000] {task_command.py:467} INFO - Running <TaskInstance: dag_with_postgres_operator_v04.create_postgres_table scheduled__2024-09-04T00:00:00+00:00 [running]> on host f9a59cccd6d1
[2024-09-29T03:37:43.054+0000] {taskinstance.py:3131} INFO - Exporting env vars: AIRFLOW_CTX_DAG_OWNER='admin' AIRFLOW_CTX_DAG_ID='dag_with_postgres_operator_v04' AIRFLOW_CTX_TASK_ID='create_postgres_table' AIRFLOW_CTX_EXECUTION_DATE='2024-09-04T00:00:00+00:00' AIRFLOW_CTX_TRY_NUMBER='1' AIRFLOW_CTX_DAG_RUN_ID='scheduled__2024-09-04T00:00:00+00:00'
[2024-09-29T03:37:43.057+0000] {taskinstance.py:731} INFO - ::endgroup::
[2024-09-29T03:37:43.085+0000] {sql.py:266} INFO - Executing: 
            create table if not exists dag_runs (
                ds date,
                dag_id character varying,
                primary key (ds,dag_id)
                )
            
[2024-09-29T03:37:43.122+0000] {base.py:84} INFO - Retrieving connection 'postgres_localhost'
[2024-09-29T03:37:43.139+0000] {base.py:84} INFO - Retrieving connection 'postgres_localhost'
[2024-09-29T03:37:43.162+0000] {sql.py:509} INFO - Running statement: 
            create table if not exists dag_runs (
                ds date,
                dag_id character varying,
                primary key (ds,dag_id)
                )
            , parameters: None
[2024-09-29T03:37:43.179+0000] {taskinstance.py:340} INFO - ::group::Post task execution logs
[2024-09-29T03:37:43.180+0000] {taskinstance.py:352} INFO - Marking task as SUCCESS. dag_id=dag_with_postgres_operator_v04, task_id=create_postgres_table, run_id=scheduled__2024-09-04T00:00:00+00:00, execution_date=20240904T000000, start_date=20240929T033742, end_date=20240929T033743
[2024-09-29T03:37:43.224+0000] {local_task_job_runner.py:266} INFO - Task exited with return code 0
[2024-09-29T03:37:43.266+0000] {local_task_job_runner.py:245} INFO - ::endgroup::
