[2024-09-29T08:00:39.507+0000] {local_task_job_runner.py:123} INFO - ::group::Pre task execution logs
[2024-09-29T08:00:39.561+0000] {taskinstance.py:2612} INFO - Dependencies all met for dep_context=non-requeueable deps ti=<TaskInstance: dag_with_python_dependencies_v01.get_scikit_learn scheduled__2024-09-08T00:00:00+00:00 [queued]>
[2024-09-29T08:00:39.584+0000] {taskinstance.py:2612} INFO - Dependencies all met for dep_context=requeueable deps ti=<TaskInstance: dag_with_python_dependencies_v01.get_scikit_learn scheduled__2024-09-08T00:00:00+00:00 [queued]>
[2024-09-29T08:00:39.585+0000] {taskinstance.py:2865} INFO - Starting attempt 1 of 6
[2024-09-29T08:00:39.661+0000] {taskinstance.py:2888} INFO - Executing <Task(PythonOperator): get_scikit_learn> on 2024-09-08 00:00:00+00:00
[2024-09-29T08:00:39.705+0000] {logging_mixin.py:190} WARNING - /home/***/.local/lib/python3.12/site-packages/***/task/task_runner/standard_task_runner.py:70 DeprecationWarning: This process (pid=1733) is multi-threaded, use of fork() may lead to deadlocks in the child.
[2024-09-29T08:00:39.710+0000] {standard_task_runner.py:72} INFO - Started process 1757 to run task
[2024-09-29T08:00:39.702+0000] {standard_task_runner.py:104} INFO - Running: ['***', 'tasks', 'run', 'dag_with_python_dependencies_v01', 'get_scikit_learn', 'scheduled__2024-09-08T00:00:00+00:00', '--job-id', '586', '--raw', '--subdir', 'DAGS_FOLDER/dag_with_python_dependencies.py', '--cfg-path', '/tmp/tmpwvk2j3in']
[2024-09-29T08:00:39.728+0000] {standard_task_runner.py:105} INFO - Job 586: Subtask get_scikit_learn
[2024-09-29T08:00:39.779+0000] {logging_mixin.py:190} WARNING - /home/***/.local/lib/python3.12/site-packages/***/settings.py:209 DeprecationWarning: The sql_alchemy_conn option in [core] has been moved to the sql_alchemy_conn option in [database] - the old setting has been used, but please update your config.
[2024-09-29T08:00:40.032+0000] {task_command.py:467} INFO - Running <TaskInstance: dag_with_python_dependencies_v01.get_scikit_learn scheduled__2024-09-08T00:00:00+00:00 [running]> on host 6851fee35b72
[2024-09-29T08:00:40.054+0000] {logging_mixin.py:190} WARNING - /home/***/.local/lib/python3.12/site-packages/***/settings.py:470 DeprecationWarning: The sql_alchemy_conn option in [core] has been moved to the sql_alchemy_conn option in [database] - the old setting has been used, but please update your config.
[2024-09-29T08:00:40.830+0000] {taskinstance.py:3131} INFO - Exporting env vars: AIRFLOW_CTX_DAG_OWNER='admin' AIRFLOW_CTX_DAG_ID='dag_with_python_dependencies_v01' AIRFLOW_CTX_TASK_ID='get_scikit_learn' AIRFLOW_CTX_EXECUTION_DATE='2024-09-08T00:00:00+00:00' AIRFLOW_CTX_TRY_NUMBER='1' AIRFLOW_CTX_DAG_RUN_ID='scheduled__2024-09-08T00:00:00+00:00'
[2024-09-29T08:00:40.862+0000] {taskinstance.py:731} INFO - ::endgroup::
[2024-09-29T08:01:08.312+0000] {logging_mixin.py:190} INFO - scikit-learn version:1.5.2
[2024-09-29T08:01:08.588+0000] {python.py:240} INFO - Done. Returned value was: None
[2024-09-29T08:01:35.157+0000] {taskinstance.py:340} INFO - ::group::Post task execution logs
[2024-09-29T08:01:35.487+0000] {taskinstance.py:352} INFO - Marking task as SUCCESS. dag_id=dag_with_python_dependencies_v01, task_id=get_scikit_learn, run_id=scheduled__2024-09-08T00:00:00+00:00, execution_date=20240908T000000, start_date=20240929T080039, end_date=20240929T080135
[2024-09-29T08:01:35.507+0000] {job.py:229} INFO - Heartbeat recovered after 32.16 seconds
[2024-09-29T08:01:42.440+0000] {local_task_job_runner.py:266} INFO - Task exited with return code 0
[2024-09-29T08:01:42.732+0000] {taskinstance.py:3900} INFO - 0 downstream tasks scheduled from follow-on schedule check
[2024-09-29T08:01:42.743+0000] {local_task_job_runner.py:245} INFO - ::endgroup::
[2024-09-29T08:01:42.922+0000] {standard_task_runner.py:217} INFO - Process not found (most likely exited), stop collecting metrics
