[2024-09-29T08:00:41.625+0000] {local_task_job_runner.py:123} INFO - ::group::Pre task execution logs
[2024-09-29T08:00:41.667+0000] {taskinstance.py:2612} INFO - Dependencies all met for dep_context=non-requeueable deps ti=<TaskInstance: dag_with_python_dependencies_v01.get_scikit_learn scheduled__2024-09-14T00:00:00+00:00 [queued]>
[2024-09-29T08:00:41.684+0000] {taskinstance.py:2612} INFO - Dependencies all met for dep_context=requeueable deps ti=<TaskInstance: dag_with_python_dependencies_v01.get_scikit_learn scheduled__2024-09-14T00:00:00+00:00 [queued]>
[2024-09-29T08:00:41.686+0000] {taskinstance.py:2865} INFO - Starting attempt 1 of 6
[2024-09-29T08:00:41.753+0000] {taskinstance.py:2888} INFO - Executing <Task(PythonOperator): get_scikit_learn> on 2024-09-14 00:00:00+00:00
[2024-09-29T08:00:41.779+0000] {logging_mixin.py:190} WARNING - /home/***/.local/lib/python3.12/site-packages/***/task/task_runner/standard_task_runner.py:70 DeprecationWarning: This process (pid=1762) is multi-threaded, use of fork() may lead to deadlocks in the child.
[2024-09-29T08:00:41.783+0000] {standard_task_runner.py:72} INFO - Started process 1792 to run task
[2024-09-29T08:00:41.785+0000] {standard_task_runner.py:104} INFO - Running: ['***', 'tasks', 'run', 'dag_with_python_dependencies_v01', 'get_scikit_learn', 'scheduled__2024-09-14T00:00:00+00:00', '--job-id', '591', '--raw', '--subdir', 'DAGS_FOLDER/dag_with_python_dependencies.py', '--cfg-path', '/tmp/tmp0cvhwqf8']
[2024-09-29T08:00:41.800+0000] {standard_task_runner.py:105} INFO - Job 591: Subtask get_scikit_learn
[2024-09-29T08:00:42.043+0000] {logging_mixin.py:190} WARNING - /home/***/.local/lib/python3.12/site-packages/***/settings.py:209 DeprecationWarning: The sql_alchemy_conn option in [core] has been moved to the sql_alchemy_conn option in [database] - the old setting has been used, but please update your config.
[2024-09-29T08:00:42.570+0000] {task_command.py:467} INFO - Running <TaskInstance: dag_with_python_dependencies_v01.get_scikit_learn scheduled__2024-09-14T00:00:00+00:00 [running]> on host 6851fee35b72
[2024-09-29T08:00:42.579+0000] {logging_mixin.py:190} WARNING - /home/***/.local/lib/python3.12/site-packages/***/settings.py:470 DeprecationWarning: The sql_alchemy_conn option in [core] has been moved to the sql_alchemy_conn option in [database] - the old setting has been used, but please update your config.
[2024-09-29T08:00:43.494+0000] {taskinstance.py:3131} INFO - Exporting env vars: AIRFLOW_CTX_DAG_OWNER='admin' AIRFLOW_CTX_DAG_ID='dag_with_python_dependencies_v01' AIRFLOW_CTX_TASK_ID='get_scikit_learn' AIRFLOW_CTX_EXECUTION_DATE='2024-09-14T00:00:00+00:00' AIRFLOW_CTX_TRY_NUMBER='1' AIRFLOW_CTX_DAG_RUN_ID='scheduled__2024-09-14T00:00:00+00:00'
[2024-09-29T08:00:43.508+0000] {taskinstance.py:731} INFO - ::endgroup::
[2024-09-29T08:01:37.615+0000] {job.py:229} INFO - Heartbeat recovered after 33.06 seconds
[2024-09-29T08:01:44.074+0000] {logging_mixin.py:190} INFO - scikit-learn version:1.5.2
[2024-09-29T08:01:44.080+0000] {python.py:240} INFO - Done. Returned value was: None
[2024-09-29T08:01:44.148+0000] {taskinstance.py:340} INFO - ::group::Post task execution logs
[2024-09-29T08:01:44.151+0000] {taskinstance.py:352} INFO - Marking task as SUCCESS. dag_id=dag_with_python_dependencies_v01, task_id=get_scikit_learn, run_id=scheduled__2024-09-14T00:00:00+00:00, execution_date=20240914T000000, start_date=20240929T080041, end_date=20240929T080144
[2024-09-29T08:01:44.281+0000] {local_task_job_runner.py:266} INFO - Task exited with return code 0
[2024-09-29T08:01:44.411+0000] {taskinstance.py:3900} INFO - 0 downstream tasks scheduled from follow-on schedule check
[2024-09-29T08:01:44.417+0000] {local_task_job_runner.py:245} INFO - ::endgroup::
