[2024-09-29T12:36:14.608+0000] {local_task_job_runner.py:123} INFO - ::group::Pre task execution logs
[2024-09-29T12:36:14.619+0000] {taskinstance.py:2612} INFO - Dependencies all met for dep_context=non-requeueable deps ti=<TaskInstance: dag_with_postgres_hooks_v01.postgres_to_s3 scheduled__2024-09-27T00:00:00+00:00 [queued]>
[2024-09-29T12:36:14.628+0000] {taskinstance.py:2612} INFO - Dependencies all met for dep_context=requeueable deps ti=<TaskInstance: dag_with_postgres_hooks_v01.postgres_to_s3 scheduled__2024-09-27T00:00:00+00:00 [queued]>
[2024-09-29T12:36:14.629+0000] {taskinstance.py:2865} INFO - Starting attempt 1 of 6
[2024-09-29T12:36:14.639+0000] {taskinstance.py:2888} INFO - Executing <Task(PythonOperator): postgres_to_s3> on 2024-09-27 00:00:00+00:00
[2024-09-29T12:36:14.645+0000] {standard_task_runner.py:104} INFO - Running: ['***', 'tasks', 'run', 'dag_with_postgres_hooks_v01', 'postgres_to_s3', 'scheduled__2024-09-27T00:00:00+00:00', '--job-id', '863', '--raw', '--subdir', 'DAGS_FOLDER/dag_with_postgres_hooks.py', '--cfg-path', '/tmp/tmpib_wlz36']
[2024-09-29T12:36:14.647+0000] {standard_task_runner.py:105} INFO - Job 863: Subtask postgres_to_s3
[2024-09-29T12:36:14.647+0000] {logging_mixin.py:190} WARNING - /home/***/.local/lib/python3.12/site-packages/***/task/task_runner/standard_task_runner.py:70 DeprecationWarning: This process (pid=19824) is multi-threaded, use of fork() may lead to deadlocks in the child.
[2024-09-29T12:36:14.648+0000] {standard_task_runner.py:72} INFO - Started process 19826 to run task
[2024-09-29T12:36:14.658+0000] {logging_mixin.py:190} WARNING - /home/***/.local/lib/python3.12/site-packages/***/settings.py:209 DeprecationWarning: The sql_alchemy_conn option in [core] has been moved to the sql_alchemy_conn option in [database] - the old setting has been used, but please update your config.
[2024-09-29T12:36:14.688+0000] {task_command.py:467} INFO - Running <TaskInstance: dag_with_postgres_hooks_v01.postgres_to_s3 scheduled__2024-09-27T00:00:00+00:00 [running]> on host 6851fee35b72
[2024-09-29T12:36:14.689+0000] {logging_mixin.py:190} WARNING - /home/***/.local/lib/python3.12/site-packages/***/settings.py:470 DeprecationWarning: The sql_alchemy_conn option in [core] has been moved to the sql_alchemy_conn option in [database] - the old setting has been used, but please update your config.
[2024-09-29T12:36:14.759+0000] {taskinstance.py:3131} INFO - Exporting env vars: AIRFLOW_CTX_DAG_OWNER='admin' AIRFLOW_CTX_DAG_ID='dag_with_postgres_hooks_v01' AIRFLOW_CTX_TASK_ID='postgres_to_s3' AIRFLOW_CTX_EXECUTION_DATE='2024-09-27T00:00:00+00:00' AIRFLOW_CTX_TRY_NUMBER='1' AIRFLOW_CTX_DAG_RUN_ID='scheduled__2024-09-27T00:00:00+00:00'
[2024-09-29T12:36:14.760+0000] {taskinstance.py:731} INFO - ::endgroup::
[2024-09-29T12:36:14.774+0000] {base.py:84} INFO - Retrieving connection 'postgres_localhost'
[2024-09-29T12:36:14.784+0000] {dag_with_postgres_hooks.py:29} INFO - Saved orders dat in text file get_rders.txt
[2024-09-29T12:36:14.785+0000] {python.py:240} INFO - Done. Returned value was: None
[2024-09-29T12:36:14.791+0000] {taskinstance.py:340} INFO - ::group::Post task execution logs
[2024-09-29T12:36:14.791+0000] {taskinstance.py:352} INFO - Marking task as SUCCESS. dag_id=dag_with_postgres_hooks_v01, task_id=postgres_to_s3, run_id=scheduled__2024-09-27T00:00:00+00:00, execution_date=20240927T000000, start_date=20240929T123614, end_date=20240929T123614
[2024-09-29T12:36:14.831+0000] {local_task_job_runner.py:266} INFO - Task exited with return code 0
[2024-09-29T12:36:14.842+0000] {taskinstance.py:3900} INFO - 0 downstream tasks scheduled from follow-on schedule check
[2024-09-29T12:36:14.843+0000] {local_task_job_runner.py:245} INFO - ::endgroup::
[2024-09-29T12:41:20.996+0000] {local_task_job_runner.py:123} INFO - ::group::Pre task execution logs
[2024-09-29T12:41:21.012+0000] {taskinstance.py:2612} INFO - Dependencies all met for dep_context=non-requeueable deps ti=<TaskInstance: dag_with_postgres_hooks_v01.postgres_to_s3 scheduled__2024-09-27T00:00:00+00:00 [queued]>
[2024-09-29T12:41:21.027+0000] {taskinstance.py:2612} INFO - Dependencies all met for dep_context=requeueable deps ti=<TaskInstance: dag_with_postgres_hooks_v01.postgres_to_s3 scheduled__2024-09-27T00:00:00+00:00 [queued]>
[2024-09-29T12:41:21.028+0000] {taskinstance.py:2865} INFO - Starting attempt 1 of 6
[2024-09-29T12:41:21.043+0000] {taskinstance.py:2888} INFO - Executing <Task(PythonOperator): postgres_to_s3> on 2024-09-27 00:00:00+00:00
[2024-09-29T12:41:21.049+0000] {logging_mixin.py:190} WARNING - /home/***/.local/lib/python3.12/site-packages/***/task/task_runner/standard_task_runner.py:70 DeprecationWarning: This process (pid=21240) is multi-threaded, use of fork() may lead to deadlocks in the child.
[2024-09-29T12:41:21.052+0000] {standard_task_runner.py:72} INFO - Started process 21248 to run task
[2024-09-29T12:41:21.052+0000] {standard_task_runner.py:104} INFO - Running: ['***', 'tasks', 'run', 'dag_with_postgres_hooks_v01', 'postgres_to_s3', 'scheduled__2024-09-27T00:00:00+00:00', '--job-id', '892', '--raw', '--subdir', 'DAGS_FOLDER/dag_with_postgres_hooks.py', '--cfg-path', '/tmp/tmpmpaoi_kx']
[2024-09-29T12:41:21.057+0000] {standard_task_runner.py:105} INFO - Job 892: Subtask postgres_to_s3
[2024-09-29T12:41:21.077+0000] {logging_mixin.py:190} WARNING - /home/***/.local/lib/python3.12/site-packages/***/settings.py:209 DeprecationWarning: The sql_alchemy_conn option in [core] has been moved to the sql_alchemy_conn option in [database] - the old setting has been used, but please update your config.
[2024-09-29T12:41:21.112+0000] {task_command.py:467} INFO - Running <TaskInstance: dag_with_postgres_hooks_v01.postgres_to_s3 scheduled__2024-09-27T00:00:00+00:00 [running]> on host 6851fee35b72
[2024-09-29T12:41:21.115+0000] {logging_mixin.py:190} WARNING - /home/***/.local/lib/python3.12/site-packages/***/settings.py:470 DeprecationWarning: The sql_alchemy_conn option in [core] has been moved to the sql_alchemy_conn option in [database] - the old setting has been used, but please update your config.
[2024-09-29T12:41:21.174+0000] {taskinstance.py:3131} INFO - Exporting env vars: AIRFLOW_CTX_DAG_OWNER='admin' AIRFLOW_CTX_DAG_ID='dag_with_postgres_hooks_v01' AIRFLOW_CTX_TASK_ID='postgres_to_s3' AIRFLOW_CTX_EXECUTION_DATE='2024-09-27T00:00:00+00:00' AIRFLOW_CTX_TRY_NUMBER='1' AIRFLOW_CTX_DAG_RUN_ID='scheduled__2024-09-27T00:00:00+00:00'
[2024-09-29T12:41:21.176+0000] {taskinstance.py:731} INFO - ::endgroup::
[2024-09-29T12:41:21.189+0000] {base.py:84} INFO - Retrieving connection 'postgres_localhost'
[2024-09-29T12:41:21.198+0000] {dag_with_postgres_hooks.py:29} INFO - Saved orders dat in text file get_rders.txt
[2024-09-29T12:41:21.198+0000] {python.py:240} INFO - Done. Returned value was: None
[2024-09-29T12:41:21.208+0000] {taskinstance.py:340} INFO - ::group::Post task execution logs
[2024-09-29T12:41:21.209+0000] {taskinstance.py:352} INFO - Marking task as SUCCESS. dag_id=dag_with_postgres_hooks_v01, task_id=postgres_to_s3, run_id=scheduled__2024-09-27T00:00:00+00:00, execution_date=20240927T000000, start_date=20240929T124121, end_date=20240929T124121
[2024-09-29T12:41:21.243+0000] {local_task_job_runner.py:266} INFO - Task exited with return code 0
[2024-09-29T12:41:21.251+0000] {taskinstance.py:3900} INFO - 0 downstream tasks scheduled from follow-on schedule check
[2024-09-29T12:41:21.253+0000] {local_task_job_runner.py:245} INFO - ::endgroup::
