[2024-09-29T03:37:53.226+0000] {local_task_job_runner.py:123} INFO - ::group::Pre task execution logs
[2024-09-29T03:37:53.251+0000] {taskinstance.py:2612} INFO - Dependencies all met for dep_context=non-requeueable deps ti=<TaskInstance: dag_with_postgres_operator_v04.insert_into_table scheduled__2024-09-26T00:00:00+00:00 [queued]>
[2024-09-29T03:37:53.264+0000] {taskinstance.py:2612} INFO - Dependencies all met for dep_context=requeueable deps ti=<TaskInstance: dag_with_postgres_operator_v04.insert_into_table scheduled__2024-09-26T00:00:00+00:00 [queued]>
[2024-09-29T03:37:53.265+0000] {taskinstance.py:2865} INFO - Starting attempt 1 of 6
[2024-09-29T03:37:53.289+0000] {taskinstance.py:2888} INFO - Executing <Task(PostgresOperator): insert_into_table> on 2024-09-26 00:00:00+00:00
[2024-09-29T03:37:53.302+0000] {logging_mixin.py:190} WARNING - /home/***/.local/lib/python3.12/site-packages/***/task/task_runner/standard_task_runner.py:70 DeprecationWarning: This process (pid=20333) is multi-threaded, use of fork() may lead to deadlocks in the child.
[2024-09-29T03:37:53.299+0000] {standard_task_runner.py:104} INFO - Running: ['***', 'tasks', 'run', 'dag_with_postgres_operator_v04', 'insert_into_table', 'scheduled__2024-09-26T00:00:00+00:00', '--job-id', '547', '--raw', '--subdir', 'DAGS_FOLDER/dag_with_postgres_operator.py', '--cfg-path', '/tmp/tmpy3dr2rlq']
[2024-09-29T03:37:53.308+0000] {standard_task_runner.py:72} INFO - Started process 20341 to run task
[2024-09-29T03:37:53.308+0000] {standard_task_runner.py:105} INFO - Job 547: Subtask insert_into_table
[2024-09-29T03:37:53.387+0000] {task_command.py:467} INFO - Running <TaskInstance: dag_with_postgres_operator_v04.insert_into_table scheduled__2024-09-26T00:00:00+00:00 [running]> on host f9a59cccd6d1
[2024-09-29T03:37:53.673+0000] {taskinstance.py:3131} INFO - Exporting env vars: AIRFLOW_CTX_DAG_OWNER='admin' AIRFLOW_CTX_DAG_ID='dag_with_postgres_operator_v04' AIRFLOW_CTX_TASK_ID='insert_into_table' AIRFLOW_CTX_EXECUTION_DATE='2024-09-26T00:00:00+00:00' AIRFLOW_CTX_TRY_NUMBER='1' AIRFLOW_CTX_DAG_RUN_ID='scheduled__2024-09-26T00:00:00+00:00'
[2024-09-29T03:37:53.676+0000] {taskinstance.py:731} INFO - ::endgroup::
[2024-09-29T03:37:53.687+0000] {sql.py:266} INFO - Executing: 
            insert into dag_runs (dt, dag_id) values ('2024-09-26', 'dag_with_postgres_operator_v04')
            
[2024-09-29T03:37:53.698+0000] {base.py:84} INFO - Retrieving connection 'postgres_localhost'
[2024-09-29T03:37:53.715+0000] {base.py:84} INFO - Retrieving connection 'postgres_localhost'
[2024-09-29T03:37:53.732+0000] {sql.py:509} INFO - Running statement: 
            insert into dag_runs (dt, dag_id) values ('2024-09-26', 'dag_with_postgres_operator_v04')
            , parameters: None
[2024-09-29T03:37:53.734+0000] {sql.py:518} INFO - Rows affected: 1
[2024-09-29T03:37:53.749+0000] {taskinstance.py:340} INFO - ::group::Post task execution logs
[2024-09-29T03:37:53.752+0000] {taskinstance.py:352} INFO - Marking task as SUCCESS. dag_id=dag_with_postgres_operator_v04, task_id=insert_into_table, run_id=scheduled__2024-09-26T00:00:00+00:00, execution_date=20240926T000000, start_date=20240929T033753, end_date=20240929T033753
[2024-09-29T03:37:53.921+0000] {local_task_job_runner.py:266} INFO - Task exited with return code 0
[2024-09-29T03:37:53.963+0000] {logging_mixin.py:190} WARNING - /home/***/.local/lib/python3.12/site-packages/***/models/baseoperator.py:1378 AirflowProviderDeprecationWarning: Call to deprecated class PostgresOperator. (Please use `***.providers.common.sql.operators.sql.SQLExecuteQueryOperator`.Also, you can provide `hook_params={'schema': <database>}`.)
[2024-09-29T03:37:54.003+0000] {taskinstance.py:3900} INFO - 1 downstream tasks scheduled from follow-on schedule check
[2024-09-29T03:37:54.016+0000] {local_task_job_runner.py:245} INFO - ::endgroup::
