[2024-09-29T11:05:50.589+0000] {local_task_job_runner.py:123} INFO - ::group::Pre task execution logs
[2024-09-29T11:05:50.664+0000] {taskinstance.py:2612} INFO - Dependencies all met for dep_context=non-requeueable deps ti=<TaskInstance: dag_with_minio_s3_v01.sensor_minio_s3 scheduled__2024-09-07T00:00:00+00:00 [queued]>
[2024-09-29T11:05:50.722+0000] {taskinstance.py:2612} INFO - Dependencies all met for dep_context=requeueable deps ti=<TaskInstance: dag_with_minio_s3_v01.sensor_minio_s3 scheduled__2024-09-07T00:00:00+00:00 [queued]>
[2024-09-29T11:05:50.734+0000] {taskinstance.py:2865} INFO - Starting attempt 1 of 6
[2024-09-29T11:05:50.933+0000] {taskinstance.py:2888} INFO - Executing <Task(S3KeySensor): sensor_minio_s3> on 2024-09-07 00:00:00+00:00
[2024-09-29T11:05:51.043+0000] {logging_mixin.py:190} WARNING - /home/***/.local/lib/python3.12/site-packages/***/task/task_runner/standard_task_runner.py:70 DeprecationWarning: This process (pid=26580) is multi-threaded, use of fork() may lead to deadlocks in the child.
[2024-09-29T11:05:51.057+0000] {standard_task_runner.py:72} INFO - Started process 26597 to run task
[2024-09-29T11:05:51.040+0000] {standard_task_runner.py:104} INFO - Running: ['***', 'tasks', 'run', 'dag_with_minio_s3_v01', 'sensor_minio_s3', 'scheduled__2024-09-07T00:00:00+00:00', '--job-id', '718', '--raw', '--subdir', 'DAGS_FOLDER/dag_with_minio_s3.py', '--cfg-path', '/tmp/tmpj72i1irh']
[2024-09-29T11:05:51.087+0000] {standard_task_runner.py:105} INFO - Job 718: Subtask sensor_minio_s3
[2024-09-29T11:05:51.234+0000] {logging_mixin.py:190} WARNING - /home/***/.local/lib/python3.12/site-packages/***/settings.py:209 DeprecationWarning: The sql_alchemy_conn option in [core] has been moved to the sql_alchemy_conn option in [database] - the old setting has been used, but please update your config.
[2024-09-29T11:05:51.632+0000] {task_command.py:467} INFO - Running <TaskInstance: dag_with_minio_s3_v01.sensor_minio_s3 scheduled__2024-09-07T00:00:00+00:00 [running]> on host 6851fee35b72
[2024-09-29T11:05:51.648+0000] {logging_mixin.py:190} WARNING - /home/***/.local/lib/python3.12/site-packages/***/settings.py:470 DeprecationWarning: The sql_alchemy_conn option in [core] has been moved to the sql_alchemy_conn option in [database] - the old setting has been used, but please update your config.
[2024-09-29T11:05:57.768+0000] {taskinstance.py:3131} INFO - Exporting env vars: AIRFLOW_CTX_DAG_OWNER='admin' AIRFLOW_CTX_DAG_ID='dag_with_minio_s3_v01' AIRFLOW_CTX_TASK_ID='sensor_minio_s3' AIRFLOW_CTX_EXECUTION_DATE='2024-09-07T00:00:00+00:00' AIRFLOW_CTX_TRY_NUMBER='1' AIRFLOW_CTX_DAG_RUN_ID='scheduled__2024-09-07T00:00:00+00:00'
[2024-09-29T11:05:57.812+0000] {taskinstance.py:731} INFO - ::endgroup::
[2024-09-29T11:05:58.052+0000] {baseoperator.py:405} WARNING - S3KeySensor.execute cannot be called outside TaskInstance!
[2024-09-29T11:05:58.053+0000] {s3.py:118} INFO - Poking for key : s3://***/data.csv
[2024-09-29T11:05:58.250+0000] {base.py:84} INFO - Retrieving connection 'minio_conn'
[2024-09-29T11:05:58.256+0000] {connection_wrapper.py:391} INFO - AWS Connection (conn_id='minio_conn', conn_type='aws') credentials retrieved from extra.
[2024-09-29T11:05:58.279+0000] {logging_mixin.py:190} WARNING - <string>:9 AirflowProviderDeprecationWarning: extra['host'] is deprecated and will be removed in a future release. Please set extra['endpoint_url'] instead
[2024-09-29T11:06:08.744+0000] {base.py:336} INFO - Success criteria met. Exiting.
[2024-09-29T11:06:08.965+0000] {taskinstance.py:340} INFO - ::group::Post task execution logs
[2024-09-29T11:06:08.987+0000] {taskinstance.py:352} INFO - Marking task as SUCCESS. dag_id=dag_with_minio_s3_v01, task_id=sensor_minio_s3, run_id=scheduled__2024-09-07T00:00:00+00:00, execution_date=20240907T000000, start_date=20240929T110550, end_date=20240929T110608
[2024-09-29T11:06:09.332+0000] {local_task_job_runner.py:266} INFO - Task exited with return code 0
[2024-09-29T11:06:09.497+0000] {taskinstance.py:3900} INFO - 0 downstream tasks scheduled from follow-on schedule check
[2024-09-29T11:06:09.507+0000] {local_task_job_runner.py:245} INFO - ::endgroup::
[2024-09-29T11:06:12.927+0000] {standard_task_runner.py:217} INFO - Process not found (most likely exited), stop collecting metrics
