[2024-09-28T11:27:08.814+0000] {local_task_job_runner.py:123} INFO - ::group::Pre task execution logs
[2024-09-28T11:27:08.822+0000] {taskinstance.py:2612} INFO - Dependencies all met for dep_context=non-requeueable deps ti=<TaskInstance: first_dag_v3.task_one manual__2024-09-28T11:27:08.031273+00:00 [queued]>
[2024-09-28T11:27:08.825+0000] {taskinstance.py:2612} INFO - Dependencies all met for dep_context=requeueable deps ti=<TaskInstance: first_dag_v3.task_one manual__2024-09-28T11:27:08.031273+00:00 [queued]>
[2024-09-28T11:27:08.826+0000] {taskinstance.py:2865} INFO - Starting attempt 1 of 6
[2024-09-28T11:27:08.832+0000] {taskinstance.py:2888} INFO - Executing <Task(BashOperator): task_one> on 2024-09-28 11:27:08.031273+00:00
[2024-09-28T11:27:08.836+0000] {standard_task_runner.py:104} INFO - Running: ['***', 'tasks', 'run', 'first_dag_v3', 'task_one', 'manual__2024-09-28T11:27:08.031273+00:00', '--job-id', '14', '--raw', '--subdir', 'DAGS_FOLDER/first_dag.py', '--cfg-path', '/tmp/tmpx5v0qjl5']
[2024-09-28T11:27:08.838+0000] {standard_task_runner.py:105} INFO - Job 14: Subtask task_one
[2024-09-28T11:27:08.838+0000] {logging_mixin.py:190} WARNING - /home/***/.local/lib/python3.12/site-packages/***/task/task_runner/standard_task_runner.py:70 DeprecationWarning: This process (pid=1383) is multi-threaded, use of fork() may lead to deadlocks in the child.
[2024-09-28T11:27:08.839+0000] {standard_task_runner.py:72} INFO - Started process 1384 to run task
[2024-09-28T11:27:08.859+0000] {task_command.py:467} INFO - Running <TaskInstance: first_dag_v3.task_one manual__2024-09-28T11:27:08.031273+00:00 [running]> on host f9a59cccd6d1
[2024-09-28T11:27:08.895+0000] {taskinstance.py:3131} INFO - Exporting env vars: AIRFLOW_CTX_DAG_OWNER='admin' AIRFLOW_CTX_DAG_ID='first_dag_v3' AIRFLOW_CTX_TASK_ID='task_one' AIRFLOW_CTX_EXECUTION_DATE='2024-09-28T11:27:08.031273+00:00' AIRFLOW_CTX_TRY_NUMBER='1' AIRFLOW_CTX_DAG_RUN_ID='manual__2024-09-28T11:27:08.031273+00:00'
[2024-09-28T11:27:08.895+0000] {taskinstance.py:731} INFO - ::endgroup::
[2024-09-28T11:27:08.903+0000] {subprocess.py:63} INFO - Tmp dir root location: /tmp
[2024-09-28T11:27:08.904+0000] {subprocess.py:75} INFO - Running command: ['/usr/bin/bash', '-c', 'echo hello world, this is task one.']
[2024-09-28T11:27:08.907+0000] {subprocess.py:86} INFO - Output:
[2024-09-28T11:27:08.908+0000] {subprocess.py:93} INFO - hello world, this is task one.
[2024-09-28T11:27:08.908+0000] {subprocess.py:97} INFO - Command exited with return code 0
[2024-09-28T11:27:08.919+0000] {taskinstance.py:340} INFO - ::group::Post task execution logs
[2024-09-28T11:27:08.919+0000] {taskinstance.py:352} INFO - Marking task as SUCCESS. dag_id=first_dag_v3, task_id=task_one, run_id=manual__2024-09-28T11:27:08.031273+00:00, execution_date=20240928T112708, start_date=20240928T112708, end_date=20240928T112708
[2024-09-28T11:27:08.938+0000] {local_task_job_runner.py:266} INFO - Task exited with return code 0
[2024-09-28T11:27:08.949+0000] {taskinstance.py:3900} INFO - 2 downstream tasks scheduled from follow-on schedule check
[2024-09-28T11:27:08.950+0000] {local_task_job_runner.py:245} INFO - ::endgroup::
