[2024-09-29T11:05:57.681+0000] {local_task_job_runner.py:123} INFO - ::group::Pre task execution logs
[2024-09-29T11:05:58.089+0000] {taskinstance.py:2612} INFO - Dependencies all met for dep_context=non-requeueable deps ti=<TaskInstance: dag_with_minio_s3_v01.sensor_minio_s3 scheduled__2024-09-13T00:00:00+00:00 [queued]>
[2024-09-29T11:05:58.231+0000] {taskinstance.py:2612} INFO - Dependencies all met for dep_context=requeueable deps ti=<TaskInstance: dag_with_minio_s3_v01.sensor_minio_s3 scheduled__2024-09-13T00:00:00+00:00 [queued]>
[2024-09-29T11:05:58.246+0000] {taskinstance.py:2865} INFO - Starting attempt 1 of 6
[2024-09-29T11:05:58.744+0000] {taskinstance.py:2888} INFO - Executing <Task(S3KeySensor): sensor_minio_s3> on 2024-09-13 00:00:00+00:00
[2024-09-29T11:05:58.805+0000] {standard_task_runner.py:104} INFO - Running: ['***', 'tasks', 'run', 'dag_with_minio_s3_v01', 'sensor_minio_s3', 'scheduled__2024-09-13T00:00:00+00:00', '--job-id', '724', '--raw', '--subdir', 'DAGS_FOLDER/dag_with_minio_s3.py', '--cfg-path', '/tmp/tmpwt2u94g6']
[2024-09-29T11:05:58.814+0000] {standard_task_runner.py:105} INFO - Job 724: Subtask sensor_minio_s3
[2024-09-29T11:05:58.853+0000] {logging_mixin.py:190} WARNING - /home/***/.local/lib/python3.12/site-packages/***/task/task_runner/standard_task_runner.py:70 DeprecationWarning: This process (pid=26598) is multi-threaded, use of fork() may lead to deadlocks in the child.
[2024-09-29T11:05:58.863+0000] {logging_mixin.py:190} WARNING - /home/***/.local/lib/python3.12/site-packages/***/settings.py:209 DeprecationWarning: The sql_alchemy_conn option in [core] has been moved to the sql_alchemy_conn option in [database] - the old setting has been used, but please update your config.
[2024-09-29T11:05:58.865+0000] {standard_task_runner.py:72} INFO - Started process 26632 to run task
[2024-09-29T11:05:59.323+0000] {task_command.py:467} INFO - Running <TaskInstance: dag_with_minio_s3_v01.sensor_minio_s3 scheduled__2024-09-13T00:00:00+00:00 [running]> on host 6851fee35b72
[2024-09-29T11:05:59.362+0000] {logging_mixin.py:190} WARNING - /home/***/.local/lib/python3.12/site-packages/***/settings.py:470 DeprecationWarning: The sql_alchemy_conn option in [core] has been moved to the sql_alchemy_conn option in [database] - the old setting has been used, but please update your config.
[2024-09-29T11:06:08.425+0000] {taskinstance.py:3131} INFO - Exporting env vars: AIRFLOW_CTX_DAG_OWNER='admin' AIRFLOW_CTX_DAG_ID='dag_with_minio_s3_v01' AIRFLOW_CTX_TASK_ID='sensor_minio_s3' AIRFLOW_CTX_EXECUTION_DATE='2024-09-13T00:00:00+00:00' AIRFLOW_CTX_TRY_NUMBER='1' AIRFLOW_CTX_DAG_RUN_ID='scheduled__2024-09-13T00:00:00+00:00'
[2024-09-29T11:06:08.467+0000] {taskinstance.py:731} INFO - ::endgroup::
[2024-09-29T11:06:08.647+0000] {baseoperator.py:405} WARNING - S3KeySensor.execute cannot be called outside TaskInstance!
[2024-09-29T11:06:08.657+0000] {s3.py:118} INFO - Poking for key : s3://***/data.csv
[2024-09-29T11:06:08.770+0000] {base.py:84} INFO - Retrieving connection 'minio_conn'
[2024-09-29T11:06:08.794+0000] {connection_wrapper.py:391} INFO - AWS Connection (conn_id='minio_conn', conn_type='aws') credentials retrieved from extra.
[2024-09-29T11:06:08.827+0000] {logging_mixin.py:190} WARNING - <string>:9 AirflowProviderDeprecationWarning: extra['host'] is deprecated and will be removed in a future release. Please set extra['endpoint_url'] instead
[2024-09-29T11:06:12.084+0000] {base.py:336} INFO - Success criteria met. Exiting.
[2024-09-29T11:06:12.318+0000] {taskinstance.py:340} INFO - ::group::Post task execution logs
[2024-09-29T11:06:12.346+0000] {taskinstance.py:352} INFO - Marking task as SUCCESS. dag_id=dag_with_minio_s3_v01, task_id=sensor_minio_s3, run_id=scheduled__2024-09-13T00:00:00+00:00, execution_date=20240913T000000, start_date=20240929T110558, end_date=20240929T110612
[2024-09-29T11:06:12.699+0000] {local_task_job_runner.py:266} INFO - Task exited with return code 0
[2024-09-29T11:06:12.871+0000] {taskinstance.py:3900} INFO - 0 downstream tasks scheduled from follow-on schedule check
[2024-09-29T11:06:12.880+0000] {local_task_job_runner.py:245} INFO - ::endgroup::
[2024-09-29T11:06:14.655+0000] {standard_task_runner.py:217} INFO - Process not found (most likely exited), stop collecting metrics
