[2024-09-28T13:53:59.968+0000] {local_task_job_runner.py:123} INFO - ::group::Pre task execution logs
[2024-09-28T13:53:59.990+0000] {taskinstance.py:2612} INFO - Dependencies all met for dep_context=non-requeueable deps ti=<TaskInstance: dag_with_cron_expression_v01.task1 scheduled__2024-09-22T00:00:00+00:00 [queued]>
[2024-09-28T13:53:59.998+0000] {taskinstance.py:2612} INFO - Dependencies all met for dep_context=requeueable deps ti=<TaskInstance: dag_with_cron_expression_v01.task1 scheduled__2024-09-22T00:00:00+00:00 [queued]>
[2024-09-28T13:53:59.999+0000] {taskinstance.py:2865} INFO - Starting attempt 1 of 6
[2024-09-28T13:54:00.013+0000] {taskinstance.py:2888} INFO - Executing <Task(BashOperator): task1> on 2024-09-22 00:00:00+00:00
[2024-09-28T13:54:00.024+0000] {logging_mixin.py:190} WARNING - /home/***/.local/lib/python3.12/site-packages/***/task/task_runner/standard_task_runner.py:70 DeprecationWarning: This process (pid=6797) is multi-threaded, use of fork() may lead to deadlocks in the child.
[2024-09-28T13:54:00.030+0000] {standard_task_runner.py:72} INFO - Started process 6805 to run task
[2024-09-28T13:54:00.025+0000] {standard_task_runner.py:104} INFO - Running: ['***', 'tasks', 'run', 'dag_with_cron_expression_v01', 'task1', 'scheduled__2024-09-22T00:00:00+00:00', '--job-id', '136', '--raw', '--subdir', 'DAGS_FOLDER/dag_with_cron_expression.py', '--cfg-path', '/tmp/tmpau_e57l3']
[2024-09-28T13:54:00.031+0000] {standard_task_runner.py:105} INFO - Job 136: Subtask task1
[2024-09-28T13:54:00.137+0000] {task_command.py:467} INFO - Running <TaskInstance: dag_with_cron_expression_v01.task1 scheduled__2024-09-22T00:00:00+00:00 [running]> on host f9a59cccd6d1
[2024-09-28T13:54:00.366+0000] {taskinstance.py:3131} INFO - Exporting env vars: AIRFLOW_CTX_DAG_OWNER='admin' AIRFLOW_CTX_DAG_ID='dag_with_cron_expression_v01' AIRFLOW_CTX_TASK_ID='task1' AIRFLOW_CTX_EXECUTION_DATE='2024-09-22T00:00:00+00:00' AIRFLOW_CTX_TRY_NUMBER='1' AIRFLOW_CTX_DAG_RUN_ID='scheduled__2024-09-22T00:00:00+00:00'
[2024-09-28T13:54:00.370+0000] {taskinstance.py:731} INFO - ::endgroup::
[2024-09-28T13:54:00.418+0000] {subprocess.py:63} INFO - Tmp dir root location: /tmp
[2024-09-28T13:54:00.422+0000] {subprocess.py:75} INFO - Running command: ['/usr/bin/bash', '-c', 'echo dag with cron expression']
[2024-09-28T13:54:00.457+0000] {subprocess.py:86} INFO - Output:
[2024-09-28T13:54:00.459+0000] {subprocess.py:93} INFO - dag with cron expression
[2024-09-28T13:54:00.460+0000] {subprocess.py:97} INFO - Command exited with return code 0
[2024-09-28T13:54:00.509+0000] {taskinstance.py:340} INFO - ::group::Post task execution logs
[2024-09-28T13:54:00.510+0000] {taskinstance.py:352} INFO - Marking task as SUCCESS. dag_id=dag_with_cron_expression_v01, task_id=task1, run_id=scheduled__2024-09-22T00:00:00+00:00, execution_date=20240922T000000, start_date=20240928T135359, end_date=20240928T135400
[2024-09-28T13:54:00.558+0000] {local_task_job_runner.py:266} INFO - Task exited with return code 0
[2024-09-28T13:54:00.573+0000] {taskinstance.py:3900} INFO - 0 downstream tasks scheduled from follow-on schedule check
[2024-09-28T13:54:00.575+0000] {local_task_job_runner.py:245} INFO - ::endgroup::
