[2024-09-29T08:09:59.404+0000] {local_task_job_runner.py:123} INFO - ::group::Pre task execution logs
[2024-09-29T08:09:59.417+0000] {taskinstance.py:2612} INFO - Dependencies all met for dep_context=non-requeueable deps ti=<TaskInstance: dag_with_python_dependencies_v02.get_scikit_learn scheduled__2024-09-08T00:00:00+00:00 [queued]>
[2024-09-29T08:09:59.432+0000] {taskinstance.py:2612} INFO - Dependencies all met for dep_context=requeueable deps ti=<TaskInstance: dag_with_python_dependencies_v02.get_scikit_learn scheduled__2024-09-08T00:00:00+00:00 [queued]>
[2024-09-29T08:09:59.434+0000] {taskinstance.py:2865} INFO - Starting attempt 1 of 6
[2024-09-29T08:09:59.790+0000] {taskinstance.py:2888} INFO - Executing <Task(PythonOperator): get_scikit_learn> on 2024-09-08 00:00:00+00:00
[2024-09-29T08:09:59.836+0000] {logging_mixin.py:190} WARNING - /home/***/.local/lib/python3.12/site-packages/***/task/task_runner/standard_task_runner.py:70 DeprecationWarning: This process (pid=3651) is multi-threaded, use of fork() may lead to deadlocks in the child.
[2024-09-29T08:09:59.841+0000] {standard_task_runner.py:72} INFO - Started process 3678 to run task
[2024-09-29T08:09:59.850+0000] {standard_task_runner.py:104} INFO - Running: ['***', 'tasks', 'run', 'dag_with_python_dependencies_v02', 'get_scikit_learn', 'scheduled__2024-09-08T00:00:00+00:00', '--job-id', '615', '--raw', '--subdir', 'DAGS_FOLDER/dag_with_python_dependencies.py', '--cfg-path', '/tmp/tmp_xlhw799']
[2024-09-29T08:09:59.866+0000] {standard_task_runner.py:105} INFO - Job 615: Subtask get_scikit_learn
[2024-09-29T08:09:59.927+0000] {logging_mixin.py:190} WARNING - /home/***/.local/lib/python3.12/site-packages/***/settings.py:209 DeprecationWarning: The sql_alchemy_conn option in [core] has been moved to the sql_alchemy_conn option in [database] - the old setting has been used, but please update your config.
[2024-09-29T08:10:00.080+0000] {task_command.py:467} INFO - Running <TaskInstance: dag_with_python_dependencies_v02.get_scikit_learn scheduled__2024-09-08T00:00:00+00:00 [running]> on host 6851fee35b72
[2024-09-29T08:10:00.085+0000] {logging_mixin.py:190} WARNING - /home/***/.local/lib/python3.12/site-packages/***/settings.py:470 DeprecationWarning: The sql_alchemy_conn option in [core] has been moved to the sql_alchemy_conn option in [database] - the old setting has been used, but please update your config.
[2024-09-29T08:10:00.323+0000] {taskinstance.py:3131} INFO - Exporting env vars: AIRFLOW_CTX_DAG_OWNER='admin' AIRFLOW_CTX_DAG_ID='dag_with_python_dependencies_v02' AIRFLOW_CTX_TASK_ID='get_scikit_learn' AIRFLOW_CTX_EXECUTION_DATE='2024-09-08T00:00:00+00:00' AIRFLOW_CTX_TRY_NUMBER='1' AIRFLOW_CTX_DAG_RUN_ID='scheduled__2024-09-08T00:00:00+00:00'
[2024-09-29T08:10:00.340+0000] {taskinstance.py:731} INFO - ::endgroup::
[2024-09-29T08:10:13.239+0000] {logging_mixin.py:190} INFO - scikit-learn version:1.5.2
[2024-09-29T08:10:13.255+0000] {python.py:240} INFO - Done. Returned value was: None
[2024-09-29T08:10:13.388+0000] {taskinstance.py:340} INFO - ::group::Post task execution logs
[2024-09-29T08:10:13.390+0000] {taskinstance.py:352} INFO - Marking task as SUCCESS. dag_id=dag_with_python_dependencies_v02, task_id=get_scikit_learn, run_id=scheduled__2024-09-08T00:00:00+00:00, execution_date=20240908T000000, start_date=20240929T080959, end_date=20240929T081013
[2024-09-29T08:10:14.204+0000] {local_task_job_runner.py:266} INFO - Task exited with return code 0
[2024-09-29T08:10:14.559+0000] {taskinstance.py:3900} INFO - 1 downstream tasks scheduled from follow-on schedule check
[2024-09-29T08:10:14.568+0000] {local_task_job_runner.py:245} INFO - ::endgroup::
[2024-09-29T08:12:01.860+0000] {local_task_job_runner.py:123} INFO - ::group::Pre task execution logs
[2024-09-29T08:12:01.887+0000] {taskinstance.py:2612} INFO - Dependencies all met for dep_context=non-requeueable deps ti=<TaskInstance: dag_with_python_dependencies_v02.get_scikit_learn scheduled__2024-09-08T00:00:00+00:00 [queued]>
[2024-09-29T08:12:01.904+0000] {taskinstance.py:2612} INFO - Dependencies all met for dep_context=requeueable deps ti=<TaskInstance: dag_with_python_dependencies_v02.get_scikit_learn scheduled__2024-09-08T00:00:00+00:00 [queued]>
[2024-09-29T08:12:01.905+0000] {taskinstance.py:2865} INFO - Starting attempt 1 of 6
[2024-09-29T08:12:02.086+0000] {taskinstance.py:2888} INFO - Executing <Task(PythonOperator): get_scikit_learn> on 2024-09-08 00:00:00+00:00
[2024-09-29T08:12:02.105+0000] {logging_mixin.py:190} WARNING - /home/***/.local/lib/python3.12/site-packages/***/task/task_runner/standard_task_runner.py:70 DeprecationWarning: This process (pid=4194) is multi-threaded, use of fork() may lead to deadlocks in the child.
[2024-09-29T08:12:02.111+0000] {standard_task_runner.py:72} INFO - Started process 4221 to run task
[2024-09-29T08:12:02.114+0000] {standard_task_runner.py:104} INFO - Running: ['***', 'tasks', 'run', 'dag_with_python_dependencies_v02', 'get_scikit_learn', 'scheduled__2024-09-08T00:00:00+00:00', '--job-id', '647', '--raw', '--subdir', 'DAGS_FOLDER/dag_with_python_dependencies.py', '--cfg-path', '/tmp/tmpm8d7y7qz']
[2024-09-29T08:12:02.128+0000] {standard_task_runner.py:105} INFO - Job 647: Subtask get_scikit_learn
[2024-09-29T08:12:02.172+0000] {logging_mixin.py:190} WARNING - /home/***/.local/lib/python3.12/site-packages/***/settings.py:209 DeprecationWarning: The sql_alchemy_conn option in [core] has been moved to the sql_alchemy_conn option in [database] - the old setting has been used, but please update your config.
[2024-09-29T08:12:02.311+0000] {task_command.py:467} INFO - Running <TaskInstance: dag_with_python_dependencies_v02.get_scikit_learn scheduled__2024-09-08T00:00:00+00:00 [running]> on host 6851fee35b72
[2024-09-29T08:12:02.312+0000] {logging_mixin.py:190} WARNING - /home/***/.local/lib/python3.12/site-packages/***/settings.py:470 DeprecationWarning: The sql_alchemy_conn option in [core] has been moved to the sql_alchemy_conn option in [database] - the old setting has been used, but please update your config.
[2024-09-29T08:12:02.493+0000] {taskinstance.py:3131} INFO - Exporting env vars: AIRFLOW_CTX_DAG_OWNER='admin' AIRFLOW_CTX_DAG_ID='dag_with_python_dependencies_v02' AIRFLOW_CTX_TASK_ID='get_scikit_learn' AIRFLOW_CTX_EXECUTION_DATE='2024-09-08T00:00:00+00:00' AIRFLOW_CTX_TRY_NUMBER='1' AIRFLOW_CTX_DAG_RUN_ID='scheduled__2024-09-08T00:00:00+00:00'
[2024-09-29T08:12:02.495+0000] {taskinstance.py:731} INFO - ::endgroup::
[2024-09-29T08:12:15.049+0000] {logging_mixin.py:190} INFO - scikit-learn version:1.5.2
[2024-09-29T08:12:15.057+0000] {python.py:240} INFO - Done. Returned value was: None
[2024-09-29T08:12:15.196+0000] {taskinstance.py:340} INFO - ::group::Post task execution logs
[2024-09-29T08:12:15.203+0000] {taskinstance.py:352} INFO - Marking task as SUCCESS. dag_id=dag_with_python_dependencies_v02, task_id=get_scikit_learn, run_id=scheduled__2024-09-08T00:00:00+00:00, execution_date=20240908T000000, start_date=20240929T081201, end_date=20240929T081215
[2024-09-29T08:12:15.461+0000] {local_task_job_runner.py:266} INFO - Task exited with return code 0
[2024-09-29T08:12:15.609+0000] {taskinstance.py:3900} INFO - 1 downstream tasks scheduled from follow-on schedule check
[2024-09-29T08:12:15.618+0000] {local_task_job_runner.py:245} INFO - ::endgroup::
