[2024-09-29T02:46:28.141+0000] {local_task_job_runner.py:123} INFO - ::group::Pre task execution logs
[2024-09-29T02:46:28.153+0000] {taskinstance.py:2612} INFO - Dependencies all met for dep_context=non-requeueable deps ti=<TaskInstance: dag_with_cron_expression_v03.task1 scheduled__2024-09-28T00:00:00+00:00 [queued]>
[2024-09-29T02:46:28.159+0000] {taskinstance.py:2612} INFO - Dependencies all met for dep_context=requeueable deps ti=<TaskInstance: dag_with_cron_expression_v03.task1 scheduled__2024-09-28T00:00:00+00:00 [queued]>
[2024-09-29T02:46:28.159+0000] {taskinstance.py:2865} INFO - Starting attempt 1 of 6
[2024-09-29T02:46:28.170+0000] {taskinstance.py:2888} INFO - Executing <Task(BashOperator): task1> on 2024-09-28 00:00:00+00:00
[2024-09-29T02:46:28.176+0000] {logging_mixin.py:190} WARNING - /home/***/.local/lib/python3.12/site-packages/***/task/task_runner/standard_task_runner.py:70 DeprecationWarning: This process (pid=15525) is multi-threaded, use of fork() may lead to deadlocks in the child.
[2024-09-29T02:46:28.176+0000] {standard_task_runner.py:104} INFO - Running: ['***', 'tasks', 'run', 'dag_with_cron_expression_v03', 'task1', 'scheduled__2024-09-28T00:00:00+00:00', '--job-id', '162', '--raw', '--subdir', 'DAGS_FOLDER/dag_with_cron_expression.py', '--cfg-path', '/tmp/tmpwvyeqs_l']
[2024-09-29T02:46:28.180+0000] {standard_task_runner.py:72} INFO - Started process 15527 to run task
[2024-09-29T02:46:28.180+0000] {standard_task_runner.py:105} INFO - Job 162: Subtask task1
[2024-09-29T02:46:28.210+0000] {task_command.py:467} INFO - Running <TaskInstance: dag_with_cron_expression_v03.task1 scheduled__2024-09-28T00:00:00+00:00 [running]> on host f9a59cccd6d1
[2024-09-29T02:46:28.252+0000] {taskinstance.py:3131} INFO - Exporting env vars: AIRFLOW_CTX_DAG_OWNER='admin' AIRFLOW_CTX_DAG_ID='dag_with_cron_expression_v03' AIRFLOW_CTX_TASK_ID='task1' AIRFLOW_CTX_EXECUTION_DATE='2024-09-28T00:00:00+00:00' AIRFLOW_CTX_TRY_NUMBER='1' AIRFLOW_CTX_DAG_RUN_ID='scheduled__2024-09-28T00:00:00+00:00'
[2024-09-29T02:46:28.252+0000] {taskinstance.py:731} INFO - ::endgroup::
[2024-09-29T02:46:28.263+0000] {subprocess.py:63} INFO - Tmp dir root location: /tmp
[2024-09-29T02:46:28.264+0000] {subprocess.py:75} INFO - Running command: ['/usr/bin/bash', '-c', 'echo dag with cron expression']
[2024-09-29T02:46:28.268+0000] {subprocess.py:86} INFO - Output:
[2024-09-29T02:46:28.270+0000] {subprocess.py:93} INFO - dag with cron expression
[2024-09-29T02:46:28.271+0000] {subprocess.py:97} INFO - Command exited with return code 0
[2024-09-29T02:46:28.284+0000] {taskinstance.py:340} INFO - ::group::Post task execution logs
[2024-09-29T02:46:28.285+0000] {taskinstance.py:352} INFO - Marking task as SUCCESS. dag_id=dag_with_cron_expression_v03, task_id=task1, run_id=scheduled__2024-09-28T00:00:00+00:00, execution_date=20240928T000000, start_date=20240929T024628, end_date=20240929T024628
[2024-09-29T02:46:28.323+0000] {local_task_job_runner.py:266} INFO - Task exited with return code 0
[2024-09-29T02:46:28.334+0000] {taskinstance.py:3900} INFO - 0 downstream tasks scheduled from follow-on schedule check
[2024-09-29T02:46:28.334+0000] {local_task_job_runner.py:245} INFO - ::endgroup::
