[2024-10-03T05:54:55.786+0000] {local_task_job_runner.py:123} INFO - ::group::Pre task execution logs
[2024-10-03T05:54:55.949+0000] {taskinstance.py:2612} INFO - Dependencies all met for dep_context=non-requeueable deps ti=<TaskInstance: first_dag_with_python_v6.get_age scheduled__2024-09-30T00:00:00+00:00 [queued]>
[2024-10-03T05:54:56.025+0000] {taskinstance.py:2612} INFO - Dependencies all met for dep_context=requeueable deps ti=<TaskInstance: first_dag_with_python_v6.get_age scheduled__2024-09-30T00:00:00+00:00 [queued]>
[2024-10-03T05:54:56.030+0000] {taskinstance.py:2865} INFO - Starting attempt 1 of 6
[2024-10-03T05:54:56.177+0000] {taskinstance.py:2888} INFO - Executing <Task(PythonOperator): get_age> on 2024-09-30 00:00:00+00:00
[2024-10-03T05:54:56.251+0000] {logging_mixin.py:190} WARNING - /home/***/.local/lib/python3.12/site-packages/***/task/task_runner/standard_task_runner.py:70 DeprecationWarning: This process (pid=177) is multi-threaded, use of fork() may lead to deadlocks in the child.
[2024-10-03T05:54:56.253+0000] {standard_task_runner.py:104} INFO - Running: ['***', 'tasks', 'run', 'first_dag_with_python_v6', 'get_age', 'scheduled__2024-09-30T00:00:00+00:00', '--job-id', '1239', '--raw', '--subdir', 'DAGS_FOLDER/create_dag_with_python_operator.py', '--cfg-path', '/tmp/tmpqel9bc0b']
[2024-10-03T05:54:56.257+0000] {standard_task_runner.py:72} INFO - Started process 213 to run task
[2024-10-03T05:54:56.278+0000] {standard_task_runner.py:105} INFO - Job 1239: Subtask get_age
[2024-10-03T05:54:56.392+0000] {logging_mixin.py:190} WARNING - /home/***/.local/lib/python3.12/site-packages/***/settings.py:209 DeprecationWarning: The sql_alchemy_conn option in [core] has been moved to the sql_alchemy_conn option in [database] - the old setting has been used, but please update your config.
[2024-10-03T05:54:57.026+0000] {task_command.py:467} INFO - Running <TaskInstance: first_dag_with_python_v6.get_age scheduled__2024-09-30T00:00:00+00:00 [running]> on host 6851fee35b72
[2024-10-03T05:54:57.332+0000] {logging_mixin.py:190} WARNING - /home/***/.local/lib/python3.12/site-packages/***/settings.py:470 DeprecationWarning: The sql_alchemy_conn option in [core] has been moved to the sql_alchemy_conn option in [database] - the old setting has been used, but please update your config.
[2024-10-03T05:54:59.442+0000] {taskinstance.py:3131} INFO - Exporting env vars: AIRFLOW_CTX_DAG_OWNER='admin' AIRFLOW_CTX_DAG_ID='first_dag_with_python_v6' AIRFLOW_CTX_TASK_ID='get_age' AIRFLOW_CTX_EXECUTION_DATE='2024-09-30T00:00:00+00:00' AIRFLOW_CTX_TRY_NUMBER='1' AIRFLOW_CTX_DAG_RUN_ID='scheduled__2024-09-30T00:00:00+00:00'
[2024-10-03T05:54:59.500+0000] {taskinstance.py:731} INFO - ::endgroup::
[2024-10-03T05:55:00.513+0000] {python.py:240} INFO - Done. Returned value was: None
[2024-10-03T05:55:01.644+0000] {taskinstance.py:340} INFO - ::group::Post task execution logs
[2024-10-03T05:55:01.773+0000] {taskinstance.py:352} INFO - Marking task as SUCCESS. dag_id=first_dag_with_python_v6, task_id=get_age, run_id=scheduled__2024-09-30T00:00:00+00:00, execution_date=20240930T000000, start_date=20241003T055455, end_date=20241003T055501
[2024-10-03T05:55:02.198+0000] {local_task_job_runner.py:266} INFO - Task exited with return code 0
[2024-10-03T05:55:02.545+0000] {taskinstance.py:3900} INFO - 1 downstream tasks scheduled from follow-on schedule check
[2024-10-03T05:55:02.576+0000] {local_task_job_runner.py:245} INFO - ::endgroup::
