[2024-09-29T03:21:36.269+0000] {local_task_job_runner.py:123} INFO - ::group::Pre task execution logs
[2024-09-29T03:21:36.321+0000] {taskinstance.py:2612} INFO - Dependencies all met for dep_context=non-requeueable deps ti=<TaskInstance: dag_with_postgres_operator_v04.create_postgres_table scheduled__2024-09-03T00:00:00+00:00 [queued]>
[2024-09-29T03:21:36.343+0000] {taskinstance.py:2612} INFO - Dependencies all met for dep_context=requeueable deps ti=<TaskInstance: dag_with_postgres_operator_v04.create_postgres_table scheduled__2024-09-03T00:00:00+00:00 [queued]>
[2024-09-29T03:21:36.345+0000] {taskinstance.py:2865} INFO - Starting attempt 1 of 6
[2024-09-29T03:21:36.401+0000] {taskinstance.py:2888} INFO - Executing <Task(PostgresOperator): create_postgres_table> on 2024-09-03 00:00:00+00:00
[2024-09-29T03:21:36.417+0000] {logging_mixin.py:190} WARNING - /home/***/.local/lib/python3.12/site-packages/***/task/task_runner/standard_task_runner.py:70 DeprecationWarning: This process (pid=18531) is multi-threaded, use of fork() may lead to deadlocks in the child.
[2024-09-29T03:21:36.421+0000] {standard_task_runner.py:72} INFO - Started process 18538 to run task
[2024-09-29T03:21:36.421+0000] {standard_task_runner.py:104} INFO - Running: ['***', 'tasks', 'run', 'dag_with_postgres_operator_v04', 'create_postgres_table', 'scheduled__2024-09-03T00:00:00+00:00', '--job-id', '332', '--raw', '--subdir', 'DAGS_FOLDER/dag_with_postgres_operator.py', '--cfg-path', '/tmp/tmpzb6q1q26']
[2024-09-29T03:21:36.426+0000] {standard_task_runner.py:105} INFO - Job 332: Subtask create_postgres_table
[2024-09-29T03:21:36.597+0000] {task_command.py:467} INFO - Running <TaskInstance: dag_with_postgres_operator_v04.create_postgres_table scheduled__2024-09-03T00:00:00+00:00 [running]> on host f9a59cccd6d1
[2024-09-29T03:21:36.837+0000] {taskinstance.py:3131} INFO - Exporting env vars: AIRFLOW_CTX_DAG_OWNER='admin' AIRFLOW_CTX_DAG_ID='dag_with_postgres_operator_v04' AIRFLOW_CTX_TASK_ID='create_postgres_table' AIRFLOW_CTX_EXECUTION_DATE='2024-09-03T00:00:00+00:00' AIRFLOW_CTX_TRY_NUMBER='1' AIRFLOW_CTX_DAG_RUN_ID='scheduled__2024-09-03T00:00:00+00:00'
[2024-09-29T03:21:36.842+0000] {taskinstance.py:731} INFO - ::endgroup::
[2024-09-29T03:21:36.870+0000] {sql.py:266} INFO - Executing: 
            create table if not exists dag_runs (
                ds date,
                dag_id character varying,
                primary key (ds,dag_id)
                )
            
[2024-09-29T03:21:36.887+0000] {base.py:84} INFO - Retrieving connection 'postgres_localhost'
[2024-09-29T03:21:36.915+0000] {base.py:84} INFO - Retrieving connection 'postgres_localhost'
[2024-09-29T03:21:36.930+0000] {sql.py:509} INFO - Running statement: 
            create table if not exists dag_runs (
                ds date,
                dag_id character varying,
                primary key (ds,dag_id)
                )
            , parameters: None
[2024-09-29T03:21:36.954+0000] {taskinstance.py:340} INFO - ::group::Post task execution logs
[2024-09-29T03:21:36.957+0000] {taskinstance.py:352} INFO - Marking task as SUCCESS. dag_id=dag_with_postgres_operator_v04, task_id=create_postgres_table, run_id=scheduled__2024-09-03T00:00:00+00:00, execution_date=20240903T000000, start_date=20240929T032136, end_date=20240929T032136
[2024-09-29T03:21:37.032+0000] {local_task_job_runner.py:266} INFO - Task exited with return code 0
[2024-09-29T03:21:37.096+0000] {logging_mixin.py:190} WARNING - /home/***/.local/lib/python3.12/site-packages/***/models/baseoperator.py:1378 AirflowProviderDeprecationWarning: Call to deprecated class PostgresOperator. (Please use `***.providers.common.sql.operators.sql.SQLExecuteQueryOperator`.Also, you can provide `hook_params={'schema': <database>}`.)
[2024-09-29T03:21:37.141+0000] {taskinstance.py:3900} INFO - 1 downstream tasks scheduled from follow-on schedule check
[2024-09-29T03:21:37.146+0000] {local_task_job_runner.py:245} INFO - ::endgroup::
[2024-09-29T03:24:10.328+0000] {local_task_job_runner.py:123} INFO - ::group::Pre task execution logs
[2024-09-29T03:24:10.342+0000] {taskinstance.py:2612} INFO - Dependencies all met for dep_context=non-requeueable deps ti=<TaskInstance: dag_with_postgres_operator_v04.create_postgres_table scheduled__2024-09-03T00:00:00+00:00 [queued]>
[2024-09-29T03:24:10.355+0000] {taskinstance.py:2612} INFO - Dependencies all met for dep_context=requeueable deps ti=<TaskInstance: dag_with_postgres_operator_v04.create_postgres_table scheduled__2024-09-03T00:00:00+00:00 [queued]>
[2024-09-29T03:24:10.356+0000] {taskinstance.py:2865} INFO - Starting attempt 1 of 6
[2024-09-29T03:24:10.379+0000] {taskinstance.py:2888} INFO - Executing <Task(PostgresOperator): create_postgres_table> on 2024-09-03 00:00:00+00:00
[2024-09-29T03:24:10.393+0000] {standard_task_runner.py:104} INFO - Running: ['***', 'tasks', 'run', 'dag_with_postgres_operator_v04', 'create_postgres_table', 'scheduled__2024-09-03T00:00:00+00:00', '--job-id', '380', '--raw', '--subdir', 'DAGS_FOLDER/dag_with_postgres_operator.py', '--cfg-path', '/tmp/tmp195dm8oa']
[2024-09-29T03:24:10.402+0000] {standard_task_runner.py:105} INFO - Job 380: Subtask create_postgres_table
[2024-09-29T03:24:10.390+0000] {logging_mixin.py:190} WARNING - /home/***/.local/lib/python3.12/site-packages/***/task/task_runner/standard_task_runner.py:70 DeprecationWarning: This process (pid=18855) is multi-threaded, use of fork() may lead to deadlocks in the child.
[2024-09-29T03:24:10.406+0000] {standard_task_runner.py:72} INFO - Started process 18860 to run task
[2024-09-29T03:24:10.527+0000] {task_command.py:467} INFO - Running <TaskInstance: dag_with_postgres_operator_v04.create_postgres_table scheduled__2024-09-03T00:00:00+00:00 [running]> on host f9a59cccd6d1
[2024-09-29T03:24:10.729+0000] {taskinstance.py:3131} INFO - Exporting env vars: AIRFLOW_CTX_DAG_OWNER='admin' AIRFLOW_CTX_DAG_ID='dag_with_postgres_operator_v04' AIRFLOW_CTX_TASK_ID='create_postgres_table' AIRFLOW_CTX_EXECUTION_DATE='2024-09-03T00:00:00+00:00' AIRFLOW_CTX_TRY_NUMBER='1' AIRFLOW_CTX_DAG_RUN_ID='scheduled__2024-09-03T00:00:00+00:00'
[2024-09-29T03:24:10.731+0000] {taskinstance.py:731} INFO - ::endgroup::
[2024-09-29T03:24:10.773+0000] {sql.py:266} INFO - Executing: 
            create table if not exists dag_runs (
                ds date,
                dag_id character varying,
                primary key (ds,dag_id)
                )
            
[2024-09-29T03:24:10.790+0000] {base.py:84} INFO - Retrieving connection 'postgres_localhost'
[2024-09-29T03:24:10.815+0000] {base.py:84} INFO - Retrieving connection 'postgres_localhost'
[2024-09-29T03:24:10.840+0000] {sql.py:509} INFO - Running statement: 
            create table if not exists dag_runs (
                ds date,
                dag_id character varying,
                primary key (ds,dag_id)
                )
            , parameters: None
[2024-09-29T03:24:10.859+0000] {taskinstance.py:340} INFO - ::group::Post task execution logs
[2024-09-29T03:24:10.861+0000] {taskinstance.py:352} INFO - Marking task as SUCCESS. dag_id=dag_with_postgres_operator_v04, task_id=create_postgres_table, run_id=scheduled__2024-09-03T00:00:00+00:00, execution_date=20240903T000000, start_date=20240929T032410, end_date=20240929T032410
[2024-09-29T03:24:10.973+0000] {local_task_job_runner.py:266} INFO - Task exited with return code 0
[2024-09-29T03:24:11.020+0000] {local_task_job_runner.py:245} INFO - ::endgroup::
[2024-09-29T03:26:50.316+0000] {local_task_job_runner.py:123} INFO - ::group::Pre task execution logs
[2024-09-29T03:26:50.332+0000] {taskinstance.py:2612} INFO - Dependencies all met for dep_context=non-requeueable deps ti=<TaskInstance: dag_with_postgres_operator_v04.create_postgres_table scheduled__2024-09-03T00:00:00+00:00 [queued]>
[2024-09-29T03:26:50.348+0000] {taskinstance.py:2612} INFO - Dependencies all met for dep_context=requeueable deps ti=<TaskInstance: dag_with_postgres_operator_v04.create_postgres_table scheduled__2024-09-03T00:00:00+00:00 [queued]>
[2024-09-29T03:26:50.354+0000] {taskinstance.py:2865} INFO - Starting attempt 1 of 6
[2024-09-29T03:26:50.372+0000] {taskinstance.py:2888} INFO - Executing <Task(PostgresOperator): create_postgres_table> on 2024-09-03 00:00:00+00:00
[2024-09-29T03:26:50.387+0000] {standard_task_runner.py:104} INFO - Running: ['***', 'tasks', 'run', 'dag_with_postgres_operator_v04', 'create_postgres_table', 'scheduled__2024-09-03T00:00:00+00:00', '--job-id', '412', '--raw', '--subdir', 'DAGS_FOLDER/dag_with_postgres_operator.py', '--cfg-path', '/tmp/tmpiil7r_ij']
[2024-09-29T03:26:50.389+0000] {standard_task_runner.py:105} INFO - Job 412: Subtask create_postgres_table
[2024-09-29T03:26:50.386+0000] {logging_mixin.py:190} WARNING - /home/***/.local/lib/python3.12/site-packages/***/task/task_runner/standard_task_runner.py:70 DeprecationWarning: This process (pid=19161) is multi-threaded, use of fork() may lead to deadlocks in the child.
[2024-09-29T03:26:50.391+0000] {standard_task_runner.py:72} INFO - Started process 19167 to run task
[2024-09-29T03:26:50.472+0000] {task_command.py:467} INFO - Running <TaskInstance: dag_with_postgres_operator_v04.create_postgres_table scheduled__2024-09-03T00:00:00+00:00 [running]> on host f9a59cccd6d1
[2024-09-29T03:26:50.630+0000] {taskinstance.py:3131} INFO - Exporting env vars: AIRFLOW_CTX_DAG_OWNER='admin' AIRFLOW_CTX_DAG_ID='dag_with_postgres_operator_v04' AIRFLOW_CTX_TASK_ID='create_postgres_table' AIRFLOW_CTX_EXECUTION_DATE='2024-09-03T00:00:00+00:00' AIRFLOW_CTX_TRY_NUMBER='1' AIRFLOW_CTX_DAG_RUN_ID='scheduled__2024-09-03T00:00:00+00:00'
[2024-09-29T03:26:50.632+0000] {taskinstance.py:731} INFO - ::endgroup::
[2024-09-29T03:26:50.661+0000] {sql.py:266} INFO - Executing: 
            create table if not exists dag_runs (
                ds date,
                dag_id character varying,
                primary key (ds,dag_id)
                )
            
[2024-09-29T03:26:50.705+0000] {base.py:84} INFO - Retrieving connection 'postgres_localhost'
[2024-09-29T03:26:50.724+0000] {base.py:84} INFO - Retrieving connection 'postgres_localhost'
[2024-09-29T03:26:50.744+0000] {sql.py:509} INFO - Running statement: 
            create table if not exists dag_runs (
                ds date,
                dag_id character varying,
                primary key (ds,dag_id)
                )
            , parameters: None
[2024-09-29T03:26:50.776+0000] {taskinstance.py:340} INFO - ::group::Post task execution logs
[2024-09-29T03:26:50.778+0000] {taskinstance.py:352} INFO - Marking task as SUCCESS. dag_id=dag_with_postgres_operator_v04, task_id=create_postgres_table, run_id=scheduled__2024-09-03T00:00:00+00:00, execution_date=20240903T000000, start_date=20240929T032650, end_date=20240929T032650
[2024-09-29T03:26:50.869+0000] {local_task_job_runner.py:266} INFO - Task exited with return code 0
[2024-09-29T03:26:50.891+0000] {local_task_job_runner.py:245} INFO - ::endgroup::
[2024-09-29T03:34:33.097+0000] {local_task_job_runner.py:123} INFO - ::group::Pre task execution logs
[2024-09-29T03:34:33.109+0000] {taskinstance.py:2612} INFO - Dependencies all met for dep_context=non-requeueable deps ti=<TaskInstance: dag_with_postgres_operator_v04.create_postgres_table scheduled__2024-09-03T00:00:00+00:00 [queued]>
[2024-09-29T03:34:33.125+0000] {taskinstance.py:2612} INFO - Dependencies all met for dep_context=requeueable deps ti=<TaskInstance: dag_with_postgres_operator_v04.create_postgres_table scheduled__2024-09-03T00:00:00+00:00 [queued]>
[2024-09-29T03:34:33.129+0000] {taskinstance.py:2865} INFO - Starting attempt 1 of 6
[2024-09-29T03:34:33.150+0000] {taskinstance.py:2888} INFO - Executing <Task(PostgresOperator): create_postgres_table> on 2024-09-03 00:00:00+00:00
[2024-09-29T03:34:33.160+0000] {standard_task_runner.py:104} INFO - Running: ['***', 'tasks', 'run', 'dag_with_postgres_operator_v04', 'create_postgres_table', 'scheduled__2024-09-03T00:00:00+00:00', '--job-id', '444', '--raw', '--subdir', 'DAGS_FOLDER/dag_with_postgres_operator.py', '--cfg-path', '/tmp/tmpr0k5h9l4']
[2024-09-29T03:34:33.164+0000] {standard_task_runner.py:105} INFO - Job 444: Subtask create_postgres_table
[2024-09-29T03:34:33.161+0000] {logging_mixin.py:190} WARNING - /home/***/.local/lib/python3.12/site-packages/***/task/task_runner/standard_task_runner.py:70 DeprecationWarning: This process (pid=19802) is multi-threaded, use of fork() may lead to deadlocks in the child.
[2024-09-29T03:34:33.167+0000] {standard_task_runner.py:72} INFO - Started process 19805 to run task
[2024-09-29T03:34:33.296+0000] {task_command.py:467} INFO - Running <TaskInstance: dag_with_postgres_operator_v04.create_postgres_table scheduled__2024-09-03T00:00:00+00:00 [running]> on host f9a59cccd6d1
[2024-09-29T03:34:33.513+0000] {taskinstance.py:3131} INFO - Exporting env vars: AIRFLOW_CTX_DAG_OWNER='admin' AIRFLOW_CTX_DAG_ID='dag_with_postgres_operator_v04' AIRFLOW_CTX_TASK_ID='create_postgres_table' AIRFLOW_CTX_EXECUTION_DATE='2024-09-03T00:00:00+00:00' AIRFLOW_CTX_TRY_NUMBER='1' AIRFLOW_CTX_DAG_RUN_ID='scheduled__2024-09-03T00:00:00+00:00'
[2024-09-29T03:34:33.521+0000] {taskinstance.py:731} INFO - ::endgroup::
[2024-09-29T03:34:33.549+0000] {sql.py:266} INFO - Executing: 
            create table if not exists dag_runs (
                ds date,
                dag_id character varying,
                primary key (ds,dag_id)
                )
            
[2024-09-29T03:34:33.568+0000] {base.py:84} INFO - Retrieving connection 'postgres_localhost'
[2024-09-29T03:34:33.611+0000] {base.py:84} INFO - Retrieving connection 'postgres_localhost'
[2024-09-29T03:34:33.627+0000] {sql.py:509} INFO - Running statement: 
            create table if not exists dag_runs (
                ds date,
                dag_id character varying,
                primary key (ds,dag_id)
                )
            , parameters: None
[2024-09-29T03:34:33.667+0000] {taskinstance.py:340} INFO - ::group::Post task execution logs
[2024-09-29T03:34:33.672+0000] {taskinstance.py:352} INFO - Marking task as SUCCESS. dag_id=dag_with_postgres_operator_v04, task_id=create_postgres_table, run_id=scheduled__2024-09-03T00:00:00+00:00, execution_date=20240903T000000, start_date=20240929T033433, end_date=20240929T033433
[2024-09-29T03:34:33.770+0000] {local_task_job_runner.py:266} INFO - Task exited with return code 0
[2024-09-29T03:34:33.802+0000] {local_task_job_runner.py:245} INFO - ::endgroup::
[2024-09-29T03:37:42.556+0000] {local_task_job_runner.py:123} INFO - ::group::Pre task execution logs
[2024-09-29T03:37:42.600+0000] {taskinstance.py:2612} INFO - Dependencies all met for dep_context=non-requeueable deps ti=<TaskInstance: dag_with_postgres_operator_v04.create_postgres_table scheduled__2024-09-03T00:00:00+00:00 [queued]>
[2024-09-29T03:37:42.614+0000] {taskinstance.py:2612} INFO - Dependencies all met for dep_context=requeueable deps ti=<TaskInstance: dag_with_postgres_operator_v04.create_postgres_table scheduled__2024-09-03T00:00:00+00:00 [queued]>
[2024-09-29T03:37:42.618+0000] {taskinstance.py:2865} INFO - Starting attempt 1 of 6
[2024-09-29T03:37:42.667+0000] {taskinstance.py:2888} INFO - Executing <Task(PostgresOperator): create_postgres_table> on 2024-09-03 00:00:00+00:00
[2024-09-29T03:37:42.692+0000] {logging_mixin.py:190} WARNING - /home/***/.local/lib/python3.12/site-packages/***/task/task_runner/standard_task_runner.py:70 DeprecationWarning: This process (pid=20114) is multi-threaded, use of fork() may lead to deadlocks in the child.
[2024-09-29T03:37:42.695+0000] {standard_task_runner.py:72} INFO - Started process 20122 to run task
[2024-09-29T03:37:42.689+0000] {standard_task_runner.py:104} INFO - Running: ['***', 'tasks', 'run', 'dag_with_postgres_operator_v04', 'create_postgres_table', 'scheduled__2024-09-03T00:00:00+00:00', '--job-id', '476', '--raw', '--subdir', 'DAGS_FOLDER/dag_with_postgres_operator.py', '--cfg-path', '/tmp/tmpnf8mvpb6']
[2024-09-29T03:37:42.703+0000] {standard_task_runner.py:105} INFO - Job 476: Subtask create_postgres_table
[2024-09-29T03:37:42.830+0000] {task_command.py:467} INFO - Running <TaskInstance: dag_with_postgres_operator_v04.create_postgres_table scheduled__2024-09-03T00:00:00+00:00 [running]> on host f9a59cccd6d1
[2024-09-29T03:37:42.995+0000] {taskinstance.py:3131} INFO - Exporting env vars: AIRFLOW_CTX_DAG_OWNER='admin' AIRFLOW_CTX_DAG_ID='dag_with_postgres_operator_v04' AIRFLOW_CTX_TASK_ID='create_postgres_table' AIRFLOW_CTX_EXECUTION_DATE='2024-09-03T00:00:00+00:00' AIRFLOW_CTX_TRY_NUMBER='1' AIRFLOW_CTX_DAG_RUN_ID='scheduled__2024-09-03T00:00:00+00:00'
[2024-09-29T03:37:42.996+0000] {taskinstance.py:731} INFO - ::endgroup::
[2024-09-29T03:37:43.043+0000] {sql.py:266} INFO - Executing: 
            create table if not exists dag_runs (
                ds date,
                dag_id character varying,
                primary key (ds,dag_id)
                )
            
[2024-09-29T03:37:43.059+0000] {base.py:84} INFO - Retrieving connection 'postgres_localhost'
[2024-09-29T03:37:43.080+0000] {base.py:84} INFO - Retrieving connection 'postgres_localhost'
[2024-09-29T03:37:43.121+0000] {sql.py:509} INFO - Running statement: 
            create table if not exists dag_runs (
                ds date,
                dag_id character varying,
                primary key (ds,dag_id)
                )
            , parameters: None
[2024-09-29T03:37:43.140+0000] {taskinstance.py:340} INFO - ::group::Post task execution logs
[2024-09-29T03:37:43.142+0000] {taskinstance.py:352} INFO - Marking task as SUCCESS. dag_id=dag_with_postgres_operator_v04, task_id=create_postgres_table, run_id=scheduled__2024-09-03T00:00:00+00:00, execution_date=20240903T000000, start_date=20240929T033742, end_date=20240929T033743
[2024-09-29T03:37:43.222+0000] {local_task_job_runner.py:266} INFO - Task exited with return code 0
[2024-09-29T03:37:43.252+0000] {local_task_job_runner.py:245} INFO - ::endgroup::
